[0.033s] Invoking command in '/home/vvoxel/ros2_ws_mgr/build/apriltag_msgs': CMAKE_PREFIX_PATH=${CMAKE_PREFIX_PATH}:/opt/ros/jazzy DEBUGINFOD_URLS=https://debuginfod.ubuntu.com /usr/bin/cmake /home/vvoxel/ros2_ws_mgr/src/apriltag_msgs -DCMAKE_INSTALL_PREFIX=/home/vvoxel/ros2_ws_mgr/install/apriltag_msgs
[0.205s] -- The C compiler identification is GNU 13.3.0
[0.440s] -- The CXX compiler identification is GNU 13.3.0
[0.517s] -- Detecting C compiler ABI info
[1.095s] -- Detecting C compiler ABI info - done
[1.171s] -- Check for working C compiler: /usr/bin/cc - skipped
[1.173s] -- Detecting C compile features
[1.176s] -- Detecting C compile features - done
[1.237s] -- Detecting CXX compiler ABI info
[1.854s] -- Detecting CXX compiler ABI info - done
[1.914s] -- Check for working CXX compiler: /usr/bin/c++ - skipped
[1.914s] -- Detecting CXX compile features
[1.914s] -- Detecting CXX compile features - done
[1.930s] -- Found ament_cmake: 2.5.3 (/opt/ros/jazzy/share/ament_cmake/cmake)
[2.138s] -- Found Python3: /usr/bin/python3 (found version "3.12.3") found components: Interpreter 
[2.378s] -- Found rosidl_default_generators: 1.6.0 (/opt/ros/jazzy/share/rosidl_default_generators/cmake)
[2.406s] -- Using all available rosidl_typesupport_c: rosidl_typesupport_fastrtps_c;rosidl_typesupport_introspection_c
[2.486s] -- Using all available rosidl_typesupport_cpp: rosidl_typesupport_fastrtps_cpp;rosidl_typesupport_introspection_cpp
[2.523s] -- Found rosidl_adapter: 4.6.5 (/opt/ros/jazzy/share/rosidl_adapter/cmake)
[2.531s] -- Found std_msgs: 5.3.5 (/opt/ros/jazzy/share/std_msgs/cmake)
[3.606s] -- Found ament_cmake_ros: 0.12.0 (/opt/ros/jazzy/share/ament_cmake_ros/cmake)
[4.275s] -- Using all available rosidl_typesupport_c: rosidl_typesupport_fastrtps_c;rosidl_typesupport_introspection_c
[5.069s] -- Using all available rosidl_typesupport_cpp: rosidl_typesupport_fastrtps_cpp;rosidl_typesupport_introspection_cpp
[5.076s] -- Found python_cmake_module: 0.11.1 (/opt/ros/jazzy/share/python_cmake_module/cmake)
[5.236s] -- Found PythonExtra: /usr/bin/python3  
[5.786s] -- Found Python3: /usr/bin/python3 (found version "3.12.3") found components: Interpreter Development NumPy Development.Module Development.Embed 
[5.870s] -- Found ament_lint_auto: 0.17.1 (/opt/ros/jazzy/share/ament_lint_auto/cmake)
[5.926s] -- Added test 'lint_cmake' to check CMake code style
[5.932s] -- Added test 'xmllint' to check XML markup files
[5.938s] -- Configuring done (5.9s)
[5.984s] -- Generating done (0.0s)
[5.998s] -- Build files have been written to: /home/vvoxel/ros2_ws_mgr/build/apriltag_msgs
[6.010s] Invoked command in '/home/vvoxel/ros2_ws_mgr/build/apriltag_msgs' returned '0': CMAKE_PREFIX_PATH=${CMAKE_PREFIX_PATH}:/opt/ros/jazzy DEBUGINFOD_URLS=https://debuginfod.ubuntu.com /usr/bin/cmake /home/vvoxel/ros2_ws_mgr/src/apriltag_msgs -DCMAKE_INSTALL_PREFIX=/home/vvoxel/ros2_ws_mgr/install/apriltag_msgs
[6.010s] Invoking command in '/home/vvoxel/ros2_ws_mgr/build/apriltag_msgs': CMAKE_PREFIX_PATH=${CMAKE_PREFIX_PATH}:/opt/ros/jazzy DEBUGINFOD_URLS=https://debuginfod.ubuntu.com /usr/bin/cmake --build /home/vvoxel/ros2_ws_mgr/build/apriltag_msgs -- -j8 -l8
[6.066s] [  1%] [34m[1mGenerating type hashes for ROS interfaces[0m
[6.076s] [  1%] Built target ament_cmake_python_copy_apriltag_msgs
[6.456s] running egg_info
[6.460s] creating apriltag_msgs.egg-info
[6.512s] writing apriltag_msgs.egg-info/PKG-INFO
[6.512s] writing dependency_links to apriltag_msgs.egg-info/dependency_links.txt
[6.513s] writing top-level names to apriltag_msgs.egg-info/top_level.txt
[6.513s] writing manifest file 'apriltag_msgs.egg-info/SOURCES.txt'
[6.550s] [  1%] Built target apriltag_msgs__rosidl_generator_type_description
[6.593s] [  3%] [34m[1mGenerating C code for ROS interfaces[0m
[6.629s] [  5%] [34m[1mGenerating C++ code for ROS interfaces[0m
[6.698s] reading manifest file 'apriltag_msgs.egg-info/SOURCES.txt'
[6.699s] writing manifest file 'apriltag_msgs.egg-info/SOURCES.txt'
[6.776s] [  5%] Built target ament_cmake_python_build_apriltag_msgs_egg
[7.819s] [  5%] Built target apriltag_msgs__cpp
[7.913s] [  7%] [32mBuilding C object CMakeFiles/apriltag_msgs__rosidl_generator_c.dir/rosidl_generator_c/apriltag_msgs/msg/detail/point__functions.c.o[0m
[7.920s] [ 11%] [32mBuilding C object CMakeFiles/apriltag_msgs__rosidl_generator_c.dir/rosidl_generator_c/apriltag_msgs/msg/detail/april_tag_detection__description.c.o[0m
[7.921s] [ 11%] [32mBuilding C object CMakeFiles/apriltag_msgs__rosidl_generator_c.dir/rosidl_generator_c/apriltag_msgs/msg/detail/point__description.c.o[0m
[7.921s] [ 12%] [32mBuilding C object CMakeFiles/apriltag_msgs__rosidl_generator_c.dir/rosidl_generator_c/apriltag_msgs/msg/detail/point__type_support.c.o[0m
[7.925s] [ 14%] [32mBuilding C object CMakeFiles/apriltag_msgs__rosidl_generator_c.dir/rosidl_generator_c/apriltag_msgs/msg/detail/april_tag_detection_array__functions.c.o[0m
[7.929s] [ 16%] [32mBuilding C object CMakeFiles/apriltag_msgs__rosidl_generator_c.dir/rosidl_generator_c/apriltag_msgs/msg/detail/april_tag_detection_array__description.c.o[0m
[7.930s] [ 18%] [32mBuilding C object CMakeFiles/apriltag_msgs__rosidl_generator_c.dir/rosidl_generator_c/apriltag_msgs/msg/detail/april_tag_detection__functions.c.o[0m
[7.957s] [ 20%] [32mBuilding C object CMakeFiles/apriltag_msgs__rosidl_generator_c.dir/rosidl_generator_c/apriltag_msgs/msg/detail/april_tag_detection__type_support.c.o[0m
[8.067s] [ 22%] [32mBuilding C object CMakeFiles/apriltag_msgs__rosidl_generator_c.dir/rosidl_generator_c/apriltag_msgs/msg/detail/april_tag_detection_array__type_support.c.o[0m
[8.193s] [ 24%] [32m[1mLinking C shared library libapriltag_msgs__rosidl_generator_c.so[0m
[8.360s] [ 24%] Built target apriltag_msgs__rosidl_generator_c
[8.411s] [ 25%] [34m[1mGenerating C introspection for ROS interfaces[0m
[8.411s] [ 27%] [34m[1mGenerating C type support for eProsima Fast-RTPS[0m
[8.418s] [ 29%] [34m[1mGenerating C++ type support dispatch for ROS interfaces[0m
[8.419s] [ 31%] [34m[1mGenerating C++ introspection for ROS interfaces[0m
[8.421s] [ 33%] [34m[1mGenerating C type support dispatch for ROS interfaces[0m
[8.428s] [ 35%] [34m[1mGenerating C++ type support for eProsima Fast-RTPS[0m
[9.535s] [ 37%] [32mBuilding CXX object CMakeFiles/apriltag_msgs__rosidl_typesupport_c.dir/rosidl_typesupport_c/apriltag_msgs/msg/april_tag_detection__type_support.cpp.o[0m
[9.565s] [ 38%] [32mBuilding CXX object CMakeFiles/apriltag_msgs__rosidl_typesupport_c.dir/rosidl_typesupport_c/apriltag_msgs/msg/point__type_support.cpp.o[0m
[9.566s] [ 40%] [32mBuilding CXX object CMakeFiles/apriltag_msgs__rosidl_typesupport_c.dir/rosidl_typesupport_c/apriltag_msgs/msg/april_tag_detection_array__type_support.cpp.o[0m
[9.859s] [ 42%] [32m[1mLinking CXX shared library libapriltag_msgs__rosidl_typesupport_c.so[0m
[9.865s] [ 44%] [32mBuilding C object CMakeFiles/apriltag_msgs__rosidl_typesupport_introspection_c.dir/rosidl_typesupport_introspection_c/apriltag_msgs/msg/detail/point__type_support.c.o[0m
[9.878s] [ 46%] [32mBuilding C object CMakeFiles/apriltag_msgs__rosidl_typesupport_introspection_c.dir/rosidl_typesupport_introspection_c/apriltag_msgs/msg/detail/april_tag_detection__type_support.c.o[0m
[9.898s] [ 48%] [32mBuilding C object CMakeFiles/apriltag_msgs__rosidl_typesupport_introspection_c.dir/rosidl_typesupport_introspection_c/apriltag_msgs/msg/detail/april_tag_detection_array__type_support.c.o[0m
[9.913s] [ 50%] [32mBuilding CXX object CMakeFiles/apriltag_msgs__rosidl_typesupport_introspection_cpp.dir/rosidl_typesupport_introspection_cpp/apriltag_msgs/msg/detail/point__type_support.cpp.o[0m
[9.927s] [ 51%] [32mBuilding CXX object CMakeFiles/apriltag_msgs__rosidl_typesupport_cpp.dir/rosidl_typesupport_cpp/apriltag_msgs/msg/point__type_support.cpp.o[0m
[10.039s] [ 53%] [32mBuilding CXX object CMakeFiles/apriltag_msgs__rosidl_typesupport_cpp.dir/rosidl_typesupport_cpp/apriltag_msgs/msg/april_tag_detection__type_support.cpp.o[0m
[10.056s] [ 55%] [32mBuilding CXX object CMakeFiles/apriltag_msgs__rosidl_typesupport_cpp.dir/rosidl_typesupport_cpp/apriltag_msgs/msg/april_tag_detection_array__type_support.cpp.o[0m
[10.088s] [ 55%] Built target apriltag_msgs__rosidl_typesupport_c
[10.149s] [ 57%] [32mBuilding CXX object CMakeFiles/apriltag_msgs__rosidl_typesupport_introspection_cpp.dir/rosidl_typesupport_introspection_cpp/apriltag_msgs/msg/detail/april_tag_detection__type_support.cpp.o[0m
[10.194s] [ 59%] [32m[1mLinking C shared library libapriltag_msgs__rosidl_typesupport_introspection_c.so[0m
[10.341s] [ 59%] Built target apriltag_msgs__rosidl_typesupport_introspection_c
[10.397s] [ 61%] [32mBuilding CXX object CMakeFiles/apriltag_msgs__rosidl_typesupport_introspection_cpp.dir/rosidl_typesupport_introspection_cpp/apriltag_msgs/msg/detail/april_tag_detection_array__type_support.cpp.o[0m
[11.011s] [ 62%] [32mBuilding CXX object CMakeFiles/apriltag_msgs__rosidl_typesupport_fastrtps_cpp.dir/rosidl_typesupport_fastrtps_cpp/apriltag_msgs/msg/detail/dds_fastrtps/point__type_support.cpp.o[0m
[11.030s] [ 64%] [32mBuilding CXX object CMakeFiles/apriltag_msgs__rosidl_typesupport_fastrtps_c.dir/rosidl_typesupport_fastrtps_c/apriltag_msgs/msg/detail/point__type_support_c.cpp.o[0m
[11.657s] [ 66%] [32mBuilding CXX object CMakeFiles/apriltag_msgs__rosidl_typesupport_fastrtps_cpp.dir/rosidl_typesupport_fastrtps_cpp/apriltag_msgs/msg/detail/dds_fastrtps/april_tag_detection__type_support.cpp.o[0m
[11.771s] [ 68%] [32mBuilding CXX object CMakeFiles/apriltag_msgs__rosidl_typesupport_fastrtps_c.dir/rosidl_typesupport_fastrtps_c/apriltag_msgs/msg/detail/april_tag_detection__type_support_c.cpp.o[0m
[12.203s] [ 70%] [32mBuilding CXX object CMakeFiles/apriltag_msgs__rosidl_typesupport_fastrtps_cpp.dir/rosidl_typesupport_fastrtps_cpp/apriltag_msgs/msg/detail/dds_fastrtps/april_tag_detection_array__type_support.cpp.o[0m
[12.881s] [ 72%] [32mBuilding CXX object CMakeFiles/apriltag_msgs__rosidl_typesupport_fastrtps_c.dir/rosidl_typesupport_fastrtps_c/apriltag_msgs/msg/detail/april_tag_detection_array__type_support_c.cpp.o[0m
[13.082s] [ 74%] [32m[1mLinking CXX shared library libapriltag_msgs__rosidl_typesupport_introspection_cpp.so[0m
[13.430s] [ 75%] [32m[1mLinking CXX shared library libapriltag_msgs__rosidl_typesupport_cpp.so[0m
[13.571s] [ 75%] Built target apriltag_msgs__rosidl_typesupport_introspection_cpp
[13.662s] [ 75%] Built target apriltag_msgs__rosidl_typesupport_cpp
[15.440s] [ 77%] [32m[1mLinking CXX shared library libapriltag_msgs__rosidl_typesupport_fastrtps_cpp.so[0m
[15.788s] [ 77%] Built target apriltag_msgs__rosidl_typesupport_fastrtps_cpp
[16.040s] [ 79%] [32m[1mLinking CXX shared library libapriltag_msgs__rosidl_typesupport_fastrtps_c.so[0m
[16.411s] [ 79%] Built target apriltag_msgs__rosidl_typesupport_fastrtps_c
[16.529s] [ 79%] Built target apriltag_msgs
[16.661s] [ 81%] [34m[1mGenerating Python code for ROS interfaces[0m
[21.038s] [ 81%] Built target apriltag_msgs__py
[21.160s] [ 83%] [32mBuilding C object CMakeFiles/apriltag_msgs__rosidl_generator_py.dir/rosidl_generator_py/apriltag_msgs/msg/_april_tag_detection_s.c.o[0m
[21.164s] [ 85%] [32mBuilding C object CMakeFiles/apriltag_msgs__rosidl_generator_py.dir/rosidl_generator_py/apriltag_msgs/msg/_april_tag_detection_array_s.c.o[0m
[21.203s] [ 87%] [32mBuilding C object CMakeFiles/apriltag_msgs__rosidl_generator_py.dir/rosidl_generator_py/apriltag_msgs/msg/_point_s.c.o[0m
[22.726s] [ 88%] [32m[1mLinking C shared library libapriltag_msgs__rosidl_generator_py.so[0m
[23.060s] [ 88%] Built target apriltag_msgs__rosidl_generator_py
[23.219s] [ 90%] [32mBuilding C object CMakeFiles/apriltag_msgs_s__rosidl_typesupport_fastrtps_c.dir/rosidl_generator_py/apriltag_msgs/_apriltag_msgs_s.ep.rosidl_typesupport_fastrtps_c.c.o[0m
[23.238s] [ 92%] [32mBuilding C object CMakeFiles/apriltag_msgs_s__rosidl_typesupport_introspection_c.dir/rosidl_generator_py/apriltag_msgs/_apriltag_msgs_s.ep.rosidl_typesupport_introspection_c.c.o[0m
[23.292s] [ 94%] [32mBuilding C object CMakeFiles/apriltag_msgs_s__rosidl_typesupport_c.dir/rosidl_generator_py/apriltag_msgs/_apriltag_msgs_s.ep.rosidl_typesupport_c.c.o[0m
[23.763s] [ 96%] [32m[1mLinking C shared module rosidl_generator_py/apriltag_msgs/apriltag_msgs_s__rosidl_typesupport_introspection_c.so[0m
[23.877s] [ 98%] [32m[1mLinking C shared module rosidl_generator_py/apriltag_msgs/apriltag_msgs_s__rosidl_typesupport_fastrtps_c.so[0m
[23.928s] [ 98%] Built target apriltag_msgs_s__rosidl_typesupport_introspection_c
[24.000s] [ 98%] Built target apriltag_msgs_s__rosidl_typesupport_fastrtps_c
[24.281s] [100%] [32m[1mLinking C shared module rosidl_generator_py/apriltag_msgs/apriltag_msgs_s__rosidl_typesupport_c.so[0m
[24.458s] [100%] Built target apriltag_msgs_s__rosidl_typesupport_c
[24.531s] Invoked command in '/home/vvoxel/ros2_ws_mgr/build/apriltag_msgs' returned '0': CMAKE_PREFIX_PATH=${CMAKE_PREFIX_PATH}:/opt/ros/jazzy DEBUGINFOD_URLS=https://debuginfod.ubuntu.com /usr/bin/cmake --build /home/vvoxel/ros2_ws_mgr/build/apriltag_msgs -- -j8 -l8
[24.532s] Invoking command in '/home/vvoxel/ros2_ws_mgr/build/apriltag_msgs': CMAKE_PREFIX_PATH=${CMAKE_PREFIX_PATH}:/opt/ros/jazzy DEBUGINFOD_URLS=https://debuginfod.ubuntu.com /usr/bin/cmake --install /home/vvoxel/ros2_ws_mgr/build/apriltag_msgs
[24.584s] -- Install configuration: ""
[24.589s] -- Installing: /home/vvoxel/ros2_ws_mgr/install/apriltag_msgs/share/ament_index/resource_index/rosidl_interfaces/apriltag_msgs
[24.589s] -- Installing: /home/vvoxel/ros2_ws_mgr/install/apriltag_msgs/share/apriltag_msgs/msg/Point.json
[24.591s] -- Installing: /home/vvoxel/ros2_ws_mgr/install/apriltag_msgs/share/apriltag_msgs/msg/AprilTagDetection.json
[24.592s] -- Installing: /home/vvoxel/ros2_ws_mgr/install/apriltag_msgs/share/apriltag_msgs/msg/AprilTagDetectionArray.json
[24.592s] -- Installing: /home/vvoxel/ros2_ws_mgr/install/apriltag_msgs/include/apriltag_msgs/apriltag_msgs
[24.592s] -- Installing: /home/vvoxel/ros2_ws_mgr/install/apriltag_msgs/include/apriltag_msgs/apriltag_msgs/msg
[24.592s] -- Installing: /home/vvoxel/ros2_ws_mgr/install/apriltag_msgs/include/apriltag_msgs/apriltag_msgs/msg/april_tag_detection_array.h
[24.594s] -- Installing: /home/vvoxel/ros2_ws_mgr/install/apriltag_msgs/include/apriltag_msgs/apriltag_msgs/msg/rosidl_generator_c__visibility_control.h
[24.599s] -- Installing: /home/vvoxel/ros2_ws_mgr/install/apriltag_msgs/include/apriltag_msgs/apriltag_msgs/msg/detail
[24.603s] -- Installing: /home/vvoxel/ros2_ws_mgr/install/apriltag_msgs/include/apriltag_msgs/apriltag_msgs/msg/detail/april_tag_detection__description.c
[24.603s] -- Installing: /home/vvoxel/ros2_ws_mgr/install/apriltag_msgs/include/apriltag_msgs/apriltag_msgs/msg/detail/april_tag_detection__struct.h
[24.603s] -- Installing: /home/vvoxel/ros2_ws_mgr/install/apriltag_msgs/include/apriltag_msgs/apriltag_msgs/msg/detail/april_tag_detection_array__description.c
[24.604s] -- Installing: /home/vvoxel/ros2_ws_mgr/install/apriltag_msgs/include/apriltag_msgs/apriltag_msgs/msg/detail/april_tag_detection_array__type_support.h
[24.604s] -- Installing: /home/vvoxel/ros2_ws_mgr/install/apriltag_msgs/include/apriltag_msgs/apriltag_msgs/msg/detail/april_tag_detection_array__struct.h
[24.604s] -- Installing: /home/vvoxel/ros2_ws_mgr/install/apriltag_msgs/include/apriltag_msgs/apriltag_msgs/msg/detail/point__functions.c
[24.604s] -- Installing: /home/vvoxel/ros2_ws_mgr/install/apriltag_msgs/include/apriltag_msgs/apriltag_msgs/msg/detail/point__type_support.h
[24.605s] -- Installing: /home/vvoxel/ros2_ws_mgr/install/apriltag_msgs/include/apriltag_msgs/apriltag_msgs/msg/detail/april_tag_detection_array__functions.c
[24.606s] -- Installing: /home/vvoxel/ros2_ws_mgr/install/apriltag_msgs/include/apriltag_msgs/apriltag_msgs/msg/detail/point__type_support.c
[24.607s] -- Installing: /home/vvoxel/ros2_ws_mgr/install/apriltag_msgs/include/apriltag_msgs/apriltag_msgs/msg/detail/point__description.c
[24.607s] -- Installing: /home/vvoxel/ros2_ws_mgr/install/apriltag_msgs/include/apriltag_msgs/apriltag_msgs/msg/detail/april_tag_detection__functions.h
[24.614s] -- Installing: /home/vvoxel/ros2_ws_mgr/install/apriltag_msgs/include/apriltag_msgs/apriltag_msgs/msg/detail/april_tag_detection__type_support.h
[24.615s] -- Installing: /home/vvoxel/ros2_ws_mgr/install/apriltag_msgs/include/apriltag_msgs/apriltag_msgs/msg/detail/point__struct.h
[24.615s] -- Installing: /home/vvoxel/ros2_ws_mgr/install/apriltag_msgs/include/apriltag_msgs/apriltag_msgs/msg/detail/april_tag_detection__functions.c
[24.616s] -- Installing: /home/vvoxel/ros2_ws_mgr/install/apriltag_msgs/include/apriltag_msgs/apriltag_msgs/msg/detail/april_tag_detection_array__functions.h
[24.620s] -- Installing: /home/vvoxel/ros2_ws_mgr/install/apriltag_msgs/include/apriltag_msgs/apriltag_msgs/msg/detail/april_tag_detection__type_support.c
[24.621s] -- Installing: /home/vvoxel/ros2_ws_mgr/install/apriltag_msgs/include/apriltag_msgs/apriltag_msgs/msg/detail/point__functions.h
[24.621s] -- Installing: /home/vvoxel/ros2_ws_mgr/install/apriltag_msgs/include/apriltag_msgs/apriltag_msgs/msg/detail/april_tag_detection_array__type_support.c
[24.621s] -- Installing: /home/vvoxel/ros2_ws_mgr/install/apriltag_msgs/include/apriltag_msgs/apriltag_msgs/msg/point.h
[24.622s] -- Installing: /home/vvoxel/ros2_ws_mgr/install/apriltag_msgs/include/apriltag_msgs/apriltag_msgs/msg/april_tag_detection.h
[24.622s] -- Installing: /home/vvoxel/ros2_ws_mgr/install/apriltag_msgs/share/apriltag_msgs/environment/library_path.sh
[24.625s] -- Installing: /home/vvoxel/ros2_ws_mgr/install/apriltag_msgs/share/apriltag_msgs/environment/library_path.dsv
[24.626s] -- Installing: /home/vvoxel/ros2_ws_mgr/install/apriltag_msgs/lib/libapriltag_msgs__rosidl_generator_c.so
[24.626s] -- Set non-toolchain portion of runtime path of "/home/vvoxel/ros2_ws_mgr/install/apriltag_msgs/lib/libapriltag_msgs__rosidl_generator_c.so" to ""
[24.626s] -- Up-to-date: /home/vvoxel/ros2_ws_mgr/install/apriltag_msgs/include/apriltag_msgs/apriltag_msgs
[24.626s] -- Up-to-date: /home/vvoxel/ros2_ws_mgr/install/apriltag_msgs/include/apriltag_msgs/apriltag_msgs/msg
[24.627s] -- Installing: /home/vvoxel/ros2_ws_mgr/install/apriltag_msgs/include/apriltag_msgs/apriltag_msgs/msg/rosidl_typesupport_fastrtps_c__visibility_control.h
[24.632s] -- Up-to-date: /home/vvoxel/ros2_ws_mgr/install/apriltag_msgs/include/apriltag_msgs/apriltag_msgs/msg/detail
[24.632s] -- Installing: /home/vvoxel/ros2_ws_mgr/install/apriltag_msgs/include/apriltag_msgs/apriltag_msgs/msg/detail/april_tag_detection__rosidl_typesupport_fastrtps_c.h
[24.633s] -- Installing: /home/vvoxel/ros2_ws_mgr/install/apriltag_msgs/include/apriltag_msgs/apriltag_msgs/msg/detail/point__rosidl_typesupport_fastrtps_c.h
[24.635s] -- Installing: /home/vvoxel/ros2_ws_mgr/install/apriltag_msgs/include/apriltag_msgs/apriltag_msgs/msg/detail/april_tag_detection_array__rosidl_typesupport_fastrtps_c.h
[24.636s] -- Installing: /home/vvoxel/ros2_ws_mgr/install/apriltag_msgs/lib/libapriltag_msgs__rosidl_typesupport_fastrtps_c.so
[24.636s] -- Set non-toolchain portion of runtime path of "/home/vvoxel/ros2_ws_mgr/install/apriltag_msgs/lib/libapriltag_msgs__rosidl_typesupport_fastrtps_c.so" to ""
[24.638s] -- Up-to-date: /home/vvoxel/ros2_ws_mgr/install/apriltag_msgs/include/apriltag_msgs/apriltag_msgs
[24.638s] -- Up-to-date: /home/vvoxel/ros2_ws_mgr/install/apriltag_msgs/include/apriltag_msgs/apriltag_msgs/msg
[24.638s] -- Installing: /home/vvoxel/ros2_ws_mgr/install/apriltag_msgs/include/apriltag_msgs/apriltag_msgs/msg/rosidl_typesupport_introspection_c__visibility_control.h
[24.640s] -- Up-to-date: /home/vvoxel/ros2_ws_mgr/install/apriltag_msgs/include/apriltag_msgs/apriltag_msgs/msg/detail
[24.640s] -- Installing: /home/vvoxel/ros2_ws_mgr/install/apriltag_msgs/include/apriltag_msgs/apriltag_msgs/msg/detail/april_tag_detection__rosidl_typesupport_introspection_c.h
[24.640s] -- Installing: /home/vvoxel/ros2_ws_mgr/install/apriltag_msgs/include/apriltag_msgs/apriltag_msgs/msg/detail/point__type_support.c
[24.648s] -- Installing: /home/vvoxel/ros2_ws_mgr/install/apriltag_msgs/include/apriltag_msgs/apriltag_msgs/msg/detail/april_tag_detection__type_support.c
[24.648s] -- Installing: /home/vvoxel/ros2_ws_mgr/install/apriltag_msgs/include/apriltag_msgs/apriltag_msgs/msg/detail/april_tag_detection_array__rosidl_typesupport_introspection_c.h
[24.649s] -- Installing: /home/vvoxel/ros2_ws_mgr/install/apriltag_msgs/include/apriltag_msgs/apriltag_msgs/msg/detail/point__rosidl_typesupport_introspection_c.h
[24.649s] -- Installing: /home/vvoxel/ros2_ws_mgr/install/apriltag_msgs/include/apriltag_msgs/apriltag_msgs/msg/detail/april_tag_detection_array__type_support.c
[24.649s] -- Installing: /home/vvoxel/ros2_ws_mgr/install/apriltag_msgs/lib/libapriltag_msgs__rosidl_typesupport_introspection_c.so
[24.649s] -- Set non-toolchain portion of runtime path of "/home/vvoxel/ros2_ws_mgr/install/apriltag_msgs/lib/libapriltag_msgs__rosidl_typesupport_introspection_c.so" to ""
[24.655s] -- Installing: /home/vvoxel/ros2_ws_mgr/install/apriltag_msgs/lib/libapriltag_msgs__rosidl_typesupport_c.so
[24.655s] -- Set non-toolchain portion of runtime path of "/home/vvoxel/ros2_ws_mgr/install/apriltag_msgs/lib/libapriltag_msgs__rosidl_typesupport_c.so" to ""
[24.659s] -- Up-to-date: /home/vvoxel/ros2_ws_mgr/install/apriltag_msgs/include/apriltag_msgs/apriltag_msgs
[24.659s] -- Up-to-date: /home/vvoxel/ros2_ws_mgr/install/apriltag_msgs/include/apriltag_msgs/apriltag_msgs/msg
[24.659s] -- Installing: /home/vvoxel/ros2_ws_mgr/install/apriltag_msgs/include/apriltag_msgs/apriltag_msgs/msg/april_tag_detection.hpp
[24.660s] -- Installing: /home/vvoxel/ros2_ws_mgr/install/apriltag_msgs/include/apriltag_msgs/apriltag_msgs/msg/april_tag_detection_array.hpp
[24.660s] -- Installing: /home/vvoxel/ros2_ws_mgr/install/apriltag_msgs/include/apriltag_msgs/apriltag_msgs/msg/point.hpp
[24.660s] -- Up-to-date: /home/vvoxel/ros2_ws_mgr/install/apriltag_msgs/include/apriltag_msgs/apriltag_msgs/msg/detail
[24.660s] -- Installing: /home/vvoxel/ros2_ws_mgr/install/apriltag_msgs/include/apriltag_msgs/apriltag_msgs/msg/detail/point__traits.hpp
[24.661s] -- Installing: /home/vvoxel/ros2_ws_mgr/install/apriltag_msgs/include/apriltag_msgs/apriltag_msgs/msg/detail/point__builder.hpp
[24.661s] -- Installing: /home/vvoxel/ros2_ws_mgr/install/apriltag_msgs/include/apriltag_msgs/apriltag_msgs/msg/detail/point__type_support.hpp
[24.661s] -- Installing: /home/vvoxel/ros2_ws_mgr/install/apriltag_msgs/include/apriltag_msgs/apriltag_msgs/msg/detail/april_tag_detection_array__struct.hpp
[24.661s] -- Installing: /home/vvoxel/ros2_ws_mgr/install/apriltag_msgs/include/apriltag_msgs/apriltag_msgs/msg/detail/april_tag_detection__type_support.hpp
[24.662s] -- Installing: /home/vvoxel/ros2_ws_mgr/install/apriltag_msgs/include/apriltag_msgs/apriltag_msgs/msg/detail/point__struct.hpp
[24.662s] -- Installing: /home/vvoxel/ros2_ws_mgr/install/apriltag_msgs/include/apriltag_msgs/apriltag_msgs/msg/detail/april_tag_detection__builder.hpp
[24.662s] -- Installing: /home/vvoxel/ros2_ws_mgr/install/apriltag_msgs/include/apriltag_msgs/apriltag_msgs/msg/detail/april_tag_detection__struct.hpp
[24.670s] -- Installing: /home/vvoxel/ros2_ws_mgr/install/apriltag_msgs/include/apriltag_msgs/apriltag_msgs/msg/detail/april_tag_detection_array__builder.hpp
[24.670s] -- Installing: /home/vvoxel/ros2_ws_mgr/install/apriltag_msgs/include/apriltag_msgs/apriltag_msgs/msg/detail/april_tag_detection__traits.hpp
[24.671s] -- Installing: /home/vvoxel/ros2_ws_mgr/install/apriltag_msgs/include/apriltag_msgs/apriltag_msgs/msg/detail/april_tag_detection_array__type_support.hpp
[24.671s] -- Installing: /home/vvoxel/ros2_ws_mgr/install/apriltag_msgs/include/apriltag_msgs/apriltag_msgs/msg/detail/april_tag_detection_array__traits.hpp
[24.671s] -- Installing: /home/vvoxel/ros2_ws_mgr/install/apriltag_msgs/include/apriltag_msgs/apriltag_msgs/msg/rosidl_generator_cpp__visibility_control.hpp
[24.671s] -- Up-to-date: /home/vvoxel/ros2_ws_mgr/install/apriltag_msgs/include/apriltag_msgs/apriltag_msgs
[24.672s] -- Up-to-date: /home/vvoxel/ros2_ws_mgr/install/apriltag_msgs/include/apriltag_msgs/apriltag_msgs/msg
[24.672s] -- Up-to-date: /home/vvoxel/ros2_ws_mgr/install/apriltag_msgs/include/apriltag_msgs/apriltag_msgs/msg/detail
[24.672s] -- Installing: /home/vvoxel/ros2_ws_mgr/install/apriltag_msgs/include/apriltag_msgs/apriltag_msgs/msg/detail/april_tag_detection__rosidl_typesupport_fastrtps_cpp.hpp
[24.672s] -- Installing: /home/vvoxel/ros2_ws_mgr/install/apriltag_msgs/include/apriltag_msgs/apriltag_msgs/msg/detail/april_tag_detection_array__rosidl_typesupport_fastrtps_cpp.hpp
[24.673s] -- Installing: /home/vvoxel/ros2_ws_mgr/install/apriltag_msgs/include/apriltag_msgs/apriltag_msgs/msg/detail/dds_fastrtps
[24.673s] -- Installing: /home/vvoxel/ros2_ws_mgr/install/apriltag_msgs/include/apriltag_msgs/apriltag_msgs/msg/detail/point__rosidl_typesupport_fastrtps_cpp.hpp
[24.673s] -- Installing: /home/vvoxel/ros2_ws_mgr/install/apriltag_msgs/include/apriltag_msgs/apriltag_msgs/msg/rosidl_typesupport_fastrtps_cpp__visibility_control.h
[24.685s] -- Installing: /home/vvoxel/ros2_ws_mgr/install/apriltag_msgs/lib/libapriltag_msgs__rosidl_typesupport_fastrtps_cpp.so
[24.685s] -- Set non-toolchain portion of runtime path of "/home/vvoxel/ros2_ws_mgr/install/apriltag_msgs/lib/libapriltag_msgs__rosidl_typesupport_fastrtps_cpp.so" to ""
[24.685s] -- Up-to-date: /home/vvoxel/ros2_ws_mgr/install/apriltag_msgs/include/apriltag_msgs/apriltag_msgs
[24.685s] -- Up-to-date: /home/vvoxel/ros2_ws_mgr/install/apriltag_msgs/include/apriltag_msgs/apriltag_msgs/msg
[24.690s] -- Up-to-date: /home/vvoxel/ros2_ws_mgr/install/apriltag_msgs/include/apriltag_msgs/apriltag_msgs/msg/detail
[24.690s] -- Installing: /home/vvoxel/ros2_ws_mgr/install/apriltag_msgs/include/apriltag_msgs/apriltag_msgs/msg/detail/april_tag_detection__rosidl_typesupport_introspection_cpp.hpp
[24.690s] -- Installing: /home/vvoxel/ros2_ws_mgr/install/apriltag_msgs/include/apriltag_msgs/apriltag_msgs/msg/detail/point__rosidl_typesupport_introspection_cpp.hpp
[24.691s] -- Installing: /home/vvoxel/ros2_ws_mgr/install/apriltag_msgs/include/apriltag_msgs/apriltag_msgs/msg/detail/april_tag_detection_array__type_support.cpp
[24.691s] -- Installing: /home/vvoxel/ros2_ws_mgr/install/apriltag_msgs/include/apriltag_msgs/apriltag_msgs/msg/detail/april_tag_detection__type_support.cpp
[24.691s] -- Installing: /home/vvoxel/ros2_ws_mgr/install/apriltag_msgs/include/apriltag_msgs/apriltag_msgs/msg/detail/april_tag_detection_array__rosidl_typesupport_introspection_cpp.hpp
[24.699s] -- Installing: /home/vvoxel/ros2_ws_mgr/install/apriltag_msgs/include/apriltag_msgs/apriltag_msgs/msg/detail/point__type_support.cpp
[24.700s] -- Installing: /home/vvoxel/ros2_ws_mgr/install/apriltag_msgs/lib/libapriltag_msgs__rosidl_typesupport_introspection_cpp.so
[24.700s] -- Set non-toolchain portion of runtime path of "/home/vvoxel/ros2_ws_mgr/install/apriltag_msgs/lib/libapriltag_msgs__rosidl_typesupport_introspection_cpp.so" to ""
[24.700s] -- Installing: /home/vvoxel/ros2_ws_mgr/install/apriltag_msgs/lib/libapriltag_msgs__rosidl_typesupport_cpp.so
[24.701s] -- Set non-toolchain portion of runtime path of "/home/vvoxel/ros2_ws_mgr/install/apriltag_msgs/lib/libapriltag_msgs__rosidl_typesupport_cpp.so" to ""
[24.701s] -- Installing: /home/vvoxel/ros2_ws_mgr/install/apriltag_msgs/share/apriltag_msgs/environment/pythonpath.sh
[24.701s] -- Installing: /home/vvoxel/ros2_ws_mgr/install/apriltag_msgs/share/apriltag_msgs/environment/pythonpath.dsv
[24.702s] -- Installing: /home/vvoxel/ros2_ws_mgr/install/apriltag_msgs/lib/python3.12/site-packages/apriltag_msgs-2.0.1-py3.12.egg-info
[24.702s] -- Installing: /home/vvoxel/ros2_ws_mgr/install/apriltag_msgs/lib/python3.12/site-packages/apriltag_msgs-2.0.1-py3.12.egg-info/dependency_links.txt
[24.702s] -- Installing: /home/vvoxel/ros2_ws_mgr/install/apriltag_msgs/lib/python3.12/site-packages/apriltag_msgs-2.0.1-py3.12.egg-info/top_level.txt
[24.702s] -- Installing: /home/vvoxel/ros2_ws_mgr/install/apriltag_msgs/lib/python3.12/site-packages/apriltag_msgs-2.0.1-py3.12.egg-info/SOURCES.txt
[24.703s] -- Installing: /home/vvoxel/ros2_ws_mgr/install/apriltag_msgs/lib/python3.12/site-packages/apriltag_msgs-2.0.1-py3.12.egg-info/PKG-INFO
[24.703s] -- Installing: /home/vvoxel/ros2_ws_mgr/install/apriltag_msgs/lib/python3.12/site-packages/apriltag_msgs
[24.703s] -- Installing: /home/vvoxel/ros2_ws_mgr/install/apriltag_msgs/lib/python3.12/site-packages/apriltag_msgs/_apriltag_msgs_s.ep.rosidl_typesupport_introspection_c.c
[24.707s] -- Installing: /home/vvoxel/ros2_ws_mgr/install/apriltag_msgs/lib/python3.12/site-packages/apriltag_msgs/__init__.py
[24.707s] -- Installing: /home/vvoxel/ros2_ws_mgr/install/apriltag_msgs/lib/python3.12/site-packages/apriltag_msgs/_apriltag_msgs_s.ep.rosidl_typesupport_fastrtps_c.c
[24.708s] -- Installing: /home/vvoxel/ros2_ws_mgr/install/apriltag_msgs/lib/python3.12/site-packages/apriltag_msgs/apriltag_msgs_s__rosidl_typesupport_introspection_c.so
[24.708s] -- Installing: /home/vvoxel/ros2_ws_mgr/install/apriltag_msgs/lib/python3.12/site-packages/apriltag_msgs/_apriltag_msgs_s.ep.rosidl_typesupport_c.c
[24.708s] -- Installing: /home/vvoxel/ros2_ws_mgr/install/apriltag_msgs/lib/python3.12/site-packages/apriltag_msgs/apriltag_msgs_s__rosidl_typesupport_c.so
[24.709s] -- Installing: /home/vvoxel/ros2_ws_mgr/install/apriltag_msgs/lib/python3.12/site-packages/apriltag_msgs/msg
[24.709s] -- Installing: /home/vvoxel/ros2_ws_mgr/install/apriltag_msgs/lib/python3.12/site-packages/apriltag_msgs/msg/_april_tag_detection_array.py
[24.709s] -- Installing: /home/vvoxel/ros2_ws_mgr/install/apriltag_msgs/lib/python3.12/site-packages/apriltag_msgs/msg/_april_tag_detection_array_s.c
[24.709s] -- Installing: /home/vvoxel/ros2_ws_mgr/install/apriltag_msgs/lib/python3.12/site-packages/apriltag_msgs/msg/__init__.py
[24.710s] -- Installing: /home/vvoxel/ros2_ws_mgr/install/apriltag_msgs/lib/python3.12/site-packages/apriltag_msgs/msg/_point_s.c
[24.710s] -- Installing: /home/vvoxel/ros2_ws_mgr/install/apriltag_msgs/lib/python3.12/site-packages/apriltag_msgs/msg/_april_tag_detection_s.c
[24.710s] -- Installing: /home/vvoxel/ros2_ws_mgr/install/apriltag_msgs/lib/python3.12/site-packages/apriltag_msgs/msg/_april_tag_detection.py
[24.713s] -- Installing: /home/vvoxel/ros2_ws_mgr/install/apriltag_msgs/lib/python3.12/site-packages/apriltag_msgs/msg/_point.py
[24.714s] -- Installing: /home/vvoxel/ros2_ws_mgr/install/apriltag_msgs/lib/python3.12/site-packages/apriltag_msgs/apriltag_msgs_s__rosidl_typesupport_fastrtps_c.so
[25.013s] Listing '/home/vvoxel/ros2_ws_mgr/install/apriltag_msgs/lib/python3.12/site-packages/apriltag_msgs'...
[25.014s] Compiling '/home/vvoxel/ros2_ws_mgr/install/apriltag_msgs/lib/python3.12/site-packages/apriltag_msgs/__init__.py'...
[25.014s] Listing '/home/vvoxel/ros2_ws_mgr/install/apriltag_msgs/lib/python3.12/site-packages/apriltag_msgs/msg'...
[25.015s] Compiling '/home/vvoxel/ros2_ws_mgr/install/apriltag_msgs/lib/python3.12/site-packages/apriltag_msgs/msg/__init__.py'...
[25.015s] Compiling '/home/vvoxel/ros2_ws_mgr/install/apriltag_msgs/lib/python3.12/site-packages/apriltag_msgs/msg/_april_tag_detection.py'...
[25.015s] Compiling '/home/vvoxel/ros2_ws_mgr/install/apriltag_msgs/lib/python3.12/site-packages/apriltag_msgs/msg/_april_tag_detection_array.py'...
[25.016s] Compiling '/home/vvoxel/ros2_ws_mgr/install/apriltag_msgs/lib/python3.12/site-packages/apriltag_msgs/msg/_point.py'...
[25.037s] -- Installing: /home/vvoxel/ros2_ws_mgr/install/apriltag_msgs/lib/python3.12/site-packages/apriltag_msgs/apriltag_msgs_s__rosidl_typesupport_fastrtps_c.so
[25.038s] -- Set non-toolchain portion of runtime path of "/home/vvoxel/ros2_ws_mgr/install/apriltag_msgs/lib/python3.12/site-packages/apriltag_msgs/apriltag_msgs_s__rosidl_typesupport_fastrtps_c.so" to ""
[25.040s] -- Installing: /home/vvoxel/ros2_ws_mgr/install/apriltag_msgs/lib/python3.12/site-packages/apriltag_msgs/apriltag_msgs_s__rosidl_typesupport_introspection_c.so
[25.041s] -- Set non-toolchain portion of runtime path of "/home/vvoxel/ros2_ws_mgr/install/apriltag_msgs/lib/python3.12/site-packages/apriltag_msgs/apriltag_msgs_s__rosidl_typesupport_introspection_c.so" to ""
[25.041s] -- Installing: /home/vvoxel/ros2_ws_mgr/install/apriltag_msgs/lib/python3.12/site-packages/apriltag_msgs/apriltag_msgs_s__rosidl_typesupport_c.so
[25.043s] -- Set non-toolchain portion of runtime path of "/home/vvoxel/ros2_ws_mgr/install/apriltag_msgs/lib/python3.12/site-packages/apriltag_msgs/apriltag_msgs_s__rosidl_typesupport_c.so" to ""
[25.045s] -- Installing: /home/vvoxel/ros2_ws_mgr/install/apriltag_msgs/lib/libapriltag_msgs__rosidl_generator_py.so
[25.045s] -- Set non-toolchain portion of runtime path of "/home/vvoxel/ros2_ws_mgr/install/apriltag_msgs/lib/libapriltag_msgs__rosidl_generator_py.so" to ""
[25.046s] -- Installing: /home/vvoxel/ros2_ws_mgr/install/apriltag_msgs/share/apriltag_msgs/msg/Point.idl
[25.047s] -- Installing: /home/vvoxel/ros2_ws_mgr/install/apriltag_msgs/share/apriltag_msgs/msg/AprilTagDetection.idl
[25.048s] -- Installing: /home/vvoxel/ros2_ws_mgr/install/apriltag_msgs/share/apriltag_msgs/msg/AprilTagDetectionArray.idl
[25.049s] -- Installing: /home/vvoxel/ros2_ws_mgr/install/apriltag_msgs/share/apriltag_msgs/msg/Point.msg
[25.049s] -- Installing: /home/vvoxel/ros2_ws_mgr/install/apriltag_msgs/share/apriltag_msgs/msg/AprilTagDetection.msg
[25.051s] -- Installing: /home/vvoxel/ros2_ws_mgr/install/apriltag_msgs/share/apriltag_msgs/msg/AprilTagDetectionArray.msg
[25.051s] -- Installing: /home/vvoxel/ros2_ws_mgr/install/apriltag_msgs/share/ament_index/resource_index/package_run_dependencies/apriltag_msgs
[25.053s] -- Installing: /home/vvoxel/ros2_ws_mgr/install/apriltag_msgs/share/ament_index/resource_index/parent_prefix_path/apriltag_msgs
[25.053s] -- Installing: /home/vvoxel/ros2_ws_mgr/install/apriltag_msgs/share/apriltag_msgs/environment/ament_prefix_path.sh
[25.055s] -- Installing: /home/vvoxel/ros2_ws_mgr/install/apriltag_msgs/share/apriltag_msgs/environment/ament_prefix_path.dsv
[25.056s] -- Installing: /home/vvoxel/ros2_ws_mgr/install/apriltag_msgs/share/apriltag_msgs/environment/path.sh
[25.056s] -- Installing: /home/vvoxel/ros2_ws_mgr/install/apriltag_msgs/share/apriltag_msgs/environment/path.dsv
[25.057s] -- Installing: /home/vvoxel/ros2_ws_mgr/install/apriltag_msgs/share/apriltag_msgs/local_setup.bash
[25.059s] -- Installing: /home/vvoxel/ros2_ws_mgr/install/apriltag_msgs/share/apriltag_msgs/local_setup.sh
[25.059s] -- Installing: /home/vvoxel/ros2_ws_mgr/install/apriltag_msgs/share/apriltag_msgs/local_setup.zsh
[25.060s] -- Installing: /home/vvoxel/ros2_ws_mgr/install/apriltag_msgs/share/apriltag_msgs/local_setup.dsv
[25.061s] -- Installing: /home/vvoxel/ros2_ws_mgr/install/apriltag_msgs/share/apriltag_msgs/package.dsv
[25.062s] -- Installing: /home/vvoxel/ros2_ws_mgr/install/apriltag_msgs/share/ament_index/resource_index/packages/apriltag_msgs
[25.063s] -- Installing: /home/vvoxel/ros2_ws_mgr/install/apriltag_msgs/share/apriltag_msgs/cmake/export_apriltag_msgs__rosidl_generator_cExport.cmake
[25.064s] -- Installing: /home/vvoxel/ros2_ws_mgr/install/apriltag_msgs/share/apriltag_msgs/cmake/export_apriltag_msgs__rosidl_generator_cExport-noconfig.cmake
[25.065s] -- Installing: /home/vvoxel/ros2_ws_mgr/install/apriltag_msgs/share/apriltag_msgs/cmake/export_apriltag_msgs__rosidl_typesupport_fastrtps_cExport.cmake
[25.066s] -- Installing: /home/vvoxel/ros2_ws_mgr/install/apriltag_msgs/share/apriltag_msgs/cmake/export_apriltag_msgs__rosidl_typesupport_fastrtps_cExport-noconfig.cmake
[25.067s] -- Installing: /home/vvoxel/ros2_ws_mgr/install/apriltag_msgs/share/apriltag_msgs/cmake/apriltag_msgs__rosidl_typesupport_introspection_cExport.cmake
[25.068s] -- Installing: /home/vvoxel/ros2_ws_mgr/install/apriltag_msgs/share/apriltag_msgs/cmake/apriltag_msgs__rosidl_typesupport_introspection_cExport-noconfig.cmake
[25.069s] -- Installing: /home/vvoxel/ros2_ws_mgr/install/apriltag_msgs/share/apriltag_msgs/cmake/apriltag_msgs__rosidl_typesupport_cExport.cmake
[25.070s] -- Installing: /home/vvoxel/ros2_ws_mgr/install/apriltag_msgs/share/apriltag_msgs/cmake/apriltag_msgs__rosidl_typesupport_cExport-noconfig.cmake
[25.071s] -- Installing: /home/vvoxel/ros2_ws_mgr/install/apriltag_msgs/share/apriltag_msgs/cmake/export_apriltag_msgs__rosidl_generator_cppExport.cmake
[25.072s] -- Installing: /home/vvoxel/ros2_ws_mgr/install/apriltag_msgs/share/apriltag_msgs/cmake/export_apriltag_msgs__rosidl_typesupport_fastrtps_cppExport.cmake
[25.073s] -- Installing: /home/vvoxel/ros2_ws_mgr/install/apriltag_msgs/share/apriltag_msgs/cmake/export_apriltag_msgs__rosidl_typesupport_fastrtps_cppExport-noconfig.cmake
[25.074s] -- Installing: /home/vvoxel/ros2_ws_mgr/install/apriltag_msgs/share/apriltag_msgs/cmake/apriltag_msgs__rosidl_typesupport_introspection_cppExport.cmake
[25.076s] -- Installing: /home/vvoxel/ros2_ws_mgr/install/apriltag_msgs/share/apriltag_msgs/cmake/apriltag_msgs__rosidl_typesupport_introspection_cppExport-noconfig.cmake
[25.076s] -- Installing: /home/vvoxel/ros2_ws_mgr/install/apriltag_msgs/share/apriltag_msgs/cmake/apriltag_msgs__rosidl_typesupport_cppExport.cmake
[25.077s] -- Installing: /home/vvoxel/ros2_ws_mgr/install/apriltag_msgs/share/apriltag_msgs/cmake/apriltag_msgs__rosidl_typesupport_cppExport-noconfig.cmake
[25.078s] -- Installing: /home/vvoxel/ros2_ws_mgr/install/apriltag_msgs/share/apriltag_msgs/cmake/export_apriltag_msgs__rosidl_generator_pyExport.cmake
[25.079s] -- Installing: /home/vvoxel/ros2_ws_mgr/install/apriltag_msgs/share/apriltag_msgs/cmake/export_apriltag_msgs__rosidl_generator_pyExport-noconfig.cmake
[25.080s] -- Installing: /home/vvoxel/ros2_ws_mgr/install/apriltag_msgs/share/apriltag_msgs/cmake/rosidl_cmake-extras.cmake
[25.081s] -- Installing: /home/vvoxel/ros2_ws_mgr/install/apriltag_msgs/share/apriltag_msgs/cmake/ament_cmake_export_dependencies-extras.cmake
[25.081s] -- Installing: /home/vvoxel/ros2_ws_mgr/install/apriltag_msgs/share/apriltag_msgs/cmake/ament_cmake_export_include_directories-extras.cmake
[25.083s] -- Installing: /home/vvoxel/ros2_ws_mgr/install/apriltag_msgs/share/apriltag_msgs/cmake/ament_cmake_export_libraries-extras.cmake
[25.083s] -- Installing: /home/vvoxel/ros2_ws_mgr/install/apriltag_msgs/share/apriltag_msgs/cmake/ament_cmake_export_targets-extras.cmake
[25.084s] -- Installing: /home/vvoxel/ros2_ws_mgr/install/apriltag_msgs/share/apriltag_msgs/cmake/rosidl_cmake_export_typesupport_targets-extras.cmake
[25.086s] -- Installing: /home/vvoxel/ros2_ws_mgr/install/apriltag_msgs/share/apriltag_msgs/cmake/rosidl_cmake_export_typesupport_libraries-extras.cmake
[25.086s] -- Installing: /home/vvoxel/ros2_ws_mgr/install/apriltag_msgs/share/apriltag_msgs/cmake/apriltag_msgsConfig.cmake
[25.087s] -- Installing: /home/vvoxel/ros2_ws_mgr/install/apriltag_msgs/share/apriltag_msgs/cmake/apriltag_msgsConfig-version.cmake
[25.088s] -- Installing: /home/vvoxel/ros2_ws_mgr/install/apriltag_msgs/share/apriltag_msgs/package.xml
[25.094s] Invoked command in '/home/vvoxel/ros2_ws_mgr/build/apriltag_msgs' returned '0': CMAKE_PREFIX_PATH=${CMAKE_PREFIX_PATH}:/opt/ros/jazzy DEBUGINFOD_URLS=https://debuginfod.ubuntu.com /usr/bin/cmake --install /home/vvoxel/ros2_ws_mgr/build/apriltag_msgs
