[0.131s] Invoking command in '/home/vvoxel/ros2_ws_mgr/src/build/ros_gz_sim': CMAKE_PREFIX_PATH=${CMAKE_PREFIX_PATH}:/opt/ros/jazzy DEBUGINFOD_URLS=https://debuginfod.ubuntu.com /usr/bin/cmake --build /home/vvoxel/ros2_ws_mgr/src/build/ros_gz_sim -- -j8 -l8
[0.523s] [ 10%] Built target remove
[0.534s] [ 20%] Built target gzserver_component
[0.566s] [ 30%] Built target ros_gz_sim
[0.598s] [ 40%] Built target gzserver
[0.610s] [ 50%] Built target gtest_main
[0.635s] [ 50%] Built target ament_cmake_python_copy_ros_gz_sim
[0.640s] [ 50%] Built target ament_cmake_python_copy_ros_gz_sim_setup
[0.720s] [ 60%] Built target create
[0.872s] [ 70%] Built target gtest
[1.066s] [ 80%] Built target test_create
[1.253s] [ 90%] Built target test_stopwatch
[1.318s] [100%] Built target test_remove
[3.032s] running egg_info
[3.226s] writing ros_gz_sim.egg-info/PKG-INFO
[3.226s] writing dependency_links to ros_gz_sim.egg-info/dependency_links.txt
[3.227s] writing entry points to ros_gz_sim.egg-info/entry_points.txt
[3.231s] writing top-level names to ros_gz_sim.egg-info/top_level.txt
[3.674s] reading manifest file 'ros_gz_sim.egg-info/SOURCES.txt'
[3.677s] writing manifest file 'ros_gz_sim.egg-info/SOURCES.txt'
[3.936s] [100%] Built target ament_cmake_python_build_ros_gz_sim_egg
[4.205s] Invoked command in '/home/vvoxel/ros2_ws_mgr/src/build/ros_gz_sim' returned '0': CMAKE_PREFIX_PATH=${CMAKE_PREFIX_PATH}:/opt/ros/jazzy DEBUGINFOD_URLS=https://debuginfod.ubuntu.com /usr/bin/cmake --build /home/vvoxel/ros2_ws_mgr/src/build/ros_gz_sim -- -j8 -l8
[4.218s] Invoking command in '/home/vvoxel/ros2_ws_mgr/src/build/ros_gz_sim': CMAKE_PREFIX_PATH=${CMAKE_PREFIX_PATH}:/opt/ros/jazzy DEBUGINFOD_URLS=https://debuginfod.ubuntu.com /usr/bin/cmake --install /home/vvoxel/ros2_ws_mgr/src/build/ros_gz_sim
[4.328s] -- Install configuration: ""
[4.328s] -- Up-to-date: /home/vvoxel/ros2_ws_mgr/src/install/ros_gz_sim/share/ros_gz_sim/environment/pythonpath.sh
[4.329s] -- Up-to-date: /home/vvoxel/ros2_ws_mgr/src/install/ros_gz_sim/share/ros_gz_sim/environment/pythonpath.dsv
[4.329s] -- Up-to-date: /home/vvoxel/ros2_ws_mgr/src/install/ros_gz_sim/lib/python3.12/site-packages/ros_gz_sim-1.0.11-py3.12.egg-info
[4.329s] -- Installing: /home/vvoxel/ros2_ws_mgr/src/install/ros_gz_sim/lib/python3.12/site-packages/ros_gz_sim-1.0.11-py3.12.egg-info/dependency_links.txt
[4.329s] -- Installing: /home/vvoxel/ros2_ws_mgr/src/install/ros_gz_sim/lib/python3.12/site-packages/ros_gz_sim-1.0.11-py3.12.egg-info/entry_points.txt
[4.330s] -- Installing: /home/vvoxel/ros2_ws_mgr/src/install/ros_gz_sim/lib/python3.12/site-packages/ros_gz_sim-1.0.11-py3.12.egg-info/top_level.txt
[4.330s] -- Installing: /home/vvoxel/ros2_ws_mgr/src/install/ros_gz_sim/lib/python3.12/site-packages/ros_gz_sim-1.0.11-py3.12.egg-info/SOURCES.txt
[4.330s] -- Installing: /home/vvoxel/ros2_ws_mgr/src/install/ros_gz_sim/lib/python3.12/site-packages/ros_gz_sim-1.0.11-py3.12.egg-info/PKG-INFO
[4.331s] -- Up-to-date: /home/vvoxel/ros2_ws_mgr/src/install/ros_gz_sim/lib/python3.12/site-packages/ros_gz_sim
[4.333s] -- Up-to-date: /home/vvoxel/ros2_ws_mgr/src/install/ros_gz_sim/lib/python3.12/site-packages/ros_gz_sim/__init__.py
[4.333s] -- Up-to-date: /home/vvoxel/ros2_ws_mgr/src/install/ros_gz_sim/lib/python3.12/site-packages/ros_gz_sim/actions
[4.334s] -- Up-to-date: /home/vvoxel/ros2_ws_mgr/src/install/ros_gz_sim/lib/python3.12/site-packages/ros_gz_sim/actions/gz_spawn_model.py
[4.334s] -- Up-to-date: /home/vvoxel/ros2_ws_mgr/src/install/ros_gz_sim/lib/python3.12/site-packages/ros_gz_sim/actions/__init__.py
[4.334s] -- Up-to-date: /home/vvoxel/ros2_ws_mgr/src/install/ros_gz_sim/lib/python3.12/site-packages/ros_gz_sim/actions/gzserver.py
[4.541s] Listing '/home/vvoxel/ros2_ws_mgr/src/install/ros_gz_sim/lib/python3.12/site-packages/ros_gz_sim'...
[4.541s] Listing '/home/vvoxel/ros2_ws_mgr/src/install/ros_gz_sim/lib/python3.12/site-packages/ros_gz_sim/actions'...
[4.543s] -- Up-to-date: /home/vvoxel/ros2_ws_mgr/src/install/ros_gz_sim/include/ros_gz_sim
[4.543s] -- Up-to-date: /home/vvoxel/ros2_ws_mgr/src/install/ros_gz_sim/include/ros_gz_sim/Stopwatch.hpp
[4.543s] -- Up-to-date: /home/vvoxel/ros2_ws_mgr/src/install/ros_gz_sim/lib/ros_gz_sim/gzserver
[4.544s] -- Up-to-date: /home/vvoxel/ros2_ws_mgr/src/install/ros_gz_sim/share/ros_gz_sim/launch/gz_sim.launch.py
[4.545s] -- Up-to-date: /home/vvoxel/ros2_ws_mgr/src/install/ros_gz_sim/share/ros_gz_sim/launch/gz_server.launch
[4.545s] -- Up-to-date: /home/vvoxel/ros2_ws_mgr/src/install/ros_gz_sim/share/ros_gz_sim/launch/gz_server.launch.py
[4.546s] -- Up-to-date: /home/vvoxel/ros2_ws_mgr/src/install/ros_gz_sim/share/ros_gz_sim/launch/gz_spawn_model.launch
[4.546s] -- Up-to-date: /home/vvoxel/ros2_ws_mgr/src/install/ros_gz_sim/share/ros_gz_sim/launch/gz_spawn_model.launch.py
[4.546s] -- Up-to-date: /home/vvoxel/ros2_ws_mgr/src/install/ros_gz_sim/share/ros_gz_sim/launch/ros_gz_sim.launch
[4.547s] -- Up-to-date: /home/vvoxel/ros2_ws_mgr/src/install/ros_gz_sim/share/ros_gz_sim/launch/ros_gz_sim.launch.py
[4.547s] -- Up-to-date: /home/vvoxel/ros2_ws_mgr/src/install/ros_gz_sim/share/ros_gz_sim/launch/ros_gz_spawn_model.launch.py
[4.547s] -- Up-to-date: /home/vvoxel/ros2_ws_mgr/src/install/ros_gz_sim/share/ros_gz_sim/launch/gz_remove_model.launch.py
[4.547s] -- Up-to-date: /home/vvoxel/ros2_ws_mgr/src/install/ros_gz_sim/lib/ros_gz_sim/create
[4.547s] -- Up-to-date: /home/vvoxel/ros2_ws_mgr/src/install/ros_gz_sim/lib/ros_gz_sim/remove
[4.548s] -- Up-to-date: /home/vvoxel/ros2_ws_mgr/src/install/ros_gz_sim/lib/ros_gz_sim/gzserver
[4.548s] -- Up-to-date: /home/vvoxel/ros2_ws_mgr/src/install/ros_gz_sim/lib/libgzserver_component.so
[4.548s] -- Up-to-date: /home/vvoxel/ros2_ws_mgr/src/install/ros_gz_sim/lib/libros_gz_sim.so
[4.548s] -- Up-to-date: /home/vvoxel/ros2_ws_mgr/src/install/ros_gz_sim/lib/ros_gz_sim/test_stopwatch
[4.549s] -- Up-to-date: /home/vvoxel/ros2_ws_mgr/src/install/ros_gz_sim/lib/ros_gz_sim/test_create
[4.550s] -- Up-to-date: /home/vvoxel/ros2_ws_mgr/src/install/ros_gz_sim/lib/ros_gz_sim/test_remove
[4.550s] -- Up-to-date: /home/vvoxel/ros2_ws_mgr/src/install/ros_gz_sim/share/ament_index/resource_index/package_run_dependencies/ros_gz_sim
[4.550s] -- Up-to-date: /home/vvoxel/ros2_ws_mgr/src/install/ros_gz_sim/share/ament_index/resource_index/parent_prefix_path/ros_gz_sim
[4.551s] -- Up-to-date: /home/vvoxel/ros2_ws_mgr/src/install/ros_gz_sim/share/ros_gz_sim/environment/ament_prefix_path.sh
[4.552s] -- Up-to-date: /home/vvoxel/ros2_ws_mgr/src/install/ros_gz_sim/share/ros_gz_sim/environment/ament_prefix_path.dsv
[4.552s] -- Up-to-date: /home/vvoxel/ros2_ws_mgr/src/install/ros_gz_sim/share/ros_gz_sim/environment/path.sh
[4.553s] -- Up-to-date: /home/vvoxel/ros2_ws_mgr/src/install/ros_gz_sim/share/ros_gz_sim/environment/path.dsv
[4.554s] -- Up-to-date: /home/vvoxel/ros2_ws_mgr/src/install/ros_gz_sim/share/ros_gz_sim/local_setup.bash
[4.556s] -- Up-to-date: /home/vvoxel/ros2_ws_mgr/src/install/ros_gz_sim/share/ros_gz_sim/local_setup.sh
[4.556s] -- Up-to-date: /home/vvoxel/ros2_ws_mgr/src/install/ros_gz_sim/share/ros_gz_sim/local_setup.zsh
[4.556s] -- Up-to-date: /home/vvoxel/ros2_ws_mgr/src/install/ros_gz_sim/share/ros_gz_sim/local_setup.dsv
[4.556s] -- Installing: /home/vvoxel/ros2_ws_mgr/src/install/ros_gz_sim/share/ros_gz_sim/package.dsv
[4.557s] -- Up-to-date: /home/vvoxel/ros2_ws_mgr/src/install/ros_gz_sim/share/ament_index/resource_index/packages/ros_gz_sim
[4.557s] -- Up-to-date: /home/vvoxel/ros2_ws_mgr/src/install/ros_gz_sim/share/ament_index/resource_index/rclcpp_components/ros_gz_sim
[4.557s] -- Up-to-date: /home/vvoxel/ros2_ws_mgr/src/install/ros_gz_sim/share/ros_gz_sim/cmake/export_gzserver_componentExport.cmake
[4.557s] -- Up-to-date: /home/vvoxel/ros2_ws_mgr/src/install/ros_gz_sim/share/ros_gz_sim/cmake/export_gzserver_componentExport-noconfig.cmake
[4.557s] -- Up-to-date: /home/vvoxel/ros2_ws_mgr/src/install/ros_gz_sim/share/ros_gz_sim/cmake/ros_gz_simExport.cmake
[4.558s] -- Up-to-date: /home/vvoxel/ros2_ws_mgr/src/install/ros_gz_sim/share/ros_gz_sim/cmake/ros_gz_simExport-noconfig.cmake
[4.558s] -- Up-to-date: /home/vvoxel/ros2_ws_mgr/src/install/ros_gz_sim/share/ros_gz_sim/cmake/ament_cmake_export_targets-extras.cmake
[4.558s] -- Up-to-date: /home/vvoxel/ros2_ws_mgr/src/install/ros_gz_sim/share/ros_gz_sim/cmake/ament_cmake_export_dependencies-extras.cmake
[4.558s] -- Up-to-date: /home/vvoxel/ros2_ws_mgr/src/install/ros_gz_sim/share/ros_gz_sim/cmake/ros_gz_simConfig.cmake
[4.559s] -- Up-to-date: /home/vvoxel/ros2_ws_mgr/src/install/ros_gz_sim/share/ros_gz_sim/cmake/ros_gz_simConfig-version.cmake
[4.559s] -- Up-to-date: /home/vvoxel/ros2_ws_mgr/src/install/ros_gz_sim/share/ros_gz_sim/package.xml
[4.728s] Invoked command in '/home/vvoxel/ros2_ws_mgr/src/build/ros_gz_sim' returned '0': CMAKE_PREFIX_PATH=${CMAKE_PREFIX_PATH}:/opt/ros/jazzy DEBUGINFOD_URLS=https://debuginfod.ubuntu.com /usr/bin/cmake --install /home/vvoxel/ros2_ws_mgr/src/build/ros_gz_sim
