[0.056s] Invoking command in '/home/vvoxel/ros2_ws_mgr/build/apriltag_msgs': CMAKE_PREFIX_PATH=/home/vvoxel/ros2_ws_mgr/install/test_ros_gz_bridge:/home/vvoxel/ros2_ws_mgr/install/sim_launcher:/opt/ros/jazzy:/home/vvoxel/ros2_ws_mgr/install/slam:/home/vvoxel/ros2_ws_mgr/install/ros_gz:/home/vvoxel/ros2_ws_mgr/install/ros_gz_sim_demos:/home/vvoxel/ros2_ws_mgr/install/ros_gz_sim:/home/vvoxel/ros2_ws_mgr/install/ros_gz_image:/home/vvoxel/ros2_ws_mgr/install/ros_gz_bridge:/home/vvoxel/ros2_ws_mgr/install/ros_gz_interfaces:/home/vvoxel/ros2_ws_mgr/install/realsense2_description:/home/vvoxel/ros2_ws_mgr/install/realsense2_camera:/home/vvoxel/ros2_ws_mgr/install/realsense2_camera_msgs:/home/vvoxel/ros2_ws_mgr/install/mtracker:/home/vvoxel/ros2_ws_mgr/install/g2o:/home/vvoxel/ros2_ws_mgr/install/apriltag_ros:/home/vvoxel/ros2_ws_mgr/install/apriltag_msgs:/home/vvoxel/ros2_ws_mgr/install/apriltag:/home/vvoxel/ros2_ws_mgr/install/anglecalc:/opt/ros/jazzy/opt/gz_sim_vendor:/opt/ros/jazzy/opt/gz_sensors_vendor:/opt/ros/jazzy/opt/gz_physics_vendor:/opt/ros/jazzy/opt/sdformat_vendor:/opt/ros/jazzy/opt/gz_gui_vendor:/opt/ros/jazzy/opt/gz_transport_vendor:/opt/ros/jazzy/opt/gz_rendering_vendor:/opt/ros/jazzy/opt/gz_plugin_vendor:/opt/ros/jazzy/opt/gz_fuel_tools_vendor:/opt/ros/jazzy/opt/gz_msgs_vendor:/opt/ros/jazzy/opt/gz_common_vendor:/opt/ros/jazzy/opt/gz_math_vendor:/opt/ros/jazzy/opt/gz_utils_vendor:/opt/ros/jazzy/opt/gz_tools_vendor:/opt/ros/jazzy/opt/gz_ogre_next_vendor:/opt/ros/jazzy/opt/gz_dartsim_vendor:/opt/ros/jazzy/opt/gz_cmake_vendor DEBUGINFOD_URLS=https://debuginfod.ubuntu.com /usr/bin/cmake --build /home/vvoxel/ros2_ws_mgr/build/apriltag_msgs -- -j8 -l8
[0.185s] [  1%] Built target apriltag_msgs__rosidl_generator_type_description
[0.274s] [  1%] Built target ament_cmake_python_symlink_apriltag_msgs
[0.278s] [ 22%] Built target apriltag_msgs__rosidl_generator_c
[0.290s] [ 24%] Built target apriltag_msgs__cpp
[0.427s] [ 33%] Built target apriltag_msgs__rosidl_typesupport_introspection_c
[0.428s] [ 42%] Built target apriltag_msgs__rosidl_typesupport_fastrtps_c
[0.470s] [ 51%] Built target apriltag_msgs__rosidl_typesupport_c
[0.630s] [ 61%] Built target apriltag_msgs__rosidl_typesupport_introspection_cpp
[0.689s] [ 70%] Built target apriltag_msgs__rosidl_typesupport_cpp
[0.757s] [ 79%] Built target apriltag_msgs__rosidl_typesupport_fastrtps_cpp
[0.844s] [ 79%] Built target apriltag_msgs
[0.938s] [ 81%] Built target apriltag_msgs__py
[1.069s] [ 88%] Built target apriltag_msgs__rosidl_generator_py
[1.168s] [ 92%] Built target apriltag_msgs_s__rosidl_typesupport_fastrtps_c
[1.186s] [ 96%] Built target apriltag_msgs_s__rosidl_typesupport_c
[1.199s] [100%] Built target apriltag_msgs_s__rosidl_typesupport_introspection_c
[1.273s] running egg_info
[1.352s] writing apriltag_msgs.egg-info/PKG-INFO
[1.355s] writing dependency_links to apriltag_msgs.egg-info/dependency_links.txt
[1.355s] writing top-level names to apriltag_msgs.egg-info/top_level.txt
[1.558s] reading manifest file 'apriltag_msgs.egg-info/SOURCES.txt'
[1.558s] writing manifest file 'apriltag_msgs.egg-info/SOURCES.txt'
[1.616s] [100%] Built target ament_cmake_python_build_apriltag_msgs_egg
[1.747s] Invoked command in '/home/vvoxel/ros2_ws_mgr/build/apriltag_msgs' returned '0': CMAKE_PREFIX_PATH=/home/vvoxel/ros2_ws_mgr/install/test_ros_gz_bridge:/home/vvoxel/ros2_ws_mgr/install/sim_launcher:/opt/ros/jazzy:/home/vvoxel/ros2_ws_mgr/install/slam:/home/vvoxel/ros2_ws_mgr/install/ros_gz:/home/vvoxel/ros2_ws_mgr/install/ros_gz_sim_demos:/home/vvoxel/ros2_ws_mgr/install/ros_gz_sim:/home/vvoxel/ros2_ws_mgr/install/ros_gz_image:/home/vvoxel/ros2_ws_mgr/install/ros_gz_bridge:/home/vvoxel/ros2_ws_mgr/install/ros_gz_interfaces:/home/vvoxel/ros2_ws_mgr/install/realsense2_description:/home/vvoxel/ros2_ws_mgr/install/realsense2_camera:/home/vvoxel/ros2_ws_mgr/install/realsense2_camera_msgs:/home/vvoxel/ros2_ws_mgr/install/mtracker:/home/vvoxel/ros2_ws_mgr/install/g2o:/home/vvoxel/ros2_ws_mgr/install/apriltag_ros:/home/vvoxel/ros2_ws_mgr/install/apriltag_msgs:/home/vvoxel/ros2_ws_mgr/install/apriltag:/home/vvoxel/ros2_ws_mgr/install/anglecalc:/opt/ros/jazzy/opt/gz_sim_vendor:/opt/ros/jazzy/opt/gz_sensors_vendor:/opt/ros/jazzy/opt/gz_physics_vendor:/opt/ros/jazzy/opt/sdformat_vendor:/opt/ros/jazzy/opt/gz_gui_vendor:/opt/ros/jazzy/opt/gz_transport_vendor:/opt/ros/jazzy/opt/gz_rendering_vendor:/opt/ros/jazzy/opt/gz_plugin_vendor:/opt/ros/jazzy/opt/gz_fuel_tools_vendor:/opt/ros/jazzy/opt/gz_msgs_vendor:/opt/ros/jazzy/opt/gz_common_vendor:/opt/ros/jazzy/opt/gz_math_vendor:/opt/ros/jazzy/opt/gz_utils_vendor:/opt/ros/jazzy/opt/gz_tools_vendor:/opt/ros/jazzy/opt/gz_ogre_next_vendor:/opt/ros/jazzy/opt/gz_dartsim_vendor:/opt/ros/jazzy/opt/gz_cmake_vendor DEBUGINFOD_URLS=https://debuginfod.ubuntu.com /usr/bin/cmake --build /home/vvoxel/ros2_ws_mgr/build/apriltag_msgs -- -j8 -l8
[1.749s] Invoking command in '/home/vvoxel/ros2_ws_mgr/build/apriltag_msgs': CMAKE_PREFIX_PATH=/home/vvoxel/ros2_ws_mgr/install/test_ros_gz_bridge:/home/vvoxel/ros2_ws_mgr/install/sim_launcher:/opt/ros/jazzy:/home/vvoxel/ros2_ws_mgr/install/slam:/home/vvoxel/ros2_ws_mgr/install/ros_gz:/home/vvoxel/ros2_ws_mgr/install/ros_gz_sim_demos:/home/vvoxel/ros2_ws_mgr/install/ros_gz_sim:/home/vvoxel/ros2_ws_mgr/install/ros_gz_image:/home/vvoxel/ros2_ws_mgr/install/ros_gz_bridge:/home/vvoxel/ros2_ws_mgr/install/ros_gz_interfaces:/home/vvoxel/ros2_ws_mgr/install/realsense2_description:/home/vvoxel/ros2_ws_mgr/install/realsense2_camera:/home/vvoxel/ros2_ws_mgr/install/realsense2_camera_msgs:/home/vvoxel/ros2_ws_mgr/install/mtracker:/home/vvoxel/ros2_ws_mgr/install/g2o:/home/vvoxel/ros2_ws_mgr/install/apriltag_ros:/home/vvoxel/ros2_ws_mgr/install/apriltag_msgs:/home/vvoxel/ros2_ws_mgr/install/apriltag:/home/vvoxel/ros2_ws_mgr/install/anglecalc:/opt/ros/jazzy/opt/gz_sim_vendor:/opt/ros/jazzy/opt/gz_sensors_vendor:/opt/ros/jazzy/opt/gz_physics_vendor:/opt/ros/jazzy/opt/sdformat_vendor:/opt/ros/jazzy/opt/gz_gui_vendor:/opt/ros/jazzy/opt/gz_transport_vendor:/opt/ros/jazzy/opt/gz_rendering_vendor:/opt/ros/jazzy/opt/gz_plugin_vendor:/opt/ros/jazzy/opt/gz_fuel_tools_vendor:/opt/ros/jazzy/opt/gz_msgs_vendor:/opt/ros/jazzy/opt/gz_common_vendor:/opt/ros/jazzy/opt/gz_math_vendor:/opt/ros/jazzy/opt/gz_utils_vendor:/opt/ros/jazzy/opt/gz_tools_vendor:/opt/ros/jazzy/opt/gz_ogre_next_vendor:/opt/ros/jazzy/opt/gz_dartsim_vendor:/opt/ros/jazzy/opt/gz_cmake_vendor DEBUGINFOD_URLS=https://debuginfod.ubuntu.com /usr/bin/cmake --install /home/vvoxel/ros2_ws_mgr/build/apriltag_msgs
[1.765s] -- Install configuration: ""
[1.765s] -- Execute custom install script
[1.765s] -- Up-to-date symlink: /home/vvoxel/ros2_ws_mgr/install/apriltag_msgs/share/ament_index/resource_index/rosidl_interfaces/apriltag_msgs
[1.765s] -- Up-to-date symlink: /home/vvoxel/ros2_ws_mgr/install/apriltag_msgs/share/apriltag_msgs/msg/Point.json
[1.765s] -- Up-to-date symlink: /home/vvoxel/ros2_ws_mgr/install/apriltag_msgs/share/apriltag_msgs/msg/AprilTagDetection.json
[1.766s] -- Up-to-date symlink: /home/vvoxel/ros2_ws_mgr/install/apriltag_msgs/share/apriltag_msgs/msg/AprilTagDetectionArray.json
[1.766s] -- Up-to-date symlink: /home/vvoxel/ros2_ws_mgr/install/apriltag_msgs/include/apriltag_msgs/apriltag_msgs/msg/april_tag_detection.h
[1.766s] -- Up-to-date symlink: /home/vvoxel/ros2_ws_mgr/install/apriltag_msgs/include/apriltag_msgs/apriltag_msgs/msg/april_tag_detection_array.h
[1.767s] -- Up-to-date symlink: /home/vvoxel/ros2_ws_mgr/install/apriltag_msgs/include/apriltag_msgs/apriltag_msgs/msg/detail/april_tag_detection__functions.h
[1.767s] -- Up-to-date symlink: /home/vvoxel/ros2_ws_mgr/install/apriltag_msgs/include/apriltag_msgs/apriltag_msgs/msg/detail/april_tag_detection__struct.h
[1.767s] -- Up-to-date symlink: /home/vvoxel/ros2_ws_mgr/install/apriltag_msgs/include/apriltag_msgs/apriltag_msgs/msg/detail/april_tag_detection__type_support.h
[1.767s] -- Up-to-date symlink: /home/vvoxel/ros2_ws_mgr/install/apriltag_msgs/include/apriltag_msgs/apriltag_msgs/msg/detail/april_tag_detection_array__functions.h
[1.767s] -- Up-to-date symlink: /home/vvoxel/ros2_ws_mgr/install/apriltag_msgs/include/apriltag_msgs/apriltag_msgs/msg/detail/april_tag_detection_array__struct.h
[1.767s] -- Up-to-date symlink: /home/vvoxel/ros2_ws_mgr/install/apriltag_msgs/include/apriltag_msgs/apriltag_msgs/msg/detail/april_tag_detection_array__type_support.h
[1.767s] -- Up-to-date symlink: /home/vvoxel/ros2_ws_mgr/install/apriltag_msgs/include/apriltag_msgs/apriltag_msgs/msg/detail/point__functions.h
[1.768s] -- Up-to-date symlink: /home/vvoxel/ros2_ws_mgr/install/apriltag_msgs/include/apriltag_msgs/apriltag_msgs/msg/detail/point__struct.h
[1.768s] -- Up-to-date symlink: /home/vvoxel/ros2_ws_mgr/install/apriltag_msgs/include/apriltag_msgs/apriltag_msgs/msg/detail/point__type_support.h
[1.768s] -- Up-to-date symlink: /home/vvoxel/ros2_ws_mgr/install/apriltag_msgs/include/apriltag_msgs/apriltag_msgs/msg/point.h
[1.768s] -- Up-to-date symlink: /home/vvoxel/ros2_ws_mgr/install/apriltag_msgs/include/apriltag_msgs/apriltag_msgs/msg/rosidl_generator_c__visibility_control.h
[1.769s] -- Up-to-date symlink: /home/vvoxel/ros2_ws_mgr/install/apriltag_msgs/share/apriltag_msgs/environment/library_path.sh
[1.769s] -- Up-to-date symlink: /home/vvoxel/ros2_ws_mgr/install/apriltag_msgs/share/apriltag_msgs/environment/library_path.dsv
[1.769s] -- Up-to-date symlink: /home/vvoxel/ros2_ws_mgr/install/apriltag_msgs/include/apriltag_msgs/apriltag_msgs/msg/detail/april_tag_detection__rosidl_typesupport_fastrtps_c.h
[1.770s] -- Up-to-date symlink: /home/vvoxel/ros2_ws_mgr/install/apriltag_msgs/include/apriltag_msgs/apriltag_msgs/msg/detail/april_tag_detection_array__rosidl_typesupport_fastrtps_c.h
[1.770s] -- Up-to-date symlink: /home/vvoxel/ros2_ws_mgr/install/apriltag_msgs/include/apriltag_msgs/apriltag_msgs/msg/detail/point__rosidl_typesupport_fastrtps_c.h
[1.770s] -- Up-to-date symlink: /home/vvoxel/ros2_ws_mgr/install/apriltag_msgs/include/apriltag_msgs/apriltag_msgs/msg/rosidl_typesupport_fastrtps_c__visibility_control.h
[1.770s] -- Up-to-date symlink: /home/vvoxel/ros2_ws_mgr/install/apriltag_msgs/include/apriltag_msgs/apriltag_msgs/msg/detail/april_tag_detection__rosidl_typesupport_introspection_c.h
[1.770s] -- Up-to-date symlink: /home/vvoxel/ros2_ws_mgr/install/apriltag_msgs/include/apriltag_msgs/apriltag_msgs/msg/detail/april_tag_detection_array__rosidl_typesupport_introspection_c.h
[1.771s] -- Up-to-date symlink: /home/vvoxel/ros2_ws_mgr/install/apriltag_msgs/include/apriltag_msgs/apriltag_msgs/msg/detail/point__rosidl_typesupport_introspection_c.h
[1.771s] -- Up-to-date symlink: /home/vvoxel/ros2_ws_mgr/install/apriltag_msgs/include/apriltag_msgs/apriltag_msgs/msg/rosidl_typesupport_introspection_c__visibility_control.h
[1.771s] -- Up-to-date symlink: /home/vvoxel/ros2_ws_mgr/install/apriltag_msgs/include/apriltag_msgs/apriltag_msgs/msg/april_tag_detection.hpp
[1.771s] -- Up-to-date symlink: /home/vvoxel/ros2_ws_mgr/install/apriltag_msgs/include/apriltag_msgs/apriltag_msgs/msg/april_tag_detection_array.hpp
[1.771s] -- Up-to-date symlink: /home/vvoxel/ros2_ws_mgr/install/apriltag_msgs/include/apriltag_msgs/apriltag_msgs/msg/detail/april_tag_detection__builder.hpp
[1.771s] -- Up-to-date symlink: /home/vvoxel/ros2_ws_mgr/install/apriltag_msgs/include/apriltag_msgs/apriltag_msgs/msg/detail/april_tag_detection__struct.hpp
[1.771s] -- Up-to-date symlink: /home/vvoxel/ros2_ws_mgr/install/apriltag_msgs/include/apriltag_msgs/apriltag_msgs/msg/detail/april_tag_detection__traits.hpp
[1.771s] -- Up-to-date symlink: /home/vvoxel/ros2_ws_mgr/install/apriltag_msgs/include/apriltag_msgs/apriltag_msgs/msg/detail/april_tag_detection__type_support.hpp
[1.771s] -- Up-to-date symlink: /home/vvoxel/ros2_ws_mgr/install/apriltag_msgs/include/apriltag_msgs/apriltag_msgs/msg/detail/april_tag_detection_array__builder.hpp
[1.772s] -- Up-to-date symlink: /home/vvoxel/ros2_ws_mgr/install/apriltag_msgs/include/apriltag_msgs/apriltag_msgs/msg/detail/april_tag_detection_array__struct.hpp
[1.772s] -- Up-to-date symlink: /home/vvoxel/ros2_ws_mgr/install/apriltag_msgs/include/apriltag_msgs/apriltag_msgs/msg/detail/april_tag_detection_array__traits.hpp
[1.772s] -- Up-to-date symlink: /home/vvoxel/ros2_ws_mgr/install/apriltag_msgs/include/apriltag_msgs/apriltag_msgs/msg/detail/april_tag_detection_array__type_support.hpp
[1.772s] -- Up-to-date symlink: /home/vvoxel/ros2_ws_mgr/install/apriltag_msgs/include/apriltag_msgs/apriltag_msgs/msg/detail/point__builder.hpp
[1.773s] -- Up-to-date symlink: /home/vvoxel/ros2_ws_mgr/install/apriltag_msgs/include/apriltag_msgs/apriltag_msgs/msg/detail/point__struct.hpp
[1.773s] -- Up-to-date symlink: /home/vvoxel/ros2_ws_mgr/install/apriltag_msgs/include/apriltag_msgs/apriltag_msgs/msg/detail/point__traits.hpp
[1.773s] -- Up-to-date symlink: /home/vvoxel/ros2_ws_mgr/install/apriltag_msgs/include/apriltag_msgs/apriltag_msgs/msg/detail/point__type_support.hpp
[1.773s] -- Up-to-date symlink: /home/vvoxel/ros2_ws_mgr/install/apriltag_msgs/include/apriltag_msgs/apriltag_msgs/msg/point.hpp
[1.773s] -- Up-to-date symlink: /home/vvoxel/ros2_ws_mgr/install/apriltag_msgs/include/apriltag_msgs/apriltag_msgs/msg/rosidl_generator_cpp__visibility_control.hpp
[1.773s] -- Up-to-date symlink: /home/vvoxel/ros2_ws_mgr/install/apriltag_msgs/include/apriltag_msgs/apriltag_msgs/msg/detail/april_tag_detection__rosidl_typesupport_fastrtps_cpp.hpp
[1.773s] -- Up-to-date symlink: /home/vvoxel/ros2_ws_mgr/install/apriltag_msgs/include/apriltag_msgs/apriltag_msgs/msg/detail/april_tag_detection_array__rosidl_typesupport_fastrtps_cpp.hpp
[1.774s] -- Up-to-date symlink: /home/vvoxel/ros2_ws_mgr/install/apriltag_msgs/include/apriltag_msgs/apriltag_msgs/msg/detail/point__rosidl_typesupport_fastrtps_cpp.hpp
[1.774s] -- Up-to-date symlink: /home/vvoxel/ros2_ws_mgr/install/apriltag_msgs/include/apriltag_msgs/apriltag_msgs/msg/rosidl_typesupport_fastrtps_cpp__visibility_control.h
[1.775s] -- Up-to-date symlink: /home/vvoxel/ros2_ws_mgr/install/apriltag_msgs/include/apriltag_msgs/apriltag_msgs/msg/detail/april_tag_detection__rosidl_typesupport_introspection_cpp.hpp
[1.775s] -- Up-to-date symlink: /home/vvoxel/ros2_ws_mgr/install/apriltag_msgs/include/apriltag_msgs/apriltag_msgs/msg/detail/april_tag_detection_array__rosidl_typesupport_introspection_cpp.hpp
[1.775s] -- Up-to-date symlink: /home/vvoxel/ros2_ws_mgr/install/apriltag_msgs/include/apriltag_msgs/apriltag_msgs/msg/detail/point__rosidl_typesupport_introspection_cpp.hpp
[1.775s] -- Up-to-date symlink: /home/vvoxel/ros2_ws_mgr/install/apriltag_msgs/share/apriltag_msgs/environment/pythonpath.sh
[1.775s] -- Up-to-date symlink: /home/vvoxel/ros2_ws_mgr/install/apriltag_msgs/share/apriltag_msgs/environment/pythonpath.dsv
[1.775s] -- Up-to-date symlink: /home/vvoxel/ros2_ws_mgr/install/apriltag_msgs/lib/python3.12/site-packages/apriltag_msgs-2.0.1-py3.12.egg-info/PKG-INFO
[1.775s] -- Up-to-date symlink: /home/vvoxel/ros2_ws_mgr/install/apriltag_msgs/lib/python3.12/site-packages/apriltag_msgs-2.0.1-py3.12.egg-info/SOURCES.txt
[1.775s] -- Up-to-date symlink: /home/vvoxel/ros2_ws_mgr/install/apriltag_msgs/lib/python3.12/site-packages/apriltag_msgs-2.0.1-py3.12.egg-info/dependency_links.txt
[1.776s] -- Up-to-date symlink: /home/vvoxel/ros2_ws_mgr/install/apriltag_msgs/lib/python3.12/site-packages/apriltag_msgs-2.0.1-py3.12.egg-info/top_level.txt
[1.776s] -- Up-to-date symlink: /home/vvoxel/ros2_ws_mgr/install/apriltag_msgs/lib/python3.12/site-packages/apriltag_msgs/__init__.py
[1.776s] -- Up-to-date symlink: /home/vvoxel/ros2_ws_mgr/install/apriltag_msgs/lib/python3.12/site-packages/apriltag_msgs/_apriltag_msgs_s.ep.rosidl_typesupport_c.c
[1.777s] -- Up-to-date symlink: /home/vvoxel/ros2_ws_mgr/install/apriltag_msgs/lib/python3.12/site-packages/apriltag_msgs/_apriltag_msgs_s.ep.rosidl_typesupport_fastrtps_c.c
[1.777s] -- Up-to-date symlink: /home/vvoxel/ros2_ws_mgr/install/apriltag_msgs/lib/python3.12/site-packages/apriltag_msgs/_apriltag_msgs_s.ep.rosidl_typesupport_introspection_c.c
[1.777s] -- Up-to-date symlink: /home/vvoxel/ros2_ws_mgr/install/apriltag_msgs/lib/python3.12/site-packages/apriltag_msgs/apriltag_msgs_s__rosidl_typesupport_c.so
[1.777s] -- Up-to-date symlink: /home/vvoxel/ros2_ws_mgr/install/apriltag_msgs/lib/python3.12/site-packages/apriltag_msgs/apriltag_msgs_s__rosidl_typesupport_fastrtps_c.so
[1.777s] -- Up-to-date symlink: /home/vvoxel/ros2_ws_mgr/install/apriltag_msgs/lib/python3.12/site-packages/apriltag_msgs/apriltag_msgs_s__rosidl_typesupport_introspection_c.so
[1.778s] -- Up-to-date symlink: /home/vvoxel/ros2_ws_mgr/install/apriltag_msgs/lib/python3.12/site-packages/apriltag_msgs/msg/__init__.py
[1.778s] -- Up-to-date symlink: /home/vvoxel/ros2_ws_mgr/install/apriltag_msgs/lib/python3.12/site-packages/apriltag_msgs/msg/_april_tag_detection.py
[1.778s] -- Up-to-date symlink: /home/vvoxel/ros2_ws_mgr/install/apriltag_msgs/lib/python3.12/site-packages/apriltag_msgs/msg/_april_tag_detection_array.py
[1.778s] -- Up-to-date symlink: /home/vvoxel/ros2_ws_mgr/install/apriltag_msgs/lib/python3.12/site-packages/apriltag_msgs/msg/_april_tag_detection_array_s.c
[1.778s] -- Up-to-date symlink: /home/vvoxel/ros2_ws_mgr/install/apriltag_msgs/lib/python3.12/site-packages/apriltag_msgs/msg/_april_tag_detection_s.c
[1.778s] -- Up-to-date symlink: /home/vvoxel/ros2_ws_mgr/install/apriltag_msgs/lib/python3.12/site-packages/apriltag_msgs/msg/_point.py
[1.778s] -- Up-to-date symlink: /home/vvoxel/ros2_ws_mgr/install/apriltag_msgs/lib/python3.12/site-packages/apriltag_msgs/msg/_point_s.c
[1.779s] -- Up-to-date symlink: /home/vvoxel/ros2_ws_mgr/install/apriltag_msgs/lib/python3.12/site-packages/apriltag_msgs/apriltag_msgs_s__rosidl_typesupport_fastrtps_c.so
[1.779s] -- Up-to-date symlink: /home/vvoxel/ros2_ws_mgr/install/apriltag_msgs/lib/python3.12/site-packages/apriltag_msgs/apriltag_msgs_s__rosidl_typesupport_introspection_c.so
[1.780s] -- Up-to-date symlink: /home/vvoxel/ros2_ws_mgr/install/apriltag_msgs/lib/python3.12/site-packages/apriltag_msgs/apriltag_msgs_s__rosidl_typesupport_c.so
[1.780s] -- Up-to-date symlink: /home/vvoxel/ros2_ws_mgr/install/apriltag_msgs/share/apriltag_msgs/msg/Point.idl
[1.780s] -- Up-to-date symlink: /home/vvoxel/ros2_ws_mgr/install/apriltag_msgs/share/apriltag_msgs/msg/AprilTagDetection.idl
[1.780s] -- Up-to-date symlink: /home/vvoxel/ros2_ws_mgr/install/apriltag_msgs/share/apriltag_msgs/msg/AprilTagDetectionArray.idl
[1.780s] -- Up-to-date symlink: /home/vvoxel/ros2_ws_mgr/install/apriltag_msgs/share/apriltag_msgs/msg/Point.msg
[1.780s] -- Up-to-date symlink: /home/vvoxel/ros2_ws_mgr/install/apriltag_msgs/share/apriltag_msgs/msg/AprilTagDetection.msg
[1.781s] -- Up-to-date symlink: /home/vvoxel/ros2_ws_mgr/install/apriltag_msgs/share/apriltag_msgs/msg/AprilTagDetectionArray.msg
[1.783s] -- Up-to-date symlink: /home/vvoxel/ros2_ws_mgr/install/apriltag_msgs/share/ament_index/resource_index/package_run_dependencies/apriltag_msgs
[1.783s] -- Up-to-date symlink: /home/vvoxel/ros2_ws_mgr/install/apriltag_msgs/share/ament_index/resource_index/parent_prefix_path/apriltag_msgs
[1.783s] -- Up-to-date symlink: /home/vvoxel/ros2_ws_mgr/install/apriltag_msgs/share/apriltag_msgs/environment/ament_prefix_path.sh
[1.783s] -- Up-to-date symlink: /home/vvoxel/ros2_ws_mgr/install/apriltag_msgs/share/apriltag_msgs/environment/ament_prefix_path.dsv
[1.783s] -- Up-to-date symlink: /home/vvoxel/ros2_ws_mgr/install/apriltag_msgs/share/apriltag_msgs/environment/path.sh
[1.783s] -- Up-to-date symlink: /home/vvoxel/ros2_ws_mgr/install/apriltag_msgs/share/apriltag_msgs/environment/path.dsv
[1.783s] -- Up-to-date symlink: /home/vvoxel/ros2_ws_mgr/install/apriltag_msgs/share/apriltag_msgs/local_setup.bash
[1.784s] -- Up-to-date symlink: /home/vvoxel/ros2_ws_mgr/install/apriltag_msgs/share/apriltag_msgs/local_setup.sh
[1.784s] -- Up-to-date symlink: /home/vvoxel/ros2_ws_mgr/install/apriltag_msgs/share/apriltag_msgs/local_setup.zsh
[1.784s] -- Up-to-date symlink: /home/vvoxel/ros2_ws_mgr/install/apriltag_msgs/share/apriltag_msgs/local_setup.dsv
[1.784s] -- Symlinking: /home/vvoxel/ros2_ws_mgr/install/apriltag_msgs/share/apriltag_msgs/package.dsv
[1.799s] -- Up-to-date symlink: /home/vvoxel/ros2_ws_mgr/install/apriltag_msgs/share/ament_index/resource_index/packages/apriltag_msgs
[1.799s] -- Up-to-date symlink: /home/vvoxel/ros2_ws_mgr/install/apriltag_msgs/share/apriltag_msgs/cmake/rosidl_cmake-extras.cmake
[1.800s] -- Up-to-date symlink: /home/vvoxel/ros2_ws_mgr/install/apriltag_msgs/share/apriltag_msgs/cmake/ament_cmake_export_dependencies-extras.cmake
[1.800s] -- Up-to-date symlink: /home/vvoxel/ros2_ws_mgr/install/apriltag_msgs/share/apriltag_msgs/cmake/ament_cmake_export_include_directories-extras.cmake
[1.800s] -- Up-to-date symlink: /home/vvoxel/ros2_ws_mgr/install/apriltag_msgs/share/apriltag_msgs/cmake/ament_cmake_export_libraries-extras.cmake
[1.801s] -- Up-to-date symlink: /home/vvoxel/ros2_ws_mgr/install/apriltag_msgs/share/apriltag_msgs/cmake/ament_cmake_export_targets-extras.cmake
[1.802s] -- Up-to-date symlink: /home/vvoxel/ros2_ws_mgr/install/apriltag_msgs/share/apriltag_msgs/cmake/rosidl_cmake_export_typesupport_targets-extras.cmake
[1.802s] -- Up-to-date symlink: /home/vvoxel/ros2_ws_mgr/install/apriltag_msgs/share/apriltag_msgs/cmake/rosidl_cmake_export_typesupport_libraries-extras.cmake
[1.803s] -- Up-to-date symlink: /home/vvoxel/ros2_ws_mgr/install/apriltag_msgs/share/apriltag_msgs/cmake/apriltag_msgsConfig.cmake
[1.803s] -- Up-to-date symlink: /home/vvoxel/ros2_ws_mgr/install/apriltag_msgs/share/apriltag_msgs/cmake/apriltag_msgsConfig-version.cmake
[1.803s] -- Up-to-date symlink: /home/vvoxel/ros2_ws_mgr/install/apriltag_msgs/share/apriltag_msgs/package.xml
[1.803s] -- Up-to-date: /home/vvoxel/ros2_ws_mgr/install/apriltag_msgs/lib/libapriltag_msgs__rosidl_generator_c.so
[1.804s] -- Up-to-date: /home/vvoxel/ros2_ws_mgr/install/apriltag_msgs/lib/libapriltag_msgs__rosidl_typesupport_fastrtps_c.so
[1.805s] -- Up-to-date: /home/vvoxel/ros2_ws_mgr/install/apriltag_msgs/lib/libapriltag_msgs__rosidl_typesupport_introspection_c.so
[1.806s] -- Up-to-date: /home/vvoxel/ros2_ws_mgr/install/apriltag_msgs/lib/libapriltag_msgs__rosidl_typesupport_c.so
[1.806s] -- Up-to-date: /home/vvoxel/ros2_ws_mgr/install/apriltag_msgs/lib/libapriltag_msgs__rosidl_typesupport_fastrtps_cpp.so
[1.806s] -- Up-to-date: /home/vvoxel/ros2_ws_mgr/install/apriltag_msgs/lib/libapriltag_msgs__rosidl_typesupport_introspection_cpp.so
[1.806s] -- Up-to-date: /home/vvoxel/ros2_ws_mgr/install/apriltag_msgs/lib/libapriltag_msgs__rosidl_typesupport_cpp.so
[1.869s] Listing '/home/vvoxel/ros2_ws_mgr/install/apriltag_msgs/lib/python3.12/site-packages/apriltag_msgs'...
[1.870s] Listing '/home/vvoxel/ros2_ws_mgr/install/apriltag_msgs/lib/python3.12/site-packages/apriltag_msgs/msg'...
[1.878s] -- Up-to-date: /home/vvoxel/ros2_ws_mgr/install/apriltag_msgs/lib/libapriltag_msgs__rosidl_generator_py.so
[1.878s] -- Up-to-date: /home/vvoxel/ros2_ws_mgr/install/apriltag_msgs/share/apriltag_msgs/cmake/export_apriltag_msgs__rosidl_generator_cExport.cmake
[1.878s] -- Up-to-date: /home/vvoxel/ros2_ws_mgr/install/apriltag_msgs/share/apriltag_msgs/cmake/export_apriltag_msgs__rosidl_generator_cExport-noconfig.cmake
[1.878s] -- Up-to-date: /home/vvoxel/ros2_ws_mgr/install/apriltag_msgs/share/apriltag_msgs/cmake/export_apriltag_msgs__rosidl_typesupport_fastrtps_cExport.cmake
[1.878s] -- Up-to-date: /home/vvoxel/ros2_ws_mgr/install/apriltag_msgs/share/apriltag_msgs/cmake/export_apriltag_msgs__rosidl_typesupport_fastrtps_cExport-noconfig.cmake
[1.879s] -- Up-to-date: /home/vvoxel/ros2_ws_mgr/install/apriltag_msgs/share/apriltag_msgs/cmake/apriltag_msgs__rosidl_typesupport_introspection_cExport.cmake
[1.879s] -- Up-to-date: /home/vvoxel/ros2_ws_mgr/install/apriltag_msgs/share/apriltag_msgs/cmake/apriltag_msgs__rosidl_typesupport_introspection_cExport-noconfig.cmake
[1.879s] -- Up-to-date: /home/vvoxel/ros2_ws_mgr/install/apriltag_msgs/share/apriltag_msgs/cmake/apriltag_msgs__rosidl_typesupport_cExport.cmake
[1.879s] -- Up-to-date: /home/vvoxel/ros2_ws_mgr/install/apriltag_msgs/share/apriltag_msgs/cmake/apriltag_msgs__rosidl_typesupport_cExport-noconfig.cmake
[1.879s] -- Up-to-date: /home/vvoxel/ros2_ws_mgr/install/apriltag_msgs/share/apriltag_msgs/cmake/export_apriltag_msgs__rosidl_generator_cppExport.cmake
[1.879s] -- Up-to-date: /home/vvoxel/ros2_ws_mgr/install/apriltag_msgs/share/apriltag_msgs/cmake/export_apriltag_msgs__rosidl_typesupport_fastrtps_cppExport.cmake
[1.880s] -- Up-to-date: /home/vvoxel/ros2_ws_mgr/install/apriltag_msgs/share/apriltag_msgs/cmake/export_apriltag_msgs__rosidl_typesupport_fastrtps_cppExport-noconfig.cmake
[1.880s] -- Up-to-date: /home/vvoxel/ros2_ws_mgr/install/apriltag_msgs/share/apriltag_msgs/cmake/apriltag_msgs__rosidl_typesupport_introspection_cppExport.cmake
[1.880s] -- Up-to-date: /home/vvoxel/ros2_ws_mgr/install/apriltag_msgs/share/apriltag_msgs/cmake/apriltag_msgs__rosidl_typesupport_introspection_cppExport-noconfig.cmake
[1.880s] -- Up-to-date: /home/vvoxel/ros2_ws_mgr/install/apriltag_msgs/share/apriltag_msgs/cmake/apriltag_msgs__rosidl_typesupport_cppExport.cmake
[1.880s] -- Up-to-date: /home/vvoxel/ros2_ws_mgr/install/apriltag_msgs/share/apriltag_msgs/cmake/apriltag_msgs__rosidl_typesupport_cppExport-noconfig.cmake
[1.880s] -- Up-to-date: /home/vvoxel/ros2_ws_mgr/install/apriltag_msgs/share/apriltag_msgs/cmake/export_apriltag_msgs__rosidl_generator_pyExport.cmake
[1.880s] -- Up-to-date: /home/vvoxel/ros2_ws_mgr/install/apriltag_msgs/share/apriltag_msgs/cmake/export_apriltag_msgs__rosidl_generator_pyExport-noconfig.cmake
[2.061s] Invoked command in '/home/vvoxel/ros2_ws_mgr/build/apriltag_msgs' returned '0': CMAKE_PREFIX_PATH=/home/vvoxel/ros2_ws_mgr/install/test_ros_gz_bridge:/home/vvoxel/ros2_ws_mgr/install/sim_launcher:/opt/ros/jazzy:/home/vvoxel/ros2_ws_mgr/install/slam:/home/vvoxel/ros2_ws_mgr/install/ros_gz:/home/vvoxel/ros2_ws_mgr/install/ros_gz_sim_demos:/home/vvoxel/ros2_ws_mgr/install/ros_gz_sim:/home/vvoxel/ros2_ws_mgr/install/ros_gz_image:/home/vvoxel/ros2_ws_mgr/install/ros_gz_bridge:/home/vvoxel/ros2_ws_mgr/install/ros_gz_interfaces:/home/vvoxel/ros2_ws_mgr/install/realsense2_description:/home/vvoxel/ros2_ws_mgr/install/realsense2_camera:/home/vvoxel/ros2_ws_mgr/install/realsense2_camera_msgs:/home/vvoxel/ros2_ws_mgr/install/mtracker:/home/vvoxel/ros2_ws_mgr/install/g2o:/home/vvoxel/ros2_ws_mgr/install/apriltag_ros:/home/vvoxel/ros2_ws_mgr/install/apriltag_msgs:/home/vvoxel/ros2_ws_mgr/install/apriltag:/home/vvoxel/ros2_ws_mgr/install/anglecalc:/opt/ros/jazzy/opt/gz_sim_vendor:/opt/ros/jazzy/opt/gz_sensors_vendor:/opt/ros/jazzy/opt/gz_physics_vendor:/opt/ros/jazzy/opt/sdformat_vendor:/opt/ros/jazzy/opt/gz_gui_vendor:/opt/ros/jazzy/opt/gz_transport_vendor:/opt/ros/jazzy/opt/gz_rendering_vendor:/opt/ros/jazzy/opt/gz_plugin_vendor:/opt/ros/jazzy/opt/gz_fuel_tools_vendor:/opt/ros/jazzy/opt/gz_msgs_vendor:/opt/ros/jazzy/opt/gz_common_vendor:/opt/ros/jazzy/opt/gz_math_vendor:/opt/ros/jazzy/opt/gz_utils_vendor:/opt/ros/jazzy/opt/gz_tools_vendor:/opt/ros/jazzy/opt/gz_ogre_next_vendor:/opt/ros/jazzy/opt/gz_dartsim_vendor:/opt/ros/jazzy/opt/gz_cmake_vendor DEBUGINFOD_URLS=https://debuginfod.ubuntu.com /usr/bin/cmake --install /home/vvoxel/ros2_ws_mgr/build/apriltag_msgs
