[0.087s] Invoking command in '/home/vvoxel/ros2_ws_mgr/build/ros_gz_sim': CMAKE_PREFIX_PATH=/home/vvoxel/ros2_ws_mgr/install/sim_launcher:/opt/ros/jazzy:${CMAKE_PREFIX_PATH} DEBUGINFOD_URLS=https://debuginfod.ubuntu.com /usr/bin/cmake --build /home/vvoxel/ros2_ws_mgr/build/ros_gz_sim -- -j8 -l8
[0.376s] [  0%] Built target ament_cmake_python_symlink_ros_gz_sim
[0.444s] [ 10%] Built target remove
[0.463s] [ 10%] Built target ament_cmake_python_symlink_ros_gz_sim_setup
[0.471s] [ 20%] Built target gtest_main
[0.475s] [ 30%] Built target create
[0.504s] [ 40%] Built target ros_gz_sim
[0.529s] [ 50%] Built target gzserver_component
[0.534s] [ 60%] Built target gzserver
[0.637s] [ 70%] Built target gtest
[0.901s] [ 80%] Built target test_create
[0.922s] [ 90%] Built target test_remove
[0.952s] [100%] Built target test_stopwatch
[2.215s] running egg_info
[2.318s] writing ros_gz_sim.egg-info/PKG-INFO
[2.319s] writing dependency_links to ros_gz_sim.egg-info/dependency_links.txt
[2.320s] writing entry points to ros_gz_sim.egg-info/entry_points.txt
[2.321s] writing top-level names to ros_gz_sim.egg-info/top_level.txt
[2.519s] reading manifest file 'ros_gz_sim.egg-info/SOURCES.txt'
[2.523s] writing manifest file 'ros_gz_sim.egg-info/SOURCES.txt'
[2.673s] [100%] Built target ament_cmake_python_build_ros_gz_sim_egg
[3.186s] Invoked command in '/home/vvoxel/ros2_ws_mgr/build/ros_gz_sim' returned '0': CMAKE_PREFIX_PATH=/home/vvoxel/ros2_ws_mgr/install/sim_launcher:/opt/ros/jazzy:${CMAKE_PREFIX_PATH} DEBUGINFOD_URLS=https://debuginfod.ubuntu.com /usr/bin/cmake --build /home/vvoxel/ros2_ws_mgr/build/ros_gz_sim -- -j8 -l8
[3.189s] Invoking command in '/home/vvoxel/ros2_ws_mgr/build/ros_gz_sim': CMAKE_PREFIX_PATH=/home/vvoxel/ros2_ws_mgr/install/sim_launcher:/opt/ros/jazzy:${CMAKE_PREFIX_PATH} DEBUGINFOD_URLS=https://debuginfod.ubuntu.com /usr/bin/cmake --install /home/vvoxel/ros2_ws_mgr/build/ros_gz_sim
[3.264s] -- Install configuration: ""
[3.268s] -- Execute custom install script
[3.269s] -- Up-to-date symlink: /home/vvoxel/ros2_ws_mgr/install/ros_gz_sim/share/ros_gz_sim/environment/pythonpath.sh
[3.269s] -- Up-to-date symlink: /home/vvoxel/ros2_ws_mgr/install/ros_gz_sim/share/ros_gz_sim/environment/pythonpath.dsv
[3.269s] -- Up-to-date symlink: /home/vvoxel/ros2_ws_mgr/install/ros_gz_sim/lib/python3.12/site-packages/ros_gz_sim-1.0.11-py3.12.egg-info/PKG-INFO
[3.270s] -- Up-to-date symlink: /home/vvoxel/ros2_ws_mgr/install/ros_gz_sim/lib/python3.12/site-packages/ros_gz_sim-1.0.11-py3.12.egg-info/SOURCES.txt
[3.270s] -- Up-to-date symlink: /home/vvoxel/ros2_ws_mgr/install/ros_gz_sim/lib/python3.12/site-packages/ros_gz_sim-1.0.11-py3.12.egg-info/dependency_links.txt
[3.271s] -- Up-to-date symlink: /home/vvoxel/ros2_ws_mgr/install/ros_gz_sim/lib/python3.12/site-packages/ros_gz_sim-1.0.11-py3.12.egg-info/entry_points.txt
[3.271s] -- Up-to-date symlink: /home/vvoxel/ros2_ws_mgr/install/ros_gz_sim/lib/python3.12/site-packages/ros_gz_sim-1.0.11-py3.12.egg-info/top_level.txt
[3.274s] -- Up-to-date symlink: /home/vvoxel/ros2_ws_mgr/install/ros_gz_sim/lib/python3.12/site-packages/ros_gz_sim/__init__.py
[3.275s] -- Up-to-date symlink: /home/vvoxel/ros2_ws_mgr/install/ros_gz_sim/lib/python3.12/site-packages/ros_gz_sim/actions/__init__.py
[3.287s] -- Up-to-date symlink: /home/vvoxel/ros2_ws_mgr/install/ros_gz_sim/lib/python3.12/site-packages/ros_gz_sim/actions/gz_spawn_model.py
[3.287s] -- Up-to-date symlink: /home/vvoxel/ros2_ws_mgr/install/ros_gz_sim/lib/python3.12/site-packages/ros_gz_sim/actions/gzserver.py
[3.288s] -- Up-to-date symlink: /home/vvoxel/ros2_ws_mgr/install/ros_gz_sim/include/ros_gz_sim/Stopwatch.hpp
[3.288s] -- Up-to-date symlink: /home/vvoxel/ros2_ws_mgr/install/ros_gz_sim/lib/ros_gz_sim/gzserver
[3.288s] -- Up-to-date symlink: /home/vvoxel/ros2_ws_mgr/install/ros_gz_sim/share/ros_gz_sim/launch/gz_sim.launch.py
[3.288s] -- Up-to-date symlink: /home/vvoxel/ros2_ws_mgr/install/ros_gz_sim/share/ros_gz_sim/launch/gz_server.launch
[3.288s] -- Up-to-date symlink: /home/vvoxel/ros2_ws_mgr/install/ros_gz_sim/share/ros_gz_sim/launch/gz_server.launch.py
[3.289s] -- Up-to-date symlink: /home/vvoxel/ros2_ws_mgr/install/ros_gz_sim/share/ros_gz_sim/launch/gz_spawn_model.launch
[3.289s] -- Up-to-date symlink: /home/vvoxel/ros2_ws_mgr/install/ros_gz_sim/share/ros_gz_sim/launch/gz_spawn_model.launch.py
[3.289s] -- Up-to-date symlink: /home/vvoxel/ros2_ws_mgr/install/ros_gz_sim/share/ros_gz_sim/launch/ros_gz_sim.launch
[3.289s] -- Up-to-date symlink: /home/vvoxel/ros2_ws_mgr/install/ros_gz_sim/share/ros_gz_sim/launch/ros_gz_sim.launch.py
[3.290s] -- Up-to-date symlink: /home/vvoxel/ros2_ws_mgr/install/ros_gz_sim/share/ros_gz_sim/launch/ros_gz_spawn_model.launch.py
[3.290s] -- Up-to-date symlink: /home/vvoxel/ros2_ws_mgr/install/ros_gz_sim/share/ros_gz_sim/launch/gz_remove_model.launch.py
[3.290s] -- Up-to-date symlink: /home/vvoxel/ros2_ws_mgr/install/ros_gz_sim/lib/ros_gz_sim/create
[3.290s] -- Up-to-date symlink: /home/vvoxel/ros2_ws_mgr/install/ros_gz_sim/lib/ros_gz_sim/remove
[3.290s] -- Up-to-date symlink: /home/vvoxel/ros2_ws_mgr/install/ros_gz_sim/lib/ros_gz_sim/gzserver
[3.291s] -- Up-to-date symlink: /home/vvoxel/ros2_ws_mgr/install/ros_gz_sim/lib/ros_gz_sim/test_stopwatch
[3.291s] -- Up-to-date symlink: /home/vvoxel/ros2_ws_mgr/install/ros_gz_sim/lib/ros_gz_sim/test_create
[3.291s] -- Up-to-date symlink: /home/vvoxel/ros2_ws_mgr/install/ros_gz_sim/lib/ros_gz_sim/test_remove
[3.291s] -- Up-to-date symlink: /home/vvoxel/ros2_ws_mgr/install/ros_gz_sim/share/ament_index/resource_index/package_run_dependencies/ros_gz_sim
[3.292s] -- Up-to-date symlink: /home/vvoxel/ros2_ws_mgr/install/ros_gz_sim/share/ament_index/resource_index/parent_prefix_path/ros_gz_sim
[3.292s] -- Up-to-date symlink: /home/vvoxel/ros2_ws_mgr/install/ros_gz_sim/share/ros_gz_sim/environment/ament_prefix_path.sh
[3.297s] -- Up-to-date symlink: /home/vvoxel/ros2_ws_mgr/install/ros_gz_sim/share/ros_gz_sim/environment/ament_prefix_path.dsv
[3.297s] -- Up-to-date symlink: /home/vvoxel/ros2_ws_mgr/install/ros_gz_sim/share/ros_gz_sim/environment/path.sh
[3.300s] -- Up-to-date symlink: /home/vvoxel/ros2_ws_mgr/install/ros_gz_sim/share/ros_gz_sim/environment/path.dsv
[3.300s] -- Up-to-date symlink: /home/vvoxel/ros2_ws_mgr/install/ros_gz_sim/share/ros_gz_sim/local_setup.bash
[3.301s] -- Up-to-date symlink: /home/vvoxel/ros2_ws_mgr/install/ros_gz_sim/share/ros_gz_sim/local_setup.sh
[3.302s] -- Up-to-date symlink: /home/vvoxel/ros2_ws_mgr/install/ros_gz_sim/share/ros_gz_sim/local_setup.zsh
[3.303s] -- Up-to-date symlink: /home/vvoxel/ros2_ws_mgr/install/ros_gz_sim/share/ros_gz_sim/local_setup.dsv
[3.304s] -- Symlinking: /home/vvoxel/ros2_ws_mgr/install/ros_gz_sim/share/ros_gz_sim/package.dsv
[3.361s] -- Up-to-date symlink: /home/vvoxel/ros2_ws_mgr/install/ros_gz_sim/share/ament_index/resource_index/packages/ros_gz_sim
[3.363s] -- Up-to-date symlink: /home/vvoxel/ros2_ws_mgr/install/ros_gz_sim/share/ament_index/resource_index/rclcpp_components/ros_gz_sim
[3.363s] -- Up-to-date symlink: /home/vvoxel/ros2_ws_mgr/install/ros_gz_sim/share/ros_gz_sim/cmake/ament_cmake_export_targets-extras.cmake
[3.364s] -- Up-to-date symlink: /home/vvoxel/ros2_ws_mgr/install/ros_gz_sim/share/ros_gz_sim/cmake/ament_cmake_export_dependencies-extras.cmake
[3.364s] -- Up-to-date symlink: /home/vvoxel/ros2_ws_mgr/install/ros_gz_sim/share/ros_gz_sim/cmake/ros_gz_simConfig.cmake
[3.367s] -- Up-to-date symlink: /home/vvoxel/ros2_ws_mgr/install/ros_gz_sim/share/ros_gz_sim/cmake/ros_gz_simConfig-version.cmake
[3.367s] -- Up-to-date symlink: /home/vvoxel/ros2_ws_mgr/install/ros_gz_sim/share/ros_gz_sim/package.xml
[3.464s] Listing '/home/vvoxel/ros2_ws_mgr/install/ros_gz_sim/lib/python3.12/site-packages/ros_gz_sim'...
[3.464s] Listing '/home/vvoxel/ros2_ws_mgr/install/ros_gz_sim/lib/python3.12/site-packages/ros_gz_sim/actions'...
[3.468s] -- Up-to-date: /home/vvoxel/ros2_ws_mgr/install/ros_gz_sim/lib/libgzserver_component.so
[3.468s] -- Up-to-date: /home/vvoxel/ros2_ws_mgr/install/ros_gz_sim/lib/libros_gz_sim.so
[3.469s] -- Up-to-date: /home/vvoxel/ros2_ws_mgr/install/ros_gz_sim/share/ros_gz_sim/cmake/export_gzserver_componentExport.cmake
[3.469s] -- Up-to-date: /home/vvoxel/ros2_ws_mgr/install/ros_gz_sim/share/ros_gz_sim/cmake/export_gzserver_componentExport-noconfig.cmake
[3.469s] -- Up-to-date: /home/vvoxel/ros2_ws_mgr/install/ros_gz_sim/share/ros_gz_sim/cmake/ros_gz_simExport.cmake
[3.469s] -- Up-to-date: /home/vvoxel/ros2_ws_mgr/install/ros_gz_sim/share/ros_gz_sim/cmake/ros_gz_simExport-noconfig.cmake
[3.470s] Invoked command in '/home/vvoxel/ros2_ws_mgr/build/ros_gz_sim' returned '0': CMAKE_PREFIX_PATH=/home/vvoxel/ros2_ws_mgr/install/sim_launcher:/opt/ros/jazzy:${CMAKE_PREFIX_PATH} DEBUGINFOD_URLS=https://debuginfod.ubuntu.com /usr/bin/cmake --install /home/vvoxel/ros2_ws_mgr/build/ros_gz_sim
