[0.084s] Invoking command in '/home/vvoxel/ros2_ws_mgr/build/realsense2_camera_msgs': CMAKE_PREFIX_PATH=/home/vvoxel/ros2_ws_mgr/install/sim_launcher:/opt/ros/jazzy:${CMAKE_PREFIX_PATH} DEBUGINFOD_URLS=https://debuginfod.ubuntu.com /usr/bin/cmake --build /home/vvoxel/ros2_ws_mgr/build/realsense2_camera_msgs -- -j8 -l8
[0.357s] [  1%] Built target realsense2_camera_msgs__rosidl_generator_type_description
[0.439s] [  1%] Built target ament_cmake_python_symlink_realsense2_camera_msgs
[0.562s] [  2%] Built target realsense2_camera_msgs__cpp
[0.572s] [ 25%] Built target realsense2_camera_msgs__rosidl_generator_c
[0.758s] [ 35%] Built target realsense2_camera_msgs__rosidl_typesupport_introspection_c
[0.795s] [ 44%] Built target realsense2_camera_msgs__rosidl_typesupport_fastrtps_cpp
[0.798s] [ 54%] Built target realsense2_camera_msgs__rosidl_typesupport_cpp
[0.809s] [ 63%] Built target realsense2_camera_msgs__rosidl_typesupport_c
[0.837s] [ 72%] Built target realsense2_camera_msgs__rosidl_typesupport_fastrtps_c
[0.886s] [ 82%] Built target realsense2_camera_msgs__rosidl_typesupport_introspection_cpp
[1.054s] [ 82%] Built target realsense2_camera_msgs
[1.253s] [ 83%] Built target realsense2_camera_msgs__py
[1.404s] [ 91%] Built target realsense2_camera_msgs__rosidl_generator_py
[1.568s] [ 94%] Built target realsense2_camera_msgs_s__rosidl_typesupport_fastrtps_c
[1.568s] [ 97%] Built target realsense2_camera_msgs_s__rosidl_typesupport_introspection_c
[1.571s] [100%] Built target realsense2_camera_msgs_s__rosidl_typesupport_c
[2.528s] running egg_info
[2.543s] writing realsense2_camera_msgs.egg-info/PKG-INFO
[2.543s] writing dependency_links to realsense2_camera_msgs.egg-info/dependency_links.txt
[2.544s] writing top-level names to realsense2_camera_msgs.egg-info/top_level.txt
[2.738s] reading manifest file 'realsense2_camera_msgs.egg-info/SOURCES.txt'
[2.740s] writing manifest file 'realsense2_camera_msgs.egg-info/SOURCES.txt'
[2.796s] [100%] Built target ament_cmake_python_build_realsense2_camera_msgs_egg
[3.121s] Invoked command in '/home/vvoxel/ros2_ws_mgr/build/realsense2_camera_msgs' returned '0': CMAKE_PREFIX_PATH=/home/vvoxel/ros2_ws_mgr/install/sim_launcher:/opt/ros/jazzy:${CMAKE_PREFIX_PATH} DEBUGINFOD_URLS=https://debuginfod.ubuntu.com /usr/bin/cmake --build /home/vvoxel/ros2_ws_mgr/build/realsense2_camera_msgs -- -j8 -l8
[3.124s] Invoking command in '/home/vvoxel/ros2_ws_mgr/build/realsense2_camera_msgs': CMAKE_PREFIX_PATH=/home/vvoxel/ros2_ws_mgr/install/sim_launcher:/opt/ros/jazzy:${CMAKE_PREFIX_PATH} DEBUGINFOD_URLS=https://debuginfod.ubuntu.com /usr/bin/cmake --install /home/vvoxel/ros2_ws_mgr/build/realsense2_camera_msgs
[3.176s] -- Install configuration: ""
[3.177s] -- Execute custom install script
[3.183s] -- Up-to-date symlink: /home/vvoxel/ros2_ws_mgr/install/realsense2_camera_msgs/share/ament_index/resource_index/rosidl_interfaces/realsense2_camera_msgs
[3.183s] -- Up-to-date symlink: /home/vvoxel/ros2_ws_mgr/install/realsense2_camera_msgs/share/realsense2_camera_msgs/msg/IMUInfo.json
[3.184s] -- Up-to-date symlink: /home/vvoxel/ros2_ws_mgr/install/realsense2_camera_msgs/share/realsense2_camera_msgs/msg/Extrinsics.json
[3.187s] -- Up-to-date symlink: /home/vvoxel/ros2_ws_mgr/install/realsense2_camera_msgs/share/realsense2_camera_msgs/msg/Metadata.json
[3.189s] -- Up-to-date symlink: /home/vvoxel/ros2_ws_mgr/install/realsense2_camera_msgs/share/realsense2_camera_msgs/msg/RGBD.json
[3.192s] -- Up-to-date symlink: /home/vvoxel/ros2_ws_mgr/install/realsense2_camera_msgs/share/realsense2_camera_msgs/srv/DeviceInfo.json
[3.197s] -- Up-to-date symlink: /home/vvoxel/ros2_ws_mgr/install/realsense2_camera_msgs/include/realsense2_camera_msgs/realsense2_camera_msgs/msg/detail/extrinsics__functions.h
[3.203s] -- Up-to-date symlink: /home/vvoxel/ros2_ws_mgr/install/realsense2_camera_msgs/include/realsense2_camera_msgs/realsense2_camera_msgs/msg/detail/extrinsics__struct.h
[3.204s] -- Up-to-date symlink: /home/vvoxel/ros2_ws_mgr/install/realsense2_camera_msgs/include/realsense2_camera_msgs/realsense2_camera_msgs/msg/detail/extrinsics__type_support.h
[3.207s] -- Up-to-date symlink: /home/vvoxel/ros2_ws_mgr/install/realsense2_camera_msgs/include/realsense2_camera_msgs/realsense2_camera_msgs/msg/detail/imu_info__functions.h
[3.207s] -- Up-to-date symlink: /home/vvoxel/ros2_ws_mgr/install/realsense2_camera_msgs/include/realsense2_camera_msgs/realsense2_camera_msgs/msg/detail/imu_info__struct.h
[3.209s] -- Up-to-date symlink: /home/vvoxel/ros2_ws_mgr/install/realsense2_camera_msgs/include/realsense2_camera_msgs/realsense2_camera_msgs/msg/detail/imu_info__type_support.h
[3.209s] -- Up-to-date symlink: /home/vvoxel/ros2_ws_mgr/install/realsense2_camera_msgs/include/realsense2_camera_msgs/realsense2_camera_msgs/msg/detail/metadata__functions.h
[3.214s] -- Up-to-date symlink: /home/vvoxel/ros2_ws_mgr/install/realsense2_camera_msgs/include/realsense2_camera_msgs/realsense2_camera_msgs/msg/detail/metadata__struct.h
[3.215s] -- Up-to-date symlink: /home/vvoxel/ros2_ws_mgr/install/realsense2_camera_msgs/include/realsense2_camera_msgs/realsense2_camera_msgs/msg/detail/metadata__type_support.h
[3.218s] -- Up-to-date symlink: /home/vvoxel/ros2_ws_mgr/install/realsense2_camera_msgs/include/realsense2_camera_msgs/realsense2_camera_msgs/msg/detail/rgbd__functions.h
[3.221s] -- Up-to-date symlink: /home/vvoxel/ros2_ws_mgr/install/realsense2_camera_msgs/include/realsense2_camera_msgs/realsense2_camera_msgs/msg/detail/rgbd__struct.h
[3.221s] -- Up-to-date symlink: /home/vvoxel/ros2_ws_mgr/install/realsense2_camera_msgs/include/realsense2_camera_msgs/realsense2_camera_msgs/msg/detail/rgbd__type_support.h
[3.221s] -- Up-to-date symlink: /home/vvoxel/ros2_ws_mgr/install/realsense2_camera_msgs/include/realsense2_camera_msgs/realsense2_camera_msgs/msg/extrinsics.h
[3.222s] -- Up-to-date symlink: /home/vvoxel/ros2_ws_mgr/install/realsense2_camera_msgs/include/realsense2_camera_msgs/realsense2_camera_msgs/msg/imu_info.h
[3.223s] -- Up-to-date symlink: /home/vvoxel/ros2_ws_mgr/install/realsense2_camera_msgs/include/realsense2_camera_msgs/realsense2_camera_msgs/msg/metadata.h
[3.225s] -- Up-to-date symlink: /home/vvoxel/ros2_ws_mgr/install/realsense2_camera_msgs/include/realsense2_camera_msgs/realsense2_camera_msgs/msg/rgbd.h
[3.232s] -- Up-to-date symlink: /home/vvoxel/ros2_ws_mgr/install/realsense2_camera_msgs/include/realsense2_camera_msgs/realsense2_camera_msgs/msg/rosidl_generator_c__visibility_control.h
[3.233s] -- Up-to-date symlink: /home/vvoxel/ros2_ws_mgr/install/realsense2_camera_msgs/include/realsense2_camera_msgs/realsense2_camera_msgs/srv/detail/device_info__functions.h
[3.233s] -- Up-to-date symlink: /home/vvoxel/ros2_ws_mgr/install/realsense2_camera_msgs/include/realsense2_camera_msgs/realsense2_camera_msgs/srv/detail/device_info__struct.h
[3.234s] -- Up-to-date symlink: /home/vvoxel/ros2_ws_mgr/install/realsense2_camera_msgs/include/realsense2_camera_msgs/realsense2_camera_msgs/srv/detail/device_info__type_support.h
[3.234s] -- Up-to-date symlink: /home/vvoxel/ros2_ws_mgr/install/realsense2_camera_msgs/include/realsense2_camera_msgs/realsense2_camera_msgs/srv/device_info.h
[3.234s] -- Up-to-date symlink: /home/vvoxel/ros2_ws_mgr/install/realsense2_camera_msgs/share/realsense2_camera_msgs/environment/library_path.sh
[3.234s] -- Up-to-date symlink: /home/vvoxel/ros2_ws_mgr/install/realsense2_camera_msgs/share/realsense2_camera_msgs/environment/library_path.dsv
[3.238s] -- Up-to-date symlink: /home/vvoxel/ros2_ws_mgr/install/realsense2_camera_msgs/include/realsense2_camera_msgs/realsense2_camera_msgs/msg/detail/extrinsics__rosidl_typesupport_fastrtps_c.h
[3.238s] -- Up-to-date symlink: /home/vvoxel/ros2_ws_mgr/install/realsense2_camera_msgs/include/realsense2_camera_msgs/realsense2_camera_msgs/msg/detail/imu_info__rosidl_typesupport_fastrtps_c.h
[3.239s] -- Up-to-date symlink: /home/vvoxel/ros2_ws_mgr/install/realsense2_camera_msgs/include/realsense2_camera_msgs/realsense2_camera_msgs/msg/detail/metadata__rosidl_typesupport_fastrtps_c.h
[3.239s] -- Up-to-date symlink: /home/vvoxel/ros2_ws_mgr/install/realsense2_camera_msgs/include/realsense2_camera_msgs/realsense2_camera_msgs/msg/detail/rgbd__rosidl_typesupport_fastrtps_c.h
[3.240s] -- Up-to-date symlink: /home/vvoxel/ros2_ws_mgr/install/realsense2_camera_msgs/include/realsense2_camera_msgs/realsense2_camera_msgs/msg/rosidl_typesupport_fastrtps_c__visibility_control.h
[3.242s] -- Up-to-date symlink: /home/vvoxel/ros2_ws_mgr/install/realsense2_camera_msgs/include/realsense2_camera_msgs/realsense2_camera_msgs/srv/detail/device_info__rosidl_typesupport_fastrtps_c.h
[3.246s] -- Up-to-date symlink: /home/vvoxel/ros2_ws_mgr/install/realsense2_camera_msgs/include/realsense2_camera_msgs/realsense2_camera_msgs/msg/detail/extrinsics__rosidl_typesupport_introspection_c.h
[3.246s] -- Up-to-date symlink: /home/vvoxel/ros2_ws_mgr/install/realsense2_camera_msgs/include/realsense2_camera_msgs/realsense2_camera_msgs/msg/detail/imu_info__rosidl_typesupport_introspection_c.h
[3.246s] -- Up-to-date symlink: /home/vvoxel/ros2_ws_mgr/install/realsense2_camera_msgs/include/realsense2_camera_msgs/realsense2_camera_msgs/msg/detail/metadata__rosidl_typesupport_introspection_c.h
[3.247s] -- Up-to-date symlink: /home/vvoxel/ros2_ws_mgr/install/realsense2_camera_msgs/include/realsense2_camera_msgs/realsense2_camera_msgs/msg/detail/rgbd__rosidl_typesupport_introspection_c.h
[3.247s] -- Up-to-date symlink: /home/vvoxel/ros2_ws_mgr/install/realsense2_camera_msgs/include/realsense2_camera_msgs/realsense2_camera_msgs/msg/rosidl_typesupport_introspection_c__visibility_control.h
[3.247s] -- Up-to-date symlink: /home/vvoxel/ros2_ws_mgr/install/realsense2_camera_msgs/include/realsense2_camera_msgs/realsense2_camera_msgs/srv/detail/device_info__rosidl_typesupport_introspection_c.h
[3.248s] -- Up-to-date symlink: /home/vvoxel/ros2_ws_mgr/install/realsense2_camera_msgs/include/realsense2_camera_msgs/realsense2_camera_msgs/msg/detail/extrinsics__builder.hpp
[3.254s] -- Up-to-date symlink: /home/vvoxel/ros2_ws_mgr/install/realsense2_camera_msgs/include/realsense2_camera_msgs/realsense2_camera_msgs/msg/detail/extrinsics__struct.hpp
[3.254s] -- Up-to-date symlink: /home/vvoxel/ros2_ws_mgr/install/realsense2_camera_msgs/include/realsense2_camera_msgs/realsense2_camera_msgs/msg/detail/extrinsics__traits.hpp
[3.254s] -- Up-to-date symlink: /home/vvoxel/ros2_ws_mgr/install/realsense2_camera_msgs/include/realsense2_camera_msgs/realsense2_camera_msgs/msg/detail/extrinsics__type_support.hpp
[3.255s] -- Up-to-date symlink: /home/vvoxel/ros2_ws_mgr/install/realsense2_camera_msgs/include/realsense2_camera_msgs/realsense2_camera_msgs/msg/detail/imu_info__builder.hpp
[3.255s] -- Up-to-date symlink: /home/vvoxel/ros2_ws_mgr/install/realsense2_camera_msgs/include/realsense2_camera_msgs/realsense2_camera_msgs/msg/detail/imu_info__struct.hpp
[3.255s] -- Up-to-date symlink: /home/vvoxel/ros2_ws_mgr/install/realsense2_camera_msgs/include/realsense2_camera_msgs/realsense2_camera_msgs/msg/detail/imu_info__traits.hpp
[3.256s] -- Up-to-date symlink: /home/vvoxel/ros2_ws_mgr/install/realsense2_camera_msgs/include/realsense2_camera_msgs/realsense2_camera_msgs/msg/detail/imu_info__type_support.hpp
[3.256s] -- Up-to-date symlink: /home/vvoxel/ros2_ws_mgr/install/realsense2_camera_msgs/include/realsense2_camera_msgs/realsense2_camera_msgs/msg/detail/metadata__builder.hpp
[3.257s] -- Up-to-date symlink: /home/vvoxel/ros2_ws_mgr/install/realsense2_camera_msgs/include/realsense2_camera_msgs/realsense2_camera_msgs/msg/detail/metadata__struct.hpp
[3.259s] -- Up-to-date symlink: /home/vvoxel/ros2_ws_mgr/install/realsense2_camera_msgs/include/realsense2_camera_msgs/realsense2_camera_msgs/msg/detail/metadata__traits.hpp
[3.259s] -- Up-to-date symlink: /home/vvoxel/ros2_ws_mgr/install/realsense2_camera_msgs/include/realsense2_camera_msgs/realsense2_camera_msgs/msg/detail/metadata__type_support.hpp
[3.259s] -- Up-to-date symlink: /home/vvoxel/ros2_ws_mgr/install/realsense2_camera_msgs/include/realsense2_camera_msgs/realsense2_camera_msgs/msg/detail/rgbd__builder.hpp
[3.263s] -- Up-to-date symlink: /home/vvoxel/ros2_ws_mgr/install/realsense2_camera_msgs/include/realsense2_camera_msgs/realsense2_camera_msgs/msg/detail/rgbd__struct.hpp
[3.264s] -- Up-to-date symlink: /home/vvoxel/ros2_ws_mgr/install/realsense2_camera_msgs/include/realsense2_camera_msgs/realsense2_camera_msgs/msg/detail/rgbd__traits.hpp
[3.264s] -- Up-to-date symlink: /home/vvoxel/ros2_ws_mgr/install/realsense2_camera_msgs/include/realsense2_camera_msgs/realsense2_camera_msgs/msg/detail/rgbd__type_support.hpp
[3.264s] -- Up-to-date symlink: /home/vvoxel/ros2_ws_mgr/install/realsense2_camera_msgs/include/realsense2_camera_msgs/realsense2_camera_msgs/msg/extrinsics.hpp
[3.264s] -- Up-to-date symlink: /home/vvoxel/ros2_ws_mgr/install/realsense2_camera_msgs/include/realsense2_camera_msgs/realsense2_camera_msgs/msg/imu_info.hpp
[3.265s] -- Up-to-date symlink: /home/vvoxel/ros2_ws_mgr/install/realsense2_camera_msgs/include/realsense2_camera_msgs/realsense2_camera_msgs/msg/metadata.hpp
[3.265s] -- Up-to-date symlink: /home/vvoxel/ros2_ws_mgr/install/realsense2_camera_msgs/include/realsense2_camera_msgs/realsense2_camera_msgs/msg/rgbd.hpp
[3.266s] -- Up-to-date symlink: /home/vvoxel/ros2_ws_mgr/install/realsense2_camera_msgs/include/realsense2_camera_msgs/realsense2_camera_msgs/msg/rosidl_generator_cpp__visibility_control.hpp
[3.268s] -- Up-to-date symlink: /home/vvoxel/ros2_ws_mgr/install/realsense2_camera_msgs/include/realsense2_camera_msgs/realsense2_camera_msgs/srv/detail/device_info__builder.hpp
[3.268s] -- Up-to-date symlink: /home/vvoxel/ros2_ws_mgr/install/realsense2_camera_msgs/include/realsense2_camera_msgs/realsense2_camera_msgs/srv/detail/device_info__struct.hpp
[3.269s] -- Up-to-date symlink: /home/vvoxel/ros2_ws_mgr/install/realsense2_camera_msgs/include/realsense2_camera_msgs/realsense2_camera_msgs/srv/detail/device_info__traits.hpp
[3.270s] -- Up-to-date symlink: /home/vvoxel/ros2_ws_mgr/install/realsense2_camera_msgs/include/realsense2_camera_msgs/realsense2_camera_msgs/srv/detail/device_info__type_support.hpp
[3.270s] -- Up-to-date symlink: /home/vvoxel/ros2_ws_mgr/install/realsense2_camera_msgs/include/realsense2_camera_msgs/realsense2_camera_msgs/srv/device_info.hpp
[3.273s] -- Up-to-date symlink: /home/vvoxel/ros2_ws_mgr/install/realsense2_camera_msgs/include/realsense2_camera_msgs/realsense2_camera_msgs/msg/detail/extrinsics__rosidl_typesupport_fastrtps_cpp.hpp
[3.275s] -- Up-to-date symlink: /home/vvoxel/ros2_ws_mgr/install/realsense2_camera_msgs/include/realsense2_camera_msgs/realsense2_camera_msgs/msg/detail/imu_info__rosidl_typesupport_fastrtps_cpp.hpp
[3.276s] -- Up-to-date symlink: /home/vvoxel/ros2_ws_mgr/install/realsense2_camera_msgs/include/realsense2_camera_msgs/realsense2_camera_msgs/msg/detail/metadata__rosidl_typesupport_fastrtps_cpp.hpp
[3.276s] -- Up-to-date symlink: /home/vvoxel/ros2_ws_mgr/install/realsense2_camera_msgs/include/realsense2_camera_msgs/realsense2_camera_msgs/msg/detail/rgbd__rosidl_typesupport_fastrtps_cpp.hpp
[3.276s] -- Up-to-date symlink: /home/vvoxel/ros2_ws_mgr/install/realsense2_camera_msgs/include/realsense2_camera_msgs/realsense2_camera_msgs/msg/rosidl_typesupport_fastrtps_cpp__visibility_control.h
[3.276s] -- Up-to-date symlink: /home/vvoxel/ros2_ws_mgr/install/realsense2_camera_msgs/include/realsense2_camera_msgs/realsense2_camera_msgs/srv/detail/device_info__rosidl_typesupport_fastrtps_cpp.hpp
[3.277s] -- Up-to-date symlink: /home/vvoxel/ros2_ws_mgr/install/realsense2_camera_msgs/include/realsense2_camera_msgs/realsense2_camera_msgs/msg/detail/extrinsics__rosidl_typesupport_introspection_cpp.hpp
[3.278s] -- Up-to-date symlink: /home/vvoxel/ros2_ws_mgr/install/realsense2_camera_msgs/include/realsense2_camera_msgs/realsense2_camera_msgs/msg/detail/imu_info__rosidl_typesupport_introspection_cpp.hpp
[3.278s] -- Up-to-date symlink: /home/vvoxel/ros2_ws_mgr/install/realsense2_camera_msgs/include/realsense2_camera_msgs/realsense2_camera_msgs/msg/detail/metadata__rosidl_typesupport_introspection_cpp.hpp
[3.279s] -- Up-to-date symlink: /home/vvoxel/ros2_ws_mgr/install/realsense2_camera_msgs/include/realsense2_camera_msgs/realsense2_camera_msgs/msg/detail/rgbd__rosidl_typesupport_introspection_cpp.hpp
[3.279s] -- Up-to-date symlink: /home/vvoxel/ros2_ws_mgr/install/realsense2_camera_msgs/include/realsense2_camera_msgs/realsense2_camera_msgs/srv/detail/device_info__rosidl_typesupport_introspection_cpp.hpp
[3.280s] -- Up-to-date symlink: /home/vvoxel/ros2_ws_mgr/install/realsense2_camera_msgs/share/realsense2_camera_msgs/environment/pythonpath.sh
[3.280s] -- Up-to-date symlink: /home/vvoxel/ros2_ws_mgr/install/realsense2_camera_msgs/share/realsense2_camera_msgs/environment/pythonpath.dsv
[3.283s] -- Up-to-date symlink: /home/vvoxel/ros2_ws_mgr/install/realsense2_camera_msgs/lib/python3.12/site-packages/realsense2_camera_msgs-4.55.1-py3.12.egg-info/PKG-INFO
[3.284s] -- Up-to-date symlink: /home/vvoxel/ros2_ws_mgr/install/realsense2_camera_msgs/lib/python3.12/site-packages/realsense2_camera_msgs-4.55.1-py3.12.egg-info/SOURCES.txt
[3.284s] -- Up-to-date symlink: /home/vvoxel/ros2_ws_mgr/install/realsense2_camera_msgs/lib/python3.12/site-packages/realsense2_camera_msgs-4.55.1-py3.12.egg-info/dependency_links.txt
[3.285s] -- Up-to-date symlink: /home/vvoxel/ros2_ws_mgr/install/realsense2_camera_msgs/lib/python3.12/site-packages/realsense2_camera_msgs-4.55.1-py3.12.egg-info/top_level.txt
[3.288s] -- Up-to-date symlink: /home/vvoxel/ros2_ws_mgr/install/realsense2_camera_msgs/lib/python3.12/site-packages/realsense2_camera_msgs/__init__.py
[3.289s] -- Up-to-date symlink: /home/vvoxel/ros2_ws_mgr/install/realsense2_camera_msgs/lib/python3.12/site-packages/realsense2_camera_msgs/_realsense2_camera_msgs_s.ep.rosidl_typesupport_c.c
[3.290s] -- Up-to-date symlink: /home/vvoxel/ros2_ws_mgr/install/realsense2_camera_msgs/lib/python3.12/site-packages/realsense2_camera_msgs/_realsense2_camera_msgs_s.ep.rosidl_typesupport_fastrtps_c.c
[3.290s] -- Up-to-date symlink: /home/vvoxel/ros2_ws_mgr/install/realsense2_camera_msgs/lib/python3.12/site-packages/realsense2_camera_msgs/_realsense2_camera_msgs_s.ep.rosidl_typesupport_introspection_c.c
[3.291s] -- Up-to-date symlink: /home/vvoxel/ros2_ws_mgr/install/realsense2_camera_msgs/lib/python3.12/site-packages/realsense2_camera_msgs/msg/__init__.py
[3.291s] -- Up-to-date symlink: /home/vvoxel/ros2_ws_mgr/install/realsense2_camera_msgs/lib/python3.12/site-packages/realsense2_camera_msgs/msg/_extrinsics.py
[3.292s] -- Up-to-date symlink: /home/vvoxel/ros2_ws_mgr/install/realsense2_camera_msgs/lib/python3.12/site-packages/realsense2_camera_msgs/msg/_extrinsics_s.c
[3.293s] -- Up-to-date symlink: /home/vvoxel/ros2_ws_mgr/install/realsense2_camera_msgs/lib/python3.12/site-packages/realsense2_camera_msgs/msg/_imu_info.py
[3.294s] -- Up-to-date symlink: /home/vvoxel/ros2_ws_mgr/install/realsense2_camera_msgs/lib/python3.12/site-packages/realsense2_camera_msgs/msg/_imu_info_s.c
[3.294s] -- Up-to-date symlink: /home/vvoxel/ros2_ws_mgr/install/realsense2_camera_msgs/lib/python3.12/site-packages/realsense2_camera_msgs/msg/_metadata.py
[3.294s] -- Up-to-date symlink: /home/vvoxel/ros2_ws_mgr/install/realsense2_camera_msgs/lib/python3.12/site-packages/realsense2_camera_msgs/msg/_metadata_s.c
[3.295s] -- Up-to-date symlink: /home/vvoxel/ros2_ws_mgr/install/realsense2_camera_msgs/lib/python3.12/site-packages/realsense2_camera_msgs/msg/_rgbd.py
[3.296s] -- Up-to-date symlink: /home/vvoxel/ros2_ws_mgr/install/realsense2_camera_msgs/lib/python3.12/site-packages/realsense2_camera_msgs/msg/_rgbd_s.c
[3.296s] -- Up-to-date symlink: /home/vvoxel/ros2_ws_mgr/install/realsense2_camera_msgs/lib/python3.12/site-packages/realsense2_camera_msgs/realsense2_camera_msgs_s__rosidl_typesupport_c.so
[3.297s] -- Up-to-date symlink: /home/vvoxel/ros2_ws_mgr/install/realsense2_camera_msgs/lib/python3.12/site-packages/realsense2_camera_msgs/realsense2_camera_msgs_s__rosidl_typesupport_fastrtps_c.so
[3.297s] -- Up-to-date symlink: /home/vvoxel/ros2_ws_mgr/install/realsense2_camera_msgs/lib/python3.12/site-packages/realsense2_camera_msgs/realsense2_camera_msgs_s__rosidl_typesupport_introspection_c.so
[3.297s] -- Up-to-date symlink: /home/vvoxel/ros2_ws_mgr/install/realsense2_camera_msgs/lib/python3.12/site-packages/realsense2_camera_msgs/srv/__init__.py
[3.299s] -- Up-to-date symlink: /home/vvoxel/ros2_ws_mgr/install/realsense2_camera_msgs/lib/python3.12/site-packages/realsense2_camera_msgs/srv/_device_info.py
[3.299s] -- Up-to-date symlink: /home/vvoxel/ros2_ws_mgr/install/realsense2_camera_msgs/lib/python3.12/site-packages/realsense2_camera_msgs/srv/_device_info_s.c
[3.299s] -- Up-to-date symlink: /home/vvoxel/ros2_ws_mgr/install/realsense2_camera_msgs/lib/python3.12/site-packages/realsense2_camera_msgs/realsense2_camera_msgs_s__rosidl_typesupport_fastrtps_c.so
[3.300s] -- Up-to-date symlink: /home/vvoxel/ros2_ws_mgr/install/realsense2_camera_msgs/lib/python3.12/site-packages/realsense2_camera_msgs/realsense2_camera_msgs_s__rosidl_typesupport_introspection_c.so
[3.301s] -- Up-to-date symlink: /home/vvoxel/ros2_ws_mgr/install/realsense2_camera_msgs/lib/python3.12/site-packages/realsense2_camera_msgs/realsense2_camera_msgs_s__rosidl_typesupport_c.so
[3.302s] -- Up-to-date symlink: /home/vvoxel/ros2_ws_mgr/install/realsense2_camera_msgs/share/realsense2_camera_msgs/msg/IMUInfo.idl
[3.303s] -- Up-to-date symlink: /home/vvoxel/ros2_ws_mgr/install/realsense2_camera_msgs/share/realsense2_camera_msgs/msg/Extrinsics.idl
[3.304s] -- Up-to-date symlink: /home/vvoxel/ros2_ws_mgr/install/realsense2_camera_msgs/share/realsense2_camera_msgs/msg/Metadata.idl
[3.304s] -- Up-to-date symlink: /home/vvoxel/ros2_ws_mgr/install/realsense2_camera_msgs/share/realsense2_camera_msgs/msg/RGBD.idl
[3.305s] -- Up-to-date symlink: /home/vvoxel/ros2_ws_mgr/install/realsense2_camera_msgs/share/realsense2_camera_msgs/srv/DeviceInfo.idl
[3.305s] -- Up-to-date symlink: /home/vvoxel/ros2_ws_mgr/install/realsense2_camera_msgs/share/realsense2_camera_msgs/msg/IMUInfo.msg
[3.306s] -- Up-to-date symlink: /home/vvoxel/ros2_ws_mgr/install/realsense2_camera_msgs/share/realsense2_camera_msgs/msg/Extrinsics.msg
[3.306s] -- Up-to-date symlink: /home/vvoxel/ros2_ws_mgr/install/realsense2_camera_msgs/share/realsense2_camera_msgs/msg/Metadata.msg
[3.307s] -- Up-to-date symlink: /home/vvoxel/ros2_ws_mgr/install/realsense2_camera_msgs/share/realsense2_camera_msgs/msg/RGBD.msg
[3.307s] -- Up-to-date symlink: /home/vvoxel/ros2_ws_mgr/install/realsense2_camera_msgs/share/realsense2_camera_msgs/srv/DeviceInfo.srv
[3.307s] -- Up-to-date symlink: /home/vvoxel/ros2_ws_mgr/install/realsense2_camera_msgs/share/ament_index/resource_index/package_run_dependencies/realsense2_camera_msgs
[3.308s] -- Up-to-date symlink: /home/vvoxel/ros2_ws_mgr/install/realsense2_camera_msgs/share/ament_index/resource_index/parent_prefix_path/realsense2_camera_msgs
[3.317s] -- Up-to-date symlink: /home/vvoxel/ros2_ws_mgr/install/realsense2_camera_msgs/share/realsense2_camera_msgs/environment/ament_prefix_path.sh
[3.317s] -- Up-to-date symlink: /home/vvoxel/ros2_ws_mgr/install/realsense2_camera_msgs/share/realsense2_camera_msgs/environment/ament_prefix_path.dsv
[3.318s] -- Up-to-date symlink: /home/vvoxel/ros2_ws_mgr/install/realsense2_camera_msgs/share/realsense2_camera_msgs/environment/path.sh
[3.318s] -- Up-to-date symlink: /home/vvoxel/ros2_ws_mgr/install/realsense2_camera_msgs/share/realsense2_camera_msgs/environment/path.dsv
[3.318s] -- Up-to-date symlink: /home/vvoxel/ros2_ws_mgr/install/realsense2_camera_msgs/share/realsense2_camera_msgs/local_setup.bash
[3.318s] -- Up-to-date symlink: /home/vvoxel/ros2_ws_mgr/install/realsense2_camera_msgs/share/realsense2_camera_msgs/local_setup.sh
[3.319s] -- Up-to-date symlink: /home/vvoxel/ros2_ws_mgr/install/realsense2_camera_msgs/share/realsense2_camera_msgs/local_setup.zsh
[3.319s] -- Up-to-date symlink: /home/vvoxel/ros2_ws_mgr/install/realsense2_camera_msgs/share/realsense2_camera_msgs/local_setup.dsv
[3.319s] -- Symlinking: /home/vvoxel/ros2_ws_mgr/install/realsense2_camera_msgs/share/realsense2_camera_msgs/package.dsv
[3.347s] -- Up-to-date symlink: /home/vvoxel/ros2_ws_mgr/install/realsense2_camera_msgs/share/ament_index/resource_index/packages/realsense2_camera_msgs
[3.349s] -- Up-to-date symlink: /home/vvoxel/ros2_ws_mgr/install/realsense2_camera_msgs/share/realsense2_camera_msgs/cmake/rosidl_cmake-extras.cmake
[3.349s] -- Up-to-date symlink: /home/vvoxel/ros2_ws_mgr/install/realsense2_camera_msgs/share/realsense2_camera_msgs/cmake/ament_cmake_export_dependencies-extras.cmake
[3.349s] -- Up-to-date symlink: /home/vvoxel/ros2_ws_mgr/install/realsense2_camera_msgs/share/realsense2_camera_msgs/cmake/ament_cmake_export_include_directories-extras.cmake
[3.350s] -- Up-to-date symlink: /home/vvoxel/ros2_ws_mgr/install/realsense2_camera_msgs/share/realsense2_camera_msgs/cmake/ament_cmake_export_libraries-extras.cmake
[3.350s] -- Up-to-date symlink: /home/vvoxel/ros2_ws_mgr/install/realsense2_camera_msgs/share/realsense2_camera_msgs/cmake/ament_cmake_export_targets-extras.cmake
[3.353s] -- Up-to-date symlink: /home/vvoxel/ros2_ws_mgr/install/realsense2_camera_msgs/share/realsense2_camera_msgs/cmake/rosidl_cmake_export_typesupport_targets-extras.cmake
[3.354s] -- Up-to-date symlink: /home/vvoxel/ros2_ws_mgr/install/realsense2_camera_msgs/share/realsense2_camera_msgs/cmake/rosidl_cmake_export_typesupport_libraries-extras.cmake
[3.354s] -- Up-to-date symlink: /home/vvoxel/ros2_ws_mgr/install/realsense2_camera_msgs/share/realsense2_camera_msgs/cmake/realsense2_camera_msgsConfig.cmake
[3.354s] -- Up-to-date symlink: /home/vvoxel/ros2_ws_mgr/install/realsense2_camera_msgs/share/realsense2_camera_msgs/cmake/realsense2_camera_msgsConfig-version.cmake
[3.354s] -- Up-to-date symlink: /home/vvoxel/ros2_ws_mgr/install/realsense2_camera_msgs/share/realsense2_camera_msgs/package.xml
[3.355s] -- Up-to-date: /home/vvoxel/ros2_ws_mgr/install/realsense2_camera_msgs/lib/librealsense2_camera_msgs__rosidl_generator_c.so
[3.355s] -- Up-to-date: /home/vvoxel/ros2_ws_mgr/install/realsense2_camera_msgs/lib/librealsense2_camera_msgs__rosidl_typesupport_fastrtps_c.so
[3.357s] -- Up-to-date: /home/vvoxel/ros2_ws_mgr/install/realsense2_camera_msgs/lib/librealsense2_camera_msgs__rosidl_typesupport_introspection_c.so
[3.357s] -- Up-to-date: /home/vvoxel/ros2_ws_mgr/install/realsense2_camera_msgs/lib/librealsense2_camera_msgs__rosidl_typesupport_c.so
[3.357s] -- Up-to-date: /home/vvoxel/ros2_ws_mgr/install/realsense2_camera_msgs/lib/librealsense2_camera_msgs__rosidl_typesupport_fastrtps_cpp.so
[3.357s] -- Up-to-date: /home/vvoxel/ros2_ws_mgr/install/realsense2_camera_msgs/lib/librealsense2_camera_msgs__rosidl_typesupport_introspection_cpp.so
[3.358s] -- Up-to-date: /home/vvoxel/ros2_ws_mgr/install/realsense2_camera_msgs/lib/librealsense2_camera_msgs__rosidl_typesupport_cpp.so
[3.402s] Listing '/home/vvoxel/ros2_ws_mgr/install/realsense2_camera_msgs/lib/python3.12/site-packages/realsense2_camera_msgs'...
[3.402s] Listing '/home/vvoxel/ros2_ws_mgr/install/realsense2_camera_msgs/lib/python3.12/site-packages/realsense2_camera_msgs/msg'...
[3.403s] Listing '/home/vvoxel/ros2_ws_mgr/install/realsense2_camera_msgs/lib/python3.12/site-packages/realsense2_camera_msgs/srv'...
[3.403s] -- Up-to-date: /home/vvoxel/ros2_ws_mgr/install/realsense2_camera_msgs/lib/librealsense2_camera_msgs__rosidl_generator_py.so
[3.403s] -- Up-to-date: /home/vvoxel/ros2_ws_mgr/install/realsense2_camera_msgs/share/realsense2_camera_msgs/cmake/export_realsense2_camera_msgs__rosidl_generator_cExport.cmake
[3.403s] -- Up-to-date: /home/vvoxel/ros2_ws_mgr/install/realsense2_camera_msgs/share/realsense2_camera_msgs/cmake/export_realsense2_camera_msgs__rosidl_generator_cExport-noconfig.cmake
[3.403s] -- Up-to-date: /home/vvoxel/ros2_ws_mgr/install/realsense2_camera_msgs/share/realsense2_camera_msgs/cmake/export_realsense2_camera_msgs__rosidl_typesupport_fastrtps_cExport.cmake
[3.403s] -- Up-to-date: /home/vvoxel/ros2_ws_mgr/install/realsense2_camera_msgs/share/realsense2_camera_msgs/cmake/export_realsense2_camera_msgs__rosidl_typesupport_fastrtps_cExport-noconfig.cmake
[3.403s] -- Up-to-date: /home/vvoxel/ros2_ws_mgr/install/realsense2_camera_msgs/share/realsense2_camera_msgs/cmake/realsense2_camera_msgs__rosidl_typesupport_introspection_cExport.cmake
[3.404s] -- Up-to-date: /home/vvoxel/ros2_ws_mgr/install/realsense2_camera_msgs/share/realsense2_camera_msgs/cmake/realsense2_camera_msgs__rosidl_typesupport_introspection_cExport-noconfig.cmake
[3.404s] -- Up-to-date: /home/vvoxel/ros2_ws_mgr/install/realsense2_camera_msgs/share/realsense2_camera_msgs/cmake/realsense2_camera_msgs__rosidl_typesupport_cExport.cmake
[3.404s] -- Up-to-date: /home/vvoxel/ros2_ws_mgr/install/realsense2_camera_msgs/share/realsense2_camera_msgs/cmake/realsense2_camera_msgs__rosidl_typesupport_cExport-noconfig.cmake
[3.404s] -- Up-to-date: /home/vvoxel/ros2_ws_mgr/install/realsense2_camera_msgs/share/realsense2_camera_msgs/cmake/export_realsense2_camera_msgs__rosidl_generator_cppExport.cmake
[3.404s] -- Up-to-date: /home/vvoxel/ros2_ws_mgr/install/realsense2_camera_msgs/share/realsense2_camera_msgs/cmake/export_realsense2_camera_msgs__rosidl_typesupport_fastrtps_cppExport.cmake
[3.404s] -- Up-to-date: /home/vvoxel/ros2_ws_mgr/install/realsense2_camera_msgs/share/realsense2_camera_msgs/cmake/export_realsense2_camera_msgs__rosidl_typesupport_fastrtps_cppExport-noconfig.cmake
[3.405s] -- Up-to-date: /home/vvoxel/ros2_ws_mgr/install/realsense2_camera_msgs/share/realsense2_camera_msgs/cmake/realsense2_camera_msgs__rosidl_typesupport_introspection_cppExport.cmake
[3.405s] -- Up-to-date: /home/vvoxel/ros2_ws_mgr/install/realsense2_camera_msgs/share/realsense2_camera_msgs/cmake/realsense2_camera_msgs__rosidl_typesupport_introspection_cppExport-noconfig.cmake
[3.405s] -- Up-to-date: /home/vvoxel/ros2_ws_mgr/install/realsense2_camera_msgs/share/realsense2_camera_msgs/cmake/realsense2_camera_msgs__rosidl_typesupport_cppExport.cmake
[3.405s] -- Up-to-date: /home/vvoxel/ros2_ws_mgr/install/realsense2_camera_msgs/share/realsense2_camera_msgs/cmake/realsense2_camera_msgs__rosidl_typesupport_cppExport-noconfig.cmake
[3.405s] -- Up-to-date: /home/vvoxel/ros2_ws_mgr/install/realsense2_camera_msgs/share/realsense2_camera_msgs/cmake/export_realsense2_camera_msgs__rosidl_generator_pyExport.cmake
[3.405s] -- Up-to-date: /home/vvoxel/ros2_ws_mgr/install/realsense2_camera_msgs/share/realsense2_camera_msgs/cmake/export_realsense2_camera_msgs__rosidl_generator_pyExport-noconfig.cmake
[3.484s] Invoked command in '/home/vvoxel/ros2_ws_mgr/build/realsense2_camera_msgs' returned '0': CMAKE_PREFIX_PATH=/home/vvoxel/ros2_ws_mgr/install/sim_launcher:/opt/ros/jazzy:${CMAKE_PREFIX_PATH} DEBUGINFOD_URLS=https://debuginfod.ubuntu.com /usr/bin/cmake --install /home/vvoxel/ros2_ws_mgr/build/realsense2_camera_msgs
