[0.085s] Invoking command in '/home/vvoxel/ros2_ws_mgr/build/anglecalc': CMAKE_PREFIX_PATH=${CMAKE_PREFIX_PATH}:/home/vvoxel/ros2_ws_mgr/install/sim_launcher:/opt/ros/jazzy DEBUGINFOD_URLS=https://debuginfod.ubuntu.com /usr/bin/cmake --build /home/vvoxel/ros2_ws_mgr/build/anglecalc -- -j8 -l8
[0.176s] -- Found ament_cmake: 2.5.3 (/opt/ros/jazzy/share/ament_cmake/cmake)
[1.293s] -- Found rclcpp: 28.1.8 (/opt/ros/jazzy/share/rclcpp/cmake)
[1.483s] -- Found rosidl_generator_c: 4.6.5 (/opt/ros/jazzy/share/rosidl_generator_c/cmake)
[1.551s] -- Found rosidl_generator_cpp: 4.6.5 (/opt/ros/jazzy/share/rosidl_generator_cpp/cmake)
[1.610s] -- Using all available rosidl_typesupport_c: rosidl_typesupport_fastrtps_c;rosidl_typesupport_introspection_c
[1.675s] -- Using all available rosidl_typesupport_cpp: rosidl_typesupport_fastrtps_cpp;rosidl_typesupport_introspection_cpp
[1.983s] -- Found rmw_implementation_cmake: 7.3.2 (/opt/ros/jazzy/share/rmw_implementation_cmake/cmake)
[1.988s] -- Found rmw_fastrtps_cpp: 8.4.2 (/opt/ros/jazzy/share/rmw_fastrtps_cpp/cmake)
[2.203s] -- Using RMW implementation 'rmw_fastrtps_cpp' as default
[2.437s] -- Found tf2_msgs: 0.36.9 (/opt/ros/jazzy/share/tf2_msgs/cmake)
[2.740s] -- Found tf2: 0.36.9 (/opt/ros/jazzy/share/tf2/cmake)
[2.753s] -- Found geometry2: 0.36.9 (/opt/ros/jazzy/share/geometry2/cmake)
[2.754s] -- Found ament_lint_auto: 0.17.2 (/opt/ros/jazzy/share/ament_lint_auto/cmake)
[3.017s] -- Added test 'cppcheck' to perform static code analysis on C / C++ code
[3.017s] -- Configured cppcheck include dirs: 
[3.017s] -- Configured cppcheck exclude dirs and/or files: 
[3.019s] -- Added test 'lint_cmake' to check CMake code style
[3.020s] -- Added test 'uncrustify' to check C / C++ code style
[3.021s] -- Configured uncrustify additional arguments: 
[3.021s] -- Added test 'xmllint' to check XML markup files
[3.024s] -- Configuring done (2.9s)
[3.062s] -- Generating done (0.0s)
[3.076s] -- Build files have been written to: /home/vvoxel/ros2_ws_mgr/build/anglecalc
[3.195s] [ 50%] [32mBuilding CXX object CMakeFiles/angle.dir/src/angle.cpp.o[0m
[54.368s] [100%] [32m[1mLinking CXX executable angle[0m
[55.637s] [100%] Built target angle
[55.679s] Invoked command in '/home/vvoxel/ros2_ws_mgr/build/anglecalc' returned '0': CMAKE_PREFIX_PATH=${CMAKE_PREFIX_PATH}:/home/vvoxel/ros2_ws_mgr/install/sim_launcher:/opt/ros/jazzy DEBUGINFOD_URLS=https://debuginfod.ubuntu.com /usr/bin/cmake --build /home/vvoxel/ros2_ws_mgr/build/anglecalc -- -j8 -l8
[55.684s] Invoking command in '/home/vvoxel/ros2_ws_mgr/build/anglecalc': CMAKE_PREFIX_PATH=${CMAKE_PREFIX_PATH}:/home/vvoxel/ros2_ws_mgr/install/sim_launcher:/opt/ros/jazzy DEBUGINFOD_URLS=https://debuginfod.ubuntu.com /usr/bin/cmake --install /home/vvoxel/ros2_ws_mgr/build/anglecalc
[55.722s] -- Install configuration: ""
[55.727s] -- Installing: /home/vvoxel/ros2_ws_mgr/install/anglecalc/lib/anglecalc/angle
[55.746s] -- Set non-toolchain portion of runtime path of "/home/vvoxel/ros2_ws_mgr/install/anglecalc/lib/anglecalc/angle" to ""
[55.747s] -- Up-to-date: /home/vvoxel/ros2_ws_mgr/install/anglecalc/share/ament_index/resource_index/package_run_dependencies/anglecalc
[55.747s] -- Installing: /home/vvoxel/ros2_ws_mgr/install/anglecalc/share/ament_index/resource_index/parent_prefix_path/anglecalc
[55.748s] -- Up-to-date: /home/vvoxel/ros2_ws_mgr/install/anglecalc/share/anglecalc/environment/ament_prefix_path.sh
[55.748s] -- Up-to-date: /home/vvoxel/ros2_ws_mgr/install/anglecalc/share/anglecalc/environment/ament_prefix_path.dsv
[55.749s] -- Up-to-date: /home/vvoxel/ros2_ws_mgr/install/anglecalc/share/anglecalc/environment/path.sh
[55.750s] -- Up-to-date: /home/vvoxel/ros2_ws_mgr/install/anglecalc/share/anglecalc/environment/path.dsv
[55.750s] -- Up-to-date: /home/vvoxel/ros2_ws_mgr/install/anglecalc/share/anglecalc/local_setup.bash
[55.751s] -- Up-to-date: /home/vvoxel/ros2_ws_mgr/install/anglecalc/share/anglecalc/local_setup.sh
[55.751s] -- Up-to-date: /home/vvoxel/ros2_ws_mgr/install/anglecalc/share/anglecalc/local_setup.zsh
[55.752s] -- Up-to-date: /home/vvoxel/ros2_ws_mgr/install/anglecalc/share/anglecalc/local_setup.dsv
[55.752s] -- Installing: /home/vvoxel/ros2_ws_mgr/install/anglecalc/share/anglecalc/package.dsv
[55.753s] -- Up-to-date: /home/vvoxel/ros2_ws_mgr/install/anglecalc/share/ament_index/resource_index/packages/anglecalc
[55.753s] -- Up-to-date: /home/vvoxel/ros2_ws_mgr/install/anglecalc/share/anglecalc/cmake/anglecalcConfig.cmake
[55.754s] -- Up-to-date: /home/vvoxel/ros2_ws_mgr/install/anglecalc/share/anglecalc/cmake/anglecalcConfig-version.cmake
[55.754s] -- Up-to-date: /home/vvoxel/ros2_ws_mgr/install/anglecalc/share/anglecalc/package.xml
[55.759s] Invoked command in '/home/vvoxel/ros2_ws_mgr/build/anglecalc' returned '0': CMAKE_PREFIX_PATH=${CMAKE_PREFIX_PATH}:/home/vvoxel/ros2_ws_mgr/install/sim_launcher:/opt/ros/jazzy DEBUGINFOD_URLS=https://debuginfod.ubuntu.com /usr/bin/cmake --install /home/vvoxel/ros2_ws_mgr/build/anglecalc
