[0.019s] Invoking command in '/home/vvoxel/ros2_ws_mgr/build/ros_gz_bridge': CMAKE_PREFIX_PATH=/home/vvoxel/ros2_ws_mgr/install/ros_gz_interfaces:/home/vvoxel/ros2_ws_mgr/install/test_ros_gz_bridge:/home/vvoxel/ros2_ws_mgr/install/sim_launcher:/opt/ros/jazzy:/home/vvoxel/ros2_ws_mgr/install/slam:/home/vvoxel/ros2_ws_mgr/install/ros_gz:/home/vvoxel/ros2_ws_mgr/install/ros_gz_sim_demos:/home/vvoxel/ros2_ws_mgr/install/ros_gz_sim:/home/vvoxel/ros2_ws_mgr/install/ros_gz_image:/home/vvoxel/ros2_ws_mgr/install/ros_gz_bridge:/home/vvoxel/ros2_ws_mgr/install/realsense2_description:/home/vvoxel/ros2_ws_mgr/install/realsense2_camera:/home/vvoxel/ros2_ws_mgr/install/realsense2_camera_msgs:/home/vvoxel/ros2_ws_mgr/install/mtracker:/home/vvoxel/ros2_ws_mgr/install/g2o:/home/vvoxel/ros2_ws_mgr/install/apriltag_ros:/home/vvoxel/ros2_ws_mgr/install/apriltag_msgs:/home/vvoxel/ros2_ws_mgr/install/apriltag:/home/vvoxel/ros2_ws_mgr/install/anglecalc:/opt/ros/jazzy/opt/gz_sim_vendor:/opt/ros/jazzy/opt/gz_sensors_vendor:/opt/ros/jazzy/opt/gz_physics_vendor:/opt/ros/jazzy/opt/sdformat_vendor:/opt/ros/jazzy/opt/gz_gui_vendor:/opt/ros/jazzy/opt/gz_transport_vendor:/opt/ros/jazzy/opt/gz_rendering_vendor:/opt/ros/jazzy/opt/gz_plugin_vendor:/opt/ros/jazzy/opt/gz_fuel_tools_vendor:/opt/ros/jazzy/opt/gz_msgs_vendor:/opt/ros/jazzy/opt/gz_common_vendor:/opt/ros/jazzy/opt/gz_math_vendor:/opt/ros/jazzy/opt/gz_utils_vendor:/opt/ros/jazzy/opt/gz_tools_vendor:/opt/ros/jazzy/opt/gz_ogre_next_vendor:/opt/ros/jazzy/opt/gz_dartsim_vendor:/opt/ros/jazzy/opt/gz_cmake_vendor DEBUGINFOD_URLS=https://debuginfod.ubuntu.com LD_LIBRARY_PATH=/home/vvoxel/ros2_ws_mgr/install/ros_gz_interfaces/lib:/opt/ros/jazzy/lib/x86_64-linux-gnu:/home/vvoxel/ros2_ws_mgr/install/ros_gz_sim/lib:/home/vvoxel/ros2_ws_mgr/install/ros_gz_bridge/lib:/home/vvoxel/ros2_ws_mgr/install/realsense2_camera/lib:/home/vvoxel/ros2_ws_mgr/install/realsense2_camera_msgs/lib:/home/vvoxel/ros2_ws_mgr/install/mtracker/lib:/home/vvoxel/ros2_ws_mgr/install/g2o/lib:/home/vvoxel/ros2_ws_mgr/install/apriltag_ros/lib:/home/vvoxel/ros2_ws_mgr/install/apriltag_msgs/lib:/home/vvoxel/ros2_ws_mgr/install/apriltag/lib:/opt/ros/jazzy/opt/gz_sim_vendor/lib:/opt/ros/jazzy/opt/gz_sensors_vendor/lib:/opt/ros/jazzy/opt/gz_physics_vendor/lib:/opt/ros/jazzy/opt/sdformat_vendor/lib:/opt/ros/jazzy/opt/rviz_ogre_vendor/lib:/opt/ros/jazzy/lib/x86_64-linux-gnu:/opt/ros/jazzy/opt/gz_gui_vendor/lib:/opt/ros/jazzy/opt/gz_transport_vendor/lib:/opt/ros/jazzy/opt/gz_rendering_vendor/lib:/opt/ros/jazzy/opt/gz_plugin_vendor/lib:/opt/ros/jazzy/opt/gz_fuel_tools_vendor/lib:/opt/ros/jazzy/opt/gz_msgs_vendor/lib:/opt/ros/jazzy/opt/gz_common_vendor/lib:/opt/ros/jazzy/opt/gz_math_vendor/lib:/opt/ros/jazzy/opt/gz_utils_vendor/lib:/opt/ros/jazzy/opt/gz_tools_vendor/lib:/opt/ros/jazzy/opt/gz_ogre_next_vendor/lib:/opt/ros/jazzy/opt/gz_dartsim_vendor/lib:/opt/ros/jazzy/opt/gz_cmake_vendor/lib:/opt/ros/jazzy/lib PYTHONPATH=/home/vvoxel/ros2_ws_mgr/install/ros_gz_interfaces/lib/python3.12/site-packages:/home/vvoxel/ros2_ws_mgr/install/sim_launcher/lib/python3.12/site-packages:/home/vvoxel/ros2_ws_mgr/install/ros_gz_sim/lib/python3.12/site-packages:/home/vvoxel/ros2_ws_mgr/install/ros_gz_bridge/lib/python3.12/site-packages:/home/vvoxel/ros2_ws_mgr/install/realsense2_camera_msgs/lib/python3.12/site-packages:/home/vvoxel/ros2_ws_mgr/install/mtracker/lib/python3.12/site-packages:/home/vvoxel/ros2_ws_mgr/install/apriltag_msgs/lib/python3.12/site-packages:/home/vvoxel/ros2_ws_mgr/install/apriltag/lib/python3.12/site-packages:/opt/ros/jazzy/lib/python3.12/site-packages /usr/bin/cmake --build /home/vvoxel/ros2_ws_mgr/build/ros_gz_bridge -- -j8 -l8
[0.094s] -- Found ament_cmake: 2.5.4 (/opt/ros/jazzy/share/ament_cmake/cmake)
[0.663s] -- Override CMake install command with custom implementation using symlinks instead of copying resources
[0.677s] -- Found rclcpp: 28.1.9 (/opt/ros/jazzy/share/rclcpp/cmake)
[0.732s] -- Found rosidl_generator_c: 4.6.5 (/opt/ros/jazzy/share/rosidl_generator_c/cmake)
[0.749s] -- Found rosidl_generator_cpp: 4.6.5 (/opt/ros/jazzy/share/rosidl_generator_cpp/cmake)
[0.773s] -- Using all available rosidl_typesupport_c: rosidl_typesupport_fastrtps_c;rosidl_typesupport_introspection_c
[0.800s] -- Using all available rosidl_typesupport_cpp: rosidl_typesupport_fastrtps_cpp;rosidl_typesupport_introspection_cpp
[0.922s] -- Found rmw_implementation_cmake: 7.3.2 (/opt/ros/jazzy/share/rmw_implementation_cmake/cmake)
[0.926s] -- Found rmw_fastrtps_cpp: 8.4.2 (/opt/ros/jazzy/share/rmw_fastrtps_cpp/cmake)
[1.046s] -- Using RMW implementation 'rmw_fastrtps_cpp' as default
[1.170s] -- Found rclcpp_components: 28.1.9 (/opt/ros/jazzy/share/rclcpp_components/cmake)
[1.233s] -- Found yaml_cpp_vendor: 9.0.1 (/opt/ros/jazzy/share/yaml_cpp_vendor/cmake)
[1.233s] -- Setting yaml-cpp_DIR to: '/opt/ros/jazzy/share/yaml_cpp_vendor/cmake/../../../opt/yaml_cpp_vendor/share/cmake/yaml-cpp'
[1.243s] -- Found gz_transport_vendor: 0.0.6 (/opt/ros/jazzy/share/gz_transport_vendor/cmake)
[1.251s] -- Looking for gz-transport13 -- found version 13.4.1
[1.261s] -- Searching for dependencies of gz-transport13
[1.319s] -- Config-file not installed for ZeroMQ -- checking for pkg-config
[1.327s] -- Checking for module 'libzmq >= 4'
[1.352s] --   Found libzmq, version 4.3.5
[1.433s] -- Checking for module 'uuid'
[1.475s] --   Found uuid, version 2.39.3
[1.557s] -- Looking for gz-utils2 -- found version 2.2.1
[1.558s] -- Searching for dependencies of gz-utils2
[1.559s] -- Searching for <gz-utils2> component [cli]
[1.561s] -- Looking for gz-utils2-cli -- found version 2.2.1
[1.562s] -- Searching for dependencies of gz-utils2-cli
[1.564s] -- Looking for gz-msgs10 -- found version 10.3.2
[1.565s] -- Searching for dependencies of gz-msgs10
[1.631s] -- Looking for gz-utils2 -- found version 2.2.1
[1.633s] -- Looking for gz-math7 -- found version 7.5.2
[1.633s] -- Searching for dependencies of gz-math7
[1.634s] -- Looking for gz-utils2 -- found version 2.2.1
[1.651s] -- Checking for module 'tinyxml2'
[1.694s] --   Found tinyxml2, version 10.0.0
[1.782s] -- Looking for gz-msgs10 -- found version 10.3.2
[2.018s] -- Found builtin_interfaces: 2.0.2 (/opt/ros/jazzy/share/builtin_interfaces/cmake)
[2.095s] -- Found actuator_msgs: 0.0.1 (/opt/ros/jazzy/share/actuator_msgs/cmake)
[2.136s] -- Found geometry_msgs: 5.3.6 (/opt/ros/jazzy/share/geometry_msgs/cmake)
[2.179s] -- Found gps_msgs: 2.0.4 (/opt/ros/jazzy/share/gps_msgs/cmake)
[2.241s] -- Found nav_msgs: 5.3.6 (/opt/ros/jazzy/share/nav_msgs/cmake)
[2.242s] -- Found rcl_interfaces: 2.0.2 (/opt/ros/jazzy/share/rcl_interfaces/cmake)
[2.318s] -- Found ros_gz_interfaces: 1.0.11 (/home/vvoxel/ros2_ws_mgr/install/ros_gz_interfaces/share/ros_gz_interfaces/cmake)
[2.318s] -- Found rosgraph_msgs: 2.0.2 (/opt/ros/jazzy/share/rosgraph_msgs/cmake)
[2.373s] -- Found sensor_msgs: 5.3.6 (/opt/ros/jazzy/share/sensor_msgs/cmake)
[2.373s] -- Found std_msgs: 5.3.6 (/opt/ros/jazzy/share/std_msgs/cmake)
[2.499s] -- Found tf2_msgs: 0.36.10 (/opt/ros/jazzy/share/tf2_msgs/cmake)
[2.548s] -- Found trajectory_msgs: 5.3.6 (/opt/ros/jazzy/share/trajectory_msgs/cmake)
[2.591s] -- Found vision_msgs: 4.1.1 (/opt/ros/jazzy/share/vision_msgs/cmake)
[3.035s] -- Found ament_lint_auto: 0.17.2 (/opt/ros/jazzy/share/ament_lint_auto/cmake)
[3.229s] -- Found python_cmake_module: 0.11.1 (/opt/ros/jazzy/share/python_cmake_module/cmake)
[3.656s] -- Found gtest sources under '/opt/ros/jazzy/src/gtest_vendor': C++ tests using 'Google Test' will be built
[3.747s] -- Added test 'copyright' to check source files copyright and LICENSE
[3.757s] -- Added test 'cppcheck' to perform static code analysis on C / C++ code
[3.760s] -- Configured cppcheck include dirs: $<BUILD_INTERFACE:/home/vvoxel/ros2_ws_mgr/src/ros_gz/ros_gz_bridge/include>;$<BUILD_INTERFACE:/home/vvoxel/ros2_ws_mgr/src/ros_gz/ros_gz_bridge/src>;/home/vvoxel/ros2_ws_mgr/src/ros_gz/ros_gz_bridge/include;/home/vvoxel/ros2_ws_mgr/src/ros_gz/ros_gz_bridge/test;/home/vvoxel/ros2_ws_mgr/src/ros_gz/ros_gz_bridge/test/subscribers;/home/vvoxel/ros2_ws_mgr/src/ros_gz/ros_gz_bridge/src
[3.760s] -- Configured cppcheck exclude dirs and/or files: 
[3.767s] -- Added test 'cpplint' to check C / C++ code against the Google style
[3.767s] -- Configured cpplint exclude dirs and/or files: 
[3.769s] -- Added test 'flake8' to check Python code syntax and style conventions
[3.769s] -- Configured 'flake8' exclude dirs and/or files: 
[3.771s] -- Added test 'lint_cmake' to check CMake code style
[3.772s] -- Added test 'pep257' to check Python code against some of the docstring style conventions in PEP 257
[3.779s] -- Added test 'uncrustify' to check C / C++ code style
[3.779s] -- Configured uncrustify additional arguments: 
[3.781s] -- Added test 'xmllint' to check XML markup files
[3.788s] -- Configuring done (3.7s)
[4.048s] -- Generating done (0.2s)
[4.124s] -- Build files have been written to: /home/vvoxel/ros2_ws_mgr/build/ros_gz_bridge
[4.220s] [  2%] Built target gtest_main
[4.228s] [  4%] Built target gtest
[4.241s] [  5%] [32mBuilding CXX object CMakeFiles/bridge_node.dir/rclcpp_components/node_main_bridge_node.cpp.o[0m
[4.253s] [  5%] Built target ament_cmake_python_symlink_ros_gz_bridge_setup
[4.253s] [  5%] Built target ament_cmake_python_symlink_ros_gz_bridge
[4.293s] [  6%] [32mBuilding CXX object CMakeFiles/test_rcl_interfaces.dir/src/convert/rcl_interfaces.cpp.o[0m
[4.295s] [  7%] [32mBuilding CXX object CMakeFiles/test_rcl_interfaces.dir/src/convert/rcl_interfaces_TEST.cpp.o[0m
[4.321s] [  8%] [32mBuilding CXX object CMakeFiles/test_utils.dir/test/utils/gz_test_msg.cpp.o[0m
[4.339s] [  9%] [32mBuilding CXX object CMakeFiles/test_utils.dir/test/utils/ros_test_msg.cpp.o[0m
[4.557s] [ 10%] [32mBuilding CXX object CMakeFiles/ros_gz_bridge.dir/src/bridge_config.cpp.o[0m
[4.559s] [ 12%] [32mBuilding CXX object CMakeFiles/ros_gz_bridge.dir/src/bridge_handle.cpp.o[0m
[5.106s] running egg_info
[5.201s] writing ros_gz_bridge.egg-info/PKG-INFO
[5.202s] writing dependency_links to ros_gz_bridge.egg-info/dependency_links.txt
[5.204s] writing entry points to ros_gz_bridge.egg-info/entry_points.txt
[5.205s] writing top-level names to ros_gz_bridge.egg-info/top_level.txt
[5.474s] reading manifest file 'ros_gz_bridge.egg-info/SOURCES.txt'
[5.478s] writing manifest file 'ros_gz_bridge.egg-info/SOURCES.txt'
[5.573s] [ 12%] Built target ament_cmake_python_build_ros_gz_bridge_egg
[5.601s] [ 13%] [32mBuilding CXX object CMakeFiles/ros_gz_bridge.dir/src/bridge_handle_ros_to_gz.cpp.o[0m
[7.898s] [ 14%] [32mBuilding CXX object CMakeFiles/ros_gz_bridge.dir/src/bridge_handle_gz_to_ros.cpp.o[0m
[9.853s] [ 15%] [32m[1mLinking CXX executable test_rcl_interfaces[0m
[10.673s] [ 15%] Built target test_rcl_interfaces
[10.708s] [ 16%] [32mBuilding CXX object CMakeFiles/ros_gz_bridge.dir/src/factory_interface.cpp.o[0m
[15.261s] [ 17%] [32m[1mLinking CXX executable bridge_node[0m
[15.742s] [ 17%] Built target bridge_node
[15.780s] [ 18%] [32mBuilding CXX object CMakeFiles/ros_gz_bridge.dir/src/service_factory_interface.cpp.o[0m
[16.635s] [ 19%] [32mBuilding CXX object CMakeFiles/ros_gz_bridge.dir/src/service_factories/ros_gz_interfaces.cpp.o[0m
[16.937s] [ 20%] [32mBuilding CXX object CMakeFiles/ros_gz_bridge.dir/src/ros_gz_bridge.cpp.o[0m
[17.584s] [ 21%] [32mBuilding CXX object CMakeFiles/ros_gz_bridge.dir/src/convert/actuator_msgs.cpp.o[0m
[20.234s] [ 23%] [32mBuilding CXX object CMakeFiles/ros_gz_bridge.dir/src/convert/geometry_msgs.cpp.o[0m
[21.371s] [ 24%] [32mBuilding CXX object CMakeFiles/ros_gz_bridge.dir/src/convert/gps_msgs.cpp.o[0m
[22.719s] [ 25%] [32mBuilding CXX object CMakeFiles/ros_gz_bridge.dir/src/convert/nav_msgs.cpp.o[0m
[24.374s] [ 26%] [32mBuilding CXX object CMakeFiles/ros_gz_bridge.dir/src/convert/rcl_interfaces.cpp.o[0m
[24.512s] [ 27%] [32mBuilding CXX object CMakeFiles/ros_gz_bridge.dir/src/convert/ros_gz_interfaces.cpp.o[0m
[25.360s] [ 28%] [32mBuilding CXX object CMakeFiles/ros_gz_bridge.dir/src/convert/rosgraph_msgs.cpp.o[0m
[26.308s] [ 29%] [32mBuilding CXX object CMakeFiles/ros_gz_bridge.dir/src/convert/sensor_msgs.cpp.o[0m
[26.457s] [ 30%] [32mBuilding CXX object CMakeFiles/ros_gz_bridge.dir/src/convert/std_msgs.cpp.o[0m
[26.494s] [ 31%] [32m[1mLinking CXX static library libtest_utils.a[0m
[26.689s] [ 31%] Built target test_utils
[26.716s] [ 32%] [32mBuilding CXX object CMakeFiles/ros_gz_bridge.dir/src/convert/tf2_msgs.cpp.o[0m
[28.084s] [ 34%] [32mBuilding CXX object CMakeFiles/test_gz_publisher.dir/generated/test/gz_publisher.cpp.o[0m
[28.764s] [ 35%] [32mBuilding CXX object CMakeFiles/test_ros_publisher.dir/generated/test/ros_publisher.cpp.o[0m
[30.222s] [ 36%] [32mBuilding CXX object CMakeFiles/test_gz_subscriber.dir/generated/test/gz_subscriber.cpp.o[0m
[30.410s] [ 37%] [32mBuilding CXX object CMakeFiles/test_gz_server.dir/test/serverclient/gz_server.cpp.o[0m
[32.517s] [ 38%] [32mBuilding CXX object CMakeFiles/test_ros_client.dir/test/serverclient/ros_client.cpp.o[0m
[34.776s] [ 39%] [32mBuilding CXX object CMakeFiles/test_ros_subscriber.dir/test/subscribers/ros_subscriber.cpp.o[0m
[40.379s] [ 40%] [32mBuilding CXX object CMakeFiles/test_ros_subscriber.dir/generated/test/builtin_interfaces_subscriber.cpp.o[0m
[45.857s] [ 41%] [32mBuilding CXX object CMakeFiles/ros_gz_bridge.dir/src/convert/trajectory_msgs.cpp.o[0m
[49.968s] [ 42%] [32m[1mLinking CXX executable test_ros_client[0m
[50.869s] [ 43%] [32mBuilding CXX object CMakeFiles/ros_gz_bridge.dir/src/convert/vision_msgs.cpp.o[0m
[51.186s] [ 45%] [32m[1mLinking CXX executable test_gz_server[0m
[51.634s] [ 45%] Built target test_ros_client
[52.423s] [ 45%] Built target test_gz_server
[52.775s] [ 46%] [32m[1mLinking CXX executable test_gz_publisher[0m
[54.339s] [ 47%] Built target test_gz_publisher
[55.142s] [ 48%] [32mBuilding CXX object CMakeFiles/test_ros_subscriber.dir/generated/test/actuator_msgs_subscriber.cpp.o[0m
[55.334s] [ 50%] [32mBuilding CXX object CMakeFiles/ros_gz_bridge.dir/generated/factories/builtin_interfaces.cpp.o[0m
[55.335s] [ 50%] [32mBuilding CXX object CMakeFiles/ros_gz_bridge.dir/generated/factories/actuator_msgs.cpp.o[0m
[56.339s] [ 51%] [32mBuilding CXX object CMakeFiles/test_ros_subscriber.dir/generated/test/geometry_msgs_subscriber.cpp.o[0m
[56.368s] [ 52%] [32mBuilding CXX object CMakeFiles/ros_gz_bridge.dir/generated/get_factory.cpp.o[0m
[82.222s] [ 53%] [32m[1mLinking CXX executable test_gz_subscriber[0m
[84.868s] [ 54%] Built target test_gz_subscriber
[86.168s] [ 56%] [32mBuilding CXX object CMakeFiles/ros_gz_bridge.dir/generated/factories/gps_msgs.cpp.o[0m
[95.537s] [ 57%] [32mBuilding CXX object CMakeFiles/test_ros_subscriber.dir/generated/test/rcl_interfaces_subscriber.cpp.o[0m
[95.547s] [ 58%] [32mBuilding CXX object CMakeFiles/ros_gz_bridge.dir/generated/factories/nav_msgs.cpp.o[0m
[97.569s] [ 59%] [32mBuilding CXX object CMakeFiles/test_ros_subscriber.dir/generated/test/nav_msgs_subscriber.cpp.o[0m
[97.581s] [ 60%] [32mBuilding CXX object CMakeFiles/ros_gz_bridge.dir/generated/factories/geometry_msgs.cpp.o[0m
[99.611s] [ 61%] [32mBuilding CXX object CMakeFiles/test_ros_subscriber.dir/generated/test/gps_msgs_subscriber.cpp.o[0m
[125.709s] [ 62%] [32mBuilding CXX object CMakeFiles/test_ros_subscriber.dir/generated/test/rosgraph_msgs_subscriber.cpp.o[0m
[126.048s] [ 63%] [32mBuilding CXX object CMakeFiles/ros_gz_bridge.dir/generated/factories/rcl_interfaces.cpp.o[0m
[127.705s] [ 64%] [32mBuilding CXX object CMakeFiles/test_ros_subscriber.dir/generated/test/ros_gz_interfaces_subscriber.cpp.o[0m
[127.711s] [ 65%] [32mBuilding CXX object CMakeFiles/ros_gz_bridge.dir/generated/factories/ros_gz_interfaces.cpp.o[0m
[145.879s] [ 67%] [32mBuilding CXX object CMakeFiles/ros_gz_bridge.dir/generated/factories/rosgraph_msgs.cpp.o[0m
[152.527s] [ 68%] [32mBuilding CXX object CMakeFiles/ros_gz_bridge.dir/generated/factories/sensor_msgs.cpp.o[0m
[156.970s] [ 69%] [32mBuilding CXX object CMakeFiles/ros_gz_bridge.dir/generated/factories/std_msgs.cpp.o[0m
[206.765s] [ 70%] [32m[1mLinking CXX executable test_ros_publisher[0m
[216.767s] [ 71%] Built target test_ros_publisher
[220.619s] [ 72%] [32mBuilding CXX object CMakeFiles/test_ros_subscriber.dir/generated/test/sensor_msgs_subscriber.cpp.o[0m
[220.805s] [ 73%] [32mBuilding CXX object CMakeFiles/ros_gz_bridge.dir/generated/factories/trajectory_msgs.cpp.o[0m
[221.835s] [ 74%] [32mBuilding CXX object CMakeFiles/ros_gz_bridge.dir/generated/factories/tf2_msgs.cpp.o[0m
[287.231s] [ 75%] [32mBuilding CXX object CMakeFiles/test_ros_subscriber.dir/generated/test/trajectory_msgs_subscriber.cpp.o[0m
[287.237s] [ 78%] [32mBuilding CXX object CMakeFiles/test_ros_subscriber.dir/generated/test/vision_msgs_subscriber.cpp.o[0m
[287.237s] [ 78%] [32mBuilding CXX object CMakeFiles/test_ros_subscriber.dir/generated/test/tf2_msgs_subscriber.cpp.o[0m
[287.239s] [ 79%] [32mBuilding CXX object CMakeFiles/test_ros_subscriber.dir/generated/test/std_msgs_subscriber.cpp.o[0m
[298.953s] [ 80%] [32mBuilding CXX object CMakeFiles/ros_gz_bridge.dir/generated/factories/vision_msgs.cpp.o[0m
[339.854s] [ 81%] [32m[1mLinking CXX shared library libros_gz_bridge.so[0m
[351.342s] [ 82%] [32m[1mLinking CXX executable test_ros_subscriber[0m
[372.765s] [ 86%] Built target ros_gz_bridge
[372.831s] [ 87%] [32m[1mLinking CXX executable bridge_types[0m
[372.835s] [ 89%] [32m[1mLinking CXX executable ros_gz_bridge_bridge_config[0m
[372.846s] [ 90%] [32mBuilding CXX object CMakeFiles/static_bridge.dir/src/static_bridge.cpp.o[0m
[372.848s] [ 91%] [32mBuilding CXX object CMakeFiles/parameter_bridge.dir/src/parameter_bridge.cpp.o[0m
[372.875s] [ 92%] [32mBuilding CXX object CMakeFiles/test_ros_gz_interfaces.dir/src/convert/ros_gz_interfaces_TEST.cpp.o[0m
[372.876s] [ 93%] [32mBuilding CXX object CMakeFiles/test_ros_gz_interfaces.dir/src/convert/ros_gz_interfaces.cpp.o[0m
[386.342s] [ 94%] Built target test_ros_subscriber
[388.414s] [ 95%] [32m[1mLinking CXX executable static_bridge[0m
[389.559s] [ 96%] [32m[1mLinking CXX executable parameter_bridge[0m
[392.621s] [ 97%] [32m[1mLinking CXX executable test_ros_gz_interfaces[0m
[408.103s] [ 98%] Built target ros_gz_bridge_bridge_config
[413.091s] [100%] Built target bridge_types
[422.650s] [100%] Built target parameter_bridge
[423.621s] [100%] Built target static_bridge
[426.561s] [100%] Built target test_ros_gz_interfaces
[426.672s] Invoked command in '/home/vvoxel/ros2_ws_mgr/build/ros_gz_bridge' returned '0': CMAKE_PREFIX_PATH=/home/vvoxel/ros2_ws_mgr/install/ros_gz_interfaces:/home/vvoxel/ros2_ws_mgr/install/test_ros_gz_bridge:/home/vvoxel/ros2_ws_mgr/install/sim_launcher:/opt/ros/jazzy:/home/vvoxel/ros2_ws_mgr/install/slam:/home/vvoxel/ros2_ws_mgr/install/ros_gz:/home/vvoxel/ros2_ws_mgr/install/ros_gz_sim_demos:/home/vvoxel/ros2_ws_mgr/install/ros_gz_sim:/home/vvoxel/ros2_ws_mgr/install/ros_gz_image:/home/vvoxel/ros2_ws_mgr/install/ros_gz_bridge:/home/vvoxel/ros2_ws_mgr/install/realsense2_description:/home/vvoxel/ros2_ws_mgr/install/realsense2_camera:/home/vvoxel/ros2_ws_mgr/install/realsense2_camera_msgs:/home/vvoxel/ros2_ws_mgr/install/mtracker:/home/vvoxel/ros2_ws_mgr/install/g2o:/home/vvoxel/ros2_ws_mgr/install/apriltag_ros:/home/vvoxel/ros2_ws_mgr/install/apriltag_msgs:/home/vvoxel/ros2_ws_mgr/install/apriltag:/home/vvoxel/ros2_ws_mgr/install/anglecalc:/opt/ros/jazzy/opt/gz_sim_vendor:/opt/ros/jazzy/opt/gz_sensors_vendor:/opt/ros/jazzy/opt/gz_physics_vendor:/opt/ros/jazzy/opt/sdformat_vendor:/opt/ros/jazzy/opt/gz_gui_vendor:/opt/ros/jazzy/opt/gz_transport_vendor:/opt/ros/jazzy/opt/gz_rendering_vendor:/opt/ros/jazzy/opt/gz_plugin_vendor:/opt/ros/jazzy/opt/gz_fuel_tools_vendor:/opt/ros/jazzy/opt/gz_msgs_vendor:/opt/ros/jazzy/opt/gz_common_vendor:/opt/ros/jazzy/opt/gz_math_vendor:/opt/ros/jazzy/opt/gz_utils_vendor:/opt/ros/jazzy/opt/gz_tools_vendor:/opt/ros/jazzy/opt/gz_ogre_next_vendor:/opt/ros/jazzy/opt/gz_dartsim_vendor:/opt/ros/jazzy/opt/gz_cmake_vendor DEBUGINFOD_URLS=https://debuginfod.ubuntu.com LD_LIBRARY_PATH=/home/vvoxel/ros2_ws_mgr/install/ros_gz_interfaces/lib:/opt/ros/jazzy/lib/x86_64-linux-gnu:/home/vvoxel/ros2_ws_mgr/install/ros_gz_sim/lib:/home/vvoxel/ros2_ws_mgr/install/ros_gz_bridge/lib:/home/vvoxel/ros2_ws_mgr/install/realsense2_camera/lib:/home/vvoxel/ros2_ws_mgr/install/realsense2_camera_msgs/lib:/home/vvoxel/ros2_ws_mgr/install/mtracker/lib:/home/vvoxel/ros2_ws_mgr/install/g2o/lib:/home/vvoxel/ros2_ws_mgr/install/apriltag_ros/lib:/home/vvoxel/ros2_ws_mgr/install/apriltag_msgs/lib:/home/vvoxel/ros2_ws_mgr/install/apriltag/lib:/opt/ros/jazzy/opt/gz_sim_vendor/lib:/opt/ros/jazzy/opt/gz_sensors_vendor/lib:/opt/ros/jazzy/opt/gz_physics_vendor/lib:/opt/ros/jazzy/opt/sdformat_vendor/lib:/opt/ros/jazzy/opt/rviz_ogre_vendor/lib:/opt/ros/jazzy/lib/x86_64-linux-gnu:/opt/ros/jazzy/opt/gz_gui_vendor/lib:/opt/ros/jazzy/opt/gz_transport_vendor/lib:/opt/ros/jazzy/opt/gz_rendering_vendor/lib:/opt/ros/jazzy/opt/gz_plugin_vendor/lib:/opt/ros/jazzy/opt/gz_fuel_tools_vendor/lib:/opt/ros/jazzy/opt/gz_msgs_vendor/lib:/opt/ros/jazzy/opt/gz_common_vendor/lib:/opt/ros/jazzy/opt/gz_math_vendor/lib:/opt/ros/jazzy/opt/gz_utils_vendor/lib:/opt/ros/jazzy/opt/gz_tools_vendor/lib:/opt/ros/jazzy/opt/gz_ogre_next_vendor/lib:/opt/ros/jazzy/opt/gz_dartsim_vendor/lib:/opt/ros/jazzy/opt/gz_cmake_vendor/lib:/opt/ros/jazzy/lib PYTHONPATH=/home/vvoxel/ros2_ws_mgr/install/ros_gz_interfaces/lib/python3.12/site-packages:/home/vvoxel/ros2_ws_mgr/install/sim_launcher/lib/python3.12/site-packages:/home/vvoxel/ros2_ws_mgr/install/ros_gz_sim/lib/python3.12/site-packages:/home/vvoxel/ros2_ws_mgr/install/ros_gz_bridge/lib/python3.12/site-packages:/home/vvoxel/ros2_ws_mgr/install/realsense2_camera_msgs/lib/python3.12/site-packages:/home/vvoxel/ros2_ws_mgr/install/mtracker/lib/python3.12/site-packages:/home/vvoxel/ros2_ws_mgr/install/apriltag_msgs/lib/python3.12/site-packages:/home/vvoxel/ros2_ws_mgr/install/apriltag/lib/python3.12/site-packages:/opt/ros/jazzy/lib/python3.12/site-packages /usr/bin/cmake --build /home/vvoxel/ros2_ws_mgr/build/ros_gz_bridge -- -j8 -l8
[426.717s] Invoking command in '/home/vvoxel/ros2_ws_mgr/build/ros_gz_bridge': CMAKE_PREFIX_PATH=/home/vvoxel/ros2_ws_mgr/install/ros_gz_interfaces:/home/vvoxel/ros2_ws_mgr/install/test_ros_gz_bridge:/home/vvoxel/ros2_ws_mgr/install/sim_launcher:/opt/ros/jazzy:/home/vvoxel/ros2_ws_mgr/install/slam:/home/vvoxel/ros2_ws_mgr/install/ros_gz:/home/vvoxel/ros2_ws_mgr/install/ros_gz_sim_demos:/home/vvoxel/ros2_ws_mgr/install/ros_gz_sim:/home/vvoxel/ros2_ws_mgr/install/ros_gz_image:/home/vvoxel/ros2_ws_mgr/install/ros_gz_bridge:/home/vvoxel/ros2_ws_mgr/install/realsense2_description:/home/vvoxel/ros2_ws_mgr/install/realsense2_camera:/home/vvoxel/ros2_ws_mgr/install/realsense2_camera_msgs:/home/vvoxel/ros2_ws_mgr/install/mtracker:/home/vvoxel/ros2_ws_mgr/install/g2o:/home/vvoxel/ros2_ws_mgr/install/apriltag_ros:/home/vvoxel/ros2_ws_mgr/install/apriltag_msgs:/home/vvoxel/ros2_ws_mgr/install/apriltag:/home/vvoxel/ros2_ws_mgr/install/anglecalc:/opt/ros/jazzy/opt/gz_sim_vendor:/opt/ros/jazzy/opt/gz_sensors_vendor:/opt/ros/jazzy/opt/gz_physics_vendor:/opt/ros/jazzy/opt/sdformat_vendor:/opt/ros/jazzy/opt/gz_gui_vendor:/opt/ros/jazzy/opt/gz_transport_vendor:/opt/ros/jazzy/opt/gz_rendering_vendor:/opt/ros/jazzy/opt/gz_plugin_vendor:/opt/ros/jazzy/opt/gz_fuel_tools_vendor:/opt/ros/jazzy/opt/gz_msgs_vendor:/opt/ros/jazzy/opt/gz_common_vendor:/opt/ros/jazzy/opt/gz_math_vendor:/opt/ros/jazzy/opt/gz_utils_vendor:/opt/ros/jazzy/opt/gz_tools_vendor:/opt/ros/jazzy/opt/gz_ogre_next_vendor:/opt/ros/jazzy/opt/gz_dartsim_vendor:/opt/ros/jazzy/opt/gz_cmake_vendor DEBUGINFOD_URLS=https://debuginfod.ubuntu.com LD_LIBRARY_PATH=/home/vvoxel/ros2_ws_mgr/install/ros_gz_interfaces/lib:/opt/ros/jazzy/lib/x86_64-linux-gnu:/home/vvoxel/ros2_ws_mgr/install/ros_gz_sim/lib:/home/vvoxel/ros2_ws_mgr/install/ros_gz_bridge/lib:/home/vvoxel/ros2_ws_mgr/install/realsense2_camera/lib:/home/vvoxel/ros2_ws_mgr/install/realsense2_camera_msgs/lib:/home/vvoxel/ros2_ws_mgr/install/mtracker/lib:/home/vvoxel/ros2_ws_mgr/install/g2o/lib:/home/vvoxel/ros2_ws_mgr/install/apriltag_ros/lib:/home/vvoxel/ros2_ws_mgr/install/apriltag_msgs/lib:/home/vvoxel/ros2_ws_mgr/install/apriltag/lib:/opt/ros/jazzy/opt/gz_sim_vendor/lib:/opt/ros/jazzy/opt/gz_sensors_vendor/lib:/opt/ros/jazzy/opt/gz_physics_vendor/lib:/opt/ros/jazzy/opt/sdformat_vendor/lib:/opt/ros/jazzy/opt/rviz_ogre_vendor/lib:/opt/ros/jazzy/lib/x86_64-linux-gnu:/opt/ros/jazzy/opt/gz_gui_vendor/lib:/opt/ros/jazzy/opt/gz_transport_vendor/lib:/opt/ros/jazzy/opt/gz_rendering_vendor/lib:/opt/ros/jazzy/opt/gz_plugin_vendor/lib:/opt/ros/jazzy/opt/gz_fuel_tools_vendor/lib:/opt/ros/jazzy/opt/gz_msgs_vendor/lib:/opt/ros/jazzy/opt/gz_common_vendor/lib:/opt/ros/jazzy/opt/gz_math_vendor/lib:/opt/ros/jazzy/opt/gz_utils_vendor/lib:/opt/ros/jazzy/opt/gz_tools_vendor/lib:/opt/ros/jazzy/opt/gz_ogre_next_vendor/lib:/opt/ros/jazzy/opt/gz_dartsim_vendor/lib:/opt/ros/jazzy/opt/gz_cmake_vendor/lib:/opt/ros/jazzy/lib PYTHONPATH=/home/vvoxel/ros2_ws_mgr/install/ros_gz_interfaces/lib/python3.12/site-packages:/home/vvoxel/ros2_ws_mgr/install/sim_launcher/lib/python3.12/site-packages:/home/vvoxel/ros2_ws_mgr/install/ros_gz_sim/lib/python3.12/site-packages:/home/vvoxel/ros2_ws_mgr/install/ros_gz_bridge/lib/python3.12/site-packages:/home/vvoxel/ros2_ws_mgr/install/realsense2_camera_msgs/lib/python3.12/site-packages:/home/vvoxel/ros2_ws_mgr/install/mtracker/lib/python3.12/site-packages:/home/vvoxel/ros2_ws_mgr/install/apriltag_msgs/lib/python3.12/site-packages:/home/vvoxel/ros2_ws_mgr/install/apriltag/lib/python3.12/site-packages:/opt/ros/jazzy/lib/python3.12/site-packages /usr/bin/cmake --install /home/vvoxel/ros2_ws_mgr/build/ros_gz_bridge
[426.754s] -- Install configuration: ""
[426.757s] -- Execute custom install script
[426.758s] -- Up-to-date symlink: /home/vvoxel/ros2_ws_mgr/install/ros_gz_bridge/share/ros_gz_bridge/environment/pythonpath.sh
[426.759s] -- Up-to-date symlink: /home/vvoxel/ros2_ws_mgr/install/ros_gz_bridge/share/ros_gz_bridge/environment/pythonpath.dsv
[426.761s] -- Up-to-date symlink: /home/vvoxel/ros2_ws_mgr/install/ros_gz_bridge/lib/python3.12/site-packages/ros_gz_bridge-1.0.11-py3.12.egg-info/PKG-INFO
[426.762s] -- Up-to-date symlink: /home/vvoxel/ros2_ws_mgr/install/ros_gz_bridge/lib/python3.12/site-packages/ros_gz_bridge-1.0.11-py3.12.egg-info/SOURCES.txt
[426.762s] -- Up-to-date symlink: /home/vvoxel/ros2_ws_mgr/install/ros_gz_bridge/lib/python3.12/site-packages/ros_gz_bridge-1.0.11-py3.12.egg-info/dependency_links.txt
[426.763s] -- Up-to-date symlink: /home/vvoxel/ros2_ws_mgr/install/ros_gz_bridge/lib/python3.12/site-packages/ros_gz_bridge-1.0.11-py3.12.egg-info/entry_points.txt
[426.763s] -- Up-to-date symlink: /home/vvoxel/ros2_ws_mgr/install/ros_gz_bridge/lib/python3.12/site-packages/ros_gz_bridge-1.0.11-py3.12.egg-info/top_level.txt
[426.766s] -- Up-to-date symlink: /home/vvoxel/ros2_ws_mgr/install/ros_gz_bridge/lib/python3.12/site-packages/ros_gz_bridge/__init__.py
[426.767s] -- Up-to-date symlink: /home/vvoxel/ros2_ws_mgr/install/ros_gz_bridge/lib/python3.12/site-packages/ros_gz_bridge/actions/__init__.py
[426.767s] -- Up-to-date symlink: /home/vvoxel/ros2_ws_mgr/install/ros_gz_bridge/lib/python3.12/site-packages/ros_gz_bridge/actions/ros_gz_bridge.py
[426.768s] -- Up-to-date symlink: /home/vvoxel/ros2_ws_mgr/install/ros_gz_bridge/lib/python3.12/site-packages/ros_gz_bridge/mappings.py
[426.769s] -- Up-to-date symlink: /home/vvoxel/ros2_ws_mgr/install/ros_gz_bridge/lib/ros_gz_bridge/bridge_node
[426.771s] -- Up-to-date symlink: /home/vvoxel/ros2_ws_mgr/install/ros_gz_bridge/include/ros_gz_bridge/ros_gz_bridge/bridge_config.hpp
[426.772s] -- Up-to-date symlink: /home/vvoxel/ros2_ws_mgr/install/ros_gz_bridge/include/ros_gz_bridge/ros_gz_bridge/convert.hpp
[426.772s] -- Up-to-date symlink: /home/vvoxel/ros2_ws_mgr/install/ros_gz_bridge/include/ros_gz_bridge/ros_gz_bridge/convert/actuator_msgs.hpp
[426.773s] -- Up-to-date symlink: /home/vvoxel/ros2_ws_mgr/install/ros_gz_bridge/include/ros_gz_bridge/ros_gz_bridge/convert/builtin_interfaces.hpp
[426.774s] -- Up-to-date symlink: /home/vvoxel/ros2_ws_mgr/install/ros_gz_bridge/include/ros_gz_bridge/ros_gz_bridge/convert/geometry_msgs.hpp
[426.774s] -- Up-to-date symlink: /home/vvoxel/ros2_ws_mgr/install/ros_gz_bridge/include/ros_gz_bridge/ros_gz_bridge/convert/gps_msgs.hpp
[426.774s] -- Up-to-date symlink: /home/vvoxel/ros2_ws_mgr/install/ros_gz_bridge/include/ros_gz_bridge/ros_gz_bridge/convert/nav_msgs.hpp
[426.775s] -- Up-to-date symlink: /home/vvoxel/ros2_ws_mgr/install/ros_gz_bridge/include/ros_gz_bridge/ros_gz_bridge/convert/rcl_interfaces.hpp
[426.775s] -- Up-to-date symlink: /home/vvoxel/ros2_ws_mgr/install/ros_gz_bridge/include/ros_gz_bridge/ros_gz_bridge/convert/ros_gz_interfaces.hpp
[426.776s] -- Up-to-date symlink: /home/vvoxel/ros2_ws_mgr/install/ros_gz_bridge/include/ros_gz_bridge/ros_gz_bridge/convert/rosgraph_msgs.hpp
[426.776s] -- Up-to-date symlink: /home/vvoxel/ros2_ws_mgr/install/ros_gz_bridge/include/ros_gz_bridge/ros_gz_bridge/convert/sensor_msgs.hpp
[426.777s] -- Up-to-date symlink: /home/vvoxel/ros2_ws_mgr/install/ros_gz_bridge/include/ros_gz_bridge/ros_gz_bridge/convert/std_msgs.hpp
[426.777s] -- Up-to-date symlink: /home/vvoxel/ros2_ws_mgr/install/ros_gz_bridge/include/ros_gz_bridge/ros_gz_bridge/convert/tf2_msgs.hpp
[426.778s] -- Up-to-date symlink: /home/vvoxel/ros2_ws_mgr/install/ros_gz_bridge/include/ros_gz_bridge/ros_gz_bridge/convert/trajectory_msgs.hpp
[426.778s] -- Up-to-date symlink: /home/vvoxel/ros2_ws_mgr/install/ros_gz_bridge/include/ros_gz_bridge/ros_gz_bridge/convert/vision_msgs.hpp
[426.779s] -- Up-to-date symlink: /home/vvoxel/ros2_ws_mgr/install/ros_gz_bridge/include/ros_gz_bridge/ros_gz_bridge/convert_decl.hpp
[426.780s] -- Up-to-date symlink: /home/vvoxel/ros2_ws_mgr/install/ros_gz_bridge/include/ros_gz_bridge/ros_gz_bridge/ros_gz_bridge.hpp
[426.781s] -- Up-to-date symlink: /home/vvoxel/ros2_ws_mgr/install/ros_gz_bridge/share/ros_gz_bridge/launch/ros_gz_bridge.launch
[426.782s] -- Up-to-date symlink: /home/vvoxel/ros2_ws_mgr/install/ros_gz_bridge/share/ros_gz_bridge/launch/ros_gz_bridge.launch.py
[426.783s] -- Up-to-date symlink: /home/vvoxel/ros2_ws_mgr/install/ros_gz_bridge/lib/ros_gz_bridge/parameter_bridge
[426.784s] -- Up-to-date symlink: /home/vvoxel/ros2_ws_mgr/install/ros_gz_bridge/lib/ros_gz_bridge/static_bridge
[426.785s] -- Up-to-date symlink: /home/vvoxel/ros2_ws_mgr/install/ros_gz_bridge/lib/ros_gz_bridge/bridge_types
[426.786s] -- Up-to-date symlink: /home/vvoxel/ros2_ws_mgr/install/ros_gz_bridge/lib/ros_gz_bridge/test_ros_publisher
[426.787s] -- Up-to-date symlink: /home/vvoxel/ros2_ws_mgr/install/ros_gz_bridge/lib/ros_gz_bridge/test_ros_subscriber
[426.787s] -- Up-to-date symlink: /home/vvoxel/ros2_ws_mgr/install/ros_gz_bridge/lib/ros_gz_bridge/test_gz_publisher
[426.788s] -- Up-to-date symlink: /home/vvoxel/ros2_ws_mgr/install/ros_gz_bridge/lib/ros_gz_bridge/test_gz_subscriber
[426.789s] -- Up-to-date symlink: /home/vvoxel/ros2_ws_mgr/install/ros_gz_bridge/lib/ros_gz_bridge/test_gz_server
[426.789s] -- Up-to-date symlink: /home/vvoxel/ros2_ws_mgr/install/ros_gz_bridge/lib/ros_gz_bridge/test_ros_client
[426.790s] -- Up-to-date symlink: /home/vvoxel/ros2_ws_mgr/install/ros_gz_bridge/share/ros_gz_bridge/environment/library_path.sh
[426.791s] -- Up-to-date symlink: /home/vvoxel/ros2_ws_mgr/install/ros_gz_bridge/share/ros_gz_bridge/environment/library_path.dsv
[426.792s] -- Up-to-date symlink: /home/vvoxel/ros2_ws_mgr/install/ros_gz_bridge/share/ament_index/resource_index/package_run_dependencies/ros_gz_bridge
[426.793s] -- Up-to-date symlink: /home/vvoxel/ros2_ws_mgr/install/ros_gz_bridge/share/ament_index/resource_index/parent_prefix_path/ros_gz_bridge
[426.794s] -- Up-to-date symlink: /home/vvoxel/ros2_ws_mgr/install/ros_gz_bridge/share/ros_gz_bridge/environment/ament_prefix_path.sh
[426.794s] -- Up-to-date symlink: /home/vvoxel/ros2_ws_mgr/install/ros_gz_bridge/share/ros_gz_bridge/environment/ament_prefix_path.dsv
[426.795s] -- Up-to-date symlink: /home/vvoxel/ros2_ws_mgr/install/ros_gz_bridge/share/ros_gz_bridge/environment/path.sh
[426.796s] -- Up-to-date symlink: /home/vvoxel/ros2_ws_mgr/install/ros_gz_bridge/share/ros_gz_bridge/environment/path.dsv
[426.797s] -- Up-to-date symlink: /home/vvoxel/ros2_ws_mgr/install/ros_gz_bridge/share/ros_gz_bridge/local_setup.bash
[426.797s] -- Up-to-date symlink: /home/vvoxel/ros2_ws_mgr/install/ros_gz_bridge/share/ros_gz_bridge/local_setup.sh
[426.798s] -- Up-to-date symlink: /home/vvoxel/ros2_ws_mgr/install/ros_gz_bridge/share/ros_gz_bridge/local_setup.zsh
[426.798s] -- Up-to-date symlink: /home/vvoxel/ros2_ws_mgr/install/ros_gz_bridge/share/ros_gz_bridge/local_setup.dsv
[426.799s] -- Symlinking: /home/vvoxel/ros2_ws_mgr/install/ros_gz_bridge/share/ros_gz_bridge/package.dsv
[426.830s] -- Up-to-date symlink: /home/vvoxel/ros2_ws_mgr/install/ros_gz_bridge/share/ament_index/resource_index/packages/ros_gz_bridge
[426.830s] -- Up-to-date symlink: /home/vvoxel/ros2_ws_mgr/install/ros_gz_bridge/share/ament_index/resource_index/rclcpp_components/ros_gz_bridge
[426.831s] -- Up-to-date symlink: /home/vvoxel/ros2_ws_mgr/install/ros_gz_bridge/share/ros_gz_bridge/cmake/ament_cmake_export_include_directories-extras.cmake
[426.832s] -- Up-to-date symlink: /home/vvoxel/ros2_ws_mgr/install/ros_gz_bridge/share/ros_gz_bridge/cmake/ament_cmake_export_libraries-extras.cmake
[426.833s] -- Up-to-date symlink: /home/vvoxel/ros2_ws_mgr/install/ros_gz_bridge/share/ros_gz_bridge/cmake/ament_cmake_export_targets-extras.cmake
[426.833s] -- Up-to-date symlink: /home/vvoxel/ros2_ws_mgr/install/ros_gz_bridge/share/ros_gz_bridge/cmake/ament_cmake_export_dependencies-extras.cmake
[426.834s] -- Up-to-date symlink: /home/vvoxel/ros2_ws_mgr/install/ros_gz_bridge/share/ros_gz_bridge/cmake/ros_gz_bridgeConfig.cmake
[426.835s] -- Up-to-date symlink: /home/vvoxel/ros2_ws_mgr/install/ros_gz_bridge/share/ros_gz_bridge/cmake/ros_gz_bridgeConfig-version.cmake
[426.835s] -- Up-to-date symlink: /home/vvoxel/ros2_ws_mgr/install/ros_gz_bridge/share/ros_gz_bridge/package.xml
[426.971s] Listing '/home/vvoxel/ros2_ws_mgr/install/ros_gz_bridge/lib/python3.12/site-packages/ros_gz_bridge'...
[426.971s] Listing '/home/vvoxel/ros2_ws_mgr/install/ros_gz_bridge/lib/python3.12/site-packages/ros_gz_bridge/actions'...
[426.987s] -- Installing: /home/vvoxel/ros2_ws_mgr/install/ros_gz_bridge/lib/libros_gz_bridge.so
[427.261s] -- Set non-toolchain portion of runtime path of "/home/vvoxel/ros2_ws_mgr/install/ros_gz_bridge/lib/libros_gz_bridge.so" to ""
[427.272s] -- Up-to-date: /home/vvoxel/ros2_ws_mgr/install/ros_gz_bridge/share/ros_gz_bridge/cmake/export_ros_gz_bridgeExport.cmake
[427.272s] -- Up-to-date: /home/vvoxel/ros2_ws_mgr/install/ros_gz_bridge/share/ros_gz_bridge/cmake/export_ros_gz_bridgeExport-noconfig.cmake
[427.280s] Invoked command in '/home/vvoxel/ros2_ws_mgr/build/ros_gz_bridge' returned '0': CMAKE_PREFIX_PATH=/home/vvoxel/ros2_ws_mgr/install/ros_gz_interfaces:/home/vvoxel/ros2_ws_mgr/install/test_ros_gz_bridge:/home/vvoxel/ros2_ws_mgr/install/sim_launcher:/opt/ros/jazzy:/home/vvoxel/ros2_ws_mgr/install/slam:/home/vvoxel/ros2_ws_mgr/install/ros_gz:/home/vvoxel/ros2_ws_mgr/install/ros_gz_sim_demos:/home/vvoxel/ros2_ws_mgr/install/ros_gz_sim:/home/vvoxel/ros2_ws_mgr/install/ros_gz_image:/home/vvoxel/ros2_ws_mgr/install/ros_gz_bridge:/home/vvoxel/ros2_ws_mgr/install/realsense2_description:/home/vvoxel/ros2_ws_mgr/install/realsense2_camera:/home/vvoxel/ros2_ws_mgr/install/realsense2_camera_msgs:/home/vvoxel/ros2_ws_mgr/install/mtracker:/home/vvoxel/ros2_ws_mgr/install/g2o:/home/vvoxel/ros2_ws_mgr/install/apriltag_ros:/home/vvoxel/ros2_ws_mgr/install/apriltag_msgs:/home/vvoxel/ros2_ws_mgr/install/apriltag:/home/vvoxel/ros2_ws_mgr/install/anglecalc:/opt/ros/jazzy/opt/gz_sim_vendor:/opt/ros/jazzy/opt/gz_sensors_vendor:/opt/ros/jazzy/opt/gz_physics_vendor:/opt/ros/jazzy/opt/sdformat_vendor:/opt/ros/jazzy/opt/gz_gui_vendor:/opt/ros/jazzy/opt/gz_transport_vendor:/opt/ros/jazzy/opt/gz_rendering_vendor:/opt/ros/jazzy/opt/gz_plugin_vendor:/opt/ros/jazzy/opt/gz_fuel_tools_vendor:/opt/ros/jazzy/opt/gz_msgs_vendor:/opt/ros/jazzy/opt/gz_common_vendor:/opt/ros/jazzy/opt/gz_math_vendor:/opt/ros/jazzy/opt/gz_utils_vendor:/opt/ros/jazzy/opt/gz_tools_vendor:/opt/ros/jazzy/opt/gz_ogre_next_vendor:/opt/ros/jazzy/opt/gz_dartsim_vendor:/opt/ros/jazzy/opt/gz_cmake_vendor DEBUGINFOD_URLS=https://debuginfod.ubuntu.com LD_LIBRARY_PATH=/home/vvoxel/ros2_ws_mgr/install/ros_gz_interfaces/lib:/opt/ros/jazzy/lib/x86_64-linux-gnu:/home/vvoxel/ros2_ws_mgr/install/ros_gz_sim/lib:/home/vvoxel/ros2_ws_mgr/install/ros_gz_bridge/lib:/home/vvoxel/ros2_ws_mgr/install/realsense2_camera/lib:/home/vvoxel/ros2_ws_mgr/install/realsense2_camera_msgs/lib:/home/vvoxel/ros2_ws_mgr/install/mtracker/lib:/home/vvoxel/ros2_ws_mgr/install/g2o/lib:/home/vvoxel/ros2_ws_mgr/install/apriltag_ros/lib:/home/vvoxel/ros2_ws_mgr/install/apriltag_msgs/lib:/home/vvoxel/ros2_ws_mgr/install/apriltag/lib:/opt/ros/jazzy/opt/gz_sim_vendor/lib:/opt/ros/jazzy/opt/gz_sensors_vendor/lib:/opt/ros/jazzy/opt/gz_physics_vendor/lib:/opt/ros/jazzy/opt/sdformat_vendor/lib:/opt/ros/jazzy/opt/rviz_ogre_vendor/lib:/opt/ros/jazzy/lib/x86_64-linux-gnu:/opt/ros/jazzy/opt/gz_gui_vendor/lib:/opt/ros/jazzy/opt/gz_transport_vendor/lib:/opt/ros/jazzy/opt/gz_rendering_vendor/lib:/opt/ros/jazzy/opt/gz_plugin_vendor/lib:/opt/ros/jazzy/opt/gz_fuel_tools_vendor/lib:/opt/ros/jazzy/opt/gz_msgs_vendor/lib:/opt/ros/jazzy/opt/gz_common_vendor/lib:/opt/ros/jazzy/opt/gz_math_vendor/lib:/opt/ros/jazzy/opt/gz_utils_vendor/lib:/opt/ros/jazzy/opt/gz_tools_vendor/lib:/opt/ros/jazzy/opt/gz_ogre_next_vendor/lib:/opt/ros/jazzy/opt/gz_dartsim_vendor/lib:/opt/ros/jazzy/opt/gz_cmake_vendor/lib:/opt/ros/jazzy/lib PYTHONPATH=/home/vvoxel/ros2_ws_mgr/install/ros_gz_interfaces/lib/python3.12/site-packages:/home/vvoxel/ros2_ws_mgr/install/sim_launcher/lib/python3.12/site-packages:/home/vvoxel/ros2_ws_mgr/install/ros_gz_sim/lib/python3.12/site-packages:/home/vvoxel/ros2_ws_mgr/install/ros_gz_bridge/lib/python3.12/site-packages:/home/vvoxel/ros2_ws_mgr/install/realsense2_camera_msgs/lib/python3.12/site-packages:/home/vvoxel/ros2_ws_mgr/install/mtracker/lib/python3.12/site-packages:/home/vvoxel/ros2_ws_mgr/install/apriltag_msgs/lib/python3.12/site-packages:/home/vvoxel/ros2_ws_mgr/install/apriltag/lib/python3.12/site-packages:/opt/ros/jazzy/lib/python3.12/site-packages /usr/bin/cmake --install /home/vvoxel/ros2_ws_mgr/build/ros_gz_bridge
