[2.527s] Invoking command in '/home/vvoxel/ros2_ws_mgr/src/sim_launcher': DEBUGINFOD_URLS=https://debuginfod.ubuntu.com PYTHONPATH=/home/vvoxel/ros2_ws_mgr/build/sim_launcher/prefix_override:/usr/lib/python3/dist-packages/colcon_core/task/python/colcon_distutils_commands:/home/vvoxel/ros2_ws_mgr/install/sim_launcher/lib/python3.12/site-packages:${PYTHONPATH} /usr/bin/python3 -W ignore:setup.py install is deprecated -W ignore:easy_install command is deprecated setup.py egg_info --egg-base ../../build/sim_launcher build --build-base /home/vvoxel/ros2_ws_mgr/build/sim_launcher/build install --record /home/vvoxel/ros2_ws_mgr/build/sim_launcher/install.log --single-version-externally-managed install_data
[3.203s] running egg_info
[3.248s] writing ../../build/sim_launcher/sim_launcher.egg-info/PKG-INFO
[3.249s] writing dependency_links to ../../build/sim_launcher/sim_launcher.egg-info/dependency_links.txt
[3.249s] writing requirements to ../../build/sim_launcher/sim_launcher.egg-info/requires.txt
[3.249s] writing top-level names to ../../build/sim_launcher/sim_launcher.egg-info/top_level.txt
[3.352s] reading manifest file '../../build/sim_launcher/sim_launcher.egg-info/SOURCES.txt'
[3.353s] writing manifest file '../../build/sim_launcher/sim_launcher.egg-info/SOURCES.txt'
[3.354s] running build
[3.354s] running build_py
[3.354s] running install
[3.369s] running install_lib
[3.423s] running install_data
[3.423s] copying launch/test.launch.py -> /home/vvoxel/ros2_ws_mgr/install/sim_launcher/share/sim_launcher/launch
[3.423s] running install_egg_info
[3.477s] removing '/home/vvoxel/ros2_ws_mgr/install/sim_launcher/lib/python3.12/site-packages/sim_launcher-0.0.0-py3.12.egg-info' (and everything under it)
[3.477s] Copying ../../build/sim_launcher/sim_launcher.egg-info to /home/vvoxel/ros2_ws_mgr/install/sim_launcher/lib/python3.12/site-packages/sim_launcher-0.0.0-py3.12.egg-info
[3.480s] running install_scripts
[3.780s] writing list of installed files to '/home/vvoxel/ros2_ws_mgr/build/sim_launcher/install.log'
[3.832s] Invoked command in '/home/vvoxel/ros2_ws_mgr/src/sim_launcher' returned '0': DEBUGINFOD_URLS=https://debuginfod.ubuntu.com PYTHONPATH=/home/vvoxel/ros2_ws_mgr/build/sim_launcher/prefix_override:/usr/lib/python3/dist-packages/colcon_core/task/python/colcon_distutils_commands:/home/vvoxel/ros2_ws_mgr/install/sim_launcher/lib/python3.12/site-packages:${PYTHONPATH} /usr/bin/python3 -W ignore:setup.py install is deprecated -W ignore:easy_install command is deprecated setup.py egg_info --egg-base ../../build/sim_launcher build --build-base /home/vvoxel/ros2_ws_mgr/build/sim_launcher/build install --record /home/vvoxel/ros2_ws_mgr/build/sim_launcher/install.log --single-version-externally-managed install_data
