[0.056s] Invoking command in '/home/vvoxel/ros2_ws_mgr/build/realsense2_camera_msgs': CMAKE_PREFIX_PATH=/home/vvoxel/ros2_ws_mgr/install/g2o_driver:/home/vvoxel/ros2_ws_mgr/install/test_ros_gz_bridge:/home/vvoxel/ros2_ws_mgr/install/sim_launcher:/opt/ros/jazzy:/home/vvoxel/ros2_ws_mgr/install/slam:/home/vvoxel/ros2_ws_mgr/install/ros_gz:/home/vvoxel/ros2_ws_mgr/install/ros_gz_sim_demos:/home/vvoxel/ros2_ws_mgr/install/ros_gz_sim:/home/vvoxel/ros2_ws_mgr/install/ros_gz_image:/home/vvoxel/ros2_ws_mgr/install/ros_gz_bridge:/home/vvoxel/ros2_ws_mgr/install/ros_gz_interfaces:/home/vvoxel/ros2_ws_mgr/install/realsense2_description:/home/vvoxel/ros2_ws_mgr/install/realsense2_camera:/home/vvoxel/ros2_ws_mgr/install/realsense2_camera_msgs:/home/vvoxel/ros2_ws_mgr/install/mtracker:/home/vvoxel/ros2_ws_mgr/install/g2o:/home/vvoxel/ros2_ws_mgr/install/apriltag_ros:/home/vvoxel/ros2_ws_mgr/install/apriltag_msgs:/home/vvoxel/ros2_ws_mgr/install/apriltag:/home/vvoxel/ros2_ws_mgr/install/anglecalc:/opt/ros/jazzy/opt/gz_sim_vendor:/opt/ros/jazzy/opt/gz_sensors_vendor:/opt/ros/jazzy/opt/gz_physics_vendor:/opt/ros/jazzy/opt/sdformat_vendor:/opt/ros/jazzy/opt/gz_gui_vendor:/opt/ros/jazzy/opt/gz_transport_vendor:/opt/ros/jazzy/opt/gz_rendering_vendor:/opt/ros/jazzy/opt/gz_plugin_vendor:/opt/ros/jazzy/opt/gz_fuel_tools_vendor:/opt/ros/jazzy/opt/gz_msgs_vendor:/opt/ros/jazzy/opt/gz_common_vendor:/opt/ros/jazzy/opt/gz_math_vendor:/opt/ros/jazzy/opt/gz_utils_vendor:/opt/ros/jazzy/opt/gz_tools_vendor:/opt/ros/jazzy/opt/gz_ogre_next_vendor:/opt/ros/jazzy/opt/gz_dartsim_vendor:/opt/ros/jazzy/opt/gz_cmake_vendor DEBUGINFOD_URLS=https://debuginfod.ubuntu.com /usr/bin/cmake --build /home/vvoxel/ros2_ws_mgr/build/realsense2_camera_msgs -- -j8 -l8
[0.221s] [  1%] Built target realsense2_camera_msgs__rosidl_generator_type_description
[0.276s] [  1%] Built target ament_cmake_python_symlink_realsense2_camera_msgs
[0.354s] [  2%] Built target realsense2_camera_msgs__cpp
[0.368s] [ 25%] Built target realsense2_camera_msgs__rosidl_generator_c
[0.487s] [ 35%] Built target realsense2_camera_msgs__rosidl_typesupport_cpp
[0.513s] [ 44%] Built target realsense2_camera_msgs__rosidl_typesupport_introspection_cpp
[0.513s] [ 54%] Built target realsense2_camera_msgs__rosidl_typesupport_introspection_c
[0.515s] [ 63%] Built target realsense2_camera_msgs__rosidl_typesupport_c
[0.526s] [ 72%] Built target realsense2_camera_msgs__rosidl_typesupport_fastrtps_c
[0.529s] [ 82%] Built target realsense2_camera_msgs__rosidl_typesupport_fastrtps_cpp
[0.645s] [ 82%] Built target realsense2_camera_msgs
[0.720s] [ 83%] Built target realsense2_camera_msgs__py
[0.837s] [ 91%] Built target realsense2_camera_msgs__rosidl_generator_py
[0.931s] [ 94%] Built target realsense2_camera_msgs_s__rosidl_typesupport_fastrtps_c
[0.952s] [ 97%] Built target realsense2_camera_msgs_s__rosidl_typesupport_c
[0.960s] [100%] Built target realsense2_camera_msgs_s__rosidl_typesupport_introspection_c
[1.315s] running egg_info
[1.373s] writing realsense2_camera_msgs.egg-info/PKG-INFO
[1.374s] writing dependency_links to realsense2_camera_msgs.egg-info/dependency_links.txt
[1.374s] writing top-level names to realsense2_camera_msgs.egg-info/top_level.txt
[1.566s] reading manifest file 'realsense2_camera_msgs.egg-info/SOURCES.txt'
[1.567s] writing manifest file 'realsense2_camera_msgs.egg-info/SOURCES.txt'
[1.639s] [100%] Built target ament_cmake_python_build_realsense2_camera_msgs_egg
[1.741s] Invoked command in '/home/vvoxel/ros2_ws_mgr/build/realsense2_camera_msgs' returned '0': CMAKE_PREFIX_PATH=/home/vvoxel/ros2_ws_mgr/install/g2o_driver:/home/vvoxel/ros2_ws_mgr/install/test_ros_gz_bridge:/home/vvoxel/ros2_ws_mgr/install/sim_launcher:/opt/ros/jazzy:/home/vvoxel/ros2_ws_mgr/install/slam:/home/vvoxel/ros2_ws_mgr/install/ros_gz:/home/vvoxel/ros2_ws_mgr/install/ros_gz_sim_demos:/home/vvoxel/ros2_ws_mgr/install/ros_gz_sim:/home/vvoxel/ros2_ws_mgr/install/ros_gz_image:/home/vvoxel/ros2_ws_mgr/install/ros_gz_bridge:/home/vvoxel/ros2_ws_mgr/install/ros_gz_interfaces:/home/vvoxel/ros2_ws_mgr/install/realsense2_description:/home/vvoxel/ros2_ws_mgr/install/realsense2_camera:/home/vvoxel/ros2_ws_mgr/install/realsense2_camera_msgs:/home/vvoxel/ros2_ws_mgr/install/mtracker:/home/vvoxel/ros2_ws_mgr/install/g2o:/home/vvoxel/ros2_ws_mgr/install/apriltag_ros:/home/vvoxel/ros2_ws_mgr/install/apriltag_msgs:/home/vvoxel/ros2_ws_mgr/install/apriltag:/home/vvoxel/ros2_ws_mgr/install/anglecalc:/opt/ros/jazzy/opt/gz_sim_vendor:/opt/ros/jazzy/opt/gz_sensors_vendor:/opt/ros/jazzy/opt/gz_physics_vendor:/opt/ros/jazzy/opt/sdformat_vendor:/opt/ros/jazzy/opt/gz_gui_vendor:/opt/ros/jazzy/opt/gz_transport_vendor:/opt/ros/jazzy/opt/gz_rendering_vendor:/opt/ros/jazzy/opt/gz_plugin_vendor:/opt/ros/jazzy/opt/gz_fuel_tools_vendor:/opt/ros/jazzy/opt/gz_msgs_vendor:/opt/ros/jazzy/opt/gz_common_vendor:/opt/ros/jazzy/opt/gz_math_vendor:/opt/ros/jazzy/opt/gz_utils_vendor:/opt/ros/jazzy/opt/gz_tools_vendor:/opt/ros/jazzy/opt/gz_ogre_next_vendor:/opt/ros/jazzy/opt/gz_dartsim_vendor:/opt/ros/jazzy/opt/gz_cmake_vendor DEBUGINFOD_URLS=https://debuginfod.ubuntu.com /usr/bin/cmake --build /home/vvoxel/ros2_ws_mgr/build/realsense2_camera_msgs -- -j8 -l8
[1.743s] Invoking command in '/home/vvoxel/ros2_ws_mgr/build/realsense2_camera_msgs': CMAKE_PREFIX_PATH=/home/vvoxel/ros2_ws_mgr/install/g2o_driver:/home/vvoxel/ros2_ws_mgr/install/test_ros_gz_bridge:/home/vvoxel/ros2_ws_mgr/install/sim_launcher:/opt/ros/jazzy:/home/vvoxel/ros2_ws_mgr/install/slam:/home/vvoxel/ros2_ws_mgr/install/ros_gz:/home/vvoxel/ros2_ws_mgr/install/ros_gz_sim_demos:/home/vvoxel/ros2_ws_mgr/install/ros_gz_sim:/home/vvoxel/ros2_ws_mgr/install/ros_gz_image:/home/vvoxel/ros2_ws_mgr/install/ros_gz_bridge:/home/vvoxel/ros2_ws_mgr/install/ros_gz_interfaces:/home/vvoxel/ros2_ws_mgr/install/realsense2_description:/home/vvoxel/ros2_ws_mgr/install/realsense2_camera:/home/vvoxel/ros2_ws_mgr/install/realsense2_camera_msgs:/home/vvoxel/ros2_ws_mgr/install/mtracker:/home/vvoxel/ros2_ws_mgr/install/g2o:/home/vvoxel/ros2_ws_mgr/install/apriltag_ros:/home/vvoxel/ros2_ws_mgr/install/apriltag_msgs:/home/vvoxel/ros2_ws_mgr/install/apriltag:/home/vvoxel/ros2_ws_mgr/install/anglecalc:/opt/ros/jazzy/opt/gz_sim_vendor:/opt/ros/jazzy/opt/gz_sensors_vendor:/opt/ros/jazzy/opt/gz_physics_vendor:/opt/ros/jazzy/opt/sdformat_vendor:/opt/ros/jazzy/opt/gz_gui_vendor:/opt/ros/jazzy/opt/gz_transport_vendor:/opt/ros/jazzy/opt/gz_rendering_vendor:/opt/ros/jazzy/opt/gz_plugin_vendor:/opt/ros/jazzy/opt/gz_fuel_tools_vendor:/opt/ros/jazzy/opt/gz_msgs_vendor:/opt/ros/jazzy/opt/gz_common_vendor:/opt/ros/jazzy/opt/gz_math_vendor:/opt/ros/jazzy/opt/gz_utils_vendor:/opt/ros/jazzy/opt/gz_tools_vendor:/opt/ros/jazzy/opt/gz_ogre_next_vendor:/opt/ros/jazzy/opt/gz_dartsim_vendor:/opt/ros/jazzy/opt/gz_cmake_vendor DEBUGINFOD_URLS=https://debuginfod.ubuntu.com /usr/bin/cmake --install /home/vvoxel/ros2_ws_mgr/build/realsense2_camera_msgs
[1.875s] -- Install configuration: ""
[1.876s] -- Execute custom install script
[1.876s] -- Up-to-date symlink: /home/vvoxel/ros2_ws_mgr/install/realsense2_camera_msgs/share/ament_index/resource_index/rosidl_interfaces/realsense2_camera_msgs
[1.876s] -- Up-to-date symlink: /home/vvoxel/ros2_ws_mgr/install/realsense2_camera_msgs/share/realsense2_camera_msgs/msg/IMUInfo.json
[1.876s] -- Up-to-date symlink: /home/vvoxel/ros2_ws_mgr/install/realsense2_camera_msgs/share/realsense2_camera_msgs/msg/Extrinsics.json
[1.876s] -- Up-to-date symlink: /home/vvoxel/ros2_ws_mgr/install/realsense2_camera_msgs/share/realsense2_camera_msgs/msg/Metadata.json
[1.876s] -- Up-to-date symlink: /home/vvoxel/ros2_ws_mgr/install/realsense2_camera_msgs/share/realsense2_camera_msgs/msg/RGBD.json
[1.876s] -- Up-to-date symlink: /home/vvoxel/ros2_ws_mgr/install/realsense2_camera_msgs/share/realsense2_camera_msgs/srv/DeviceInfo.json
[1.877s] -- Up-to-date symlink: /home/vvoxel/ros2_ws_mgr/install/realsense2_camera_msgs/include/realsense2_camera_msgs/realsense2_camera_msgs/msg/detail/extrinsics__functions.h
[1.878s] -- Up-to-date symlink: /home/vvoxel/ros2_ws_mgr/install/realsense2_camera_msgs/include/realsense2_camera_msgs/realsense2_camera_msgs/msg/detail/extrinsics__struct.h
[1.878s] -- Up-to-date symlink: /home/vvoxel/ros2_ws_mgr/install/realsense2_camera_msgs/include/realsense2_camera_msgs/realsense2_camera_msgs/msg/detail/extrinsics__type_support.h
[1.878s] -- Up-to-date symlink: /home/vvoxel/ros2_ws_mgr/install/realsense2_camera_msgs/include/realsense2_camera_msgs/realsense2_camera_msgs/msg/detail/imu_info__functions.h
[1.879s] -- Up-to-date symlink: /home/vvoxel/ros2_ws_mgr/install/realsense2_camera_msgs/include/realsense2_camera_msgs/realsense2_camera_msgs/msg/detail/imu_info__struct.h
[1.879s] -- Up-to-date symlink: /home/vvoxel/ros2_ws_mgr/install/realsense2_camera_msgs/include/realsense2_camera_msgs/realsense2_camera_msgs/msg/detail/imu_info__type_support.h
[1.879s] -- Up-to-date symlink: /home/vvoxel/ros2_ws_mgr/install/realsense2_camera_msgs/include/realsense2_camera_msgs/realsense2_camera_msgs/msg/detail/metadata__functions.h
[1.879s] -- Up-to-date symlink: /home/vvoxel/ros2_ws_mgr/install/realsense2_camera_msgs/include/realsense2_camera_msgs/realsense2_camera_msgs/msg/detail/metadata__struct.h
[1.880s] -- Up-to-date symlink: /home/vvoxel/ros2_ws_mgr/install/realsense2_camera_msgs/include/realsense2_camera_msgs/realsense2_camera_msgs/msg/detail/metadata__type_support.h
[1.880s] -- Up-to-date symlink: /home/vvoxel/ros2_ws_mgr/install/realsense2_camera_msgs/include/realsense2_camera_msgs/realsense2_camera_msgs/msg/detail/rgbd__functions.h
[1.881s] -- Up-to-date symlink: /home/vvoxel/ros2_ws_mgr/install/realsense2_camera_msgs/include/realsense2_camera_msgs/realsense2_camera_msgs/msg/detail/rgbd__struct.h
[1.881s] -- Up-to-date symlink: /home/vvoxel/ros2_ws_mgr/install/realsense2_camera_msgs/include/realsense2_camera_msgs/realsense2_camera_msgs/msg/detail/rgbd__type_support.h
[1.881s] -- Up-to-date symlink: /home/vvoxel/ros2_ws_mgr/install/realsense2_camera_msgs/include/realsense2_camera_msgs/realsense2_camera_msgs/msg/extrinsics.h
[1.881s] -- Up-to-date symlink: /home/vvoxel/ros2_ws_mgr/install/realsense2_camera_msgs/include/realsense2_camera_msgs/realsense2_camera_msgs/msg/imu_info.h
[1.881s] -- Up-to-date symlink: /home/vvoxel/ros2_ws_mgr/install/realsense2_camera_msgs/include/realsense2_camera_msgs/realsense2_camera_msgs/msg/metadata.h
[1.881s] -- Up-to-date symlink: /home/vvoxel/ros2_ws_mgr/install/realsense2_camera_msgs/include/realsense2_camera_msgs/realsense2_camera_msgs/msg/rgbd.h
[1.882s] -- Up-to-date symlink: /home/vvoxel/ros2_ws_mgr/install/realsense2_camera_msgs/include/realsense2_camera_msgs/realsense2_camera_msgs/msg/rosidl_generator_c__visibility_control.h
[1.882s] -- Up-to-date symlink: /home/vvoxel/ros2_ws_mgr/install/realsense2_camera_msgs/include/realsense2_camera_msgs/realsense2_camera_msgs/srv/detail/device_info__functions.h
[1.882s] -- Up-to-date symlink: /home/vvoxel/ros2_ws_mgr/install/realsense2_camera_msgs/include/realsense2_camera_msgs/realsense2_camera_msgs/srv/detail/device_info__struct.h
[1.882s] -- Up-to-date symlink: /home/vvoxel/ros2_ws_mgr/install/realsense2_camera_msgs/include/realsense2_camera_msgs/realsense2_camera_msgs/srv/detail/device_info__type_support.h
[1.882s] -- Up-to-date symlink: /home/vvoxel/ros2_ws_mgr/install/realsense2_camera_msgs/include/realsense2_camera_msgs/realsense2_camera_msgs/srv/device_info.h
[1.882s] -- Up-to-date symlink: /home/vvoxel/ros2_ws_mgr/install/realsense2_camera_msgs/share/realsense2_camera_msgs/environment/library_path.sh
[1.882s] -- Up-to-date symlink: /home/vvoxel/ros2_ws_mgr/install/realsense2_camera_msgs/share/realsense2_camera_msgs/environment/library_path.dsv
[1.883s] -- Up-to-date symlink: /home/vvoxel/ros2_ws_mgr/install/realsense2_camera_msgs/include/realsense2_camera_msgs/realsense2_camera_msgs/msg/detail/extrinsics__rosidl_typesupport_fastrtps_c.h
[1.883s] -- Up-to-date symlink: /home/vvoxel/ros2_ws_mgr/install/realsense2_camera_msgs/include/realsense2_camera_msgs/realsense2_camera_msgs/msg/detail/imu_info__rosidl_typesupport_fastrtps_c.h
[1.883s] -- Up-to-date symlink: /home/vvoxel/ros2_ws_mgr/install/realsense2_camera_msgs/include/realsense2_camera_msgs/realsense2_camera_msgs/msg/detail/metadata__rosidl_typesupport_fastrtps_c.h
[1.884s] -- Up-to-date symlink: /home/vvoxel/ros2_ws_mgr/install/realsense2_camera_msgs/include/realsense2_camera_msgs/realsense2_camera_msgs/msg/detail/rgbd__rosidl_typesupport_fastrtps_c.h
[1.884s] -- Up-to-date symlink: /home/vvoxel/ros2_ws_mgr/install/realsense2_camera_msgs/include/realsense2_camera_msgs/realsense2_camera_msgs/msg/rosidl_typesupport_fastrtps_c__visibility_control.h
[1.885s] -- Up-to-date symlink: /home/vvoxel/ros2_ws_mgr/install/realsense2_camera_msgs/include/realsense2_camera_msgs/realsense2_camera_msgs/srv/detail/device_info__rosidl_typesupport_fastrtps_c.h
[1.885s] -- Up-to-date symlink: /home/vvoxel/ros2_ws_mgr/install/realsense2_camera_msgs/include/realsense2_camera_msgs/realsense2_camera_msgs/msg/detail/extrinsics__rosidl_typesupport_introspection_c.h
[1.885s] -- Up-to-date symlink: /home/vvoxel/ros2_ws_mgr/install/realsense2_camera_msgs/include/realsense2_camera_msgs/realsense2_camera_msgs/msg/detail/imu_info__rosidl_typesupport_introspection_c.h
[1.885s] -- Up-to-date symlink: /home/vvoxel/ros2_ws_mgr/install/realsense2_camera_msgs/include/realsense2_camera_msgs/realsense2_camera_msgs/msg/detail/metadata__rosidl_typesupport_introspection_c.h
[1.885s] -- Up-to-date symlink: /home/vvoxel/ros2_ws_mgr/install/realsense2_camera_msgs/include/realsense2_camera_msgs/realsense2_camera_msgs/msg/detail/rgbd__rosidl_typesupport_introspection_c.h
[1.885s] -- Up-to-date symlink: /home/vvoxel/ros2_ws_mgr/install/realsense2_camera_msgs/include/realsense2_camera_msgs/realsense2_camera_msgs/msg/rosidl_typesupport_introspection_c__visibility_control.h
[1.885s] -- Up-to-date symlink: /home/vvoxel/ros2_ws_mgr/install/realsense2_camera_msgs/include/realsense2_camera_msgs/realsense2_camera_msgs/srv/detail/device_info__rosidl_typesupport_introspection_c.h
[1.886s] -- Up-to-date symlink: /home/vvoxel/ros2_ws_mgr/install/realsense2_camera_msgs/include/realsense2_camera_msgs/realsense2_camera_msgs/msg/detail/extrinsics__builder.hpp
[1.886s] -- Up-to-date symlink: /home/vvoxel/ros2_ws_mgr/install/realsense2_camera_msgs/include/realsense2_camera_msgs/realsense2_camera_msgs/msg/detail/extrinsics__struct.hpp
[1.886s] -- Up-to-date symlink: /home/vvoxel/ros2_ws_mgr/install/realsense2_camera_msgs/include/realsense2_camera_msgs/realsense2_camera_msgs/msg/detail/extrinsics__traits.hpp
[1.886s] -- Up-to-date symlink: /home/vvoxel/ros2_ws_mgr/install/realsense2_camera_msgs/include/realsense2_camera_msgs/realsense2_camera_msgs/msg/detail/extrinsics__type_support.hpp
[1.886s] -- Up-to-date symlink: /home/vvoxel/ros2_ws_mgr/install/realsense2_camera_msgs/include/realsense2_camera_msgs/realsense2_camera_msgs/msg/detail/imu_info__builder.hpp
[1.889s] -- Up-to-date symlink: /home/vvoxel/ros2_ws_mgr/install/realsense2_camera_msgs/include/realsense2_camera_msgs/realsense2_camera_msgs/msg/detail/imu_info__struct.hpp
[1.889s] -- Up-to-date symlink: /home/vvoxel/ros2_ws_mgr/install/realsense2_camera_msgs/include/realsense2_camera_msgs/realsense2_camera_msgs/msg/detail/imu_info__traits.hpp
[1.889s] -- Up-to-date symlink: /home/vvoxel/ros2_ws_mgr/install/realsense2_camera_msgs/include/realsense2_camera_msgs/realsense2_camera_msgs/msg/detail/imu_info__type_support.hpp
[1.890s] -- Up-to-date symlink: /home/vvoxel/ros2_ws_mgr/install/realsense2_camera_msgs/include/realsense2_camera_msgs/realsense2_camera_msgs/msg/detail/metadata__builder.hpp
[1.890s] -- Up-to-date symlink: /home/vvoxel/ros2_ws_mgr/install/realsense2_camera_msgs/include/realsense2_camera_msgs/realsense2_camera_msgs/msg/detail/metadata__struct.hpp
[1.890s] -- Up-to-date symlink: /home/vvoxel/ros2_ws_mgr/install/realsense2_camera_msgs/include/realsense2_camera_msgs/realsense2_camera_msgs/msg/detail/metadata__traits.hpp
[1.890s] -- Up-to-date symlink: /home/vvoxel/ros2_ws_mgr/install/realsense2_camera_msgs/include/realsense2_camera_msgs/realsense2_camera_msgs/msg/detail/metadata__type_support.hpp
[1.890s] -- Up-to-date symlink: /home/vvoxel/ros2_ws_mgr/install/realsense2_camera_msgs/include/realsense2_camera_msgs/realsense2_camera_msgs/msg/detail/rgbd__builder.hpp
[1.890s] -- Up-to-date symlink: /home/vvoxel/ros2_ws_mgr/install/realsense2_camera_msgs/include/realsense2_camera_msgs/realsense2_camera_msgs/msg/detail/rgbd__struct.hpp
[1.890s] -- Up-to-date symlink: /home/vvoxel/ros2_ws_mgr/install/realsense2_camera_msgs/include/realsense2_camera_msgs/realsense2_camera_msgs/msg/detail/rgbd__traits.hpp
[1.890s] -- Up-to-date symlink: /home/vvoxel/ros2_ws_mgr/install/realsense2_camera_msgs/include/realsense2_camera_msgs/realsense2_camera_msgs/msg/detail/rgbd__type_support.hpp
[1.890s] -- Up-to-date symlink: /home/vvoxel/ros2_ws_mgr/install/realsense2_camera_msgs/include/realsense2_camera_msgs/realsense2_camera_msgs/msg/extrinsics.hpp
[1.891s] -- Up-to-date symlink: /home/vvoxel/ros2_ws_mgr/install/realsense2_camera_msgs/include/realsense2_camera_msgs/realsense2_camera_msgs/msg/imu_info.hpp
[1.891s] -- Up-to-date symlink: /home/vvoxel/ros2_ws_mgr/install/realsense2_camera_msgs/include/realsense2_camera_msgs/realsense2_camera_msgs/msg/metadata.hpp
[1.891s] -- Up-to-date symlink: /home/vvoxel/ros2_ws_mgr/install/realsense2_camera_msgs/include/realsense2_camera_msgs/realsense2_camera_msgs/msg/rgbd.hpp
[1.891s] -- Up-to-date symlink: /home/vvoxel/ros2_ws_mgr/install/realsense2_camera_msgs/include/realsense2_camera_msgs/realsense2_camera_msgs/msg/rosidl_generator_cpp__visibility_control.hpp
[1.891s] -- Up-to-date symlink: /home/vvoxel/ros2_ws_mgr/install/realsense2_camera_msgs/include/realsense2_camera_msgs/realsense2_camera_msgs/srv/detail/device_info__builder.hpp
[1.891s] -- Up-to-date symlink: /home/vvoxel/ros2_ws_mgr/install/realsense2_camera_msgs/include/realsense2_camera_msgs/realsense2_camera_msgs/srv/detail/device_info__struct.hpp
[1.892s] -- Up-to-date symlink: /home/vvoxel/ros2_ws_mgr/install/realsense2_camera_msgs/include/realsense2_camera_msgs/realsense2_camera_msgs/srv/detail/device_info__traits.hpp
[1.892s] -- Up-to-date symlink: /home/vvoxel/ros2_ws_mgr/install/realsense2_camera_msgs/include/realsense2_camera_msgs/realsense2_camera_msgs/srv/detail/device_info__type_support.hpp
[1.892s] -- Up-to-date symlink: /home/vvoxel/ros2_ws_mgr/install/realsense2_camera_msgs/include/realsense2_camera_msgs/realsense2_camera_msgs/srv/device_info.hpp
[1.892s] -- Up-to-date symlink: /home/vvoxel/ros2_ws_mgr/install/realsense2_camera_msgs/include/realsense2_camera_msgs/realsense2_camera_msgs/msg/detail/extrinsics__rosidl_typesupport_fastrtps_cpp.hpp
[1.892s] -- Up-to-date symlink: /home/vvoxel/ros2_ws_mgr/install/realsense2_camera_msgs/include/realsense2_camera_msgs/realsense2_camera_msgs/msg/detail/imu_info__rosidl_typesupport_fastrtps_cpp.hpp
[1.893s] -- Up-to-date symlink: /home/vvoxel/ros2_ws_mgr/install/realsense2_camera_msgs/include/realsense2_camera_msgs/realsense2_camera_msgs/msg/detail/metadata__rosidl_typesupport_fastrtps_cpp.hpp
[1.893s] -- Up-to-date symlink: /home/vvoxel/ros2_ws_mgr/install/realsense2_camera_msgs/include/realsense2_camera_msgs/realsense2_camera_msgs/msg/detail/rgbd__rosidl_typesupport_fastrtps_cpp.hpp
[1.893s] -- Up-to-date symlink: /home/vvoxel/ros2_ws_mgr/install/realsense2_camera_msgs/include/realsense2_camera_msgs/realsense2_camera_msgs/msg/rosidl_typesupport_fastrtps_cpp__visibility_control.h
[1.893s] -- Up-to-date symlink: /home/vvoxel/ros2_ws_mgr/install/realsense2_camera_msgs/include/realsense2_camera_msgs/realsense2_camera_msgs/srv/detail/device_info__rosidl_typesupport_fastrtps_cpp.hpp
[1.893s] -- Up-to-date symlink: /home/vvoxel/ros2_ws_mgr/install/realsense2_camera_msgs/include/realsense2_camera_msgs/realsense2_camera_msgs/msg/detail/extrinsics__rosidl_typesupport_introspection_cpp.hpp
[1.893s] -- Up-to-date symlink: /home/vvoxel/ros2_ws_mgr/install/realsense2_camera_msgs/include/realsense2_camera_msgs/realsense2_camera_msgs/msg/detail/imu_info__rosidl_typesupport_introspection_cpp.hpp
[1.894s] -- Up-to-date symlink: /home/vvoxel/ros2_ws_mgr/install/realsense2_camera_msgs/include/realsense2_camera_msgs/realsense2_camera_msgs/msg/detail/metadata__rosidl_typesupport_introspection_cpp.hpp
[1.894s] -- Up-to-date symlink: /home/vvoxel/ros2_ws_mgr/install/realsense2_camera_msgs/include/realsense2_camera_msgs/realsense2_camera_msgs/msg/detail/rgbd__rosidl_typesupport_introspection_cpp.hpp
[1.894s] -- Up-to-date symlink: /home/vvoxel/ros2_ws_mgr/install/realsense2_camera_msgs/include/realsense2_camera_msgs/realsense2_camera_msgs/srv/detail/device_info__rosidl_typesupport_introspection_cpp.hpp
[1.894s] -- Up-to-date symlink: /home/vvoxel/ros2_ws_mgr/install/realsense2_camera_msgs/share/realsense2_camera_msgs/environment/pythonpath.sh
[1.894s] -- Up-to-date symlink: /home/vvoxel/ros2_ws_mgr/install/realsense2_camera_msgs/share/realsense2_camera_msgs/environment/pythonpath.dsv
[1.895s] -- Up-to-date symlink: /home/vvoxel/ros2_ws_mgr/install/realsense2_camera_msgs/lib/python3.12/site-packages/realsense2_camera_msgs-4.55.1-py3.12.egg-info/PKG-INFO
[1.895s] -- Up-to-date symlink: /home/vvoxel/ros2_ws_mgr/install/realsense2_camera_msgs/lib/python3.12/site-packages/realsense2_camera_msgs-4.55.1-py3.12.egg-info/SOURCES.txt
[1.895s] -- Up-to-date symlink: /home/vvoxel/ros2_ws_mgr/install/realsense2_camera_msgs/lib/python3.12/site-packages/realsense2_camera_msgs-4.55.1-py3.12.egg-info/dependency_links.txt
[1.895s] -- Up-to-date symlink: /home/vvoxel/ros2_ws_mgr/install/realsense2_camera_msgs/lib/python3.12/site-packages/realsense2_camera_msgs-4.55.1-py3.12.egg-info/top_level.txt
[1.895s] -- Up-to-date symlink: /home/vvoxel/ros2_ws_mgr/install/realsense2_camera_msgs/lib/python3.12/site-packages/realsense2_camera_msgs/__init__.py
[1.895s] -- Up-to-date symlink: /home/vvoxel/ros2_ws_mgr/install/realsense2_camera_msgs/lib/python3.12/site-packages/realsense2_camera_msgs/_realsense2_camera_msgs_s.ep.rosidl_typesupport_c.c
[1.896s] -- Up-to-date symlink: /home/vvoxel/ros2_ws_mgr/install/realsense2_camera_msgs/lib/python3.12/site-packages/realsense2_camera_msgs/_realsense2_camera_msgs_s.ep.rosidl_typesupport_fastrtps_c.c
[1.896s] -- Up-to-date symlink: /home/vvoxel/ros2_ws_mgr/install/realsense2_camera_msgs/lib/python3.12/site-packages/realsense2_camera_msgs/_realsense2_camera_msgs_s.ep.rosidl_typesupport_introspection_c.c
[1.896s] -- Up-to-date symlink: /home/vvoxel/ros2_ws_mgr/install/realsense2_camera_msgs/lib/python3.12/site-packages/realsense2_camera_msgs/msg/__init__.py
[1.896s] -- Up-to-date symlink: /home/vvoxel/ros2_ws_mgr/install/realsense2_camera_msgs/lib/python3.12/site-packages/realsense2_camera_msgs/msg/_extrinsics.py
[1.896s] -- Up-to-date symlink: /home/vvoxel/ros2_ws_mgr/install/realsense2_camera_msgs/lib/python3.12/site-packages/realsense2_camera_msgs/msg/_extrinsics_s.c
[1.896s] -- Up-to-date symlink: /home/vvoxel/ros2_ws_mgr/install/realsense2_camera_msgs/lib/python3.12/site-packages/realsense2_camera_msgs/msg/_imu_info.py
[1.897s] -- Up-to-date symlink: /home/vvoxel/ros2_ws_mgr/install/realsense2_camera_msgs/lib/python3.12/site-packages/realsense2_camera_msgs/msg/_imu_info_s.c
[1.897s] -- Up-to-date symlink: /home/vvoxel/ros2_ws_mgr/install/realsense2_camera_msgs/lib/python3.12/site-packages/realsense2_camera_msgs/msg/_metadata.py
[1.897s] -- Up-to-date symlink: /home/vvoxel/ros2_ws_mgr/install/realsense2_camera_msgs/lib/python3.12/site-packages/realsense2_camera_msgs/msg/_metadata_s.c
[1.897s] -- Up-to-date symlink: /home/vvoxel/ros2_ws_mgr/install/realsense2_camera_msgs/lib/python3.12/site-packages/realsense2_camera_msgs/msg/_rgbd.py
[1.897s] -- Up-to-date symlink: /home/vvoxel/ros2_ws_mgr/install/realsense2_camera_msgs/lib/python3.12/site-packages/realsense2_camera_msgs/msg/_rgbd_s.c
[1.897s] -- Up-to-date symlink: /home/vvoxel/ros2_ws_mgr/install/realsense2_camera_msgs/lib/python3.12/site-packages/realsense2_camera_msgs/realsense2_camera_msgs_s__rosidl_typesupport_c.so
[1.897s] -- Up-to-date symlink: /home/vvoxel/ros2_ws_mgr/install/realsense2_camera_msgs/lib/python3.12/site-packages/realsense2_camera_msgs/realsense2_camera_msgs_s__rosidl_typesupport_fastrtps_c.so
[1.898s] -- Up-to-date symlink: /home/vvoxel/ros2_ws_mgr/install/realsense2_camera_msgs/lib/python3.12/site-packages/realsense2_camera_msgs/realsense2_camera_msgs_s__rosidl_typesupport_introspection_c.so
[1.898s] -- Up-to-date symlink: /home/vvoxel/ros2_ws_mgr/install/realsense2_camera_msgs/lib/python3.12/site-packages/realsense2_camera_msgs/srv/__init__.py
[1.898s] -- Up-to-date symlink: /home/vvoxel/ros2_ws_mgr/install/realsense2_camera_msgs/lib/python3.12/site-packages/realsense2_camera_msgs/srv/_device_info.py
[1.898s] -- Up-to-date symlink: /home/vvoxel/ros2_ws_mgr/install/realsense2_camera_msgs/lib/python3.12/site-packages/realsense2_camera_msgs/srv/_device_info_s.c
[1.898s] -- Up-to-date symlink: /home/vvoxel/ros2_ws_mgr/install/realsense2_camera_msgs/lib/python3.12/site-packages/realsense2_camera_msgs/realsense2_camera_msgs_s__rosidl_typesupport_fastrtps_c.so
[1.898s] -- Up-to-date symlink: /home/vvoxel/ros2_ws_mgr/install/realsense2_camera_msgs/lib/python3.12/site-packages/realsense2_camera_msgs/realsense2_camera_msgs_s__rosidl_typesupport_introspection_c.so
[1.898s] -- Up-to-date symlink: /home/vvoxel/ros2_ws_mgr/install/realsense2_camera_msgs/lib/python3.12/site-packages/realsense2_camera_msgs/realsense2_camera_msgs_s__rosidl_typesupport_c.so
[1.899s] -- Up-to-date symlink: /home/vvoxel/ros2_ws_mgr/install/realsense2_camera_msgs/share/realsense2_camera_msgs/msg/IMUInfo.idl
[1.899s] -- Up-to-date symlink: /home/vvoxel/ros2_ws_mgr/install/realsense2_camera_msgs/share/realsense2_camera_msgs/msg/Extrinsics.idl
[1.899s] -- Up-to-date symlink: /home/vvoxel/ros2_ws_mgr/install/realsense2_camera_msgs/share/realsense2_camera_msgs/msg/Metadata.idl
[1.899s] -- Up-to-date symlink: /home/vvoxel/ros2_ws_mgr/install/realsense2_camera_msgs/share/realsense2_camera_msgs/msg/RGBD.idl
[1.899s] -- Up-to-date symlink: /home/vvoxel/ros2_ws_mgr/install/realsense2_camera_msgs/share/realsense2_camera_msgs/srv/DeviceInfo.idl
[1.899s] -- Up-to-date symlink: /home/vvoxel/ros2_ws_mgr/install/realsense2_camera_msgs/share/realsense2_camera_msgs/msg/IMUInfo.msg
[1.900s] -- Up-to-date symlink: /home/vvoxel/ros2_ws_mgr/install/realsense2_camera_msgs/share/realsense2_camera_msgs/msg/Extrinsics.msg
[1.900s] -- Up-to-date symlink: /home/vvoxel/ros2_ws_mgr/install/realsense2_camera_msgs/share/realsense2_camera_msgs/msg/Metadata.msg
[1.902s] -- Up-to-date symlink: /home/vvoxel/ros2_ws_mgr/install/realsense2_camera_msgs/share/realsense2_camera_msgs/msg/RGBD.msg
[1.903s] -- Up-to-date symlink: /home/vvoxel/ros2_ws_mgr/install/realsense2_camera_msgs/share/realsense2_camera_msgs/srv/DeviceInfo.srv
[1.903s] -- Up-to-date symlink: /home/vvoxel/ros2_ws_mgr/install/realsense2_camera_msgs/share/ament_index/resource_index/package_run_dependencies/realsense2_camera_msgs
[1.903s] -- Up-to-date symlink: /home/vvoxel/ros2_ws_mgr/install/realsense2_camera_msgs/share/ament_index/resource_index/parent_prefix_path/realsense2_camera_msgs
[1.904s] -- Up-to-date symlink: /home/vvoxel/ros2_ws_mgr/install/realsense2_camera_msgs/share/realsense2_camera_msgs/environment/ament_prefix_path.sh
[1.904s] -- Up-to-date symlink: /home/vvoxel/ros2_ws_mgr/install/realsense2_camera_msgs/share/realsense2_camera_msgs/environment/ament_prefix_path.dsv
[1.904s] -- Up-to-date symlink: /home/vvoxel/ros2_ws_mgr/install/realsense2_camera_msgs/share/realsense2_camera_msgs/environment/path.sh
[1.904s] -- Up-to-date symlink: /home/vvoxel/ros2_ws_mgr/install/realsense2_camera_msgs/share/realsense2_camera_msgs/environment/path.dsv
[1.904s] -- Up-to-date symlink: /home/vvoxel/ros2_ws_mgr/install/realsense2_camera_msgs/share/realsense2_camera_msgs/local_setup.bash
[1.905s] -- Up-to-date symlink: /home/vvoxel/ros2_ws_mgr/install/realsense2_camera_msgs/share/realsense2_camera_msgs/local_setup.sh
[1.905s] -- Up-to-date symlink: /home/vvoxel/ros2_ws_mgr/install/realsense2_camera_msgs/share/realsense2_camera_msgs/local_setup.zsh
[1.905s] -- Up-to-date symlink: /home/vvoxel/ros2_ws_mgr/install/realsense2_camera_msgs/share/realsense2_camera_msgs/local_setup.dsv
[1.905s] -- Symlinking: /home/vvoxel/ros2_ws_mgr/install/realsense2_camera_msgs/share/realsense2_camera_msgs/package.dsv
[1.929s] -- Up-to-date symlink: /home/vvoxel/ros2_ws_mgr/install/realsense2_camera_msgs/share/ament_index/resource_index/packages/realsense2_camera_msgs
[1.929s] -- Up-to-date symlink: /home/vvoxel/ros2_ws_mgr/install/realsense2_camera_msgs/share/realsense2_camera_msgs/cmake/rosidl_cmake-extras.cmake
[1.930s] -- Up-to-date symlink: /home/vvoxel/ros2_ws_mgr/install/realsense2_camera_msgs/share/realsense2_camera_msgs/cmake/ament_cmake_export_dependencies-extras.cmake
[1.930s] -- Up-to-date symlink: /home/vvoxel/ros2_ws_mgr/install/realsense2_camera_msgs/share/realsense2_camera_msgs/cmake/ament_cmake_export_include_directories-extras.cmake
[1.930s] -- Up-to-date symlink: /home/vvoxel/ros2_ws_mgr/install/realsense2_camera_msgs/share/realsense2_camera_msgs/cmake/ament_cmake_export_libraries-extras.cmake
[1.930s] -- Up-to-date symlink: /home/vvoxel/ros2_ws_mgr/install/realsense2_camera_msgs/share/realsense2_camera_msgs/cmake/ament_cmake_export_targets-extras.cmake
[1.930s] -- Up-to-date symlink: /home/vvoxel/ros2_ws_mgr/install/realsense2_camera_msgs/share/realsense2_camera_msgs/cmake/rosidl_cmake_export_typesupport_targets-extras.cmake
[1.930s] -- Up-to-date symlink: /home/vvoxel/ros2_ws_mgr/install/realsense2_camera_msgs/share/realsense2_camera_msgs/cmake/rosidl_cmake_export_typesupport_libraries-extras.cmake
[1.931s] -- Up-to-date symlink: /home/vvoxel/ros2_ws_mgr/install/realsense2_camera_msgs/share/realsense2_camera_msgs/cmake/realsense2_camera_msgsConfig.cmake
[1.931s] -- Up-to-date symlink: /home/vvoxel/ros2_ws_mgr/install/realsense2_camera_msgs/share/realsense2_camera_msgs/cmake/realsense2_camera_msgsConfig-version.cmake
[1.931s] -- Up-to-date symlink: /home/vvoxel/ros2_ws_mgr/install/realsense2_camera_msgs/share/realsense2_camera_msgs/package.xml
[1.931s] -- Up-to-date: /home/vvoxel/ros2_ws_mgr/install/realsense2_camera_msgs/lib/librealsense2_camera_msgs__rosidl_generator_c.so
[1.931s] -- Up-to-date: /home/vvoxel/ros2_ws_mgr/install/realsense2_camera_msgs/lib/librealsense2_camera_msgs__rosidl_typesupport_fastrtps_c.so
[1.931s] -- Up-to-date: /home/vvoxel/ros2_ws_mgr/install/realsense2_camera_msgs/lib/librealsense2_camera_msgs__rosidl_typesupport_introspection_c.so
[1.932s] -- Up-to-date: /home/vvoxel/ros2_ws_mgr/install/realsense2_camera_msgs/lib/librealsense2_camera_msgs__rosidl_typesupport_c.so
[1.932s] -- Up-to-date: /home/vvoxel/ros2_ws_mgr/install/realsense2_camera_msgs/lib/librealsense2_camera_msgs__rosidl_typesupport_fastrtps_cpp.so
[1.932s] -- Up-to-date: /home/vvoxel/ros2_ws_mgr/install/realsense2_camera_msgs/lib/librealsense2_camera_msgs__rosidl_typesupport_introspection_cpp.so
[1.932s] -- Up-to-date: /home/vvoxel/ros2_ws_mgr/install/realsense2_camera_msgs/lib/librealsense2_camera_msgs__rosidl_typesupport_cpp.so
[2.013s] Listing '/home/vvoxel/ros2_ws_mgr/install/realsense2_camera_msgs/lib/python3.12/site-packages/realsense2_camera_msgs'...
[2.013s] Listing '/home/vvoxel/ros2_ws_mgr/install/realsense2_camera_msgs/lib/python3.12/site-packages/realsense2_camera_msgs/msg'...
[2.013s] Listing '/home/vvoxel/ros2_ws_mgr/install/realsense2_camera_msgs/lib/python3.12/site-packages/realsense2_camera_msgs/srv'...
[2.014s] -- Up-to-date: /home/vvoxel/ros2_ws_mgr/install/realsense2_camera_msgs/lib/librealsense2_camera_msgs__rosidl_generator_py.so
[2.014s] -- Up-to-date: /home/vvoxel/ros2_ws_mgr/install/realsense2_camera_msgs/share/realsense2_camera_msgs/cmake/export_realsense2_camera_msgs__rosidl_generator_cExport.cmake
[2.014s] -- Up-to-date: /home/vvoxel/ros2_ws_mgr/install/realsense2_camera_msgs/share/realsense2_camera_msgs/cmake/export_realsense2_camera_msgs__rosidl_generator_cExport-noconfig.cmake
[2.014s] -- Up-to-date: /home/vvoxel/ros2_ws_mgr/install/realsense2_camera_msgs/share/realsense2_camera_msgs/cmake/export_realsense2_camera_msgs__rosidl_typesupport_fastrtps_cExport.cmake
[2.014s] -- Up-to-date: /home/vvoxel/ros2_ws_mgr/install/realsense2_camera_msgs/share/realsense2_camera_msgs/cmake/export_realsense2_camera_msgs__rosidl_typesupport_fastrtps_cExport-noconfig.cmake
[2.015s] -- Up-to-date: /home/vvoxel/ros2_ws_mgr/install/realsense2_camera_msgs/share/realsense2_camera_msgs/cmake/realsense2_camera_msgs__rosidl_typesupport_introspection_cExport.cmake
[2.015s] -- Up-to-date: /home/vvoxel/ros2_ws_mgr/install/realsense2_camera_msgs/share/realsense2_camera_msgs/cmake/realsense2_camera_msgs__rosidl_typesupport_introspection_cExport-noconfig.cmake
[2.015s] -- Up-to-date: /home/vvoxel/ros2_ws_mgr/install/realsense2_camera_msgs/share/realsense2_camera_msgs/cmake/realsense2_camera_msgs__rosidl_typesupport_cExport.cmake
[2.015s] -- Up-to-date: /home/vvoxel/ros2_ws_mgr/install/realsense2_camera_msgs/share/realsense2_camera_msgs/cmake/realsense2_camera_msgs__rosidl_typesupport_cExport-noconfig.cmake
[2.015s] -- Up-to-date: /home/vvoxel/ros2_ws_mgr/install/realsense2_camera_msgs/share/realsense2_camera_msgs/cmake/export_realsense2_camera_msgs__rosidl_generator_cppExport.cmake
[2.015s] -- Up-to-date: /home/vvoxel/ros2_ws_mgr/install/realsense2_camera_msgs/share/realsense2_camera_msgs/cmake/export_realsense2_camera_msgs__rosidl_typesupport_fastrtps_cppExport.cmake
[2.016s] -- Up-to-date: /home/vvoxel/ros2_ws_mgr/install/realsense2_camera_msgs/share/realsense2_camera_msgs/cmake/export_realsense2_camera_msgs__rosidl_typesupport_fastrtps_cppExport-noconfig.cmake
[2.016s] -- Up-to-date: /home/vvoxel/ros2_ws_mgr/install/realsense2_camera_msgs/share/realsense2_camera_msgs/cmake/realsense2_camera_msgs__rosidl_typesupport_introspection_cppExport.cmake
[2.016s] -- Up-to-date: /home/vvoxel/ros2_ws_mgr/install/realsense2_camera_msgs/share/realsense2_camera_msgs/cmake/realsense2_camera_msgs__rosidl_typesupport_introspection_cppExport-noconfig.cmake
[2.016s] -- Up-to-date: /home/vvoxel/ros2_ws_mgr/install/realsense2_camera_msgs/share/realsense2_camera_msgs/cmake/realsense2_camera_msgs__rosidl_typesupport_cppExport.cmake
[2.016s] -- Up-to-date: /home/vvoxel/ros2_ws_mgr/install/realsense2_camera_msgs/share/realsense2_camera_msgs/cmake/realsense2_camera_msgs__rosidl_typesupport_cppExport-noconfig.cmake
[2.017s] -- Up-to-date: /home/vvoxel/ros2_ws_mgr/install/realsense2_camera_msgs/share/realsense2_camera_msgs/cmake/export_realsense2_camera_msgs__rosidl_generator_pyExport.cmake
[2.017s] -- Up-to-date: /home/vvoxel/ros2_ws_mgr/install/realsense2_camera_msgs/share/realsense2_camera_msgs/cmake/export_realsense2_camera_msgs__rosidl_generator_pyExport-noconfig.cmake
[2.306s] Invoked command in '/home/vvoxel/ros2_ws_mgr/build/realsense2_camera_msgs' returned '0': CMAKE_PREFIX_PATH=/home/vvoxel/ros2_ws_mgr/install/g2o_driver:/home/vvoxel/ros2_ws_mgr/install/test_ros_gz_bridge:/home/vvoxel/ros2_ws_mgr/install/sim_launcher:/opt/ros/jazzy:/home/vvoxel/ros2_ws_mgr/install/slam:/home/vvoxel/ros2_ws_mgr/install/ros_gz:/home/vvoxel/ros2_ws_mgr/install/ros_gz_sim_demos:/home/vvoxel/ros2_ws_mgr/install/ros_gz_sim:/home/vvoxel/ros2_ws_mgr/install/ros_gz_image:/home/vvoxel/ros2_ws_mgr/install/ros_gz_bridge:/home/vvoxel/ros2_ws_mgr/install/ros_gz_interfaces:/home/vvoxel/ros2_ws_mgr/install/realsense2_description:/home/vvoxel/ros2_ws_mgr/install/realsense2_camera:/home/vvoxel/ros2_ws_mgr/install/realsense2_camera_msgs:/home/vvoxel/ros2_ws_mgr/install/mtracker:/home/vvoxel/ros2_ws_mgr/install/g2o:/home/vvoxel/ros2_ws_mgr/install/apriltag_ros:/home/vvoxel/ros2_ws_mgr/install/apriltag_msgs:/home/vvoxel/ros2_ws_mgr/install/apriltag:/home/vvoxel/ros2_ws_mgr/install/anglecalc:/opt/ros/jazzy/opt/gz_sim_vendor:/opt/ros/jazzy/opt/gz_sensors_vendor:/opt/ros/jazzy/opt/gz_physics_vendor:/opt/ros/jazzy/opt/sdformat_vendor:/opt/ros/jazzy/opt/gz_gui_vendor:/opt/ros/jazzy/opt/gz_transport_vendor:/opt/ros/jazzy/opt/gz_rendering_vendor:/opt/ros/jazzy/opt/gz_plugin_vendor:/opt/ros/jazzy/opt/gz_fuel_tools_vendor:/opt/ros/jazzy/opt/gz_msgs_vendor:/opt/ros/jazzy/opt/gz_common_vendor:/opt/ros/jazzy/opt/gz_math_vendor:/opt/ros/jazzy/opt/gz_utils_vendor:/opt/ros/jazzy/opt/gz_tools_vendor:/opt/ros/jazzy/opt/gz_ogre_next_vendor:/opt/ros/jazzy/opt/gz_dartsim_vendor:/opt/ros/jazzy/opt/gz_cmake_vendor DEBUGINFOD_URLS=https://debuginfod.ubuntu.com /usr/bin/cmake --install /home/vvoxel/ros2_ws_mgr/build/realsense2_camera_msgs
