[0.031s] Invoking command in '/home/vvoxel/ros2_ws_mgr/build/mtracker': CMAKE_PREFIX_PATH=/home/vvoxel/ros2_ws_mgr/install/g2o_driver:/home/vvoxel/ros2_ws_mgr/install/test_ros_gz_bridge:/home/vvoxel/ros2_ws_mgr/install/sim_launcher:/opt/ros/jazzy:/home/vvoxel/ros2_ws_mgr/install/slam:/home/vvoxel/ros2_ws_mgr/install/ros_gz:/home/vvoxel/ros2_ws_mgr/install/ros_gz_sim_demos:/home/vvoxel/ros2_ws_mgr/install/ros_gz_sim:/home/vvoxel/ros2_ws_mgr/install/ros_gz_image:/home/vvoxel/ros2_ws_mgr/install/ros_gz_bridge:/home/vvoxel/ros2_ws_mgr/install/ros_gz_interfaces:/home/vvoxel/ros2_ws_mgr/install/realsense2_description:/home/vvoxel/ros2_ws_mgr/install/realsense2_camera:/home/vvoxel/ros2_ws_mgr/install/realsense2_camera_msgs:/home/vvoxel/ros2_ws_mgr/install/mtracker:/home/vvoxel/ros2_ws_mgr/install/g2o:/home/vvoxel/ros2_ws_mgr/install/apriltag_ros:/home/vvoxel/ros2_ws_mgr/install/apriltag_msgs:/home/vvoxel/ros2_ws_mgr/install/apriltag:/home/vvoxel/ros2_ws_mgr/install/anglecalc:/opt/ros/jazzy/opt/gz_sim_vendor:/opt/ros/jazzy/opt/gz_sensors_vendor:/opt/ros/jazzy/opt/gz_physics_vendor:/opt/ros/jazzy/opt/sdformat_vendor:/opt/ros/jazzy/opt/gz_gui_vendor:/opt/ros/jazzy/opt/gz_transport_vendor:/opt/ros/jazzy/opt/gz_rendering_vendor:/opt/ros/jazzy/opt/gz_plugin_vendor:/opt/ros/jazzy/opt/gz_fuel_tools_vendor:/opt/ros/jazzy/opt/gz_msgs_vendor:/opt/ros/jazzy/opt/gz_common_vendor:/opt/ros/jazzy/opt/gz_math_vendor:/opt/ros/jazzy/opt/gz_utils_vendor:/opt/ros/jazzy/opt/gz_tools_vendor:/opt/ros/jazzy/opt/gz_ogre_next_vendor:/opt/ros/jazzy/opt/gz_dartsim_vendor:/opt/ros/jazzy/opt/gz_cmake_vendor DEBUGINFOD_URLS=https://debuginfod.ubuntu.com /usr/bin/cmake --build /home/vvoxel/ros2_ws_mgr/build/mtracker -- -j8 -l8
[0.142s] [  2%] Built target mtracker__rosidl_generator_type_description
[0.154s] [ 12%] Built target controller
[0.154s] [ 12%] Built target mtracker_joy
[0.157s] [ 12%] Built target ament_cmake_python_symlink_mtracker
[0.192s] [ 19%] Built target mtracker__cpp
[0.192s] [ 26%] Built target mtracker__rosidl_generator_c
[0.238s] [ 34%] Built target mtracker__rosidl_typesupport_c
[0.238s] [ 41%] Built target mtracker__rosidl_typesupport_fastrtps_cpp
[0.241s] [ 48%] Built target mtracker__rosidl_typesupport_fastrtps_c
[0.242s] [ 56%] Built target mtracker__rosidl_typesupport_cpp
[0.249s] [ 63%] Built target mtracker__rosidl_typesupport_introspection_cpp
[0.249s] [ 70%] Built target mtracker__rosidl_typesupport_introspection_c
[0.280s] [ 70%] Built target mtracker
[0.295s] [ 78%] Built target mtracker_drv
[0.310s] [ 80%] Built target mtracker__py
[0.336s] [ 85%] Built target mtracker__rosidl_generator_py
[0.367s] [ 90%] Built target mtracker_s__rosidl_typesupport_fastrtps_c
[0.372s] [ 95%] Built target mtracker_s__rosidl_typesupport_introspection_c
[0.375s] [100%] Built target mtracker_s__rosidl_typesupport_c
[0.502s] running egg_info
[0.553s] writing mtracker.egg-info/PKG-INFO
[0.556s] writing dependency_links to mtracker.egg-info/dependency_links.txt
[0.557s] writing top-level names to mtracker.egg-info/top_level.txt
[0.679s] reading manifest file 'mtracker.egg-info/SOURCES.txt'
[0.681s] writing manifest file 'mtracker.egg-info/SOURCES.txt'
[0.748s] [100%] Built target ament_cmake_python_build_mtracker_egg
[0.792s] Invoked command in '/home/vvoxel/ros2_ws_mgr/build/mtracker' returned '0': CMAKE_PREFIX_PATH=/home/vvoxel/ros2_ws_mgr/install/g2o_driver:/home/vvoxel/ros2_ws_mgr/install/test_ros_gz_bridge:/home/vvoxel/ros2_ws_mgr/install/sim_launcher:/opt/ros/jazzy:/home/vvoxel/ros2_ws_mgr/install/slam:/home/vvoxel/ros2_ws_mgr/install/ros_gz:/home/vvoxel/ros2_ws_mgr/install/ros_gz_sim_demos:/home/vvoxel/ros2_ws_mgr/install/ros_gz_sim:/home/vvoxel/ros2_ws_mgr/install/ros_gz_image:/home/vvoxel/ros2_ws_mgr/install/ros_gz_bridge:/home/vvoxel/ros2_ws_mgr/install/ros_gz_interfaces:/home/vvoxel/ros2_ws_mgr/install/realsense2_description:/home/vvoxel/ros2_ws_mgr/install/realsense2_camera:/home/vvoxel/ros2_ws_mgr/install/realsense2_camera_msgs:/home/vvoxel/ros2_ws_mgr/install/mtracker:/home/vvoxel/ros2_ws_mgr/install/g2o:/home/vvoxel/ros2_ws_mgr/install/apriltag_ros:/home/vvoxel/ros2_ws_mgr/install/apriltag_msgs:/home/vvoxel/ros2_ws_mgr/install/apriltag:/home/vvoxel/ros2_ws_mgr/install/anglecalc:/opt/ros/jazzy/opt/gz_sim_vendor:/opt/ros/jazzy/opt/gz_sensors_vendor:/opt/ros/jazzy/opt/gz_physics_vendor:/opt/ros/jazzy/opt/sdformat_vendor:/opt/ros/jazzy/opt/gz_gui_vendor:/opt/ros/jazzy/opt/gz_transport_vendor:/opt/ros/jazzy/opt/gz_rendering_vendor:/opt/ros/jazzy/opt/gz_plugin_vendor:/opt/ros/jazzy/opt/gz_fuel_tools_vendor:/opt/ros/jazzy/opt/gz_msgs_vendor:/opt/ros/jazzy/opt/gz_common_vendor:/opt/ros/jazzy/opt/gz_math_vendor:/opt/ros/jazzy/opt/gz_utils_vendor:/opt/ros/jazzy/opt/gz_tools_vendor:/opt/ros/jazzy/opt/gz_ogre_next_vendor:/opt/ros/jazzy/opt/gz_dartsim_vendor:/opt/ros/jazzy/opt/gz_cmake_vendor DEBUGINFOD_URLS=https://debuginfod.ubuntu.com /usr/bin/cmake --build /home/vvoxel/ros2_ws_mgr/build/mtracker -- -j8 -l8
[0.795s] Invoking command in '/home/vvoxel/ros2_ws_mgr/build/mtracker': CMAKE_PREFIX_PATH=/home/vvoxel/ros2_ws_mgr/install/g2o_driver:/home/vvoxel/ros2_ws_mgr/install/test_ros_gz_bridge:/home/vvoxel/ros2_ws_mgr/install/sim_launcher:/opt/ros/jazzy:/home/vvoxel/ros2_ws_mgr/install/slam:/home/vvoxel/ros2_ws_mgr/install/ros_gz:/home/vvoxel/ros2_ws_mgr/install/ros_gz_sim_demos:/home/vvoxel/ros2_ws_mgr/install/ros_gz_sim:/home/vvoxel/ros2_ws_mgr/install/ros_gz_image:/home/vvoxel/ros2_ws_mgr/install/ros_gz_bridge:/home/vvoxel/ros2_ws_mgr/install/ros_gz_interfaces:/home/vvoxel/ros2_ws_mgr/install/realsense2_description:/home/vvoxel/ros2_ws_mgr/install/realsense2_camera:/home/vvoxel/ros2_ws_mgr/install/realsense2_camera_msgs:/home/vvoxel/ros2_ws_mgr/install/mtracker:/home/vvoxel/ros2_ws_mgr/install/g2o:/home/vvoxel/ros2_ws_mgr/install/apriltag_ros:/home/vvoxel/ros2_ws_mgr/install/apriltag_msgs:/home/vvoxel/ros2_ws_mgr/install/apriltag:/home/vvoxel/ros2_ws_mgr/install/anglecalc:/opt/ros/jazzy/opt/gz_sim_vendor:/opt/ros/jazzy/opt/gz_sensors_vendor:/opt/ros/jazzy/opt/gz_physics_vendor:/opt/ros/jazzy/opt/sdformat_vendor:/opt/ros/jazzy/opt/gz_gui_vendor:/opt/ros/jazzy/opt/gz_transport_vendor:/opt/ros/jazzy/opt/gz_rendering_vendor:/opt/ros/jazzy/opt/gz_plugin_vendor:/opt/ros/jazzy/opt/gz_fuel_tools_vendor:/opt/ros/jazzy/opt/gz_msgs_vendor:/opt/ros/jazzy/opt/gz_common_vendor:/opt/ros/jazzy/opt/gz_math_vendor:/opt/ros/jazzy/opt/gz_utils_vendor:/opt/ros/jazzy/opt/gz_tools_vendor:/opt/ros/jazzy/opt/gz_ogre_next_vendor:/opt/ros/jazzy/opt/gz_dartsim_vendor:/opt/ros/jazzy/opt/gz_cmake_vendor DEBUGINFOD_URLS=https://debuginfod.ubuntu.com /usr/bin/cmake --install /home/vvoxel/ros2_ws_mgr/build/mtracker
[0.842s] -- Install configuration: ""
[0.842s] -- Execute custom install script
[0.842s] -- Up-to-date symlink: /home/vvoxel/ros2_ws_mgr/install/mtracker/share/mtracker//launch/mtracker_master.launch.py
[0.842s] -- Up-to-date symlink: /home/vvoxel/ros2_ws_mgr/install/mtracker/share/mtracker//launch/mtracker_remote.launch
[0.842s] -- Up-to-date symlink: /home/vvoxel/ros2_ws_mgr/install/mtracker/share/ament_index/resource_index/rosidl_interfaces/mtracker
[0.842s] -- Up-to-date symlink: /home/vvoxel/ros2_ws_mgr/install/mtracker/share/mtracker/srv/Trigger.json
[0.842s] -- Up-to-date symlink: /home/vvoxel/ros2_ws_mgr/install/mtracker/include/mtracker/mtracker/msg/rosidl_generator_c__visibility_control.h
[0.843s] -- Up-to-date symlink: /home/vvoxel/ros2_ws_mgr/install/mtracker/include/mtracker/mtracker/srv/detail/trigger__functions.h
[0.843s] -- Up-to-date symlink: /home/vvoxel/ros2_ws_mgr/install/mtracker/include/mtracker/mtracker/srv/detail/trigger__struct.h
[0.843s] -- Up-to-date symlink: /home/vvoxel/ros2_ws_mgr/install/mtracker/include/mtracker/mtracker/srv/detail/trigger__type_support.h
[0.843s] -- Up-to-date symlink: /home/vvoxel/ros2_ws_mgr/install/mtracker/include/mtracker/mtracker/srv/trigger.h
[0.843s] -- Up-to-date symlink: /home/vvoxel/ros2_ws_mgr/install/mtracker/share/mtracker/environment/library_path.sh
[0.843s] -- Up-to-date symlink: /home/vvoxel/ros2_ws_mgr/install/mtracker/share/mtracker/environment/library_path.dsv
[0.843s] -- Up-to-date symlink: /home/vvoxel/ros2_ws_mgr/install/mtracker/include/mtracker/mtracker/msg/rosidl_typesupport_fastrtps_c__visibility_control.h
[0.844s] -- Up-to-date symlink: /home/vvoxel/ros2_ws_mgr/install/mtracker/include/mtracker/mtracker/srv/detail/trigger__rosidl_typesupport_fastrtps_c.h
[0.844s] -- Up-to-date symlink: /home/vvoxel/ros2_ws_mgr/install/mtracker/include/mtracker/mtracker/msg/rosidl_generator_cpp__visibility_control.hpp
[0.844s] -- Up-to-date symlink: /home/vvoxel/ros2_ws_mgr/install/mtracker/include/mtracker/mtracker/srv/detail/trigger__builder.hpp
[0.844s] -- Up-to-date symlink: /home/vvoxel/ros2_ws_mgr/install/mtracker/include/mtracker/mtracker/srv/detail/trigger__struct.hpp
[0.844s] -- Up-to-date symlink: /home/vvoxel/ros2_ws_mgr/install/mtracker/include/mtracker/mtracker/srv/detail/trigger__traits.hpp
[0.844s] -- Up-to-date symlink: /home/vvoxel/ros2_ws_mgr/install/mtracker/include/mtracker/mtracker/srv/detail/trigger__type_support.hpp
[0.845s] -- Up-to-date symlink: /home/vvoxel/ros2_ws_mgr/install/mtracker/include/mtracker/mtracker/srv/trigger.hpp
[0.845s] -- Up-to-date symlink: /home/vvoxel/ros2_ws_mgr/install/mtracker/include/mtracker/mtracker/msg/rosidl_typesupport_fastrtps_cpp__visibility_control.h
[0.845s] -- Up-to-date symlink: /home/vvoxel/ros2_ws_mgr/install/mtracker/include/mtracker/mtracker/srv/detail/trigger__rosidl_typesupport_fastrtps_cpp.hpp
[0.847s] -- Up-to-date symlink: /home/vvoxel/ros2_ws_mgr/install/mtracker/include/mtracker/mtracker/msg/rosidl_typesupport_introspection_c__visibility_control.h
[0.847s] -- Up-to-date symlink: /home/vvoxel/ros2_ws_mgr/install/mtracker/include/mtracker/mtracker/srv/detail/trigger__rosidl_typesupport_introspection_c.h
[0.847s] -- Up-to-date symlink: /home/vvoxel/ros2_ws_mgr/install/mtracker/include/mtracker/mtracker/srv/detail/trigger__rosidl_typesupport_introspection_cpp.hpp
[0.848s] -- Up-to-date symlink: /home/vvoxel/ros2_ws_mgr/install/mtracker/share/mtracker/environment/pythonpath.sh
[0.848s] -- Up-to-date symlink: /home/vvoxel/ros2_ws_mgr/install/mtracker/share/mtracker/environment/pythonpath.dsv
[0.849s] -- Up-to-date symlink: /home/vvoxel/ros2_ws_mgr/install/mtracker/lib/python3.12/site-packages/mtracker-0.0.0-py3.12.egg-info/PKG-INFO
[0.849s] -- Up-to-date symlink: /home/vvoxel/ros2_ws_mgr/install/mtracker/lib/python3.12/site-packages/mtracker-0.0.0-py3.12.egg-info/SOURCES.txt
[0.849s] -- Up-to-date symlink: /home/vvoxel/ros2_ws_mgr/install/mtracker/lib/python3.12/site-packages/mtracker-0.0.0-py3.12.egg-info/dependency_links.txt
[0.849s] -- Up-to-date symlink: /home/vvoxel/ros2_ws_mgr/install/mtracker/lib/python3.12/site-packages/mtracker-0.0.0-py3.12.egg-info/top_level.txt
[0.849s] -- Up-to-date symlink: /home/vvoxel/ros2_ws_mgr/install/mtracker/lib/python3.12/site-packages/mtracker/__init__.py
[0.849s] -- Up-to-date symlink: /home/vvoxel/ros2_ws_mgr/install/mtracker/lib/python3.12/site-packages/mtracker/_mtracker_s.ep.rosidl_typesupport_c.c
[0.850s] -- Up-to-date symlink: /home/vvoxel/ros2_ws_mgr/install/mtracker/lib/python3.12/site-packages/mtracker/_mtracker_s.ep.rosidl_typesupport_fastrtps_c.c
[0.850s] -- Up-to-date symlink: /home/vvoxel/ros2_ws_mgr/install/mtracker/lib/python3.12/site-packages/mtracker/_mtracker_s.ep.rosidl_typesupport_introspection_c.c
[0.850s] -- Up-to-date symlink: /home/vvoxel/ros2_ws_mgr/install/mtracker/lib/python3.12/site-packages/mtracker/mtracker_s__rosidl_typesupport_c.so
[0.850s] -- Up-to-date symlink: /home/vvoxel/ros2_ws_mgr/install/mtracker/lib/python3.12/site-packages/mtracker/mtracker_s__rosidl_typesupport_fastrtps_c.so
[0.850s] -- Up-to-date symlink: /home/vvoxel/ros2_ws_mgr/install/mtracker/lib/python3.12/site-packages/mtracker/mtracker_s__rosidl_typesupport_introspection_c.so
[0.850s] -- Up-to-date symlink: /home/vvoxel/ros2_ws_mgr/install/mtracker/lib/python3.12/site-packages/mtracker/srv/__init__.py
[0.850s] -- Up-to-date symlink: /home/vvoxel/ros2_ws_mgr/install/mtracker/lib/python3.12/site-packages/mtracker/srv/_trigger.py
[0.851s] -- Up-to-date symlink: /home/vvoxel/ros2_ws_mgr/install/mtracker/lib/python3.12/site-packages/mtracker/srv/_trigger_s.c
[0.851s] -- Up-to-date symlink: /home/vvoxel/ros2_ws_mgr/install/mtracker/lib/python3.12/site-packages/mtracker/mtracker_s__rosidl_typesupport_fastrtps_c.so
[0.851s] -- Up-to-date symlink: /home/vvoxel/ros2_ws_mgr/install/mtracker/lib/python3.12/site-packages/mtracker/mtracker_s__rosidl_typesupport_introspection_c.so
[0.851s] -- Up-to-date symlink: /home/vvoxel/ros2_ws_mgr/install/mtracker/lib/python3.12/site-packages/mtracker/mtracker_s__rosidl_typesupport_c.so
[0.851s] -- Up-to-date symlink: /home/vvoxel/ros2_ws_mgr/install/mtracker/share/mtracker/srv/Trigger.idl
[0.852s] -- Up-to-date symlink: /home/vvoxel/ros2_ws_mgr/install/mtracker/share/mtracker/srv/Trigger.srv
[0.852s] -- Up-to-date symlink: /home/vvoxel/ros2_ws_mgr/install/mtracker/lib/mtracker/mtracker_drv
[0.852s] -- Up-to-date symlink: /home/vvoxel/ros2_ws_mgr/install/mtracker/lib/mtracker/controller
[0.852s] -- Up-to-date symlink: /home/vvoxel/ros2_ws_mgr/install/mtracker/lib/mtracker/mtracker_joy
[0.852s] -- Up-to-date symlink: /home/vvoxel/ros2_ws_mgr/install/mtracker/share/ament_index/resource_index/package_run_dependencies/mtracker
[0.853s] -- Up-to-date symlink: /home/vvoxel/ros2_ws_mgr/install/mtracker/share/ament_index/resource_index/parent_prefix_path/mtracker
[0.853s] -- Up-to-date symlink: /home/vvoxel/ros2_ws_mgr/install/mtracker/share/mtracker/environment/ament_prefix_path.sh
[0.853s] -- Up-to-date symlink: /home/vvoxel/ros2_ws_mgr/install/mtracker/share/mtracker/environment/ament_prefix_path.dsv
[0.853s] -- Up-to-date symlink: /home/vvoxel/ros2_ws_mgr/install/mtracker/share/mtracker/environment/path.sh
[0.853s] -- Up-to-date symlink: /home/vvoxel/ros2_ws_mgr/install/mtracker/share/mtracker/environment/path.dsv
[0.853s] -- Up-to-date symlink: /home/vvoxel/ros2_ws_mgr/install/mtracker/share/mtracker/local_setup.bash
[0.853s] -- Up-to-date symlink: /home/vvoxel/ros2_ws_mgr/install/mtracker/share/mtracker/local_setup.sh
[0.854s] -- Up-to-date symlink: /home/vvoxel/ros2_ws_mgr/install/mtracker/share/mtracker/local_setup.zsh
[0.854s] -- Up-to-date symlink: /home/vvoxel/ros2_ws_mgr/install/mtracker/share/mtracker/local_setup.dsv
[0.854s] -- Symlinking: /home/vvoxel/ros2_ws_mgr/install/mtracker/share/mtracker/package.dsv
[0.862s] -- Up-to-date symlink: /home/vvoxel/ros2_ws_mgr/install/mtracker/share/ament_index/resource_index/packages/mtracker
[0.865s] -- Up-to-date symlink: /home/vvoxel/ros2_ws_mgr/install/mtracker/share/mtracker/cmake/rosidl_cmake-extras.cmake
[0.865s] -- Up-to-date symlink: /home/vvoxel/ros2_ws_mgr/install/mtracker/share/mtracker/cmake/ament_cmake_export_dependencies-extras.cmake
[0.865s] -- Up-to-date symlink: /home/vvoxel/ros2_ws_mgr/install/mtracker/share/mtracker/cmake/ament_cmake_export_include_directories-extras.cmake
[0.866s] -- Up-to-date symlink: /home/vvoxel/ros2_ws_mgr/install/mtracker/share/mtracker/cmake/ament_cmake_export_libraries-extras.cmake
[0.866s] -- Up-to-date symlink: /home/vvoxel/ros2_ws_mgr/install/mtracker/share/mtracker/cmake/ament_cmake_export_targets-extras.cmake
[0.866s] -- Up-to-date symlink: /home/vvoxel/ros2_ws_mgr/install/mtracker/share/mtracker/cmake/rosidl_cmake_export_typesupport_targets-extras.cmake
[0.867s] -- Up-to-date symlink: /home/vvoxel/ros2_ws_mgr/install/mtracker/share/mtracker/cmake/rosidl_cmake_export_typesupport_libraries-extras.cmake
[0.867s] -- Up-to-date symlink: /home/vvoxel/ros2_ws_mgr/install/mtracker/share/mtracker/cmake/mtrackerConfig.cmake
[0.867s] -- Up-to-date symlink: /home/vvoxel/ros2_ws_mgr/install/mtracker/share/mtracker/cmake/mtrackerConfig-version.cmake
[0.867s] -- Up-to-date symlink: /home/vvoxel/ros2_ws_mgr/install/mtracker/share/mtracker/package.xml
[0.867s] -- Up-to-date: /home/vvoxel/ros2_ws_mgr/install/mtracker/lib/libmtracker__rosidl_generator_c.so
[0.868s] -- Up-to-date: /home/vvoxel/ros2_ws_mgr/install/mtracker/lib/libmtracker__rosidl_typesupport_fastrtps_c.so
[0.868s] -- Up-to-date: /home/vvoxel/ros2_ws_mgr/install/mtracker/lib/libmtracker__rosidl_typesupport_fastrtps_cpp.so
[0.868s] -- Up-to-date: /home/vvoxel/ros2_ws_mgr/install/mtracker/lib/libmtracker__rosidl_typesupport_introspection_c.so
[0.869s] -- Up-to-date: /home/vvoxel/ros2_ws_mgr/install/mtracker/lib/libmtracker__rosidl_typesupport_c.so
[0.870s] -- Up-to-date: /home/vvoxel/ros2_ws_mgr/install/mtracker/lib/libmtracker__rosidl_typesupport_introspection_cpp.so
[0.870s] -- Up-to-date: /home/vvoxel/ros2_ws_mgr/install/mtracker/lib/libmtracker__rosidl_typesupport_cpp.so
[0.945s] Listing '/home/vvoxel/ros2_ws_mgr/install/mtracker/lib/python3.12/site-packages/mtracker'...
[0.945s] Listing '/home/vvoxel/ros2_ws_mgr/install/mtracker/lib/python3.12/site-packages/mtracker/srv'...
[0.957s] -- Up-to-date: /home/vvoxel/ros2_ws_mgr/install/mtracker/lib/libmtracker__rosidl_generator_py.so
[0.957s] -- Up-to-date: /home/vvoxel/ros2_ws_mgr/install/mtracker/share/mtracker/cmake/export_mtracker__rosidl_generator_cExport.cmake
[0.957s] -- Up-to-date: /home/vvoxel/ros2_ws_mgr/install/mtracker/share/mtracker/cmake/export_mtracker__rosidl_generator_cExport-noconfig.cmake
[0.957s] -- Up-to-date: /home/vvoxel/ros2_ws_mgr/install/mtracker/share/mtracker/cmake/export_mtracker__rosidl_typesupport_fastrtps_cExport.cmake
[0.959s] -- Up-to-date: /home/vvoxel/ros2_ws_mgr/install/mtracker/share/mtracker/cmake/export_mtracker__rosidl_typesupport_fastrtps_cExport-noconfig.cmake
[0.960s] -- Up-to-date: /home/vvoxel/ros2_ws_mgr/install/mtracker/share/mtracker/cmake/export_mtracker__rosidl_generator_cppExport.cmake
[0.960s] -- Up-to-date: /home/vvoxel/ros2_ws_mgr/install/mtracker/share/mtracker/cmake/export_mtracker__rosidl_typesupport_fastrtps_cppExport.cmake
[0.960s] -- Up-to-date: /home/vvoxel/ros2_ws_mgr/install/mtracker/share/mtracker/cmake/export_mtracker__rosidl_typesupport_fastrtps_cppExport-noconfig.cmake
[0.960s] -- Up-to-date: /home/vvoxel/ros2_ws_mgr/install/mtracker/share/mtracker/cmake/mtracker__rosidl_typesupport_introspection_cExport.cmake
[0.960s] -- Up-to-date: /home/vvoxel/ros2_ws_mgr/install/mtracker/share/mtracker/cmake/mtracker__rosidl_typesupport_introspection_cExport-noconfig.cmake
[0.960s] -- Up-to-date: /home/vvoxel/ros2_ws_mgr/install/mtracker/share/mtracker/cmake/mtracker__rosidl_typesupport_cExport.cmake
[0.960s] -- Up-to-date: /home/vvoxel/ros2_ws_mgr/install/mtracker/share/mtracker/cmake/mtracker__rosidl_typesupport_cExport-noconfig.cmake
[0.961s] -- Up-to-date: /home/vvoxel/ros2_ws_mgr/install/mtracker/share/mtracker/cmake/mtracker__rosidl_typesupport_introspection_cppExport.cmake
[0.961s] -- Up-to-date: /home/vvoxel/ros2_ws_mgr/install/mtracker/share/mtracker/cmake/mtracker__rosidl_typesupport_introspection_cppExport-noconfig.cmake
[0.961s] -- Up-to-date: /home/vvoxel/ros2_ws_mgr/install/mtracker/share/mtracker/cmake/mtracker__rosidl_typesupport_cppExport.cmake
[0.961s] -- Up-to-date: /home/vvoxel/ros2_ws_mgr/install/mtracker/share/mtracker/cmake/mtracker__rosidl_typesupport_cppExport-noconfig.cmake
[0.961s] -- Up-to-date: /home/vvoxel/ros2_ws_mgr/install/mtracker/share/mtracker/cmake/export_mtracker__rosidl_generator_pyExport.cmake
[0.961s] -- Up-to-date: /home/vvoxel/ros2_ws_mgr/install/mtracker/share/mtracker/cmake/export_mtracker__rosidl_generator_pyExport-noconfig.cmake
[1.003s] Invoked command in '/home/vvoxel/ros2_ws_mgr/build/mtracker' returned '0': CMAKE_PREFIX_PATH=/home/vvoxel/ros2_ws_mgr/install/g2o_driver:/home/vvoxel/ros2_ws_mgr/install/test_ros_gz_bridge:/home/vvoxel/ros2_ws_mgr/install/sim_launcher:/opt/ros/jazzy:/home/vvoxel/ros2_ws_mgr/install/slam:/home/vvoxel/ros2_ws_mgr/install/ros_gz:/home/vvoxel/ros2_ws_mgr/install/ros_gz_sim_demos:/home/vvoxel/ros2_ws_mgr/install/ros_gz_sim:/home/vvoxel/ros2_ws_mgr/install/ros_gz_image:/home/vvoxel/ros2_ws_mgr/install/ros_gz_bridge:/home/vvoxel/ros2_ws_mgr/install/ros_gz_interfaces:/home/vvoxel/ros2_ws_mgr/install/realsense2_description:/home/vvoxel/ros2_ws_mgr/install/realsense2_camera:/home/vvoxel/ros2_ws_mgr/install/realsense2_camera_msgs:/home/vvoxel/ros2_ws_mgr/install/mtracker:/home/vvoxel/ros2_ws_mgr/install/g2o:/home/vvoxel/ros2_ws_mgr/install/apriltag_ros:/home/vvoxel/ros2_ws_mgr/install/apriltag_msgs:/home/vvoxel/ros2_ws_mgr/install/apriltag:/home/vvoxel/ros2_ws_mgr/install/anglecalc:/opt/ros/jazzy/opt/gz_sim_vendor:/opt/ros/jazzy/opt/gz_sensors_vendor:/opt/ros/jazzy/opt/gz_physics_vendor:/opt/ros/jazzy/opt/sdformat_vendor:/opt/ros/jazzy/opt/gz_gui_vendor:/opt/ros/jazzy/opt/gz_transport_vendor:/opt/ros/jazzy/opt/gz_rendering_vendor:/opt/ros/jazzy/opt/gz_plugin_vendor:/opt/ros/jazzy/opt/gz_fuel_tools_vendor:/opt/ros/jazzy/opt/gz_msgs_vendor:/opt/ros/jazzy/opt/gz_common_vendor:/opt/ros/jazzy/opt/gz_math_vendor:/opt/ros/jazzy/opt/gz_utils_vendor:/opt/ros/jazzy/opt/gz_tools_vendor:/opt/ros/jazzy/opt/gz_ogre_next_vendor:/opt/ros/jazzy/opt/gz_dartsim_vendor:/opt/ros/jazzy/opt/gz_cmake_vendor DEBUGINFOD_URLS=https://debuginfod.ubuntu.com /usr/bin/cmake --install /home/vvoxel/ros2_ws_mgr/build/mtracker
