[0.024s] Invoking command in '/home/vvoxel/ros2_ws_mgr/build/ros_gz_sim': CMAKE_PREFIX_PATH=${CMAKE_PREFIX_PATH}:/opt/ros/jazzy DEBUGINFOD_URLS=https://debuginfod.ubuntu.com /usr/bin/cmake /home/vvoxel/ros2_ws_mgr/src/ros_gz/ros_gz_sim -DAMENT_CMAKE_SYMLINK_INSTALL=1 -DCMAKE_INSTALL_PREFIX=/home/vvoxel/ros2_ws_mgr/install/ros_gz_sim
[0.153s] -- The C compiler identification is GNU 13.3.0
[0.288s] -- The CXX compiler identification is GNU 13.3.0
[0.318s] -- Detecting C compiler ABI info
[0.503s] -- Detecting C compiler ABI info - done
[0.535s] -- Check for working C compiler: /usr/bin/cc - skipped
[0.535s] -- Detecting C compile features
[0.535s] -- Detecting C compile features - done
[0.550s] -- Detecting CXX compiler ABI info
[0.749s] -- Detecting CXX compiler ABI info - done
[0.778s] -- Check for working CXX compiler: /usr/bin/c++ - skipped
[0.778s] -- Detecting CXX compile features
[0.778s] -- Detecting CXX compile features - done
[0.781s] -- Found ament_cmake: 2.5.3 (/opt/ros/jazzy/share/ament_cmake/cmake)
[1.217s] -- Found Python3: /usr/bin/python3 (found version "3.12.3") found components: Interpreter 
[1.407s] -- Override CMake install command with custom implementation using symlinks instead of copying resources
[1.491s] -- Found rclcpp: 28.1.6 (/opt/ros/jazzy/share/rclcpp/cmake)
[1.603s] -- Found rosidl_generator_c: 4.6.5 (/opt/ros/jazzy/share/rosidl_generator_c/cmake)
[1.643s] -- Found rosidl_generator_cpp: 4.6.5 (/opt/ros/jazzy/share/rosidl_generator_cpp/cmake)
[1.686s] -- Using all available rosidl_typesupport_c: rosidl_typesupport_fastrtps_c;rosidl_typesupport_introspection_c
[1.734s] -- Using all available rosidl_typesupport_cpp: rosidl_typesupport_fastrtps_cpp;rosidl_typesupport_introspection_cpp
[1.934s] -- Found rmw_implementation_cmake: 7.3.1 (/opt/ros/jazzy/share/rmw_implementation_cmake/cmake)
[1.948s] -- Found rmw_fastrtps_cpp: 8.4.1 (/opt/ros/jazzy/share/rmw_fastrtps_cpp/cmake)
[2.136s] -- Found OpenSSL: /usr/lib/x86_64-linux-gnu/libcrypto.so (found version "3.0.13")  
[2.188s] -- Found FastRTPS: /opt/ros/jazzy/include (Required is at least version "2.13") 
[2.241s] -- Using RMW implementation 'rmw_fastrtps_cpp' as default
[2.475s] -- Found rclcpp_components: 28.1.6 (/opt/ros/jazzy/share/rclcpp_components/cmake)
[2.729s] -- Found std_msgs: 5.3.5 (/opt/ros/jazzy/share/std_msgs/cmake)
[2.816s] -- Found gz_math_vendor: 0.0.8 (/opt/ros/jazzy/share/gz_math_vendor/cmake)
[2.856s] -- Looking for gz-math7 -- found version 7.5.2
[2.885s] -- Searching for dependencies of gz-math7
[2.897s] -- Looking for gz-utils2 -- found version 2.2.1
[2.897s] -- Searching for dependencies of gz-utils2
[2.923s] -- Found gz_transport_vendor: 0.0.6 (/opt/ros/jazzy/share/gz_transport_vendor/cmake)
[2.985s] -- Looking for gz-transport13 -- found version 13.4.1
[2.985s] -- Searching for dependencies of gz-transport13
[3.496s] -- Found Protobuf: /usr/lib/x86_64-linux-gnu/libprotobuf.so (found version "3.21.12") 
[3.531s] -- Config-file not installed for ZeroMQ -- checking for pkg-config
[3.553s] -- Checking for module 'libzmq >= 4'
[3.617s] --   Found libzmq, version 4.3.5
[3.739s] -- Found ZeroMQ: TRUE (Required is at least version "4") 
[3.755s] -- Checking for module 'uuid'
[3.829s] --   Found uuid, version 2.39.3
[3.973s] -- Found UUID: TRUE  
[3.974s] -- Looking for gz-utils2 -- found version 2.2.1
[3.975s] -- Searching for dependencies of gz-utils2
[3.982s] -- Searching for <gz-utils2> component [cli]
[3.989s] -- Looking for gz-utils2-cli -- found version 2.2.1
[3.989s] -- Searching for dependencies of gz-utils2-cli
[3.999s] -- Looking for gz-msgs10 -- found version 10.3.2
[4.002s] -- Searching for dependencies of gz-msgs10
[4.098s] -- Looking for gz-utils2 -- found version 2.2.1
[4.100s] -- Looking for gz-math7 -- found version 7.5.2
[4.120s] -- Checking for module 'tinyxml2'
[4.194s] --   Found tinyxml2, version 10.0.0
[4.382s] -- Looking for gz-msgs10 -- found version 10.3.2
[4.386s] -- Found gz_sim_vendor: 0.0.8 (/opt/ros/jazzy/share/gz_sim_vendor/cmake)
[4.501s] -- Looking for gz-sim8 -- found version 8.9.0
[4.501s] -- Searching for dependencies of gz-sim8
[4.506s] -- Looking for sdformat14 -- found version 14.7.0
[4.507s] -- Searching for dependencies of sdformat14
[4.536s] -- Looking for gz-math7 -- found version 7.5.2
[4.545s] -- Looking for gz-utils2 -- found version 2.2.1
[4.568s] -- Looking for gz-plugin2 -- found version 2.0.4
[4.568s] -- Searching for dependencies of gz-plugin2
[4.573s] -- Looking for gz-utils2 -- found version 2.2.1
[4.578s] -- Searching for <gz-plugin2> component [loader]
[4.590s] -- Looking for gz-plugin2-loader -- found version 2.0.4
[4.592s] -- Searching for dependencies of gz-plugin2-loader
[4.594s] -- Searching for <gz-plugin2> component [register]
[4.602s] -- Looking for gz-plugin2-register -- found version 2.0.4
[4.603s] -- Searching for dependencies of gz-plugin2-register
[4.609s] -- Looking for gz-transport13 -- found version 13.4.1
[4.609s] -- Searching for dependencies of gz-transport13
[4.780s] -- Config-file not installed for ZeroMQ -- checking for pkg-config
[4.810s] -- Checking for module 'libzmq >= 4'
[4.887s] --   Found libzmq, version 4.3.5
[5.135s] -- Looking for gz-utils2 -- found version 2.2.1
[5.139s] -- Looking for gz-msgs10 -- found version 10.3.2
[5.145s] -- Searching for <gz-transport13> component [log]
[5.155s] -- Looking for gz-transport13-log -- found version 13.4.1
[5.156s] -- Searching for dependencies of gz-transport13-log
[5.156s] -- Searching for <gz-transport13> component [parameters]
[5.170s] -- Looking for gz-transport13-parameters -- found version 13.4.1
[5.177s] -- Searching for dependencies of gz-transport13-parameters
[5.177s] -- Looking for gz-msgs10 -- found version 10.3.2
[5.196s] -- Looking for gz-common5 -- found version 5.7.1
[5.196s] -- Searching for dependencies of gz-common5
[5.198s] -- Looking for gz-utils2 -- found version 2.2.1
[5.206s] -- Looking for dlfcn.h - found
[5.220s] -- Looking for libdl - found
[5.235s] -- Found DL: TRUE  
[5.275s] -- Searching for <gz-common5> component [av]
[5.285s] -- Looking for gz-common5-av -- found version 5.7.1
[5.285s] -- Searching for dependencies of gz-common5-av
[5.301s] -- Checking for module 'libswscale'
[5.369s] --   Found libswscale, version 7.5.100
[5.540s] -- Found SWSCALE: TRUE  
[5.584s] -- Checking for module 'libavdevice >= 56.4.100'
[5.640s] --   Found libavdevice, version 60.3.100
[5.911s] -- Found AVDEVICE: TRUE (Required is at least version "56.4.100") 
[5.932s] -- Checking for module 'libavformat'
[6.007s] --   Found libavformat, version 60.16.100
[6.213s] -- Found AVFORMAT: TRUE  
[6.244s] -- Checking for module 'libavcodec'
[6.327s] --   Found libavcodec, version 60.31.102
[6.511s] -- Found AVCODEC: TRUE  
[6.565s] -- Checking for module 'libavutil'
[6.647s] --   Found libavutil, version 58.29.100
[6.793s] -- Found AVUTIL: TRUE  
[6.801s] -- Searching for <gz-common5> component [events]
[6.806s] -- Looking for gz-common5-events -- found version 5.7.1
[6.807s] -- Searching for dependencies of gz-common5-events
[6.808s] -- Looking for gz-math7 -- found version 7.5.2
[6.810s] -- Searching for <gz-common5> component [graphics]
[6.817s] -- Looking for gz-common5-graphics -- found version 5.7.1
[6.818s] -- Searching for dependencies of gz-common5-graphics
[6.819s] -- Looking for gz-math7 -- found version 7.5.2
[6.832s] -- Found GzAssimp: TRUE (found version "5.3.0") 
[6.834s] -- Searching for <gz-common5> component [io]
[6.840s] -- Looking for gz-common5-io -- found version 5.7.1
[6.841s] -- Searching for dependencies of gz-common5-io
[6.844s] -- Searching for <gz-common5> component [profiler]
[6.848s] -- Looking for gz-common5-profiler -- found version 5.7.1
[6.849s] -- Searching for dependencies of gz-common5-profiler
[6.856s] -- Looking for gz-fuel_tools9 -- found version 9.1.1
[6.860s] -- Searching for dependencies of gz-fuel_tools9
[7.156s] -- Found CURL: /usr/lib/x86_64-linux-gnu/libcurl.so (found version "8.5.0")  
[7.187s] -- Checking for module 'jsoncpp'
[7.230s] --   Found jsoncpp, version 1.9.5
[7.361s] -- Found JSONCPP: TRUE  
[7.438s] -- Checking for module 'yaml-0.1'
[7.520s] --   Found yaml-0.1, version 0.2.5
[7.683s] -- Found YAML: TRUE  
[7.701s] -- Checking for module 'libzip'
[7.780s] --   Found libzip, version 1.7.3
[7.942s] -- Found ZIP: TRUE  
[7.946s] -- Looking for gz-utils2 -- found version 2.2.1
[7.953s] -- Looking for gz-common5 -- found version 5.7.1
[7.953s] -- Searching for dependencies of gz-common5
[7.956s] -- Looking for gz-utils2 -- found version 2.2.1
[7.956s] -- Looking for dlfcn.h - found
[7.956s] -- Looking for libdl - found
[7.993s] -- Searching for <gz-common5> component [testing]
[8.001s] -- Looking for gz-common5-testing -- found version 5.7.1
[8.002s] -- Searching for dependencies of gz-common5-testing
[8.005s] -- Looking for gz-math7 -- found version 7.5.2
[8.007s] -- Looking for gz-msgs10 -- found version 10.3.2
[8.013s] -- Looking for gz-gui8 -- found version 8.4.0
[8.016s] -- Searching for dependencies of gz-gui8
[8.092s] -- Looking for gz-utils2 -- found version 2.2.1
[8.101s] -- Looking for gz-math7 -- found version 7.5.2
[8.101s] -- Looking for gz-common5 -- found version 5.7.1
[8.102s] -- Looking for gz-plugin2 -- found version 2.0.4
[8.110s] -- Looking for gz-transport13 -- found version 13.4.1
[8.115s] -- Looking for gz-rendering8 -- found version 8.2.2
[8.116s] -- Searching for dependencies of gz-rendering8
[8.117s] -- Looking for gz-math7 -- found version 7.5.2
[8.117s] -- Searching for dependencies of gz-math7
[8.127s] -- Looking for gz-utils2 -- found version 2.2.1
[8.127s] -- Searching for <gz-math7> component [eigen3]
[8.135s] -- Looking for gz-math7-eigen3 -- found version 7.5.2
[8.135s] -- Searching for dependencies of gz-math7-eigen3
[8.176s] -- Looking for gz-common5 -- found version 5.7.1
[8.176s] -- Searching for dependencies of gz-common5
[8.176s] -- Looking for gz-utils2 -- found version 2.2.1
[8.183s] -- Looking for dlfcn.h - found
[8.183s] -- Looking for libdl - found
[8.226s] -- Searching for <gz-common5> component [graphics]
[8.226s] -- Searching for <gz-common5> component [events]
[8.226s] -- Searching for <gz-common5> component [geospatial]
[8.232s] -- Looking for gz-common5-geospatial -- found version 5.7.1
[8.232s] -- Searching for dependencies of gz-common5-geospatial
[8.233s] -- Looking for gz-math7 -- found version 7.5.2
[8.236s] -- Looking for gz-common5 -- found version 5.7.1
[8.242s] -- Looking for gz-plugin2 -- found version 2.0.4
[8.250s] -- Searching for dependencies of gz-plugin2
[8.250s] -- Looking for gz-utils2 -- found version 2.2.1
[8.250s] -- Searching for <gz-plugin2> component [all]
[8.259s] -- Looking for all libraries of gz-plugin2 -- found version 2.0.4
[8.260s] -- Looking for gz-plugin2 -- found version 2.0.4
[8.269s] -- Looking for gz-utils2 -- found version 2.2.1
[8.344s] -- Found OpenGL: /usr/lib/x86_64-linux-gnu/libOpenGL.so  found components: OpenGL 
[8.354s] -- Looking for gz-msgs10 -- found version 10.3.2
[8.481s] -- Looking for gz-physics7 -- found version 7.5.0
[8.482s] -- Searching for dependencies of gz-physics7
[8.482s] -- Looking for gz-common5 -- found version 5.7.1
[8.491s] -- Looking for gz-math7 -- found version 7.5.2
[8.495s] -- Looking for gz-plugin2 -- found version 2.0.4
[8.495s] -- Looking for gz-utils2 -- found version 2.2.1
[8.503s] -- Searching for <gz-physics7> component [heightmap]
[8.507s] -- Looking for gz-physics7-heightmap -- found version 7.5.0
[8.513s] -- Searching for dependencies of gz-physics7-heightmap
[8.513s] -- Looking for gz-common5 -- found version 5.7.1
[8.514s] -- Searching for <gz-physics7> component [mesh]
[8.525s] -- Looking for gz-physics7-mesh -- found version 7.5.0
[8.525s] -- Searching for dependencies of gz-physics7-mesh
[8.526s] -- Looking for gz-common5 -- found version 5.7.1
[8.533s] -- Searching for <gz-physics7> component [sdf]
[8.539s] -- Looking for gz-physics7-sdf -- found version 7.5.0
[8.541s] -- Searching for dependencies of gz-physics7-sdf
[8.547s] -- Looking for sdformat14 -- found version 14.7.0
[8.551s] -- Looking for gz-sensors8 -- found version 8.2.2
[8.552s] -- Searching for dependencies of gz-sensors8
[8.641s] -- Looking for gz-math7 -- found version 7.5.2
[8.642s] -- Looking for gz-common5 -- found version 5.7.1
[8.643s] -- Looking for gz-transport13 -- found version 13.4.1
[8.645s] -- Looking for gz-rendering8 -- found version 8.2.2
[8.646s] -- Looking for gz-msgs10 -- found version 10.3.2
[8.648s] -- Looking for sdformat14 -- found version 14.7.0
[8.650s] -- Searching for <gz-sensors8> component [air_pressure]
[8.654s] -- Looking for gz-sensors8-air_pressure -- found version 8.2.2
[8.655s] -- Searching for dependencies of gz-sensors8-air_pressure
[8.657s] -- Searching for <gz-sensors8> component [air_speed]
[8.671s] -- Looking for gz-sensors8-air_speed -- found version 8.2.2
[8.683s] -- Searching for dependencies of gz-sensors8-air_speed
[8.683s] -- Searching for <gz-sensors8> component [altimeter]
[8.685s] -- Looking for gz-sensors8-altimeter -- found version 8.2.2
[8.686s] -- Searching for dependencies of gz-sensors8-altimeter
[8.688s] -- Searching for <gz-sensors8> component [imu]
[8.693s] -- Looking for gz-sensors8-imu -- found version 8.2.2
[8.694s] -- Searching for dependencies of gz-sensors8-imu
[8.696s] -- Searching for <gz-sensors8> component [force_torque]
[8.703s] -- Looking for gz-sensors8-force_torque -- found version 8.2.2
[8.704s] -- Searching for dependencies of gz-sensors8-force_torque
[8.706s] -- Searching for <gz-sensors8> component [logical_camera]
[8.711s] -- Looking for gz-sensors8-logical_camera -- found version 8.2.2
[8.712s] -- Searching for dependencies of gz-sensors8-logical_camera
[8.717s] -- Searching for <gz-sensors8> component [magnetometer]
[8.718s] -- Looking for gz-sensors8-magnetometer -- found version 8.2.2
[8.719s] -- Searching for dependencies of gz-sensors8-magnetometer
[8.721s] -- Searching for <gz-sensors8> component [navsat]
[8.725s] -- Looking for gz-sensors8-navsat -- found version 8.2.2
[8.726s] -- Searching for dependencies of gz-sensors8-navsat
[8.728s] -- Searching for <gz-sensors8> component [dvl]
[8.732s] -- Looking for gz-sensors8-dvl -- found version 8.2.2
[8.733s] -- Searching for dependencies of gz-sensors8-dvl
[8.735s] -- Looking for gz-sensors8 -- found version 8.2.2
[8.739s] -- Searching for dependencies of gz-sensors8
[8.810s] -- Looking for gz-math7 -- found version 7.5.2
[8.817s] -- Looking for gz-common5 -- found version 5.7.1
[8.818s] -- Looking for gz-transport13 -- found version 13.4.1
[8.824s] -- Looking for gz-rendering8 -- found version 8.2.2
[8.826s] -- Looking for gz-msgs10 -- found version 10.3.2
[8.826s] -- Looking for sdformat14 -- found version 14.7.0
[8.829s] -- Searching for <gz-sensors8> component [rendering]
[8.839s] -- Looking for gz-sensors8-rendering -- found version 8.2.2
[8.840s] -- Searching for dependencies of gz-sensors8-rendering
[8.845s] -- Searching for <gz-sensors8> component [rendering]
[8.846s] -- Searching for <gz-sensors8> component [lidar]
[8.857s] -- Looking for gz-sensors8-lidar -- found version 8.2.2
[8.857s] -- Searching for dependencies of gz-sensors8-lidar
[8.865s] -- Looking for gz-sensors8 -- found version 8.2.2
[8.866s] -- Searching for <gz-sensors8> component [gpu_lidar]
[8.880s] -- Looking for gz-sensors8-gpu_lidar -- found version 8.2.2
[8.882s] -- Searching for dependencies of gz-sensors8-gpu_lidar
[8.888s] -- Looking for gz-sensors8 -- found version 8.2.2
[8.889s] -- Searching for <gz-sensors8> component [camera]
[8.893s] -- Looking for gz-sensors8-camera -- found version 8.2.2
[8.894s] -- Searching for dependencies of gz-sensors8-camera
[8.897s] -- Looking for gz-sensors8 -- found version 8.2.2
[8.898s] -- Searching for <gz-sensors8> component [boundingbox_camera]
[8.905s] -- Looking for gz-sensors8-boundingbox_camera -- found version 8.2.2
[8.906s] -- Searching for dependencies of gz-sensors8-boundingbox_camera
[8.909s] -- Searching for <gz-sensors8> component [segmentation_camera]
[8.913s] -- Looking for gz-sensors8-segmentation_camera -- found version 8.2.2
[8.914s] -- Searching for dependencies of gz-sensors8-segmentation_camera
[8.917s] -- Searching for <gz-sensors8> component [depth_camera]
[8.920s] -- Looking for gz-sensors8-depth_camera -- found version 8.2.2
[8.921s] -- Searching for dependencies of gz-sensors8-depth_camera
[8.922s] -- Looking for gz-sensors8 -- found version 8.2.2
[8.924s] -- Searching for <gz-sensors8> component [rgbd_camera]
[8.928s] -- Looking for gz-sensors8-rgbd_camera -- found version 8.2.2
[8.930s] -- Searching for dependencies of gz-sensors8-rgbd_camera
[8.931s] -- Looking for gz-sensors8 -- found version 8.2.2
[8.933s] -- Searching for <gz-sensors8> component [thermal_camera]
[8.937s] -- Looking for gz-sensors8-thermal_camera -- found version 8.2.2
[8.939s] -- Searching for dependencies of gz-sensors8-thermal_camera
[8.940s] -- Looking for gz-sensors8 -- found version 8.2.2
[8.942s] -- Searching for <gz-sensors8> component [wide_angle_camera]
[8.946s] -- Looking for gz-sensors8-wide_angle_camera -- found version 8.2.2
[8.950s] -- Searching for dependencies of gz-sensors8-wide_angle_camera
[8.950s] -- Looking for gz-rendering8 -- found version 8.2.2
[8.952s] -- Looking for gz-math7 -- found version 7.5.2
[8.953s] -- Looking for gz-utils2 -- found version 2.2.1
[9.017s] -- Looking for gflags - found
[9.017s] 
[9.831s] -- Found ament_lint_auto: 0.17.1 (/opt/ros/jazzy/share/ament_lint_auto/cmake)
[10.404s] -- Found python_cmake_module: 0.11.1 (/opt/ros/jazzy/share/python_cmake_module/cmake)
[10.978s] -- Found PythonExtra: /usr/bin/python3  
[11.046s] -- Found ament_cmake_gtest: 2.5.3 (/opt/ros/jazzy/share/ament_cmake_gtest/cmake)
[11.053s] -- Found gtest sources under '/opt/ros/jazzy/src/gtest_vendor': C++ tests using 'Google Test' will be built
[11.070s] -- Found Threads: TRUE  
[11.126s] -- Added test 'copyright' to check source files copyright and LICENSE
[11.142s] -- Added test 'cppcheck' to perform static code analysis on C / C++ code
[11.143s] -- Configured cppcheck include dirs: $<BUILD_INTERFACE:/home/vvoxel/ros2_ws_mgr/src/ros_gz/ros_gz_sim/include>
[11.151s] -- Configured cppcheck exclude dirs and/or files: 
[11.158s] -- Added test 'cpplint' to check C / C++ code against the Google style
[11.158s] -- Configured cpplint exclude dirs and/or files: 
[11.166s] -- Added test 'flake8' to check Python code syntax and style conventions
[11.166s] -- Configured 'flake8' exclude dirs and/or files: 
[11.169s] -- Added test 'lint_cmake' to check CMake code style
[11.181s] -- Added test 'pep257' to check Python code against some of the docstring style conventions in PEP 257
[11.193s] -- Added test 'uncrustify' to check C / C++ code style
[11.193s] -- Configured uncrustify additional arguments: 
[11.204s] -- Added test 'xmllint' to check XML markup files
[11.218s] -- Configuring done (11.2s)
[11.473s] -- Generating done (0.2s)
[11.566s] -- Build files have been written to: /home/vvoxel/ros2_ws_mgr/build/ros_gz_sim
[11.690s] Invoked command in '/home/vvoxel/ros2_ws_mgr/build/ros_gz_sim' returned '0': CMAKE_PREFIX_PATH=${CMAKE_PREFIX_PATH}:/opt/ros/jazzy DEBUGINFOD_URLS=https://debuginfod.ubuntu.com /usr/bin/cmake /home/vvoxel/ros2_ws_mgr/src/ros_gz/ros_gz_sim -DAMENT_CMAKE_SYMLINK_INSTALL=1 -DCMAKE_INSTALL_PREFIX=/home/vvoxel/ros2_ws_mgr/install/ros_gz_sim
[11.691s] Invoking command in '/home/vvoxel/ros2_ws_mgr/build/ros_gz_sim': CMAKE_PREFIX_PATH=${CMAKE_PREFIX_PATH}:/opt/ros/jazzy DEBUGINFOD_URLS=https://debuginfod.ubuntu.com /usr/bin/cmake --build /home/vvoxel/ros2_ws_mgr/build/ros_gz_sim -- -j8 -l8
[16.386s] [  5%] [32mBuilding CXX object CMakeFiles/remove.dir/src/remove.cpp.o[0m
[16.389s] [ 10%] [32mBuilding CXX object CMakeFiles/create.dir/src/create.cpp.o[0m
[16.389s] [ 15%] [32mBuilding CXX object CMakeFiles/gzserver_component.dir/src/gzserver.cpp.o[0m
[16.389s] [ 20%] [32mBuilding CXX object CMakeFiles/gzserver.dir/rclcpp_components/node_main_gzserver.cpp.o[0m
[16.390s] [ 25%] [32mBuilding CXX object CMakeFiles/ros_gz_sim.dir/src/Stopwatch.cpp.o[0m
[16.390s] [ 30%] [32mBuilding CXX object gtest/CMakeFiles/gtest_main.dir/src/gtest_main.cc.o[0m
[16.390s] [ 30%] Built target ament_cmake_python_symlink_ros_gz_sim
[16.390s] [ 30%] Built target ament_cmake_python_symlink_ros_gz_sim_setup
[16.390s] [ 35%] [32mBuilding CXX object gtest/CMakeFiles/gtest.dir/src/gtest-all.cc.o[0m
[16.391s] running egg_info
[16.391s] creating ros_gz_sim.egg-info
[16.391s] writing ros_gz_sim.egg-info/PKG-INFO
[16.391s] writing dependency_links to ros_gz_sim.egg-info/dependency_links.txt
[16.401s] writing entry points to ros_gz_sim.egg-info/entry_points.txt
[16.401s] writing top-level names to ros_gz_sim.egg-info/top_level.txt
[16.402s] writing manifest file 'ros_gz_sim.egg-info/SOURCES.txt'
[16.402s] reading manifest file 'ros_gz_sim.egg-info/SOURCES.txt'
[16.402s] writing manifest file 'ros_gz_sim.egg-info/SOURCES.txt'
[16.509s] [ 40%] [32m[1mLinking CXX static library libgtest_main.a[0m
[16.547s] [ 40%] Built target ament_cmake_python_build_ros_gz_sim_egg
[16.765s] [ 40%] Built target gtest_main
[19.438s] [ 45%] [32m[1mLinking CXX shared library libros_gz_sim.so[0m
[20.057s] [ 45%] Built target ros_gz_sim
[31.900s] [ 50%] [32m[1mLinking CXX static library libgtest.a[0m
[32.066s] [ 50%] Built target gtest
[34.271s] [ 55%] [32m[1mLinking CXX executable gzserver[0m
[34.904s] [ 55%] Built target gzserver
[35.973s] [ 60%] [32m[1mLinking CXX executable remove[0m
[36.705s] [ 60%] Built target remove
[37.969s] [ 65%] [32m[1mLinking CXX shared library libgzserver_component.so[0m
[39.012s] [ 65%] Built target gzserver_component
[53.797s] [ 70%] [32m[1mLinking CXX executable create[0m
[54.606s] [ 70%] Built target create
[54.644s] [ 75%] [32mBuilding CXX object CMakeFiles/test_remove.dir/test/test_remove.cpp.o[0m
[57.570s] [ 80%] [32m[1mLinking CXX executable test_remove[0m
[57.839s] [ 80%] Built target test_remove
[57.873s] [ 85%] [32mBuilding CXX object CMakeFiles/test_create.dir/test/test_create.cpp.o[0m
[61.647s] [ 90%] [32m[1mLinking CXX executable test_create[0m
[61.915s] [ 90%] Built target test_create
[61.946s] [ 95%] [32mBuilding CXX object CMakeFiles/test_stopwatch.dir/test/test_stopwatch.cpp.o[0m
[73.818s] [100%] [32m[1mLinking CXX executable test_stopwatch[0m
[74.340s] [100%] Built target test_stopwatch
[74.358s] Invoked command in '/home/vvoxel/ros2_ws_mgr/build/ros_gz_sim' returned '0': CMAKE_PREFIX_PATH=${CMAKE_PREFIX_PATH}:/opt/ros/jazzy DEBUGINFOD_URLS=https://debuginfod.ubuntu.com /usr/bin/cmake --build /home/vvoxel/ros2_ws_mgr/build/ros_gz_sim -- -j8 -l8
[74.362s] Invoking command in '/home/vvoxel/ros2_ws_mgr/build/ros_gz_sim': CMAKE_PREFIX_PATH=${CMAKE_PREFIX_PATH}:/opt/ros/jazzy DEBUGINFOD_URLS=https://debuginfod.ubuntu.com /usr/bin/cmake --install /home/vvoxel/ros2_ws_mgr/build/ros_gz_sim
[74.374s] -- Install configuration: ""
[74.375s] -- Execute custom install script
[74.375s] -- Symlinking: /home/vvoxel/ros2_ws_mgr/install/ros_gz_sim/share/ros_gz_sim/environment/pythonpath.sh
[74.389s] -- Symlinking: /home/vvoxel/ros2_ws_mgr/install/ros_gz_sim/share/ros_gz_sim/environment/pythonpath.dsv
[74.404s] -- Symlinking: /home/vvoxel/ros2_ws_mgr/install/ros_gz_sim/lib/python3.12/site-packages/ros_gz_sim-1.0.11-py3.12.egg-info/PKG-INFO
[74.417s] -- Symlinking: /home/vvoxel/ros2_ws_mgr/install/ros_gz_sim/lib/python3.12/site-packages/ros_gz_sim-1.0.11-py3.12.egg-info/SOURCES.txt
[74.431s] -- Symlinking: /home/vvoxel/ros2_ws_mgr/install/ros_gz_sim/lib/python3.12/site-packages/ros_gz_sim-1.0.11-py3.12.egg-info/dependency_links.txt
[74.445s] -- Symlinking: /home/vvoxel/ros2_ws_mgr/install/ros_gz_sim/lib/python3.12/site-packages/ros_gz_sim-1.0.11-py3.12.egg-info/entry_points.txt
[74.459s] -- Symlinking: /home/vvoxel/ros2_ws_mgr/install/ros_gz_sim/lib/python3.12/site-packages/ros_gz_sim-1.0.11-py3.12.egg-info/top_level.txt
[74.475s] -- Symlinking: /home/vvoxel/ros2_ws_mgr/install/ros_gz_sim/lib/python3.12/site-packages/ros_gz_sim/__init__.py
[74.489s] -- Symlinking: /home/vvoxel/ros2_ws_mgr/install/ros_gz_sim/lib/python3.12/site-packages/ros_gz_sim/actions/__init__.py
[74.503s] -- Symlinking: /home/vvoxel/ros2_ws_mgr/install/ros_gz_sim/lib/python3.12/site-packages/ros_gz_sim/actions/gz_spawn_model.py
[74.517s] -- Symlinking: /home/vvoxel/ros2_ws_mgr/install/ros_gz_sim/lib/python3.12/site-packages/ros_gz_sim/actions/gzserver.py
[74.531s] -- Symlinking: /home/vvoxel/ros2_ws_mgr/install/ros_gz_sim/include/ros_gz_sim/Stopwatch.hpp
[74.545s] -- Symlinking: /home/vvoxel/ros2_ws_mgr/install/ros_gz_sim/lib/ros_gz_sim/gzserver
[74.561s] -- Symlinking: /home/vvoxel/ros2_ws_mgr/install/ros_gz_sim/share/ros_gz_sim/launch/gz_sim.launch.py
[74.577s] -- Symlinking: /home/vvoxel/ros2_ws_mgr/install/ros_gz_sim/share/ros_gz_sim/launch/gz_server.launch
[74.591s] -- Symlinking: /home/vvoxel/ros2_ws_mgr/install/ros_gz_sim/share/ros_gz_sim/launch/gz_server.launch.py
[74.605s] -- Symlinking: /home/vvoxel/ros2_ws_mgr/install/ros_gz_sim/share/ros_gz_sim/launch/gz_spawn_model.launch
[74.620s] -- Symlinking: /home/vvoxel/ros2_ws_mgr/install/ros_gz_sim/share/ros_gz_sim/launch/gz_spawn_model.launch.py
[74.633s] -- Symlinking: /home/vvoxel/ros2_ws_mgr/install/ros_gz_sim/share/ros_gz_sim/launch/ros_gz_sim.launch
[74.647s] -- Symlinking: /home/vvoxel/ros2_ws_mgr/install/ros_gz_sim/share/ros_gz_sim/launch/ros_gz_sim.launch.py
[74.661s] -- Symlinking: /home/vvoxel/ros2_ws_mgr/install/ros_gz_sim/share/ros_gz_sim/launch/ros_gz_spawn_model.launch.py
[74.677s] -- Symlinking: /home/vvoxel/ros2_ws_mgr/install/ros_gz_sim/share/ros_gz_sim/launch/gz_remove_model.launch.py
[74.692s] -- Symlinking: /home/vvoxel/ros2_ws_mgr/install/ros_gz_sim/lib/ros_gz_sim/create
[74.708s] -- Symlinking: /home/vvoxel/ros2_ws_mgr/install/ros_gz_sim/lib/ros_gz_sim/remove
[74.725s] -- Up-to-date symlink: /home/vvoxel/ros2_ws_mgr/install/ros_gz_sim/lib/ros_gz_sim/gzserver
[74.725s] -- Symlinking: /home/vvoxel/ros2_ws_mgr/install/ros_gz_sim/lib/ros_gz_sim/test_stopwatch
[74.742s] -- Symlinking: /home/vvoxel/ros2_ws_mgr/install/ros_gz_sim/lib/ros_gz_sim/test_create
[74.758s] -- Symlinking: /home/vvoxel/ros2_ws_mgr/install/ros_gz_sim/lib/ros_gz_sim/test_remove
[74.774s] -- Symlinking: /home/vvoxel/ros2_ws_mgr/install/ros_gz_sim/share/ament_index/resource_index/package_run_dependencies/ros_gz_sim
[74.789s] -- Symlinking: /home/vvoxel/ros2_ws_mgr/install/ros_gz_sim/share/ament_index/resource_index/parent_prefix_path/ros_gz_sim
[74.803s] -- Symlinking: /home/vvoxel/ros2_ws_mgr/install/ros_gz_sim/share/ros_gz_sim/environment/ament_prefix_path.sh
[74.818s] -- Symlinking: /home/vvoxel/ros2_ws_mgr/install/ros_gz_sim/share/ros_gz_sim/environment/ament_prefix_path.dsv
[74.832s] -- Symlinking: /home/vvoxel/ros2_ws_mgr/install/ros_gz_sim/share/ros_gz_sim/environment/path.sh
[74.847s] -- Symlinking: /home/vvoxel/ros2_ws_mgr/install/ros_gz_sim/share/ros_gz_sim/environment/path.dsv
[74.873s] -- Symlinking: /home/vvoxel/ros2_ws_mgr/install/ros_gz_sim/share/ros_gz_sim/local_setup.bash
[74.892s] -- Symlinking: /home/vvoxel/ros2_ws_mgr/install/ros_gz_sim/share/ros_gz_sim/local_setup.sh
[74.908s] -- Symlinking: /home/vvoxel/ros2_ws_mgr/install/ros_gz_sim/share/ros_gz_sim/local_setup.zsh
[74.922s] -- Symlinking: /home/vvoxel/ros2_ws_mgr/install/ros_gz_sim/share/ros_gz_sim/local_setup.dsv
[74.936s] -- Symlinking: /home/vvoxel/ros2_ws_mgr/install/ros_gz_sim/share/ros_gz_sim/package.dsv
[74.950s] -- Symlinking: /home/vvoxel/ros2_ws_mgr/install/ros_gz_sim/share/ament_index/resource_index/packages/ros_gz_sim
[74.967s] -- Symlinking: /home/vvoxel/ros2_ws_mgr/install/ros_gz_sim/share/ament_index/resource_index/rclcpp_components/ros_gz_sim
[74.981s] -- Symlinking: /home/vvoxel/ros2_ws_mgr/install/ros_gz_sim/share/ros_gz_sim/cmake/ament_cmake_export_targets-extras.cmake
[74.995s] -- Symlinking: /home/vvoxel/ros2_ws_mgr/install/ros_gz_sim/share/ros_gz_sim/cmake/ament_cmake_export_dependencies-extras.cmake
[75.009s] -- Symlinking: /home/vvoxel/ros2_ws_mgr/install/ros_gz_sim/share/ros_gz_sim/cmake/ros_gz_simConfig.cmake
[75.024s] -- Symlinking: /home/vvoxel/ros2_ws_mgr/install/ros_gz_sim/share/ros_gz_sim/cmake/ros_gz_simConfig-version.cmake
[75.038s] -- Symlinking: /home/vvoxel/ros2_ws_mgr/install/ros_gz_sim/share/ros_gz_sim/package.xml
[75.122s] Listing '/home/vvoxel/ros2_ws_mgr/install/ros_gz_sim/lib/python3.12/site-packages/ros_gz_sim'...
[75.122s] Compiling '/home/vvoxel/ros2_ws_mgr/install/ros_gz_sim/lib/python3.12/site-packages/ros_gz_sim/__init__.py'...
[75.123s] Listing '/home/vvoxel/ros2_ws_mgr/install/ros_gz_sim/lib/python3.12/site-packages/ros_gz_sim/actions'...
[75.123s] Compiling '/home/vvoxel/ros2_ws_mgr/install/ros_gz_sim/lib/python3.12/site-packages/ros_gz_sim/actions/__init__.py'...
[75.123s] Compiling '/home/vvoxel/ros2_ws_mgr/install/ros_gz_sim/lib/python3.12/site-packages/ros_gz_sim/actions/gz_spawn_model.py'...
[75.123s] Compiling '/home/vvoxel/ros2_ws_mgr/install/ros_gz_sim/lib/python3.12/site-packages/ros_gz_sim/actions/gzserver.py'...
[75.133s] -- Installing: /home/vvoxel/ros2_ws_mgr/install/ros_gz_sim/lib/libgzserver_component.so
[75.134s] -- Set non-toolchain portion of runtime path of "/home/vvoxel/ros2_ws_mgr/install/ros_gz_sim/lib/libgzserver_component.so" to ""
[75.134s] -- Installing: /home/vvoxel/ros2_ws_mgr/install/ros_gz_sim/lib/libros_gz_sim.so
[75.134s] -- Set non-toolchain portion of runtime path of "/home/vvoxel/ros2_ws_mgr/install/ros_gz_sim/lib/libros_gz_sim.so" to ""
[75.134s] -- Installing: /home/vvoxel/ros2_ws_mgr/install/ros_gz_sim/share/ros_gz_sim/cmake/export_gzserver_componentExport.cmake
[75.135s] -- Installing: /home/vvoxel/ros2_ws_mgr/install/ros_gz_sim/share/ros_gz_sim/cmake/export_gzserver_componentExport-noconfig.cmake
[75.135s] -- Installing: /home/vvoxel/ros2_ws_mgr/install/ros_gz_sim/share/ros_gz_sim/cmake/ros_gz_simExport.cmake
[75.135s] -- Installing: /home/vvoxel/ros2_ws_mgr/install/ros_gz_sim/share/ros_gz_sim/cmake/ros_gz_simExport-noconfig.cmake
[75.138s] Invoked command in '/home/vvoxel/ros2_ws_mgr/build/ros_gz_sim' returned '0': CMAKE_PREFIX_PATH=${CMAKE_PREFIX_PATH}:/opt/ros/jazzy DEBUGINFOD_URLS=https://debuginfod.ubuntu.com /usr/bin/cmake --install /home/vvoxel/ros2_ws_mgr/build/ros_gz_sim
