[0.090s] Invoking command in '/home/vvoxel/ros2_ws_mgr/build/ros_gz_sim': CMAKE_PREFIX_PATH=${CMAKE_PREFIX_PATH}:/home/vvoxel/ros2_ws_mgr/install/sim_launcher:/opt/ros/jazzy DEBUGINFOD_URLS=https://debuginfod.ubuntu.com /usr/bin/cmake --build /home/vvoxel/ros2_ws_mgr/build/ros_gz_sim -- -j8 -l8
[0.212s] -- Found ament_cmake: 2.5.3 (/opt/ros/jazzy/share/ament_cmake/cmake)
[1.342s] -- Found rclcpp: 28.1.8 (/opt/ros/jazzy/share/rclcpp/cmake)
[1.469s] -- Found rosidl_generator_c: 4.6.5 (/opt/ros/jazzy/share/rosidl_generator_c/cmake)
[1.505s] -- Found rosidl_generator_cpp: 4.6.5 (/opt/ros/jazzy/share/rosidl_generator_cpp/cmake)
[1.575s] -- Using all available rosidl_typesupport_c: rosidl_typesupport_fastrtps_c;rosidl_typesupport_introspection_c
[1.633s] -- Using all available rosidl_typesupport_cpp: rosidl_typesupport_fastrtps_cpp;rosidl_typesupport_introspection_cpp
[1.964s] -- Found rmw_implementation_cmake: 7.3.2 (/opt/ros/jazzy/share/rmw_implementation_cmake/cmake)
[1.973s] -- Found rmw_fastrtps_cpp: 8.4.2 (/opt/ros/jazzy/share/rmw_fastrtps_cpp/cmake)
[2.198s] -- Using RMW implementation 'rmw_fastrtps_cpp' as default
[2.440s] -- Found rclcpp_components: 28.1.8 (/opt/ros/jazzy/share/rclcpp_components/cmake)
[2.550s] -- Found std_msgs: 5.3.6 (/opt/ros/jazzy/share/std_msgs/cmake)
[2.603s] -- Found gz_math_vendor: 0.0.8 (/opt/ros/jazzy/share/gz_math_vendor/cmake)
[2.613s] -- Looking for gz-math7 -- found version 7.5.2
[2.635s] -- Searching for dependencies of gz-math7
[2.636s] -- Looking for gz-utils2 -- found version 2.2.1
[2.637s] -- Searching for dependencies of gz-utils2
[2.641s] -- Found gz_transport_vendor: 0.0.6 (/opt/ros/jazzy/share/gz_transport_vendor/cmake)
[2.649s] -- Looking for gz-transport13 -- found version 13.4.1
[2.650s] -- Searching for dependencies of gz-transport13
[2.756s] -- Config-file not installed for ZeroMQ -- checking for pkg-config
[2.768s] -- Checking for module 'libzmq >= 4'
[2.818s] --   Found libzmq, version 4.3.5
[2.949s] -- Checking for module 'uuid'
[2.996s] --   Found uuid, version 2.39.3
[3.066s] -- Looking for gz-utils2 -- found version 2.2.1
[3.067s] -- Searching for dependencies of gz-utils2
[3.067s] -- Searching for <gz-utils2> component [cli]
[3.068s] -- Looking for gz-utils2-cli -- found version 2.2.1
[3.069s] -- Searching for dependencies of gz-utils2-cli
[3.072s] -- Looking for gz-msgs10 -- found version 10.3.2
[3.072s] -- Searching for dependencies of gz-msgs10
[3.129s] -- Looking for gz-utils2 -- found version 2.2.1
[3.130s] -- Looking for gz-math7 -- found version 7.5.2
[3.140s] -- Checking for module 'tinyxml2'
[3.174s] --   Found tinyxml2, version 10.0.0
[3.259s] -- Looking for gz-msgs10 -- found version 10.3.2
[3.259s] -- Found gz_sim_vendor: 0.0.8 (/opt/ros/jazzy/share/gz_sim_vendor/cmake)
[3.302s] -- Looking for gz-sim8 -- found version 8.9.0
[3.302s] -- Searching for dependencies of gz-sim8
[3.308s] -- Looking for sdformat14 -- found version 14.7.0
[3.309s] -- Searching for dependencies of sdformat14
[3.325s] -- Looking for gz-math7 -- found version 7.5.2
[3.325s] -- Looking for gz-utils2 -- found version 2.2.1
[3.329s] -- Looking for gz-plugin2 -- found version 2.0.4
[3.330s] -- Searching for dependencies of gz-plugin2
[3.331s] -- Looking for gz-utils2 -- found version 2.2.1
[3.335s] -- Searching for <gz-plugin2> component [loader]
[3.335s] -- Looking for gz-plugin2-loader -- found version 2.0.4
[3.337s] -- Searching for dependencies of gz-plugin2-loader
[3.343s] -- Searching for <gz-plugin2> component [register]
[3.343s] -- Looking for gz-plugin2-register -- found version 2.0.4
[3.344s] -- Searching for dependencies of gz-plugin2-register
[3.347s] -- Looking for gz-transport13 -- found version 13.4.1
[3.350s] -- Searching for dependencies of gz-transport13
[3.466s] -- Config-file not installed for ZeroMQ -- checking for pkg-config
[3.482s] -- Checking for module 'libzmq >= 4'
[3.530s] --   Found libzmq, version 4.3.5
[3.661s] -- Looking for gz-utils2 -- found version 2.2.1
[3.661s] -- Looking for gz-msgs10 -- found version 10.3.2
[3.662s] -- Searching for <gz-transport13> component [log]
[3.663s] -- Looking for gz-transport13-log -- found version 13.4.1
[3.664s] -- Searching for dependencies of gz-transport13-log
[3.664s] -- Searching for <gz-transport13> component [parameters]
[3.664s] -- Looking for gz-transport13-parameters -- found version 13.4.1
[3.664s] -- Searching for dependencies of gz-transport13-parameters
[3.665s] -- Looking for gz-msgs10 -- found version 10.3.2
[3.667s] -- Looking for gz-common5 -- found version 5.7.1
[3.668s] -- Searching for dependencies of gz-common5
[3.671s] -- Looking for gz-utils2 -- found version 2.2.1
[3.671s] -- Looking for dlfcn.h - found
[3.671s] -- Looking for libdl - found
[3.694s] -- Searching for <gz-common5> component [av]
[3.696s] -- Looking for gz-common5-av -- found version 5.7.1
[3.696s] -- Searching for dependencies of gz-common5-av
[3.710s] -- Checking for module 'libswscale'
[3.752s] --   Found libswscale, version 7.5.100
[3.848s] -- Checking for module 'libavdevice >= 56.4.100'
[3.887s] --   Found libavdevice, version 60.3.100
[4.009s] -- Checking for module 'libavformat'
[4.050s] --   Found libavformat, version 60.16.100
[4.129s] -- Checking for module 'libavcodec'
[4.170s] --   Found libavcodec, version 60.31.102
[4.259s] -- Checking for module 'libavutil'
[4.299s] --   Found libavutil, version 58.29.100
[4.365s] -- Searching for <gz-common5> component [events]
[4.366s] -- Looking for gz-common5-events -- found version 5.7.1
[4.366s] -- Searching for dependencies of gz-common5-events
[4.367s] -- Looking for gz-math7 -- found version 7.5.2
[4.369s] -- Searching for <gz-common5> component [graphics]
[4.370s] -- Looking for gz-common5-graphics -- found version 5.7.1
[4.370s] -- Searching for dependencies of gz-common5-graphics
[4.371s] -- Looking for gz-math7 -- found version 7.5.2
[4.377s] -- Searching for <gz-common5> component [io]
[4.378s] -- Looking for gz-common5-io -- found version 5.7.1
[4.379s] -- Searching for dependencies of gz-common5-io
[4.380s] -- Searching for <gz-common5> component [profiler]
[4.382s] -- Looking for gz-common5-profiler -- found version 5.7.1
[4.382s] -- Searching for dependencies of gz-common5-profiler
[4.385s] -- Looking for gz-fuel_tools9 -- found version 9.1.1
[4.385s] -- Searching for dependencies of gz-fuel_tools9
[4.490s] -- Checking for module 'jsoncpp'
[4.522s] --   Found jsoncpp, version 1.9.5
[4.622s] -- Checking for module 'yaml-0.1'
[4.654s] --   Found yaml-0.1, version 0.2.5
[4.733s] -- Checking for module 'libzip'
[4.768s] --   Found libzip, version 1.7.3
[4.861s] -- Looking for gz-utils2 -- found version 2.2.1
[4.863s] -- Looking for gz-common5 -- found version 5.7.1
[4.863s] -- Searching for dependencies of gz-common5
[4.864s] -- Looking for gz-utils2 -- found version 2.2.1
[4.865s] -- Looking for dlfcn.h - found
[4.865s] -- Looking for libdl - found
[4.888s] -- Searching for <gz-common5> component [testing]
[4.890s] -- Looking for gz-common5-testing -- found version 5.7.1
[4.890s] -- Searching for dependencies of gz-common5-testing
[4.894s] -- Looking for gz-math7 -- found version 7.5.2
[4.896s] -- Looking for gz-msgs10 -- found version 10.3.2
[4.900s] -- Looking for gz-gui8 -- found version 8.4.0
[4.900s] -- Searching for dependencies of gz-gui8
[4.983s] -- Looking for gz-utils2 -- found version 2.2.1
[4.984s] -- Looking for gz-math7 -- found version 7.5.2
[4.985s] -- Looking for gz-common5 -- found version 5.7.1
[4.987s] -- Looking for gz-plugin2 -- found version 2.0.4
[4.988s] -- Looking for gz-transport13 -- found version 13.4.1
[4.990s] -- Looking for gz-rendering8 -- found version 8.2.2
[4.991s] -- Searching for dependencies of gz-rendering8
[4.992s] -- Looking for gz-math7 -- found version 7.5.2
[4.992s] -- Searching for dependencies of gz-math7
[4.994s] -- Looking for gz-utils2 -- found version 2.2.1
[4.994s] -- Searching for <gz-math7> component [eigen3]
[4.996s] -- Looking for gz-math7-eigen3 -- found version 7.5.2
[4.996s] -- Searching for dependencies of gz-math7-eigen3
[5.003s] -- Looking for gz-common5 -- found version 5.7.1
[5.003s] -- Searching for dependencies of gz-common5
[5.004s] -- Looking for gz-utils2 -- found version 2.2.1
[5.005s] -- Looking for dlfcn.h - found
[5.005s] -- Looking for libdl - found
[5.029s] -- Searching for <gz-common5> component [graphics]
[5.029s] -- Searching for <gz-common5> component [events]
[5.029s] -- Searching for <gz-common5> component [geospatial]
[5.031s] -- Looking for gz-common5-geospatial -- found version 5.7.1
[5.031s] -- Searching for dependencies of gz-common5-geospatial
[5.033s] -- Looking for gz-math7 -- found version 7.5.2
[5.034s] -- Looking for gz-common5 -- found version 5.7.1
[5.038s] -- Looking for gz-plugin2 -- found version 2.0.4
[5.038s] -- Searching for dependencies of gz-plugin2
[5.039s] -- Looking for gz-utils2 -- found version 2.2.1
[5.040s] -- Searching for <gz-plugin2> component [all]
[5.042s] -- Looking for all libraries of gz-plugin2 -- found version 2.0.4
[5.043s] -- Looking for gz-plugin2 -- found version 2.0.4
[5.047s] -- Looking for gz-utils2 -- found version 2.2.1
[5.062s] -- Looking for gz-msgs10 -- found version 10.3.2
[5.136s] -- Looking for gz-physics7 -- found version 7.5.0
[5.137s] -- Searching for dependencies of gz-physics7
[5.138s] -- Looking for gz-common5 -- found version 5.7.1
[5.139s] -- Looking for gz-math7 -- found version 7.5.2
[5.140s] -- Looking for gz-plugin2 -- found version 2.0.4
[5.141s] -- Looking for gz-utils2 -- found version 2.2.1
[5.144s] -- Searching for <gz-physics7> component [heightmap]
[5.145s] -- Looking for gz-physics7-heightmap -- found version 7.5.0
[5.146s] -- Searching for dependencies of gz-physics7-heightmap
[5.147s] -- Looking for gz-common5 -- found version 5.7.1
[5.148s] -- Searching for <gz-physics7> component [mesh]
[5.150s] -- Looking for gz-physics7-mesh -- found version 7.5.0
[5.150s] -- Searching for dependencies of gz-physics7-mesh
[5.151s] -- Looking for gz-common5 -- found version 5.7.1
[5.153s] -- Searching for <gz-physics7> component [sdf]
[5.154s] -- Looking for gz-physics7-sdf -- found version 7.5.0
[5.155s] -- Searching for dependencies of gz-physics7-sdf
[5.156s] -- Looking for sdformat14 -- found version 14.7.0
[5.158s] -- Looking for gz-sensors8 -- found version 8.2.2
[5.159s] -- Searching for dependencies of gz-sensors8
[5.201s] -- Looking for gz-math7 -- found version 7.5.2
[5.202s] -- Looking for gz-common5 -- found version 5.7.1
[5.204s] -- Looking for gz-transport13 -- found version 13.4.1
[5.205s] -- Looking for gz-rendering8 -- found version 8.2.2
[5.205s] -- Looking for gz-msgs10 -- found version 10.3.2
[5.207s] -- Looking for sdformat14 -- found version 14.7.0
[5.209s] -- Searching for <gz-sensors8> component [air_pressure]
[5.211s] -- Looking for gz-sensors8-air_pressure -- found version 8.2.2
[5.211s] -- Searching for dependencies of gz-sensors8-air_pressure
[5.213s] -- Searching for <gz-sensors8> component [air_speed]
[5.215s] -- Looking for gz-sensors8-air_speed -- found version 8.2.2
[5.215s] -- Searching for dependencies of gz-sensors8-air_speed
[5.217s] -- Searching for <gz-sensors8> component [altimeter]
[5.219s] -- Looking for gz-sensors8-altimeter -- found version 8.2.2
[5.219s] -- Searching for dependencies of gz-sensors8-altimeter
[5.221s] -- Searching for <gz-sensors8> component [imu]
[5.222s] -- Looking for gz-sensors8-imu -- found version 8.2.2
[5.222s] -- Searching for dependencies of gz-sensors8-imu
[5.224s] -- Searching for <gz-sensors8> component [force_torque]
[5.225s] -- Looking for gz-sensors8-force_torque -- found version 8.2.2
[5.226s] -- Searching for dependencies of gz-sensors8-force_torque
[5.227s] -- Searching for <gz-sensors8> component [logical_camera]
[5.229s] -- Looking for gz-sensors8-logical_camera -- found version 8.2.2
[5.229s] -- Searching for dependencies of gz-sensors8-logical_camera
[5.231s] -- Searching for <gz-sensors8> component [magnetometer]
[5.232s] -- Looking for gz-sensors8-magnetometer -- found version 8.2.2
[5.233s] -- Searching for dependencies of gz-sensors8-magnetometer
[5.234s] -- Searching for <gz-sensors8> component [navsat]
[5.235s] -- Looking for gz-sensors8-navsat -- found version 8.2.2
[5.236s] -- Searching for dependencies of gz-sensors8-navsat
[5.237s] -- Searching for <gz-sensors8> component [dvl]
[5.239s] -- Looking for gz-sensors8-dvl -- found version 8.2.2
[5.239s] -- Searching for dependencies of gz-sensors8-dvl
[5.240s] -- Looking for gz-sensors8 -- found version 8.2.2
[5.241s] -- Searching for dependencies of gz-sensors8
[5.283s] -- Looking for gz-math7 -- found version 7.5.2
[5.284s] -- Looking for gz-common5 -- found version 5.7.1
[5.285s] -- Looking for gz-transport13 -- found version 13.4.1
[5.286s] -- Looking for gz-rendering8 -- found version 8.2.2
[5.287s] -- Looking for gz-msgs10 -- found version 10.3.2
[5.288s] -- Looking for sdformat14 -- found version 14.7.0
[5.288s] -- Searching for <gz-sensors8> component [rendering]
[5.290s] -- Looking for gz-sensors8-rendering -- found version 8.2.2
[5.290s] -- Searching for dependencies of gz-sensors8-rendering
[5.293s] -- Searching for <gz-sensors8> component [rendering]
[5.294s] -- Searching for <gz-sensors8> component [lidar]
[5.295s] -- Looking for gz-sensors8-lidar -- found version 8.2.2
[5.295s] -- Searching for dependencies of gz-sensors8-lidar
[5.297s] -- Looking for gz-sensors8 -- found version 8.2.2
[5.299s] -- Searching for <gz-sensors8> component [gpu_lidar]
[5.301s] -- Looking for gz-sensors8-gpu_lidar -- found version 8.2.2
[5.302s] -- Searching for dependencies of gz-sensors8-gpu_lidar
[5.303s] -- Looking for gz-sensors8 -- found version 8.2.2
[5.305s] -- Searching for <gz-sensors8> component [camera]
[5.307s] -- Looking for gz-sensors8-camera -- found version 8.2.2
[5.309s] -- Searching for dependencies of gz-sensors8-camera
[5.310s] -- Looking for gz-sensors8 -- found version 8.2.2
[5.312s] -- Searching for <gz-sensors8> component [boundingbox_camera]
[5.314s] -- Looking for gz-sensors8-boundingbox_camera -- found version 8.2.2
[5.315s] -- Searching for dependencies of gz-sensors8-boundingbox_camera
[5.318s] -- Searching for <gz-sensors8> component [segmentation_camera]
[5.320s] -- Looking for gz-sensors8-segmentation_camera -- found version 8.2.2
[5.320s] -- Searching for dependencies of gz-sensors8-segmentation_camera
[5.323s] -- Searching for <gz-sensors8> component [depth_camera]
[5.325s] -- Looking for gz-sensors8-depth_camera -- found version 8.2.2
[5.325s] -- Searching for dependencies of gz-sensors8-depth_camera
[5.327s] -- Looking for gz-sensors8 -- found version 8.2.2
[5.330s] -- Searching for <gz-sensors8> component [rgbd_camera]
[5.332s] -- Looking for gz-sensors8-rgbd_camera -- found version 8.2.2
[5.332s] -- Searching for dependencies of gz-sensors8-rgbd_camera
[5.334s] -- Looking for gz-sensors8 -- found version 8.2.2
[5.337s] -- Searching for <gz-sensors8> component [thermal_camera]
[5.339s] -- Looking for gz-sensors8-thermal_camera -- found version 8.2.2
[5.340s] -- Searching for dependencies of gz-sensors8-thermal_camera
[5.341s] -- Looking for gz-sensors8 -- found version 8.2.2
[5.344s] -- Searching for <gz-sensors8> component [wide_angle_camera]
[5.346s] -- Looking for gz-sensors8-wide_angle_camera -- found version 8.2.2
[5.347s] -- Searching for dependencies of gz-sensors8-wide_angle_camera
[5.352s] -- Looking for gz-rendering8 -- found version 8.2.2
[5.353s] -- Looking for gz-math7 -- found version 7.5.2
[5.355s] -- Looking for gz-utils2 -- found version 2.2.1
[5.438s] -- Looking for gflags - found
[5.438s] 
[5.804s] -- Found ament_lint_auto: 0.17.2 (/opt/ros/jazzy/share/ament_lint_auto/cmake)
[6.467s] -- Found python_cmake_module: 0.11.1 (/opt/ros/jazzy/share/python_cmake_module/cmake)
[7.387s] -- Found ament_cmake_gtest: 2.5.3 (/opt/ros/jazzy/share/ament_cmake_gtest/cmake)
[7.393s] -- Found gtest sources under '/opt/ros/jazzy/src/gtest_vendor': C++ tests using 'Google Test' will be built
[7.489s] -- Added test 'copyright' to check source files copyright and LICENSE
[7.505s] -- Added test 'cppcheck' to perform static code analysis on C / C++ code
[7.505s] -- Configured cppcheck include dirs: $<BUILD_INTERFACE:/home/vvoxel/ros2_ws_mgr/src/ros_gz/ros_gz_sim/include>
[7.506s] -- Configured cppcheck exclude dirs and/or files: 
[7.521s] -- Added test 'cpplint' to check C / C++ code against the Google style
[7.521s] -- Configured cpplint exclude dirs and/or files: 
[7.522s] -- Added test 'flake8' to check Python code syntax and style conventions
[7.522s] -- Configured 'flake8' exclude dirs and/or files: 
[7.530s] -- Added test 'lint_cmake' to check CMake code style
[7.530s] -- Added test 'pep257' to check Python code against some of the docstring style conventions in PEP 257
[7.538s] -- Added test 'uncrustify' to check C / C++ code style
[7.539s] -- Configured uncrustify additional arguments: 
[7.546s] -- Added test 'xmllint' to check XML markup files
[7.563s] -- Configuring done (7.4s)
[8.036s] -- Generating done (0.4s)
[8.277s] -- Build files have been written to: /home/vvoxel/ros2_ws_mgr/build/ros_gz_sim
[8.642s] [  0%] Built target ament_cmake_python_copy_ros_gz_sim_setup
[8.650s] [  5%] [32mBuilding CXX object CMakeFiles/ros_gz_sim.dir/src/Stopwatch.cpp.o[0m
[8.658s] [  5%] Built target ament_cmake_python_copy_ros_gz_sim
[8.666s] [ 10%] [32mBuilding CXX object CMakeFiles/gzserver_component.dir/src/gzserver.cpp.o[0m
[8.738s] [ 15%] [32mBuilding CXX object CMakeFiles/remove.dir/src/remove.cpp.o[0m
[8.755s] [ 25%] Built target gtest_main
[8.780s] [ 30%] [32mBuilding CXX object CMakeFiles/gzserver.dir/rclcpp_components/node_main_gzserver.cpp.o[0m
[8.804s] [ 35%] [32mBuilding CXX object CMakeFiles/create.dir/src/create.cpp.o[0m
[8.930s] [ 45%] Built target gtest
[9.121s] [ 50%] [32mBuilding CXX object CMakeFiles/test_create.dir/test/test_create.cpp.o[0m
[9.178s] [ 55%] [32mBuilding CXX object CMakeFiles/test_remove.dir/test/test_remove.cpp.o[0m
[11.735s] running egg_info
[12.107s] writing ros_gz_sim.egg-info/PKG-INFO
[12.115s] writing dependency_links to ros_gz_sim.egg-info/dependency_links.txt
[12.115s] writing entry points to ros_gz_sim.egg-info/entry_points.txt
[12.121s] writing top-level names to ros_gz_sim.egg-info/top_level.txt
[12.958s] reading manifest file 'ros_gz_sim.egg-info/SOURCES.txt'
[12.963s] writing manifest file 'ros_gz_sim.egg-info/SOURCES.txt'
[13.193s] [ 55%] Built target ament_cmake_python_build_ros_gz_sim_egg
[16.257s] [ 60%] [32m[1mLinking CXX shared library libros_gz_sim.so[0m
[17.352s] [ 60%] Built target ros_gz_sim
[17.677s] [ 65%] [32mBuilding CXX object CMakeFiles/test_stopwatch.dir/test/test_stopwatch.cpp.o[0m
[24.288s] [ 70%] [32m[1mLinking CXX executable test_remove[0m
[25.009s] [ 70%] Built target test_remove
[29.391s] [ 75%] [32m[1mLinking CXX executable test_create[0m
[29.929s] [ 75%] Built target test_create
[31.351s] [ 80%] [32m[1mLinking CXX executable gzserver[0m
[32.353s] [ 80%] Built target gzserver
[34.250s] [ 85%] [32m[1mLinking CXX executable remove[0m
[35.246s] [ 85%] Built target remove
[38.016s] [ 90%] [32m[1mLinking CXX shared library libgzserver_component.so[0m
[39.366s] [ 90%] Built target gzserver_component
[46.278s] [ 95%] [32m[1mLinking CXX executable test_stopwatch[0m
[47.040s] [ 95%] Built target test_stopwatch
[55.966s] [100%] [32m[1mLinking CXX executable create[0m
[57.075s] [100%] Built target create
[57.100s] Invoked command in '/home/vvoxel/ros2_ws_mgr/build/ros_gz_sim' returned '0': CMAKE_PREFIX_PATH=${CMAKE_PREFIX_PATH}:/home/vvoxel/ros2_ws_mgr/install/sim_launcher:/opt/ros/jazzy DEBUGINFOD_URLS=https://debuginfod.ubuntu.com /usr/bin/cmake --build /home/vvoxel/ros2_ws_mgr/build/ros_gz_sim -- -j8 -l8
[57.103s] Invoking command in '/home/vvoxel/ros2_ws_mgr/build/ros_gz_sim': CMAKE_PREFIX_PATH=${CMAKE_PREFIX_PATH}:/home/vvoxel/ros2_ws_mgr/install/sim_launcher:/opt/ros/jazzy DEBUGINFOD_URLS=https://debuginfod.ubuntu.com /usr/bin/cmake --install /home/vvoxel/ros2_ws_mgr/build/ros_gz_sim
[57.122s] -- Install configuration: ""
[57.122s] -- Up-to-date: /home/vvoxel/ros2_ws_mgr/install/ros_gz_sim/share/ros_gz_sim/environment/pythonpath.sh
[57.122s] -- Up-to-date: /home/vvoxel/ros2_ws_mgr/install/ros_gz_sim/share/ros_gz_sim/environment/pythonpath.dsv
[57.123s] -- Up-to-date: /home/vvoxel/ros2_ws_mgr/install/ros_gz_sim/lib/python3.12/site-packages/ros_gz_sim-1.0.11-py3.12.egg-info
[57.123s] -- Installing: /home/vvoxel/ros2_ws_mgr/install/ros_gz_sim/lib/python3.12/site-packages/ros_gz_sim-1.0.11-py3.12.egg-info/dependency_links.txt
[57.123s] -- Installing: /home/vvoxel/ros2_ws_mgr/install/ros_gz_sim/lib/python3.12/site-packages/ros_gz_sim-1.0.11-py3.12.egg-info/entry_points.txt
[57.123s] -- Installing: /home/vvoxel/ros2_ws_mgr/install/ros_gz_sim/lib/python3.12/site-packages/ros_gz_sim-1.0.11-py3.12.egg-info/top_level.txt
[57.124s] -- Installing: /home/vvoxel/ros2_ws_mgr/install/ros_gz_sim/lib/python3.12/site-packages/ros_gz_sim-1.0.11-py3.12.egg-info/SOURCES.txt
[57.124s] -- Installing: /home/vvoxel/ros2_ws_mgr/install/ros_gz_sim/lib/python3.12/site-packages/ros_gz_sim-1.0.11-py3.12.egg-info/PKG-INFO
[57.124s] -- Up-to-date: /home/vvoxel/ros2_ws_mgr/install/ros_gz_sim/lib/python3.12/site-packages/ros_gz_sim
[57.125s] -- Up-to-date: /home/vvoxel/ros2_ws_mgr/install/ros_gz_sim/lib/python3.12/site-packages/ros_gz_sim/__init__.py
[57.125s] -- Up-to-date: /home/vvoxel/ros2_ws_mgr/install/ros_gz_sim/lib/python3.12/site-packages/ros_gz_sim/actions
[57.125s] -- Up-to-date: /home/vvoxel/ros2_ws_mgr/install/ros_gz_sim/lib/python3.12/site-packages/ros_gz_sim/actions/gz_spawn_model.py
[57.125s] -- Up-to-date: /home/vvoxel/ros2_ws_mgr/install/ros_gz_sim/lib/python3.12/site-packages/ros_gz_sim/actions/__init__.py
[57.125s] -- Up-to-date: /home/vvoxel/ros2_ws_mgr/install/ros_gz_sim/lib/python3.12/site-packages/ros_gz_sim/actions/gzserver.py
[57.215s] Listing '/home/vvoxel/ros2_ws_mgr/install/ros_gz_sim/lib/python3.12/site-packages/ros_gz_sim'...
[57.215s] Listing '/home/vvoxel/ros2_ws_mgr/install/ros_gz_sim/lib/python3.12/site-packages/ros_gz_sim/actions'...
[57.227s] -- Up-to-date: /home/vvoxel/ros2_ws_mgr/install/ros_gz_sim/include/ros_gz_sim
[57.227s] -- Up-to-date: /home/vvoxel/ros2_ws_mgr/install/ros_gz_sim/include/ros_gz_sim/Stopwatch.hpp
[57.228s] -- Installing: /home/vvoxel/ros2_ws_mgr/install/ros_gz_sim/lib/ros_gz_sim/gzserver
[57.230s] -- Set non-toolchain portion of runtime path of "/home/vvoxel/ros2_ws_mgr/install/ros_gz_sim/lib/ros_gz_sim/gzserver" to ""
[57.230s] -- Up-to-date: /home/vvoxel/ros2_ws_mgr/install/ros_gz_sim/share/ros_gz_sim/launch/gz_sim.launch.py
[57.231s] -- Up-to-date: /home/vvoxel/ros2_ws_mgr/install/ros_gz_sim/share/ros_gz_sim/launch/gz_server.launch
[57.231s] -- Up-to-date: /home/vvoxel/ros2_ws_mgr/install/ros_gz_sim/share/ros_gz_sim/launch/gz_server.launch.py
[57.231s] -- Up-to-date: /home/vvoxel/ros2_ws_mgr/install/ros_gz_sim/share/ros_gz_sim/launch/gz_spawn_model.launch
[57.231s] -- Up-to-date: /home/vvoxel/ros2_ws_mgr/install/ros_gz_sim/share/ros_gz_sim/launch/gz_spawn_model.launch.py
[57.232s] -- Up-to-date: /home/vvoxel/ros2_ws_mgr/install/ros_gz_sim/share/ros_gz_sim/launch/ros_gz_sim.launch
[57.232s] -- Up-to-date: /home/vvoxel/ros2_ws_mgr/install/ros_gz_sim/share/ros_gz_sim/launch/ros_gz_sim.launch.py
[57.232s] -- Up-to-date: /home/vvoxel/ros2_ws_mgr/install/ros_gz_sim/share/ros_gz_sim/launch/ros_gz_spawn_model.launch.py
[57.233s] -- Up-to-date: /home/vvoxel/ros2_ws_mgr/install/ros_gz_sim/share/ros_gz_sim/launch/gz_remove_model.launch.py
[57.233s] -- Installing: /home/vvoxel/ros2_ws_mgr/install/ros_gz_sim/lib/ros_gz_sim/create
[57.240s] -- Set non-toolchain portion of runtime path of "/home/vvoxel/ros2_ws_mgr/install/ros_gz_sim/lib/ros_gz_sim/create" to ""
[57.241s] -- Installing: /home/vvoxel/ros2_ws_mgr/install/ros_gz_sim/lib/ros_gz_sim/remove
[57.243s] -- Set non-toolchain portion of runtime path of "/home/vvoxel/ros2_ws_mgr/install/ros_gz_sim/lib/ros_gz_sim/remove" to ""
[57.243s] -- Up-to-date: /home/vvoxel/ros2_ws_mgr/install/ros_gz_sim/lib/ros_gz_sim/gzserver
[57.245s] -- Installing: /home/vvoxel/ros2_ws_mgr/install/ros_gz_sim/lib/libgzserver_component.so
[57.246s] -- Set non-toolchain portion of runtime path of "/home/vvoxel/ros2_ws_mgr/install/ros_gz_sim/lib/libgzserver_component.so" to ""
[57.247s] -- Installing: /home/vvoxel/ros2_ws_mgr/install/ros_gz_sim/lib/libros_gz_sim.so
[57.248s] -- Set non-toolchain portion of runtime path of "/home/vvoxel/ros2_ws_mgr/install/ros_gz_sim/lib/libros_gz_sim.so" to ""
[57.249s] -- Installing: /home/vvoxel/ros2_ws_mgr/install/ros_gz_sim/lib/ros_gz_sim/test_stopwatch
[57.254s] -- Set non-toolchain portion of runtime path of "/home/vvoxel/ros2_ws_mgr/install/ros_gz_sim/lib/ros_gz_sim/test_stopwatch" to ""
[57.255s] -- Installing: /home/vvoxel/ros2_ws_mgr/install/ros_gz_sim/lib/ros_gz_sim/test_create
[57.255s] -- Set non-toolchain portion of runtime path of "/home/vvoxel/ros2_ws_mgr/install/ros_gz_sim/lib/ros_gz_sim/test_create" to ""
[57.256s] -- Installing: /home/vvoxel/ros2_ws_mgr/install/ros_gz_sim/lib/ros_gz_sim/test_remove
[57.257s] -- Set non-toolchain portion of runtime path of "/home/vvoxel/ros2_ws_mgr/install/ros_gz_sim/lib/ros_gz_sim/test_remove" to ""
[57.257s] -- Up-to-date: /home/vvoxel/ros2_ws_mgr/install/ros_gz_sim/share/ament_index/resource_index/package_run_dependencies/ros_gz_sim
[57.258s] -- Installing: /home/vvoxel/ros2_ws_mgr/install/ros_gz_sim/share/ament_index/resource_index/parent_prefix_path/ros_gz_sim
[57.258s] -- Up-to-date: /home/vvoxel/ros2_ws_mgr/install/ros_gz_sim/share/ros_gz_sim/environment/ament_prefix_path.sh
[57.259s] -- Up-to-date: /home/vvoxel/ros2_ws_mgr/install/ros_gz_sim/share/ros_gz_sim/environment/ament_prefix_path.dsv
[57.259s] -- Up-to-date: /home/vvoxel/ros2_ws_mgr/install/ros_gz_sim/share/ros_gz_sim/environment/path.sh
[57.259s] -- Up-to-date: /home/vvoxel/ros2_ws_mgr/install/ros_gz_sim/share/ros_gz_sim/environment/path.dsv
[57.260s] -- Up-to-date: /home/vvoxel/ros2_ws_mgr/install/ros_gz_sim/share/ros_gz_sim/local_setup.bash
[57.260s] -- Up-to-date: /home/vvoxel/ros2_ws_mgr/install/ros_gz_sim/share/ros_gz_sim/local_setup.sh
[57.260s] -- Up-to-date: /home/vvoxel/ros2_ws_mgr/install/ros_gz_sim/share/ros_gz_sim/local_setup.zsh
[57.260s] -- Up-to-date: /home/vvoxel/ros2_ws_mgr/install/ros_gz_sim/share/ros_gz_sim/local_setup.dsv
[57.261s] -- Installing: /home/vvoxel/ros2_ws_mgr/install/ros_gz_sim/share/ros_gz_sim/package.dsv
[57.261s] -- Up-to-date: /home/vvoxel/ros2_ws_mgr/install/ros_gz_sim/share/ament_index/resource_index/packages/ros_gz_sim
[57.261s] -- Up-to-date: /home/vvoxel/ros2_ws_mgr/install/ros_gz_sim/share/ament_index/resource_index/rclcpp_components/ros_gz_sim
[57.262s] -- Up-to-date: /home/vvoxel/ros2_ws_mgr/install/ros_gz_sim/share/ros_gz_sim/cmake/export_gzserver_componentExport.cmake
[57.262s] -- Up-to-date: /home/vvoxel/ros2_ws_mgr/install/ros_gz_sim/share/ros_gz_sim/cmake/export_gzserver_componentExport-noconfig.cmake
[57.262s] -- Up-to-date: /home/vvoxel/ros2_ws_mgr/install/ros_gz_sim/share/ros_gz_sim/cmake/ros_gz_simExport.cmake
[57.263s] -- Up-to-date: /home/vvoxel/ros2_ws_mgr/install/ros_gz_sim/share/ros_gz_sim/cmake/ros_gz_simExport-noconfig.cmake
[57.263s] -- Up-to-date: /home/vvoxel/ros2_ws_mgr/install/ros_gz_sim/share/ros_gz_sim/cmake/ament_cmake_export_targets-extras.cmake
[57.264s] -- Up-to-date: /home/vvoxel/ros2_ws_mgr/install/ros_gz_sim/share/ros_gz_sim/cmake/ament_cmake_export_dependencies-extras.cmake
[57.264s] -- Up-to-date: /home/vvoxel/ros2_ws_mgr/install/ros_gz_sim/share/ros_gz_sim/cmake/ros_gz_simConfig.cmake
[57.264s] -- Up-to-date: /home/vvoxel/ros2_ws_mgr/install/ros_gz_sim/share/ros_gz_sim/cmake/ros_gz_simConfig-version.cmake
[57.264s] -- Up-to-date: /home/vvoxel/ros2_ws_mgr/install/ros_gz_sim/share/ros_gz_sim/package.xml
[57.266s] Invoked command in '/home/vvoxel/ros2_ws_mgr/build/ros_gz_sim' returned '0': CMAKE_PREFIX_PATH=${CMAKE_PREFIX_PATH}:/home/vvoxel/ros2_ws_mgr/install/sim_launcher:/opt/ros/jazzy DEBUGINFOD_URLS=https://debuginfod.ubuntu.com /usr/bin/cmake --install /home/vvoxel/ros2_ws_mgr/build/ros_gz_sim
