[0.041s] Invoking command in '/home/vvoxel/ros2_ws_mgr/build/slam': CMAKE_PREFIX_PATH=/home/vvoxel/ros2_ws_mgr/install/apriltag_ros:/home/vvoxel/ros2_ws_mgr/install/apriltag_msgs:/home/vvoxel/ros2_ws_mgr/install/apriltag:/home/vvoxel/ros2_ws_mgr/install/sim_launcher:/opt/ros/jazzy:/home/vvoxel/ros2_ws_mgr/install/slam:/home/vvoxel/ros2_ws_mgr/install/test_ros_gz_bridge:/home/vvoxel/ros2_ws_mgr/install/ros_gz:/home/vvoxel/ros2_ws_mgr/install/ros_gz_sim_demos:/home/vvoxel/ros2_ws_mgr/install/ros_gz_sim:/home/vvoxel/ros2_ws_mgr/install/ros_gz_image:/home/vvoxel/ros2_ws_mgr/install/ros_gz_bridge:/home/vvoxel/ros2_ws_mgr/install/ros_gz_interfaces:/home/vvoxel/ros2_ws_mgr/install/realsense2_description:/home/vvoxel/ros2_ws_mgr/install/realsense2_camera:/home/vvoxel/ros2_ws_mgr/install/realsense2_camera_msgs:/home/vvoxel/ros2_ws_mgr/install/mtracker:/home/vvoxel/ros2_ws_mgr/install/g2o:/home/vvoxel/ros2_ws_mgr/install/anglecalc:/opt/ros/jazzy/opt/gz_sim_vendor:/opt/ros/jazzy/opt/gz_sensors_vendor:/opt/ros/jazzy/opt/gz_physics_vendor:/opt/ros/jazzy/opt/sdformat_vendor:/opt/ros/jazzy/opt/gz_gui_vendor:/opt/ros/jazzy/opt/gz_transport_vendor:/opt/ros/jazzy/opt/gz_rendering_vendor:/opt/ros/jazzy/opt/gz_plugin_vendor:/opt/ros/jazzy/opt/gz_fuel_tools_vendor:/opt/ros/jazzy/opt/gz_msgs_vendor:/opt/ros/jazzy/opt/gz_common_vendor:/opt/ros/jazzy/opt/gz_math_vendor:/opt/ros/jazzy/opt/gz_utils_vendor:/opt/ros/jazzy/opt/gz_tools_vendor:/opt/ros/jazzy/opt/gz_ogre_next_vendor:/opt/ros/jazzy/opt/gz_dartsim_vendor:/opt/ros/jazzy/opt/gz_cmake_vendor DEBUGINFOD_URLS=https://debuginfod.ubuntu.com LD_LIBRARY_PATH=/home/vvoxel/ros2_ws_mgr/install/apriltag_ros/lib:/home/vvoxel/ros2_ws_mgr/install/apriltag_msgs/lib:/home/vvoxel/ros2_ws_mgr/install/apriltag/lib:/opt/ros/jazzy/lib/x86_64-linux-gnu:/home/vvoxel/ros2_ws_mgr/install/ros_gz_sim/lib:/home/vvoxel/ros2_ws_mgr/install/ros_gz_bridge/lib:/home/vvoxel/ros2_ws_mgr/install/ros_gz_interfaces/lib:/home/vvoxel/ros2_ws_mgr/install/realsense2_camera/lib:/home/vvoxel/ros2_ws_mgr/install/realsense2_camera_msgs/lib:/home/vvoxel/ros2_ws_mgr/install/mtracker/lib:/home/vvoxel/ros2_ws_mgr/install/g2o/lib:/opt/ros/jazzy/opt/gz_sim_vendor/lib:/opt/ros/jazzy/opt/gz_sensors_vendor/lib:/opt/ros/jazzy/opt/gz_physics_vendor/lib:/opt/ros/jazzy/opt/sdformat_vendor/lib:/opt/ros/jazzy/opt/rviz_ogre_vendor/lib:/opt/ros/jazzy/lib/x86_64-linux-gnu:/opt/ros/jazzy/opt/gz_gui_vendor/lib:/opt/ros/jazzy/opt/gz_transport_vendor/lib:/opt/ros/jazzy/opt/gz_rendering_vendor/lib:/opt/ros/jazzy/opt/gz_plugin_vendor/lib:/opt/ros/jazzy/opt/gz_fuel_tools_vendor/lib:/opt/ros/jazzy/opt/gz_msgs_vendor/lib:/opt/ros/jazzy/opt/gz_common_vendor/lib:/opt/ros/jazzy/opt/gz_math_vendor/lib:/opt/ros/jazzy/opt/gz_utils_vendor/lib:/opt/ros/jazzy/opt/gz_tools_vendor/lib:/opt/ros/jazzy/opt/gz_ogre_next_vendor/lib:/opt/ros/jazzy/opt/gz_dartsim_vendor/lib:/opt/ros/jazzy/opt/gz_cmake_vendor/lib:/opt/ros/jazzy/lib PATH=/home/vvoxel/ros2_ws_mgr/install/apriltag/bin:/home/vvoxel/ros2_ws_mgr/install/g2o/bin:/opt/ros/jazzy/opt/gz_msgs_vendor/bin:/opt/ros/jazzy/opt/gz_tools_vendor/bin:/opt/ros/jazzy/opt/gz_ogre_next_vendor/bin:/opt/ros/jazzy/bin:/home/vvoxel/.local/bin:/usr/local/sbin:/usr/local/bin:/usr/sbin:/usr/bin:/sbin:/bin:/usr/games:/usr/local/games:/snap/bin:/snap/bin PKG_CONFIG_PATH=/home/vvoxel/ros2_ws_mgr/install/apriltag/lib/x86_64-linux-gnu/pkgconfig:/home/vvoxel/ros2_ws_mgr/install/apriltag/lib/pkgconfig:/home/vvoxel/ros2_ws_mgr/install/slam/lib/x86_64-linux-gnu/pkgconfig:/home/vvoxel/ros2_ws_mgr/install/slam/lib/pkgconfig PYTHONPATH=/home/vvoxel/ros2_ws_mgr/install/apriltag_msgs/lib/python3.12/site-packages:/home/vvoxel/ros2_ws_mgr/install/apriltag/lib/python3.12/site-packages:/home/vvoxel/ros2_ws_mgr/build/sim_launcher:/home/vvoxel/ros2_ws_mgr/install/sim_launcher/lib/python3.12/site-packages:/home/vvoxel/ros2_ws_mgr/install/ros_gz_sim/lib/python3.12/site-packages:/home/vvoxel/ros2_ws_mgr/install/ros_gz_bridge/lib/python3.12/site-packages:/home/vvoxel/ros2_ws_mgr/install/ros_gz_interfaces/lib/python3.12/site-packages:/home/vvoxel/ros2_ws_mgr/install/realsense2_camera_msgs/lib/python3.12/site-packages:/home/vvoxel/ros2_ws_mgr/install/mtracker/lib/python3.12/site-packages:/opt/ros/jazzy/lib/python3.12/site-packages /usr/bin/cmake --build /home/vvoxel/ros2_ws_mgr/build/slam -- -j8 -l8
[0.178s] [ 50%] [32mBuilding CXX object CMakeFiles/slam_node.dir/src/slam_node.cpp.o[0m
[5.185s] [01m[K/home/vvoxel/ros2_ws_mgr/src/slam/src/src/slam_node.cpp:44:19:[m[K [01;31m[Kerror: [m[K‘[01m[Ktf2_ros[m[K’ was not declared in this scope; did you mean ‘[01m[Ktf2Cos[m[K’?
[5.185s]    44 |   std::shared_ptr<[01;31m[Ktf2_ros[m[K::Buffer> tf_buffer_;
[5.185s]       |                   [01;31m[K^~~~~~~[m[K
[5.185s]       |                   [32m[Ktf2Cos[m[K
[5.185s] [01m[K/home/vvoxel/ros2_ws_mgr/src/slam/src/src/slam_node.cpp:44:34:[m[K [01;31m[Kerror: [m[Ktemplate argument 1 is invalid
[5.185s]    44 |   std::shared_ptr<tf2_ros::Buffer[01;31m[K>[m[K tf_buffer_;
[5.186s]       |                                  [01;31m[K^[m[K
[5.197s] [01m[K/home/vvoxel/ros2_ws_mgr/src/slam/src/src/slam_node.cpp:45:19:[m[K [01;31m[Kerror: [m[K‘[01m[Ktf2_ros[m[K’ was not declared in this scope; did you mean ‘[01m[Ktf2Cos[m[K’?
[5.197s]    45 |   std::shared_ptr<[01;31m[Ktf2_ros[m[K::TransformListener> tf_listener_;
[5.197s]       |                   [01;31m[K^~~~~~~[m[K
[5.198s]       |                   [32m[Ktf2Cos[m[K
[5.198s] [01m[K/home/vvoxel/ros2_ws_mgr/src/slam/src/src/slam_node.cpp:45:45:[m[K [01;31m[Kerror: [m[Ktemplate argument 1 is invalid
[5.198s]    45 |   std::shared_ptr<tf2_ros::TransformListener[01;31m[K>[m[K tf_listener_;
[5.198s]       |                                             [01;31m[K^[m[K
[5.229s] [01m[K/home/vvoxel/ros2_ws_mgr/src/slam/src/src/slam_node.cpp:[m[K In constructor ‘[01m[KSlamNode::[01;32m[KSlamNode[m[K()[m[K’:
[5.230s] [01m[K/home/vvoxel/ros2_ws_mgr/src/slam/src/src/slam_node.cpp:27:35:[m[K [01;31m[Kerror: [m[K‘[01m[Ktf2_ros[m[K’ was not declared in this scope; did you mean ‘[01m[Ktf2Cos[m[K’?
[5.230s]    27 |     tf_buffer_ = std::make_shared<[01;31m[Ktf2_ros[m[K::Buffer>(this->get_clock());
[5.230s]       |                                   [01;31m[K^~~~~~~[m[K
[5.230s]       |                                   [32m[Ktf2Cos[m[K
[5.231s] [01m[K/home/vvoxel/ros2_ws_mgr/src/slam/src/src/slam_node.cpp:27:23:[m[K [01;31m[Kerror: [m[Kparse error in template argument list
[5.231s]    27 |     tf_buffer_ = std::[01;31m[Kmake_shared<tf2_ros::Buffer>[m[K(this->get_clock());
[5.231s]       |                       [01;31m[K^~~~~~~~~~~~~~~~~~~~~~~~~~~~[m[K
[5.231s] [01m[K/home/vvoxel/ros2_ws_mgr/src/slam/src/src/slam_node.cpp:27:51:[m[K [01;31m[Kerror: [m[Kno matching function for call to ‘[01m[Kmake_shared<<expression error> >(rclcpp::Clock::SharedPtr)[m[K’
[5.232s]    27 |     tf_buffer_ = [01;31m[Kstd::make_shared<tf2_ros::Buffer>(this->get_clock())[m[K;
[5.232s]       |                  [01;31m[K~~~~~~~~~~~~~~~~~~~~~~~~~~~~~~~~~^~~~~~~~~~~~~~~~~~~[m[K
[5.232s] In file included from [01m[K/usr/include/c++/13/memory:80[m[K,
[5.232s]                  from [01m[K/opt/ros/jazzy/include/rclcpp/rclcpp/rclcpp.hpp:169[m[K,
[5.232s]                  from [01m[K/home/vvoxel/ros2_ws_mgr/src/slam/src/src/slam_node.cpp:1[m[K:
[5.233s] [01m[K/usr/include/c++/13/bits/shared_ptr.h:1005:5:[m[K [01;36m[Knote: [m[Kcandidate: ‘[01m[Ktemplate<class _Tp, class ... _Args> std::shared_ptr<typename std::enable_if<(! std::is_array< <template-parameter-1-1> >::value), _Tp>::type> std::[01;32m[Kmake_shared[m[K(_Args&& ...)[m[K’
[5.233s]  1005 |     [01;36m[Kmake_shared[m[K(_Args&&... __args)
[5.233s]       |     [01;36m[K^~~~~~~~~~~[m[K
[5.233s] [01m[K/usr/include/c++/13/bits/shared_ptr.h:1005:5:[m[K [01;36m[Knote: [m[K  template argument deduction/substitution failed:
[5.233s] [01m[K/home/vvoxel/ros2_ws_mgr/src/slam/src/src/slam_node.cpp:27:51:[m[K [01;31m[Kerror: [m[Ktemplate argument 1 is invalid
[5.234s]    27 |     tf_buffer_ = [01;31m[Kstd::make_shared<tf2_ros::Buffer>(this->get_clock())[m[K;
[5.234s]       |                  [01;31m[K~~~~~~~~~~~~~~~~~~~~~~~~~~~~~~~~~^~~~~~~~~~~~~~~~~~~[m[K
[5.234s] [01m[K/home/vvoxel/ros2_ws_mgr/src/slam/src/src/slam_node.cpp:28:25:[m[K [01;31m[Kerror: [m[Kparse error in template argument list
[5.234s]    28 |     tf_listener_ = std::[01;31m[Kmake_shared<tf2_ros::TransformListener>[m[K(*tf_buffer_);
[5.234s]       |                         [01;31m[K^~~~~~~~~~~~~~~~~~~~~~~~~~~~~~~~~~~~~~~[m[K
[5.234s] [01m[K/home/vvoxel/ros2_ws_mgr/src/slam/src/src/slam_node.cpp:28:65:[m[K [01;31m[Kerror: [m[Kinvalid type argument of unary ‘[01m[K*[m[K’ (have ‘[01m[Kint[m[K’)
[5.234s]    28 |     tf_listener_ = std::make_shared<tf2_ros::TransformListener>([01;31m[K*tf_buffer_[m[K);
[5.234s]       |                                                                 [01;31m[K^~~~~~~~~~~[m[K
[5.241s] [01m[K/home/vvoxel/ros2_ws_mgr/src/slam/src/src/slam_node.cpp:[m[K In member function ‘[01m[Kvoid SlamNode::[01;32m[KtagCallback[m[K(apriltag_msgs::msg::AprilTagDetectionArray_<std::allocator<void> >::SharedPtr)[m[K’:
[5.242s] [01m[K/home/vvoxel/ros2_ws_mgr/src/slam/src/src/slam_node.cpp:83:51:[m[K [01;31m[Kerror: [m[Krequest for member ‘[01m[Ksize[m[K’ in ‘[01m[K((const std::__shared_ptr_access<apriltag_msgs::msg::AprilTagDetectionArray_<std::allocator<void> >, __gnu_cxx::_S_atomic, false, false>*)(& msg))->std::__shared_ptr_access<apriltag_msgs::msg::AprilTagDetectionArray_<std::allocator<void> >, __gnu_cxx::_S_atomic, false, false>::operator->()->apriltag_msgs::msg::AprilTagDetectionArray_<std::allocator<void> >::detections.std::vector<apriltag_msgs::msg::AprilTagDetection_<std::allocator<void> >, std::allocator<apriltag_msgs::msg::AprilTagDetection_<std::allocator<void> > > >::operator[](((std::vector<apriltag_msgs::msg::AprilTagDetection_<std::allocator<void> >, std::allocator<apriltag_msgs::msg::AprilTagDetection_<std::allocator<void> > > >::size_type)i)).apriltag_msgs::msg::AprilTagDetection_<std::allocator<void> >::id[m[K’, which is of non-class type ‘[01m[Kapriltag_msgs::msg::AprilTagDetection_<std::allocator<void> >::_id_type[m[K’ {aka ‘[01m[Kint[m[K’}
[5.242s]    83 |         for (int j = 0; j < msg->detections[i].id.[01;31m[Ksize[m[K(); j++) {
[5.242s]       |                                                   [01;31m[K^~~~[m[K
[5.242s] [01m[K/home/vvoxel/ros2_ws_mgr/src/slam/src/src/slam_node.cpp:84:49:[m[K [01;31m[Kerror: [m[Kinvalid types ‘[01m[Kapriltag_msgs::msg::AprilTagDetection_<std::allocator<void> >::_id_type {aka int}[int][m[K’ for array subscript
[5.242s]    84 |           int new_tag_id = msg->detections[i].id[01;31m[K[[m[Kj];
[5.242s]       |                                                 [01;31m[K^[m[K
[5.243s] [01m[K/home/vvoxel/ros2_ws_mgr/src/slam/src/src/slam_node.cpp:87:64:[m[K [01;31m[Kerror: [m[K‘[01m[K__gnu_cxx::__alloc_traits<std::allocator<apriltag_msgs::msg::AprilTagDetection_<std::allocator<void> > >, apriltag_msgs::msg::AprilTagDetection_<std::allocator<void> > >::value_type[m[K’ {aka ‘[01m[Kstruct apriltag_msgs::msg::AprilTagDetection_<std::allocator<void> >[m[K’} has no member named ‘[01m[Kpose[m[K’
[5.243s]    87 |           tf2::Vector3 point = tf2::Vector3(msg->detections[i].[01;31m[Kpose[m[K.pose.pose.position.x,
[5.243s]       |                                                                [01;31m[K^~~~[m[K
[5.243s] [01m[K/home/vvoxel/ros2_ws_mgr/src/slam/src/src/slam_node.cpp:88:64:[m[K [01;31m[Kerror: [m[K‘[01m[K__gnu_cxx::__alloc_traits<std::allocator<apriltag_msgs::msg::AprilTagDetection_<std::allocator<void> > >, apriltag_msgs::msg::AprilTagDetection_<std::allocator<void> > >::value_type[m[K’ {aka ‘[01m[Kstruct apriltag_msgs::msg::AprilTagDetection_<std::allocator<void> >[m[K’} has no member named ‘[01m[Kpose[m[K’
[5.243s]    88 |                                             msg->detections[i].[01;31m[Kpose[m[K.pose.pose.position.y,
[5.243s]       |                                                                [01;31m[K^~~~[m[K
[5.243s] [01m[K/home/vvoxel/ros2_ws_mgr/src/slam/src/src/slam_node.cpp:89:64:[m[K [01;31m[Kerror: [m[K‘[01m[K__gnu_cxx::__alloc_traits<std::allocator<apriltag_msgs::msg::AprilTagDetection_<std::allocator<void> > >, apriltag_msgs::msg::AprilTagDetection_<std::allocator<void> > >::value_type[m[K’ {aka ‘[01m[Kstruct apriltag_msgs::msg::AprilTagDetection_<std::allocator<void> >[m[K’} has no member named ‘[01m[Kpose[m[K’
[5.244s]    89 |                                             msg->detections[i].[01;31m[Kpose[m[K.pose.pose.position.z);
[5.244s]       |                                                                [01;31m[K^~~~[m[K
[5.255s] [01m[K/home/vvoxel/ros2_ws_mgr/src/slam/src/src/slam_node.cpp:92:15:[m[K [01;31m[Kerror: [m[K‘[01m[Ktags_[m[K’ was not declared in this scope; did you mean ‘[01m[Ktag_sub_[m[K’?
[5.255s]    92 |           if ([01;31m[Ktags_[m[K.count(new_tag_id) == 0) {
[5.256s]       |               [01;31m[K^~~~~[m[K
[5.257s]       |               [32m[Ktag_sub_[m[K
[5.257s] [01m[K/home/vvoxel/ros2_ws_mgr/src/slam/src/src/slam_node.cpp:95:81:[m[K [01;31m[Kerror: [m[Kbase operand of ‘[01m[K->[m[K’ is not a pointer
[5.257s]    95 |               geometry_msgs::msg::TransformStamped transformStamped = tf_buffer_[01;31m[K->[m[KlookupTransform(
[5.257s]       |                                                                                 [01;31m[K^~[m[K
[5.257s] [01m[K/home/vvoxel/ros2_ws_mgr/src/slam/src/src/slam_node.cpp:96:78:[m[K [01;31m[Kerror: [m[Kno matching function for call to ‘[01m[Krclcpp::Duration::Duration(double)[m[K’
[5.257s]    96 |                 "odom", "fisheye_rect", rclcpp::Time(0), rclcpp::Duration(3.0[01;31m[K)[m[K);
[5.258s]       |                                                                              [01;31m[K^[m[K
[5.258s] In file included from [01m[K/opt/ros/jazzy/include/rclcpp/rclcpp/time.hpp:24[m[K,
[5.258s]                  from [01m[K/opt/ros/jazzy/include/rclcpp/rclcpp/clock.hpp:24[m[K,
[5.258s]                  from [01m[K/opt/ros/jazzy/include/rclcpp/rclcpp/client.hpp:38[m[K,
[5.258s]                  from [01m[K/opt/ros/jazzy/include/rclcpp/rclcpp/callback_group.hpp:24[m[K,
[5.259s]                  from [01m[K/opt/ros/jazzy/include/rclcpp/rclcpp/any_executable.hpp:20[m[K,
[5.259s]                  from [01m[K/opt/ros/jazzy/include/rclcpp/rclcpp/memory_strategy.hpp:25[m[K,
[5.259s]                  from [01m[K/opt/ros/jazzy/include/rclcpp/rclcpp/memory_strategies.hpp:18[m[K,
[5.259s]                  from [01m[K/opt/ros/jazzy/include/rclcpp/rclcpp/executor_options.hpp:22[m[K,
[5.259s]                  from [01m[K/opt/ros/jazzy/include/rclcpp/rclcpp/executor.hpp:38[m[K,
[5.259s]                  from [01m[K/opt/ros/jazzy/include/rclcpp/rclcpp/executors/multi_threaded_executor.hpp:25[m[K,
[5.259s]                  from [01m[K/opt/ros/jazzy/include/rclcpp/rclcpp/executors.hpp:21[m[K,
[5.259s]                  from [01m[K/opt/ros/jazzy/include/rclcpp/rclcpp/rclcpp.hpp:172[m[K:
[5.260s] [01m[K/opt/ros/jazzy/include/rclcpp/rclcpp/duration.hpp:49:3:[m[K [01;36m[Knote: [m[Kcandidate: ‘[01m[Ktemplate<class Rep, class Period> rclcpp::Duration::[01;32m[KDuration[m[K(const std::chrono::duration<_Rep1, _Period1>&)[m[K’
[5.260s]    49 |   [01;36m[KDuration[m[K(const std::chrono::duration<Rep, Period> & duration)  // NOLINT(runtime/explicit)
[5.260s]       |   [01;36m[K^~~~~~~~[m[K
[5.260s] [01m[K/opt/ros/jazzy/include/rclcpp/rclcpp/duration.hpp:49:3:[m[K [01;36m[Knote: [m[K  template argument deduction/substitution failed:
[5.260s] [01m[K/home/vvoxel/ros2_ws_mgr/src/slam/src/src/slam_node.cpp:96:78:[m[K [01;36m[Knote: [m[K  mismatched types ‘[01m[Kconst std::chrono::duration<_Rep1, _Period1>[m[K’ and ‘[01m[Kdouble[m[K’
[5.260s]    96 |                 "odom", "fisheye_rect", rclcpp::Time(0), rclcpp::Duration(3.0[01;36m[K)[m[K);
[5.260s]       |                                                                              [01;36m[K^[m[K
[5.260s] [01m[K/opt/ros/jazzy/include/rclcpp/rclcpp/duration.hpp:159:3:[m[K [01;36m[Knote: [m[Kcandidate: ‘[01m[Krclcpp::Duration::[01;32m[KDuration[m[K()[m[K’
[5.261s]   159 |   [01;36m[KDuration[m[K() = default;
[5.261s]       |   [01;36m[K^~~~~~~~[m[K
[5.261s] [01m[K/opt/ros/jazzy/include/rclcpp/rclcpp/duration.hpp:159:3:[m[K [01;36m[Knote: [m[K  candidate expects 0 arguments, 1 provided
[5.261s] [01m[K/opt/ros/jazzy/include/rclcpp/rclcpp/duration.hpp:62:3:[m[K [01;36m[Knote: [m[Kcandidate: ‘[01m[Krclcpp::Duration::[01;32m[KDuration[m[K(const rclcpp::Duration&)[m[K’
[5.261s]    62 |   [01;36m[KDuration[m[K(const Duration & rhs);
[5.261s]       |   [01;36m[K^~~~~~~~[m[K
[5.261s] [01m[K/opt/ros/jazzy/include/rclcpp/rclcpp/duration.hpp:62:29:[m[K [01;36m[Knote: [m[K  no known conversion for argument 1 from ‘[01m[Kdouble[m[K’ to ‘[01m[Kconst rclcpp::Duration&[m[K’
[5.262s]    62 |   Duration([01;36m[Kconst Duration & rhs[m[K);
[5.262s]       |            [01;36m[K~~~~~~~~~~~~~~~~~^~~[m[K
[5.262s] [01m[K/opt/ros/jazzy/include/rclcpp/rclcpp/duration.hpp:60:12:[m[K [01;36m[Knote: [m[Kcandidate: ‘[01m[Krclcpp::Duration::[01;32m[KDuration[m[K(const rcl_duration_t&)[m[K’
[5.262s]    60 |   explicit [01;36m[KDuration[m[K(const rcl_duration_t & duration);
[5.262s]       |            [01;36m[K^~~~~~~~[m[K
[5.262s] [01m[K/opt/ros/jazzy/include/rclcpp/rclcpp/duration.hpp:60:44:[m[K [01;36m[Knote: [m[K  no known conversion for argument 1 from ‘[01m[Kdouble[m[K’ to ‘[01m[Kconst rcl_duration_t&[m[K’ {aka ‘[01m[Kconst rcl_duration_s&[m[K’}
[5.262s]    60 |   explicit Duration([01;36m[Kconst rcl_duration_t & duration[m[K);
[5.262s]       |                     [01;36m[K~~~~~~~~~~~~~~~~~~~~~~~^~~~~~~~[m[K
[5.263s] [01m[K/opt/ros/jazzy/include/rclcpp/rclcpp/duration.hpp:54:3:[m[K [01;36m[Knote: [m[Kcandidate: ‘[01m[Krclcpp::Duration::[01;32m[KDuration[m[K(const builtin_interfaces::msg::Duration&)[m[K’
[5.263s]    54 |   [01;36m[KDuration[m[K(const builtin_interfaces::msg::Duration & duration_msg);  // NOLINT(runtime/explicit)
[5.263s]       |   [01;36m[K^~~~~~~~[m[K
[5.263s] [01m[K/opt/ros/jazzy/include/rclcpp/rclcpp/duration.hpp:54:54:[m[K [01;36m[Knote: [m[K  no known conversion for argument 1 from ‘[01m[Kdouble[m[K’ to ‘[01m[Kconst builtin_interfaces::msg::Duration&[m[K’ {aka ‘[01m[Kconst builtin_interfaces::msg::Duration_<std::allocator<void> >&[m[K’}
[5.263s]    54 |   Duration([01;36m[Kconst builtin_interfaces::msg::Duration & duration_msg[m[K);  // NOLINT(runtime/explicit)
[5.263s]       |            [01;36m[K~~~~~~~~~~~~~~~~~~~~~~~~~~~~~~~~~~~~~~~~~~^~~~~~~~~~~~[m[K
[5.263s] [01m[K/opt/ros/jazzy/include/rclcpp/rclcpp/duration.hpp:43:12:[m[K [01;36m[Knote: [m[Kcandidate: ‘[01m[Krclcpp::Duration::[01;32m[KDuration[m[K(std::chrono::nanoseconds)[m[K’
[5.263s]    43 |   explicit [01;36m[KDuration[m[K(std::chrono::nanoseconds nanoseconds);
[5.264s]       |            [01;36m[K^~~~~~~~[m[K
[5.264s] [01m[K/opt/ros/jazzy/include/rclcpp/rclcpp/duration.hpp:43:46:[m[K [01;36m[Knote: [m[K  no known conversion for argument 1 from ‘[01m[Kdouble[m[K’ to ‘[01m[Kstd::chrono::nanoseconds[m[K’ {aka ‘[01m[Kstd::chrono::duration<long int, std::ratio<1, 1000000000> >[m[K’}
[5.264s]    43 |   explicit Duration([01;36m[Kstd::chrono::nanoseconds nanoseconds[m[K);
[5.264s]       |                     [01;36m[K~~~~~~~~~~~~~~~~~~~~~~~~~^~~~~~~~~~~[m[K
[5.264s] [01m[K/opt/ros/jazzy/include/rclcpp/rclcpp/duration.hpp:40:3:[m[K [01;36m[Knote: [m[Kcandidate: ‘[01m[Krclcpp::Duration::[01;32m[KDuration[m[K(int32_t, uint32_t)[m[K’
[5.264s]    40 |   [01;36m[KDuration[m[K(int32_t seconds, uint32_t nanoseconds);
[5.264s]       |   [01;36m[K^~~~~~~~[m[K
[5.264s] [01m[K/opt/ros/jazzy/include/rclcpp/rclcpp/duration.hpp:40:3:[m[K [01;36m[Knote: [m[K  candidate expects 2 arguments, 1 provided
[5.265s] [01m[K/home/vvoxel/ros2_ws_mgr/src/slam/src/src/slam_node.cpp:105:20:[m[K [01;31m[Kerror: [m[K‘[01m[KTransform[m[K’ is not a member of ‘[01m[Ktf2[m[K’; did you mean ‘[01m[Kgeometry_msgs::msg::Transform[m[K’?
[5.265s]   105 |               tf2::[01;31m[KTransform[m[K transf_camera2odom(R, t);
[5.265s]       |                    [01;31m[K^~~~~~~~~[m[K
[5.265s] In file included from [01m[K/opt/ros/jazzy/include/geometry_msgs/geometry_msgs/msg/detail/transform_stamped__struct.hpp:25[m[K,
[5.265s]                  from [01m[K/opt/ros/jazzy/include/geometry_msgs/geometry_msgs/msg/transform_stamped.hpp:7[m[K,
[5.265s]                  from [01m[K/home/vvoxel/ros2_ws_mgr/src/slam/src/src/slam_node.cpp:2[m[K:
[5.265s] [01m[K/opt/ros/jazzy/include/geometry_msgs/geometry_msgs/msg/detail/transform__struct.hpp:138:7:[m[K [01;36m[Knote: [m[K‘[01m[Kgeometry_msgs::msg::Transform[m[K’ declared here
[5.265s]   138 | using [01;36m[KTransform[m[K =
[5.266s]       |       [01;36m[K^~~~~~~~~[m[K
[5.282s] [01m[K/home/vvoxel/ros2_ws_mgr/src/slam/src/src/slam_node.cpp:108:37:[m[K [01;31m[Kerror: [m[K‘[01m[Ktransf_camera2odom[m[K’ was not declared in this scope
[5.282s]   108 |               tf2::Vector3 pointw = [01;31m[Ktransf_camera2odom[m[K * point;
[5.282s]       |                                     [01;31m[K^~~~~~~~~~~~~~~~~~[m[K
[5.283s] [01m[K/home/vvoxel/ros2_ws_mgr/src/slam/src/src/slam_node.cpp:115:50:[m[K [01;31m[Kerror: [m[Kexpected unqualified-id before ‘[01m[K&[m[K’ token
[5.283s]   115 |             catch (const tf2::TransformException [01;31m[K&[m[Kex) {
[5.283s]       |                                                  [01;31m[K^[m[K
[5.283s] [01m[K/home/vvoxel/ros2_ws_mgr/src/slam/src/src/slam_node.cpp:115:50:[m[K [01;31m[Kerror: [m[Kexpected ‘[01m[K)[m[K’ before ‘[01m[K&[m[K’ token
[5.284s] [01m[K/home/vvoxel/ros2_ws_mgr/src/slam/src/src/slam_node.cpp:115:19:[m[K [01;36m[Knote: [m[Kto match this ‘[01m[K([m[K’
[5.284s]   115 |             catch [01;36m[K([m[Kconst tf2::TransformException &ex) {
[5.284s]       |                   [01;36m[K^[m[K
[5.284s] [01m[K/home/vvoxel/ros2_ws_mgr/src/slam/src/src/slam_node.cpp:115:50:[m[K [01;31m[Kerror: [m[Kexpected ‘[01m[K{[m[K’ before ‘[01m[K&[m[K’ token
[5.284s]   115 |             catch (const tf2::TransformException [01;31m[K&[m[Kex) {
[5.284s]       |                                                  [01;31m[K^[m[K
[5.294s] [01m[K/home/vvoxel/ros2_ws_mgr/src/slam/src/src/slam_node.cpp:115:51:[m[K [01;31m[Kerror: [m[K‘[01m[Kex[m[K’ was not declared in this scope; did you mean ‘[01m[Kexp[m[K’?
[5.294s]   115 |             catch (const tf2::TransformException &[01;31m[Kex[m[K) {
[5.294s]       |                                                   [01;31m[K^~[m[K
[5.295s]       |                                                   [32m[Kexp[m[K
[5.296s] [01m[K/home/vvoxel/ros2_ws_mgr/src/slam/src/src/slam_node.cpp:129:16:[m[K [01;31m[Kerror: [m[K‘[01m[KTransform[m[K’ is not a member of ‘[01m[Ktf2[m[K’; did you mean ‘[01m[Kgeometry_msgs::msg::Transform[m[K’?
[5.296s]   129 |           tf2::[01;31m[KTransform[m[K transf_current2old(quat, vec);
[5.296s]       |                [01;31m[K^~~~~~~~~[m[K
[5.296s] [01m[K/opt/ros/jazzy/include/geometry_msgs/geometry_msgs/msg/detail/transform__struct.hpp:138:7:[m[K [01;36m[Knote: [m[K‘[01m[Kgeometry_msgs::msg::Transform[m[K’ declared here
[5.296s]   138 | using [01;36m[KTransform[m[K =
[5.296s]       |       [01;36m[K^~~~~~~~~[m[K
[5.319s] [01m[K/home/vvoxel/ros2_ws_mgr/src/slam/src/src/slam_node.cpp:131:33:[m[K [01;31m[Kerror: [m[K‘[01m[Ktransf_current2old[m[K’ was not declared in this scope
[5.319s]   131 |           tf2::Vector3 pointr = [01;31m[Ktransf_current2old[m[K * point;
[5.319s]       |                                 [01;31m[K^~~~~~~~~~~~~~~~~~[m[K
[6.558s] In file included from [01m[K/opt/ros/jazzy/include/rclcpp/rclcpp/subscription_base.hpp:32[m[K,
[6.559s]                  from [01m[K/opt/ros/jazzy/include/rclcpp/rclcpp/callback_group.hpp:29[m[K:
[6.559s] /opt/ros/jazzy/include/rclcpp/rclcpp/any_subscription_callback.hpp: In instantiation of ‘[01m[Krclcpp::AnySubscriptionCallback<MessageT, AllocatorT> rclcpp::AnySubscriptionCallback<MessageT, AllocatorT>::[01;32m[Kset[m[K(CallbackT) [35m[K[with CallbackT = std::_Bind<void (SlamNode::*(SlamNode*, std::_Placeholder<1>))(std::shared_ptr<nav_msgs::msg::Odometry_<std::allocator<void> > >)>; MessageT = apriltag_msgs::msg::AprilTagDetectionArray_<std::allocator<void> >; AllocatorT = std::allocator<void>][m[K[m[K’:
[6.560s] [01m[K/opt/ros/jazzy/include/rclcpp/rclcpp/subscription_factory.hpp:93:32:[m[K   required from ‘[01m[Krclcpp::SubscriptionFactory rclcpp::[01;32m[Kcreate_subscription_factory[m[K(CallbackT&&, const SubscriptionOptionsWithAllocator<AllocatorT>&, typename MessageMemoryStrategyT::SharedPtr, std::shared_ptr<topic_statistics::SubscriptionTopicStatistics>) [35m[K[with MessageT = apriltag_msgs::msg::AprilTagDetectionArray_<std::allocator<void> >; CallbackT = std::_Bind<void (SlamNode::*(SlamNode*, std::_Placeholder<1>))(std::shared_ptr<nav_msgs::msg::Odometry_<std::allocator<void> > >)>; AllocatorT = std::allocator<void>; SubscriptionT = Subscription<apriltag_msgs::msg::AprilTagDetectionArray_<std::allocator<void> > >; MessageMemoryStrategyT = message_memory_strategy::MessageMemoryStrategy<apriltag_msgs::msg::AprilTagDetectionArray_<std::allocator<void> >, std::allocator<void> >; typename MessageMemoryStrategyT::SharedPtr = std::shared_ptr<message_memory_strategy::MessageMemoryStrategy<apriltag_msgs::msg::AprilTagDetectionArray_<std::allocator<void> >, std::allocator<void> > >][m[K[m[K’
[6.560s] [01m[K/opt/ros/jazzy/include/rclcpp/rclcpp/create_subscription.hpp:121:63:[m[K   required from ‘[01m[Kstd::shared_ptr<ROSMessageT> rclcpp::detail::[01;32m[Kcreate_subscription[m[K(NodeParametersT&, NodeTopicsT&, const std::string&, const rclcpp::QoS&, CallbackT&&, const rclcpp::SubscriptionOptionsWithAllocator<AllocatorT>&, typename MessageMemoryStrategyT::SharedPtr) [35m[K[with MessageT = apriltag_msgs::msg::AprilTagDetectionArray_<std::allocator<void> >; CallbackT = std::_Bind<void (SlamNode::*(SlamNode*, std::_Placeholder<1>))(std::shared_ptr<nav_msgs::msg::Odometry_<std::allocator<void> > >)>; AllocatorT = std::allocator<void>; SubscriptionT = rclcpp::Subscription<apriltag_msgs::msg::AprilTagDetectionArray_<std::allocator<void> > >; MessageMemoryStrategyT = rclcpp::message_memory_strategy::MessageMemoryStrategy<apriltag_msgs::msg::AprilTagDetectionArray_<std::allocator<void> >, std::allocator<void> >; NodeParametersT = rclcpp::Node; NodeTopicsT = rclcpp::Node; std::string = std::__cxx11::basic_string<char>; typename MessageMemoryStrategyT::SharedPtr = std::shared_ptr<rclcpp::message_memory_strategy::MessageMemoryStrategy<apriltag_msgs::msg::AprilTagDetectionArray_<std::allocator<void> >, std::allocator<void> > >][m[K[m[K’
[6.560s] [01m[K/opt/ros/jazzy/include/rclcpp/rclcpp/create_subscription.hpp:190:76:[m[K   required from ‘[01m[Kstd::shared_ptr<ROSMessageT> rclcpp::[01;32m[Kcreate_subscription[m[K(NodeT&, const std::string&, const QoS&, CallbackT&&, const SubscriptionOptionsWithAllocator<AllocatorT>&, typename MessageMemoryStrategyT::SharedPtr) [35m[K[with MessageT = apriltag_msgs::msg::AprilTagDetectionArray_<std::allocator<void> >; CallbackT = std::_Bind<void (SlamNode::*(SlamNode*, std::_Placeholder<1>))(std::shared_ptr<nav_msgs::msg::Odometry_<std::allocator<void> > >)>; AllocatorT = std::allocator<void>; SubscriptionT = Subscription<apriltag_msgs::msg::AprilTagDetectionArray_<std::allocator<void> > >; MessageMemoryStrategyT = message_memory_strategy::MessageMemoryStrategy<apriltag_msgs::msg::AprilTagDetectionArray_<std::allocator<void> >, std::allocator<void> >; NodeT = Node; std::string = std::__cxx11::basic_string<char>; typename MessageMemoryStrategyT::SharedPtr = std::shared_ptr<message_memory_strategy::MessageMemoryStrategy<apriltag_msgs::msg::AprilTagDetectionArray_<std::allocator<void> >, std::allocator<void> > >][m[K[m[K’
[6.560s] [01m[K/opt/ros/jazzy/include/rclcpp/rclcpp/node_impl.hpp:99:47:[m[K   required from ‘[01m[Kstd::shared_ptr<ROSMessageT> rclcpp::Node::[01;32m[Kcreate_subscription[m[K(const std::string&, const rclcpp::QoS&, CallbackT&&, const rclcpp::SubscriptionOptionsWithAllocator<AllocatorT>&, typename MessageMemoryStrategyT::SharedPtr) [35m[K[with MessageT = apriltag_msgs::msg::AprilTagDetectionArray_<std::allocator<void> >; CallbackT = std::_Bind<void (SlamNode::*(SlamNode*, std::_Placeholder<1>))(std::shared_ptr<nav_msgs::msg::Odometry_<std::allocator<void> > >)>; AllocatorT = std::allocator<void>; SubscriptionT = rclcpp::Subscription<apriltag_msgs::msg::AprilTagDetectionArray_<std::allocator<void> > >; MessageMemoryStrategyT = rclcpp::message_memory_strategy::MessageMemoryStrategy<apriltag_msgs::msg::AprilTagDetectionArray_<std::allocator<void> >, std::allocator<void> >; std::string = std::__cxx11::basic_string<char>; typename MessageMemoryStrategyT::SharedPtr = std::shared_ptr<rclcpp::message_memory_strategy::MessageMemoryStrategy<apriltag_msgs::msg::AprilTagDetectionArray_<std::allocator<void> >, std::allocator<void> > >][m[K[m[K’
[6.561s] [01m[K/home/vvoxel/ros2_ws_mgr/src/slam/src/src/slam_node.cpp:22:85:[m[K   required from here
[6.561s] [01m[K/opt/ros/jazzy/include/rclcpp/rclcpp/any_subscription_callback.hpp:396:23:[m[K [01;31m[Kerror: [m[Kno match for ‘[01m[Koperator=[m[K’ (operand types are ‘[01m[Krclcpp::detail::AnySubscriptionCallbackHelper<apriltag_msgs::msg::AprilTagDetectionArray_<std::allocator<void> >, std::allocator<void>, false, false>::variant_type[m[K’ {aka ‘[01m[Kstd::variant<std::function<void(const apriltag_msgs::msg::AprilTagDetectionArray_<std::allocator<void> >&)>, std::function<void(const apriltag_msgs::msg::AprilTagDetectionArray_<std::allocator<void> >&, const rclcpp::MessageInfo&)>, std::function<void(const rclcpp::SerializedMessage&)>, std::function<void(const rclcpp::SerializedMessage&, const rclcpp::MessageInfo&)>, std::function<void(std::unique_ptr<apriltag_msgs::msg::AprilTagDetectionArray_<std::allocator<void> >, std::default_delete<apriltag_msgs::msg::AprilTagDetectionArray_<std::allocator<void> > > >)>, std::function<void(std::unique_ptr<apriltag_msgs::msg::AprilTagDetectionArray_<std::allocator<void> >, std::default_delete<apriltag_msgs::msg::AprilTagDetectionArray_<std::allocator<void> > > >, const rclcpp::MessageInfo&)>, std::function<void(std::unique_ptr<rclcpp::SerializedMessage, std::default_delete<rclcpp::SerializedMessage> >)>, std::function<void(std::unique_ptr<rclcpp::SerializedMessage, std::default_delete<rclcpp::SerializedMessage> >, const rclcpp::MessageInfo&)>, std::function<void(std::shared_ptr<const apriltag_msgs::msg::AprilTagDetectionArray_<std::allocator<void> > >)>, std::function<void(std::shared_ptr<const apriltag_msgs::msg::AprilTagDetectionArray_<std::allocator<void> > >, const rclcpp::MessageInfo&)>, std::function<void(std::shared_ptr<const rclcpp::SerializedMessage>)>, std::function<void(std::shared_ptr<const rclcpp::SerializedMessage>, const rclcpp::MessageInfo&)>, std::function<void(const std::shared_ptr<const apriltag_msgs::msg::AprilTagDetectionArray_<std::allocator<void> > >&)>, std::function<void(const std::shared_ptr<const apriltag_msgs::msg::AprilTagDetectionArray_<std::allocator<void> > >&, const rclcpp::MessageInfo&)>, std::function<void(const std::shared_ptr<const rclcpp::SerializedMessage>&)>, std::function<void(const std::shared_ptr<const rclcpp::SerializedMessage>&, const rclcpp::MessageInfo&)>, std::function<void(std::shared_ptr<apriltag_msgs::msg::AprilTagDetectionArray_<std::allocator<void> > >)>, std::function<void(std::shared_ptr<apriltag_msgs::msg::AprilTagDetectionArray_<std::allocator<void> > >, const rclcpp::MessageInfo&)>, std::function<void(std::shared_ptr<rclcpp::SerializedMessage>)>, std::function<void(std::shared_ptr<rclcpp::SerializedMessage>, const rclcpp::MessageInfo&)> >[m[K’} and ‘[01m[Krclcpp::detail::SubscriptionCallbackTypeHelper<apriltag_msgs::msg::AprilTagDetectionArray_<std::allocator<void> >, std::_Bind<void (SlamNode::*(SlamNode*, std::_Placeholder<1>))(std::shared_ptr<nav_msgs::msg::Odometry_<std::allocator<void> > >)>, void>::callback_type[m[K’ {aka ‘[01m[Kstd::function<void(std::shared_ptr<nav_msgs::msg::Odometry_<std::allocator<void> > >)>[m[K’})
[6.561s]   396 |     [01;31m[Kcallback_variant_ = static_cast<typename scbth::callback_type>(callback)[m[K;
[6.561s]       |     [01;31m[K~~~~~~~~~~~~~~~~~~^~~~~~~~~~~~~~~~~~~~~~~~~~~~~~~~~~~~~~~~~~~~~~~~~~~~~~[m[K
[6.561s] In file included from [01m[K/opt/ros/jazzy/include/rclcpp/rclcpp/client.hpp:29[m[K:
[6.562s] [01m[K/usr/include/c++/13/variant:1494:9:[m[K [01;36m[Knote: [m[Kcandidate: ‘[01m[Ktemplate<class _Tp> std::enable_if_t<((__exactly_once<std::variant<_Types>::__accepted_type<_Tp&&, typename std::enable_if<__not_self<_Tp&&>, void>::type> > && is_constructible_v<std::variant<_Types>::__accepted_type<_Tp&&, typename std::enable_if<__not_self<_Tp&&>, void>::type>, _Tp>) && is_assignable_v<std::variant<_Types>::__accepted_type<_Tp&&, typename std::enable_if<__not_self<_Tp&&>, void>::type>&, _Tp>), std::variant<_Types>&> std::variant<_Types>::[01;32m[Koperator=[m[K(_Tp&&) [35m[K[with _Types = {std::function<void(const apriltag_msgs::msg::AprilTagDetectionArray_<std::allocator<void> >&)>, std::function<void(const apriltag_msgs::msg::AprilTagDetectionArray_<std::allocator<void> >&, const rclcpp::MessageInfo&)>, std::function<void(const rclcpp::SerializedMessage&)>, std::function<void(const rclcpp::SerializedMessage&, const rclcpp::MessageInfo&)>, std::function<void(std::unique_ptr<apriltag_msgs::msg::AprilTagDetectionArray_<std::allocator<void> >, std::default_delete<apriltag_msgs::msg::AprilTagDetectionArray_<std::allocator<void> > > >)>, std::function<void(std::unique_ptr<apriltag_msgs::msg::AprilTagDetectionArray_<std::allocator<void> >, std::default_delete<apriltag_msgs::msg::AprilTagDetectionArray_<std::allocator<void> > > >, const rclcpp::MessageInfo&)>, std::function<void(std::unique_ptr<rclcpp::SerializedMessage, std::default_delete<rclcpp::SerializedMessage> >)>, std::function<void(std::unique_ptr<rclcpp::SerializedMessage, std::default_delete<rclcpp::SerializedMessage> >, const rclcpp::MessageInfo&)>, std::function<void(std::shared_ptr<const apriltag_msgs::msg::AprilTagDetectionArray_<std::allocator<void> > >)>, std::function<void(std::shared_ptr<const apriltag_msgs::msg::AprilTagDetectionArray_<std::allocator<void> > >, const rclcpp::MessageInfo&)>, std::function<void(std::shared_ptr<const rclcpp::SerializedMessage>)>, std::function<void(std::shared_ptr<const rclcpp::SerializedMessage>, const rclcpp::MessageInfo&)>, std::function<void(const std::shared_ptr<const apriltag_msgs::msg::AprilTagDetectionArray_<std::allocator<void> > >&)>, std::function<void(const std::shared_ptr<const apriltag_msgs::msg::AprilTagDetectionArray_<std::allocator<void> > >&, const rclcpp::MessageInfo&)>, std::function<void(const std::shared_ptr<const rclcpp::SerializedMessage>&)>, std::function<void(const std::shared_ptr<const rclcpp::SerializedMessage>&, const rclcpp::MessageInfo&)>, std::function<void(std::shared_ptr<apriltag_msgs::msg::AprilTagDetectionArray_<std::allocator<void> > >)>, std::function<void(std::shared_ptr<apriltag_msgs::msg::AprilTagDetectionArray_<std::allocator<void> > >, const rclcpp::MessageInfo&)>, std::function<void(std::shared_ptr<rclcpp::SerializedMessage>)>, std::function<void(std::shared_ptr<rclcpp::SerializedMessage>, const rclcpp::MessageInfo&)>}][m[K[m[K’
[6.562s]  1494 |         [01;36m[Koperator[m[K=(_Tp&& __rhs)
[6.562s]       |         [01;36m[K^~~~~~~~[m[K
[6.562s] [01m[K/usr/include/c++/13/variant:1494:9:[m[K [01;36m[Knote: [m[K  template argument deduction/substitution failed:
[6.562s] /usr/include/c++/13/variant: In substitution of ‘[01m[Ktemplate<class ... _Types> template<class _Tp, class> using std::variant<_Types>::__accepted_type = std::variant<_Types>::__to_type<__accepted_index<_Tp> > [35m[K[with _Tp = std::function<void(std::shared_ptr<nav_msgs::msg::Odometry_<std::allocator<void> > >)>&&; <template-parameter-2-2> = void; _Types = {std::function<void(const apriltag_msgs::msg::AprilTagDetectionArray_<std::allocator<void> >&)>, std::function<void(const apriltag_msgs::msg::AprilTagDetectionArray_<std::allocator<void> >&, const rclcpp::MessageInfo&)>, std::function<void(const rclcpp::SerializedMessage&)>, std::function<void(const rclcpp::SerializedMessage&, const rclcpp::MessageInfo&)>, std::function<void(std::unique_ptr<apriltag_msgs::msg::AprilTagDetectionArray_<std::allocator<void> >, std::default_delete<apriltag_msgs::msg::AprilTagDetectionArray_<std::allocator<void> > > >)>, std::function<void(std::unique_ptr<apriltag_msgs::msg::AprilTagDetectionArray_<std::allocator<void> >, std::default_delete<apriltag_msgs::msg::AprilTagDetectionArray_<std::allocator<void> > > >, const rclcpp::MessageInfo&)>, std::function<void(std::unique_ptr<rclcpp::SerializedMessage, std::default_delete<rclcpp::SerializedMessage> >)>, std::function<void(std::unique_ptr<rclcpp::SerializedMessage, std::default_delete<rclcpp::SerializedMessage> >, const rclcpp::MessageInfo&)>, std::function<void(std::shared_ptr<const apriltag_msgs::msg::AprilTagDetectionArray_<std::allocator<void> > >)>, std::function<void(std::shared_ptr<const apriltag_msgs::msg::AprilTagDetectionArray_<std::allocator<void> > >, const rclcpp::MessageInfo&)>, std::function<void(std::shared_ptr<const rclcpp::SerializedMessage>)>, std::function<void(std::shared_ptr<const rclcpp::SerializedMessage>, const rclcpp::MessageInfo&)>, std::function<void(const std::shared_ptr<const apriltag_msgs::msg::AprilTagDetectionArray_<std::allocator<void> > >&)>, std::function<void(const std::shared_ptr<const apriltag_msgs::msg::AprilTagDetectionArray_<std::allocator<void> > >&, const rclcpp::MessageInfo&)>, std::function<void(const std::shared_ptr<const rclcpp::SerializedMessage>&)>, std::function<void(const std::shared_ptr<const rclcpp::SerializedMessage>&, const rclcpp::MessageInfo&)>, std::function<void(std::shared_ptr<apriltag_msgs::msg::AprilTagDetectionArray_<std::allocator<void> > >)>, std::function<void(std::shared_ptr<apriltag_msgs::msg::AprilTagDetectionArray_<std::allocator<void> > >, const rclcpp::MessageInfo&)>, std::function<void(std::shared_ptr<rclcpp::SerializedMessage>)>, std::function<void(std::shared_ptr<rclcpp::SerializedMessage>, const rclcpp::MessageInfo&)>}][m[K[m[K’:
[6.563s] [01m[K/usr/include/c++/13/variant:1490:14:[m[K   required by substitution of ‘[01m[Ktemplate<class _Tp> std::enable_if_t<((__exactly_once<std::variant<std::function<void(const apriltag_msgs::msg::AprilTagDetectionArray_<std::allocator<void> >&)>, std::function<void(const apriltag_msgs::msg::AprilTagDetectionArray_<std::allocator<void> >&, const rclcpp::MessageInfo&)>, std::function<void(const rclcpp::SerializedMessage&)>, std::function<void(const rclcpp::SerializedMessage&, const rclcpp::MessageInfo&)>, std::function<void(std::unique_ptr<apriltag_msgs::msg::AprilTagDetectionArray_<std::allocator<void> >, std::default_delete<apriltag_msgs::msg::AprilTagDetectionArray_<std::allocator<void> > > >)>, std::function<void(std::unique_ptr<apriltag_msgs::msg::AprilTagDetectionArray_<std::allocator<void> >, std::default_delete<apriltag_msgs::msg::AprilTagDetectionArray_<std::allocator<void> > > >, const rclcpp::MessageInfo&)>, std::function<void(std::unique_ptr<rclcpp::SerializedMessage, std::default_delete<rclcpp::SerializedMessage> >)>, std::function<void(std::unique_ptr<rclcpp::SerializedMessage, std::default_delete<rclcpp::SerializedMessage> >, const rclcpp::MessageInfo&)>, std::function<void(std::shared_ptr<const apriltag_msgs::msg::AprilTagDetectionArray_<std::allocator<void> > >)>, std::function<void(std::shared_ptr<const apriltag_msgs::msg::AprilTagDetectionArray_<std::allocator<void> > >, const rclcpp::MessageInfo&)>, std::function<void(std::shared_ptr<const rclcpp::SerializedMessage>)>, std::function<void(std::shared_ptr<const rclcpp::SerializedMessage>, const rclcpp::MessageInfo&)>, std::function<void(const std::shared_ptr<const apriltag_msgs::msg::AprilTagDetectionArray_<std::allocator<void> > >&)>, std::function<void(const std::shared_ptr<const apriltag_msgs::msg::AprilTagDetectionArray_<std::allocator<void> > >&, const rclcpp::MessageInfo&)>, std::function<void(const std::shared_ptr<const rclcpp::SerializedMessage>&)>, std::function<void(const std::shared_ptr<const rclcpp::SerializedMessage>&, const rclcpp::MessageInfo&)>, std::function<void(std::shared_ptr<apriltag_msgs::msg::AprilTagDetectionArray_<std::allocator<void> > >)>, std::function<void(std::shared_ptr<apriltag_msgs::msg::AprilTagDetectionArray_<std::allocator<void> > >, const rclcpp::MessageInfo&)>, std::function<void(std::shared_ptr<rclcpp::SerializedMessage>)>, std::function<void(std::shared_ptr<rclcpp::SerializedMessage>, const rclcpp::MessageInfo&)> >::__accepted_type<_Tp&&, typename std::enable_if<__not_self<_Tp&&>, void>::type> > && is_constructible_v<std::variant<std::function<void(const apriltag_msgs::msg::AprilTagDetectionArray_<std::allocator<void> >&)>, std::function<void(const apriltag_msgs::msg::AprilTagDetectionArray_<std::allocator<void> >&, const rclcpp::MessageInfo&)>, std::function<void(const rclcpp::SerializedMessage&)>, std::function<void(const rclcpp::SerializedMessage&, const rclcpp::MessageInfo&)>, std::function<void(std::unique_ptr<apriltag_msgs::msg::AprilTagDetectionArray_<std::allocator<void> >, std::default_delete<apriltag_msgs::msg::AprilTagDetectionArray_<std::allocator<void> > > >)>, std::function<void(std::unique_ptr<apriltag_msgs::msg::AprilTagDetectionArray_<std::allocator<void> >, std::default_delete<apriltag_msgs::msg::AprilTagDetectionArray_<std::allocator<void> > > >, const rclcpp::MessageInfo&)>, std::function<void(std::unique_ptr<rclcpp::SerializedMessage, std::default_delete<rclcpp::SerializedMessage> >)>, std::function<void(std::unique_ptr<rclcpp::SerializedMessage, std::default_delete<rclcpp::SerializedMessage> >, const rclcpp::MessageInfo&)>, std::function<void(std::shared_ptr<const apriltag_msgs::msg::AprilTagDetectionArray_<std::allocator<void> > >)>, std::function<void(std::shared_ptr<const apriltag_msgs::msg::AprilTagDetectionArray_<std::allocator<void> > >, const rclcpp::MessageInfo&)>, std::function<void(std::shared_ptr<const rclcpp::SerializedMessage>)>, std::function<void(std::shared_ptr<const rclcpp::SerializedMessage>, const rclcpp::MessageInfo&)>, std::function<void(const std::shared_ptr<const apriltag_msgs::msg::AprilTagDetectionArray_<std::allocator<void> > >&)>, std::function<void(const std::shared_ptr<const apriltag_msgs::msg::AprilTagDetectionArray_<std::allocator<void> > >&, const rclcpp::MessageInfo&)>, std::function<void(const std::shared_ptr<const rclcpp::SerializedMessage>&)>, std::function<void(const std::shared_ptr<const rclcpp::SerializedMessage>&, const rclcpp::MessageInfo&)>, std::function<void(std::shared_ptr<apriltag_msgs::msg::AprilTagDetectionArray_<std::allocator<void> > >)>, std::function<void(std::shared_ptr<apriltag_msgs::msg::AprilTagDetectionArray_<std::allocator<void> > >, const rclcpp::MessageInfo&)>, std::function<void(std::shared_ptr<rclcpp::SerializedMessage>)>, std::function<void(std::shared_ptr<rclcpp::SerializedMessage>, const rclcpp::MessageInfo&)> >::__accepted_type<_Tp&&, typename std::enable_if<__not_self<_Tp&&>, void>::type>, _Tp>) && is_assignable_v<std::variant<std::function<void(const apriltag_msgs::msg::AprilTagDetectionArray_<std::allocator<void> >&)>, std::function<void(const apriltag_msgs::msg::AprilTagDetectionArray_<std::allocator<void> >&, const rclcpp::MessageInfo&)>, std::function<void(const rclcpp::SerializedMessage&)>, std::function<void(const rclcpp::SerializedMessage&, const rclcpp::MessageInfo&)>, std::function<void(std::unique_ptr<apriltag_msgs::msg::AprilTagDetectionArray_<std::allocator<void> >, std::default_delete<apriltag_msgs::msg::AprilTagDetectionArray_<std::allocator<void> > > >)>, std::function<void(std::unique_ptr<apriltag_msgs::msg::AprilTagDetectionArray_<std::allocator<void> >, std::default_delete<apriltag_msgs::msg::AprilTagDetectionArray_<std::allocator<void> > > >, const rclcpp::MessageInfo&)>, std::function<void(std::unique_ptr<rclcpp::SerializedMessage, std::default_delete<rclcpp::SerializedMessage> >)>, std::function<void(std::unique_ptr<rclcpp::SerializedMessage, std::default_delete<rclcpp::SerializedMessage> >, const rclcpp::MessageInfo&)>, std::function<void(std::shared_ptr<const apriltag_msgs::msg::AprilTagDetectionArray_<std::allocator<void> > >)>, std::function<void(std::shared_ptr<const apriltag_msgs::msg::AprilTagDetectionArray_<std::allocator<void> > >, const rclcpp::MessageInfo&)>, std::function<void(std::shared_ptr<const rclcpp::SerializedMessage>)>, std::function<void(std::shared_ptr<const rclcpp::SerializedMessage>, const rclcpp::MessageInfo&)>, std::function<void(const std::shared_ptr<const apriltag_msgs::msg::AprilTagDetectionArray_<std::allocator<void> > >&)>, std::function<void(const std::shared_ptr<const apriltag_msgs::msg::AprilTagDetectionArray_<std::allocator<void> > >&, const rclcpp::MessageInfo&)>, std::function<void(const std::shared_ptr<const rclcpp::SerializedMessage>&)>, std::function<void(const std::shared_ptr<const rclcpp::SerializedMessage>&, const rclcpp::MessageInfo&)>, std::function<void(std::shared_ptr<apriltag_msgs::msg::AprilTagDetectionArray_<std::allocator<void> > >)>, std::function<void(std::shared_ptr<apriltag_msgs::msg::AprilTagDetectionArray_<std::allocator<void> > >, const rclcpp::MessageInfo&)>, std::function<void(std::shared_ptr<rclcpp::SerializedMessage>)>, std::function<void(std::shared_ptr<rclcpp::SerializedMessage>, const rclcpp::MessageInfo&)> >::__accepted_type<_Tp&&, typename std::enable_if<__not_self<_Tp&&>, void>::type>&, _Tp>), std::variant<std::function<void(const apriltag_msgs::msg::AprilTagDetectionArray_<std::allocator<void> >&)>, std::function<void(const apriltag_msgs::msg::AprilTagDetectionArray_<std::allocator<void> >&, const rclcpp::MessageInfo&)>, std::function<void(const rclcpp::SerializedMessage&)>, std::function<void(const rclcpp::SerializedMessage&, const rclcpp::MessageInfo&)>, std::function<void(std::unique_ptr<apriltag_msgs::msg::AprilTagDetectionArray_<std::allocator<void> >, std::default_delete<apriltag_msgs::msg::AprilTagDetectionArray_<std::allocator<void> > > >)>, std::function<void(std::unique_ptr<apriltag_msgs::msg::AprilTagDetectionArray_<std::allocator<void> >, std::default_delete<apriltag_msgs::msg::AprilTagDetectionArray_<std::allocator<void> > > >, const rclcpp::MessageInfo&)>, std::function<void(std::unique_ptr<rclcpp::SerializedMessage, std::default_delete<rclcpp::SerializedMessage> >)>, std::function<void(std::unique_ptr<rclcpp::SerializedMessage, std::default_delete<rclcpp::SerializedMessage> >, const rclcpp::MessageInfo&)>, std::function<void(std::shared_ptr<const apriltag_msgs::msg::AprilTagDetectionArray_<std::allocator<void> > >)>, std::function<void(std::shared_ptr<const apriltag_msgs::msg::AprilTagDetectionArray_<std::allocator<void> > >, const rclcpp::MessageInfo&)>, std::function<void(std::shared_ptr<const rclcpp::SerializedMessage>)>, std::function<void(std::shared_ptr<const rclcpp::SerializedMessage>, const rclcpp::MessageInfo&)>, std::function<void(const std::shared_ptr<const apriltag_msgs::msg::AprilTagDetectionArray_<std::allocator<void> > >&)>, std::function<void(const std::shared_ptr<const apriltag_msgs::msg::AprilTagDetectionArray_<std::allocator<void> > >&, const rclcpp::MessageInfo&)>, std::function<void(const std::shared_ptr<const rclcpp::SerializedMessage>&)>, std::function<void(const std::shared_ptr<const rclcpp::SerializedMessage>&, const rclcpp::MessageInfo&)>, std::function<void(std::shared_ptr<apriltag_msgs::msg::AprilTagDetectionArray_<std::allocator<void> > >)>, std::function<void(std::shared_ptr<apriltag_msgs::msg::AprilTagDetectionArray_<std::allocator<void> > >, const rclcpp::MessageInfo&)>, std::function<void(std::shared_ptr<rclcpp::SerializedMessage>)>, std::function<void(std::shared_ptr<rclcpp::SerializedMessage>, const rclcpp::MessageInfo&)> >&> std::variant<std::function<void(const apriltag_msgs::msg::AprilTagDetectionArray_<std::allocator<void> >&)>, std::function<void(const apriltag_msgs::msg::AprilTagDetectionArray_<std::allocator<void> >&, const rclcpp::MessageInfo&)>, std::function<void(const rclcpp::SerializedMessage&)>, std::function<void(const rclcpp::SerializedMessage&, const rclcpp::MessageInfo&)>, std::function<void(std::unique_ptr<apriltag_msgs::msg::AprilTagDetectionArray_<std::allocator<void> >, std::default_delete<apriltag_msgs::msg::AprilTagDetectionArray_<std::allocator<void> > > >)>, std::function<void(std::unique_ptr<apriltag_msgs::msg::AprilTagDetectionArray_<std::allocator<void> >, std::default_delete<apriltag_msgs::msg::AprilTagDetectionArray_<std::allocator<void> > > >, const rclcpp::MessageInfo&)>, std::function<void(std::unique_ptr<rclcpp::SerializedMessage, std::default_delete<rclcpp::SerializedMessage> >)>, std::function<void(std::unique_ptr<rclcpp::SerializedMessage, std::default_delete<rclcpp::SerializedMessage> >, const rclcpp::MessageInfo&)>, std::function<void(std::shared_ptr<const apriltag_msgs::msg::AprilTagDetectionArray_<std::allocator<void> > >)>, std::function<void(std::shared_ptr<const apriltag_msgs::msg::AprilTagDetectionArray_<std::allocator<void> > >, const rclcpp::MessageInfo&)>, std::function<void(std::shared_ptr<const rclcpp::SerializedMessage>)>, std::function<void(std::shared_ptr<const rclcpp::SerializedMessage>, const rclcpp::MessageInfo&)>, std::function<void(const std::shared_ptr<const apriltag_msgs::msg::AprilTagDetectionArray_<std::allocator<void> > >&)>, std::function<void(const std::shared_ptr<const apriltag_msgs::msg::AprilTagDetectionArray_<std::allocator<void> > >&, const rclcpp::MessageInfo&)>, std::function<void(const std::shared_ptr<const rclcpp::SerializedMessage>&)>, std::function<void(const std::shared_ptr<const rclcpp::SerializedMessage>&, const rclcpp::MessageInfo&)>, std::function<void(std::shared_ptr<apriltag_msgs::msg::AprilTagDetectionArray_<std::allocator<void> > >)>, std::function<void(std::shared_ptr<apriltag_msgs::msg::AprilTagDetectionArray_<std::allocator<void> > >, const rclcpp::MessageInfo&)>, std::function<void(std::shared_ptr<rclcpp::SerializedMessage>)>, std::function<void(std::shared_ptr<rclcpp::SerializedMessage>, const rclcpp::MessageInfo&)> >::[01;32m[Koperator=[m[K(_Tp&&) [35m[K[with _Tp = std::function<void(std::shared_ptr<nav_msgs::msg::Odometry_<std::allocator<void> > >)>][m[K[m[K’
[6.563s] [01m[K/opt/ros/jazzy/include/rclcpp/rclcpp/any_subscription_callback.hpp:396:23:[m[K   required from ‘[01m[Krclcpp::AnySubscriptionCallback<MessageT, AllocatorT> rclcpp::AnySubscriptionCallback<MessageT, AllocatorT>::[01;32m[Kset[m[K(CallbackT) [35m[K[with CallbackT = std::_Bind<void (SlamNode::*(SlamNode*, std::_Placeholder<1>))(std::shared_ptr<nav_msgs::msg::Odometry_<std::allocator<void> > >)>; MessageT = apriltag_msgs::msg::AprilTagDetectionArray_<std::allocator<void> >; AllocatorT = std::allocator<void>][m[K[m[K’
[6.563s] [01m[K/opt/ros/jazzy/include/rclcpp/rclcpp/subscription_factory.hpp:93:32:[m[K   required from ‘[01m[Krclcpp::SubscriptionFactory rclcpp::[01;32m[Kcreate_subscription_factory[m[K(CallbackT&&, const SubscriptionOptionsWithAllocator<AllocatorT>&, typename MessageMemoryStrategyT::SharedPtr, std::shared_ptr<topic_statistics::SubscriptionTopicStatistics>) [35m[K[with MessageT = apriltag_msgs::msg::AprilTagDetectionArray_<std::allocator<void> >; CallbackT = std::_Bind<void (SlamNode::*(SlamNode*, std::_Placeholder<1>))(std::shared_ptr<nav_msgs::msg::Odometry_<std::allocator<void> > >)>; AllocatorT = std::allocator<void>; SubscriptionT = Subscription<apriltag_msgs::msg::AprilTagDetectionArray_<std::allocator<void> > >; MessageMemoryStrategyT = message_memory_strategy::MessageMemoryStrategy<apriltag_msgs::msg::AprilTagDetectionArray_<std::allocator<void> >, std::allocator<void> >; typename MessageMemoryStrategyT::SharedPtr = std::shared_ptr<message_memory_strategy::MessageMemoryStrategy<apriltag_msgs::msg::AprilTagDetectionArray_<std::allocator<void> >, std::allocator<void> > >][m[K[m[K’
[6.563s] [01m[K/opt/ros/jazzy/include/rclcpp/rclcpp/create_subscription.hpp:121:63:[m[K   required from ‘[01m[Kstd::shared_ptr<ROSMessageT> rclcpp::detail::[01;32m[Kcreate_subscription[m[K(NodeParametersT&, NodeTopicsT&, const std::string&, const rclcpp::QoS&, CallbackT&&, const rclcpp::SubscriptionOptionsWithAllocator<AllocatorT>&, typename MessageMemoryStrategyT::SharedPtr) [35m[K[with MessageT = apriltag_msgs::msg::AprilTagDetectionArray_<std::allocator<void> >; CallbackT = std::_Bind<void (SlamNode::*(SlamNode*, std::_Placeholder<1>))(std::shared_ptr<nav_msgs::msg::Odometry_<std::allocator<void> > >)>; AllocatorT = std::allocator<void>; SubscriptionT = rclcpp::Subscription<apriltag_msgs::msg::AprilTagDetectionArray_<std::allocator<void> > >; MessageMemoryStrategyT = rclcpp::message_memory_strategy::MessageMemoryStrategy<apriltag_msgs::msg::AprilTagDetectionArray_<std::allocator<void> >, std::allocator<void> >; NodeParametersT = rclcpp::Node; NodeTopicsT = rclcpp::Node; std::string = std::__cxx11::basic_string<char>; typename MessageMemoryStrategyT::SharedPtr = std::shared_ptr<rclcpp::message_memory_strategy::MessageMemoryStrategy<apriltag_msgs::msg::AprilTagDetectionArray_<std::allocator<void> >, std::allocator<void> > >][m[K[m[K’
[6.563s] [01m[K/opt/ros/jazzy/include/rclcpp/rclcpp/create_subscription.hpp:190:76:[m[K   required from ‘[01m[Kstd::shared_ptr<ROSMessageT> rclcpp::[01;32m[Kcreate_subscription[m[K(NodeT&, const std::string&, const QoS&, CallbackT&&, const SubscriptionOptionsWithAllocator<AllocatorT>&, typename MessageMemoryStrategyT::SharedPtr) [35m[K[with MessageT = apriltag_msgs::msg::AprilTagDetectionArray_<std::allocator<void> >; CallbackT = std::_Bind<void (SlamNode::*(SlamNode*, std::_Placeholder<1>))(std::shared_ptr<nav_msgs::msg::Odometry_<std::allocator<void> > >)>; AllocatorT = std::allocator<void>; SubscriptionT = Subscription<apriltag_msgs::msg::AprilTagDetectionArray_<std::allocator<void> > >; MessageMemoryStrategyT = message_memory_strategy::MessageMemoryStrategy<apriltag_msgs::msg::AprilTagDetectionArray_<std::allocator<void> >, std::allocator<void> >; NodeT = Node; std::string = std::__cxx11::basic_string<char>; typename MessageMemoryStrategyT::SharedPtr = std::shared_ptr<message_memory_strategy::MessageMemoryStrategy<apriltag_msgs::msg::AprilTagDetectionArray_<std::allocator<void> >, std::allocator<void> > >][m[K[m[K’
[6.563s] [01m[K/opt/ros/jazzy/include/rclcpp/rclcpp/node_impl.hpp:99:47:[m[K   required from ‘[01m[Kstd::shared_ptr<ROSMessageT> rclcpp::Node::[01;32m[Kcreate_subscription[m[K(const std::string&, const rclcpp::QoS&, CallbackT&&, const rclcpp::SubscriptionOptionsWithAllocator<AllocatorT>&, typename MessageMemoryStrategyT::SharedPtr) [35m[K[with MessageT = apriltag_msgs::msg::AprilTagDetectionArray_<std::allocator<void> >; CallbackT = std::_Bind<void (SlamNode::*(SlamNode*, std::_Placeholder<1>))(std::shared_ptr<nav_msgs::msg::Odometry_<std::allocator<void> > >)>; AllocatorT = std::allocator<void>; SubscriptionT = rclcpp::Subscription<apriltag_msgs::msg::AprilTagDetectionArray_<std::allocator<void> > >; MessageMemoryStrategyT = rclcpp::message_memory_strategy::MessageMemoryStrategy<apriltag_msgs::msg::AprilTagDetectionArray_<std::allocator<void> >, std::allocator<void> >; std::string = std::__cxx11::basic_string<char>; typename MessageMemoryStrategyT::SharedPtr = std::shared_ptr<rclcpp::message_memory_strategy::MessageMemoryStrategy<apriltag_msgs::msg::AprilTagDetectionArray_<std::allocator<void> >, std::allocator<void> > >][m[K[m[K’
[6.564s] [01m[K/home/vvoxel/ros2_ws_mgr/src/slam/src/src/slam_node.cpp:22:85:[m[K   required from here
[6.564s] [01m[K/usr/include/c++/13/variant:1407:15:[m[K [01;31m[Kerror: [m[Kno type named ‘[01m[Ktype[m[K’ in ‘[01m[Kstruct std::enable_if<false, void>[m[K’
[6.564s]  1407 |         using [01;31m[K__accepted_type[m[K = __to_type<__accepted_index<_Tp>>;
[6.564s]       |               [01;31m[K^~~~~~~~~~~~~~~[m[K
[6.564s] /opt/ros/jazzy/include/rclcpp/rclcpp/any_subscription_callback.hpp: In instantiation of ‘[01m[Krclcpp::AnySubscriptionCallback<MessageT, AllocatorT> rclcpp::AnySubscriptionCallback<MessageT, AllocatorT>::[01;32m[Kset[m[K(CallbackT) [35m[K[with CallbackT = std::_Bind<void (SlamNode::*(SlamNode*, std::_Placeholder<1>))(std::shared_ptr<nav_msgs::msg::Odometry_<std::allocator<void> > >)>; MessageT = apriltag_msgs::msg::AprilTagDetectionArray_<std::allocator<void> >; AllocatorT = std::allocator<void>][m[K[m[K’:
[6.564s] [01m[K/opt/ros/jazzy/include/rclcpp/rclcpp/subscription_factory.hpp:93:32:[m[K   required from ‘[01m[Krclcpp::SubscriptionFactory rclcpp::[01;32m[Kcreate_subscription_factory[m[K(CallbackT&&, const SubscriptionOptionsWithAllocator<AllocatorT>&, typename MessageMemoryStrategyT::SharedPtr, std::shared_ptr<topic_statistics::SubscriptionTopicStatistics>) [35m[K[with MessageT = apriltag_msgs::msg::AprilTagDetectionArray_<std::allocator<void> >; CallbackT = std::_Bind<void (SlamNode::*(SlamNode*, std::_Placeholder<1>))(std::shared_ptr<nav_msgs::msg::Odometry_<std::allocator<void> > >)>; AllocatorT = std::allocator<void>; SubscriptionT = Subscription<apriltag_msgs::msg::AprilTagDetectionArray_<std::allocator<void> > >; MessageMemoryStrategyT = message_memory_strategy::MessageMemoryStrategy<apriltag_msgs::msg::AprilTagDetectionArray_<std::allocator<void> >, std::allocator<void> >; typename MessageMemoryStrategyT::SharedPtr = std::shared_ptr<message_memory_strategy::MessageMemoryStrategy<apriltag_msgs::msg::AprilTagDetectionArray_<std::allocator<void> >, std::allocator<void> > >][m[K[m[K’
[6.564s] [01m[K/opt/ros/jazzy/include/rclcpp/rclcpp/create_subscription.hpp:121:63:[m[K   required from ‘[01m[Kstd::shared_ptr<ROSMessageT> rclcpp::detail::[01;32m[Kcreate_subscription[m[K(NodeParametersT&, NodeTopicsT&, const std::string&, const rclcpp::QoS&, CallbackT&&, const rclcpp::SubscriptionOptionsWithAllocator<AllocatorT>&, typename MessageMemoryStrategyT::SharedPtr) [35m[K[with MessageT = apriltag_msgs::msg::AprilTagDetectionArray_<std::allocator<void> >; CallbackT = std::_Bind<void (SlamNode::*(SlamNode*, std::_Placeholder<1>))(std::shared_ptr<nav_msgs::msg::Odometry_<std::allocator<void> > >)>; AllocatorT = std::allocator<void>; SubscriptionT = rclcpp::Subscription<apriltag_msgs::msg::AprilTagDetectionArray_<std::allocator<void> > >; MessageMemoryStrategyT = rclcpp::message_memory_strategy::MessageMemoryStrategy<apriltag_msgs::msg::AprilTagDetectionArray_<std::allocator<void> >, std::allocator<void> >; NodeParametersT = rclcpp::Node; NodeTopicsT = rclcpp::Node; std::string = std::__cxx11::basic_string<char>; typename MessageMemoryStrategyT::SharedPtr = std::shared_ptr<rclcpp::message_memory_strategy::MessageMemoryStrategy<apriltag_msgs::msg::AprilTagDetectionArray_<std::allocator<void> >, std::allocator<void> > >][m[K[m[K’
[6.565s] [01m[K/opt/ros/jazzy/include/rclcpp/rclcpp/create_subscription.hpp:190:76:[m[K   required from ‘[01m[Kstd::shared_ptr<ROSMessageT> rclcpp::[01;32m[Kcreate_subscription[m[K(NodeT&, const std::string&, const QoS&, CallbackT&&, const SubscriptionOptionsWithAllocator<AllocatorT>&, typename MessageMemoryStrategyT::SharedPtr) [35m[K[with MessageT = apriltag_msgs::msg::AprilTagDetectionArray_<std::allocator<void> >; CallbackT = std::_Bind<void (SlamNode::*(SlamNode*, std::_Placeholder<1>))(std::shared_ptr<nav_msgs::msg::Odometry_<std::allocator<void> > >)>; AllocatorT = std::allocator<void>; SubscriptionT = Subscription<apriltag_msgs::msg::AprilTagDetectionArray_<std::allocator<void> > >; MessageMemoryStrategyT = message_memory_strategy::MessageMemoryStrategy<apriltag_msgs::msg::AprilTagDetectionArray_<std::allocator<void> >, std::allocator<void> >; NodeT = Node; std::string = std::__cxx11::basic_string<char>; typename MessageMemoryStrategyT::SharedPtr = std::shared_ptr<message_memory_strategy::MessageMemoryStrategy<apriltag_msgs::msg::AprilTagDetectionArray_<std::allocator<void> >, std::allocator<void> > >][m[K[m[K’
[6.565s] [01m[K/opt/ros/jazzy/include/rclcpp/rclcpp/node_impl.hpp:99:47:[m[K   required from ‘[01m[Kstd::shared_ptr<ROSMessageT> rclcpp::Node::[01;32m[Kcreate_subscription[m[K(const std::string&, const rclcpp::QoS&, CallbackT&&, const rclcpp::SubscriptionOptionsWithAllocator<AllocatorT>&, typename MessageMemoryStrategyT::SharedPtr) [35m[K[with MessageT = apriltag_msgs::msg::AprilTagDetectionArray_<std::allocator<void> >; CallbackT = std::_Bind<void (SlamNode::*(SlamNode*, std::_Placeholder<1>))(std::shared_ptr<nav_msgs::msg::Odometry_<std::allocator<void> > >)>; AllocatorT = std::allocator<void>; SubscriptionT = rclcpp::Subscription<apriltag_msgs::msg::AprilTagDetectionArray_<std::allocator<void> > >; MessageMemoryStrategyT = rclcpp::message_memory_strategy::MessageMemoryStrategy<apriltag_msgs::msg::AprilTagDetectionArray_<std::allocator<void> >, std::allocator<void> >; std::string = std::__cxx11::basic_string<char>; typename MessageMemoryStrategyT::SharedPtr = std::shared_ptr<rclcpp::message_memory_strategy::MessageMemoryStrategy<apriltag_msgs::msg::AprilTagDetectionArray_<std::allocator<void> >, std::allocator<void> > >][m[K[m[K’
[6.565s] [01m[K/home/vvoxel/ros2_ws_mgr/src/slam/src/src/slam_node.cpp:22:85:[m[K   required from here
[6.565s] [01m[K/usr/include/c++/13/variant:1430:16:[m[K [01;36m[Knote: [m[Kcandidate: ‘[01m[Kstd::variant<_Types>& std::variant<_Types>::[01;32m[Koperator=[m[K(const std::variant<_Types>&) [35m[K[with _Types = {std::function<void(const apriltag_msgs::msg::AprilTagDetectionArray_<std::allocator<void> >&)>, std::function<void(const apriltag_msgs::msg::AprilTagDetectionArray_<std::allocator<void> >&, const rclcpp::MessageInfo&)>, std::function<void(const rclcpp::SerializedMessage&)>, std::function<void(const rclcpp::SerializedMessage&, const rclcpp::MessageInfo&)>, std::function<void(std::unique_ptr<apriltag_msgs::msg::AprilTagDetectionArray_<std::allocator<void> >, std::default_delete<apriltag_msgs::msg::AprilTagDetectionArray_<std::allocator<void> > > >)>, std::function<void(std::unique_ptr<apriltag_msgs::msg::AprilTagDetectionArray_<std::allocator<void> >, std::default_delete<apriltag_msgs::msg::AprilTagDetectionArray_<std::allocator<void> > > >, const rclcpp::MessageInfo&)>, std::function<void(std::unique_ptr<rclcpp::SerializedMessage, std::default_delete<rclcpp::SerializedMessage> >)>, std::function<void(std::unique_ptr<rclcpp::SerializedMessage, std::default_delete<rclcpp::SerializedMessage> >, const rclcpp::MessageInfo&)>, std::function<void(std::shared_ptr<const apriltag_msgs::msg::AprilTagDetectionArray_<std::allocator<void> > >)>, std::function<void(std::shared_ptr<const apriltag_msgs::msg::AprilTagDetectionArray_<std::allocator<void> > >, const rclcpp::MessageInfo&)>, std::function<void(std::shared_ptr<const rclcpp::SerializedMessage>)>, std::function<void(std::shared_ptr<const rclcpp::SerializedMessage>, const rclcpp::MessageInfo&)>, std::function<void(const std::shared_ptr<const apriltag_msgs::msg::AprilTagDetectionArray_<std::allocator<void> > >&)>, std::function<void(const std::shared_ptr<const apriltag_msgs::msg::AprilTagDetectionArray_<std::allocator<void> > >&, const rclcpp::MessageInfo&)>, std::function<void(const std::shared_ptr<const rclcpp::SerializedMessage>&)>, std::function<void(const std::shared_ptr<const rclcpp::SerializedMessage>&, const rclcpp::MessageInfo&)>, std::function<void(std::shared_ptr<apriltag_msgs::msg::AprilTagDetectionArray_<std::allocator<void> > >)>, std::function<void(std::shared_ptr<apriltag_msgs::msg::AprilTagDetectionArray_<std::allocator<void> > >, const rclcpp::MessageInfo&)>, std::function<void(std::shared_ptr<rclcpp::SerializedMessage>)>, std::function<void(std::shared_ptr<rclcpp::SerializedMessage>, const rclcpp::MessageInfo&)>}][m[K[m[K’
[6.565s]  1430 |       variant& [01;36m[Koperator[m[K=(const variant&) = default;
[6.565s]       |                [01;36m[K^~~~~~~~[m[K
[6.566s] [01m[K/usr/include/c++/13/variant:1430:26:[m[K [01;36m[Knote: [m[K  no known conversion for argument 1 from ‘[01m[Krclcpp::detail::SubscriptionCallbackTypeHelper<apriltag_msgs::msg::AprilTagDetectionArray_<std::allocator<void> >, std::_Bind<void (SlamNode::*(SlamNode*, std::_Placeholder<1>))(std::shared_ptr<nav_msgs::msg::Odometry_<std::allocator<void> > >)>, void>::callback_type[m[K’ {aka ‘[01m[Kstd::function<void(std::shared_ptr<nav_msgs::msg::Odometry_<std::allocator<void> > >)>[m[K’} to ‘[01m[Kconst std::variant<std::function<void(const apriltag_msgs::msg::AprilTagDetectionArray_<std::allocator<void> >&)>, std::function<void(const apriltag_msgs::msg::AprilTagDetectionArray_<std::allocator<void> >&, const rclcpp::MessageInfo&)>, std::function<void(const rclcpp::SerializedMessage&)>, std::function<void(const rclcpp::SerializedMessage&, const rclcpp::MessageInfo&)>, std::function<void(std::unique_ptr<apriltag_msgs::msg::AprilTagDetectionArray_<std::allocator<void> >, std::default_delete<apriltag_msgs::msg::AprilTagDetectionArray_<std::allocator<void> > > >)>, std::function<void(std::unique_ptr<apriltag_msgs::msg::AprilTagDetectionArray_<std::allocator<void> >, std::default_delete<apriltag_msgs::msg::AprilTagDetectionArray_<std::allocator<void> > > >, const rclcpp::MessageInfo&)>, std::function<void(std::unique_ptr<rclcpp::SerializedMessage, std::default_delete<rclcpp::SerializedMessage> >)>, std::function<void(std::unique_ptr<rclcpp::SerializedMessage, std::default_delete<rclcpp::SerializedMessage> >, const rclcpp::MessageInfo&)>, std::function<void(std::shared_ptr<const apriltag_msgs::msg::AprilTagDetectionArray_<std::allocator<void> > >)>, std::function<void(std::shared_ptr<const apriltag_msgs::msg::AprilTagDetectionArray_<std::allocator<void> > >, const rclcpp::MessageInfo&)>, std::function<void(std::shared_ptr<const rclcpp::SerializedMessage>)>, std::function<void(std::shared_ptr<const rclcpp::SerializedMessage>, const rclcpp::MessageInfo&)>, std::function<void(const std::shared_ptr<const apriltag_msgs::msg::AprilTagDetectionArray_<std::allocator<void> > >&)>, std::function<void(const std::shared_ptr<const apriltag_msgs::msg::AprilTagDetectionArray_<std::allocator<void> > >&, const rclcpp::MessageInfo&)>, std::function<void(const std::shared_ptr<const rclcpp::SerializedMessage>&)>, std::function<void(const std::shared_ptr<const rclcpp::SerializedMessage>&, const rclcpp::MessageInfo&)>, std::function<void(std::shared_ptr<apriltag_msgs::msg::AprilTagDetectionArray_<std::allocator<void> > >)>, std::function<void(std::shared_ptr<apriltag_msgs::msg::AprilTagDetectionArray_<std::allocator<void> > >, const rclcpp::MessageInfo&)>, std::function<void(std::shared_ptr<rclcpp::SerializedMessage>)>, std::function<void(std::shared_ptr<rclcpp::SerializedMessage>, const rclcpp::MessageInfo&)> >&[m[K’
[6.566s]  1430 |       variant& operator=([01;36m[Kconst variant&[m[K) = default;
[6.566s]       |                          [01;36m[K^~~~~~~~~~~~~~[m[K
[6.566s] [01m[K/usr/include/c++/13/variant:1431:16:[m[K [01;36m[Knote: [m[Kcandidate: ‘[01m[Kstd::variant<_Types>& std::variant<_Types>::[01;32m[Koperator=[m[K(std::variant<_Types>&&) [35m[K[with _Types = {std::function<void(const apriltag_msgs::msg::AprilTagDetectionArray_<std::allocator<void> >&)>, std::function<void(const apriltag_msgs::msg::AprilTagDetectionArray_<std::allocator<void> >&, const rclcpp::MessageInfo&)>, std::function<void(const rclcpp::SerializedMessage&)>, std::function<void(const rclcpp::SerializedMessage&, const rclcpp::MessageInfo&)>, std::function<void(std::unique_ptr<apriltag_msgs::msg::AprilTagDetectionArray_<std::allocator<void> >, std::default_delete<apriltag_msgs::msg::AprilTagDetectionArray_<std::allocator<void> > > >)>, std::function<void(std::unique_ptr<apriltag_msgs::msg::AprilTagDetectionArray_<std::allocator<void> >, std::default_delete<apriltag_msgs::msg::AprilTagDetectionArray_<std::allocator<void> > > >, const rclcpp::MessageInfo&)>, std::function<void(std::unique_ptr<rclcpp::SerializedMessage, std::default_delete<rclcpp::SerializedMessage> >)>, std::function<void(std::unique_ptr<rclcpp::SerializedMessage, std::default_delete<rclcpp::SerializedMessage> >, const rclcpp::MessageInfo&)>, std::function<void(std::shared_ptr<const apriltag_msgs::msg::AprilTagDetectionArray_<std::allocator<void> > >)>, std::function<void(std::shared_ptr<const apriltag_msgs::msg::AprilTagDetectionArray_<std::allocator<void> > >, const rclcpp::MessageInfo&)>, std::function<void(std::shared_ptr<const rclcpp::SerializedMessage>)>, std::function<void(std::shared_ptr<const rclcpp::SerializedMessage>, const rclcpp::MessageInfo&)>, std::function<void(const std::shared_ptr<const apriltag_msgs::msg::AprilTagDetectionArray_<std::allocator<void> > >&)>, std::function<void(const std::shared_ptr<const apriltag_msgs::msg::AprilTagDetectionArray_<std::allocator<void> > >&, const rclcpp::MessageInfo&)>, std::function<void(const std::shared_ptr<const rclcpp::SerializedMessage>&)>, std::function<void(const std::shared_ptr<const rclcpp::SerializedMessage>&, const rclcpp::MessageInfo&)>, std::function<void(std::shared_ptr<apriltag_msgs::msg::AprilTagDetectionArray_<std::allocator<void> > >)>, std::function<void(std::shared_ptr<apriltag_msgs::msg::AprilTagDetectionArray_<std::allocator<void> > >, const rclcpp::MessageInfo&)>, std::function<void(std::shared_ptr<rclcpp::SerializedMessage>)>, std::function<void(std::shared_ptr<rclcpp::SerializedMessage>, const rclcpp::MessageInfo&)>}][m[K[m[K’
[6.566s]  1431 |       variant& [01;36m[Koperator[m[K=(variant&&) = default;
[6.566s]       |                [01;36m[K^~~~~~~~[m[K
[6.566s] [01m[K/usr/include/c++/13/variant:1431:26:[m[K [01;36m[Knote: [m[K  no known conversion for argument 1 from ‘[01m[Krclcpp::detail::SubscriptionCallbackTypeHelper<apriltag_msgs::msg::AprilTagDetectionArray_<std::allocator<void> >, std::_Bind<void (SlamNode::*(SlamNode*, std::_Placeholder<1>))(std::shared_ptr<nav_msgs::msg::Odometry_<std::allocator<void> > >)>, void>::callback_type[m[K’ {aka ‘[01m[Kstd::function<void(std::shared_ptr<nav_msgs::msg::Odometry_<std::allocator<void> > >)>[m[K’} to ‘[01m[Kstd::variant<std::function<void(const apriltag_msgs::msg::AprilTagDetectionArray_<std::allocator<void> >&)>, std::function<void(const apriltag_msgs::msg::AprilTagDetectionArray_<std::allocator<void> >&, const rclcpp::MessageInfo&)>, std::function<void(const rclcpp::SerializedMessage&)>, std::function<void(const rclcpp::SerializedMessage&, const rclcpp::MessageInfo&)>, std::function<void(std::unique_ptr<apriltag_msgs::msg::AprilTagDetectionArray_<std::allocator<void> >, std::default_delete<apriltag_msgs::msg::AprilTagDetectionArray_<std::allocator<void> > > >)>, std::function<void(std::unique_ptr<apriltag_msgs::msg::AprilTagDetectionArray_<std::allocator<void> >, std::default_delete<apriltag_msgs::msg::AprilTagDetectionArray_<std::allocator<void> > > >, const rclcpp::MessageInfo&)>, std::function<void(std::unique_ptr<rclcpp::SerializedMessage, std::default_delete<rclcpp::SerializedMessage> >)>, std::function<void(std::unique_ptr<rclcpp::SerializedMessage, std::default_delete<rclcpp::SerializedMessage> >, const rclcpp::MessageInfo&)>, std::function<void(std::shared_ptr<const apriltag_msgs::msg::AprilTagDetectionArray_<std::allocator<void> > >)>, std::function<void(std::shared_ptr<const apriltag_msgs::msg::AprilTagDetectionArray_<std::allocator<void> > >, const rclcpp::MessageInfo&)>, std::function<void(std::shared_ptr<const rclcpp::SerializedMessage>)>, std::function<void(std::shared_ptr<const rclcpp::SerializedMessage>, const rclcpp::MessageInfo&)>, std::function<void(const std::shared_ptr<const apriltag_msgs::msg::AprilTagDetectionArray_<std::allocator<void> > >&)>, std::function<void(const std::shared_ptr<const apriltag_msgs::msg::AprilTagDetectionArray_<std::allocator<void> > >&, const rclcpp::MessageInfo&)>, std::function<void(const std::shared_ptr<const rclcpp::SerializedMessage>&)>, std::function<void(const std::shared_ptr<const rclcpp::SerializedMessage>&, const rclcpp::MessageInfo&)>, std::function<void(std::shared_ptr<apriltag_msgs::msg::AprilTagDetectionArray_<std::allocator<void> > >)>, std::function<void(std::shared_ptr<apriltag_msgs::msg::AprilTagDetectionArray_<std::allocator<void> > >, const rclcpp::MessageInfo&)>, std::function<void(std::shared_ptr<rclcpp::SerializedMessage>)>, std::function<void(std::shared_ptr<rclcpp::SerializedMessage>, const rclcpp::MessageInfo&)> >&&[m[K’
[6.567s]  1431 |       variant& operator=([01;36m[Kvariant&&[m[K) = default;
[6.567s]       |                          [01;36m[K^~~~~~~~~[m[K
[10.657s] gmake[2]: *** [CMakeFiles/slam_node.dir/build.make:76: CMakeFiles/slam_node.dir/src/slam_node.cpp.o] Error 1
[10.658s] gmake[1]: *** [CMakeFiles/Makefile2:137: CMakeFiles/slam_node.dir/all] Error 2
[10.658s] gmake: *** [Makefile:146: all] Error 2
[10.661s] Invoked command in '/home/vvoxel/ros2_ws_mgr/build/slam' returned '2': CMAKE_PREFIX_PATH=/home/vvoxel/ros2_ws_mgr/install/apriltag_ros:/home/vvoxel/ros2_ws_mgr/install/apriltag_msgs:/home/vvoxel/ros2_ws_mgr/install/apriltag:/home/vvoxel/ros2_ws_mgr/install/sim_launcher:/opt/ros/jazzy:/home/vvoxel/ros2_ws_mgr/install/slam:/home/vvoxel/ros2_ws_mgr/install/test_ros_gz_bridge:/home/vvoxel/ros2_ws_mgr/install/ros_gz:/home/vvoxel/ros2_ws_mgr/install/ros_gz_sim_demos:/home/vvoxel/ros2_ws_mgr/install/ros_gz_sim:/home/vvoxel/ros2_ws_mgr/install/ros_gz_image:/home/vvoxel/ros2_ws_mgr/install/ros_gz_bridge:/home/vvoxel/ros2_ws_mgr/install/ros_gz_interfaces:/home/vvoxel/ros2_ws_mgr/install/realsense2_description:/home/vvoxel/ros2_ws_mgr/install/realsense2_camera:/home/vvoxel/ros2_ws_mgr/install/realsense2_camera_msgs:/home/vvoxel/ros2_ws_mgr/install/mtracker:/home/vvoxel/ros2_ws_mgr/install/g2o:/home/vvoxel/ros2_ws_mgr/install/anglecalc:/opt/ros/jazzy/opt/gz_sim_vendor:/opt/ros/jazzy/opt/gz_sensors_vendor:/opt/ros/jazzy/opt/gz_physics_vendor:/opt/ros/jazzy/opt/sdformat_vendor:/opt/ros/jazzy/opt/gz_gui_vendor:/opt/ros/jazzy/opt/gz_transport_vendor:/opt/ros/jazzy/opt/gz_rendering_vendor:/opt/ros/jazzy/opt/gz_plugin_vendor:/opt/ros/jazzy/opt/gz_fuel_tools_vendor:/opt/ros/jazzy/opt/gz_msgs_vendor:/opt/ros/jazzy/opt/gz_common_vendor:/opt/ros/jazzy/opt/gz_math_vendor:/opt/ros/jazzy/opt/gz_utils_vendor:/opt/ros/jazzy/opt/gz_tools_vendor:/opt/ros/jazzy/opt/gz_ogre_next_vendor:/opt/ros/jazzy/opt/gz_dartsim_vendor:/opt/ros/jazzy/opt/gz_cmake_vendor DEBUGINFOD_URLS=https://debuginfod.ubuntu.com LD_LIBRARY_PATH=/home/vvoxel/ros2_ws_mgr/install/apriltag_ros/lib:/home/vvoxel/ros2_ws_mgr/install/apriltag_msgs/lib:/home/vvoxel/ros2_ws_mgr/install/apriltag/lib:/opt/ros/jazzy/lib/x86_64-linux-gnu:/home/vvoxel/ros2_ws_mgr/install/ros_gz_sim/lib:/home/vvoxel/ros2_ws_mgr/install/ros_gz_bridge/lib:/home/vvoxel/ros2_ws_mgr/install/ros_gz_interfaces/lib:/home/vvoxel/ros2_ws_mgr/install/realsense2_camera/lib:/home/vvoxel/ros2_ws_mgr/install/realsense2_camera_msgs/lib:/home/vvoxel/ros2_ws_mgr/install/mtracker/lib:/home/vvoxel/ros2_ws_mgr/install/g2o/lib:/opt/ros/jazzy/opt/gz_sim_vendor/lib:/opt/ros/jazzy/opt/gz_sensors_vendor/lib:/opt/ros/jazzy/opt/gz_physics_vendor/lib:/opt/ros/jazzy/opt/sdformat_vendor/lib:/opt/ros/jazzy/opt/rviz_ogre_vendor/lib:/opt/ros/jazzy/lib/x86_64-linux-gnu:/opt/ros/jazzy/opt/gz_gui_vendor/lib:/opt/ros/jazzy/opt/gz_transport_vendor/lib:/opt/ros/jazzy/opt/gz_rendering_vendor/lib:/opt/ros/jazzy/opt/gz_plugin_vendor/lib:/opt/ros/jazzy/opt/gz_fuel_tools_vendor/lib:/opt/ros/jazzy/opt/gz_msgs_vendor/lib:/opt/ros/jazzy/opt/gz_common_vendor/lib:/opt/ros/jazzy/opt/gz_math_vendor/lib:/opt/ros/jazzy/opt/gz_utils_vendor/lib:/opt/ros/jazzy/opt/gz_tools_vendor/lib:/opt/ros/jazzy/opt/gz_ogre_next_vendor/lib:/opt/ros/jazzy/opt/gz_dartsim_vendor/lib:/opt/ros/jazzy/opt/gz_cmake_vendor/lib:/opt/ros/jazzy/lib PATH=/home/vvoxel/ros2_ws_mgr/install/apriltag/bin:/home/vvoxel/ros2_ws_mgr/install/g2o/bin:/opt/ros/jazzy/opt/gz_msgs_vendor/bin:/opt/ros/jazzy/opt/gz_tools_vendor/bin:/opt/ros/jazzy/opt/gz_ogre_next_vendor/bin:/opt/ros/jazzy/bin:/home/vvoxel/.local/bin:/usr/local/sbin:/usr/local/bin:/usr/sbin:/usr/bin:/sbin:/bin:/usr/games:/usr/local/games:/snap/bin:/snap/bin PKG_CONFIG_PATH=/home/vvoxel/ros2_ws_mgr/install/apriltag/lib/x86_64-linux-gnu/pkgconfig:/home/vvoxel/ros2_ws_mgr/install/apriltag/lib/pkgconfig:/home/vvoxel/ros2_ws_mgr/install/slam/lib/x86_64-linux-gnu/pkgconfig:/home/vvoxel/ros2_ws_mgr/install/slam/lib/pkgconfig PYTHONPATH=/home/vvoxel/ros2_ws_mgr/install/apriltag_msgs/lib/python3.12/site-packages:/home/vvoxel/ros2_ws_mgr/install/apriltag/lib/python3.12/site-packages:/home/vvoxel/ros2_ws_mgr/build/sim_launcher:/home/vvoxel/ros2_ws_mgr/install/sim_launcher/lib/python3.12/site-packages:/home/vvoxel/ros2_ws_mgr/install/ros_gz_sim/lib/python3.12/site-packages:/home/vvoxel/ros2_ws_mgr/install/ros_gz_bridge/lib/python3.12/site-packages:/home/vvoxel/ros2_ws_mgr/install/ros_gz_interfaces/lib/python3.12/site-packages:/home/vvoxel/ros2_ws_mgr/install/realsense2_camera_msgs/lib/python3.12/site-packages:/home/vvoxel/ros2_ws_mgr/install/mtracker/lib/python3.12/site-packages:/opt/ros/jazzy/lib/python3.12/site-packages /usr/bin/cmake --build /home/vvoxel/ros2_ws_mgr/build/slam -- -j8 -l8
