[0.084s] Invoking command in '/home/vvoxel/ros2_ws_mgr/build/g2o': DEBUGINFOD_URLS=https://debuginfod.ubuntu.com /usr/bin/cmake --build /home/vvoxel/ros2_ws_mgr/build/g2o -- -j8 -l8
[0.602s] [  3%] Built target stuff
[0.602s] [  4%] Built target freeglut_minimal
[0.602s] [  5%] Built target opengl_helper
[0.603s] [  6%] Built target parser_library
[0.603s] [  7%] Built target csparse_extension
[0.618s] [  7%] Built target logging_application
[0.649s] [  8%] Built target interface_library
[0.805s] [ 16%] Built target core
[1.089s] [ 17%] Built target solver_dense
[1.124s] [ 19%] Built target g2o_cli_library
[1.125s] [ 20%] Built target solver_pcg
[1.136s] [ 20%] Built target solver_eigen
[1.150s] [ 21%] Built target solver_csparse
[1.166s] [ 22%] Built target solver_structure_only
[1.223s] [ 27%] Built target types_slam2d
[1.262s] [ 33%] Built target types_slam3d
[1.303s] [ 34%] Built target solver_cholmod
[1.346s] [ 35%] Built target circle_fit
[1.353s] [ 36%] Built target curve_fit
[1.368s] [ 39%] Built target g2o_hierarchical_library
[1.380s] [ 39%] Built target g2o_cli_application
[1.392s] [ 40%] Built target polynomial_fit
[1.420s] [ 45%] Built target viewer_library
[1.482s] [ 46%] Built target static_target
[1.493s] [ 46%] Built target static_dynamic_function_fit
[1.531s] [ 46%] Built target constant_velocity_target
[1.562s] [ 49%] Built target tutorial_slam2d_library
[1.563s] [ 50%] Built target create_sphere
[1.567s] [ 51%] Built target g2o_anonymize_observations_application
[1.600s] [ 51%] Built target simple_optimize
[1.607s] [ 52%] Built target g2o_interactive_library
[1.720s] [ 52%] Built target g2o_viewer
[1.739s] [ 52%] Built target g2o_hierarchical_application
[1.764s] [ 56%] Built target types_slam3d_addons
[1.766s] [ 58%] Built target slam2d_g2o
[1.798s] [ 61%] Built target types_data
[1.813s] [ 63%] Built target types_sclam2d
[1.816s] [ 67%] Built target types_slam2d_addons
[1.889s] [ 68%] Built target solver_slam2d_linear
[1.917s] [ 68%] Built target bal_example
[1.942s] [ 69%] Built target tutorial_slam2d
[1.960s] [ 76%] Built target types_sba
[1.966s] [ 77%] Built target simulator_3d_line
[1.987s] [ 78%] Built target simulator_3d_plane
[1.994s] [ 79%] Built target g2o_online_application
[2.014s] [ 80%] Built target g2o_incremental_library
[2.119s] [ 80%] Built target types_icp
[2.125s] [ 81%] Built target convertSegmentLine_application
[2.134s] [ 82%] Built target ba_demo
[2.139s] [ 83%] Built target types_sim3
[2.148s] [ 85%] Built target calibration_odom_laser_library
[2.167s] [ 85%] Built target ba_anchored_inverse_depth_demo
[2.201s] [ 92%] Built target g2o_simulator_library
[2.205s] [ 93%] Built target convert_sba_slam3d
[2.268s] [ 93%] Built target g2o_incremental_application
[2.283s] [ 94%] Built target gicp_sba_demo
[2.315s] [ 95%] Built target sba_demo
[2.318s] [ 96%] Built target gicp_demo
[2.327s] [ 97%] Built target optimize_sphere_by_sim3
[2.339s] [ 98%] Built target sclam_pure_calibration
[2.339s] [ 99%] Built target sclam_odom_laser
[2.365s] [ 99%] Built target sclam_laser_calib
[2.369s] [ 99%] Built target g2o_simulator3d_application
[2.373s] [100%] Built target g2o_simulator2d_application
[2.416s] Invoked command in '/home/vvoxel/ros2_ws_mgr/build/g2o' returned '0': DEBUGINFOD_URLS=https://debuginfod.ubuntu.com /usr/bin/cmake --build /home/vvoxel/ros2_ws_mgr/build/g2o -- -j8 -l8
[2.438s] Invoking command in '/home/vvoxel/ros2_ws_mgr/build/g2o': DEBUGINFOD_URLS=https://debuginfod.ubuntu.com /usr/bin/cmake --install /home/vvoxel/ros2_ws_mgr/build/g2o
[2.451s] -- Install configuration: "Release"
[2.451s] -- Up-to-date: /home/vvoxel/ros2_ws_mgr/install/g2o/include/g2o/config.h
[2.452s] -- Up-to-date: /home/vvoxel/ros2_ws_mgr/install/g2o/lib/cmake/g2o/g2oConfig.cmake
[2.452s] -- Up-to-date: /home/vvoxel/ros2_ws_mgr/install/g2o/lib/cmake/g2o/g2oConfigVersion.cmake
[2.452s] -- Up-to-date: /home/vvoxel/ros2_ws_mgr/install/g2o/lib/cmake/g2o/g2oTargets.cmake
[2.453s] -- Up-to-date: /home/vvoxel/ros2_ws_mgr/install/g2o/lib/cmake/g2o/g2oTargets-release.cmake
[2.453s] -- Up-to-date: /home/vvoxel/ros2_ws_mgr/install/g2o/lib/libg2o_ext_freeglut_minimal.so.0.2.0
[2.453s] -- Up-to-date: /home/vvoxel/ros2_ws_mgr/install/g2o/lib/libg2o_ext_freeglut_minimal.so.0.2
[2.454s] -- Up-to-date: /home/vvoxel/ros2_ws_mgr/install/g2o/lib/libg2o_ext_freeglut_minimal.so
[2.454s] -- Up-to-date: /home/vvoxel/ros2_ws_mgr/install/g2o/include/g2o/EXTERNAL/freeglut/freeglut_minimal.h
[2.454s] -- Up-to-date: /home/vvoxel/ros2_ws_mgr/install/g2o/include/g2o/autodiff/array_selector.h
[2.455s] -- Up-to-date: /home/vvoxel/ros2_ws_mgr/install/g2o/include/g2o/autodiff/autodiff.h
[2.455s] -- Up-to-date: /home/vvoxel/ros2_ws_mgr/install/g2o/include/g2o/autodiff/disable_warnings.h
[2.456s] -- Up-to-date: /home/vvoxel/ros2_ws_mgr/install/g2o/include/g2o/autodiff/eigen.h
[2.459s] -- Up-to-date: /home/vvoxel/ros2_ws_mgr/install/g2o/include/g2o/autodiff/fixed_array.h
[2.459s] -- Up-to-date: /home/vvoxel/ros2_ws_mgr/install/g2o/include/g2o/autodiff/integer_sequence_algorithm.h
[2.460s] -- Up-to-date: /home/vvoxel/ros2_ws_mgr/install/g2o/include/g2o/autodiff/jet.h
[2.460s] -- Up-to-date: /home/vvoxel/ros2_ws_mgr/install/g2o/include/g2o/autodiff/memory.h
[2.460s] -- Up-to-date: /home/vvoxel/ros2_ws_mgr/install/g2o/include/g2o/autodiff/parameter_dims.h
[2.461s] -- Up-to-date: /home/vvoxel/ros2_ws_mgr/install/g2o/include/g2o/autodiff/reenable_warnings.h
[2.461s] -- Up-to-date: /home/vvoxel/ros2_ws_mgr/install/g2o/include/g2o/autodiff/types.h
[2.462s] -- Up-to-date: /home/vvoxel/ros2_ws_mgr/install/g2o/include/g2o/autodiff/variadic_evaluate.h
[2.462s] -- Up-to-date: /home/vvoxel/ros2_ws_mgr/install/g2o/include/g2o/autodiff/LICENSE
[2.462s] -- Up-to-date: /home/vvoxel/ros2_ws_mgr/install/g2o/lib/libg2o_stuff.so.0.2.0
[2.462s] -- Up-to-date: /home/vvoxel/ros2_ws_mgr/install/g2o/lib/libg2o_stuff.so.0.2
[2.463s] -- Up-to-date: /home/vvoxel/ros2_ws_mgr/install/g2o/lib/libg2o_stuff.so
[2.463s] -- Up-to-date: /home/vvoxel/ros2_ws_mgr/install/g2o/lib/libg2o_opengl_helper.so.0.2.0
[2.463s] -- Up-to-date: /home/vvoxel/ros2_ws_mgr/install/g2o/lib/libg2o_opengl_helper.so.0.2
[2.463s] -- Up-to-date: /home/vvoxel/ros2_ws_mgr/install/g2o/lib/libg2o_opengl_helper.so
[2.463s] -- Up-to-date: /home/vvoxel/ros2_ws_mgr/install/g2o/include/g2o/stuff/color_macros.h
[2.464s] -- Up-to-date: /home/vvoxel/ros2_ws_mgr/install/g2o/include/g2o/stuff/command_args.h
[2.464s] -- Up-to-date: /home/vvoxel/ros2_ws_mgr/install/g2o/include/g2o/stuff/filesys_tools.h
[2.464s] -- Up-to-date: /home/vvoxel/ros2_ws_mgr/install/g2o/include/g2o/stuff/g2o_stuff_api.h
[2.465s] -- Up-to-date: /home/vvoxel/ros2_ws_mgr/install/g2o/include/g2o/stuff/logger.h
[2.465s] -- Up-to-date: /home/vvoxel/ros2_ws_mgr/install/g2o/include/g2o/stuff/logger_format.h
[2.465s] -- Up-to-date: /home/vvoxel/ros2_ws_mgr/install/g2o/include/g2o/stuff/macros.h
[2.465s] -- Up-to-date: /home/vvoxel/ros2_ws_mgr/install/g2o/include/g2o/stuff/misc.h
[2.466s] -- Up-to-date: /home/vvoxel/ros2_ws_mgr/install/g2o/include/g2o/stuff/opengl_primitives.h
[2.466s] -- Up-to-date: /home/vvoxel/ros2_ws_mgr/install/g2o/include/g2o/stuff/opengl_wrapper.h
[2.466s] -- Up-to-date: /home/vvoxel/ros2_ws_mgr/install/g2o/include/g2o/stuff/property.h
[2.466s] -- Up-to-date: /home/vvoxel/ros2_ws_mgr/install/g2o/include/g2o/stuff/sampler.h
[2.467s] -- Up-to-date: /home/vvoxel/ros2_ws_mgr/install/g2o/include/g2o/stuff/sparse_helper.h
[2.469s] -- Up-to-date: /home/vvoxel/ros2_ws_mgr/install/g2o/include/g2o/stuff/string_tools.h
[2.469s] -- Up-to-date: /home/vvoxel/ros2_ws_mgr/install/g2o/include/g2o/stuff/tictoc.h
[2.469s] -- Up-to-date: /home/vvoxel/ros2_ws_mgr/install/g2o/include/g2o/stuff/timeutil.h
[2.469s] -- Up-to-date: /home/vvoxel/ros2_ws_mgr/install/g2o/include/g2o/stuff/tuple_tools.h
[2.470s] -- Up-to-date: /home/vvoxel/ros2_ws_mgr/install/g2o/include/g2o/stuff/unscented.h
[2.470s] -- Up-to-date: /home/vvoxel/ros2_ws_mgr/install/g2o/lib/libg2o_core.so.0.2.0
[2.471s] -- Up-to-date: /home/vvoxel/ros2_ws_mgr/install/g2o/lib/libg2o_core.so.0.2
[2.471s] -- Up-to-date: /home/vvoxel/ros2_ws_mgr/install/g2o/lib/libg2o_core.so
[2.472s] -- Up-to-date: /home/vvoxel/ros2_ws_mgr/install/g2o/include/g2o/core/auto_differentiation.h
[2.472s] -- Up-to-date: /home/vvoxel/ros2_ws_mgr/install/g2o/include/g2o/core/base_binary_edge.h
[2.472s] -- Up-to-date: /home/vvoxel/ros2_ws_mgr/install/g2o/include/g2o/core/base_dynamic_vertex.h
[2.472s] -- Up-to-date: /home/vvoxel/ros2_ws_mgr/install/g2o/include/g2o/core/base_edge.h
[2.473s] -- Up-to-date: /home/vvoxel/ros2_ws_mgr/install/g2o/include/g2o/core/base_fixed_sized_edge.h
[2.473s] -- Up-to-date: /home/vvoxel/ros2_ws_mgr/install/g2o/include/g2o/core/base_fixed_sized_edge.hpp
[2.473s] -- Up-to-date: /home/vvoxel/ros2_ws_mgr/install/g2o/include/g2o/core/base_multi_edge.h
[2.473s] -- Up-to-date: /home/vvoxel/ros2_ws_mgr/install/g2o/include/g2o/core/base_unary_edge.h
[2.479s] -- Up-to-date: /home/vvoxel/ros2_ws_mgr/install/g2o/include/g2o/core/base_variable_sized_edge.h
[2.480s] -- Up-to-date: /home/vvoxel/ros2_ws_mgr/install/g2o/include/g2o/core/base_variable_sized_edge.hpp
[2.480s] -- Up-to-date: /home/vvoxel/ros2_ws_mgr/install/g2o/include/g2o/core/base_vertex.h
[2.481s] -- Up-to-date: /home/vvoxel/ros2_ws_mgr/install/g2o/include/g2o/core/base_vertex.hpp
[2.481s] -- Up-to-date: /home/vvoxel/ros2_ws_mgr/install/g2o/include/g2o/core/batch_stats.h
[2.481s] -- Up-to-date: /home/vvoxel/ros2_ws_mgr/install/g2o/include/g2o/core/block_solver.h
[2.482s] -- Up-to-date: /home/vvoxel/ros2_ws_mgr/install/g2o/include/g2o/core/block_solver.hpp
[2.482s] -- Up-to-date: /home/vvoxel/ros2_ws_mgr/install/g2o/include/g2o/core/cache.h
[2.482s] -- Up-to-date: /home/vvoxel/ros2_ws_mgr/install/g2o/include/g2o/core/creators.h
[2.482s] -- Up-to-date: /home/vvoxel/ros2_ws_mgr/install/g2o/include/g2o/core/dynamic_aligned_buffer.hpp
[2.483s] -- Up-to-date: /home/vvoxel/ros2_ws_mgr/install/g2o/include/g2o/core/eigen_types.h
[2.483s] -- Up-to-date: /home/vvoxel/ros2_ws_mgr/install/g2o/include/g2o/core/estimate_propagator.h
[2.483s] -- Up-to-date: /home/vvoxel/ros2_ws_mgr/install/g2o/include/g2o/core/factory.h
[2.484s] -- Up-to-date: /home/vvoxel/ros2_ws_mgr/install/g2o/include/g2o/core/g2o_core_api.h
[2.484s] -- Up-to-date: /home/vvoxel/ros2_ws_mgr/install/g2o/include/g2o/core/hyper_dijkstra.h
[2.484s] -- Up-to-date: /home/vvoxel/ros2_ws_mgr/install/g2o/include/g2o/core/hyper_graph.h
[2.485s] -- Up-to-date: /home/vvoxel/ros2_ws_mgr/install/g2o/include/g2o/core/hyper_graph_action.h
[2.485s] -- Up-to-date: /home/vvoxel/ros2_ws_mgr/install/g2o/include/g2o/core/io_helper.h
[2.486s] -- Up-to-date: /home/vvoxel/ros2_ws_mgr/install/g2o/include/g2o/core/jacobian_workspace.h
[2.486s] -- Up-to-date: /home/vvoxel/ros2_ws_mgr/install/g2o/include/g2o/core/linear_solver.h
[2.488s] -- Up-to-date: /home/vvoxel/ros2_ws_mgr/install/g2o/include/g2o/core/marginal_covariance_cholesky.h
[2.488s] -- Up-to-date: /home/vvoxel/ros2_ws_mgr/install/g2o/include/g2o/core/matrix_operations.h
[2.488s] -- Up-to-date: /home/vvoxel/ros2_ws_mgr/install/g2o/include/g2o/core/matrix_structure.h
[2.488s] -- Up-to-date: /home/vvoxel/ros2_ws_mgr/install/g2o/include/g2o/core/openmp_mutex.h
[2.489s] -- Up-to-date: /home/vvoxel/ros2_ws_mgr/install/g2o/include/g2o/core/optimizable_graph.h
[2.489s] -- Up-to-date: /home/vvoxel/ros2_ws_mgr/install/g2o/include/g2o/core/optimization_algorithm.h
[2.489s] -- Up-to-date: /home/vvoxel/ros2_ws_mgr/install/g2o/include/g2o/core/optimization_algorithm_dogleg.h
[2.490s] -- Up-to-date: /home/vvoxel/ros2_ws_mgr/install/g2o/include/g2o/core/optimization_algorithm_factory.h
[2.490s] -- Up-to-date: /home/vvoxel/ros2_ws_mgr/install/g2o/include/g2o/core/optimization_algorithm_gauss_newton.h
[2.490s] -- Up-to-date: /home/vvoxel/ros2_ws_mgr/install/g2o/include/g2o/core/optimization_algorithm_levenberg.h
[2.491s] -- Up-to-date: /home/vvoxel/ros2_ws_mgr/install/g2o/include/g2o/core/optimization_algorithm_property.h
[2.491s] -- Up-to-date: /home/vvoxel/ros2_ws_mgr/install/g2o/include/g2o/core/optimization_algorithm_with_hessian.h
[2.491s] -- Up-to-date: /home/vvoxel/ros2_ws_mgr/install/g2o/include/g2o/core/ownership.h
[2.491s] -- Up-to-date: /home/vvoxel/ros2_ws_mgr/install/g2o/include/g2o/core/parameter.h
[2.493s] -- Up-to-date: /home/vvoxel/ros2_ws_mgr/install/g2o/include/g2o/core/parameter_container.h
[2.493s] -- Up-to-date: /home/vvoxel/ros2_ws_mgr/install/g2o/include/g2o/core/robust_kernel.h
[2.493s] -- Up-to-date: /home/vvoxel/ros2_ws_mgr/install/g2o/include/g2o/core/robust_kernel_factory.h
[2.494s] -- Up-to-date: /home/vvoxel/ros2_ws_mgr/install/g2o/include/g2o/core/robust_kernel_impl.h
[2.495s] -- Up-to-date: /home/vvoxel/ros2_ws_mgr/install/g2o/include/g2o/core/solver.h
[2.496s] -- Up-to-date: /home/vvoxel/ros2_ws_mgr/install/g2o/include/g2o/core/sparse_block_matrix.h
[2.496s] -- Up-to-date: /home/vvoxel/ros2_ws_mgr/install/g2o/include/g2o/core/sparse_block_matrix.hpp
[2.496s] -- Up-to-date: /home/vvoxel/ros2_ws_mgr/install/g2o/include/g2o/core/sparse_block_matrix_ccs.h
[2.497s] -- Up-to-date: /home/vvoxel/ros2_ws_mgr/install/g2o/include/g2o/core/sparse_block_matrix_diagonal.h
[2.497s] -- Up-to-date: /home/vvoxel/ros2_ws_mgr/install/g2o/include/g2o/core/sparse_optimizer.h
[2.499s] -- Up-to-date: /home/vvoxel/ros2_ws_mgr/install/g2o/include/g2o/core/sparse_optimizer_terminate_action.h
[2.503s] -- Up-to-date: /home/vvoxel/ros2_ws_mgr/install/g2o/lib/libg2o_cli.so.0.2.0
[2.504s] -- Up-to-date: /home/vvoxel/ros2_ws_mgr/install/g2o/lib/libg2o_cli.so.0.2
[2.504s] -- Up-to-date: /home/vvoxel/ros2_ws_mgr/install/g2o/lib/libg2o_cli.so
[2.504s] -- Up-to-date: /home/vvoxel/ros2_ws_mgr/install/g2o/bin/g2o
[2.505s] -- Up-to-date: /home/vvoxel/ros2_ws_mgr/install/g2o/include/g2o/apps/g2o_cli/dl_wrapper.h
[2.505s] -- Up-to-date: /home/vvoxel/ros2_ws_mgr/install/g2o/include/g2o/apps/g2o_cli/g2o_cli_api.h
[2.505s] -- Up-to-date: /home/vvoxel/ros2_ws_mgr/install/g2o/include/g2o/apps/g2o_cli/g2o_common.h
[2.506s] -- Up-to-date: /home/vvoxel/ros2_ws_mgr/install/g2o/include/g2o/apps/g2o_cli/output_helper.h
[2.506s] -- Up-to-date: /home/vvoxel/ros2_ws_mgr/install/g2o/lib/libg2o_simulator.so.0.2.0
[2.506s] -- Up-to-date: /home/vvoxel/ros2_ws_mgr/install/g2o/lib/libg2o_simulator.so.0.2
[2.506s] -- Up-to-date: /home/vvoxel/ros2_ws_mgr/install/g2o/lib/libg2o_simulator.so
[2.508s] -- Up-to-date: /home/vvoxel/ros2_ws_mgr/install/g2o/bin/g2o_simulator2d
[2.508s] -- Up-to-date: /home/vvoxel/ros2_ws_mgr/install/g2o/bin/g2o_simulator3d
[2.509s] -- Up-to-date: /home/vvoxel/ros2_ws_mgr/install/g2o/include/g2o/apps/g2o_simulator/g2o_simulator_api.h
[2.509s] -- Up-to-date: /home/vvoxel/ros2_ws_mgr/install/g2o/include/g2o/apps/g2o_simulator/pointsensorparameters.h
[2.509s] -- Up-to-date: /home/vvoxel/ros2_ws_mgr/install/g2o/include/g2o/apps/g2o_simulator/sensor_line3d.h
[2.510s] -- Up-to-date: /home/vvoxel/ros2_ws_mgr/install/g2o/include/g2o/apps/g2o_simulator/sensor_odometry.h
[2.510s] -- Up-to-date: /home/vvoxel/ros2_ws_mgr/install/g2o/include/g2o/apps/g2o_simulator/sensor_odometry2d.h
[2.510s] -- Up-to-date: /home/vvoxel/ros2_ws_mgr/install/g2o/include/g2o/apps/g2o_simulator/sensor_odometry3d.h
[2.510s] -- Up-to-date: /home/vvoxel/ros2_ws_mgr/install/g2o/include/g2o/apps/g2o_simulator/sensor_pointxy.h
[2.511s] -- Up-to-date: /home/vvoxel/ros2_ws_mgr/install/g2o/include/g2o/apps/g2o_simulator/sensor_pointxy_bearing.h
[2.511s] -- Up-to-date: /home/vvoxel/ros2_ws_mgr/install/g2o/include/g2o/apps/g2o_simulator/sensor_pointxy_offset.h
[2.511s] -- Up-to-date: /home/vvoxel/ros2_ws_mgr/install/g2o/include/g2o/apps/g2o_simulator/sensor_pointxyz.h
[2.512s] -- Up-to-date: /home/vvoxel/ros2_ws_mgr/install/g2o/include/g2o/apps/g2o_simulator/sensor_pointxyz_depth.h
[2.512s] -- Up-to-date: /home/vvoxel/ros2_ws_mgr/install/g2o/include/g2o/apps/g2o_simulator/sensor_pointxyz_disparity.h
[2.512s] -- Up-to-date: /home/vvoxel/ros2_ws_mgr/install/g2o/include/g2o/apps/g2o_simulator/sensor_pose2d.h
[2.513s] -- Up-to-date: /home/vvoxel/ros2_ws_mgr/install/g2o/include/g2o/apps/g2o_simulator/sensor_pose3d.h
[2.513s] -- Up-to-date: /home/vvoxel/ros2_ws_mgr/install/g2o/include/g2o/apps/g2o_simulator/sensor_pose3d_offset.h
[2.513s] -- Up-to-date: /home/vvoxel/ros2_ws_mgr/install/g2o/include/g2o/apps/g2o_simulator/sensor_se3_prior.h
[2.514s] -- Up-to-date: /home/vvoxel/ros2_ws_mgr/install/g2o/include/g2o/apps/g2o_simulator/sensor_segment2d.h
[2.515s] -- Up-to-date: /home/vvoxel/ros2_ws_mgr/install/g2o/include/g2o/apps/g2o_simulator/sensor_segment2d_line.h
[2.515s] -- Up-to-date: /home/vvoxel/ros2_ws_mgr/install/g2o/include/g2o/apps/g2o_simulator/sensor_segment2d_pointline.h
[2.515s] -- Up-to-date: /home/vvoxel/ros2_ws_mgr/install/g2o/include/g2o/apps/g2o_simulator/simulator.h
[2.515s] -- Up-to-date: /home/vvoxel/ros2_ws_mgr/install/g2o/include/g2o/apps/g2o_simulator/simulator2d.h
[2.516s] -- Up-to-date: /home/vvoxel/ros2_ws_mgr/install/g2o/include/g2o/apps/g2o_simulator/simulator2d_base.h
[2.516s] -- Up-to-date: /home/vvoxel/ros2_ws_mgr/install/g2o/include/g2o/apps/g2o_simulator/simulator3d.h
[2.516s] -- Up-to-date: /home/vvoxel/ros2_ws_mgr/install/g2o/include/g2o/apps/g2o_simulator/simulator3d_base.h
[2.517s] -- Up-to-date: /home/vvoxel/ros2_ws_mgr/install/g2o/include/g2o/apps/g2o_simulator/simutils.h
[2.517s] -- Up-to-date: /home/vvoxel/ros2_ws_mgr/install/g2o/lib/libg2o_viewer.so.0.2.0
[2.517s] -- Up-to-date: /home/vvoxel/ros2_ws_mgr/install/g2o/lib/libg2o_viewer.so.0.2
[2.517s] -- Up-to-date: /home/vvoxel/ros2_ws_mgr/install/g2o/lib/libg2o_viewer.so
[2.518s] -- Up-to-date: /home/vvoxel/ros2_ws_mgr/install/g2o/bin/g2o_viewer
[2.518s] -- Up-to-date: /home/vvoxel/ros2_ws_mgr/install/g2o/include/g2o/apps/g2o_viewer/g2o_qglviewer.h
[2.518s] -- Up-to-date: /home/vvoxel/ros2_ws_mgr/install/g2o/include/g2o/apps/g2o_viewer/g2o_viewer_api.h
[2.519s] -- Up-to-date: /home/vvoxel/ros2_ws_mgr/install/g2o/include/g2o/apps/g2o_viewer/gui_hyper_graph_action.h
[2.519s] -- Up-to-date: /home/vvoxel/ros2_ws_mgr/install/g2o/include/g2o/apps/g2o_viewer/main_window.h
[2.519s] -- Up-to-date: /home/vvoxel/ros2_ws_mgr/install/g2o/include/g2o/apps/g2o_viewer/properties_widget.h
[2.520s] -- Up-to-date: /home/vvoxel/ros2_ws_mgr/install/g2o/include/g2o/apps/g2o_viewer/run_g2o_viewer.h
[2.520s] -- Up-to-date: /home/vvoxel/ros2_ws_mgr/install/g2o/include/g2o/apps/g2o_viewer/stream_redirect.h
[2.520s] -- Up-to-date: /home/vvoxel/ros2_ws_mgr/install/g2o/include/g2o/apps/g2o_viewer/viewer_properties_widget.h
[2.520s] -- Up-to-date: /home/vvoxel/ros2_ws_mgr/install/g2o/include/g2o/apps/g2o_viewer/ui_base_main_window.h
[2.521s] -- Up-to-date: /home/vvoxel/ros2_ws_mgr/install/g2o/include/g2o/apps/g2o_viewer/ui_base_properties_widget.h
[2.521s] -- Up-to-date: /home/vvoxel/ros2_ws_mgr/install/g2o/lib/libg2o_types_slam2d.so.0.2.0
[2.522s] -- Up-to-date: /home/vvoxel/ros2_ws_mgr/install/g2o/lib/libg2o_types_slam2d.so.0.2
[2.522s] -- Up-to-date: /home/vvoxel/ros2_ws_mgr/install/g2o/lib/libg2o_types_slam2d.so
[2.522s] -- Up-to-date: /home/vvoxel/ros2_ws_mgr/install/g2o/include/g2o/types/slam2d/edge_pointxy.h
[2.523s] -- Up-to-date: /home/vvoxel/ros2_ws_mgr/install/g2o/include/g2o/types/slam2d/edge_se2.h
[2.523s] -- Up-to-date: /home/vvoxel/ros2_ws_mgr/install/g2o/include/g2o/types/slam2d/edge_se2_lotsofxy.h
[2.523s] -- Up-to-date: /home/vvoxel/ros2_ws_mgr/install/g2o/include/g2o/types/slam2d/edge_se2_offset.h
[2.523s] -- Up-to-date: /home/vvoxel/ros2_ws_mgr/install/g2o/include/g2o/types/slam2d/edge_se2_pointxy.h
[2.524s] -- Up-to-date: /home/vvoxel/ros2_ws_mgr/install/g2o/include/g2o/types/slam2d/edge_se2_pointxy_bearing.h
[2.524s] -- Up-to-date: /home/vvoxel/ros2_ws_mgr/install/g2o/include/g2o/types/slam2d/edge_se2_pointxy_calib.h
[2.524s] -- Up-to-date: /home/vvoxel/ros2_ws_mgr/install/g2o/include/g2o/types/slam2d/edge_se2_pointxy_offset.h
[2.524s] -- Up-to-date: /home/vvoxel/ros2_ws_mgr/install/g2o/include/g2o/types/slam2d/edge_se2_prior.h
[2.525s] -- Up-to-date: /home/vvoxel/ros2_ws_mgr/install/g2o/include/g2o/types/slam2d/edge_se2_twopointsxy.h
[2.525s] -- Up-to-date: /home/vvoxel/ros2_ws_mgr/install/g2o/include/g2o/types/slam2d/edge_se2_xyprior.h
[2.525s] -- Up-to-date: /home/vvoxel/ros2_ws_mgr/install/g2o/include/g2o/types/slam2d/edge_xy_prior.h
[2.526s] -- Up-to-date: /home/vvoxel/ros2_ws_mgr/install/g2o/include/g2o/types/slam2d/g2o_types_slam2d_api.h
[2.526s] -- Up-to-date: /home/vvoxel/ros2_ws_mgr/install/g2o/include/g2o/types/slam2d/parameter_se2_offset.h
[2.526s] -- Up-to-date: /home/vvoxel/ros2_ws_mgr/install/g2o/include/g2o/types/slam2d/se2.h
[2.526s] -- Up-to-date: /home/vvoxel/ros2_ws_mgr/install/g2o/include/g2o/types/slam2d/types_slam2d.h
[2.527s] -- Up-to-date: /home/vvoxel/ros2_ws_mgr/install/g2o/include/g2o/types/slam2d/vertex_point_xy.h
[2.527s] -- Up-to-date: /home/vvoxel/ros2_ws_mgr/install/g2o/include/g2o/types/slam2d/vertex_se2.h
[2.527s] -- Up-to-date: /home/vvoxel/ros2_ws_mgr/install/g2o/lib/libg2o_types_slam2d_addons.so.0.2.0
[2.527s] -- Up-to-date: /home/vvoxel/ros2_ws_mgr/install/g2o/lib/libg2o_types_slam2d_addons.so.0.2
[2.528s] -- Up-to-date: /home/vvoxel/ros2_ws_mgr/install/g2o/lib/libg2o_types_slam2d_addons.so
[2.528s] -- Up-to-date: /home/vvoxel/ros2_ws_mgr/install/g2o/include/g2o/types/slam2d_addons/edge_line2d.h
[2.528s] -- Up-to-date: /home/vvoxel/ros2_ws_mgr/install/g2o/include/g2o/types/slam2d_addons/edge_line2d_pointxy.h
[2.529s] -- Up-to-date: /home/vvoxel/ros2_ws_mgr/install/g2o/include/g2o/types/slam2d_addons/edge_se2_line2d.h
[2.529s] -- Up-to-date: /home/vvoxel/ros2_ws_mgr/install/g2o/include/g2o/types/slam2d_addons/edge_se2_segment2d.h
[2.529s] -- Up-to-date: /home/vvoxel/ros2_ws_mgr/install/g2o/include/g2o/types/slam2d_addons/edge_se2_segment2d_line.h
[2.529s] -- Up-to-date: /home/vvoxel/ros2_ws_mgr/install/g2o/include/g2o/types/slam2d_addons/edge_se2_segment2d_pointLine.h
[2.530s] -- Up-to-date: /home/vvoxel/ros2_ws_mgr/install/g2o/include/g2o/types/slam2d_addons/g2o_types_slam2d_addons_api.h
[2.530s] -- Up-to-date: /home/vvoxel/ros2_ws_mgr/install/g2o/include/g2o/types/slam2d_addons/line_2d.h
[2.531s] -- Up-to-date: /home/vvoxel/ros2_ws_mgr/install/g2o/include/g2o/types/slam2d_addons/types_slam2d_addons.h
[2.531s] -- Up-to-date: /home/vvoxel/ros2_ws_mgr/install/g2o/include/g2o/types/slam2d_addons/vertex_line2d.h
[2.531s] -- Up-to-date: /home/vvoxel/ros2_ws_mgr/install/g2o/include/g2o/types/slam2d_addons/vertex_segment2d.h
[2.532s] -- Up-to-date: /home/vvoxel/ros2_ws_mgr/install/g2o/lib/libg2o_types_data.so.0.2.0
[2.532s] -- Up-to-date: /home/vvoxel/ros2_ws_mgr/install/g2o/lib/libg2o_types_data.so.0.2
[2.532s] -- Up-to-date: /home/vvoxel/ros2_ws_mgr/install/g2o/lib/libg2o_types_data.so
[2.532s] -- Up-to-date: /home/vvoxel/ros2_ws_mgr/install/g2o/include/g2o/types/data/data_queue.h
[2.533s] -- Up-to-date: /home/vvoxel/ros2_ws_mgr/install/g2o/include/g2o/types/data/g2o_types_data_api.h
[2.533s] -- Up-to-date: /home/vvoxel/ros2_ws_mgr/install/g2o/include/g2o/types/data/laser_parameters.h
[2.533s] -- Up-to-date: /home/vvoxel/ros2_ws_mgr/install/g2o/include/g2o/types/data/raw_laser.h
[2.533s] -- Up-to-date: /home/vvoxel/ros2_ws_mgr/install/g2o/include/g2o/types/data/robot_data.h
[2.534s] -- Up-to-date: /home/vvoxel/ros2_ws_mgr/install/g2o/include/g2o/types/data/robot_laser.h
[2.536s] -- Up-to-date: /home/vvoxel/ros2_ws_mgr/install/g2o/include/g2o/types/data/types_data.h
[2.536s] -- Up-to-date: /home/vvoxel/ros2_ws_mgr/install/g2o/include/g2o/types/data/vertex_ellipse.h
[2.537s] -- Up-to-date: /home/vvoxel/ros2_ws_mgr/install/g2o/include/g2o/types/data/vertex_tag.h
[2.537s] -- Up-to-date: /home/vvoxel/ros2_ws_mgr/install/g2o/lib/libg2o_types_sclam2d.so.0.2.0
[2.537s] -- Up-to-date: /home/vvoxel/ros2_ws_mgr/install/g2o/lib/libg2o_types_sclam2d.so.0.2
[2.538s] -- Up-to-date: /home/vvoxel/ros2_ws_mgr/install/g2o/lib/libg2o_types_sclam2d.so
[2.538s] -- Up-to-date: /home/vvoxel/ros2_ws_mgr/install/g2o/include/g2o/types/sclam2d/edge_se2_odom_differential_calib.h
[2.538s] -- Up-to-date: /home/vvoxel/ros2_ws_mgr/install/g2o/include/g2o/types/sclam2d/edge_se2_sensor_calib.h
[2.538s] -- Up-to-date: /home/vvoxel/ros2_ws_mgr/install/g2o/include/g2o/types/sclam2d/g2o_types_sclam2d_api.h
[2.539s] -- Up-to-date: /home/vvoxel/ros2_ws_mgr/install/g2o/include/g2o/types/sclam2d/odometry_measurement.h
[2.539s] -- Up-to-date: /home/vvoxel/ros2_ws_mgr/install/g2o/include/g2o/types/sclam2d/types_sclam2d.h
[2.539s] -- Up-to-date: /home/vvoxel/ros2_ws_mgr/install/g2o/include/g2o/types/sclam2d/vertex_odom_differential_params.h
[2.540s] -- Up-to-date: /home/vvoxel/ros2_ws_mgr/install/g2o/lib/libg2o_types_slam3d.so.0.2.0
[2.540s] -- Up-to-date: /home/vvoxel/ros2_ws_mgr/install/g2o/lib/libg2o_types_slam3d.so.0.2
[2.540s] -- Up-to-date: /home/vvoxel/ros2_ws_mgr/install/g2o/lib/libg2o_types_slam3d.so
[2.540s] -- Up-to-date: /home/vvoxel/ros2_ws_mgr/install/g2o/include/g2o/types/slam3d/dquat2mat.h
[2.541s] -- Up-to-date: /home/vvoxel/ros2_ws_mgr/install/g2o/include/g2o/types/slam3d/edge_pointxyz.h
[2.541s] -- Up-to-date: /home/vvoxel/ros2_ws_mgr/install/g2o/include/g2o/types/slam3d/edge_se3.h
[2.541s] -- Up-to-date: /home/vvoxel/ros2_ws_mgr/install/g2o/include/g2o/types/slam3d/edge_se3_lotsofxyz.h
[2.541s] -- Up-to-date: /home/vvoxel/ros2_ws_mgr/install/g2o/include/g2o/types/slam3d/edge_se3_offset.h
[2.542s] -- Up-to-date: /home/vvoxel/ros2_ws_mgr/install/g2o/include/g2o/types/slam3d/edge_se3_pointxyz.h
[2.542s] -- Up-to-date: /home/vvoxel/ros2_ws_mgr/install/g2o/include/g2o/types/slam3d/edge_se3_pointxyz_depth.h
[2.542s] -- Up-to-date: /home/vvoxel/ros2_ws_mgr/install/g2o/include/g2o/types/slam3d/edge_se3_pointxyz_disparity.h
[2.543s] -- Up-to-date: /home/vvoxel/ros2_ws_mgr/install/g2o/include/g2o/types/slam3d/edge_se3_prior.h
[2.543s] -- Up-to-date: /home/vvoxel/ros2_ws_mgr/install/g2o/include/g2o/types/slam3d/edge_se3_xyzprior.h
[2.543s] -- Up-to-date: /home/vvoxel/ros2_ws_mgr/install/g2o/include/g2o/types/slam3d/edge_xyz_prior.h
[2.543s] -- Up-to-date: /home/vvoxel/ros2_ws_mgr/install/g2o/include/g2o/types/slam3d/g2o_types_slam3d_api.h
[2.544s] -- Up-to-date: /home/vvoxel/ros2_ws_mgr/install/g2o/include/g2o/types/slam3d/isometry3d_gradients.h
[2.544s] -- Up-to-date: /home/vvoxel/ros2_ws_mgr/install/g2o/include/g2o/types/slam3d/isometry3d_mappings.h
[2.544s] -- Up-to-date: /home/vvoxel/ros2_ws_mgr/install/g2o/include/g2o/types/slam3d/parameter_camera.h
[2.544s] -- Up-to-date: /home/vvoxel/ros2_ws_mgr/install/g2o/include/g2o/types/slam3d/parameter_se3_offset.h
[2.545s] -- Up-to-date: /home/vvoxel/ros2_ws_mgr/install/g2o/include/g2o/types/slam3d/parameter_stereo_camera.h
[2.545s] -- Up-to-date: /home/vvoxel/ros2_ws_mgr/install/g2o/include/g2o/types/slam3d/se3_ops.h
[2.545s] -- Up-to-date: /home/vvoxel/ros2_ws_mgr/install/g2o/include/g2o/types/slam3d/se3_ops.hpp
[2.546s] -- Up-to-date: /home/vvoxel/ros2_ws_mgr/install/g2o/include/g2o/types/slam3d/se3quat.h
[2.546s] -- Up-to-date: /home/vvoxel/ros2_ws_mgr/install/g2o/include/g2o/types/slam3d/types_slam3d.h
[2.546s] -- Up-to-date: /home/vvoxel/ros2_ws_mgr/install/g2o/include/g2o/types/slam3d/vertex_pointxyz.h
[2.546s] -- Up-to-date: /home/vvoxel/ros2_ws_mgr/install/g2o/include/g2o/types/slam3d/vertex_se3.h
[2.547s] -- Up-to-date: /home/vvoxel/ros2_ws_mgr/install/g2o/lib/libg2o_types_slam3d_addons.so.0.2.0
[2.547s] -- Up-to-date: /home/vvoxel/ros2_ws_mgr/install/g2o/lib/libg2o_types_slam3d_addons.so.0.2
[2.547s] -- Up-to-date: /home/vvoxel/ros2_ws_mgr/install/g2o/lib/libg2o_types_slam3d_addons.so
[2.547s] -- Up-to-date: /home/vvoxel/ros2_ws_mgr/install/g2o/include/g2o/types/slam3d_addons/edge_plane.h
[2.548s] -- Up-to-date: /home/vvoxel/ros2_ws_mgr/install/g2o/include/g2o/types/slam3d_addons/edge_se3_calib.h
[2.548s] -- Up-to-date: /home/vvoxel/ros2_ws_mgr/install/g2o/include/g2o/types/slam3d_addons/edge_se3_euler.h
[2.548s] -- Up-to-date: /home/vvoxel/ros2_ws_mgr/install/g2o/include/g2o/types/slam3d_addons/edge_se3_line.h
[2.549s] -- Up-to-date: /home/vvoxel/ros2_ws_mgr/install/g2o/include/g2o/types/slam3d_addons/edge_se3_plane_calib.h
[2.549s] -- Up-to-date: /home/vvoxel/ros2_ws_mgr/install/g2o/include/g2o/types/slam3d_addons/g2o_types_slam3d_addons_api.h
[2.549s] -- Up-to-date: /home/vvoxel/ros2_ws_mgr/install/g2o/include/g2o/types/slam3d_addons/line3d.h
[2.550s] -- Up-to-date: /home/vvoxel/ros2_ws_mgr/install/g2o/include/g2o/types/slam3d_addons/plane3d.h
[2.550s] -- Up-to-date: /home/vvoxel/ros2_ws_mgr/install/g2o/include/g2o/types/slam3d_addons/types_slam3d_addons.h
[2.550s] -- Up-to-date: /home/vvoxel/ros2_ws_mgr/install/g2o/include/g2o/types/slam3d_addons/vertex_line3d.h
[2.550s] -- Up-to-date: /home/vvoxel/ros2_ws_mgr/install/g2o/include/g2o/types/slam3d_addons/vertex_plane.h
[2.551s] -- Up-to-date: /home/vvoxel/ros2_ws_mgr/install/g2o/include/g2o/types/slam3d_addons/vertex_se3_euler.h
[2.551s] -- Up-to-date: /home/vvoxel/ros2_ws_mgr/install/g2o/lib/libg2o_types_sba.so.0.2.0
[2.551s] -- Up-to-date: /home/vvoxel/ros2_ws_mgr/install/g2o/lib/libg2o_types_sba.so.0.2
[2.552s] -- Up-to-date: /home/vvoxel/ros2_ws_mgr/install/g2o/lib/libg2o_types_sba.so
[2.552s] -- Up-to-date: /home/vvoxel/ros2_ws_mgr/install/g2o/include/g2o/types/sba/edge_project_p2mc.h
[2.552s] -- Up-to-date: /home/vvoxel/ros2_ws_mgr/install/g2o/include/g2o/types/sba/edge_project_p2sc.h
[2.553s] -- Up-to-date: /home/vvoxel/ros2_ws_mgr/install/g2o/include/g2o/types/sba/edge_project_psi2uv.h
[2.553s] -- Up-to-date: /home/vvoxel/ros2_ws_mgr/install/g2o/include/g2o/types/sba/edge_project_stereo_xyz.h
[2.553s] -- Up-to-date: /home/vvoxel/ros2_ws_mgr/install/g2o/include/g2o/types/sba/edge_project_stereo_xyz_onlypose.h
[2.554s] -- Up-to-date: /home/vvoxel/ros2_ws_mgr/install/g2o/include/g2o/types/sba/edge_project_xyz.h
[2.554s] -- Up-to-date: /home/vvoxel/ros2_ws_mgr/install/g2o/include/g2o/types/sba/edge_project_xyz2uv.h
[2.554s] -- Up-to-date: /home/vvoxel/ros2_ws_mgr/install/g2o/include/g2o/types/sba/edge_project_xyz2uvu.h
[2.554s] -- Up-to-date: /home/vvoxel/ros2_ws_mgr/install/g2o/include/g2o/types/sba/edge_project_xyz_onlypose.h
[2.555s] -- Up-to-date: /home/vvoxel/ros2_ws_mgr/install/g2o/include/g2o/types/sba/edge_sba_cam.h
[2.555s] -- Up-to-date: /home/vvoxel/ros2_ws_mgr/install/g2o/include/g2o/types/sba/edge_sba_scale.h
[2.555s] -- Up-to-date: /home/vvoxel/ros2_ws_mgr/install/g2o/include/g2o/types/sba/edge_se3_expmap.h
[2.555s] -- Up-to-date: /home/vvoxel/ros2_ws_mgr/install/g2o/include/g2o/types/sba/g2o_types_sba_api.h
[2.556s] -- Up-to-date: /home/vvoxel/ros2_ws_mgr/install/g2o/include/g2o/types/sba/parameter_cameraparameters.h
[2.556s] -- Up-to-date: /home/vvoxel/ros2_ws_mgr/install/g2o/include/g2o/types/sba/sba_utils.h
[2.556s] -- Up-to-date: /home/vvoxel/ros2_ws_mgr/install/g2o/include/g2o/types/sba/sbacam.h
[2.557s] -- Up-to-date: /home/vvoxel/ros2_ws_mgr/install/g2o/include/g2o/types/sba/types_sba.h
[2.557s] -- Up-to-date: /home/vvoxel/ros2_ws_mgr/install/g2o/include/g2o/types/sba/types_six_dof_expmap.h
[2.557s] -- Up-to-date: /home/vvoxel/ros2_ws_mgr/install/g2o/include/g2o/types/sba/vertex_cam.h
[2.557s] -- Up-to-date: /home/vvoxel/ros2_ws_mgr/install/g2o/include/g2o/types/sba/vertex_intrinsics.h
[2.558s] -- Up-to-date: /home/vvoxel/ros2_ws_mgr/install/g2o/include/g2o/types/sba/vertex_se3_expmap.h
[2.558s] -- Up-to-date: /home/vvoxel/ros2_ws_mgr/install/g2o/lib/libg2o_types_icp.so.0.2.0
[2.558s] -- Up-to-date: /home/vvoxel/ros2_ws_mgr/install/g2o/lib/libg2o_types_icp.so.0.2
[2.559s] -- Up-to-date: /home/vvoxel/ros2_ws_mgr/install/g2o/lib/libg2o_types_icp.so
[2.559s] -- Up-to-date: /home/vvoxel/ros2_ws_mgr/install/g2o/include/g2o/types/icp/g2o_types_icp_api.h
[2.559s] -- Up-to-date: /home/vvoxel/ros2_ws_mgr/install/g2o/include/g2o/types/icp/types_icp.h
[2.559s] -- Up-to-date: /home/vvoxel/ros2_ws_mgr/install/g2o/lib/libg2o_types_sim3.so.0.2.0
[2.560s] -- Up-to-date: /home/vvoxel/ros2_ws_mgr/install/g2o/lib/libg2o_types_sim3.so.0.2
[2.560s] -- Up-to-date: /home/vvoxel/ros2_ws_mgr/install/g2o/lib/libg2o_types_sim3.so
[2.560s] -- Up-to-date: /home/vvoxel/ros2_ws_mgr/install/g2o/include/g2o/types/sim3/sim3.h
[2.560s] -- Up-to-date: /home/vvoxel/ros2_ws_mgr/install/g2o/include/g2o/types/sim3/types_seven_dof_expmap.h
[2.561s] -- Up-to-date: /home/vvoxel/ros2_ws_mgr/install/g2o/lib/libg2o_solver_pcg.so.0.2.0
[2.562s] -- Up-to-date: /home/vvoxel/ros2_ws_mgr/install/g2o/lib/libg2o_solver_pcg.so.0.2
[2.562s] -- Up-to-date: /home/vvoxel/ros2_ws_mgr/install/g2o/lib/libg2o_solver_pcg.so
[2.562s] -- Up-to-date: /home/vvoxel/ros2_ws_mgr/install/g2o/include/g2o/solvers/pcg/linear_solver_pcg.h
[2.562s] -- Up-to-date: /home/vvoxel/ros2_ws_mgr/install/g2o/include/g2o/solvers/pcg/linear_solver_pcg.hpp
[2.563s] -- Up-to-date: /home/vvoxel/ros2_ws_mgr/install/g2o/lib/libg2o_solver_dense.so.0.2.0
[2.563s] -- Up-to-date: /home/vvoxel/ros2_ws_mgr/install/g2o/lib/libg2o_solver_dense.so.0.2
[2.563s] -- Up-to-date: /home/vvoxel/ros2_ws_mgr/install/g2o/lib/libg2o_solver_dense.so
[2.564s] -- Up-to-date: /home/vvoxel/ros2_ws_mgr/install/g2o/include/g2o/solvers/dense/linear_solver_dense.h
[2.564s] -- Up-to-date: /home/vvoxel/ros2_ws_mgr/install/g2o/lib/libg2o_solver_slam2d_linear.so.0.2.0
[2.564s] -- Up-to-date: /home/vvoxel/ros2_ws_mgr/install/g2o/lib/libg2o_solver_slam2d_linear.so.0.2
[2.564s] -- Up-to-date: /home/vvoxel/ros2_ws_mgr/install/g2o/lib/libg2o_solver_slam2d_linear.so
[2.565s] -- Up-to-date: /home/vvoxel/ros2_ws_mgr/install/g2o/include/g2o/solvers/slam2d_linear/g2o_slam2d_linear_api.h
[2.565s] -- Up-to-date: /home/vvoxel/ros2_ws_mgr/install/g2o/include/g2o/solvers/slam2d_linear/solver_slam2d_linear.h
[2.565s] -- Up-to-date: /home/vvoxel/ros2_ws_mgr/install/g2o/lib/libg2o_solver_structure_only.so.0.2.0
[2.565s] -- Up-to-date: /home/vvoxel/ros2_ws_mgr/install/g2o/lib/libg2o_solver_structure_only.so.0.2
[2.566s] -- Up-to-date: /home/vvoxel/ros2_ws_mgr/install/g2o/lib/libg2o_solver_structure_only.so
[2.566s] -- Up-to-date: /home/vvoxel/ros2_ws_mgr/install/g2o/include/g2o/solvers/structure_only/structure_only_solver.h
[2.566s] -- Up-to-date: /home/vvoxel/ros2_ws_mgr/install/g2o/lib/libg2o_solver_csparse.so.0.2.0
[2.567s] -- Up-to-date: /home/vvoxel/ros2_ws_mgr/install/g2o/lib/libg2o_solver_csparse.so.0.2
[2.567s] -- Up-to-date: /home/vvoxel/ros2_ws_mgr/install/g2o/lib/libg2o_solver_csparse.so
[2.567s] -- Up-to-date: /home/vvoxel/ros2_ws_mgr/install/g2o/lib/libg2o_csparse_extension.so.0.2.0
[2.567s] -- Up-to-date: /home/vvoxel/ros2_ws_mgr/install/g2o/lib/libg2o_csparse_extension.so.0.2
[2.568s] -- Up-to-date: /home/vvoxel/ros2_ws_mgr/install/g2o/lib/libg2o_csparse_extension.so
[2.568s] -- Up-to-date: /home/vvoxel/ros2_ws_mgr/install/g2o/include/g2o/solvers/csparse/csparse_extension.h
[2.568s] -- Up-to-date: /home/vvoxel/ros2_ws_mgr/install/g2o/include/g2o/solvers/csparse/csparse_helper.h
[2.568s] -- Up-to-date: /home/vvoxel/ros2_ws_mgr/install/g2o/include/g2o/solvers/csparse/csparse_wrapper.h
[2.569s] -- Up-to-date: /home/vvoxel/ros2_ws_mgr/install/g2o/include/g2o/solvers/csparse/g2o_csparse_api.h
[2.569s] -- Up-to-date: /home/vvoxel/ros2_ws_mgr/install/g2o/include/g2o/solvers/csparse/g2o_csparse_extension_api.h
[2.569s] -- Up-to-date: /home/vvoxel/ros2_ws_mgr/install/g2o/include/g2o/solvers/csparse/linear_solver_csparse.h
[2.570s] -- Up-to-date: /home/vvoxel/ros2_ws_mgr/install/g2o/lib/libg2o_solver_cholmod.so.0.2.0
[2.570s] -- Up-to-date: /home/vvoxel/ros2_ws_mgr/install/g2o/lib/libg2o_solver_cholmod.so.0.2
[2.570s] -- Up-to-date: /home/vvoxel/ros2_ws_mgr/install/g2o/lib/libg2o_solver_cholmod.so
[2.570s] -- Up-to-date: /home/vvoxel/ros2_ws_mgr/install/g2o/include/g2o/solvers/cholmod/linear_solver_cholmod.h
[2.571s] -- Up-to-date: /home/vvoxel/ros2_ws_mgr/install/g2o/include/g2o/solvers/cholmod/cholmod_wrapper.h
[2.571s] -- Up-to-date: /home/vvoxel/ros2_ws_mgr/install/g2o/lib/libg2o_solver_eigen.so.0.2.0
[2.571s] -- Up-to-date: /home/vvoxel/ros2_ws_mgr/install/g2o/lib/libg2o_solver_eigen.so.0.2
[2.571s] -- Up-to-date: /home/vvoxel/ros2_ws_mgr/install/g2o/lib/libg2o_solver_eigen.so
[2.572s] -- Up-to-date: /home/vvoxel/ros2_ws_mgr/install/g2o/include/g2o/solvers/eigen/linear_solver_eigen.h
[2.572s] -- Up-to-date: /home/vvoxel/ros2_ws_mgr/install/g2o/lib/libg2o_parser.so.0.2.0
[2.572s] -- Up-to-date: /home/vvoxel/ros2_ws_mgr/install/g2o/lib/libg2o_parser.so.0.2
[2.573s] -- Up-to-date: /home/vvoxel/ros2_ws_mgr/install/g2o/lib/libg2o_parser.so
[2.573s] -- Up-to-date: /home/vvoxel/ros2_ws_mgr/install/g2o/include/g2o/examples/interactive_slam/slam_parser/parser/FlexLexer.h
[2.573s] -- Up-to-date: /home/vvoxel/ros2_ws_mgr/install/g2o/include/g2o/examples/interactive_slam/slam_parser/parser/bison_parser.h
[2.573s] -- Up-to-date: /home/vvoxel/ros2_ws_mgr/install/g2o/include/g2o/examples/interactive_slam/slam_parser/parser/commands.h
[2.574s] -- Up-to-date: /home/vvoxel/ros2_ws_mgr/install/g2o/include/g2o/examples/interactive_slam/slam_parser/parser/driver.h
[2.574s] -- Up-to-date: /home/vvoxel/ros2_ws_mgr/install/g2o/include/g2o/examples/interactive_slam/slam_parser/parser/location.hh
[2.575s] -- Up-to-date: /home/vvoxel/ros2_ws_mgr/install/g2o/include/g2o/examples/interactive_slam/slam_parser/parser/position.hh
[2.575s] -- Up-to-date: /home/vvoxel/ros2_ws_mgr/install/g2o/include/g2o/examples/interactive_slam/slam_parser/parser/scanner.h
[2.576s] -- Up-to-date: /home/vvoxel/ros2_ws_mgr/install/g2o/include/g2o/examples/interactive_slam/slam_parser/parser/slam_context.h
[2.576s] -- Up-to-date: /home/vvoxel/ros2_ws_mgr/install/g2o/lib/libg2o_interface.so.0.2.0
[2.576s] -- Up-to-date: /home/vvoxel/ros2_ws_mgr/install/g2o/lib/libg2o_interface.so.0.2
[2.576s] -- Up-to-date: /home/vvoxel/ros2_ws_mgr/install/g2o/lib/libg2o_interface.so
[2.577s] -- Up-to-date: /home/vvoxel/ros2_ws_mgr/install/g2o/include/g2o/examples/interactive_slam/slam_parser/interface/abstract_slam_interface.h
[2.577s] -- Up-to-date: /home/vvoxel/ros2_ws_mgr/install/g2o/include/g2o/examples/interactive_slam/slam_parser/interface/parser_interface.h
[2.577s] -- Up-to-date: /home/vvoxel/ros2_ws_mgr/install/g2o/include/g2o/examples/interactive_slam/slam_parser/interface/slam_context_interface.h
[2.578s] -- Up-to-date: /home/vvoxel/ros2_ws_mgr/install/g2o/lib/libg2o_interactive.so.0.2.0
[2.578s] -- Up-to-date: /home/vvoxel/ros2_ws_mgr/install/g2o/lib/libg2o_interactive.so.0.2
[2.578s] -- Up-to-date: /home/vvoxel/ros2_ws_mgr/install/g2o/lib/libg2o_interactive.so
[2.578s] -- Up-to-date: /home/vvoxel/ros2_ws_mgr/install/g2o/bin/g2o_online
[2.579s] -- Up-to-date: /home/vvoxel/ros2_ws_mgr/install/g2o/include/g2o/examples/interactive_slam/g2o_interactive/fast_output.h
[2.579s] -- Up-to-date: /home/vvoxel/ros2_ws_mgr/install/g2o/include/g2o/examples/interactive_slam/g2o_interactive/g2o_interactive_api.h
[2.579s] -- Up-to-date: /home/vvoxel/ros2_ws_mgr/install/g2o/include/g2o/examples/interactive_slam/g2o_interactive/g2o_slam_interface.h
[2.580s] -- Up-to-date: /home/vvoxel/ros2_ws_mgr/install/g2o/include/g2o/examples/interactive_slam/g2o_interactive/graph_optimizer_sparse_online.h
[2.580s] -- Up-to-date: /home/vvoxel/ros2_ws_mgr/install/g2o/include/g2o/examples/interactive_slam/g2o_interactive/types_slam2d_online.h
[2.580s] -- Up-to-date: /home/vvoxel/ros2_ws_mgr/install/g2o/include/g2o/examples/interactive_slam/g2o_interactive/types_slam3d_online.h
[2.580s] -- Up-to-date: /home/vvoxel/ros2_ws_mgr/install/g2o/lib/libg2o_incremental.so.0.2.0
[2.581s] -- Up-to-date: /home/vvoxel/ros2_ws_mgr/install/g2o/lib/libg2o_incremental.so.0.2
[2.581s] -- Up-to-date: /home/vvoxel/ros2_ws_mgr/install/g2o/lib/libg2o_incremental.so
[2.581s] -- Up-to-date: /home/vvoxel/ros2_ws_mgr/install/g2o/bin/g2o_incremental
[2.582s] -- Up-to-date: /home/vvoxel/ros2_ws_mgr/install/g2o/include/g2o/examples/interactive_slam/g2o_incremental/g2o_incremental_api.h
[2.582s] -- Up-to-date: /home/vvoxel/ros2_ws_mgr/install/g2o/include/g2o/examples/interactive_slam/g2o_incremental/graph_optimizer_sparse_incremental.h
[2.582s] -- Up-to-date: /home/vvoxel/ros2_ws_mgr/install/g2o/include/g2o/examples/interactive_slam/g2o_incremental/linear_solver_cholmod_online.h
[2.582s] -- Up-to-date: /home/vvoxel/ros2_ws_mgr/install/g2o/lib/libg2o_hierarchical.so.0.2.0
[2.583s] -- Up-to-date: /home/vvoxel/ros2_ws_mgr/install/g2o/lib/libg2o_hierarchical.so.0.2
[2.583s] -- Up-to-date: /home/vvoxel/ros2_ws_mgr/install/g2o/lib/libg2o_hierarchical.so
[2.583s] -- Up-to-date: /home/vvoxel/ros2_ws_mgr/install/g2o/include/g2o/apps/g2o_hierarchical/backbone_tree_action.h
[2.584s] -- Up-to-date: /home/vvoxel/ros2_ws_mgr/install/g2o/include/g2o/apps/g2o_hierarchical/edge_creator.h
[2.584s] -- Up-to-date: /home/vvoxel/ros2_ws_mgr/install/g2o/include/g2o/apps/g2o_hierarchical/edge_labeler.h
[2.584s] -- Up-to-date: /home/vvoxel/ros2_ws_mgr/install/g2o/include/g2o/apps/g2o_hierarchical/edge_types_cost_function.h
[2.585s] -- Up-to-date: /home/vvoxel/ros2_ws_mgr/install/g2o/include/g2o/apps/g2o_hierarchical/g2o_hierarchical_api.h
[2.585s] -- Up-to-date: /home/vvoxel/ros2_ws_mgr/install/g2o/include/g2o/apps/g2o_hierarchical/simple_star_ops.h
[2.585s] -- Up-to-date: /home/vvoxel/ros2_ws_mgr/install/g2o/include/g2o/apps/g2o_hierarchical/star.h
[2.660s] Invoked command in '/home/vvoxel/ros2_ws_mgr/build/g2o' returned '0': DEBUGINFOD_URLS=https://debuginfod.ubuntu.com /usr/bin/cmake --install /home/vvoxel/ros2_ws_mgr/build/g2o
