[0.083s] Invoking command in '/home/vvoxel/ros2_ws_mgr/build/realsense2_camera_msgs': CMAKE_PREFIX_PATH=/home/vvoxel/ros2_ws_mgr/install/sim_launcher:/opt/ros/jazzy:${CMAKE_PREFIX_PATH} DEBUGINFOD_URLS=https://debuginfod.ubuntu.com /usr/bin/cmake /home/vvoxel/ros2_ws_mgr/src/realsense-ros/realsense2_camera_msgs -DCMAKE_INSTALL_PREFIX=/home/vvoxel/ros2_ws_mgr/install/realsense2_camera_msgs
[0.134s] -- Found ament_cmake: 2.5.3 (/opt/ros/jazzy/share/ament_cmake/cmake)
[0.229s] -- Found Python3: /usr/bin/python3 (found version "3.12.3") found components: Interpreter 
[0.559s] -- Override CMake install command with custom implementation using symlinks instead of copying resources
[0.589s] -- Found rosidl_default_generators: 1.6.0 (/opt/ros/jazzy/share/rosidl_default_generators/cmake)
[0.605s] -- Using all available rosidl_typesupport_c: rosidl_typesupport_fastrtps_c;rosidl_typesupport_introspection_c
[0.809s] -- Using all available rosidl_typesupport_cpp: rosidl_typesupport_fastrtps_cpp;rosidl_typesupport_introspection_cpp
[0.932s] -- Found rosidl_adapter: 4.6.5 (/opt/ros/jazzy/share/rosidl_adapter/cmake)
[0.946s] -- Found builtin_interfaces: 2.0.2 (/opt/ros/jazzy/share/builtin_interfaces/cmake)
[0.994s] -- Found std_msgs: 5.3.6 (/opt/ros/jazzy/share/std_msgs/cmake)
[1.086s] -- Found sensor_msgs: 5.3.6 (/opt/ros/jazzy/share/sensor_msgs/cmake)
[2.773s] -- Found ament_cmake_cppcheck: 0.17.2 (/opt/ros/jazzy/share/ament_cmake_cppcheck/cmake)
[2.775s] -- Found ament_cmake_cpplint: 0.17.2 (/opt/ros/jazzy/share/ament_cmake_cpplint/cmake)
[2.777s] -- Found ament_cmake_uncrustify: 0.17.2 (/opt/ros/jazzy/share/ament_cmake_uncrustify/cmake)
[2.779s] -- Found ament_cmake_ros: 0.12.0 (/opt/ros/jazzy/share/ament_cmake_ros/cmake)
[3.449s] -- Using all available rosidl_typesupport_c: rosidl_typesupport_fastrtps_c;rosidl_typesupport_introspection_c
[4.394s] -- Using all available rosidl_typesupport_cpp: rosidl_typesupport_fastrtps_cpp;rosidl_typesupport_introspection_cpp
[4.403s] -- Found python_cmake_module: 0.11.1 (/opt/ros/jazzy/share/python_cmake_module/cmake)
[5.255s] -- Found Python3: /usr/bin/python3 (found version "3.12.3") found components: Interpreter Development NumPy Development.Module Development.Embed 
[5.449s] -- Found ament_cmake_flake8: 0.17.2 (/opt/ros/jazzy/share/ament_cmake_flake8/cmake)
[5.452s] -- Found ament_cmake_pep257: 0.17.2 (/opt/ros/jazzy/share/ament_cmake_pep257/cmake)
[5.504s] -- Configuring done (5.4s)
[5.769s] -- Generating done (0.2s)
[5.818s] -- Build files have been written to: /home/vvoxel/ros2_ws_mgr/build/realsense2_camera_msgs
[5.844s] Invoked command in '/home/vvoxel/ros2_ws_mgr/build/realsense2_camera_msgs' returned '0': CMAKE_PREFIX_PATH=/home/vvoxel/ros2_ws_mgr/install/sim_launcher:/opt/ros/jazzy:${CMAKE_PREFIX_PATH} DEBUGINFOD_URLS=https://debuginfod.ubuntu.com /usr/bin/cmake /home/vvoxel/ros2_ws_mgr/src/realsense-ros/realsense2_camera_msgs -DCMAKE_INSTALL_PREFIX=/home/vvoxel/ros2_ws_mgr/install/realsense2_camera_msgs
[5.847s] Invoking command in '/home/vvoxel/ros2_ws_mgr/build/realsense2_camera_msgs': CMAKE_PREFIX_PATH=/home/vvoxel/ros2_ws_mgr/install/sim_launcher:/opt/ros/jazzy:${CMAKE_PREFIX_PATH} DEBUGINFOD_URLS=https://debuginfod.ubuntu.com /usr/bin/cmake --build /home/vvoxel/ros2_ws_mgr/build/realsense2_camera_msgs -- -j8 -l8
[6.005s] [  1%] Built target realsense2_camera_msgs__rosidl_generator_type_description
[6.040s] [  1%] Built target ament_cmake_python_symlink_realsense2_camera_msgs
[6.072s] [  2%] Built target realsense2_camera_msgs__cpp
[6.093s] [ 25%] Built target realsense2_camera_msgs__rosidl_generator_c
[6.198s] [ 35%] Built target realsense2_camera_msgs__rosidl_typesupport_cpp
[6.246s] [ 44%] Built target realsense2_camera_msgs__rosidl_typesupport_c
[6.246s] [ 54%] Built target realsense2_camera_msgs__rosidl_typesupport_introspection_c
[6.248s] [ 63%] Built target realsense2_camera_msgs__rosidl_typesupport_fastrtps_c
[6.266s] [ 72%] Built target realsense2_camera_msgs__rosidl_typesupport_introspection_cpp
[6.269s] [ 82%] Built target realsense2_camera_msgs__rosidl_typesupport_fastrtps_cpp
[6.315s] [ 82%] Built target realsense2_camera_msgs
[6.377s] [ 83%] Built target realsense2_camera_msgs__py
[6.454s] [ 91%] Built target realsense2_camera_msgs__rosidl_generator_py
[6.550s] [ 94%] Built target realsense2_camera_msgs_s__rosidl_typesupport_introspection_c
[6.573s] [ 97%] Built target realsense2_camera_msgs_s__rosidl_typesupport_fastrtps_c
[6.582s] [100%] Built target realsense2_camera_msgs_s__rosidl_typesupport_c
[6.813s] running egg_info
[6.902s] writing realsense2_camera_msgs.egg-info/PKG-INFO
[6.903s] writing dependency_links to realsense2_camera_msgs.egg-info/dependency_links.txt
[6.904s] writing top-level names to realsense2_camera_msgs.egg-info/top_level.txt
[7.160s] reading manifest file 'realsense2_camera_msgs.egg-info/SOURCES.txt'
[7.162s] writing manifest file 'realsense2_camera_msgs.egg-info/SOURCES.txt'
[7.245s] [100%] Built target ament_cmake_python_build_realsense2_camera_msgs_egg
[7.275s] Invoked command in '/home/vvoxel/ros2_ws_mgr/build/realsense2_camera_msgs' returned '0': CMAKE_PREFIX_PATH=/home/vvoxel/ros2_ws_mgr/install/sim_launcher:/opt/ros/jazzy:${CMAKE_PREFIX_PATH} DEBUGINFOD_URLS=https://debuginfod.ubuntu.com /usr/bin/cmake --build /home/vvoxel/ros2_ws_mgr/build/realsense2_camera_msgs -- -j8 -l8
[7.278s] Invoking command in '/home/vvoxel/ros2_ws_mgr/build/realsense2_camera_msgs': CMAKE_PREFIX_PATH=/home/vvoxel/ros2_ws_mgr/install/sim_launcher:/opt/ros/jazzy:${CMAKE_PREFIX_PATH} DEBUGINFOD_URLS=https://debuginfod.ubuntu.com /usr/bin/cmake --install /home/vvoxel/ros2_ws_mgr/build/realsense2_camera_msgs
[7.294s] -- Install configuration: ""
[7.295s] -- Execute custom install script
[7.296s] -- Up-to-date symlink: /home/vvoxel/ros2_ws_mgr/install/realsense2_camera_msgs/share/ament_index/resource_index/rosidl_interfaces/realsense2_camera_msgs
[7.297s] -- Up-to-date symlink: /home/vvoxel/ros2_ws_mgr/install/realsense2_camera_msgs/share/realsense2_camera_msgs/msg/IMUInfo.json
[7.297s] -- Up-to-date symlink: /home/vvoxel/ros2_ws_mgr/install/realsense2_camera_msgs/share/realsense2_camera_msgs/msg/Extrinsics.json
[7.298s] -- Up-to-date symlink: /home/vvoxel/ros2_ws_mgr/install/realsense2_camera_msgs/share/realsense2_camera_msgs/msg/Metadata.json
[7.298s] -- Up-to-date symlink: /home/vvoxel/ros2_ws_mgr/install/realsense2_camera_msgs/share/realsense2_camera_msgs/msg/RGBD.json
[7.299s] -- Up-to-date symlink: /home/vvoxel/ros2_ws_mgr/install/realsense2_camera_msgs/share/realsense2_camera_msgs/srv/DeviceInfo.json
[7.300s] -- Up-to-date symlink: /home/vvoxel/ros2_ws_mgr/install/realsense2_camera_msgs/include/realsense2_camera_msgs/realsense2_camera_msgs/msg/detail/extrinsics__functions.h
[7.300s] -- Up-to-date symlink: /home/vvoxel/ros2_ws_mgr/install/realsense2_camera_msgs/include/realsense2_camera_msgs/realsense2_camera_msgs/msg/detail/extrinsics__struct.h
[7.301s] -- Up-to-date symlink: /home/vvoxel/ros2_ws_mgr/install/realsense2_camera_msgs/include/realsense2_camera_msgs/realsense2_camera_msgs/msg/detail/extrinsics__type_support.h
[7.301s] -- Up-to-date symlink: /home/vvoxel/ros2_ws_mgr/install/realsense2_camera_msgs/include/realsense2_camera_msgs/realsense2_camera_msgs/msg/detail/imu_info__functions.h
[7.302s] -- Up-to-date symlink: /home/vvoxel/ros2_ws_mgr/install/realsense2_camera_msgs/include/realsense2_camera_msgs/realsense2_camera_msgs/msg/detail/imu_info__struct.h
[7.302s] -- Up-to-date symlink: /home/vvoxel/ros2_ws_mgr/install/realsense2_camera_msgs/include/realsense2_camera_msgs/realsense2_camera_msgs/msg/detail/imu_info__type_support.h
[7.303s] -- Up-to-date symlink: /home/vvoxel/ros2_ws_mgr/install/realsense2_camera_msgs/include/realsense2_camera_msgs/realsense2_camera_msgs/msg/detail/metadata__functions.h
[7.303s] -- Up-to-date symlink: /home/vvoxel/ros2_ws_mgr/install/realsense2_camera_msgs/include/realsense2_camera_msgs/realsense2_camera_msgs/msg/detail/metadata__struct.h
[7.304s] -- Up-to-date symlink: /home/vvoxel/ros2_ws_mgr/install/realsense2_camera_msgs/include/realsense2_camera_msgs/realsense2_camera_msgs/msg/detail/metadata__type_support.h
[7.304s] -- Up-to-date symlink: /home/vvoxel/ros2_ws_mgr/install/realsense2_camera_msgs/include/realsense2_camera_msgs/realsense2_camera_msgs/msg/detail/rgbd__functions.h
[7.304s] -- Up-to-date symlink: /home/vvoxel/ros2_ws_mgr/install/realsense2_camera_msgs/include/realsense2_camera_msgs/realsense2_camera_msgs/msg/detail/rgbd__struct.h
[7.305s] -- Up-to-date symlink: /home/vvoxel/ros2_ws_mgr/install/realsense2_camera_msgs/include/realsense2_camera_msgs/realsense2_camera_msgs/msg/detail/rgbd__type_support.h
[7.305s] -- Up-to-date symlink: /home/vvoxel/ros2_ws_mgr/install/realsense2_camera_msgs/include/realsense2_camera_msgs/realsense2_camera_msgs/msg/extrinsics.h
[7.305s] -- Up-to-date symlink: /home/vvoxel/ros2_ws_mgr/install/realsense2_camera_msgs/include/realsense2_camera_msgs/realsense2_camera_msgs/msg/imu_info.h
[7.306s] -- Up-to-date symlink: /home/vvoxel/ros2_ws_mgr/install/realsense2_camera_msgs/include/realsense2_camera_msgs/realsense2_camera_msgs/msg/metadata.h
[7.306s] -- Up-to-date symlink: /home/vvoxel/ros2_ws_mgr/install/realsense2_camera_msgs/include/realsense2_camera_msgs/realsense2_camera_msgs/msg/rgbd.h
[7.306s] -- Up-to-date symlink: /home/vvoxel/ros2_ws_mgr/install/realsense2_camera_msgs/include/realsense2_camera_msgs/realsense2_camera_msgs/msg/rosidl_generator_c__visibility_control.h
[7.307s] -- Up-to-date symlink: /home/vvoxel/ros2_ws_mgr/install/realsense2_camera_msgs/include/realsense2_camera_msgs/realsense2_camera_msgs/srv/detail/device_info__functions.h
[7.307s] -- Up-to-date symlink: /home/vvoxel/ros2_ws_mgr/install/realsense2_camera_msgs/include/realsense2_camera_msgs/realsense2_camera_msgs/srv/detail/device_info__struct.h
[7.307s] -- Up-to-date symlink: /home/vvoxel/ros2_ws_mgr/install/realsense2_camera_msgs/include/realsense2_camera_msgs/realsense2_camera_msgs/srv/detail/device_info__type_support.h
[7.308s] -- Up-to-date symlink: /home/vvoxel/ros2_ws_mgr/install/realsense2_camera_msgs/include/realsense2_camera_msgs/realsense2_camera_msgs/srv/device_info.h
[7.308s] -- Up-to-date symlink: /home/vvoxel/ros2_ws_mgr/install/realsense2_camera_msgs/share/realsense2_camera_msgs/environment/library_path.sh
[7.308s] -- Up-to-date symlink: /home/vvoxel/ros2_ws_mgr/install/realsense2_camera_msgs/share/realsense2_camera_msgs/environment/library_path.dsv
[7.310s] -- Up-to-date symlink: /home/vvoxel/ros2_ws_mgr/install/realsense2_camera_msgs/include/realsense2_camera_msgs/realsense2_camera_msgs/msg/detail/extrinsics__rosidl_typesupport_fastrtps_c.h
[7.311s] -- Up-to-date symlink: /home/vvoxel/ros2_ws_mgr/install/realsense2_camera_msgs/include/realsense2_camera_msgs/realsense2_camera_msgs/msg/detail/imu_info__rosidl_typesupport_fastrtps_c.h
[7.312s] -- Up-to-date symlink: /home/vvoxel/ros2_ws_mgr/install/realsense2_camera_msgs/include/realsense2_camera_msgs/realsense2_camera_msgs/msg/detail/metadata__rosidl_typesupport_fastrtps_c.h
[7.312s] -- Up-to-date symlink: /home/vvoxel/ros2_ws_mgr/install/realsense2_camera_msgs/include/realsense2_camera_msgs/realsense2_camera_msgs/msg/detail/rgbd__rosidl_typesupport_fastrtps_c.h
[7.314s] -- Up-to-date symlink: /home/vvoxel/ros2_ws_mgr/install/realsense2_camera_msgs/include/realsense2_camera_msgs/realsense2_camera_msgs/msg/rosidl_typesupport_fastrtps_c__visibility_control.h
[7.318s] -- Up-to-date symlink: /home/vvoxel/ros2_ws_mgr/install/realsense2_camera_msgs/include/realsense2_camera_msgs/realsense2_camera_msgs/srv/detail/device_info__rosidl_typesupport_fastrtps_c.h
[7.319s] -- Up-to-date symlink: /home/vvoxel/ros2_ws_mgr/install/realsense2_camera_msgs/include/realsense2_camera_msgs/realsense2_camera_msgs/msg/detail/extrinsics__rosidl_typesupport_introspection_c.h
[7.319s] -- Up-to-date symlink: /home/vvoxel/ros2_ws_mgr/install/realsense2_camera_msgs/include/realsense2_camera_msgs/realsense2_camera_msgs/msg/detail/imu_info__rosidl_typesupport_introspection_c.h
[7.321s] -- Up-to-date symlink: /home/vvoxel/ros2_ws_mgr/install/realsense2_camera_msgs/include/realsense2_camera_msgs/realsense2_camera_msgs/msg/detail/metadata__rosidl_typesupport_introspection_c.h
[7.321s] -- Up-to-date symlink: /home/vvoxel/ros2_ws_mgr/install/realsense2_camera_msgs/include/realsense2_camera_msgs/realsense2_camera_msgs/msg/detail/rgbd__rosidl_typesupport_introspection_c.h
[7.323s] -- Up-to-date symlink: /home/vvoxel/ros2_ws_mgr/install/realsense2_camera_msgs/include/realsense2_camera_msgs/realsense2_camera_msgs/msg/rosidl_typesupport_introspection_c__visibility_control.h
[7.324s] -- Up-to-date symlink: /home/vvoxel/ros2_ws_mgr/install/realsense2_camera_msgs/include/realsense2_camera_msgs/realsense2_camera_msgs/srv/detail/device_info__rosidl_typesupport_introspection_c.h
[7.324s] -- Up-to-date symlink: /home/vvoxel/ros2_ws_mgr/install/realsense2_camera_msgs/include/realsense2_camera_msgs/realsense2_camera_msgs/msg/detail/extrinsics__builder.hpp
[7.325s] -- Up-to-date symlink: /home/vvoxel/ros2_ws_mgr/install/realsense2_camera_msgs/include/realsense2_camera_msgs/realsense2_camera_msgs/msg/detail/extrinsics__struct.hpp
[7.326s] -- Up-to-date symlink: /home/vvoxel/ros2_ws_mgr/install/realsense2_camera_msgs/include/realsense2_camera_msgs/realsense2_camera_msgs/msg/detail/extrinsics__traits.hpp
[7.326s] -- Up-to-date symlink: /home/vvoxel/ros2_ws_mgr/install/realsense2_camera_msgs/include/realsense2_camera_msgs/realsense2_camera_msgs/msg/detail/extrinsics__type_support.hpp
[7.326s] -- Up-to-date symlink: /home/vvoxel/ros2_ws_mgr/install/realsense2_camera_msgs/include/realsense2_camera_msgs/realsense2_camera_msgs/msg/detail/imu_info__builder.hpp
[7.326s] -- Up-to-date symlink: /home/vvoxel/ros2_ws_mgr/install/realsense2_camera_msgs/include/realsense2_camera_msgs/realsense2_camera_msgs/msg/detail/imu_info__struct.hpp
[7.327s] -- Up-to-date symlink: /home/vvoxel/ros2_ws_mgr/install/realsense2_camera_msgs/include/realsense2_camera_msgs/realsense2_camera_msgs/msg/detail/imu_info__traits.hpp
[7.332s] -- Up-to-date symlink: /home/vvoxel/ros2_ws_mgr/install/realsense2_camera_msgs/include/realsense2_camera_msgs/realsense2_camera_msgs/msg/detail/imu_info__type_support.hpp
[7.332s] -- Up-to-date symlink: /home/vvoxel/ros2_ws_mgr/install/realsense2_camera_msgs/include/realsense2_camera_msgs/realsense2_camera_msgs/msg/detail/metadata__builder.hpp
[7.339s] -- Up-to-date symlink: /home/vvoxel/ros2_ws_mgr/install/realsense2_camera_msgs/include/realsense2_camera_msgs/realsense2_camera_msgs/msg/detail/metadata__struct.hpp
[7.339s] -- Up-to-date symlink: /home/vvoxel/ros2_ws_mgr/install/realsense2_camera_msgs/include/realsense2_camera_msgs/realsense2_camera_msgs/msg/detail/metadata__traits.hpp
[7.340s] -- Up-to-date symlink: /home/vvoxel/ros2_ws_mgr/install/realsense2_camera_msgs/include/realsense2_camera_msgs/realsense2_camera_msgs/msg/detail/metadata__type_support.hpp
[7.340s] -- Up-to-date symlink: /home/vvoxel/ros2_ws_mgr/install/realsense2_camera_msgs/include/realsense2_camera_msgs/realsense2_camera_msgs/msg/detail/rgbd__builder.hpp
[7.340s] -- Up-to-date symlink: /home/vvoxel/ros2_ws_mgr/install/realsense2_camera_msgs/include/realsense2_camera_msgs/realsense2_camera_msgs/msg/detail/rgbd__struct.hpp
[7.345s] -- Up-to-date symlink: /home/vvoxel/ros2_ws_mgr/install/realsense2_camera_msgs/include/realsense2_camera_msgs/realsense2_camera_msgs/msg/detail/rgbd__traits.hpp
[7.346s] -- Up-to-date symlink: /home/vvoxel/ros2_ws_mgr/install/realsense2_camera_msgs/include/realsense2_camera_msgs/realsense2_camera_msgs/msg/detail/rgbd__type_support.hpp
[7.346s] -- Up-to-date symlink: /home/vvoxel/ros2_ws_mgr/install/realsense2_camera_msgs/include/realsense2_camera_msgs/realsense2_camera_msgs/msg/extrinsics.hpp
[7.347s] -- Up-to-date symlink: /home/vvoxel/ros2_ws_mgr/install/realsense2_camera_msgs/include/realsense2_camera_msgs/realsense2_camera_msgs/msg/imu_info.hpp
[7.347s] -- Up-to-date symlink: /home/vvoxel/ros2_ws_mgr/install/realsense2_camera_msgs/include/realsense2_camera_msgs/realsense2_camera_msgs/msg/metadata.hpp
[7.348s] -- Up-to-date symlink: /home/vvoxel/ros2_ws_mgr/install/realsense2_camera_msgs/include/realsense2_camera_msgs/realsense2_camera_msgs/msg/rgbd.hpp
[7.348s] -- Up-to-date symlink: /home/vvoxel/ros2_ws_mgr/install/realsense2_camera_msgs/include/realsense2_camera_msgs/realsense2_camera_msgs/msg/rosidl_generator_cpp__visibility_control.hpp
[7.348s] -- Up-to-date symlink: /home/vvoxel/ros2_ws_mgr/install/realsense2_camera_msgs/include/realsense2_camera_msgs/realsense2_camera_msgs/srv/detail/device_info__builder.hpp
[7.349s] -- Up-to-date symlink: /home/vvoxel/ros2_ws_mgr/install/realsense2_camera_msgs/include/realsense2_camera_msgs/realsense2_camera_msgs/srv/detail/device_info__struct.hpp
[7.349s] -- Up-to-date symlink: /home/vvoxel/ros2_ws_mgr/install/realsense2_camera_msgs/include/realsense2_camera_msgs/realsense2_camera_msgs/srv/detail/device_info__traits.hpp
[7.350s] -- Up-to-date symlink: /home/vvoxel/ros2_ws_mgr/install/realsense2_camera_msgs/include/realsense2_camera_msgs/realsense2_camera_msgs/srv/detail/device_info__type_support.hpp
[7.350s] -- Up-to-date symlink: /home/vvoxel/ros2_ws_mgr/install/realsense2_camera_msgs/include/realsense2_camera_msgs/realsense2_camera_msgs/srv/device_info.hpp
[7.350s] -- Up-to-date symlink: /home/vvoxel/ros2_ws_mgr/install/realsense2_camera_msgs/include/realsense2_camera_msgs/realsense2_camera_msgs/msg/detail/extrinsics__rosidl_typesupport_fastrtps_cpp.hpp
[7.350s] -- Up-to-date symlink: /home/vvoxel/ros2_ws_mgr/install/realsense2_camera_msgs/include/realsense2_camera_msgs/realsense2_camera_msgs/msg/detail/imu_info__rosidl_typesupport_fastrtps_cpp.hpp
[7.351s] -- Up-to-date symlink: /home/vvoxel/ros2_ws_mgr/install/realsense2_camera_msgs/include/realsense2_camera_msgs/realsense2_camera_msgs/msg/detail/metadata__rosidl_typesupport_fastrtps_cpp.hpp
[7.352s] -- Up-to-date symlink: /home/vvoxel/ros2_ws_mgr/install/realsense2_camera_msgs/include/realsense2_camera_msgs/realsense2_camera_msgs/msg/detail/rgbd__rosidl_typesupport_fastrtps_cpp.hpp
[7.354s] -- Up-to-date symlink: /home/vvoxel/ros2_ws_mgr/install/realsense2_camera_msgs/include/realsense2_camera_msgs/realsense2_camera_msgs/msg/rosidl_typesupport_fastrtps_cpp__visibility_control.h
[7.354s] -- Up-to-date symlink: /home/vvoxel/ros2_ws_mgr/install/realsense2_camera_msgs/include/realsense2_camera_msgs/realsense2_camera_msgs/srv/detail/device_info__rosidl_typesupport_fastrtps_cpp.hpp
[7.355s] -- Up-to-date symlink: /home/vvoxel/ros2_ws_mgr/install/realsense2_camera_msgs/include/realsense2_camera_msgs/realsense2_camera_msgs/msg/detail/extrinsics__rosidl_typesupport_introspection_cpp.hpp
[7.355s] -- Up-to-date symlink: /home/vvoxel/ros2_ws_mgr/install/realsense2_camera_msgs/include/realsense2_camera_msgs/realsense2_camera_msgs/msg/detail/imu_info__rosidl_typesupport_introspection_cpp.hpp
[7.359s] -- Up-to-date symlink: /home/vvoxel/ros2_ws_mgr/install/realsense2_camera_msgs/include/realsense2_camera_msgs/realsense2_camera_msgs/msg/detail/metadata__rosidl_typesupport_introspection_cpp.hpp
[7.360s] -- Up-to-date symlink: /home/vvoxel/ros2_ws_mgr/install/realsense2_camera_msgs/include/realsense2_camera_msgs/realsense2_camera_msgs/msg/detail/rgbd__rosidl_typesupport_introspection_cpp.hpp
[7.360s] -- Up-to-date symlink: /home/vvoxel/ros2_ws_mgr/install/realsense2_camera_msgs/include/realsense2_camera_msgs/realsense2_camera_msgs/srv/detail/device_info__rosidl_typesupport_introspection_cpp.hpp
[7.360s] -- Up-to-date symlink: /home/vvoxel/ros2_ws_mgr/install/realsense2_camera_msgs/share/realsense2_camera_msgs/environment/pythonpath.sh
[7.361s] -- Up-to-date symlink: /home/vvoxel/ros2_ws_mgr/install/realsense2_camera_msgs/share/realsense2_camera_msgs/environment/pythonpath.dsv
[7.361s] -- Up-to-date symlink: /home/vvoxel/ros2_ws_mgr/install/realsense2_camera_msgs/lib/python3.12/site-packages/realsense2_camera_msgs-4.55.1-py3.12.egg-info/PKG-INFO
[7.361s] -- Up-to-date symlink: /home/vvoxel/ros2_ws_mgr/install/realsense2_camera_msgs/lib/python3.12/site-packages/realsense2_camera_msgs-4.55.1-py3.12.egg-info/SOURCES.txt
[7.361s] -- Up-to-date symlink: /home/vvoxel/ros2_ws_mgr/install/realsense2_camera_msgs/lib/python3.12/site-packages/realsense2_camera_msgs-4.55.1-py3.12.egg-info/dependency_links.txt
[7.362s] -- Up-to-date symlink: /home/vvoxel/ros2_ws_mgr/install/realsense2_camera_msgs/lib/python3.12/site-packages/realsense2_camera_msgs-4.55.1-py3.12.egg-info/top_level.txt
[7.362s] -- Up-to-date symlink: /home/vvoxel/ros2_ws_mgr/install/realsense2_camera_msgs/lib/python3.12/site-packages/realsense2_camera_msgs/__init__.py
[7.362s] -- Up-to-date symlink: /home/vvoxel/ros2_ws_mgr/install/realsense2_camera_msgs/lib/python3.12/site-packages/realsense2_camera_msgs/_realsense2_camera_msgs_s.ep.rosidl_typesupport_c.c
[7.362s] -- Up-to-date symlink: /home/vvoxel/ros2_ws_mgr/install/realsense2_camera_msgs/lib/python3.12/site-packages/realsense2_camera_msgs/_realsense2_camera_msgs_s.ep.rosidl_typesupport_fastrtps_c.c
[7.363s] -- Up-to-date symlink: /home/vvoxel/ros2_ws_mgr/install/realsense2_camera_msgs/lib/python3.12/site-packages/realsense2_camera_msgs/_realsense2_camera_msgs_s.ep.rosidl_typesupport_introspection_c.c
[7.363s] -- Up-to-date symlink: /home/vvoxel/ros2_ws_mgr/install/realsense2_camera_msgs/lib/python3.12/site-packages/realsense2_camera_msgs/msg/__init__.py
[7.363s] -- Up-to-date symlink: /home/vvoxel/ros2_ws_mgr/install/realsense2_camera_msgs/lib/python3.12/site-packages/realsense2_camera_msgs/msg/_extrinsics.py
[7.367s] -- Up-to-date symlink: /home/vvoxel/ros2_ws_mgr/install/realsense2_camera_msgs/lib/python3.12/site-packages/realsense2_camera_msgs/msg/_extrinsics_s.c
[7.368s] -- Up-to-date symlink: /home/vvoxel/ros2_ws_mgr/install/realsense2_camera_msgs/lib/python3.12/site-packages/realsense2_camera_msgs/msg/_imu_info.py
[7.368s] -- Up-to-date symlink: /home/vvoxel/ros2_ws_mgr/install/realsense2_camera_msgs/lib/python3.12/site-packages/realsense2_camera_msgs/msg/_imu_info_s.c
[7.368s] -- Up-to-date symlink: /home/vvoxel/ros2_ws_mgr/install/realsense2_camera_msgs/lib/python3.12/site-packages/realsense2_camera_msgs/msg/_metadata.py
[7.369s] -- Up-to-date symlink: /home/vvoxel/ros2_ws_mgr/install/realsense2_camera_msgs/lib/python3.12/site-packages/realsense2_camera_msgs/msg/_metadata_s.c
[7.369s] -- Up-to-date symlink: /home/vvoxel/ros2_ws_mgr/install/realsense2_camera_msgs/lib/python3.12/site-packages/realsense2_camera_msgs/msg/_rgbd.py
[7.369s] -- Up-to-date symlink: /home/vvoxel/ros2_ws_mgr/install/realsense2_camera_msgs/lib/python3.12/site-packages/realsense2_camera_msgs/msg/_rgbd_s.c
[7.369s] -- Up-to-date symlink: /home/vvoxel/ros2_ws_mgr/install/realsense2_camera_msgs/lib/python3.12/site-packages/realsense2_camera_msgs/realsense2_camera_msgs_s__rosidl_typesupport_c.so
[7.370s] -- Up-to-date symlink: /home/vvoxel/ros2_ws_mgr/install/realsense2_camera_msgs/lib/python3.12/site-packages/realsense2_camera_msgs/realsense2_camera_msgs_s__rosidl_typesupport_fastrtps_c.so
[7.370s] -- Up-to-date symlink: /home/vvoxel/ros2_ws_mgr/install/realsense2_camera_msgs/lib/python3.12/site-packages/realsense2_camera_msgs/realsense2_camera_msgs_s__rosidl_typesupport_introspection_c.so
[7.370s] -- Up-to-date symlink: /home/vvoxel/ros2_ws_mgr/install/realsense2_camera_msgs/lib/python3.12/site-packages/realsense2_camera_msgs/srv/__init__.py
[7.370s] -- Up-to-date symlink: /home/vvoxel/ros2_ws_mgr/install/realsense2_camera_msgs/lib/python3.12/site-packages/realsense2_camera_msgs/srv/_device_info.py
[7.371s] -- Up-to-date symlink: /home/vvoxel/ros2_ws_mgr/install/realsense2_camera_msgs/lib/python3.12/site-packages/realsense2_camera_msgs/srv/_device_info_s.c
[7.374s] -- Up-to-date symlink: /home/vvoxel/ros2_ws_mgr/install/realsense2_camera_msgs/lib/python3.12/site-packages/realsense2_camera_msgs/realsense2_camera_msgs_s__rosidl_typesupport_fastrtps_c.so
[7.375s] -- Up-to-date symlink: /home/vvoxel/ros2_ws_mgr/install/realsense2_camera_msgs/lib/python3.12/site-packages/realsense2_camera_msgs/realsense2_camera_msgs_s__rosidl_typesupport_introspection_c.so
[7.375s] -- Up-to-date symlink: /home/vvoxel/ros2_ws_mgr/install/realsense2_camera_msgs/lib/python3.12/site-packages/realsense2_camera_msgs/realsense2_camera_msgs_s__rosidl_typesupport_c.so
[7.375s] -- Up-to-date symlink: /home/vvoxel/ros2_ws_mgr/install/realsense2_camera_msgs/share/realsense2_camera_msgs/msg/IMUInfo.idl
[7.375s] -- Up-to-date symlink: /home/vvoxel/ros2_ws_mgr/install/realsense2_camera_msgs/share/realsense2_camera_msgs/msg/Extrinsics.idl
[7.376s] -- Up-to-date symlink: /home/vvoxel/ros2_ws_mgr/install/realsense2_camera_msgs/share/realsense2_camera_msgs/msg/Metadata.idl
[7.376s] -- Up-to-date symlink: /home/vvoxel/ros2_ws_mgr/install/realsense2_camera_msgs/share/realsense2_camera_msgs/msg/RGBD.idl
[7.380s] -- Up-to-date symlink: /home/vvoxel/ros2_ws_mgr/install/realsense2_camera_msgs/share/realsense2_camera_msgs/srv/DeviceInfo.idl
[7.381s] -- Up-to-date symlink: /home/vvoxel/ros2_ws_mgr/install/realsense2_camera_msgs/share/realsense2_camera_msgs/msg/IMUInfo.msg
[7.381s] -- Up-to-date symlink: /home/vvoxel/ros2_ws_mgr/install/realsense2_camera_msgs/share/realsense2_camera_msgs/msg/Extrinsics.msg
[7.381s] -- Up-to-date symlink: /home/vvoxel/ros2_ws_mgr/install/realsense2_camera_msgs/share/realsense2_camera_msgs/msg/Metadata.msg
[7.381s] -- Up-to-date symlink: /home/vvoxel/ros2_ws_mgr/install/realsense2_camera_msgs/share/realsense2_camera_msgs/msg/RGBD.msg
[7.382s] -- Up-to-date symlink: /home/vvoxel/ros2_ws_mgr/install/realsense2_camera_msgs/share/realsense2_camera_msgs/srv/DeviceInfo.srv
[7.382s] -- Up-to-date symlink: /home/vvoxel/ros2_ws_mgr/install/realsense2_camera_msgs/share/ament_index/resource_index/package_run_dependencies/realsense2_camera_msgs
[7.382s] -- Up-to-date symlink: /home/vvoxel/ros2_ws_mgr/install/realsense2_camera_msgs/share/ament_index/resource_index/parent_prefix_path/realsense2_camera_msgs
[7.382s] -- Up-to-date symlink: /home/vvoxel/ros2_ws_mgr/install/realsense2_camera_msgs/share/realsense2_camera_msgs/environment/ament_prefix_path.sh
[7.383s] -- Up-to-date symlink: /home/vvoxel/ros2_ws_mgr/install/realsense2_camera_msgs/share/realsense2_camera_msgs/environment/ament_prefix_path.dsv
[7.383s] -- Up-to-date symlink: /home/vvoxel/ros2_ws_mgr/install/realsense2_camera_msgs/share/realsense2_camera_msgs/environment/path.sh
[7.383s] -- Up-to-date symlink: /home/vvoxel/ros2_ws_mgr/install/realsense2_camera_msgs/share/realsense2_camera_msgs/environment/path.dsv
[7.383s] -- Up-to-date symlink: /home/vvoxel/ros2_ws_mgr/install/realsense2_camera_msgs/share/realsense2_camera_msgs/local_setup.bash
[7.384s] -- Up-to-date symlink: /home/vvoxel/ros2_ws_mgr/install/realsense2_camera_msgs/share/realsense2_camera_msgs/local_setup.sh
[7.384s] -- Up-to-date symlink: /home/vvoxel/ros2_ws_mgr/install/realsense2_camera_msgs/share/realsense2_camera_msgs/local_setup.zsh
[7.384s] -- Up-to-date symlink: /home/vvoxel/ros2_ws_mgr/install/realsense2_camera_msgs/share/realsense2_camera_msgs/local_setup.dsv
[7.384s] -- Symlinking: /home/vvoxel/ros2_ws_mgr/install/realsense2_camera_msgs/share/realsense2_camera_msgs/package.dsv
[7.386s] -- Up-to-date symlink: /home/vvoxel/ros2_ws_mgr/install/realsense2_camera_msgs/share/ament_index/resource_index/packages/realsense2_camera_msgs
[7.386s] -- Up-to-date symlink: /home/vvoxel/ros2_ws_mgr/install/realsense2_camera_msgs/share/realsense2_camera_msgs/cmake/rosidl_cmake-extras.cmake
[7.387s] -- Up-to-date symlink: /home/vvoxel/ros2_ws_mgr/install/realsense2_camera_msgs/share/realsense2_camera_msgs/cmake/ament_cmake_export_dependencies-extras.cmake
[7.387s] -- Up-to-date symlink: /home/vvoxel/ros2_ws_mgr/install/realsense2_camera_msgs/share/realsense2_camera_msgs/cmake/ament_cmake_export_include_directories-extras.cmake
[7.387s] -- Up-to-date symlink: /home/vvoxel/ros2_ws_mgr/install/realsense2_camera_msgs/share/realsense2_camera_msgs/cmake/ament_cmake_export_libraries-extras.cmake
[7.388s] -- Up-to-date symlink: /home/vvoxel/ros2_ws_mgr/install/realsense2_camera_msgs/share/realsense2_camera_msgs/cmake/ament_cmake_export_targets-extras.cmake
[7.388s] -- Up-to-date symlink: /home/vvoxel/ros2_ws_mgr/install/realsense2_camera_msgs/share/realsense2_camera_msgs/cmake/rosidl_cmake_export_typesupport_targets-extras.cmake
[7.389s] -- Up-to-date symlink: /home/vvoxel/ros2_ws_mgr/install/realsense2_camera_msgs/share/realsense2_camera_msgs/cmake/rosidl_cmake_export_typesupport_libraries-extras.cmake
[7.389s] -- Up-to-date symlink: /home/vvoxel/ros2_ws_mgr/install/realsense2_camera_msgs/share/realsense2_camera_msgs/cmake/realsense2_camera_msgsConfig.cmake
[7.390s] -- Up-to-date symlink: /home/vvoxel/ros2_ws_mgr/install/realsense2_camera_msgs/share/realsense2_camera_msgs/cmake/realsense2_camera_msgsConfig-version.cmake
[7.390s] -- Up-to-date symlink: /home/vvoxel/ros2_ws_mgr/install/realsense2_camera_msgs/share/realsense2_camera_msgs/package.xml
[7.391s] -- Up-to-date: /home/vvoxel/ros2_ws_mgr/install/realsense2_camera_msgs/lib/librealsense2_camera_msgs__rosidl_generator_c.so
[7.391s] -- Up-to-date: /home/vvoxel/ros2_ws_mgr/install/realsense2_camera_msgs/lib/librealsense2_camera_msgs__rosidl_typesupport_fastrtps_c.so
[7.392s] -- Up-to-date: /home/vvoxel/ros2_ws_mgr/install/realsense2_camera_msgs/lib/librealsense2_camera_msgs__rosidl_typesupport_introspection_c.so
[7.392s] -- Up-to-date: /home/vvoxel/ros2_ws_mgr/install/realsense2_camera_msgs/lib/librealsense2_camera_msgs__rosidl_typesupport_c.so
[7.393s] -- Up-to-date: /home/vvoxel/ros2_ws_mgr/install/realsense2_camera_msgs/lib/librealsense2_camera_msgs__rosidl_typesupport_fastrtps_cpp.so
[7.393s] -- Up-to-date: /home/vvoxel/ros2_ws_mgr/install/realsense2_camera_msgs/lib/librealsense2_camera_msgs__rosidl_typesupport_introspection_cpp.so
[7.394s] -- Up-to-date: /home/vvoxel/ros2_ws_mgr/install/realsense2_camera_msgs/lib/librealsense2_camera_msgs__rosidl_typesupport_cpp.so
[7.547s] Listing '/home/vvoxel/ros2_ws_mgr/install/realsense2_camera_msgs/lib/python3.12/site-packages/realsense2_camera_msgs'...
[7.547s] Compiling '/home/vvoxel/ros2_ws_mgr/install/realsense2_camera_msgs/lib/python3.12/site-packages/realsense2_camera_msgs/__init__.py'...
[7.547s] Listing '/home/vvoxel/ros2_ws_mgr/install/realsense2_camera_msgs/lib/python3.12/site-packages/realsense2_camera_msgs/msg'...
[7.547s] Listing '/home/vvoxel/ros2_ws_mgr/install/realsense2_camera_msgs/lib/python3.12/site-packages/realsense2_camera_msgs/srv'...
[7.564s] -- Up-to-date: /home/vvoxel/ros2_ws_mgr/install/realsense2_camera_msgs/lib/librealsense2_camera_msgs__rosidl_generator_py.so
[7.569s] -- Up-to-date: /home/vvoxel/ros2_ws_mgr/install/realsense2_camera_msgs/share/realsense2_camera_msgs/cmake/export_realsense2_camera_msgs__rosidl_generator_cExport.cmake
[7.572s] -- Up-to-date: /home/vvoxel/ros2_ws_mgr/install/realsense2_camera_msgs/share/realsense2_camera_msgs/cmake/export_realsense2_camera_msgs__rosidl_generator_cExport-noconfig.cmake
[7.575s] -- Up-to-date: /home/vvoxel/ros2_ws_mgr/install/realsense2_camera_msgs/share/realsense2_camera_msgs/cmake/export_realsense2_camera_msgs__rosidl_typesupport_fastrtps_cExport.cmake
[7.575s] -- Up-to-date: /home/vvoxel/ros2_ws_mgr/install/realsense2_camera_msgs/share/realsense2_camera_msgs/cmake/export_realsense2_camera_msgs__rosidl_typesupport_fastrtps_cExport-noconfig.cmake
[7.576s] -- Up-to-date: /home/vvoxel/ros2_ws_mgr/install/realsense2_camera_msgs/share/realsense2_camera_msgs/cmake/realsense2_camera_msgs__rosidl_typesupport_introspection_cExport.cmake
[7.576s] -- Up-to-date: /home/vvoxel/ros2_ws_mgr/install/realsense2_camera_msgs/share/realsense2_camera_msgs/cmake/realsense2_camera_msgs__rosidl_typesupport_introspection_cExport-noconfig.cmake
[7.579s] -- Up-to-date: /home/vvoxel/ros2_ws_mgr/install/realsense2_camera_msgs/share/realsense2_camera_msgs/cmake/realsense2_camera_msgs__rosidl_typesupport_cExport.cmake
[7.580s] -- Up-to-date: /home/vvoxel/ros2_ws_mgr/install/realsense2_camera_msgs/share/realsense2_camera_msgs/cmake/realsense2_camera_msgs__rosidl_typesupport_cExport-noconfig.cmake
[7.580s] -- Up-to-date: /home/vvoxel/ros2_ws_mgr/install/realsense2_camera_msgs/share/realsense2_camera_msgs/cmake/export_realsense2_camera_msgs__rosidl_generator_cppExport.cmake
[7.581s] -- Up-to-date: /home/vvoxel/ros2_ws_mgr/install/realsense2_camera_msgs/share/realsense2_camera_msgs/cmake/export_realsense2_camera_msgs__rosidl_typesupport_fastrtps_cppExport.cmake
[7.581s] -- Up-to-date: /home/vvoxel/ros2_ws_mgr/install/realsense2_camera_msgs/share/realsense2_camera_msgs/cmake/export_realsense2_camera_msgs__rosidl_typesupport_fastrtps_cppExport-noconfig.cmake
[7.582s] -- Up-to-date: /home/vvoxel/ros2_ws_mgr/install/realsense2_camera_msgs/share/realsense2_camera_msgs/cmake/realsense2_camera_msgs__rosidl_typesupport_introspection_cppExport.cmake
[7.583s] -- Up-to-date: /home/vvoxel/ros2_ws_mgr/install/realsense2_camera_msgs/share/realsense2_camera_msgs/cmake/realsense2_camera_msgs__rosidl_typesupport_introspection_cppExport-noconfig.cmake
[7.584s] -- Up-to-date: /home/vvoxel/ros2_ws_mgr/install/realsense2_camera_msgs/share/realsense2_camera_msgs/cmake/realsense2_camera_msgs__rosidl_typesupport_cppExport.cmake
[7.584s] -- Up-to-date: /home/vvoxel/ros2_ws_mgr/install/realsense2_camera_msgs/share/realsense2_camera_msgs/cmake/realsense2_camera_msgs__rosidl_typesupport_cppExport-noconfig.cmake
[7.585s] -- Up-to-date: /home/vvoxel/ros2_ws_mgr/install/realsense2_camera_msgs/share/realsense2_camera_msgs/cmake/export_realsense2_camera_msgs__rosidl_generator_pyExport.cmake
[7.585s] -- Up-to-date: /home/vvoxel/ros2_ws_mgr/install/realsense2_camera_msgs/share/realsense2_camera_msgs/cmake/export_realsense2_camera_msgs__rosidl_generator_pyExport-noconfig.cmake
[7.592s] Invoked command in '/home/vvoxel/ros2_ws_mgr/build/realsense2_camera_msgs' returned '0': CMAKE_PREFIX_PATH=/home/vvoxel/ros2_ws_mgr/install/sim_launcher:/opt/ros/jazzy:${CMAKE_PREFIX_PATH} DEBUGINFOD_URLS=https://debuginfod.ubuntu.com /usr/bin/cmake --install /home/vvoxel/ros2_ws_mgr/build/realsense2_camera_msgs
