[0.046s] Invoking command in '/home/vvoxel/ros2_ws_mgr/build/ros_gz_sim': CMAKE_PREFIX_PATH=/home/vvoxel/ros2_ws_mgr/install/g2o_driver:/home/vvoxel/ros2_ws_mgr/install/test_ros_gz_bridge:/home/vvoxel/ros2_ws_mgr/install/sim_launcher:/opt/ros/jazzy:/home/vvoxel/ros2_ws_mgr/install/slam:/home/vvoxel/ros2_ws_mgr/install/ros_gz:/home/vvoxel/ros2_ws_mgr/install/ros_gz_sim_demos:/home/vvoxel/ros2_ws_mgr/install/ros_gz_sim:/home/vvoxel/ros2_ws_mgr/install/ros_gz_image:/home/vvoxel/ros2_ws_mgr/install/ros_gz_bridge:/home/vvoxel/ros2_ws_mgr/install/ros_gz_interfaces:/home/vvoxel/ros2_ws_mgr/install/realsense2_description:/home/vvoxel/ros2_ws_mgr/install/realsense2_camera:/home/vvoxel/ros2_ws_mgr/install/realsense2_camera_msgs:/home/vvoxel/ros2_ws_mgr/install/mtracker:/home/vvoxel/ros2_ws_mgr/install/g2o:/home/vvoxel/ros2_ws_mgr/install/apriltag_ros:/home/vvoxel/ros2_ws_mgr/install/apriltag_msgs:/home/vvoxel/ros2_ws_mgr/install/apriltag:/home/vvoxel/ros2_ws_mgr/install/anglecalc:/opt/ros/jazzy/opt/gz_sim_vendor:/opt/ros/jazzy/opt/gz_sensors_vendor:/opt/ros/jazzy/opt/gz_physics_vendor:/opt/ros/jazzy/opt/sdformat_vendor:/opt/ros/jazzy/opt/gz_gui_vendor:/opt/ros/jazzy/opt/gz_transport_vendor:/opt/ros/jazzy/opt/gz_rendering_vendor:/opt/ros/jazzy/opt/gz_plugin_vendor:/opt/ros/jazzy/opt/gz_fuel_tools_vendor:/opt/ros/jazzy/opt/gz_msgs_vendor:/opt/ros/jazzy/opt/gz_common_vendor:/opt/ros/jazzy/opt/gz_math_vendor:/opt/ros/jazzy/opt/gz_utils_vendor:/opt/ros/jazzy/opt/gz_tools_vendor:/opt/ros/jazzy/opt/gz_ogre_next_vendor:/opt/ros/jazzy/opt/gz_dartsim_vendor:/opt/ros/jazzy/opt/gz_cmake_vendor DEBUGINFOD_URLS=https://debuginfod.ubuntu.com /usr/bin/cmake --build /home/vvoxel/ros2_ws_mgr/build/ros_gz_sim -- -j8 -l8
[0.296s] [ 10%] Built target create
[0.302s] [ 20%] Built target gtest_main
[0.312s] [ 20%] Built target ament_cmake_python_symlink_ros_gz_sim_setup
[0.312s] [ 20%] Built target ament_cmake_python_symlink_ros_gz_sim
[0.324s] [ 30%] Built target gzserver
[0.327s] [ 40%] Built target ros_gz_sim
[0.347s] [ 50%] Built target remove
[0.360s] [ 60%] Built target gzserver_component
[0.477s] [ 70%] Built target gtest
[0.583s] [ 80%] Built target test_remove
[0.623s] [ 90%] Built target test_stopwatch
[0.657s] [100%] Built target test_create
[1.063s] running egg_info
[1.171s] writing ros_gz_sim.egg-info/PKG-INFO
[1.172s] writing dependency_links to ros_gz_sim.egg-info/dependency_links.txt
[1.172s] writing entry points to ros_gz_sim.egg-info/entry_points.txt
[1.172s] writing top-level names to ros_gz_sim.egg-info/top_level.txt
[1.420s] reading manifest file 'ros_gz_sim.egg-info/SOURCES.txt'
[1.422s] writing manifest file 'ros_gz_sim.egg-info/SOURCES.txt'
[1.541s] [100%] Built target ament_cmake_python_build_ros_gz_sim_egg
[1.574s] Invoked command in '/home/vvoxel/ros2_ws_mgr/build/ros_gz_sim' returned '0': CMAKE_PREFIX_PATH=/home/vvoxel/ros2_ws_mgr/install/g2o_driver:/home/vvoxel/ros2_ws_mgr/install/test_ros_gz_bridge:/home/vvoxel/ros2_ws_mgr/install/sim_launcher:/opt/ros/jazzy:/home/vvoxel/ros2_ws_mgr/install/slam:/home/vvoxel/ros2_ws_mgr/install/ros_gz:/home/vvoxel/ros2_ws_mgr/install/ros_gz_sim_demos:/home/vvoxel/ros2_ws_mgr/install/ros_gz_sim:/home/vvoxel/ros2_ws_mgr/install/ros_gz_image:/home/vvoxel/ros2_ws_mgr/install/ros_gz_bridge:/home/vvoxel/ros2_ws_mgr/install/ros_gz_interfaces:/home/vvoxel/ros2_ws_mgr/install/realsense2_description:/home/vvoxel/ros2_ws_mgr/install/realsense2_camera:/home/vvoxel/ros2_ws_mgr/install/realsense2_camera_msgs:/home/vvoxel/ros2_ws_mgr/install/mtracker:/home/vvoxel/ros2_ws_mgr/install/g2o:/home/vvoxel/ros2_ws_mgr/install/apriltag_ros:/home/vvoxel/ros2_ws_mgr/install/apriltag_msgs:/home/vvoxel/ros2_ws_mgr/install/apriltag:/home/vvoxel/ros2_ws_mgr/install/anglecalc:/opt/ros/jazzy/opt/gz_sim_vendor:/opt/ros/jazzy/opt/gz_sensors_vendor:/opt/ros/jazzy/opt/gz_physics_vendor:/opt/ros/jazzy/opt/sdformat_vendor:/opt/ros/jazzy/opt/gz_gui_vendor:/opt/ros/jazzy/opt/gz_transport_vendor:/opt/ros/jazzy/opt/gz_rendering_vendor:/opt/ros/jazzy/opt/gz_plugin_vendor:/opt/ros/jazzy/opt/gz_fuel_tools_vendor:/opt/ros/jazzy/opt/gz_msgs_vendor:/opt/ros/jazzy/opt/gz_common_vendor:/opt/ros/jazzy/opt/gz_math_vendor:/opt/ros/jazzy/opt/gz_utils_vendor:/opt/ros/jazzy/opt/gz_tools_vendor:/opt/ros/jazzy/opt/gz_ogre_next_vendor:/opt/ros/jazzy/opt/gz_dartsim_vendor:/opt/ros/jazzy/opt/gz_cmake_vendor DEBUGINFOD_URLS=https://debuginfod.ubuntu.com /usr/bin/cmake --build /home/vvoxel/ros2_ws_mgr/build/ros_gz_sim -- -j8 -l8
[1.576s] Invoking command in '/home/vvoxel/ros2_ws_mgr/build/ros_gz_sim': CMAKE_PREFIX_PATH=/home/vvoxel/ros2_ws_mgr/install/g2o_driver:/home/vvoxel/ros2_ws_mgr/install/test_ros_gz_bridge:/home/vvoxel/ros2_ws_mgr/install/sim_launcher:/opt/ros/jazzy:/home/vvoxel/ros2_ws_mgr/install/slam:/home/vvoxel/ros2_ws_mgr/install/ros_gz:/home/vvoxel/ros2_ws_mgr/install/ros_gz_sim_demos:/home/vvoxel/ros2_ws_mgr/install/ros_gz_sim:/home/vvoxel/ros2_ws_mgr/install/ros_gz_image:/home/vvoxel/ros2_ws_mgr/install/ros_gz_bridge:/home/vvoxel/ros2_ws_mgr/install/ros_gz_interfaces:/home/vvoxel/ros2_ws_mgr/install/realsense2_description:/home/vvoxel/ros2_ws_mgr/install/realsense2_camera:/home/vvoxel/ros2_ws_mgr/install/realsense2_camera_msgs:/home/vvoxel/ros2_ws_mgr/install/mtracker:/home/vvoxel/ros2_ws_mgr/install/g2o:/home/vvoxel/ros2_ws_mgr/install/apriltag_ros:/home/vvoxel/ros2_ws_mgr/install/apriltag_msgs:/home/vvoxel/ros2_ws_mgr/install/apriltag:/home/vvoxel/ros2_ws_mgr/install/anglecalc:/opt/ros/jazzy/opt/gz_sim_vendor:/opt/ros/jazzy/opt/gz_sensors_vendor:/opt/ros/jazzy/opt/gz_physics_vendor:/opt/ros/jazzy/opt/sdformat_vendor:/opt/ros/jazzy/opt/gz_gui_vendor:/opt/ros/jazzy/opt/gz_transport_vendor:/opt/ros/jazzy/opt/gz_rendering_vendor:/opt/ros/jazzy/opt/gz_plugin_vendor:/opt/ros/jazzy/opt/gz_fuel_tools_vendor:/opt/ros/jazzy/opt/gz_msgs_vendor:/opt/ros/jazzy/opt/gz_common_vendor:/opt/ros/jazzy/opt/gz_math_vendor:/opt/ros/jazzy/opt/gz_utils_vendor:/opt/ros/jazzy/opt/gz_tools_vendor:/opt/ros/jazzy/opt/gz_ogre_next_vendor:/opt/ros/jazzy/opt/gz_dartsim_vendor:/opt/ros/jazzy/opt/gz_cmake_vendor DEBUGINFOD_URLS=https://debuginfod.ubuntu.com /usr/bin/cmake --install /home/vvoxel/ros2_ws_mgr/build/ros_gz_sim
[1.629s] -- Install configuration: ""
[1.629s] -- Execute custom install script
[1.629s] -- Up-to-date symlink: /home/vvoxel/ros2_ws_mgr/install/ros_gz_sim/share/ros_gz_sim/environment/pythonpath.sh
[1.629s] -- Up-to-date symlink: /home/vvoxel/ros2_ws_mgr/install/ros_gz_sim/share/ros_gz_sim/environment/pythonpath.dsv
[1.629s] -- Up-to-date symlink: /home/vvoxel/ros2_ws_mgr/install/ros_gz_sim/lib/python3.12/site-packages/ros_gz_sim-1.0.11-py3.12.egg-info/PKG-INFO
[1.629s] -- Up-to-date symlink: /home/vvoxel/ros2_ws_mgr/install/ros_gz_sim/lib/python3.12/site-packages/ros_gz_sim-1.0.11-py3.12.egg-info/SOURCES.txt
[1.630s] -- Up-to-date symlink: /home/vvoxel/ros2_ws_mgr/install/ros_gz_sim/lib/python3.12/site-packages/ros_gz_sim-1.0.11-py3.12.egg-info/dependency_links.txt
[1.630s] -- Up-to-date symlink: /home/vvoxel/ros2_ws_mgr/install/ros_gz_sim/lib/python3.12/site-packages/ros_gz_sim-1.0.11-py3.12.egg-info/entry_points.txt
[1.630s] -- Up-to-date symlink: /home/vvoxel/ros2_ws_mgr/install/ros_gz_sim/lib/python3.12/site-packages/ros_gz_sim-1.0.11-py3.12.egg-info/top_level.txt
[1.630s] -- Up-to-date symlink: /home/vvoxel/ros2_ws_mgr/install/ros_gz_sim/lib/python3.12/site-packages/ros_gz_sim/__init__.py
[1.630s] -- Up-to-date symlink: /home/vvoxel/ros2_ws_mgr/install/ros_gz_sim/lib/python3.12/site-packages/ros_gz_sim/actions/__init__.py
[1.630s] -- Up-to-date symlink: /home/vvoxel/ros2_ws_mgr/install/ros_gz_sim/lib/python3.12/site-packages/ros_gz_sim/actions/gz_spawn_model.py
[1.630s] -- Up-to-date symlink: /home/vvoxel/ros2_ws_mgr/install/ros_gz_sim/lib/python3.12/site-packages/ros_gz_sim/actions/gzserver.py
[1.630s] -- Up-to-date symlink: /home/vvoxel/ros2_ws_mgr/install/ros_gz_sim/include/ros_gz_sim/Stopwatch.hpp
[1.631s] -- Up-to-date symlink: /home/vvoxel/ros2_ws_mgr/install/ros_gz_sim/lib/ros_gz_sim/gzserver
[1.631s] -- Up-to-date symlink: /home/vvoxel/ros2_ws_mgr/install/ros_gz_sim/share/ros_gz_sim/launch/gz_sim.launch.py
[1.631s] -- Up-to-date symlink: /home/vvoxel/ros2_ws_mgr/install/ros_gz_sim/share/ros_gz_sim/launch/gz_server.launch
[1.631s] -- Up-to-date symlink: /home/vvoxel/ros2_ws_mgr/install/ros_gz_sim/share/ros_gz_sim/launch/gz_server.launch.py
[1.632s] -- Up-to-date symlink: /home/vvoxel/ros2_ws_mgr/install/ros_gz_sim/share/ros_gz_sim/launch/gz_spawn_model.launch
[1.632s] -- Up-to-date symlink: /home/vvoxel/ros2_ws_mgr/install/ros_gz_sim/share/ros_gz_sim/launch/gz_spawn_model.launch.py
[1.632s] -- Up-to-date symlink: /home/vvoxel/ros2_ws_mgr/install/ros_gz_sim/share/ros_gz_sim/launch/ros_gz_sim.launch
[1.632s] -- Up-to-date symlink: /home/vvoxel/ros2_ws_mgr/install/ros_gz_sim/share/ros_gz_sim/launch/ros_gz_sim.launch.py
[1.632s] -- Up-to-date symlink: /home/vvoxel/ros2_ws_mgr/install/ros_gz_sim/share/ros_gz_sim/launch/ros_gz_spawn_model.launch.py
[1.632s] -- Up-to-date symlink: /home/vvoxel/ros2_ws_mgr/install/ros_gz_sim/share/ros_gz_sim/launch/gz_remove_model.launch.py
[1.633s] -- Up-to-date symlink: /home/vvoxel/ros2_ws_mgr/install/ros_gz_sim/lib/ros_gz_sim/create
[1.633s] -- Up-to-date symlink: /home/vvoxel/ros2_ws_mgr/install/ros_gz_sim/lib/ros_gz_sim/remove
[1.633s] -- Up-to-date symlink: /home/vvoxel/ros2_ws_mgr/install/ros_gz_sim/lib/ros_gz_sim/gzserver
[1.634s] -- Up-to-date symlink: /home/vvoxel/ros2_ws_mgr/install/ros_gz_sim/lib/ros_gz_sim/test_stopwatch
[1.634s] -- Up-to-date symlink: /home/vvoxel/ros2_ws_mgr/install/ros_gz_sim/lib/ros_gz_sim/test_create
[1.634s] -- Up-to-date symlink: /home/vvoxel/ros2_ws_mgr/install/ros_gz_sim/lib/ros_gz_sim/test_remove
[1.634s] -- Up-to-date symlink: /home/vvoxel/ros2_ws_mgr/install/ros_gz_sim/share/ament_index/resource_index/package_run_dependencies/ros_gz_sim
[1.634s] -- Up-to-date symlink: /home/vvoxel/ros2_ws_mgr/install/ros_gz_sim/share/ament_index/resource_index/parent_prefix_path/ros_gz_sim
[1.634s] -- Up-to-date symlink: /home/vvoxel/ros2_ws_mgr/install/ros_gz_sim/share/ros_gz_sim/environment/ament_prefix_path.sh
[1.635s] -- Up-to-date symlink: /home/vvoxel/ros2_ws_mgr/install/ros_gz_sim/share/ros_gz_sim/environment/ament_prefix_path.dsv
[1.635s] -- Up-to-date symlink: /home/vvoxel/ros2_ws_mgr/install/ros_gz_sim/share/ros_gz_sim/environment/path.sh
[1.635s] -- Up-to-date symlink: /home/vvoxel/ros2_ws_mgr/install/ros_gz_sim/share/ros_gz_sim/environment/path.dsv
[1.635s] -- Up-to-date symlink: /home/vvoxel/ros2_ws_mgr/install/ros_gz_sim/share/ros_gz_sim/local_setup.bash
[1.636s] -- Up-to-date symlink: /home/vvoxel/ros2_ws_mgr/install/ros_gz_sim/share/ros_gz_sim/local_setup.sh
[1.636s] -- Up-to-date symlink: /home/vvoxel/ros2_ws_mgr/install/ros_gz_sim/share/ros_gz_sim/local_setup.zsh
[1.636s] -- Up-to-date symlink: /home/vvoxel/ros2_ws_mgr/install/ros_gz_sim/share/ros_gz_sim/local_setup.dsv
[1.636s] -- Symlinking: /home/vvoxel/ros2_ws_mgr/install/ros_gz_sim/share/ros_gz_sim/package.dsv
[1.637s] -- Up-to-date symlink: /home/vvoxel/ros2_ws_mgr/install/ros_gz_sim/share/ament_index/resource_index/packages/ros_gz_sim
[1.637s] -- Up-to-date symlink: /home/vvoxel/ros2_ws_mgr/install/ros_gz_sim/share/ament_index/resource_index/rclcpp_components/ros_gz_sim
[1.637s] -- Up-to-date symlink: /home/vvoxel/ros2_ws_mgr/install/ros_gz_sim/share/ros_gz_sim/cmake/ament_cmake_export_targets-extras.cmake
[1.637s] -- Up-to-date symlink: /home/vvoxel/ros2_ws_mgr/install/ros_gz_sim/share/ros_gz_sim/cmake/ament_cmake_export_dependencies-extras.cmake
[1.637s] -- Up-to-date symlink: /home/vvoxel/ros2_ws_mgr/install/ros_gz_sim/share/ros_gz_sim/cmake/ros_gz_simConfig.cmake
[1.637s] -- Up-to-date symlink: /home/vvoxel/ros2_ws_mgr/install/ros_gz_sim/share/ros_gz_sim/cmake/ros_gz_simConfig-version.cmake
[1.637s] -- Up-to-date symlink: /home/vvoxel/ros2_ws_mgr/install/ros_gz_sim/share/ros_gz_sim/package.xml
[1.729s] Listing '/home/vvoxel/ros2_ws_mgr/install/ros_gz_sim/lib/python3.12/site-packages/ros_gz_sim'...
[1.729s] Listing '/home/vvoxel/ros2_ws_mgr/install/ros_gz_sim/lib/python3.12/site-packages/ros_gz_sim/actions'...
[1.729s] -- Up-to-date: /home/vvoxel/ros2_ws_mgr/install/ros_gz_sim/lib/libgzserver_component.so
[1.730s] -- Up-to-date: /home/vvoxel/ros2_ws_mgr/install/ros_gz_sim/lib/libros_gz_sim.so
[1.730s] -- Up-to-date: /home/vvoxel/ros2_ws_mgr/install/ros_gz_sim/share/ros_gz_sim/cmake/export_gzserver_componentExport.cmake
[1.730s] -- Up-to-date: /home/vvoxel/ros2_ws_mgr/install/ros_gz_sim/share/ros_gz_sim/cmake/export_gzserver_componentExport-noconfig.cmake
[1.730s] -- Up-to-date: /home/vvoxel/ros2_ws_mgr/install/ros_gz_sim/share/ros_gz_sim/cmake/ros_gz_simExport.cmake
[1.730s] -- Up-to-date: /home/vvoxel/ros2_ws_mgr/install/ros_gz_sim/share/ros_gz_sim/cmake/ros_gz_simExport-noconfig.cmake
[1.790s] Invoked command in '/home/vvoxel/ros2_ws_mgr/build/ros_gz_sim' returned '0': CMAKE_PREFIX_PATH=/home/vvoxel/ros2_ws_mgr/install/g2o_driver:/home/vvoxel/ros2_ws_mgr/install/test_ros_gz_bridge:/home/vvoxel/ros2_ws_mgr/install/sim_launcher:/opt/ros/jazzy:/home/vvoxel/ros2_ws_mgr/install/slam:/home/vvoxel/ros2_ws_mgr/install/ros_gz:/home/vvoxel/ros2_ws_mgr/install/ros_gz_sim_demos:/home/vvoxel/ros2_ws_mgr/install/ros_gz_sim:/home/vvoxel/ros2_ws_mgr/install/ros_gz_image:/home/vvoxel/ros2_ws_mgr/install/ros_gz_bridge:/home/vvoxel/ros2_ws_mgr/install/ros_gz_interfaces:/home/vvoxel/ros2_ws_mgr/install/realsense2_description:/home/vvoxel/ros2_ws_mgr/install/realsense2_camera:/home/vvoxel/ros2_ws_mgr/install/realsense2_camera_msgs:/home/vvoxel/ros2_ws_mgr/install/mtracker:/home/vvoxel/ros2_ws_mgr/install/g2o:/home/vvoxel/ros2_ws_mgr/install/apriltag_ros:/home/vvoxel/ros2_ws_mgr/install/apriltag_msgs:/home/vvoxel/ros2_ws_mgr/install/apriltag:/home/vvoxel/ros2_ws_mgr/install/anglecalc:/opt/ros/jazzy/opt/gz_sim_vendor:/opt/ros/jazzy/opt/gz_sensors_vendor:/opt/ros/jazzy/opt/gz_physics_vendor:/opt/ros/jazzy/opt/sdformat_vendor:/opt/ros/jazzy/opt/gz_gui_vendor:/opt/ros/jazzy/opt/gz_transport_vendor:/opt/ros/jazzy/opt/gz_rendering_vendor:/opt/ros/jazzy/opt/gz_plugin_vendor:/opt/ros/jazzy/opt/gz_fuel_tools_vendor:/opt/ros/jazzy/opt/gz_msgs_vendor:/opt/ros/jazzy/opt/gz_common_vendor:/opt/ros/jazzy/opt/gz_math_vendor:/opt/ros/jazzy/opt/gz_utils_vendor:/opt/ros/jazzy/opt/gz_tools_vendor:/opt/ros/jazzy/opt/gz_ogre_next_vendor:/opt/ros/jazzy/opt/gz_dartsim_vendor:/opt/ros/jazzy/opt/gz_cmake_vendor DEBUGINFOD_URLS=https://debuginfod.ubuntu.com /usr/bin/cmake --install /home/vvoxel/ros2_ws_mgr/build/ros_gz_sim
