[0.092s] Invoking command in '/home/vvoxel/ros2_ws_mgr/build/g2o': DEBUGINFOD_URLS=https://debuginfod.ubuntu.com /usr/bin/cmake --build /home/vvoxel/ros2_ws_mgr/build/g2o -- -j8 -l8
[0.662s] [  1%] Built target freeglut_minimal
[0.662s] [  2%] Built target opengl_helper
[0.663s] [  3%] Built target parser_library
[0.663s] [  6%] Built target stuff
[0.663s] [  7%] Built target interface_library
[0.824s] [  7%] Built target logging_application
[0.848s] [  8%] Built target csparse_extension
[1.011s] [ 16%] Built target core
[1.174s] [ 16%] Built target solver_eigen
[1.245s] [ 17%] Built target solver_structure_only
[1.258s] [ 18%] Built target solver_dense
[1.283s] [ 24%] Built target solver_csparse
[1.283s] [ 25%] Built target solver_pcg
[1.284s] [ 25%] Built target types_slam2d
[1.304s] [ 27%] Built target g2o_cli_library
[1.390s] [ 33%] Built target types_slam3d
[1.396s] [ 34%] Built target solver_cholmod
[1.438s] [ 34%] Built target static_dynamic_function_fit
[1.454s] [ 35%] Built target polynomial_fit
[1.474s] [ 36%] Built target static_target
[1.478s] [ 39%] Built target tutorial_slam2d_library
[1.502s] [ 39%] Built target constant_velocity_target
[1.519s] [ 41%] Built target slam2d_g2o
[1.552s] [ 41%] Built target g2o_cli_application
[1.615s] [ 44%] Built target g2o_hierarchical_library
[1.750s] [ 51%] Built target types_sba
[1.751s] [ 55%] Built target types_slam2d_addons
[1.767s] [ 57%] Built target types_sclam2d
[1.768s] [ 58%] Built target solver_slam2d_linear
[1.773s] [ 61%] Built target types_data
[1.792s] [ 65%] Built target types_slam3d_addons
[1.798s] [ 70%] Built target viewer_library
[1.847s] [ 71%] Built target circle_fit
[1.925s] [ 71%] Built target bal_example
[1.954s] [ 72%] Built target simulator_3d_line
[1.957s] [ 72%] Built target ba_anchored_inverse_depth_demo
[1.965s] [ 73%] Built target convert_sba_slam3d
[1.966s] [ 74%] Built target ba_demo
[1.974s] [ 75%] Built target curve_fit
[1.988s] [ 76%] Built target tutorial_slam2d
[2.009s] [ 77%] Built target simulator_3d_plane
[2.126s] [ 78%] Built target create_sphere
[2.146s] [ 79%] Built target g2o_anonymize_observations_application
[2.146s] [ 79%] Built target g2o_hierarchical_application
[2.147s] [ 79%] Built target simple_optimize
[2.154s] [ 80%] Built target convertSegmentLine_application
[2.174s] [ 80%] Built target g2o_viewer
[2.188s] [ 81%] Built target g2o_interactive_library
[2.269s] [ 88%] Built target g2o_simulator_library
[2.280s] [ 88%] Built target types_icp
[2.307s] [ 89%] Built target g2o_online_application
[2.310s] [ 90%] Built target types_sim3
[2.318s] [ 92%] Built target calibration_odom_laser_library
[2.330s] [ 93%] Built target g2o_incremental_library
[2.426s] [ 94%] Built target gicp_demo
[2.430s] [ 94%] Built target g2o_simulator3d_application
[2.444s] [ 95%] Built target sclam_odom_laser
[2.465s] [ 96%] Built target g2o_simulator2d_application
[2.504s] [ 97%] Built target optimize_sphere_by_sim3
[2.504s] [ 98%] Built target sclam_pure_calibration
[2.513s] [ 99%] Built target gicp_sba_demo
[2.513s] [100%] Built target sba_demo
[2.551s] [100%] Built target sclam_laser_calib
[2.555s] [100%] Built target g2o_incremental_application
[2.603s] Invoked command in '/home/vvoxel/ros2_ws_mgr/build/g2o' returned '0': DEBUGINFOD_URLS=https://debuginfod.ubuntu.com /usr/bin/cmake --build /home/vvoxel/ros2_ws_mgr/build/g2o -- -j8 -l8
[2.647s] Invoking command in '/home/vvoxel/ros2_ws_mgr/build/g2o': DEBUGINFOD_URLS=https://debuginfod.ubuntu.com /usr/bin/cmake --install /home/vvoxel/ros2_ws_mgr/build/g2o
[2.726s] -- Install configuration: "Release"
[2.726s] -- Up-to-date: /home/vvoxel/ros2_ws_mgr/install/g2o/include/g2o/config.h
[2.727s] -- Up-to-date: /home/vvoxel/ros2_ws_mgr/install/g2o/lib/cmake/g2o/g2oConfig.cmake
[2.727s] -- Up-to-date: /home/vvoxel/ros2_ws_mgr/install/g2o/lib/cmake/g2o/g2oConfigVersion.cmake
[2.728s] -- Up-to-date: /home/vvoxel/ros2_ws_mgr/install/g2o/lib/cmake/g2o/g2oTargets.cmake
[2.729s] -- Up-to-date: /home/vvoxel/ros2_ws_mgr/install/g2o/lib/cmake/g2o/g2oTargets-release.cmake
[2.729s] -- Up-to-date: /home/vvoxel/ros2_ws_mgr/install/g2o/lib/libg2o_ext_freeglut_minimal.so.0.2.0
[2.730s] -- Up-to-date: /home/vvoxel/ros2_ws_mgr/install/g2o/lib/libg2o_ext_freeglut_minimal.so.0.2
[2.730s] -- Up-to-date: /home/vvoxel/ros2_ws_mgr/install/g2o/lib/libg2o_ext_freeglut_minimal.so
[2.730s] -- Up-to-date: /home/vvoxel/ros2_ws_mgr/install/g2o/include/g2o/EXTERNAL/freeglut/freeglut_minimal.h
[2.731s] -- Up-to-date: /home/vvoxel/ros2_ws_mgr/install/g2o/include/g2o/autodiff/array_selector.h
[2.731s] -- Up-to-date: /home/vvoxel/ros2_ws_mgr/install/g2o/include/g2o/autodiff/autodiff.h
[2.731s] -- Up-to-date: /home/vvoxel/ros2_ws_mgr/install/g2o/include/g2o/autodiff/disable_warnings.h
[2.731s] -- Up-to-date: /home/vvoxel/ros2_ws_mgr/install/g2o/include/g2o/autodiff/eigen.h
[2.732s] -- Up-to-date: /home/vvoxel/ros2_ws_mgr/install/g2o/include/g2o/autodiff/fixed_array.h
[2.732s] -- Up-to-date: /home/vvoxel/ros2_ws_mgr/install/g2o/include/g2o/autodiff/integer_sequence_algorithm.h
[2.732s] -- Up-to-date: /home/vvoxel/ros2_ws_mgr/install/g2o/include/g2o/autodiff/jet.h
[2.734s] -- Up-to-date: /home/vvoxel/ros2_ws_mgr/install/g2o/include/g2o/autodiff/memory.h
[2.734s] -- Up-to-date: /home/vvoxel/ros2_ws_mgr/install/g2o/include/g2o/autodiff/parameter_dims.h
[2.735s] -- Up-to-date: /home/vvoxel/ros2_ws_mgr/install/g2o/include/g2o/autodiff/reenable_warnings.h
[2.735s] -- Up-to-date: /home/vvoxel/ros2_ws_mgr/install/g2o/include/g2o/autodiff/types.h
[2.735s] -- Up-to-date: /home/vvoxel/ros2_ws_mgr/install/g2o/include/g2o/autodiff/variadic_evaluate.h
[2.736s] -- Up-to-date: /home/vvoxel/ros2_ws_mgr/install/g2o/include/g2o/autodiff/LICENSE
[2.736s] -- Up-to-date: /home/vvoxel/ros2_ws_mgr/install/g2o/lib/libg2o_stuff.so.0.2.0
[2.736s] -- Up-to-date: /home/vvoxel/ros2_ws_mgr/install/g2o/lib/libg2o_stuff.so.0.2
[2.736s] -- Up-to-date: /home/vvoxel/ros2_ws_mgr/install/g2o/lib/libg2o_stuff.so
[2.737s] -- Up-to-date: /home/vvoxel/ros2_ws_mgr/install/g2o/lib/libg2o_opengl_helper.so.0.2.0
[2.737s] -- Up-to-date: /home/vvoxel/ros2_ws_mgr/install/g2o/lib/libg2o_opengl_helper.so.0.2
[2.737s] -- Up-to-date: /home/vvoxel/ros2_ws_mgr/install/g2o/lib/libg2o_opengl_helper.so
[2.738s] -- Up-to-date: /home/vvoxel/ros2_ws_mgr/install/g2o/include/g2o/stuff/color_macros.h
[2.738s] -- Up-to-date: /home/vvoxel/ros2_ws_mgr/install/g2o/include/g2o/stuff/command_args.h
[2.738s] -- Up-to-date: /home/vvoxel/ros2_ws_mgr/install/g2o/include/g2o/stuff/filesys_tools.h
[2.739s] -- Up-to-date: /home/vvoxel/ros2_ws_mgr/install/g2o/include/g2o/stuff/g2o_stuff_api.h
[2.739s] -- Up-to-date: /home/vvoxel/ros2_ws_mgr/install/g2o/include/g2o/stuff/logger.h
[2.739s] -- Up-to-date: /home/vvoxel/ros2_ws_mgr/install/g2o/include/g2o/stuff/logger_format.h
[2.740s] -- Up-to-date: /home/vvoxel/ros2_ws_mgr/install/g2o/include/g2o/stuff/macros.h
[2.740s] -- Up-to-date: /home/vvoxel/ros2_ws_mgr/install/g2o/include/g2o/stuff/misc.h
[2.740s] -- Up-to-date: /home/vvoxel/ros2_ws_mgr/install/g2o/include/g2o/stuff/opengl_primitives.h
[2.740s] -- Up-to-date: /home/vvoxel/ros2_ws_mgr/install/g2o/include/g2o/stuff/opengl_wrapper.h
[2.741s] -- Up-to-date: /home/vvoxel/ros2_ws_mgr/install/g2o/include/g2o/stuff/property.h
[2.741s] -- Up-to-date: /home/vvoxel/ros2_ws_mgr/install/g2o/include/g2o/stuff/sampler.h
[2.741s] -- Up-to-date: /home/vvoxel/ros2_ws_mgr/install/g2o/include/g2o/stuff/sparse_helper.h
[2.741s] -- Up-to-date: /home/vvoxel/ros2_ws_mgr/install/g2o/include/g2o/stuff/string_tools.h
[2.741s] -- Up-to-date: /home/vvoxel/ros2_ws_mgr/install/g2o/include/g2o/stuff/tictoc.h
[2.742s] -- Up-to-date: /home/vvoxel/ros2_ws_mgr/install/g2o/include/g2o/stuff/timeutil.h
[2.742s] -- Up-to-date: /home/vvoxel/ros2_ws_mgr/install/g2o/include/g2o/stuff/tuple_tools.h
[2.742s] -- Up-to-date: /home/vvoxel/ros2_ws_mgr/install/g2o/include/g2o/stuff/unscented.h
[2.743s] -- Up-to-date: /home/vvoxel/ros2_ws_mgr/install/g2o/lib/libg2o_core.so.0.2.0
[2.744s] -- Up-to-date: /home/vvoxel/ros2_ws_mgr/install/g2o/lib/libg2o_core.so.0.2
[2.744s] -- Up-to-date: /home/vvoxel/ros2_ws_mgr/install/g2o/lib/libg2o_core.so
[2.744s] -- Up-to-date: /home/vvoxel/ros2_ws_mgr/install/g2o/include/g2o/core/auto_differentiation.h
[2.746s] -- Up-to-date: /home/vvoxel/ros2_ws_mgr/install/g2o/include/g2o/core/base_binary_edge.h
[2.746s] -- Up-to-date: /home/vvoxel/ros2_ws_mgr/install/g2o/include/g2o/core/base_dynamic_vertex.h
[2.746s] -- Up-to-date: /home/vvoxel/ros2_ws_mgr/install/g2o/include/g2o/core/base_edge.h
[2.747s] -- Up-to-date: /home/vvoxel/ros2_ws_mgr/install/g2o/include/g2o/core/base_fixed_sized_edge.h
[2.748s] -- Up-to-date: /home/vvoxel/ros2_ws_mgr/install/g2o/include/g2o/core/base_fixed_sized_edge.hpp
[2.748s] -- Up-to-date: /home/vvoxel/ros2_ws_mgr/install/g2o/include/g2o/core/base_multi_edge.h
[2.749s] -- Up-to-date: /home/vvoxel/ros2_ws_mgr/install/g2o/include/g2o/core/base_unary_edge.h
[2.749s] -- Up-to-date: /home/vvoxel/ros2_ws_mgr/install/g2o/include/g2o/core/base_variable_sized_edge.h
[2.749s] -- Up-to-date: /home/vvoxel/ros2_ws_mgr/install/g2o/include/g2o/core/base_variable_sized_edge.hpp
[2.750s] -- Up-to-date: /home/vvoxel/ros2_ws_mgr/install/g2o/include/g2o/core/base_vertex.h
[2.751s] -- Up-to-date: /home/vvoxel/ros2_ws_mgr/install/g2o/include/g2o/core/base_vertex.hpp
[2.751s] -- Up-to-date: /home/vvoxel/ros2_ws_mgr/install/g2o/include/g2o/core/batch_stats.h
[2.752s] -- Up-to-date: /home/vvoxel/ros2_ws_mgr/install/g2o/include/g2o/core/block_solver.h
[2.752s] -- Up-to-date: /home/vvoxel/ros2_ws_mgr/install/g2o/include/g2o/core/block_solver.hpp
[2.752s] -- Up-to-date: /home/vvoxel/ros2_ws_mgr/install/g2o/include/g2o/core/cache.h
[2.753s] -- Up-to-date: /home/vvoxel/ros2_ws_mgr/install/g2o/include/g2o/core/creators.h
[2.753s] -- Up-to-date: /home/vvoxel/ros2_ws_mgr/install/g2o/include/g2o/core/dynamic_aligned_buffer.hpp
[2.754s] -- Up-to-date: /home/vvoxel/ros2_ws_mgr/install/g2o/include/g2o/core/eigen_types.h
[2.754s] -- Up-to-date: /home/vvoxel/ros2_ws_mgr/install/g2o/include/g2o/core/estimate_propagator.h
[2.755s] -- Up-to-date: /home/vvoxel/ros2_ws_mgr/install/g2o/include/g2o/core/factory.h
[2.759s] -- Up-to-date: /home/vvoxel/ros2_ws_mgr/install/g2o/include/g2o/core/g2o_core_api.h
[2.760s] -- Up-to-date: /home/vvoxel/ros2_ws_mgr/install/g2o/include/g2o/core/hyper_dijkstra.h
[2.760s] -- Up-to-date: /home/vvoxel/ros2_ws_mgr/install/g2o/include/g2o/core/hyper_graph.h
[2.760s] -- Up-to-date: /home/vvoxel/ros2_ws_mgr/install/g2o/include/g2o/core/hyper_graph_action.h
[2.761s] -- Up-to-date: /home/vvoxel/ros2_ws_mgr/install/g2o/include/g2o/core/io_helper.h
[2.761s] -- Up-to-date: /home/vvoxel/ros2_ws_mgr/install/g2o/include/g2o/core/jacobian_workspace.h
[2.761s] -- Up-to-date: /home/vvoxel/ros2_ws_mgr/install/g2o/include/g2o/core/linear_solver.h
[2.761s] -- Up-to-date: /home/vvoxel/ros2_ws_mgr/install/g2o/include/g2o/core/marginal_covariance_cholesky.h
[2.763s] -- Up-to-date: /home/vvoxel/ros2_ws_mgr/install/g2o/include/g2o/core/matrix_operations.h
[2.764s] -- Up-to-date: /home/vvoxel/ros2_ws_mgr/install/g2o/include/g2o/core/matrix_structure.h
[2.764s] -- Up-to-date: /home/vvoxel/ros2_ws_mgr/install/g2o/include/g2o/core/openmp_mutex.h
[2.764s] -- Up-to-date: /home/vvoxel/ros2_ws_mgr/install/g2o/include/g2o/core/optimizable_graph.h
[2.765s] -- Up-to-date: /home/vvoxel/ros2_ws_mgr/install/g2o/include/g2o/core/optimization_algorithm.h
[2.765s] -- Up-to-date: /home/vvoxel/ros2_ws_mgr/install/g2o/include/g2o/core/optimization_algorithm_dogleg.h
[2.765s] -- Up-to-date: /home/vvoxel/ros2_ws_mgr/install/g2o/include/g2o/core/optimization_algorithm_factory.h
[2.765s] -- Up-to-date: /home/vvoxel/ros2_ws_mgr/install/g2o/include/g2o/core/optimization_algorithm_gauss_newton.h
[2.766s] -- Up-to-date: /home/vvoxel/ros2_ws_mgr/install/g2o/include/g2o/core/optimization_algorithm_levenberg.h
[2.766s] -- Up-to-date: /home/vvoxel/ros2_ws_mgr/install/g2o/include/g2o/core/optimization_algorithm_property.h
[2.766s] -- Up-to-date: /home/vvoxel/ros2_ws_mgr/install/g2o/include/g2o/core/optimization_algorithm_with_hessian.h
[2.773s] -- Up-to-date: /home/vvoxel/ros2_ws_mgr/install/g2o/include/g2o/core/ownership.h
[2.774s] -- Up-to-date: /home/vvoxel/ros2_ws_mgr/install/g2o/include/g2o/core/parameter.h
[2.775s] -- Up-to-date: /home/vvoxel/ros2_ws_mgr/install/g2o/include/g2o/core/parameter_container.h
[2.779s] -- Up-to-date: /home/vvoxel/ros2_ws_mgr/install/g2o/include/g2o/core/robust_kernel.h
[2.780s] -- Up-to-date: /home/vvoxel/ros2_ws_mgr/install/g2o/include/g2o/core/robust_kernel_factory.h
[2.780s] -- Up-to-date: /home/vvoxel/ros2_ws_mgr/install/g2o/include/g2o/core/robust_kernel_impl.h
[2.780s] -- Up-to-date: /home/vvoxel/ros2_ws_mgr/install/g2o/include/g2o/core/solver.h
[2.781s] -- Up-to-date: /home/vvoxel/ros2_ws_mgr/install/g2o/include/g2o/core/sparse_block_matrix.h
[2.781s] -- Up-to-date: /home/vvoxel/ros2_ws_mgr/install/g2o/include/g2o/core/sparse_block_matrix.hpp
[2.781s] -- Up-to-date: /home/vvoxel/ros2_ws_mgr/install/g2o/include/g2o/core/sparse_block_matrix_ccs.h
[2.782s] -- Up-to-date: /home/vvoxel/ros2_ws_mgr/install/g2o/include/g2o/core/sparse_block_matrix_diagonal.h
[2.782s] -- Up-to-date: /home/vvoxel/ros2_ws_mgr/install/g2o/include/g2o/core/sparse_optimizer.h
[2.782s] -- Up-to-date: /home/vvoxel/ros2_ws_mgr/install/g2o/include/g2o/core/sparse_optimizer_terminate_action.h
[2.784s] -- Up-to-date: /home/vvoxel/ros2_ws_mgr/install/g2o/lib/libg2o_cli.so.0.2.0
[2.785s] -- Up-to-date: /home/vvoxel/ros2_ws_mgr/install/g2o/lib/libg2o_cli.so.0.2
[2.785s] -- Up-to-date: /home/vvoxel/ros2_ws_mgr/install/g2o/lib/libg2o_cli.so
[2.785s] -- Up-to-date: /home/vvoxel/ros2_ws_mgr/install/g2o/bin/g2o
[2.786s] -- Up-to-date: /home/vvoxel/ros2_ws_mgr/install/g2o/include/g2o/apps/g2o_cli/dl_wrapper.h
[2.788s] -- Up-to-date: /home/vvoxel/ros2_ws_mgr/install/g2o/include/g2o/apps/g2o_cli/g2o_cli_api.h
[2.788s] -- Up-to-date: /home/vvoxel/ros2_ws_mgr/install/g2o/include/g2o/apps/g2o_cli/g2o_common.h
[2.789s] -- Up-to-date: /home/vvoxel/ros2_ws_mgr/install/g2o/include/g2o/apps/g2o_cli/output_helper.h
[2.789s] -- Up-to-date: /home/vvoxel/ros2_ws_mgr/install/g2o/lib/libg2o_simulator.so.0.2.0
[2.789s] -- Up-to-date: /home/vvoxel/ros2_ws_mgr/install/g2o/lib/libg2o_simulator.so.0.2
[2.790s] -- Up-to-date: /home/vvoxel/ros2_ws_mgr/install/g2o/lib/libg2o_simulator.so
[2.790s] -- Up-to-date: /home/vvoxel/ros2_ws_mgr/install/g2o/bin/g2o_simulator2d
[2.791s] -- Up-to-date: /home/vvoxel/ros2_ws_mgr/install/g2o/bin/g2o_simulator3d
[2.791s] -- Up-to-date: /home/vvoxel/ros2_ws_mgr/install/g2o/include/g2o/apps/g2o_simulator/g2o_simulator_api.h
[2.792s] -- Up-to-date: /home/vvoxel/ros2_ws_mgr/install/g2o/include/g2o/apps/g2o_simulator/pointsensorparameters.h
[2.792s] -- Up-to-date: /home/vvoxel/ros2_ws_mgr/install/g2o/include/g2o/apps/g2o_simulator/sensor_line3d.h
[2.794s] -- Up-to-date: /home/vvoxel/ros2_ws_mgr/install/g2o/include/g2o/apps/g2o_simulator/sensor_odometry.h
[2.795s] -- Up-to-date: /home/vvoxel/ros2_ws_mgr/install/g2o/include/g2o/apps/g2o_simulator/sensor_odometry2d.h
[2.796s] -- Up-to-date: /home/vvoxel/ros2_ws_mgr/install/g2o/include/g2o/apps/g2o_simulator/sensor_odometry3d.h
[2.796s] -- Up-to-date: /home/vvoxel/ros2_ws_mgr/install/g2o/include/g2o/apps/g2o_simulator/sensor_pointxy.h
[2.796s] -- Up-to-date: /home/vvoxel/ros2_ws_mgr/install/g2o/include/g2o/apps/g2o_simulator/sensor_pointxy_bearing.h
[2.799s] -- Up-to-date: /home/vvoxel/ros2_ws_mgr/install/g2o/include/g2o/apps/g2o_simulator/sensor_pointxy_offset.h
[2.799s] -- Up-to-date: /home/vvoxel/ros2_ws_mgr/install/g2o/include/g2o/apps/g2o_simulator/sensor_pointxyz.h
[2.800s] -- Up-to-date: /home/vvoxel/ros2_ws_mgr/install/g2o/include/g2o/apps/g2o_simulator/sensor_pointxyz_depth.h
[2.801s] -- Up-to-date: /home/vvoxel/ros2_ws_mgr/install/g2o/include/g2o/apps/g2o_simulator/sensor_pointxyz_disparity.h
[2.801s] -- Up-to-date: /home/vvoxel/ros2_ws_mgr/install/g2o/include/g2o/apps/g2o_simulator/sensor_pose2d.h
[2.802s] -- Up-to-date: /home/vvoxel/ros2_ws_mgr/install/g2o/include/g2o/apps/g2o_simulator/sensor_pose3d.h
[2.803s] -- Up-to-date: /home/vvoxel/ros2_ws_mgr/install/g2o/include/g2o/apps/g2o_simulator/sensor_pose3d_offset.h
[2.804s] -- Up-to-date: /home/vvoxel/ros2_ws_mgr/install/g2o/include/g2o/apps/g2o_simulator/sensor_se3_prior.h
[2.805s] -- Up-to-date: /home/vvoxel/ros2_ws_mgr/install/g2o/include/g2o/apps/g2o_simulator/sensor_segment2d.h
[2.805s] -- Up-to-date: /home/vvoxel/ros2_ws_mgr/install/g2o/include/g2o/apps/g2o_simulator/sensor_segment2d_line.h
[2.806s] -- Up-to-date: /home/vvoxel/ros2_ws_mgr/install/g2o/include/g2o/apps/g2o_simulator/sensor_segment2d_pointline.h
[2.807s] -- Up-to-date: /home/vvoxel/ros2_ws_mgr/install/g2o/include/g2o/apps/g2o_simulator/simulator.h
[2.807s] -- Up-to-date: /home/vvoxel/ros2_ws_mgr/install/g2o/include/g2o/apps/g2o_simulator/simulator2d.h
[2.808s] -- Up-to-date: /home/vvoxel/ros2_ws_mgr/install/g2o/include/g2o/apps/g2o_simulator/simulator2d_base.h
[2.808s] -- Up-to-date: /home/vvoxel/ros2_ws_mgr/install/g2o/include/g2o/apps/g2o_simulator/simulator3d.h
[2.809s] -- Up-to-date: /home/vvoxel/ros2_ws_mgr/install/g2o/include/g2o/apps/g2o_simulator/simulator3d_base.h
[2.809s] -- Up-to-date: /home/vvoxel/ros2_ws_mgr/install/g2o/include/g2o/apps/g2o_simulator/simutils.h
[2.809s] -- Up-to-date: /home/vvoxel/ros2_ws_mgr/install/g2o/lib/libg2o_viewer.so.0.2.0
[2.810s] -- Up-to-date: /home/vvoxel/ros2_ws_mgr/install/g2o/lib/libg2o_viewer.so.0.2
[2.811s] -- Up-to-date: /home/vvoxel/ros2_ws_mgr/install/g2o/lib/libg2o_viewer.so
[2.811s] -- Up-to-date: /home/vvoxel/ros2_ws_mgr/install/g2o/bin/g2o_viewer
[2.812s] -- Up-to-date: /home/vvoxel/ros2_ws_mgr/install/g2o/include/g2o/apps/g2o_viewer/g2o_qglviewer.h
[2.812s] -- Up-to-date: /home/vvoxel/ros2_ws_mgr/install/g2o/include/g2o/apps/g2o_viewer/g2o_viewer_api.h
[2.813s] -- Up-to-date: /home/vvoxel/ros2_ws_mgr/install/g2o/include/g2o/apps/g2o_viewer/gui_hyper_graph_action.h
[2.813s] -- Up-to-date: /home/vvoxel/ros2_ws_mgr/install/g2o/include/g2o/apps/g2o_viewer/main_window.h
[2.813s] -- Up-to-date: /home/vvoxel/ros2_ws_mgr/install/g2o/include/g2o/apps/g2o_viewer/properties_widget.h
[2.814s] -- Up-to-date: /home/vvoxel/ros2_ws_mgr/install/g2o/include/g2o/apps/g2o_viewer/run_g2o_viewer.h
[2.814s] -- Up-to-date: /home/vvoxel/ros2_ws_mgr/install/g2o/include/g2o/apps/g2o_viewer/stream_redirect.h
[2.814s] -- Up-to-date: /home/vvoxel/ros2_ws_mgr/install/g2o/include/g2o/apps/g2o_viewer/viewer_properties_widget.h
[2.815s] -- Up-to-date: /home/vvoxel/ros2_ws_mgr/install/g2o/include/g2o/apps/g2o_viewer/ui_base_main_window.h
[2.815s] -- Up-to-date: /home/vvoxel/ros2_ws_mgr/install/g2o/include/g2o/apps/g2o_viewer/ui_base_properties_widget.h
[2.815s] -- Up-to-date: /home/vvoxel/ros2_ws_mgr/install/g2o/lib/libg2o_types_slam2d.so.0.2.0
[2.816s] -- Up-to-date: /home/vvoxel/ros2_ws_mgr/install/g2o/lib/libg2o_types_slam2d.so.0.2
[2.816s] -- Up-to-date: /home/vvoxel/ros2_ws_mgr/install/g2o/lib/libg2o_types_slam2d.so
[2.816s] -- Up-to-date: /home/vvoxel/ros2_ws_mgr/install/g2o/include/g2o/types/slam2d/edge_pointxy.h
[2.816s] -- Up-to-date: /home/vvoxel/ros2_ws_mgr/install/g2o/include/g2o/types/slam2d/edge_se2.h
[2.817s] -- Up-to-date: /home/vvoxel/ros2_ws_mgr/install/g2o/include/g2o/types/slam2d/edge_se2_lotsofxy.h
[2.817s] -- Up-to-date: /home/vvoxel/ros2_ws_mgr/install/g2o/include/g2o/types/slam2d/edge_se2_offset.h
[2.817s] -- Up-to-date: /home/vvoxel/ros2_ws_mgr/install/g2o/include/g2o/types/slam2d/edge_se2_pointxy.h
[2.817s] -- Up-to-date: /home/vvoxel/ros2_ws_mgr/install/g2o/include/g2o/types/slam2d/edge_se2_pointxy_bearing.h
[2.818s] -- Up-to-date: /home/vvoxel/ros2_ws_mgr/install/g2o/include/g2o/types/slam2d/edge_se2_pointxy_calib.h
[2.818s] -- Up-to-date: /home/vvoxel/ros2_ws_mgr/install/g2o/include/g2o/types/slam2d/edge_se2_pointxy_offset.h
[2.818s] -- Up-to-date: /home/vvoxel/ros2_ws_mgr/install/g2o/include/g2o/types/slam2d/edge_se2_prior.h
[2.818s] -- Up-to-date: /home/vvoxel/ros2_ws_mgr/install/g2o/include/g2o/types/slam2d/edge_se2_twopointsxy.h
[2.819s] -- Up-to-date: /home/vvoxel/ros2_ws_mgr/install/g2o/include/g2o/types/slam2d/edge_se2_xyprior.h
[2.819s] -- Up-to-date: /home/vvoxel/ros2_ws_mgr/install/g2o/include/g2o/types/slam2d/edge_xy_prior.h
[2.819s] -- Up-to-date: /home/vvoxel/ros2_ws_mgr/install/g2o/include/g2o/types/slam2d/g2o_types_slam2d_api.h
[2.820s] -- Up-to-date: /home/vvoxel/ros2_ws_mgr/install/g2o/include/g2o/types/slam2d/parameter_se2_offset.h
[2.820s] -- Up-to-date: /home/vvoxel/ros2_ws_mgr/install/g2o/include/g2o/types/slam2d/se2.h
[2.820s] -- Up-to-date: /home/vvoxel/ros2_ws_mgr/install/g2o/include/g2o/types/slam2d/types_slam2d.h
[2.821s] -- Up-to-date: /home/vvoxel/ros2_ws_mgr/install/g2o/include/g2o/types/slam2d/vertex_point_xy.h
[2.821s] -- Up-to-date: /home/vvoxel/ros2_ws_mgr/install/g2o/include/g2o/types/slam2d/vertex_se2.h
[2.821s] -- Up-to-date: /home/vvoxel/ros2_ws_mgr/install/g2o/lib/libg2o_types_slam2d_addons.so.0.2.0
[2.821s] -- Up-to-date: /home/vvoxel/ros2_ws_mgr/install/g2o/lib/libg2o_types_slam2d_addons.so.0.2
[2.822s] -- Up-to-date: /home/vvoxel/ros2_ws_mgr/install/g2o/lib/libg2o_types_slam2d_addons.so
[2.822s] -- Up-to-date: /home/vvoxel/ros2_ws_mgr/install/g2o/include/g2o/types/slam2d_addons/edge_line2d.h
[2.823s] -- Up-to-date: /home/vvoxel/ros2_ws_mgr/install/g2o/include/g2o/types/slam2d_addons/edge_line2d_pointxy.h
[2.823s] -- Up-to-date: /home/vvoxel/ros2_ws_mgr/install/g2o/include/g2o/types/slam2d_addons/edge_se2_line2d.h
[2.824s] -- Up-to-date: /home/vvoxel/ros2_ws_mgr/install/g2o/include/g2o/types/slam2d_addons/edge_se2_segment2d.h
[2.824s] -- Up-to-date: /home/vvoxel/ros2_ws_mgr/install/g2o/include/g2o/types/slam2d_addons/edge_se2_segment2d_line.h
[2.824s] -- Up-to-date: /home/vvoxel/ros2_ws_mgr/install/g2o/include/g2o/types/slam2d_addons/edge_se2_segment2d_pointLine.h
[2.825s] -- Up-to-date: /home/vvoxel/ros2_ws_mgr/install/g2o/include/g2o/types/slam2d_addons/g2o_types_slam2d_addons_api.h
[2.825s] -- Up-to-date: /home/vvoxel/ros2_ws_mgr/install/g2o/include/g2o/types/slam2d_addons/line_2d.h
[2.825s] -- Up-to-date: /home/vvoxel/ros2_ws_mgr/install/g2o/include/g2o/types/slam2d_addons/types_slam2d_addons.h
[2.825s] -- Up-to-date: /home/vvoxel/ros2_ws_mgr/install/g2o/include/g2o/types/slam2d_addons/vertex_line2d.h
[2.826s] -- Up-to-date: /home/vvoxel/ros2_ws_mgr/install/g2o/include/g2o/types/slam2d_addons/vertex_segment2d.h
[2.826s] -- Up-to-date: /home/vvoxel/ros2_ws_mgr/install/g2o/lib/libg2o_types_data.so.0.2.0
[2.827s] -- Up-to-date: /home/vvoxel/ros2_ws_mgr/install/g2o/lib/libg2o_types_data.so.0.2
[2.827s] -- Up-to-date: /home/vvoxel/ros2_ws_mgr/install/g2o/lib/libg2o_types_data.so
[2.827s] -- Up-to-date: /home/vvoxel/ros2_ws_mgr/install/g2o/include/g2o/types/data/data_queue.h
[2.827s] -- Up-to-date: /home/vvoxel/ros2_ws_mgr/install/g2o/include/g2o/types/data/g2o_types_data_api.h
[2.828s] -- Up-to-date: /home/vvoxel/ros2_ws_mgr/install/g2o/include/g2o/types/data/laser_parameters.h
[2.828s] -- Up-to-date: /home/vvoxel/ros2_ws_mgr/install/g2o/include/g2o/types/data/raw_laser.h
[2.828s] -- Up-to-date: /home/vvoxel/ros2_ws_mgr/install/g2o/include/g2o/types/data/robot_data.h
[2.829s] -- Up-to-date: /home/vvoxel/ros2_ws_mgr/install/g2o/include/g2o/types/data/robot_laser.h
[2.829s] -- Up-to-date: /home/vvoxel/ros2_ws_mgr/install/g2o/include/g2o/types/data/types_data.h
[2.830s] -- Up-to-date: /home/vvoxel/ros2_ws_mgr/install/g2o/include/g2o/types/data/vertex_ellipse.h
[2.830s] -- Up-to-date: /home/vvoxel/ros2_ws_mgr/install/g2o/include/g2o/types/data/vertex_tag.h
[2.830s] -- Up-to-date: /home/vvoxel/ros2_ws_mgr/install/g2o/lib/libg2o_types_sclam2d.so.0.2.0
[2.830s] -- Up-to-date: /home/vvoxel/ros2_ws_mgr/install/g2o/lib/libg2o_types_sclam2d.so.0.2
[2.831s] -- Up-to-date: /home/vvoxel/ros2_ws_mgr/install/g2o/lib/libg2o_types_sclam2d.so
[2.831s] -- Up-to-date: /home/vvoxel/ros2_ws_mgr/install/g2o/include/g2o/types/sclam2d/edge_se2_odom_differential_calib.h
[2.831s] -- Up-to-date: /home/vvoxel/ros2_ws_mgr/install/g2o/include/g2o/types/sclam2d/edge_se2_sensor_calib.h
[2.831s] -- Up-to-date: /home/vvoxel/ros2_ws_mgr/install/g2o/include/g2o/types/sclam2d/g2o_types_sclam2d_api.h
[2.832s] -- Up-to-date: /home/vvoxel/ros2_ws_mgr/install/g2o/include/g2o/types/sclam2d/odometry_measurement.h
[2.832s] -- Up-to-date: /home/vvoxel/ros2_ws_mgr/install/g2o/include/g2o/types/sclam2d/types_sclam2d.h
[2.832s] -- Up-to-date: /home/vvoxel/ros2_ws_mgr/install/g2o/include/g2o/types/sclam2d/vertex_odom_differential_params.h
[2.832s] -- Up-to-date: /home/vvoxel/ros2_ws_mgr/install/g2o/lib/libg2o_types_slam3d.so.0.2.0
[2.833s] -- Up-to-date: /home/vvoxel/ros2_ws_mgr/install/g2o/lib/libg2o_types_slam3d.so.0.2
[2.833s] -- Up-to-date: /home/vvoxel/ros2_ws_mgr/install/g2o/lib/libg2o_types_slam3d.so
[2.835s] -- Up-to-date: /home/vvoxel/ros2_ws_mgr/install/g2o/include/g2o/types/slam3d/dquat2mat.h
[2.836s] -- Up-to-date: /home/vvoxel/ros2_ws_mgr/install/g2o/include/g2o/types/slam3d/edge_pointxyz.h
[2.836s] -- Up-to-date: /home/vvoxel/ros2_ws_mgr/install/g2o/include/g2o/types/slam3d/edge_se3.h
[2.836s] -- Up-to-date: /home/vvoxel/ros2_ws_mgr/install/g2o/include/g2o/types/slam3d/edge_se3_lotsofxyz.h
[2.836s] -- Up-to-date: /home/vvoxel/ros2_ws_mgr/install/g2o/include/g2o/types/slam3d/edge_se3_offset.h
[2.837s] -- Up-to-date: /home/vvoxel/ros2_ws_mgr/install/g2o/include/g2o/types/slam3d/edge_se3_pointxyz.h
[2.837s] -- Up-to-date: /home/vvoxel/ros2_ws_mgr/install/g2o/include/g2o/types/slam3d/edge_se3_pointxyz_depth.h
[2.838s] -- Up-to-date: /home/vvoxel/ros2_ws_mgr/install/g2o/include/g2o/types/slam3d/edge_se3_pointxyz_disparity.h
[2.838s] -- Up-to-date: /home/vvoxel/ros2_ws_mgr/install/g2o/include/g2o/types/slam3d/edge_se3_prior.h
[2.838s] -- Up-to-date: /home/vvoxel/ros2_ws_mgr/install/g2o/include/g2o/types/slam3d/edge_se3_xyzprior.h
[2.839s] -- Up-to-date: /home/vvoxel/ros2_ws_mgr/install/g2o/include/g2o/types/slam3d/edge_xyz_prior.h
[2.839s] -- Up-to-date: /home/vvoxel/ros2_ws_mgr/install/g2o/include/g2o/types/slam3d/g2o_types_slam3d_api.h
[2.839s] -- Up-to-date: /home/vvoxel/ros2_ws_mgr/install/g2o/include/g2o/types/slam3d/isometry3d_gradients.h
[2.840s] -- Up-to-date: /home/vvoxel/ros2_ws_mgr/install/g2o/include/g2o/types/slam3d/isometry3d_mappings.h
[2.840s] -- Up-to-date: /home/vvoxel/ros2_ws_mgr/install/g2o/include/g2o/types/slam3d/parameter_camera.h
[2.840s] -- Up-to-date: /home/vvoxel/ros2_ws_mgr/install/g2o/include/g2o/types/slam3d/parameter_se3_offset.h
[2.841s] -- Up-to-date: /home/vvoxel/ros2_ws_mgr/install/g2o/include/g2o/types/slam3d/parameter_stereo_camera.h
[2.841s] -- Up-to-date: /home/vvoxel/ros2_ws_mgr/install/g2o/include/g2o/types/slam3d/se3_ops.h
[2.841s] -- Up-to-date: /home/vvoxel/ros2_ws_mgr/install/g2o/include/g2o/types/slam3d/se3_ops.hpp
[2.841s] -- Up-to-date: /home/vvoxel/ros2_ws_mgr/install/g2o/include/g2o/types/slam3d/se3quat.h
[2.842s] -- Up-to-date: /home/vvoxel/ros2_ws_mgr/install/g2o/include/g2o/types/slam3d/types_slam3d.h
[2.842s] -- Up-to-date: /home/vvoxel/ros2_ws_mgr/install/g2o/include/g2o/types/slam3d/vertex_pointxyz.h
[2.843s] -- Up-to-date: /home/vvoxel/ros2_ws_mgr/install/g2o/include/g2o/types/slam3d/vertex_se3.h
[2.843s] -- Up-to-date: /home/vvoxel/ros2_ws_mgr/install/g2o/lib/libg2o_types_slam3d_addons.so.0.2.0
[2.843s] -- Up-to-date: /home/vvoxel/ros2_ws_mgr/install/g2o/lib/libg2o_types_slam3d_addons.so.0.2
[2.845s] -- Up-to-date: /home/vvoxel/ros2_ws_mgr/install/g2o/lib/libg2o_types_slam3d_addons.so
[2.845s] -- Up-to-date: /home/vvoxel/ros2_ws_mgr/install/g2o/include/g2o/types/slam3d_addons/edge_plane.h
[2.845s] -- Up-to-date: /home/vvoxel/ros2_ws_mgr/install/g2o/include/g2o/types/slam3d_addons/edge_se3_calib.h
[2.846s] -- Up-to-date: /home/vvoxel/ros2_ws_mgr/install/g2o/include/g2o/types/slam3d_addons/edge_se3_euler.h
[2.846s] -- Up-to-date: /home/vvoxel/ros2_ws_mgr/install/g2o/include/g2o/types/slam3d_addons/edge_se3_line.h
[2.846s] -- Up-to-date: /home/vvoxel/ros2_ws_mgr/install/g2o/include/g2o/types/slam3d_addons/edge_se3_plane_calib.h
[2.847s] -- Up-to-date: /home/vvoxel/ros2_ws_mgr/install/g2o/include/g2o/types/slam3d_addons/g2o_types_slam3d_addons_api.h
[2.847s] -- Up-to-date: /home/vvoxel/ros2_ws_mgr/install/g2o/include/g2o/types/slam3d_addons/line3d.h
[2.847s] -- Up-to-date: /home/vvoxel/ros2_ws_mgr/install/g2o/include/g2o/types/slam3d_addons/plane3d.h
[2.848s] -- Up-to-date: /home/vvoxel/ros2_ws_mgr/install/g2o/include/g2o/types/slam3d_addons/types_slam3d_addons.h
[2.848s] -- Up-to-date: /home/vvoxel/ros2_ws_mgr/install/g2o/include/g2o/types/slam3d_addons/vertex_line3d.h
[2.848s] -- Up-to-date: /home/vvoxel/ros2_ws_mgr/install/g2o/include/g2o/types/slam3d_addons/vertex_plane.h
[2.849s] -- Up-to-date: /home/vvoxel/ros2_ws_mgr/install/g2o/include/g2o/types/slam3d_addons/vertex_se3_euler.h
[2.849s] -- Up-to-date: /home/vvoxel/ros2_ws_mgr/install/g2o/lib/libg2o_types_sba.so.0.2.0
[2.849s] -- Up-to-date: /home/vvoxel/ros2_ws_mgr/install/g2o/lib/libg2o_types_sba.so.0.2
[2.850s] -- Up-to-date: /home/vvoxel/ros2_ws_mgr/install/g2o/lib/libg2o_types_sba.so
[2.850s] -- Up-to-date: /home/vvoxel/ros2_ws_mgr/install/g2o/include/g2o/types/sba/edge_project_p2mc.h
[2.850s] -- Up-to-date: /home/vvoxel/ros2_ws_mgr/install/g2o/include/g2o/types/sba/edge_project_p2sc.h
[2.851s] -- Up-to-date: /home/vvoxel/ros2_ws_mgr/install/g2o/include/g2o/types/sba/edge_project_psi2uv.h
[2.851s] -- Up-to-date: /home/vvoxel/ros2_ws_mgr/install/g2o/include/g2o/types/sba/edge_project_stereo_xyz.h
[2.851s] -- Up-to-date: /home/vvoxel/ros2_ws_mgr/install/g2o/include/g2o/types/sba/edge_project_stereo_xyz_onlypose.h
[2.852s] -- Up-to-date: /home/vvoxel/ros2_ws_mgr/install/g2o/include/g2o/types/sba/edge_project_xyz.h
[2.852s] -- Up-to-date: /home/vvoxel/ros2_ws_mgr/install/g2o/include/g2o/types/sba/edge_project_xyz2uv.h
[2.852s] -- Up-to-date: /home/vvoxel/ros2_ws_mgr/install/g2o/include/g2o/types/sba/edge_project_xyz2uvu.h
[2.852s] -- Up-to-date: /home/vvoxel/ros2_ws_mgr/install/g2o/include/g2o/types/sba/edge_project_xyz_onlypose.h
[2.853s] -- Up-to-date: /home/vvoxel/ros2_ws_mgr/install/g2o/include/g2o/types/sba/edge_sba_cam.h
[2.853s] -- Up-to-date: /home/vvoxel/ros2_ws_mgr/install/g2o/include/g2o/types/sba/edge_sba_scale.h
[2.853s] -- Up-to-date: /home/vvoxel/ros2_ws_mgr/install/g2o/include/g2o/types/sba/edge_se3_expmap.h
[2.854s] -- Up-to-date: /home/vvoxel/ros2_ws_mgr/install/g2o/include/g2o/types/sba/g2o_types_sba_api.h
[2.854s] -- Up-to-date: /home/vvoxel/ros2_ws_mgr/install/g2o/include/g2o/types/sba/parameter_cameraparameters.h
[2.855s] -- Up-to-date: /home/vvoxel/ros2_ws_mgr/install/g2o/include/g2o/types/sba/sba_utils.h
[2.855s] -- Up-to-date: /home/vvoxel/ros2_ws_mgr/install/g2o/include/g2o/types/sba/sbacam.h
[2.855s] -- Up-to-date: /home/vvoxel/ros2_ws_mgr/install/g2o/include/g2o/types/sba/types_sba.h
[2.856s] -- Up-to-date: /home/vvoxel/ros2_ws_mgr/install/g2o/include/g2o/types/sba/types_six_dof_expmap.h
[2.856s] -- Up-to-date: /home/vvoxel/ros2_ws_mgr/install/g2o/include/g2o/types/sba/vertex_cam.h
[2.856s] -- Up-to-date: /home/vvoxel/ros2_ws_mgr/install/g2o/include/g2o/types/sba/vertex_intrinsics.h
[2.856s] -- Up-to-date: /home/vvoxel/ros2_ws_mgr/install/g2o/include/g2o/types/sba/vertex_se3_expmap.h
[2.857s] -- Up-to-date: /home/vvoxel/ros2_ws_mgr/install/g2o/lib/libg2o_types_icp.so.0.2.0
[2.857s] -- Up-to-date: /home/vvoxel/ros2_ws_mgr/install/g2o/lib/libg2o_types_icp.so.0.2
[2.857s] -- Up-to-date: /home/vvoxel/ros2_ws_mgr/install/g2o/lib/libg2o_types_icp.so
[2.857s] -- Up-to-date: /home/vvoxel/ros2_ws_mgr/install/g2o/include/g2o/types/icp/g2o_types_icp_api.h
[2.858s] -- Up-to-date: /home/vvoxel/ros2_ws_mgr/install/g2o/include/g2o/types/icp/types_icp.h
[2.858s] -- Up-to-date: /home/vvoxel/ros2_ws_mgr/install/g2o/lib/libg2o_types_sim3.so.0.2.0
[2.859s] -- Up-to-date: /home/vvoxel/ros2_ws_mgr/install/g2o/lib/libg2o_types_sim3.so.0.2
[2.859s] -- Up-to-date: /home/vvoxel/ros2_ws_mgr/install/g2o/lib/libg2o_types_sim3.so
[2.859s] -- Up-to-date: /home/vvoxel/ros2_ws_mgr/install/g2o/include/g2o/types/sim3/sim3.h
[2.859s] -- Up-to-date: /home/vvoxel/ros2_ws_mgr/install/g2o/include/g2o/types/sim3/types_seven_dof_expmap.h
[2.860s] -- Up-to-date: /home/vvoxel/ros2_ws_mgr/install/g2o/lib/libg2o_solver_pcg.so.0.2.0
[2.860s] -- Up-to-date: /home/vvoxel/ros2_ws_mgr/install/g2o/lib/libg2o_solver_pcg.so.0.2
[2.860s] -- Up-to-date: /home/vvoxel/ros2_ws_mgr/install/g2o/lib/libg2o_solver_pcg.so
[2.861s] -- Up-to-date: /home/vvoxel/ros2_ws_mgr/install/g2o/include/g2o/solvers/pcg/linear_solver_pcg.h
[2.861s] -- Up-to-date: /home/vvoxel/ros2_ws_mgr/install/g2o/include/g2o/solvers/pcg/linear_solver_pcg.hpp
[2.861s] -- Up-to-date: /home/vvoxel/ros2_ws_mgr/install/g2o/lib/libg2o_solver_dense.so.0.2.0
[2.861s] -- Up-to-date: /home/vvoxel/ros2_ws_mgr/install/g2o/lib/libg2o_solver_dense.so.0.2
[2.862s] -- Up-to-date: /home/vvoxel/ros2_ws_mgr/install/g2o/lib/libg2o_solver_dense.so
[2.863s] -- Up-to-date: /home/vvoxel/ros2_ws_mgr/install/g2o/include/g2o/solvers/dense/linear_solver_dense.h
[2.863s] -- Up-to-date: /home/vvoxel/ros2_ws_mgr/install/g2o/lib/libg2o_solver_slam2d_linear.so.0.2.0
[2.863s] -- Up-to-date: /home/vvoxel/ros2_ws_mgr/install/g2o/lib/libg2o_solver_slam2d_linear.so.0.2
[2.864s] -- Up-to-date: /home/vvoxel/ros2_ws_mgr/install/g2o/lib/libg2o_solver_slam2d_linear.so
[2.864s] -- Up-to-date: /home/vvoxel/ros2_ws_mgr/install/g2o/include/g2o/solvers/slam2d_linear/g2o_slam2d_linear_api.h
[2.864s] -- Up-to-date: /home/vvoxel/ros2_ws_mgr/install/g2o/include/g2o/solvers/slam2d_linear/solver_slam2d_linear.h
[2.865s] -- Up-to-date: /home/vvoxel/ros2_ws_mgr/install/g2o/lib/libg2o_solver_structure_only.so.0.2.0
[2.865s] -- Up-to-date: /home/vvoxel/ros2_ws_mgr/install/g2o/lib/libg2o_solver_structure_only.so.0.2
[2.865s] -- Up-to-date: /home/vvoxel/ros2_ws_mgr/install/g2o/lib/libg2o_solver_structure_only.so
[2.865s] -- Up-to-date: /home/vvoxel/ros2_ws_mgr/install/g2o/include/g2o/solvers/structure_only/structure_only_solver.h
[2.866s] -- Up-to-date: /home/vvoxel/ros2_ws_mgr/install/g2o/lib/libg2o_solver_csparse.so.0.2.0
[2.866s] -- Up-to-date: /home/vvoxel/ros2_ws_mgr/install/g2o/lib/libg2o_solver_csparse.so.0.2
[2.867s] -- Up-to-date: /home/vvoxel/ros2_ws_mgr/install/g2o/lib/libg2o_solver_csparse.so
[2.867s] -- Up-to-date: /home/vvoxel/ros2_ws_mgr/install/g2o/lib/libg2o_csparse_extension.so.0.2.0
[2.867s] -- Up-to-date: /home/vvoxel/ros2_ws_mgr/install/g2o/lib/libg2o_csparse_extension.so.0.2
[2.868s] -- Up-to-date: /home/vvoxel/ros2_ws_mgr/install/g2o/lib/libg2o_csparse_extension.so
[2.868s] -- Up-to-date: /home/vvoxel/ros2_ws_mgr/install/g2o/include/g2o/solvers/csparse/csparse_extension.h
[2.868s] -- Up-to-date: /home/vvoxel/ros2_ws_mgr/install/g2o/include/g2o/solvers/csparse/csparse_helper.h
[2.869s] -- Up-to-date: /home/vvoxel/ros2_ws_mgr/install/g2o/include/g2o/solvers/csparse/csparse_wrapper.h
[2.869s] -- Up-to-date: /home/vvoxel/ros2_ws_mgr/install/g2o/include/g2o/solvers/csparse/g2o_csparse_api.h
[2.870s] -- Up-to-date: /home/vvoxel/ros2_ws_mgr/install/g2o/include/g2o/solvers/csparse/g2o_csparse_extension_api.h
[2.870s] -- Up-to-date: /home/vvoxel/ros2_ws_mgr/install/g2o/include/g2o/solvers/csparse/linear_solver_csparse.h
[2.870s] -- Up-to-date: /home/vvoxel/ros2_ws_mgr/install/g2o/lib/libg2o_solver_cholmod.so.0.2.0
[2.871s] -- Up-to-date: /home/vvoxel/ros2_ws_mgr/install/g2o/lib/libg2o_solver_cholmod.so.0.2
[2.871s] -- Up-to-date: /home/vvoxel/ros2_ws_mgr/install/g2o/lib/libg2o_solver_cholmod.so
[2.871s] -- Up-to-date: /home/vvoxel/ros2_ws_mgr/install/g2o/include/g2o/solvers/cholmod/linear_solver_cholmod.h
[2.872s] -- Up-to-date: /home/vvoxel/ros2_ws_mgr/install/g2o/include/g2o/solvers/cholmod/cholmod_wrapper.h
[2.872s] -- Up-to-date: /home/vvoxel/ros2_ws_mgr/install/g2o/lib/libg2o_solver_eigen.so.0.2.0
[2.872s] -- Up-to-date: /home/vvoxel/ros2_ws_mgr/install/g2o/lib/libg2o_solver_eigen.so.0.2
[2.873s] -- Up-to-date: /home/vvoxel/ros2_ws_mgr/install/g2o/lib/libg2o_solver_eigen.so
[2.873s] -- Up-to-date: /home/vvoxel/ros2_ws_mgr/install/g2o/include/g2o/solvers/eigen/linear_solver_eigen.h
[2.875s] -- Up-to-date: /home/vvoxel/ros2_ws_mgr/install/g2o/lib/libg2o_parser.so.0.2.0
[2.876s] -- Up-to-date: /home/vvoxel/ros2_ws_mgr/install/g2o/lib/libg2o_parser.so.0.2
[2.876s] -- Up-to-date: /home/vvoxel/ros2_ws_mgr/install/g2o/lib/libg2o_parser.so
[2.876s] -- Up-to-date: /home/vvoxel/ros2_ws_mgr/install/g2o/include/g2o/examples/interactive_slam/slam_parser/parser/FlexLexer.h
[2.877s] -- Up-to-date: /home/vvoxel/ros2_ws_mgr/install/g2o/include/g2o/examples/interactive_slam/slam_parser/parser/bison_parser.h
[2.877s] -- Up-to-date: /home/vvoxel/ros2_ws_mgr/install/g2o/include/g2o/examples/interactive_slam/slam_parser/parser/commands.h
[2.877s] -- Up-to-date: /home/vvoxel/ros2_ws_mgr/install/g2o/include/g2o/examples/interactive_slam/slam_parser/parser/driver.h
[2.878s] -- Up-to-date: /home/vvoxel/ros2_ws_mgr/install/g2o/include/g2o/examples/interactive_slam/slam_parser/parser/location.hh
[2.878s] -- Up-to-date: /home/vvoxel/ros2_ws_mgr/install/g2o/include/g2o/examples/interactive_slam/slam_parser/parser/position.hh
[2.878s] -- Up-to-date: /home/vvoxel/ros2_ws_mgr/install/g2o/include/g2o/examples/interactive_slam/slam_parser/parser/scanner.h
[2.879s] -- Up-to-date: /home/vvoxel/ros2_ws_mgr/install/g2o/include/g2o/examples/interactive_slam/slam_parser/parser/slam_context.h
[2.879s] -- Up-to-date: /home/vvoxel/ros2_ws_mgr/install/g2o/lib/libg2o_interface.so.0.2.0
[2.879s] -- Up-to-date: /home/vvoxel/ros2_ws_mgr/install/g2o/lib/libg2o_interface.so.0.2
[2.880s] -- Up-to-date: /home/vvoxel/ros2_ws_mgr/install/g2o/lib/libg2o_interface.so
[2.880s] -- Up-to-date: /home/vvoxel/ros2_ws_mgr/install/g2o/include/g2o/examples/interactive_slam/slam_parser/interface/abstract_slam_interface.h
[2.880s] -- Up-to-date: /home/vvoxel/ros2_ws_mgr/install/g2o/include/g2o/examples/interactive_slam/slam_parser/interface/parser_interface.h
[2.880s] -- Up-to-date: /home/vvoxel/ros2_ws_mgr/install/g2o/include/g2o/examples/interactive_slam/slam_parser/interface/slam_context_interface.h
[2.881s] -- Up-to-date: /home/vvoxel/ros2_ws_mgr/install/g2o/lib/libg2o_interactive.so.0.2.0
[2.881s] -- Up-to-date: /home/vvoxel/ros2_ws_mgr/install/g2o/lib/libg2o_interactive.so.0.2
[2.883s] -- Up-to-date: /home/vvoxel/ros2_ws_mgr/install/g2o/lib/libg2o_interactive.so
[2.883s] -- Up-to-date: /home/vvoxel/ros2_ws_mgr/install/g2o/bin/g2o_online
[2.884s] -- Up-to-date: /home/vvoxel/ros2_ws_mgr/install/g2o/include/g2o/examples/interactive_slam/g2o_interactive/fast_output.h
[2.884s] -- Up-to-date: /home/vvoxel/ros2_ws_mgr/install/g2o/include/g2o/examples/interactive_slam/g2o_interactive/g2o_interactive_api.h
[2.885s] -- Up-to-date: /home/vvoxel/ros2_ws_mgr/install/g2o/include/g2o/examples/interactive_slam/g2o_interactive/g2o_slam_interface.h
[2.885s] -- Up-to-date: /home/vvoxel/ros2_ws_mgr/install/g2o/include/g2o/examples/interactive_slam/g2o_interactive/graph_optimizer_sparse_online.h
[2.886s] -- Up-to-date: /home/vvoxel/ros2_ws_mgr/install/g2o/include/g2o/examples/interactive_slam/g2o_interactive/types_slam2d_online.h
[2.886s] -- Up-to-date: /home/vvoxel/ros2_ws_mgr/install/g2o/include/g2o/examples/interactive_slam/g2o_interactive/types_slam3d_online.h
[2.886s] -- Up-to-date: /home/vvoxel/ros2_ws_mgr/install/g2o/lib/libg2o_incremental.so.0.2.0
[2.887s] -- Up-to-date: /home/vvoxel/ros2_ws_mgr/install/g2o/lib/libg2o_incremental.so.0.2
[2.888s] -- Up-to-date: /home/vvoxel/ros2_ws_mgr/install/g2o/lib/libg2o_incremental.so
[2.888s] -- Up-to-date: /home/vvoxel/ros2_ws_mgr/install/g2o/bin/g2o_incremental
[2.888s] -- Up-to-date: /home/vvoxel/ros2_ws_mgr/install/g2o/include/g2o/examples/interactive_slam/g2o_incremental/g2o_incremental_api.h
[2.889s] -- Up-to-date: /home/vvoxel/ros2_ws_mgr/install/g2o/include/g2o/examples/interactive_slam/g2o_incremental/graph_optimizer_sparse_incremental.h
[2.889s] -- Up-to-date: /home/vvoxel/ros2_ws_mgr/install/g2o/include/g2o/examples/interactive_slam/g2o_incremental/linear_solver_cholmod_online.h
[2.893s] -- Up-to-date: /home/vvoxel/ros2_ws_mgr/install/g2o/lib/libg2o_hierarchical.so.0.2.0
[2.893s] -- Up-to-date: /home/vvoxel/ros2_ws_mgr/install/g2o/lib/libg2o_hierarchical.so.0.2
[2.894s] -- Up-to-date: /home/vvoxel/ros2_ws_mgr/install/g2o/lib/libg2o_hierarchical.so
[2.894s] -- Up-to-date: /home/vvoxel/ros2_ws_mgr/install/g2o/include/g2o/apps/g2o_hierarchical/backbone_tree_action.h
[2.895s] -- Up-to-date: /home/vvoxel/ros2_ws_mgr/install/g2o/include/g2o/apps/g2o_hierarchical/edge_creator.h
[2.895s] -- Up-to-date: /home/vvoxel/ros2_ws_mgr/install/g2o/include/g2o/apps/g2o_hierarchical/edge_labeler.h
[2.896s] -- Up-to-date: /home/vvoxel/ros2_ws_mgr/install/g2o/include/g2o/apps/g2o_hierarchical/edge_types_cost_function.h
[2.896s] -- Up-to-date: /home/vvoxel/ros2_ws_mgr/install/g2o/include/g2o/apps/g2o_hierarchical/g2o_hierarchical_api.h
[2.897s] -- Up-to-date: /home/vvoxel/ros2_ws_mgr/install/g2o/include/g2o/apps/g2o_hierarchical/simple_star_ops.h
[2.897s] -- Up-to-date: /home/vvoxel/ros2_ws_mgr/install/g2o/include/g2o/apps/g2o_hierarchical/star.h
[3.318s] Invoked command in '/home/vvoxel/ros2_ws_mgr/build/g2o' returned '0': DEBUGINFOD_URLS=https://debuginfod.ubuntu.com /usr/bin/cmake --install /home/vvoxel/ros2_ws_mgr/build/g2o
