[0.074s] Invoking command in '/home/vvoxel/ros2_ws_mgr/src/build/apriltag_msgs': CMAKE_PREFIX_PATH=${CMAKE_PREFIX_PATH}:/opt/ros/jazzy DEBUGINFOD_URLS=https://debuginfod.ubuntu.com /usr/bin/cmake /home/vvoxel/ros2_ws_mgr/src/apriltag_msgs -DCMAKE_INSTALL_PREFIX=/home/vvoxel/ros2_ws_mgr/src/install/apriltag_msgs
[0.297s] -- The C compiler identification is GNU 13.3.0
[0.533s] -- The CXX compiler identification is GNU 13.3.0
[0.606s] -- Detecting C compiler ABI info
[0.967s] -- Detecting C compiler ABI info - done
[1.005s] -- Check for working C compiler: /usr/bin/cc - skipped
[1.005s] -- Detecting C compile features
[1.007s] -- Detecting C compile features - done
[1.038s] -- Detecting CXX compiler ABI info
[1.433s] -- Detecting CXX compiler ABI info - done
[1.470s] -- Check for working CXX compiler: /usr/bin/c++ - skipped
[1.471s] -- Detecting CXX compile features
[1.472s] -- Detecting CXX compile features - done
[1.493s] -- Found ament_cmake: 2.5.3 (/opt/ros/jazzy/share/ament_cmake/cmake)
[2.322s] -- Found Python3: /usr/bin/python3 (found version "3.12.3") found components: Interpreter 
[2.739s] -- Found rosidl_default_generators: 1.6.0 (/opt/ros/jazzy/share/rosidl_default_generators/cmake)
[2.758s] -- Using all available rosidl_typesupport_c: rosidl_typesupport_fastrtps_c;rosidl_typesupport_introspection_c
[2.938s] -- Using all available rosidl_typesupport_cpp: rosidl_typesupport_fastrtps_cpp;rosidl_typesupport_introspection_cpp
[3.099s] -- Found rosidl_adapter: 4.6.5 (/opt/ros/jazzy/share/rosidl_adapter/cmake)
[3.126s] -- Found std_msgs: 5.3.5 (/opt/ros/jazzy/share/std_msgs/cmake)
[6.572s] -- Found ament_cmake_ros: 0.12.0 (/opt/ros/jazzy/share/ament_cmake_ros/cmake)
[9.248s] -- Using all available rosidl_typesupport_c: rosidl_typesupport_fastrtps_c;rosidl_typesupport_introspection_c
[13.876s] -- Using all available rosidl_typesupport_cpp: rosidl_typesupport_fastrtps_cpp;rosidl_typesupport_introspection_cpp
[13.889s] -- Found python_cmake_module: 0.11.1 (/opt/ros/jazzy/share/python_cmake_module/cmake)
[14.795s] -- Found PythonExtra: /usr/bin/python3  
[19.303s] -- Found Python3: /usr/bin/python3 (found version "3.12.3") found components: Interpreter Development NumPy Development.Module Development.Embed 
[19.996s] -- Found ament_lint_auto: 0.17.1 (/opt/ros/jazzy/share/ament_lint_auto/cmake)
[20.494s] -- Added test 'lint_cmake' to check CMake code style
[20.549s] -- Added test 'xmllint' to check XML markup files
[20.599s] -- Configuring done (20.5s)
[21.101s] -- Generating done (0.4s)
[21.281s] -- Build files have been written to: /home/vvoxel/ros2_ws_mgr/src/build/apriltag_msgs
[21.429s] Invoked command in '/home/vvoxel/ros2_ws_mgr/src/build/apriltag_msgs' returned '0': CMAKE_PREFIX_PATH=${CMAKE_PREFIX_PATH}:/opt/ros/jazzy DEBUGINFOD_URLS=https://debuginfod.ubuntu.com /usr/bin/cmake /home/vvoxel/ros2_ws_mgr/src/apriltag_msgs -DCMAKE_INSTALL_PREFIX=/home/vvoxel/ros2_ws_mgr/src/install/apriltag_msgs
[21.430s] Invoking command in '/home/vvoxel/ros2_ws_mgr/src/build/apriltag_msgs': CMAKE_PREFIX_PATH=${CMAKE_PREFIX_PATH}:/opt/ros/jazzy DEBUGINFOD_URLS=https://debuginfod.ubuntu.com /usr/bin/cmake --build /home/vvoxel/ros2_ws_mgr/src/build/apriltag_msgs -- -j8 -l8
[23.626s] [  1%] [34m[1mGenerating type hashes for ROS interfaces[0m
[23.626s] [  1%] Built target ament_cmake_python_copy_apriltag_msgs
[25.135s] [  1%] Built target apriltag_msgs__rosidl_generator_type_description
[25.175s] running egg_info
[25.186s] creating apriltag_msgs.egg-info
[25.541s] writing apriltag_msgs.egg-info/PKG-INFO
[25.542s] writing dependency_links to apriltag_msgs.egg-info/dependency_links.txt
[25.542s] writing top-level names to apriltag_msgs.egg-info/top_level.txt
[25.543s] writing manifest file 'apriltag_msgs.egg-info/SOURCES.txt'
[26.277s] reading manifest file 'apriltag_msgs.egg-info/SOURCES.txt'
[26.287s] writing manifest file 'apriltag_msgs.egg-info/SOURCES.txt'
[26.653s] [  1%] Built target ament_cmake_python_build_apriltag_msgs_egg
[26.742s] [  3%] [34m[1mGenerating C code for ROS interfaces[0m
[30.860s] [  5%] [32mBuilding C object CMakeFiles/apriltag_msgs__rosidl_generator_c.dir/rosidl_generator_c/apriltag_msgs/msg/detail/point__description.c.o[0m
[31.140s] [  7%] [32mBuilding C object CMakeFiles/apriltag_msgs__rosidl_generator_c.dir/rosidl_generator_c/apriltag_msgs/msg/detail/april_tag_detection_array__description.c.o[0m
[31.365s] [  9%] [32mBuilding C object CMakeFiles/apriltag_msgs__rosidl_generator_c.dir/rosidl_generator_c/apriltag_msgs/msg/detail/april_tag_detection_array__functions.c.o[0m
[31.611s] [ 11%] [32mBuilding C object CMakeFiles/apriltag_msgs__rosidl_generator_c.dir/rosidl_generator_c/apriltag_msgs/msg/detail/april_tag_detection_array__type_support.c.o[0m
[31.732s] [ 12%] [32mBuilding C object CMakeFiles/apriltag_msgs__rosidl_generator_c.dir/rosidl_generator_c/apriltag_msgs/msg/detail/april_tag_detection__type_support.c.o[0m
[31.939s] [ 14%] [32mBuilding C object CMakeFiles/apriltag_msgs__rosidl_generator_c.dir/rosidl_generator_c/apriltag_msgs/msg/detail/april_tag_detection__functions.c.o[0m
[32.230s] [ 16%] [32mBuilding C object CMakeFiles/apriltag_msgs__rosidl_generator_c.dir/rosidl_generator_c/apriltag_msgs/msg/detail/april_tag_detection__description.c.o[0m
[32.380s] [ 18%] [32mBuilding C object CMakeFiles/apriltag_msgs__rosidl_generator_c.dir/rosidl_generator_c/apriltag_msgs/msg/detail/point__type_support.c.o[0m
[32.551s] [ 20%] [32mBuilding C object CMakeFiles/apriltag_msgs__rosidl_generator_c.dir/rosidl_generator_c/apriltag_msgs/msg/detail/point__functions.c.o[0m
[32.829s] [ 22%] [32m[1mLinking C shared library libapriltag_msgs__rosidl_generator_c.so[0m
[33.111s] [ 22%] Built target apriltag_msgs__rosidl_generator_c
[33.257s] [ 24%] [34m[1mGenerating C++ code for ROS interfaces[0m
[36.206s] [ 24%] Built target apriltag_msgs__cpp
[36.296s] [ 25%] [34m[1mGenerating C type support dispatch for ROS interfaces[0m
[38.993s] [ 27%] [32mBuilding CXX object CMakeFiles/apriltag_msgs__rosidl_typesupport_c.dir/rosidl_typesupport_c/apriltag_msgs/msg/point__type_support.cpp.o[0m
[39.230s] [ 29%] [32mBuilding CXX object CMakeFiles/apriltag_msgs__rosidl_typesupport_c.dir/rosidl_typesupport_c/apriltag_msgs/msg/april_tag_detection_array__type_support.cpp.o[0m
[39.492s] [ 31%] [32mBuilding CXX object CMakeFiles/apriltag_msgs__rosidl_typesupport_c.dir/rosidl_typesupport_c/apriltag_msgs/msg/april_tag_detection__type_support.cpp.o[0m
[39.643s] [ 33%] [32m[1mLinking CXX shared library libapriltag_msgs__rosidl_typesupport_c.so[0m
[39.849s] [ 33%] Built target apriltag_msgs__rosidl_typesupport_c
[39.906s] [ 35%] [34m[1mGenerating C++ introspection for ROS interfaces[0m
[42.593s] [ 37%] [32mBuilding CXX object CMakeFiles/apriltag_msgs__rosidl_typesupport_introspection_cpp.dir/rosidl_typesupport_introspection_cpp/apriltag_msgs/msg/detail/point__type_support.cpp.o[0m
[44.379s] [ 38%] [32mBuilding CXX object CMakeFiles/apriltag_msgs__rosidl_typesupport_introspection_cpp.dir/rosidl_typesupport_introspection_cpp/apriltag_msgs/msg/detail/april_tag_detection_array__type_support.cpp.o[0m
[45.698s] [ 40%] [32mBuilding CXX object CMakeFiles/apriltag_msgs__rosidl_typesupport_introspection_cpp.dir/rosidl_typesupport_introspection_cpp/apriltag_msgs/msg/detail/april_tag_detection__type_support.cpp.o[0m
[46.884s] [ 42%] [32m[1mLinking CXX shared library libapriltag_msgs__rosidl_typesupport_introspection_cpp.so[0m
[47.149s] [ 42%] Built target apriltag_msgs__rosidl_typesupport_introspection_cpp
[47.195s] [ 44%] [34m[1mGenerating C++ type support for eProsima Fast-RTPS[0m
[48.857s] [ 46%] [32mBuilding CXX object CMakeFiles/apriltag_msgs__rosidl_typesupport_fastrtps_cpp.dir/rosidl_typesupport_fastrtps_cpp/apriltag_msgs/msg/detail/dds_fastrtps/point__type_support.cpp.o[0m
[50.392s] [ 48%] [32mBuilding CXX object CMakeFiles/apriltag_msgs__rosidl_typesupport_fastrtps_cpp.dir/rosidl_typesupport_fastrtps_cpp/apriltag_msgs/msg/detail/dds_fastrtps/april_tag_detection_array__type_support.cpp.o[0m
[52.243s] [ 50%] [32mBuilding CXX object CMakeFiles/apriltag_msgs__rosidl_typesupport_fastrtps_cpp.dir/rosidl_typesupport_fastrtps_cpp/apriltag_msgs/msg/detail/dds_fastrtps/april_tag_detection__type_support.cpp.o[0m
[54.209s] [ 51%] [32m[1mLinking CXX shared library libapriltag_msgs__rosidl_typesupport_fastrtps_cpp.so[0m
[54.520s] [ 51%] Built target apriltag_msgs__rosidl_typesupport_fastrtps_cpp
[54.570s] [ 53%] [34m[1mGenerating C++ type support dispatch for ROS interfaces[0m
[55.873s] [ 55%] [32mBuilding CXX object CMakeFiles/apriltag_msgs__rosidl_typesupport_cpp.dir/rosidl_typesupport_cpp/apriltag_msgs/msg/point__type_support.cpp.o[0m
[57.061s] [ 57%] [32mBuilding CXX object CMakeFiles/apriltag_msgs__rosidl_typesupport_cpp.dir/rosidl_typesupport_cpp/apriltag_msgs/msg/april_tag_detection_array__type_support.cpp.o[0m
[58.248s] [ 59%] [32mBuilding CXX object CMakeFiles/apriltag_msgs__rosidl_typesupport_cpp.dir/rosidl_typesupport_cpp/apriltag_msgs/msg/april_tag_detection__type_support.cpp.o[0m
[59.426s] [ 61%] [32m[1mLinking CXX shared library libapriltag_msgs__rosidl_typesupport_cpp.so[0m
[59.558s] [ 61%] Built target apriltag_msgs__rosidl_typesupport_cpp
[59.599s] [ 62%] [34m[1mGenerating C introspection for ROS interfaces[0m
[61.037s] [ 64%] [32mBuilding C object CMakeFiles/apriltag_msgs__rosidl_typesupport_introspection_c.dir/rosidl_typesupport_introspection_c/apriltag_msgs/msg/detail/point__type_support.c.o[0m
[61.155s] [ 66%] [32mBuilding C object CMakeFiles/apriltag_msgs__rosidl_typesupport_introspection_c.dir/rosidl_typesupport_introspection_c/apriltag_msgs/msg/detail/april_tag_detection_array__type_support.c.o[0m
[61.291s] [ 68%] [32mBuilding C object CMakeFiles/apriltag_msgs__rosidl_typesupport_introspection_c.dir/rosidl_typesupport_introspection_c/apriltag_msgs/msg/detail/april_tag_detection__type_support.c.o[0m
[61.431s] [ 70%] [32m[1mLinking C shared library libapriltag_msgs__rosidl_typesupport_introspection_c.so[0m
[61.535s] [ 70%] Built target apriltag_msgs__rosidl_typesupport_introspection_c
[61.583s] [ 72%] [34m[1mGenerating C type support for eProsima Fast-RTPS[0m
[63.123s] [ 74%] [32mBuilding CXX object CMakeFiles/apriltag_msgs__rosidl_typesupport_fastrtps_c.dir/rosidl_typesupport_fastrtps_c/apriltag_msgs/msg/detail/point__type_support_c.cpp.o[0m
[64.733s] [ 75%] [32mBuilding CXX object CMakeFiles/apriltag_msgs__rosidl_typesupport_fastrtps_c.dir/rosidl_typesupport_fastrtps_c/apriltag_msgs/msg/detail/april_tag_detection_array__type_support_c.cpp.o[0m
[66.340s] [ 77%] [32mBuilding CXX object CMakeFiles/apriltag_msgs__rosidl_typesupport_fastrtps_c.dir/rosidl_typesupport_fastrtps_c/apriltag_msgs/msg/detail/april_tag_detection__type_support_c.cpp.o[0m
[68.096s] [ 79%] [32m[1mLinking CXX shared library libapriltag_msgs__rosidl_typesupport_fastrtps_c.so[0m
[68.439s] [ 79%] Built target apriltag_msgs__rosidl_typesupport_fastrtps_c
[68.512s] [ 79%] Built target apriltag_msgs
[68.590s] [ 81%] [34m[1mGenerating Python code for ROS interfaces[0m
[70.570s] [ 81%] Built target apriltag_msgs__py
[70.646s] [ 83%] [32mBuilding C object CMakeFiles/apriltag_msgs__rosidl_generator_py.dir/rosidl_generator_py/apriltag_msgs/msg/_point_s.c.o[0m
[71.043s] [ 85%] [32mBuilding C object CMakeFiles/apriltag_msgs__rosidl_generator_py.dir/rosidl_generator_py/apriltag_msgs/msg/_april_tag_detection_array_s.c.o[0m
[71.474s] [ 87%] [32mBuilding C object CMakeFiles/apriltag_msgs__rosidl_generator_py.dir/rosidl_generator_py/apriltag_msgs/msg/_april_tag_detection_s.c.o[0m
[71.996s] [ 88%] [32m[1mLinking C shared library libapriltag_msgs__rosidl_generator_py.so[0m
[72.176s] [ 88%] Built target apriltag_msgs__rosidl_generator_py
[72.248s] [ 90%] [32mBuilding C object CMakeFiles/apriltag_msgs_s__rosidl_typesupport_fastrtps_c.dir/rosidl_generator_py/apriltag_msgs/_apriltag_msgs_s.ep.rosidl_typesupport_fastrtps_c.c.o[0m
[72.650s] [ 92%] [32m[1mLinking C shared module rosidl_generator_py/apriltag_msgs/apriltag_msgs_s__rosidl_typesupport_fastrtps_c.so[0m
[72.769s] [ 92%] Built target apriltag_msgs_s__rosidl_typesupport_fastrtps_c
[72.840s] [ 94%] [32mBuilding C object CMakeFiles/apriltag_msgs_s__rosidl_typesupport_c.dir/rosidl_generator_py/apriltag_msgs/_apriltag_msgs_s.ep.rosidl_typesupport_c.c.o[0m
[73.194s] [ 96%] [32m[1mLinking C shared module rosidl_generator_py/apriltag_msgs/apriltag_msgs_s__rosidl_typesupport_c.so[0m
[73.306s] [ 96%] Built target apriltag_msgs_s__rosidl_typesupport_c
[73.380s] [ 98%] [32mBuilding C object CMakeFiles/apriltag_msgs_s__rosidl_typesupport_introspection_c.dir/rosidl_generator_py/apriltag_msgs/_apriltag_msgs_s.ep.rosidl_typesupport_introspection_c.c.o[0m
[73.743s] [100%] [32m[1mLinking C shared module rosidl_generator_py/apriltag_msgs/apriltag_msgs_s__rosidl_typesupport_introspection_c.so[0m
[73.860s] [100%] Built target apriltag_msgs_s__rosidl_typesupport_introspection_c
[73.946s] Invoked command in '/home/vvoxel/ros2_ws_mgr/src/build/apriltag_msgs' returned '0': CMAKE_PREFIX_PATH=${CMAKE_PREFIX_PATH}:/opt/ros/jazzy DEBUGINFOD_URLS=https://debuginfod.ubuntu.com /usr/bin/cmake --build /home/vvoxel/ros2_ws_mgr/src/build/apriltag_msgs -- -j8 -l8
[73.972s] Invoking command in '/home/vvoxel/ros2_ws_mgr/src/build/apriltag_msgs': CMAKE_PREFIX_PATH=${CMAKE_PREFIX_PATH}:/opt/ros/jazzy DEBUGINFOD_URLS=https://debuginfod.ubuntu.com /usr/bin/cmake --install /home/vvoxel/ros2_ws_mgr/src/build/apriltag_msgs
[73.973s] -- Install configuration: ""
[73.973s] -- Installing: /home/vvoxel/ros2_ws_mgr/src/install/apriltag_msgs/share/ament_index/resource_index/rosidl_interfaces/apriltag_msgs
[73.973s] -- Installing: /home/vvoxel/ros2_ws_mgr/src/install/apriltag_msgs/share/apriltag_msgs/msg/Point.json
[73.973s] -- Installing: /home/vvoxel/ros2_ws_mgr/src/install/apriltag_msgs/share/apriltag_msgs/msg/AprilTagDetection.json
[73.973s] -- Installing: /home/vvoxel/ros2_ws_mgr/src/install/apriltag_msgs/share/apriltag_msgs/msg/AprilTagDetectionArray.json
[73.973s] -- Installing: /home/vvoxel/ros2_ws_mgr/src/install/apriltag_msgs/include/apriltag_msgs/apriltag_msgs
[73.974s] -- Installing: /home/vvoxel/ros2_ws_mgr/src/install/apriltag_msgs/include/apriltag_msgs/apriltag_msgs/msg
[73.974s] -- Installing: /home/vvoxel/ros2_ws_mgr/src/install/apriltag_msgs/include/apriltag_msgs/apriltag_msgs/msg/april_tag_detection_array.h
[73.974s] -- Installing: /home/vvoxel/ros2_ws_mgr/src/install/apriltag_msgs/include/apriltag_msgs/apriltag_msgs/msg/rosidl_generator_c__visibility_control.h
[73.974s] -- Installing: /home/vvoxel/ros2_ws_mgr/src/install/apriltag_msgs/include/apriltag_msgs/apriltag_msgs/msg/detail
[73.975s] -- Installing: /home/vvoxel/ros2_ws_mgr/src/install/apriltag_msgs/include/apriltag_msgs/apriltag_msgs/msg/detail/april_tag_detection__description.c
[73.975s] -- Installing: /home/vvoxel/ros2_ws_mgr/src/install/apriltag_msgs/include/apriltag_msgs/apriltag_msgs/msg/detail/april_tag_detection__struct.h
[73.976s] -- Installing: /home/vvoxel/ros2_ws_mgr/src/install/apriltag_msgs/include/apriltag_msgs/apriltag_msgs/msg/detail/april_tag_detection_array__description.c
[73.977s] -- Installing: /home/vvoxel/ros2_ws_mgr/src/install/apriltag_msgs/include/apriltag_msgs/apriltag_msgs/msg/detail/april_tag_detection_array__type_support.h
[73.979s] -- Installing: /home/vvoxel/ros2_ws_mgr/src/install/apriltag_msgs/include/apriltag_msgs/apriltag_msgs/msg/detail/april_tag_detection_array__struct.h
[73.987s] -- Installing: /home/vvoxel/ros2_ws_mgr/src/install/apriltag_msgs/include/apriltag_msgs/apriltag_msgs/msg/detail/point__functions.c
[73.989s] -- Installing: /home/vvoxel/ros2_ws_mgr/src/install/apriltag_msgs/include/apriltag_msgs/apriltag_msgs/msg/detail/point__type_support.h
[73.991s] -- Installing: /home/vvoxel/ros2_ws_mgr/src/install/apriltag_msgs/include/apriltag_msgs/apriltag_msgs/msg/detail/april_tag_detection_array__functions.c
[73.992s] -- Installing: /home/vvoxel/ros2_ws_mgr/src/install/apriltag_msgs/include/apriltag_msgs/apriltag_msgs/msg/detail/point__type_support.c
[73.992s] -- Installing: /home/vvoxel/ros2_ws_mgr/src/install/apriltag_msgs/include/apriltag_msgs/apriltag_msgs/msg/detail/point__description.c
[73.992s] -- Installing: /home/vvoxel/ros2_ws_mgr/src/install/apriltag_msgs/include/apriltag_msgs/apriltag_msgs/msg/detail/april_tag_detection__functions.h
[73.992s] -- Installing: /home/vvoxel/ros2_ws_mgr/src/install/apriltag_msgs/include/apriltag_msgs/apriltag_msgs/msg/detail/april_tag_detection__type_support.h
[73.992s] -- Installing: /home/vvoxel/ros2_ws_mgr/src/install/apriltag_msgs/include/apriltag_msgs/apriltag_msgs/msg/detail/point__struct.h
[73.993s] -- Installing: /home/vvoxel/ros2_ws_mgr/src/install/apriltag_msgs/include/apriltag_msgs/apriltag_msgs/msg/detail/april_tag_detection__functions.c
[73.993s] -- Installing: /home/vvoxel/ros2_ws_mgr/src/install/apriltag_msgs/include/apriltag_msgs/apriltag_msgs/msg/detail/april_tag_detection_array__functions.h
[73.993s] -- Installing: /home/vvoxel/ros2_ws_mgr/src/install/apriltag_msgs/include/apriltag_msgs/apriltag_msgs/msg/detail/april_tag_detection__type_support.c
[73.993s] -- Installing: /home/vvoxel/ros2_ws_mgr/src/install/apriltag_msgs/include/apriltag_msgs/apriltag_msgs/msg/detail/point__functions.h
[73.993s] -- Installing: /home/vvoxel/ros2_ws_mgr/src/install/apriltag_msgs/include/apriltag_msgs/apriltag_msgs/msg/detail/april_tag_detection_array__type_support.c
[73.993s] -- Installing: /home/vvoxel/ros2_ws_mgr/src/install/apriltag_msgs/include/apriltag_msgs/apriltag_msgs/msg/point.h
[73.993s] -- Installing: /home/vvoxel/ros2_ws_mgr/src/install/apriltag_msgs/include/apriltag_msgs/apriltag_msgs/msg/april_tag_detection.h
[73.994s] -- Installing: /home/vvoxel/ros2_ws_mgr/src/install/apriltag_msgs/share/apriltag_msgs/environment/library_path.sh
[73.995s] -- Installing: /home/vvoxel/ros2_ws_mgr/src/install/apriltag_msgs/share/apriltag_msgs/environment/library_path.dsv
[73.996s] -- Installing: /home/vvoxel/ros2_ws_mgr/src/install/apriltag_msgs/lib/libapriltag_msgs__rosidl_generator_c.so
[73.996s] -- Set non-toolchain portion of runtime path of "/home/vvoxel/ros2_ws_mgr/src/install/apriltag_msgs/lib/libapriltag_msgs__rosidl_generator_c.so" to ""
[73.996s] -- Up-to-date: /home/vvoxel/ros2_ws_mgr/src/install/apriltag_msgs/include/apriltag_msgs/apriltag_msgs
[73.996s] -- Up-to-date: /home/vvoxel/ros2_ws_mgr/src/install/apriltag_msgs/include/apriltag_msgs/apriltag_msgs/msg
[73.997s] -- Installing: /home/vvoxel/ros2_ws_mgr/src/install/apriltag_msgs/include/apriltag_msgs/apriltag_msgs/msg/rosidl_typesupport_fastrtps_c__visibility_control.h
[73.997s] -- Up-to-date: /home/vvoxel/ros2_ws_mgr/src/install/apriltag_msgs/include/apriltag_msgs/apriltag_msgs/msg/detail
[73.997s] -- Installing: /home/vvoxel/ros2_ws_mgr/src/install/apriltag_msgs/include/apriltag_msgs/apriltag_msgs/msg/detail/april_tag_detection__rosidl_typesupport_fastrtps_c.h
[73.997s] -- Installing: /home/vvoxel/ros2_ws_mgr/src/install/apriltag_msgs/include/apriltag_msgs/apriltag_msgs/msg/detail/point__rosidl_typesupport_fastrtps_c.h
[73.998s] -- Installing: /home/vvoxel/ros2_ws_mgr/src/install/apriltag_msgs/include/apriltag_msgs/apriltag_msgs/msg/detail/april_tag_detection_array__rosidl_typesupport_fastrtps_c.h
[73.999s] -- Installing: /home/vvoxel/ros2_ws_mgr/src/install/apriltag_msgs/lib/libapriltag_msgs__rosidl_typesupport_fastrtps_c.so
[73.999s] -- Set non-toolchain portion of runtime path of "/home/vvoxel/ros2_ws_mgr/src/install/apriltag_msgs/lib/libapriltag_msgs__rosidl_typesupport_fastrtps_c.so" to ""
[74.003s] -- Up-to-date: /home/vvoxel/ros2_ws_mgr/src/install/apriltag_msgs/include/apriltag_msgs/apriltag_msgs
[74.003s] -- Up-to-date: /home/vvoxel/ros2_ws_mgr/src/install/apriltag_msgs/include/apriltag_msgs/apriltag_msgs/msg
[74.003s] -- Installing: /home/vvoxel/ros2_ws_mgr/src/install/apriltag_msgs/include/apriltag_msgs/apriltag_msgs/msg/rosidl_typesupport_introspection_c__visibility_control.h
[74.003s] -- Up-to-date: /home/vvoxel/ros2_ws_mgr/src/install/apriltag_msgs/include/apriltag_msgs/apriltag_msgs/msg/detail
[74.003s] -- Installing: /home/vvoxel/ros2_ws_mgr/src/install/apriltag_msgs/include/apriltag_msgs/apriltag_msgs/msg/detail/april_tag_detection__rosidl_typesupport_introspection_c.h
[74.003s] -- Installing: /home/vvoxel/ros2_ws_mgr/src/install/apriltag_msgs/include/apriltag_msgs/apriltag_msgs/msg/detail/point__type_support.c
[74.004s] -- Installing: /home/vvoxel/ros2_ws_mgr/src/install/apriltag_msgs/include/apriltag_msgs/apriltag_msgs/msg/detail/april_tag_detection__type_support.c
[74.004s] -- Installing: /home/vvoxel/ros2_ws_mgr/src/install/apriltag_msgs/include/apriltag_msgs/apriltag_msgs/msg/detail/april_tag_detection_array__rosidl_typesupport_introspection_c.h
[74.005s] -- Installing: /home/vvoxel/ros2_ws_mgr/src/install/apriltag_msgs/include/apriltag_msgs/apriltag_msgs/msg/detail/point__rosidl_typesupport_introspection_c.h
[74.010s] -- Installing: /home/vvoxel/ros2_ws_mgr/src/install/apriltag_msgs/include/apriltag_msgs/apriltag_msgs/msg/detail/april_tag_detection_array__type_support.c
[74.010s] -- Installing: /home/vvoxel/ros2_ws_mgr/src/install/apriltag_msgs/lib/libapriltag_msgs__rosidl_typesupport_introspection_c.so
[74.011s] -- Set non-toolchain portion of runtime path of "/home/vvoxel/ros2_ws_mgr/src/install/apriltag_msgs/lib/libapriltag_msgs__rosidl_typesupport_introspection_c.so" to ""
[74.012s] -- Installing: /home/vvoxel/ros2_ws_mgr/src/install/apriltag_msgs/lib/libapriltag_msgs__rosidl_typesupport_c.so
[74.012s] -- Set non-toolchain portion of runtime path of "/home/vvoxel/ros2_ws_mgr/src/install/apriltag_msgs/lib/libapriltag_msgs__rosidl_typesupport_c.so" to ""
[74.012s] -- Up-to-date: /home/vvoxel/ros2_ws_mgr/src/install/apriltag_msgs/include/apriltag_msgs/apriltag_msgs
[74.012s] -- Up-to-date: /home/vvoxel/ros2_ws_mgr/src/install/apriltag_msgs/include/apriltag_msgs/apriltag_msgs/msg
[74.012s] -- Installing: /home/vvoxel/ros2_ws_mgr/src/install/apriltag_msgs/include/apriltag_msgs/apriltag_msgs/msg/april_tag_detection.hpp
[74.013s] -- Installing: /home/vvoxel/ros2_ws_mgr/src/install/apriltag_msgs/include/apriltag_msgs/apriltag_msgs/msg/april_tag_detection_array.hpp
[74.013s] -- Installing: /home/vvoxel/ros2_ws_mgr/src/install/apriltag_msgs/include/apriltag_msgs/apriltag_msgs/msg/point.hpp
[74.013s] -- Up-to-date: /home/vvoxel/ros2_ws_mgr/src/install/apriltag_msgs/include/apriltag_msgs/apriltag_msgs/msg/detail
[74.013s] -- Installing: /home/vvoxel/ros2_ws_mgr/src/install/apriltag_msgs/include/apriltag_msgs/apriltag_msgs/msg/detail/point__traits.hpp
[74.013s] -- Installing: /home/vvoxel/ros2_ws_mgr/src/install/apriltag_msgs/include/apriltag_msgs/apriltag_msgs/msg/detail/point__builder.hpp
[74.013s] -- Installing: /home/vvoxel/ros2_ws_mgr/src/install/apriltag_msgs/include/apriltag_msgs/apriltag_msgs/msg/detail/point__type_support.hpp
[74.014s] -- Installing: /home/vvoxel/ros2_ws_mgr/src/install/apriltag_msgs/include/apriltag_msgs/apriltag_msgs/msg/detail/april_tag_detection_array__struct.hpp
[74.014s] -- Installing: /home/vvoxel/ros2_ws_mgr/src/install/apriltag_msgs/include/apriltag_msgs/apriltag_msgs/msg/detail/april_tag_detection__type_support.hpp
[74.014s] -- Installing: /home/vvoxel/ros2_ws_mgr/src/install/apriltag_msgs/include/apriltag_msgs/apriltag_msgs/msg/detail/point__struct.hpp
[74.014s] -- Installing: /home/vvoxel/ros2_ws_mgr/src/install/apriltag_msgs/include/apriltag_msgs/apriltag_msgs/msg/detail/april_tag_detection__builder.hpp
[74.014s] -- Installing: /home/vvoxel/ros2_ws_mgr/src/install/apriltag_msgs/include/apriltag_msgs/apriltag_msgs/msg/detail/april_tag_detection__struct.hpp
[74.014s] -- Installing: /home/vvoxel/ros2_ws_mgr/src/install/apriltag_msgs/include/apriltag_msgs/apriltag_msgs/msg/detail/april_tag_detection_array__builder.hpp
[74.014s] -- Installing: /home/vvoxel/ros2_ws_mgr/src/install/apriltag_msgs/include/apriltag_msgs/apriltag_msgs/msg/detail/april_tag_detection__traits.hpp
[74.015s] -- Installing: /home/vvoxel/ros2_ws_mgr/src/install/apriltag_msgs/include/apriltag_msgs/apriltag_msgs/msg/detail/april_tag_detection_array__type_support.hpp
[74.015s] -- Installing: /home/vvoxel/ros2_ws_mgr/src/install/apriltag_msgs/include/apriltag_msgs/apriltag_msgs/msg/detail/april_tag_detection_array__traits.hpp
[74.015s] -- Installing: /home/vvoxel/ros2_ws_mgr/src/install/apriltag_msgs/include/apriltag_msgs/apriltag_msgs/msg/rosidl_generator_cpp__visibility_control.hpp
[74.015s] -- Up-to-date: /home/vvoxel/ros2_ws_mgr/src/install/apriltag_msgs/include/apriltag_msgs/apriltag_msgs
[74.015s] -- Up-to-date: /home/vvoxel/ros2_ws_mgr/src/install/apriltag_msgs/include/apriltag_msgs/apriltag_msgs/msg
[74.015s] -- Up-to-date: /home/vvoxel/ros2_ws_mgr/src/install/apriltag_msgs/include/apriltag_msgs/apriltag_msgs/msg/detail
[74.016s] -- Installing: /home/vvoxel/ros2_ws_mgr/src/install/apriltag_msgs/include/apriltag_msgs/apriltag_msgs/msg/detail/april_tag_detection__rosidl_typesupport_fastrtps_cpp.hpp
[74.034s] -- Installing: /home/vvoxel/ros2_ws_mgr/src/install/apriltag_msgs/include/apriltag_msgs/apriltag_msgs/msg/detail/april_tag_detection_array__rosidl_typesupport_fastrtps_cpp.hpp
[74.038s] -- Installing: /home/vvoxel/ros2_ws_mgr/src/install/apriltag_msgs/include/apriltag_msgs/apriltag_msgs/msg/detail/dds_fastrtps
[74.043s] -- Installing: /home/vvoxel/ros2_ws_mgr/src/install/apriltag_msgs/include/apriltag_msgs/apriltag_msgs/msg/detail/point__rosidl_typesupport_fastrtps_cpp.hpp
[74.043s] -- Installing: /home/vvoxel/ros2_ws_mgr/src/install/apriltag_msgs/include/apriltag_msgs/apriltag_msgs/msg/rosidl_typesupport_fastrtps_cpp__visibility_control.h
[74.043s] -- Installing: /home/vvoxel/ros2_ws_mgr/src/install/apriltag_msgs/lib/libapriltag_msgs__rosidl_typesupport_fastrtps_cpp.so
[74.043s] -- Set non-toolchain portion of runtime path of "/home/vvoxel/ros2_ws_mgr/src/install/apriltag_msgs/lib/libapriltag_msgs__rosidl_typesupport_fastrtps_cpp.so" to ""
[74.043s] -- Up-to-date: /home/vvoxel/ros2_ws_mgr/src/install/apriltag_msgs/include/apriltag_msgs/apriltag_msgs
[74.043s] -- Up-to-date: /home/vvoxel/ros2_ws_mgr/src/install/apriltag_msgs/include/apriltag_msgs/apriltag_msgs/msg
[74.044s] -- Up-to-date: /home/vvoxel/ros2_ws_mgr/src/install/apriltag_msgs/include/apriltag_msgs/apriltag_msgs/msg/detail
[74.044s] -- Installing: /home/vvoxel/ros2_ws_mgr/src/install/apriltag_msgs/include/apriltag_msgs/apriltag_msgs/msg/detail/april_tag_detection__rosidl_typesupport_introspection_cpp.hpp
[74.044s] -- Installing: /home/vvoxel/ros2_ws_mgr/src/install/apriltag_msgs/include/apriltag_msgs/apriltag_msgs/msg/detail/point__rosidl_typesupport_introspection_cpp.hpp
[74.044s] -- Installing: /home/vvoxel/ros2_ws_mgr/src/install/apriltag_msgs/include/apriltag_msgs/apriltag_msgs/msg/detail/april_tag_detection_array__type_support.cpp
[74.044s] -- Installing: /home/vvoxel/ros2_ws_mgr/src/install/apriltag_msgs/include/apriltag_msgs/apriltag_msgs/msg/detail/april_tag_detection__type_support.cpp
[74.044s] -- Installing: /home/vvoxel/ros2_ws_mgr/src/install/apriltag_msgs/include/apriltag_msgs/apriltag_msgs/msg/detail/april_tag_detection_array__rosidl_typesupport_introspection_cpp.hpp
[74.044s] -- Installing: /home/vvoxel/ros2_ws_mgr/src/install/apriltag_msgs/include/apriltag_msgs/apriltag_msgs/msg/detail/point__type_support.cpp
[74.044s] -- Installing: /home/vvoxel/ros2_ws_mgr/src/install/apriltag_msgs/lib/libapriltag_msgs__rosidl_typesupport_introspection_cpp.so
[74.045s] -- Set non-toolchain portion of runtime path of "/home/vvoxel/ros2_ws_mgr/src/install/apriltag_msgs/lib/libapriltag_msgs__rosidl_typesupport_introspection_cpp.so" to ""
[74.045s] -- Installing: /home/vvoxel/ros2_ws_mgr/src/install/apriltag_msgs/lib/libapriltag_msgs__rosidl_typesupport_cpp.so
[74.045s] -- Set non-toolchain portion of runtime path of "/home/vvoxel/ros2_ws_mgr/src/install/apriltag_msgs/lib/libapriltag_msgs__rosidl_typesupport_cpp.so" to ""
[74.045s] -- Installing: /home/vvoxel/ros2_ws_mgr/src/install/apriltag_msgs/share/apriltag_msgs/environment/pythonpath.sh
[74.045s] -- Installing: /home/vvoxel/ros2_ws_mgr/src/install/apriltag_msgs/share/apriltag_msgs/environment/pythonpath.dsv
[74.045s] -- Installing: /home/vvoxel/ros2_ws_mgr/src/install/apriltag_msgs/lib/python3.12/site-packages/apriltag_msgs-2.0.1-py3.12.egg-info
[74.045s] -- Installing: /home/vvoxel/ros2_ws_mgr/src/install/apriltag_msgs/lib/python3.12/site-packages/apriltag_msgs-2.0.1-py3.12.egg-info/dependency_links.txt
[74.050s] -- Installing: /home/vvoxel/ros2_ws_mgr/src/install/apriltag_msgs/lib/python3.12/site-packages/apriltag_msgs-2.0.1-py3.12.egg-info/top_level.txt
[74.056s] -- Installing: /home/vvoxel/ros2_ws_mgr/src/install/apriltag_msgs/lib/python3.12/site-packages/apriltag_msgs-2.0.1-py3.12.egg-info/SOURCES.txt
[74.056s] -- Installing: /home/vvoxel/ros2_ws_mgr/src/install/apriltag_msgs/lib/python3.12/site-packages/apriltag_msgs-2.0.1-py3.12.egg-info/PKG-INFO
[74.060s] -- Installing: /home/vvoxel/ros2_ws_mgr/src/install/apriltag_msgs/lib/python3.12/site-packages/apriltag_msgs
[74.061s] -- Installing: /home/vvoxel/ros2_ws_mgr/src/install/apriltag_msgs/lib/python3.12/site-packages/apriltag_msgs/_apriltag_msgs_s.ep.rosidl_typesupport_introspection_c.c
[74.061s] -- Installing: /home/vvoxel/ros2_ws_mgr/src/install/apriltag_msgs/lib/python3.12/site-packages/apriltag_msgs/__init__.py
[74.061s] -- Installing: /home/vvoxel/ros2_ws_mgr/src/install/apriltag_msgs/lib/python3.12/site-packages/apriltag_msgs/_apriltag_msgs_s.ep.rosidl_typesupport_fastrtps_c.c
[74.061s] -- Installing: /home/vvoxel/ros2_ws_mgr/src/install/apriltag_msgs/lib/python3.12/site-packages/apriltag_msgs/apriltag_msgs_s__rosidl_typesupport_introspection_c.so
[74.061s] -- Installing: /home/vvoxel/ros2_ws_mgr/src/install/apriltag_msgs/lib/python3.12/site-packages/apriltag_msgs/_apriltag_msgs_s.ep.rosidl_typesupport_c.c
[74.064s] -- Installing: /home/vvoxel/ros2_ws_mgr/src/install/apriltag_msgs/lib/python3.12/site-packages/apriltag_msgs/apriltag_msgs_s__rosidl_typesupport_c.so
[74.065s] -- Installing: /home/vvoxel/ros2_ws_mgr/src/install/apriltag_msgs/lib/python3.12/site-packages/apriltag_msgs/msg
[74.069s] -- Installing: /home/vvoxel/ros2_ws_mgr/src/install/apriltag_msgs/lib/python3.12/site-packages/apriltag_msgs/msg/_april_tag_detection_array.py
[74.069s] -- Installing: /home/vvoxel/ros2_ws_mgr/src/install/apriltag_msgs/lib/python3.12/site-packages/apriltag_msgs/msg/_april_tag_detection_array_s.c
[74.069s] -- Installing: /home/vvoxel/ros2_ws_mgr/src/install/apriltag_msgs/lib/python3.12/site-packages/apriltag_msgs/msg/__init__.py
[74.069s] -- Installing: /home/vvoxel/ros2_ws_mgr/src/install/apriltag_msgs/lib/python3.12/site-packages/apriltag_msgs/msg/_point_s.c
[74.069s] -- Installing: /home/vvoxel/ros2_ws_mgr/src/install/apriltag_msgs/lib/python3.12/site-packages/apriltag_msgs/msg/_april_tag_detection_s.c
[74.070s] -- Installing: /home/vvoxel/ros2_ws_mgr/src/install/apriltag_msgs/lib/python3.12/site-packages/apriltag_msgs/msg/_april_tag_detection.py
[74.070s] -- Installing: /home/vvoxel/ros2_ws_mgr/src/install/apriltag_msgs/lib/python3.12/site-packages/apriltag_msgs/msg/_point.py
[74.070s] -- Installing: /home/vvoxel/ros2_ws_mgr/src/install/apriltag_msgs/lib/python3.12/site-packages/apriltag_msgs/apriltag_msgs_s__rosidl_typesupport_fastrtps_c.so
[74.187s] Listing '/home/vvoxel/ros2_ws_mgr/src/install/apriltag_msgs/lib/python3.12/site-packages/apriltag_msgs'...
[74.194s] Compiling '/home/vvoxel/ros2_ws_mgr/src/install/apriltag_msgs/lib/python3.12/site-packages/apriltag_msgs/__init__.py'...
[74.203s] Listing '/home/vvoxel/ros2_ws_mgr/src/install/apriltag_msgs/lib/python3.12/site-packages/apriltag_msgs/msg'...
[74.203s] Compiling '/home/vvoxel/ros2_ws_mgr/src/install/apriltag_msgs/lib/python3.12/site-packages/apriltag_msgs/msg/__init__.py'...
[74.204s] Compiling '/home/vvoxel/ros2_ws_mgr/src/install/apriltag_msgs/lib/python3.12/site-packages/apriltag_msgs/msg/_april_tag_detection.py'...
[74.204s] Compiling '/home/vvoxel/ros2_ws_mgr/src/install/apriltag_msgs/lib/python3.12/site-packages/apriltag_msgs/msg/_april_tag_detection_array.py'...
[74.205s] Compiling '/home/vvoxel/ros2_ws_mgr/src/install/apriltag_msgs/lib/python3.12/site-packages/apriltag_msgs/msg/_point.py'...
[74.205s] -- Installing: /home/vvoxel/ros2_ws_mgr/src/install/apriltag_msgs/lib/python3.12/site-packages/apriltag_msgs/apriltag_msgs_s__rosidl_typesupport_fastrtps_c.so
[74.205s] -- Set non-toolchain portion of runtime path of "/home/vvoxel/ros2_ws_mgr/src/install/apriltag_msgs/lib/python3.12/site-packages/apriltag_msgs/apriltag_msgs_s__rosidl_typesupport_fastrtps_c.so" to ""
[74.205s] -- Installing: /home/vvoxel/ros2_ws_mgr/src/install/apriltag_msgs/lib/python3.12/site-packages/apriltag_msgs/apriltag_msgs_s__rosidl_typesupport_introspection_c.so
[74.213s] -- Set non-toolchain portion of runtime path of "/home/vvoxel/ros2_ws_mgr/src/install/apriltag_msgs/lib/python3.12/site-packages/apriltag_msgs/apriltag_msgs_s__rosidl_typesupport_introspection_c.so" to ""
[74.220s] -- Installing: /home/vvoxel/ros2_ws_mgr/src/install/apriltag_msgs/lib/python3.12/site-packages/apriltag_msgs/apriltag_msgs_s__rosidl_typesupport_c.so
[74.221s] -- Set non-toolchain portion of runtime path of "/home/vvoxel/ros2_ws_mgr/src/install/apriltag_msgs/lib/python3.12/site-packages/apriltag_msgs/apriltag_msgs_s__rosidl_typesupport_c.so" to ""
[74.222s] -- Installing: /home/vvoxel/ros2_ws_mgr/src/install/apriltag_msgs/lib/libapriltag_msgs__rosidl_generator_py.so
[74.222s] -- Set non-toolchain portion of runtime path of "/home/vvoxel/ros2_ws_mgr/src/install/apriltag_msgs/lib/libapriltag_msgs__rosidl_generator_py.so" to ""
[74.222s] -- Installing: /home/vvoxel/ros2_ws_mgr/src/install/apriltag_msgs/share/apriltag_msgs/msg/Point.idl
[74.222s] -- Installing: /home/vvoxel/ros2_ws_mgr/src/install/apriltag_msgs/share/apriltag_msgs/msg/AprilTagDetection.idl
[74.222s] -- Installing: /home/vvoxel/ros2_ws_mgr/src/install/apriltag_msgs/share/apriltag_msgs/msg/AprilTagDetectionArray.idl
[74.222s] -- Installing: /home/vvoxel/ros2_ws_mgr/src/install/apriltag_msgs/share/apriltag_msgs/msg/Point.msg
[74.223s] -- Installing: /home/vvoxel/ros2_ws_mgr/src/install/apriltag_msgs/share/apriltag_msgs/msg/AprilTagDetection.msg
[74.227s] -- Installing: /home/vvoxel/ros2_ws_mgr/src/install/apriltag_msgs/share/apriltag_msgs/msg/AprilTagDetectionArray.msg
[74.227s] -- Installing: /home/vvoxel/ros2_ws_mgr/src/install/apriltag_msgs/share/ament_index/resource_index/package_run_dependencies/apriltag_msgs
[74.227s] -- Installing: /home/vvoxel/ros2_ws_mgr/src/install/apriltag_msgs/share/ament_index/resource_index/parent_prefix_path/apriltag_msgs
[74.228s] -- Installing: /home/vvoxel/ros2_ws_mgr/src/install/apriltag_msgs/share/apriltag_msgs/environment/ament_prefix_path.sh
[74.228s] -- Installing: /home/vvoxel/ros2_ws_mgr/src/install/apriltag_msgs/share/apriltag_msgs/environment/ament_prefix_path.dsv
[74.228s] -- Installing: /home/vvoxel/ros2_ws_mgr/src/install/apriltag_msgs/share/apriltag_msgs/environment/path.sh
[74.228s] -- Installing: /home/vvoxel/ros2_ws_mgr/src/install/apriltag_msgs/share/apriltag_msgs/environment/path.dsv
[74.228s] -- Installing: /home/vvoxel/ros2_ws_mgr/src/install/apriltag_msgs/share/apriltag_msgs/local_setup.bash
[74.228s] -- Installing: /home/vvoxel/ros2_ws_mgr/src/install/apriltag_msgs/share/apriltag_msgs/local_setup.sh
[74.228s] -- Installing: /home/vvoxel/ros2_ws_mgr/src/install/apriltag_msgs/share/apriltag_msgs/local_setup.zsh
[74.229s] -- Installing: /home/vvoxel/ros2_ws_mgr/src/install/apriltag_msgs/share/apriltag_msgs/local_setup.dsv
[74.229s] -- Installing: /home/vvoxel/ros2_ws_mgr/src/install/apriltag_msgs/share/apriltag_msgs/package.dsv
[74.229s] -- Installing: /home/vvoxel/ros2_ws_mgr/src/install/apriltag_msgs/share/ament_index/resource_index/packages/apriltag_msgs
[74.229s] -- Installing: /home/vvoxel/ros2_ws_mgr/src/install/apriltag_msgs/share/apriltag_msgs/cmake/export_apriltag_msgs__rosidl_generator_cExport.cmake
[74.229s] -- Installing: /home/vvoxel/ros2_ws_mgr/src/install/apriltag_msgs/share/apriltag_msgs/cmake/export_apriltag_msgs__rosidl_generator_cExport-noconfig.cmake
[74.229s] -- Installing: /home/vvoxel/ros2_ws_mgr/src/install/apriltag_msgs/share/apriltag_msgs/cmake/export_apriltag_msgs__rosidl_typesupport_fastrtps_cExport.cmake
[74.229s] -- Installing: /home/vvoxel/ros2_ws_mgr/src/install/apriltag_msgs/share/apriltag_msgs/cmake/export_apriltag_msgs__rosidl_typesupport_fastrtps_cExport-noconfig.cmake
[74.230s] -- Installing: /home/vvoxel/ros2_ws_mgr/src/install/apriltag_msgs/share/apriltag_msgs/cmake/apriltag_msgs__rosidl_typesupport_introspection_cExport.cmake
[74.230s] -- Installing: /home/vvoxel/ros2_ws_mgr/src/install/apriltag_msgs/share/apriltag_msgs/cmake/apriltag_msgs__rosidl_typesupport_introspection_cExport-noconfig.cmake
[74.230s] -- Installing: /home/vvoxel/ros2_ws_mgr/src/install/apriltag_msgs/share/apriltag_msgs/cmake/apriltag_msgs__rosidl_typesupport_cExport.cmake
[74.230s] -- Installing: /home/vvoxel/ros2_ws_mgr/src/install/apriltag_msgs/share/apriltag_msgs/cmake/apriltag_msgs__rosidl_typesupport_cExport-noconfig.cmake
[74.230s] -- Installing: /home/vvoxel/ros2_ws_mgr/src/install/apriltag_msgs/share/apriltag_msgs/cmake/export_apriltag_msgs__rosidl_generator_cppExport.cmake
[74.230s] -- Installing: /home/vvoxel/ros2_ws_mgr/src/install/apriltag_msgs/share/apriltag_msgs/cmake/export_apriltag_msgs__rosidl_typesupport_fastrtps_cppExport.cmake
[74.231s] -- Installing: /home/vvoxel/ros2_ws_mgr/src/install/apriltag_msgs/share/apriltag_msgs/cmake/export_apriltag_msgs__rosidl_typesupport_fastrtps_cppExport-noconfig.cmake
[74.235s] -- Installing: /home/vvoxel/ros2_ws_mgr/src/install/apriltag_msgs/share/apriltag_msgs/cmake/apriltag_msgs__rosidl_typesupport_introspection_cppExport.cmake
[74.235s] -- Installing: /home/vvoxel/ros2_ws_mgr/src/install/apriltag_msgs/share/apriltag_msgs/cmake/apriltag_msgs__rosidl_typesupport_introspection_cppExport-noconfig.cmake
[74.235s] -- Installing: /home/vvoxel/ros2_ws_mgr/src/install/apriltag_msgs/share/apriltag_msgs/cmake/apriltag_msgs__rosidl_typesupport_cppExport.cmake
[74.235s] -- Installing: /home/vvoxel/ros2_ws_mgr/src/install/apriltag_msgs/share/apriltag_msgs/cmake/apriltag_msgs__rosidl_typesupport_cppExport-noconfig.cmake
[74.235s] -- Installing: /home/vvoxel/ros2_ws_mgr/src/install/apriltag_msgs/share/apriltag_msgs/cmake/export_apriltag_msgs__rosidl_generator_pyExport.cmake
[74.235s] -- Installing: /home/vvoxel/ros2_ws_mgr/src/install/apriltag_msgs/share/apriltag_msgs/cmake/export_apriltag_msgs__rosidl_generator_pyExport-noconfig.cmake
[74.236s] -- Installing: /home/vvoxel/ros2_ws_mgr/src/install/apriltag_msgs/share/apriltag_msgs/cmake/rosidl_cmake-extras.cmake
[74.236s] -- Installing: /home/vvoxel/ros2_ws_mgr/src/install/apriltag_msgs/share/apriltag_msgs/cmake/ament_cmake_export_dependencies-extras.cmake
[74.236s] -- Installing: /home/vvoxel/ros2_ws_mgr/src/install/apriltag_msgs/share/apriltag_msgs/cmake/ament_cmake_export_include_directories-extras.cmake
[74.236s] -- Installing: /home/vvoxel/ros2_ws_mgr/src/install/apriltag_msgs/share/apriltag_msgs/cmake/ament_cmake_export_libraries-extras.cmake
[74.236s] -- Installing: /home/vvoxel/ros2_ws_mgr/src/install/apriltag_msgs/share/apriltag_msgs/cmake/ament_cmake_export_targets-extras.cmake
[74.237s] -- Installing: /home/vvoxel/ros2_ws_mgr/src/install/apriltag_msgs/share/apriltag_msgs/cmake/rosidl_cmake_export_typesupport_targets-extras.cmake
[74.237s] -- Installing: /home/vvoxel/ros2_ws_mgr/src/install/apriltag_msgs/share/apriltag_msgs/cmake/rosidl_cmake_export_typesupport_libraries-extras.cmake
[74.240s] -- Installing: /home/vvoxel/ros2_ws_mgr/src/install/apriltag_msgs/share/apriltag_msgs/cmake/apriltag_msgsConfig.cmake
[74.240s] -- Installing: /home/vvoxel/ros2_ws_mgr/src/install/apriltag_msgs/share/apriltag_msgs/cmake/apriltag_msgsConfig-version.cmake
[74.243s] -- Installing: /home/vvoxel/ros2_ws_mgr/src/install/apriltag_msgs/share/apriltag_msgs/package.xml
[74.276s] Invoked command in '/home/vvoxel/ros2_ws_mgr/src/build/apriltag_msgs' returned '0': CMAKE_PREFIX_PATH=${CMAKE_PREFIX_PATH}:/opt/ros/jazzy DEBUGINFOD_URLS=https://debuginfod.ubuntu.com /usr/bin/cmake --install /home/vvoxel/ros2_ws_mgr/src/build/apriltag_msgs
