[0.054s] Invoking command in '/home/vvoxel/ros2_ws_mgr/build/apriltag_msgs': CMAKE_PREFIX_PATH=/home/vvoxel/ros2_ws_mgr/install/g2o_driver:/home/vvoxel/ros2_ws_mgr/install/test_ros_gz_bridge:/home/vvoxel/ros2_ws_mgr/install/sim_launcher:/opt/ros/jazzy:/home/vvoxel/ros2_ws_mgr/install/slam:/home/vvoxel/ros2_ws_mgr/install/ros_gz:/home/vvoxel/ros2_ws_mgr/install/ros_gz_sim_demos:/home/vvoxel/ros2_ws_mgr/install/ros_gz_sim:/home/vvoxel/ros2_ws_mgr/install/ros_gz_image:/home/vvoxel/ros2_ws_mgr/install/ros_gz_bridge:/home/vvoxel/ros2_ws_mgr/install/ros_gz_interfaces:/home/vvoxel/ros2_ws_mgr/install/realsense2_description:/home/vvoxel/ros2_ws_mgr/install/realsense2_camera:/home/vvoxel/ros2_ws_mgr/install/realsense2_camera_msgs:/home/vvoxel/ros2_ws_mgr/install/mtracker:/home/vvoxel/ros2_ws_mgr/install/g2o:/home/vvoxel/ros2_ws_mgr/install/apriltag_ros:/home/vvoxel/ros2_ws_mgr/install/apriltag_msgs:/home/vvoxel/ros2_ws_mgr/install/apriltag:/home/vvoxel/ros2_ws_mgr/install/anglecalc:/opt/ros/jazzy/opt/gz_sim_vendor:/opt/ros/jazzy/opt/gz_sensors_vendor:/opt/ros/jazzy/opt/gz_physics_vendor:/opt/ros/jazzy/opt/sdformat_vendor:/opt/ros/jazzy/opt/gz_gui_vendor:/opt/ros/jazzy/opt/gz_transport_vendor:/opt/ros/jazzy/opt/gz_rendering_vendor:/opt/ros/jazzy/opt/gz_plugin_vendor:/opt/ros/jazzy/opt/gz_fuel_tools_vendor:/opt/ros/jazzy/opt/gz_msgs_vendor:/opt/ros/jazzy/opt/gz_common_vendor:/opt/ros/jazzy/opt/gz_math_vendor:/opt/ros/jazzy/opt/gz_utils_vendor:/opt/ros/jazzy/opt/gz_tools_vendor:/opt/ros/jazzy/opt/gz_ogre_next_vendor:/opt/ros/jazzy/opt/gz_dartsim_vendor:/opt/ros/jazzy/opt/gz_cmake_vendor DEBUGINFOD_URLS=https://debuginfod.ubuntu.com /usr/bin/cmake --build /home/vvoxel/ros2_ws_mgr/build/apriltag_msgs -- -j8 -l8
[0.190s] [  1%] Built target apriltag_msgs__rosidl_generator_type_description
[0.235s] [  1%] Built target ament_cmake_python_symlink_apriltag_msgs
[0.328s] [  3%] Built target apriltag_msgs__cpp
[0.343s] [ 24%] Built target apriltag_msgs__rosidl_generator_c
[0.464s] [ 33%] Built target apriltag_msgs__rosidl_typesupport_c
[0.503s] [ 42%] Built target apriltag_msgs__rosidl_typesupport_introspection_c
[0.516s] [ 51%] Built target apriltag_msgs__rosidl_typesupport_introspection_cpp
[0.517s] [ 61%] Built target apriltag_msgs__rosidl_typesupport_fastrtps_cpp
[0.521s] [ 70%] Built target apriltag_msgs__rosidl_typesupport_fastrtps_c
[0.538s] [ 79%] Built target apriltag_msgs__rosidl_typesupport_cpp
[0.644s] [ 79%] Built target apriltag_msgs
[0.735s] [ 81%] Built target apriltag_msgs__py
[0.826s] [ 88%] Built target apriltag_msgs__rosidl_generator_py
[0.904s] [ 92%] Built target apriltag_msgs_s__rosidl_typesupport_c
[0.930s] [ 96%] Built target apriltag_msgs_s__rosidl_typesupport_fastrtps_c
[0.942s] [100%] Built target apriltag_msgs_s__rosidl_typesupport_introspection_c
[1.250s] running egg_info
[1.328s] writing apriltag_msgs.egg-info/PKG-INFO
[1.329s] writing dependency_links to apriltag_msgs.egg-info/dependency_links.txt
[1.332s] writing top-level names to apriltag_msgs.egg-info/top_level.txt
[1.529s] reading manifest file 'apriltag_msgs.egg-info/SOURCES.txt'
[1.536s] writing manifest file 'apriltag_msgs.egg-info/SOURCES.txt'
[1.601s] [100%] Built target ament_cmake_python_build_apriltag_msgs_egg
[1.661s] Invoked command in '/home/vvoxel/ros2_ws_mgr/build/apriltag_msgs' returned '0': CMAKE_PREFIX_PATH=/home/vvoxel/ros2_ws_mgr/install/g2o_driver:/home/vvoxel/ros2_ws_mgr/install/test_ros_gz_bridge:/home/vvoxel/ros2_ws_mgr/install/sim_launcher:/opt/ros/jazzy:/home/vvoxel/ros2_ws_mgr/install/slam:/home/vvoxel/ros2_ws_mgr/install/ros_gz:/home/vvoxel/ros2_ws_mgr/install/ros_gz_sim_demos:/home/vvoxel/ros2_ws_mgr/install/ros_gz_sim:/home/vvoxel/ros2_ws_mgr/install/ros_gz_image:/home/vvoxel/ros2_ws_mgr/install/ros_gz_bridge:/home/vvoxel/ros2_ws_mgr/install/ros_gz_interfaces:/home/vvoxel/ros2_ws_mgr/install/realsense2_description:/home/vvoxel/ros2_ws_mgr/install/realsense2_camera:/home/vvoxel/ros2_ws_mgr/install/realsense2_camera_msgs:/home/vvoxel/ros2_ws_mgr/install/mtracker:/home/vvoxel/ros2_ws_mgr/install/g2o:/home/vvoxel/ros2_ws_mgr/install/apriltag_ros:/home/vvoxel/ros2_ws_mgr/install/apriltag_msgs:/home/vvoxel/ros2_ws_mgr/install/apriltag:/home/vvoxel/ros2_ws_mgr/install/anglecalc:/opt/ros/jazzy/opt/gz_sim_vendor:/opt/ros/jazzy/opt/gz_sensors_vendor:/opt/ros/jazzy/opt/gz_physics_vendor:/opt/ros/jazzy/opt/sdformat_vendor:/opt/ros/jazzy/opt/gz_gui_vendor:/opt/ros/jazzy/opt/gz_transport_vendor:/opt/ros/jazzy/opt/gz_rendering_vendor:/opt/ros/jazzy/opt/gz_plugin_vendor:/opt/ros/jazzy/opt/gz_fuel_tools_vendor:/opt/ros/jazzy/opt/gz_msgs_vendor:/opt/ros/jazzy/opt/gz_common_vendor:/opt/ros/jazzy/opt/gz_math_vendor:/opt/ros/jazzy/opt/gz_utils_vendor:/opt/ros/jazzy/opt/gz_tools_vendor:/opt/ros/jazzy/opt/gz_ogre_next_vendor:/opt/ros/jazzy/opt/gz_dartsim_vendor:/opt/ros/jazzy/opt/gz_cmake_vendor DEBUGINFOD_URLS=https://debuginfod.ubuntu.com /usr/bin/cmake --build /home/vvoxel/ros2_ws_mgr/build/apriltag_msgs -- -j8 -l8
[1.664s] Invoking command in '/home/vvoxel/ros2_ws_mgr/build/apriltag_msgs': CMAKE_PREFIX_PATH=/home/vvoxel/ros2_ws_mgr/install/g2o_driver:/home/vvoxel/ros2_ws_mgr/install/test_ros_gz_bridge:/home/vvoxel/ros2_ws_mgr/install/sim_launcher:/opt/ros/jazzy:/home/vvoxel/ros2_ws_mgr/install/slam:/home/vvoxel/ros2_ws_mgr/install/ros_gz:/home/vvoxel/ros2_ws_mgr/install/ros_gz_sim_demos:/home/vvoxel/ros2_ws_mgr/install/ros_gz_sim:/home/vvoxel/ros2_ws_mgr/install/ros_gz_image:/home/vvoxel/ros2_ws_mgr/install/ros_gz_bridge:/home/vvoxel/ros2_ws_mgr/install/ros_gz_interfaces:/home/vvoxel/ros2_ws_mgr/install/realsense2_description:/home/vvoxel/ros2_ws_mgr/install/realsense2_camera:/home/vvoxel/ros2_ws_mgr/install/realsense2_camera_msgs:/home/vvoxel/ros2_ws_mgr/install/mtracker:/home/vvoxel/ros2_ws_mgr/install/g2o:/home/vvoxel/ros2_ws_mgr/install/apriltag_ros:/home/vvoxel/ros2_ws_mgr/install/apriltag_msgs:/home/vvoxel/ros2_ws_mgr/install/apriltag:/home/vvoxel/ros2_ws_mgr/install/anglecalc:/opt/ros/jazzy/opt/gz_sim_vendor:/opt/ros/jazzy/opt/gz_sensors_vendor:/opt/ros/jazzy/opt/gz_physics_vendor:/opt/ros/jazzy/opt/sdformat_vendor:/opt/ros/jazzy/opt/gz_gui_vendor:/opt/ros/jazzy/opt/gz_transport_vendor:/opt/ros/jazzy/opt/gz_rendering_vendor:/opt/ros/jazzy/opt/gz_plugin_vendor:/opt/ros/jazzy/opt/gz_fuel_tools_vendor:/opt/ros/jazzy/opt/gz_msgs_vendor:/opt/ros/jazzy/opt/gz_common_vendor:/opt/ros/jazzy/opt/gz_math_vendor:/opt/ros/jazzy/opt/gz_utils_vendor:/opt/ros/jazzy/opt/gz_tools_vendor:/opt/ros/jazzy/opt/gz_ogre_next_vendor:/opt/ros/jazzy/opt/gz_dartsim_vendor:/opt/ros/jazzy/opt/gz_cmake_vendor DEBUGINFOD_URLS=https://debuginfod.ubuntu.com /usr/bin/cmake --install /home/vvoxel/ros2_ws_mgr/build/apriltag_msgs
[1.692s] -- Install configuration: ""
[1.697s] -- Execute custom install script
[1.706s] -- Up-to-date symlink: /home/vvoxel/ros2_ws_mgr/install/apriltag_msgs/share/ament_index/resource_index/rosidl_interfaces/apriltag_msgs
[1.706s] -- Up-to-date symlink: /home/vvoxel/ros2_ws_mgr/install/apriltag_msgs/share/apriltag_msgs/msg/Point.json
[1.706s] -- Up-to-date symlink: /home/vvoxel/ros2_ws_mgr/install/apriltag_msgs/share/apriltag_msgs/msg/AprilTagDetection.json
[1.707s] -- Up-to-date symlink: /home/vvoxel/ros2_ws_mgr/install/apriltag_msgs/share/apriltag_msgs/msg/AprilTagDetectionArray.json
[1.707s] -- Up-to-date symlink: /home/vvoxel/ros2_ws_mgr/install/apriltag_msgs/include/apriltag_msgs/apriltag_msgs/msg/april_tag_detection.h
[1.710s] -- Up-to-date symlink: /home/vvoxel/ros2_ws_mgr/install/apriltag_msgs/include/apriltag_msgs/apriltag_msgs/msg/april_tag_detection_array.h
[1.710s] -- Up-to-date symlink: /home/vvoxel/ros2_ws_mgr/install/apriltag_msgs/include/apriltag_msgs/apriltag_msgs/msg/detail/april_tag_detection__functions.h
[1.710s] -- Up-to-date symlink: /home/vvoxel/ros2_ws_mgr/install/apriltag_msgs/include/apriltag_msgs/apriltag_msgs/msg/detail/april_tag_detection__struct.h
[1.711s] -- Up-to-date symlink: /home/vvoxel/ros2_ws_mgr/install/apriltag_msgs/include/apriltag_msgs/apriltag_msgs/msg/detail/april_tag_detection__type_support.h
[1.711s] -- Up-to-date symlink: /home/vvoxel/ros2_ws_mgr/install/apriltag_msgs/include/apriltag_msgs/apriltag_msgs/msg/detail/april_tag_detection_array__functions.h
[1.712s] -- Up-to-date symlink: /home/vvoxel/ros2_ws_mgr/install/apriltag_msgs/include/apriltag_msgs/apriltag_msgs/msg/detail/april_tag_detection_array__struct.h
[1.712s] -- Up-to-date symlink: /home/vvoxel/ros2_ws_mgr/install/apriltag_msgs/include/apriltag_msgs/apriltag_msgs/msg/detail/april_tag_detection_array__type_support.h
[1.713s] -- Up-to-date symlink: /home/vvoxel/ros2_ws_mgr/install/apriltag_msgs/include/apriltag_msgs/apriltag_msgs/msg/detail/point__functions.h
[1.713s] -- Up-to-date symlink: /home/vvoxel/ros2_ws_mgr/install/apriltag_msgs/include/apriltag_msgs/apriltag_msgs/msg/detail/point__struct.h
[1.713s] -- Up-to-date symlink: /home/vvoxel/ros2_ws_mgr/install/apriltag_msgs/include/apriltag_msgs/apriltag_msgs/msg/detail/point__type_support.h
[1.719s] -- Up-to-date symlink: /home/vvoxel/ros2_ws_mgr/install/apriltag_msgs/include/apriltag_msgs/apriltag_msgs/msg/point.h
[1.719s] -- Up-to-date symlink: /home/vvoxel/ros2_ws_mgr/install/apriltag_msgs/include/apriltag_msgs/apriltag_msgs/msg/rosidl_generator_c__visibility_control.h
[1.720s] -- Up-to-date symlink: /home/vvoxel/ros2_ws_mgr/install/apriltag_msgs/share/apriltag_msgs/environment/library_path.sh
[1.720s] -- Up-to-date symlink: /home/vvoxel/ros2_ws_mgr/install/apriltag_msgs/share/apriltag_msgs/environment/library_path.dsv
[1.721s] -- Up-to-date symlink: /home/vvoxel/ros2_ws_mgr/install/apriltag_msgs/include/apriltag_msgs/apriltag_msgs/msg/detail/april_tag_detection__rosidl_typesupport_fastrtps_c.h
[1.722s] -- Up-to-date symlink: /home/vvoxel/ros2_ws_mgr/install/apriltag_msgs/include/apriltag_msgs/apriltag_msgs/msg/detail/april_tag_detection_array__rosidl_typesupport_fastrtps_c.h
[1.722s] -- Up-to-date symlink: /home/vvoxel/ros2_ws_mgr/install/apriltag_msgs/include/apriltag_msgs/apriltag_msgs/msg/detail/point__rosidl_typesupport_fastrtps_c.h
[1.723s] -- Up-to-date symlink: /home/vvoxel/ros2_ws_mgr/install/apriltag_msgs/include/apriltag_msgs/apriltag_msgs/msg/rosidl_typesupport_fastrtps_c__visibility_control.h
[1.724s] -- Up-to-date symlink: /home/vvoxel/ros2_ws_mgr/install/apriltag_msgs/include/apriltag_msgs/apriltag_msgs/msg/detail/april_tag_detection__rosidl_typesupport_introspection_c.h
[1.724s] -- Up-to-date symlink: /home/vvoxel/ros2_ws_mgr/install/apriltag_msgs/include/apriltag_msgs/apriltag_msgs/msg/detail/april_tag_detection_array__rosidl_typesupport_introspection_c.h
[1.724s] -- Up-to-date symlink: /home/vvoxel/ros2_ws_mgr/install/apriltag_msgs/include/apriltag_msgs/apriltag_msgs/msg/detail/point__rosidl_typesupport_introspection_c.h
[1.724s] -- Up-to-date symlink: /home/vvoxel/ros2_ws_mgr/install/apriltag_msgs/include/apriltag_msgs/apriltag_msgs/msg/rosidl_typesupport_introspection_c__visibility_control.h
[1.725s] -- Up-to-date symlink: /home/vvoxel/ros2_ws_mgr/install/apriltag_msgs/include/apriltag_msgs/apriltag_msgs/msg/april_tag_detection.hpp
[1.725s] -- Up-to-date symlink: /home/vvoxel/ros2_ws_mgr/install/apriltag_msgs/include/apriltag_msgs/apriltag_msgs/msg/april_tag_detection_array.hpp
[1.725s] -- Up-to-date symlink: /home/vvoxel/ros2_ws_mgr/install/apriltag_msgs/include/apriltag_msgs/apriltag_msgs/msg/detail/april_tag_detection__builder.hpp
[1.726s] -- Up-to-date symlink: /home/vvoxel/ros2_ws_mgr/install/apriltag_msgs/include/apriltag_msgs/apriltag_msgs/msg/detail/april_tag_detection__struct.hpp
[1.726s] -- Up-to-date symlink: /home/vvoxel/ros2_ws_mgr/install/apriltag_msgs/include/apriltag_msgs/apriltag_msgs/msg/detail/april_tag_detection__traits.hpp
[1.726s] -- Up-to-date symlink: /home/vvoxel/ros2_ws_mgr/install/apriltag_msgs/include/apriltag_msgs/apriltag_msgs/msg/detail/april_tag_detection__type_support.hpp
[1.727s] -- Up-to-date symlink: /home/vvoxel/ros2_ws_mgr/install/apriltag_msgs/include/apriltag_msgs/apriltag_msgs/msg/detail/april_tag_detection_array__builder.hpp
[1.727s] -- Up-to-date symlink: /home/vvoxel/ros2_ws_mgr/install/apriltag_msgs/include/apriltag_msgs/apriltag_msgs/msg/detail/april_tag_detection_array__struct.hpp
[1.727s] -- Up-to-date symlink: /home/vvoxel/ros2_ws_mgr/install/apriltag_msgs/include/apriltag_msgs/apriltag_msgs/msg/detail/april_tag_detection_array__traits.hpp
[1.727s] -- Up-to-date symlink: /home/vvoxel/ros2_ws_mgr/install/apriltag_msgs/include/apriltag_msgs/apriltag_msgs/msg/detail/april_tag_detection_array__type_support.hpp
[1.728s] -- Up-to-date symlink: /home/vvoxel/ros2_ws_mgr/install/apriltag_msgs/include/apriltag_msgs/apriltag_msgs/msg/detail/point__builder.hpp
[1.728s] -- Up-to-date symlink: /home/vvoxel/ros2_ws_mgr/install/apriltag_msgs/include/apriltag_msgs/apriltag_msgs/msg/detail/point__struct.hpp
[1.728s] -- Up-to-date symlink: /home/vvoxel/ros2_ws_mgr/install/apriltag_msgs/include/apriltag_msgs/apriltag_msgs/msg/detail/point__traits.hpp
[1.728s] -- Up-to-date symlink: /home/vvoxel/ros2_ws_mgr/install/apriltag_msgs/include/apriltag_msgs/apriltag_msgs/msg/detail/point__type_support.hpp
[1.728s] -- Up-to-date symlink: /home/vvoxel/ros2_ws_mgr/install/apriltag_msgs/include/apriltag_msgs/apriltag_msgs/msg/point.hpp
[1.729s] -- Up-to-date symlink: /home/vvoxel/ros2_ws_mgr/install/apriltag_msgs/include/apriltag_msgs/apriltag_msgs/msg/rosidl_generator_cpp__visibility_control.hpp
[1.729s] -- Up-to-date symlink: /home/vvoxel/ros2_ws_mgr/install/apriltag_msgs/include/apriltag_msgs/apriltag_msgs/msg/detail/april_tag_detection__rosidl_typesupport_fastrtps_cpp.hpp
[1.729s] -- Up-to-date symlink: /home/vvoxel/ros2_ws_mgr/install/apriltag_msgs/include/apriltag_msgs/apriltag_msgs/msg/detail/april_tag_detection_array__rosidl_typesupport_fastrtps_cpp.hpp
[1.729s] -- Up-to-date symlink: /home/vvoxel/ros2_ws_mgr/install/apriltag_msgs/include/apriltag_msgs/apriltag_msgs/msg/detail/point__rosidl_typesupport_fastrtps_cpp.hpp
[1.729s] -- Up-to-date symlink: /home/vvoxel/ros2_ws_mgr/install/apriltag_msgs/include/apriltag_msgs/apriltag_msgs/msg/rosidl_typesupport_fastrtps_cpp__visibility_control.h
[1.732s] -- Up-to-date symlink: /home/vvoxel/ros2_ws_mgr/install/apriltag_msgs/include/apriltag_msgs/apriltag_msgs/msg/detail/april_tag_detection__rosidl_typesupport_introspection_cpp.hpp
[1.732s] -- Up-to-date symlink: /home/vvoxel/ros2_ws_mgr/install/apriltag_msgs/include/apriltag_msgs/apriltag_msgs/msg/detail/april_tag_detection_array__rosidl_typesupport_introspection_cpp.hpp
[1.732s] -- Up-to-date symlink: /home/vvoxel/ros2_ws_mgr/install/apriltag_msgs/include/apriltag_msgs/apriltag_msgs/msg/detail/point__rosidl_typesupport_introspection_cpp.hpp
[1.733s] -- Up-to-date symlink: /home/vvoxel/ros2_ws_mgr/install/apriltag_msgs/share/apriltag_msgs/environment/pythonpath.sh
[1.733s] -- Up-to-date symlink: /home/vvoxel/ros2_ws_mgr/install/apriltag_msgs/share/apriltag_msgs/environment/pythonpath.dsv
[1.734s] -- Up-to-date symlink: /home/vvoxel/ros2_ws_mgr/install/apriltag_msgs/lib/python3.12/site-packages/apriltag_msgs-2.0.1-py3.12.egg-info/PKG-INFO
[1.734s] -- Up-to-date symlink: /home/vvoxel/ros2_ws_mgr/install/apriltag_msgs/lib/python3.12/site-packages/apriltag_msgs-2.0.1-py3.12.egg-info/SOURCES.txt
[1.734s] -- Up-to-date symlink: /home/vvoxel/ros2_ws_mgr/install/apriltag_msgs/lib/python3.12/site-packages/apriltag_msgs-2.0.1-py3.12.egg-info/dependency_links.txt
[1.734s] -- Up-to-date symlink: /home/vvoxel/ros2_ws_mgr/install/apriltag_msgs/lib/python3.12/site-packages/apriltag_msgs-2.0.1-py3.12.egg-info/top_level.txt
[1.735s] -- Up-to-date symlink: /home/vvoxel/ros2_ws_mgr/install/apriltag_msgs/lib/python3.12/site-packages/apriltag_msgs/__init__.py
[1.735s] -- Up-to-date symlink: /home/vvoxel/ros2_ws_mgr/install/apriltag_msgs/lib/python3.12/site-packages/apriltag_msgs/_apriltag_msgs_s.ep.rosidl_typesupport_c.c
[1.735s] -- Up-to-date symlink: /home/vvoxel/ros2_ws_mgr/install/apriltag_msgs/lib/python3.12/site-packages/apriltag_msgs/_apriltag_msgs_s.ep.rosidl_typesupport_fastrtps_c.c
[1.735s] -- Up-to-date symlink: /home/vvoxel/ros2_ws_mgr/install/apriltag_msgs/lib/python3.12/site-packages/apriltag_msgs/_apriltag_msgs_s.ep.rosidl_typesupport_introspection_c.c
[1.736s] -- Up-to-date symlink: /home/vvoxel/ros2_ws_mgr/install/apriltag_msgs/lib/python3.12/site-packages/apriltag_msgs/apriltag_msgs_s__rosidl_typesupport_c.so
[1.736s] -- Up-to-date symlink: /home/vvoxel/ros2_ws_mgr/install/apriltag_msgs/lib/python3.12/site-packages/apriltag_msgs/apriltag_msgs_s__rosidl_typesupport_fastrtps_c.so
[1.736s] -- Up-to-date symlink: /home/vvoxel/ros2_ws_mgr/install/apriltag_msgs/lib/python3.12/site-packages/apriltag_msgs/apriltag_msgs_s__rosidl_typesupport_introspection_c.so
[1.736s] -- Up-to-date symlink: /home/vvoxel/ros2_ws_mgr/install/apriltag_msgs/lib/python3.12/site-packages/apriltag_msgs/msg/__init__.py
[1.736s] -- Up-to-date symlink: /home/vvoxel/ros2_ws_mgr/install/apriltag_msgs/lib/python3.12/site-packages/apriltag_msgs/msg/_april_tag_detection.py
[1.736s] -- Up-to-date symlink: /home/vvoxel/ros2_ws_mgr/install/apriltag_msgs/lib/python3.12/site-packages/apriltag_msgs/msg/_april_tag_detection_array.py
[1.737s] -- Up-to-date symlink: /home/vvoxel/ros2_ws_mgr/install/apriltag_msgs/lib/python3.12/site-packages/apriltag_msgs/msg/_april_tag_detection_array_s.c
[1.737s] -- Up-to-date symlink: /home/vvoxel/ros2_ws_mgr/install/apriltag_msgs/lib/python3.12/site-packages/apriltag_msgs/msg/_april_tag_detection_s.c
[1.737s] -- Up-to-date symlink: /home/vvoxel/ros2_ws_mgr/install/apriltag_msgs/lib/python3.12/site-packages/apriltag_msgs/msg/_point.py
[1.737s] -- Up-to-date symlink: /home/vvoxel/ros2_ws_mgr/install/apriltag_msgs/lib/python3.12/site-packages/apriltag_msgs/msg/_point_s.c
[1.737s] -- Up-to-date symlink: /home/vvoxel/ros2_ws_mgr/install/apriltag_msgs/lib/python3.12/site-packages/apriltag_msgs/apriltag_msgs_s__rosidl_typesupport_fastrtps_c.so
[1.738s] -- Up-to-date symlink: /home/vvoxel/ros2_ws_mgr/install/apriltag_msgs/lib/python3.12/site-packages/apriltag_msgs/apriltag_msgs_s__rosidl_typesupport_introspection_c.so
[1.738s] -- Up-to-date symlink: /home/vvoxel/ros2_ws_mgr/install/apriltag_msgs/lib/python3.12/site-packages/apriltag_msgs/apriltag_msgs_s__rosidl_typesupport_c.so
[1.740s] -- Up-to-date symlink: /home/vvoxel/ros2_ws_mgr/install/apriltag_msgs/share/apriltag_msgs/msg/Point.idl
[1.741s] -- Up-to-date symlink: /home/vvoxel/ros2_ws_mgr/install/apriltag_msgs/share/apriltag_msgs/msg/AprilTagDetection.idl
[1.741s] -- Up-to-date symlink: /home/vvoxel/ros2_ws_mgr/install/apriltag_msgs/share/apriltag_msgs/msg/AprilTagDetectionArray.idl
[1.742s] -- Up-to-date symlink: /home/vvoxel/ros2_ws_mgr/install/apriltag_msgs/share/apriltag_msgs/msg/Point.msg
[1.742s] -- Up-to-date symlink: /home/vvoxel/ros2_ws_mgr/install/apriltag_msgs/share/apriltag_msgs/msg/AprilTagDetection.msg
[1.743s] -- Up-to-date symlink: /home/vvoxel/ros2_ws_mgr/install/apriltag_msgs/share/apriltag_msgs/msg/AprilTagDetectionArray.msg
[1.743s] -- Up-to-date symlink: /home/vvoxel/ros2_ws_mgr/install/apriltag_msgs/share/ament_index/resource_index/package_run_dependencies/apriltag_msgs
[1.743s] -- Up-to-date symlink: /home/vvoxel/ros2_ws_mgr/install/apriltag_msgs/share/ament_index/resource_index/parent_prefix_path/apriltag_msgs
[1.744s] -- Up-to-date symlink: /home/vvoxel/ros2_ws_mgr/install/apriltag_msgs/share/apriltag_msgs/environment/ament_prefix_path.sh
[1.745s] -- Up-to-date symlink: /home/vvoxel/ros2_ws_mgr/install/apriltag_msgs/share/apriltag_msgs/environment/ament_prefix_path.dsv
[1.745s] -- Up-to-date symlink: /home/vvoxel/ros2_ws_mgr/install/apriltag_msgs/share/apriltag_msgs/environment/path.sh
[1.745s] -- Up-to-date symlink: /home/vvoxel/ros2_ws_mgr/install/apriltag_msgs/share/apriltag_msgs/environment/path.dsv
[1.745s] -- Up-to-date symlink: /home/vvoxel/ros2_ws_mgr/install/apriltag_msgs/share/apriltag_msgs/local_setup.bash
[1.745s] -- Up-to-date symlink: /home/vvoxel/ros2_ws_mgr/install/apriltag_msgs/share/apriltag_msgs/local_setup.sh
[1.746s] -- Up-to-date symlink: /home/vvoxel/ros2_ws_mgr/install/apriltag_msgs/share/apriltag_msgs/local_setup.zsh
[1.746s] -- Up-to-date symlink: /home/vvoxel/ros2_ws_mgr/install/apriltag_msgs/share/apriltag_msgs/local_setup.dsv
[1.746s] -- Symlinking: /home/vvoxel/ros2_ws_mgr/install/apriltag_msgs/share/apriltag_msgs/package.dsv
[1.754s] -- Up-to-date symlink: /home/vvoxel/ros2_ws_mgr/install/apriltag_msgs/share/ament_index/resource_index/packages/apriltag_msgs
[1.754s] -- Up-to-date symlink: /home/vvoxel/ros2_ws_mgr/install/apriltag_msgs/share/apriltag_msgs/cmake/rosidl_cmake-extras.cmake
[1.754s] -- Up-to-date symlink: /home/vvoxel/ros2_ws_mgr/install/apriltag_msgs/share/apriltag_msgs/cmake/ament_cmake_export_dependencies-extras.cmake
[1.754s] -- Up-to-date symlink: /home/vvoxel/ros2_ws_mgr/install/apriltag_msgs/share/apriltag_msgs/cmake/ament_cmake_export_include_directories-extras.cmake
[1.755s] -- Up-to-date symlink: /home/vvoxel/ros2_ws_mgr/install/apriltag_msgs/share/apriltag_msgs/cmake/ament_cmake_export_libraries-extras.cmake
[1.755s] -- Up-to-date symlink: /home/vvoxel/ros2_ws_mgr/install/apriltag_msgs/share/apriltag_msgs/cmake/ament_cmake_export_targets-extras.cmake
[1.755s] -- Up-to-date symlink: /home/vvoxel/ros2_ws_mgr/install/apriltag_msgs/share/apriltag_msgs/cmake/rosidl_cmake_export_typesupport_targets-extras.cmake
[1.755s] -- Up-to-date symlink: /home/vvoxel/ros2_ws_mgr/install/apriltag_msgs/share/apriltag_msgs/cmake/rosidl_cmake_export_typesupport_libraries-extras.cmake
[1.755s] -- Up-to-date symlink: /home/vvoxel/ros2_ws_mgr/install/apriltag_msgs/share/apriltag_msgs/cmake/apriltag_msgsConfig.cmake
[1.755s] -- Up-to-date symlink: /home/vvoxel/ros2_ws_mgr/install/apriltag_msgs/share/apriltag_msgs/cmake/apriltag_msgsConfig-version.cmake
[1.755s] -- Up-to-date symlink: /home/vvoxel/ros2_ws_mgr/install/apriltag_msgs/share/apriltag_msgs/package.xml
[1.756s] -- Up-to-date: /home/vvoxel/ros2_ws_mgr/install/apriltag_msgs/lib/libapriltag_msgs__rosidl_generator_c.so
[1.756s] -- Up-to-date: /home/vvoxel/ros2_ws_mgr/install/apriltag_msgs/lib/libapriltag_msgs__rosidl_typesupport_fastrtps_c.so
[1.756s] -- Up-to-date: /home/vvoxel/ros2_ws_mgr/install/apriltag_msgs/lib/libapriltag_msgs__rosidl_typesupport_introspection_c.so
[1.756s] -- Up-to-date: /home/vvoxel/ros2_ws_mgr/install/apriltag_msgs/lib/libapriltag_msgs__rosidl_typesupport_c.so
[1.756s] -- Up-to-date: /home/vvoxel/ros2_ws_mgr/install/apriltag_msgs/lib/libapriltag_msgs__rosidl_typesupport_fastrtps_cpp.so
[1.756s] -- Up-to-date: /home/vvoxel/ros2_ws_mgr/install/apriltag_msgs/lib/libapriltag_msgs__rosidl_typesupport_introspection_cpp.so
[1.756s] -- Up-to-date: /home/vvoxel/ros2_ws_mgr/install/apriltag_msgs/lib/libapriltag_msgs__rosidl_typesupport_cpp.so
[1.818s] Listing '/home/vvoxel/ros2_ws_mgr/install/apriltag_msgs/lib/python3.12/site-packages/apriltag_msgs'...
[1.818s] Listing '/home/vvoxel/ros2_ws_mgr/install/apriltag_msgs/lib/python3.12/site-packages/apriltag_msgs/msg'...
[1.839s] -- Up-to-date: /home/vvoxel/ros2_ws_mgr/install/apriltag_msgs/lib/libapriltag_msgs__rosidl_generator_py.so
[1.840s] -- Up-to-date: /home/vvoxel/ros2_ws_mgr/install/apriltag_msgs/share/apriltag_msgs/cmake/export_apriltag_msgs__rosidl_generator_cExport.cmake
[1.840s] -- Up-to-date: /home/vvoxel/ros2_ws_mgr/install/apriltag_msgs/share/apriltag_msgs/cmake/export_apriltag_msgs__rosidl_generator_cExport-noconfig.cmake
[1.840s] -- Up-to-date: /home/vvoxel/ros2_ws_mgr/install/apriltag_msgs/share/apriltag_msgs/cmake/export_apriltag_msgs__rosidl_typesupport_fastrtps_cExport.cmake
[1.841s] -- Up-to-date: /home/vvoxel/ros2_ws_mgr/install/apriltag_msgs/share/apriltag_msgs/cmake/export_apriltag_msgs__rosidl_typesupport_fastrtps_cExport-noconfig.cmake
[1.841s] -- Up-to-date: /home/vvoxel/ros2_ws_mgr/install/apriltag_msgs/share/apriltag_msgs/cmake/apriltag_msgs__rosidl_typesupport_introspection_cExport.cmake
[1.841s] -- Up-to-date: /home/vvoxel/ros2_ws_mgr/install/apriltag_msgs/share/apriltag_msgs/cmake/apriltag_msgs__rosidl_typesupport_introspection_cExport-noconfig.cmake
[1.844s] -- Up-to-date: /home/vvoxel/ros2_ws_mgr/install/apriltag_msgs/share/apriltag_msgs/cmake/apriltag_msgs__rosidl_typesupport_cExport.cmake
[1.845s] -- Up-to-date: /home/vvoxel/ros2_ws_mgr/install/apriltag_msgs/share/apriltag_msgs/cmake/apriltag_msgs__rosidl_typesupport_cExport-noconfig.cmake
[1.845s] -- Up-to-date: /home/vvoxel/ros2_ws_mgr/install/apriltag_msgs/share/apriltag_msgs/cmake/export_apriltag_msgs__rosidl_generator_cppExport.cmake
[1.845s] -- Up-to-date: /home/vvoxel/ros2_ws_mgr/install/apriltag_msgs/share/apriltag_msgs/cmake/export_apriltag_msgs__rosidl_typesupport_fastrtps_cppExport.cmake
[1.846s] -- Up-to-date: /home/vvoxel/ros2_ws_mgr/install/apriltag_msgs/share/apriltag_msgs/cmake/export_apriltag_msgs__rosidl_typesupport_fastrtps_cppExport-noconfig.cmake
[1.846s] -- Up-to-date: /home/vvoxel/ros2_ws_mgr/install/apriltag_msgs/share/apriltag_msgs/cmake/apriltag_msgs__rosidl_typesupport_introspection_cppExport.cmake
[1.846s] -- Up-to-date: /home/vvoxel/ros2_ws_mgr/install/apriltag_msgs/share/apriltag_msgs/cmake/apriltag_msgs__rosidl_typesupport_introspection_cppExport-noconfig.cmake
[1.846s] -- Up-to-date: /home/vvoxel/ros2_ws_mgr/install/apriltag_msgs/share/apriltag_msgs/cmake/apriltag_msgs__rosidl_typesupport_cppExport.cmake
[1.846s] -- Up-to-date: /home/vvoxel/ros2_ws_mgr/install/apriltag_msgs/share/apriltag_msgs/cmake/apriltag_msgs__rosidl_typesupport_cppExport-noconfig.cmake
[1.847s] -- Up-to-date: /home/vvoxel/ros2_ws_mgr/install/apriltag_msgs/share/apriltag_msgs/cmake/export_apriltag_msgs__rosidl_generator_pyExport.cmake
[1.847s] -- Up-to-date: /home/vvoxel/ros2_ws_mgr/install/apriltag_msgs/share/apriltag_msgs/cmake/export_apriltag_msgs__rosidl_generator_pyExport-noconfig.cmake
[2.268s] Invoked command in '/home/vvoxel/ros2_ws_mgr/build/apriltag_msgs' returned '0': CMAKE_PREFIX_PATH=/home/vvoxel/ros2_ws_mgr/install/g2o_driver:/home/vvoxel/ros2_ws_mgr/install/test_ros_gz_bridge:/home/vvoxel/ros2_ws_mgr/install/sim_launcher:/opt/ros/jazzy:/home/vvoxel/ros2_ws_mgr/install/slam:/home/vvoxel/ros2_ws_mgr/install/ros_gz:/home/vvoxel/ros2_ws_mgr/install/ros_gz_sim_demos:/home/vvoxel/ros2_ws_mgr/install/ros_gz_sim:/home/vvoxel/ros2_ws_mgr/install/ros_gz_image:/home/vvoxel/ros2_ws_mgr/install/ros_gz_bridge:/home/vvoxel/ros2_ws_mgr/install/ros_gz_interfaces:/home/vvoxel/ros2_ws_mgr/install/realsense2_description:/home/vvoxel/ros2_ws_mgr/install/realsense2_camera:/home/vvoxel/ros2_ws_mgr/install/realsense2_camera_msgs:/home/vvoxel/ros2_ws_mgr/install/mtracker:/home/vvoxel/ros2_ws_mgr/install/g2o:/home/vvoxel/ros2_ws_mgr/install/apriltag_ros:/home/vvoxel/ros2_ws_mgr/install/apriltag_msgs:/home/vvoxel/ros2_ws_mgr/install/apriltag:/home/vvoxel/ros2_ws_mgr/install/anglecalc:/opt/ros/jazzy/opt/gz_sim_vendor:/opt/ros/jazzy/opt/gz_sensors_vendor:/opt/ros/jazzy/opt/gz_physics_vendor:/opt/ros/jazzy/opt/sdformat_vendor:/opt/ros/jazzy/opt/gz_gui_vendor:/opt/ros/jazzy/opt/gz_transport_vendor:/opt/ros/jazzy/opt/gz_rendering_vendor:/opt/ros/jazzy/opt/gz_plugin_vendor:/opt/ros/jazzy/opt/gz_fuel_tools_vendor:/opt/ros/jazzy/opt/gz_msgs_vendor:/opt/ros/jazzy/opt/gz_common_vendor:/opt/ros/jazzy/opt/gz_math_vendor:/opt/ros/jazzy/opt/gz_utils_vendor:/opt/ros/jazzy/opt/gz_tools_vendor:/opt/ros/jazzy/opt/gz_ogre_next_vendor:/opt/ros/jazzy/opt/gz_dartsim_vendor:/opt/ros/jazzy/opt/gz_cmake_vendor DEBUGINFOD_URLS=https://debuginfod.ubuntu.com /usr/bin/cmake --install /home/vvoxel/ros2_ws_mgr/build/apriltag_msgs
