[0.070s] Invoking command in '/home/vvoxel/ros2_ws_mgr/build/ros_gz_interfaces': CMAKE_PREFIX_PATH=/home/vvoxel/ros2_ws_mgr/install/g2o_driver:/home/vvoxel/ros2_ws_mgr/install/test_ros_gz_bridge:/home/vvoxel/ros2_ws_mgr/install/sim_launcher:/opt/ros/jazzy:/home/vvoxel/ros2_ws_mgr/install/slam:/home/vvoxel/ros2_ws_mgr/install/ros_gz:/home/vvoxel/ros2_ws_mgr/install/ros_gz_sim_demos:/home/vvoxel/ros2_ws_mgr/install/ros_gz_sim:/home/vvoxel/ros2_ws_mgr/install/ros_gz_image:/home/vvoxel/ros2_ws_mgr/install/ros_gz_bridge:/home/vvoxel/ros2_ws_mgr/install/ros_gz_interfaces:/home/vvoxel/ros2_ws_mgr/install/realsense2_description:/home/vvoxel/ros2_ws_mgr/install/realsense2_camera:/home/vvoxel/ros2_ws_mgr/install/realsense2_camera_msgs:/home/vvoxel/ros2_ws_mgr/install/mtracker:/home/vvoxel/ros2_ws_mgr/install/g2o:/home/vvoxel/ros2_ws_mgr/install/apriltag_ros:/home/vvoxel/ros2_ws_mgr/install/apriltag_msgs:/home/vvoxel/ros2_ws_mgr/install/apriltag:/home/vvoxel/ros2_ws_mgr/install/anglecalc:/opt/ros/jazzy/opt/gz_sim_vendor:/opt/ros/jazzy/opt/gz_sensors_vendor:/opt/ros/jazzy/opt/gz_physics_vendor:/opt/ros/jazzy/opt/sdformat_vendor:/opt/ros/jazzy/opt/gz_gui_vendor:/opt/ros/jazzy/opt/gz_transport_vendor:/opt/ros/jazzy/opt/gz_rendering_vendor:/opt/ros/jazzy/opt/gz_plugin_vendor:/opt/ros/jazzy/opt/gz_fuel_tools_vendor:/opt/ros/jazzy/opt/gz_msgs_vendor:/opt/ros/jazzy/opt/gz_common_vendor:/opt/ros/jazzy/opt/gz_math_vendor:/opt/ros/jazzy/opt/gz_utils_vendor:/opt/ros/jazzy/opt/gz_tools_vendor:/opt/ros/jazzy/opt/gz_ogre_next_vendor:/opt/ros/jazzy/opt/gz_dartsim_vendor:/opt/ros/jazzy/opt/gz_cmake_vendor DEBUGINFOD_URLS=https://debuginfod.ubuntu.com /usr/bin/cmake --build /home/vvoxel/ros2_ws_mgr/build/ros_gz_interfaces -- -j8 -l8
[0.247s] [  0%] Built target ros_gz_interfaces__rosidl_generator_type_description
[0.336s] [  0%] Built target ament_cmake_python_symlink_ros_gz_interfaces
[0.384s] [  0%] Built target ros_gz_interfaces__cpp
[0.505s] [ 28%] Built target ros_gz_interfaces__rosidl_generator_c
[0.645s] [ 38%] Built target ros_gz_interfaces__rosidl_typesupport_c
[0.692s] [ 48%] Built target ros_gz_interfaces__rosidl_typesupport_cpp
[0.705s] [ 58%] Built target ros_gz_interfaces__rosidl_typesupport_fastrtps_cpp
[0.718s] [ 67%] Built target ros_gz_interfaces__rosidl_typesupport_introspection_c
[0.744s] [ 77%] Built target ros_gz_interfaces__rosidl_typesupport_fastrtps_c
[0.753s] [ 87%] Built target ros_gz_interfaces__rosidl_typesupport_introspection_cpp
[0.876s] [ 87%] Built target ros_gz_interfaces
[0.966s] [ 87%] Built target ros_gz_interfaces__py
[1.116s] [ 97%] Built target ros_gz_interfaces__rosidl_generator_py
[1.218s] [ 98%] Built target ros_gz_interfaces_s__rosidl_typesupport_introspection_c
[1.219s] [ 99%] Built target ros_gz_interfaces_s__rosidl_typesupport_fastrtps_c
[1.225s] [100%] Built target ros_gz_interfaces_s__rosidl_typesupport_c
[1.379s] running egg_info
[1.438s] writing ros_gz_interfaces.egg-info/PKG-INFO
[1.439s] writing dependency_links to ros_gz_interfaces.egg-info/dependency_links.txt
[1.446s] writing top-level names to ros_gz_interfaces.egg-info/top_level.txt
[1.666s] reading manifest file 'ros_gz_interfaces.egg-info/SOURCES.txt'
[1.666s] writing manifest file 'ros_gz_interfaces.egg-info/SOURCES.txt'
[1.686s] [100%] Built target ament_cmake_python_build_ros_gz_interfaces_egg
[1.757s] Invoked command in '/home/vvoxel/ros2_ws_mgr/build/ros_gz_interfaces' returned '0': CMAKE_PREFIX_PATH=/home/vvoxel/ros2_ws_mgr/install/g2o_driver:/home/vvoxel/ros2_ws_mgr/install/test_ros_gz_bridge:/home/vvoxel/ros2_ws_mgr/install/sim_launcher:/opt/ros/jazzy:/home/vvoxel/ros2_ws_mgr/install/slam:/home/vvoxel/ros2_ws_mgr/install/ros_gz:/home/vvoxel/ros2_ws_mgr/install/ros_gz_sim_demos:/home/vvoxel/ros2_ws_mgr/install/ros_gz_sim:/home/vvoxel/ros2_ws_mgr/install/ros_gz_image:/home/vvoxel/ros2_ws_mgr/install/ros_gz_bridge:/home/vvoxel/ros2_ws_mgr/install/ros_gz_interfaces:/home/vvoxel/ros2_ws_mgr/install/realsense2_description:/home/vvoxel/ros2_ws_mgr/install/realsense2_camera:/home/vvoxel/ros2_ws_mgr/install/realsense2_camera_msgs:/home/vvoxel/ros2_ws_mgr/install/mtracker:/home/vvoxel/ros2_ws_mgr/install/g2o:/home/vvoxel/ros2_ws_mgr/install/apriltag_ros:/home/vvoxel/ros2_ws_mgr/install/apriltag_msgs:/home/vvoxel/ros2_ws_mgr/install/apriltag:/home/vvoxel/ros2_ws_mgr/install/anglecalc:/opt/ros/jazzy/opt/gz_sim_vendor:/opt/ros/jazzy/opt/gz_sensors_vendor:/opt/ros/jazzy/opt/gz_physics_vendor:/opt/ros/jazzy/opt/sdformat_vendor:/opt/ros/jazzy/opt/gz_gui_vendor:/opt/ros/jazzy/opt/gz_transport_vendor:/opt/ros/jazzy/opt/gz_rendering_vendor:/opt/ros/jazzy/opt/gz_plugin_vendor:/opt/ros/jazzy/opt/gz_fuel_tools_vendor:/opt/ros/jazzy/opt/gz_msgs_vendor:/opt/ros/jazzy/opt/gz_common_vendor:/opt/ros/jazzy/opt/gz_math_vendor:/opt/ros/jazzy/opt/gz_utils_vendor:/opt/ros/jazzy/opt/gz_tools_vendor:/opt/ros/jazzy/opt/gz_ogre_next_vendor:/opt/ros/jazzy/opt/gz_dartsim_vendor:/opt/ros/jazzy/opt/gz_cmake_vendor DEBUGINFOD_URLS=https://debuginfod.ubuntu.com /usr/bin/cmake --build /home/vvoxel/ros2_ws_mgr/build/ros_gz_interfaces -- -j8 -l8
[1.760s] Invoking command in '/home/vvoxel/ros2_ws_mgr/build/ros_gz_interfaces': CMAKE_PREFIX_PATH=/home/vvoxel/ros2_ws_mgr/install/g2o_driver:/home/vvoxel/ros2_ws_mgr/install/test_ros_gz_bridge:/home/vvoxel/ros2_ws_mgr/install/sim_launcher:/opt/ros/jazzy:/home/vvoxel/ros2_ws_mgr/install/slam:/home/vvoxel/ros2_ws_mgr/install/ros_gz:/home/vvoxel/ros2_ws_mgr/install/ros_gz_sim_demos:/home/vvoxel/ros2_ws_mgr/install/ros_gz_sim:/home/vvoxel/ros2_ws_mgr/install/ros_gz_image:/home/vvoxel/ros2_ws_mgr/install/ros_gz_bridge:/home/vvoxel/ros2_ws_mgr/install/ros_gz_interfaces:/home/vvoxel/ros2_ws_mgr/install/realsense2_description:/home/vvoxel/ros2_ws_mgr/install/realsense2_camera:/home/vvoxel/ros2_ws_mgr/install/realsense2_camera_msgs:/home/vvoxel/ros2_ws_mgr/install/mtracker:/home/vvoxel/ros2_ws_mgr/install/g2o:/home/vvoxel/ros2_ws_mgr/install/apriltag_ros:/home/vvoxel/ros2_ws_mgr/install/apriltag_msgs:/home/vvoxel/ros2_ws_mgr/install/apriltag:/home/vvoxel/ros2_ws_mgr/install/anglecalc:/opt/ros/jazzy/opt/gz_sim_vendor:/opt/ros/jazzy/opt/gz_sensors_vendor:/opt/ros/jazzy/opt/gz_physics_vendor:/opt/ros/jazzy/opt/sdformat_vendor:/opt/ros/jazzy/opt/gz_gui_vendor:/opt/ros/jazzy/opt/gz_transport_vendor:/opt/ros/jazzy/opt/gz_rendering_vendor:/opt/ros/jazzy/opt/gz_plugin_vendor:/opt/ros/jazzy/opt/gz_fuel_tools_vendor:/opt/ros/jazzy/opt/gz_msgs_vendor:/opt/ros/jazzy/opt/gz_common_vendor:/opt/ros/jazzy/opt/gz_math_vendor:/opt/ros/jazzy/opt/gz_utils_vendor:/opt/ros/jazzy/opt/gz_tools_vendor:/opt/ros/jazzy/opt/gz_ogre_next_vendor:/opt/ros/jazzy/opt/gz_dartsim_vendor:/opt/ros/jazzy/opt/gz_cmake_vendor DEBUGINFOD_URLS=https://debuginfod.ubuntu.com /usr/bin/cmake --install /home/vvoxel/ros2_ws_mgr/build/ros_gz_interfaces
[1.783s] -- Install configuration: ""
[1.785s] -- Execute custom install script
[1.785s] -- Up-to-date symlink: /home/vvoxel/ros2_ws_mgr/install/ros_gz_interfaces/share/ament_index/resource_index/rosidl_interfaces/ros_gz_interfaces
[1.785s] -- Up-to-date symlink: /home/vvoxel/ros2_ws_mgr/install/ros_gz_interfaces/share/ros_gz_interfaces/msg/Altimeter.json
[1.786s] -- Up-to-date symlink: /home/vvoxel/ros2_ws_mgr/install/ros_gz_interfaces/share/ros_gz_interfaces/msg/Contact.json
[1.786s] -- Up-to-date symlink: /home/vvoxel/ros2_ws_mgr/install/ros_gz_interfaces/share/ros_gz_interfaces/msg/Contacts.json
[1.793s] -- Up-to-date symlink: /home/vvoxel/ros2_ws_mgr/install/ros_gz_interfaces/share/ros_gz_interfaces/msg/Dataframe.json
[1.793s] -- Up-to-date symlink: /home/vvoxel/ros2_ws_mgr/install/ros_gz_interfaces/share/ros_gz_interfaces/msg/Entity.json
[1.794s] -- Up-to-date symlink: /home/vvoxel/ros2_ws_mgr/install/ros_gz_interfaces/share/ros_gz_interfaces/msg/EntityFactory.json
[1.794s] -- Up-to-date symlink: /home/vvoxel/ros2_ws_mgr/install/ros_gz_interfaces/share/ros_gz_interfaces/msg/EntityWrench.json
[1.794s] -- Up-to-date symlink: /home/vvoxel/ros2_ws_mgr/install/ros_gz_interfaces/share/ros_gz_interfaces/msg/Float32Array.json
[1.794s] -- Up-to-date symlink: /home/vvoxel/ros2_ws_mgr/install/ros_gz_interfaces/share/ros_gz_interfaces/msg/GuiCamera.json
[1.794s] -- Up-to-date symlink: /home/vvoxel/ros2_ws_mgr/install/ros_gz_interfaces/share/ros_gz_interfaces/msg/JointWrench.json
[1.795s] -- Up-to-date symlink: /home/vvoxel/ros2_ws_mgr/install/ros_gz_interfaces/share/ros_gz_interfaces/msg/Light.json
[1.795s] -- Up-to-date symlink: /home/vvoxel/ros2_ws_mgr/install/ros_gz_interfaces/share/ros_gz_interfaces/msg/LogicalCameraImage.json
[1.795s] -- Up-to-date symlink: /home/vvoxel/ros2_ws_mgr/install/ros_gz_interfaces/share/ros_gz_interfaces/msg/LogicalCameraImageModel.json
[1.796s] -- Up-to-date symlink: /home/vvoxel/ros2_ws_mgr/install/ros_gz_interfaces/share/ros_gz_interfaces/msg/MaterialColor.json
[1.799s] -- Up-to-date symlink: /home/vvoxel/ros2_ws_mgr/install/ros_gz_interfaces/share/ros_gz_interfaces/msg/ParamVec.json
[1.800s] -- Up-to-date symlink: /home/vvoxel/ros2_ws_mgr/install/ros_gz_interfaces/share/ros_gz_interfaces/msg/SensorNoise.json
[1.800s] -- Up-to-date symlink: /home/vvoxel/ros2_ws_mgr/install/ros_gz_interfaces/share/ros_gz_interfaces/msg/StringVec.json
[1.800s] -- Up-to-date symlink: /home/vvoxel/ros2_ws_mgr/install/ros_gz_interfaces/share/ros_gz_interfaces/msg/TrackVisual.json
[1.801s] -- Up-to-date symlink: /home/vvoxel/ros2_ws_mgr/install/ros_gz_interfaces/share/ros_gz_interfaces/msg/VideoRecord.json
[1.801s] -- Up-to-date symlink: /home/vvoxel/ros2_ws_mgr/install/ros_gz_interfaces/share/ros_gz_interfaces/msg/WorldControl.json
[1.802s] -- Up-to-date symlink: /home/vvoxel/ros2_ws_mgr/install/ros_gz_interfaces/share/ros_gz_interfaces/msg/WorldReset.json
[1.802s] -- Up-to-date symlink: /home/vvoxel/ros2_ws_mgr/install/ros_gz_interfaces/share/ros_gz_interfaces/srv/ControlWorld.json
[1.803s] -- Up-to-date symlink: /home/vvoxel/ros2_ws_mgr/install/ros_gz_interfaces/share/ros_gz_interfaces/srv/DeleteEntity.json
[1.803s] -- Up-to-date symlink: /home/vvoxel/ros2_ws_mgr/install/ros_gz_interfaces/share/ros_gz_interfaces/srv/SetEntityPose.json
[1.804s] -- Up-to-date symlink: /home/vvoxel/ros2_ws_mgr/install/ros_gz_interfaces/share/ros_gz_interfaces/srv/SpawnEntity.json
[1.804s] -- Up-to-date symlink: /home/vvoxel/ros2_ws_mgr/install/ros_gz_interfaces/include/ros_gz_interfaces/ros_gz_interfaces/msg/altimeter.h
[1.805s] -- Up-to-date symlink: /home/vvoxel/ros2_ws_mgr/install/ros_gz_interfaces/include/ros_gz_interfaces/ros_gz_interfaces/msg/contact.h
[1.805s] -- Up-to-date symlink: /home/vvoxel/ros2_ws_mgr/install/ros_gz_interfaces/include/ros_gz_interfaces/ros_gz_interfaces/msg/contacts.h
[1.805s] -- Up-to-date symlink: /home/vvoxel/ros2_ws_mgr/install/ros_gz_interfaces/include/ros_gz_interfaces/ros_gz_interfaces/msg/dataframe.h
[1.805s] -- Up-to-date symlink: /home/vvoxel/ros2_ws_mgr/install/ros_gz_interfaces/include/ros_gz_interfaces/ros_gz_interfaces/msg/detail/altimeter__functions.h
[1.806s] -- Up-to-date symlink: /home/vvoxel/ros2_ws_mgr/install/ros_gz_interfaces/include/ros_gz_interfaces/ros_gz_interfaces/msg/detail/altimeter__struct.h
[1.806s] -- Up-to-date symlink: /home/vvoxel/ros2_ws_mgr/install/ros_gz_interfaces/include/ros_gz_interfaces/ros_gz_interfaces/msg/detail/altimeter__type_support.h
[1.806s] -- Up-to-date symlink: /home/vvoxel/ros2_ws_mgr/install/ros_gz_interfaces/include/ros_gz_interfaces/ros_gz_interfaces/msg/detail/contact__functions.h
[1.806s] -- Up-to-date symlink: /home/vvoxel/ros2_ws_mgr/install/ros_gz_interfaces/include/ros_gz_interfaces/ros_gz_interfaces/msg/detail/contact__struct.h
[1.806s] -- Up-to-date symlink: /home/vvoxel/ros2_ws_mgr/install/ros_gz_interfaces/include/ros_gz_interfaces/ros_gz_interfaces/msg/detail/contact__type_support.h
[1.806s] -- Up-to-date symlink: /home/vvoxel/ros2_ws_mgr/install/ros_gz_interfaces/include/ros_gz_interfaces/ros_gz_interfaces/msg/detail/contacts__functions.h
[1.806s] -- Up-to-date symlink: /home/vvoxel/ros2_ws_mgr/install/ros_gz_interfaces/include/ros_gz_interfaces/ros_gz_interfaces/msg/detail/contacts__struct.h
[1.806s] -- Up-to-date symlink: /home/vvoxel/ros2_ws_mgr/install/ros_gz_interfaces/include/ros_gz_interfaces/ros_gz_interfaces/msg/detail/contacts__type_support.h
[1.807s] -- Up-to-date symlink: /home/vvoxel/ros2_ws_mgr/install/ros_gz_interfaces/include/ros_gz_interfaces/ros_gz_interfaces/msg/detail/dataframe__functions.h
[1.807s] -- Up-to-date symlink: /home/vvoxel/ros2_ws_mgr/install/ros_gz_interfaces/include/ros_gz_interfaces/ros_gz_interfaces/msg/detail/dataframe__struct.h
[1.807s] -- Up-to-date symlink: /home/vvoxel/ros2_ws_mgr/install/ros_gz_interfaces/include/ros_gz_interfaces/ros_gz_interfaces/msg/detail/dataframe__type_support.h
[1.807s] -- Up-to-date symlink: /home/vvoxel/ros2_ws_mgr/install/ros_gz_interfaces/include/ros_gz_interfaces/ros_gz_interfaces/msg/detail/entity__functions.h
[1.808s] -- Up-to-date symlink: /home/vvoxel/ros2_ws_mgr/install/ros_gz_interfaces/include/ros_gz_interfaces/ros_gz_interfaces/msg/detail/entity__struct.h
[1.808s] -- Up-to-date symlink: /home/vvoxel/ros2_ws_mgr/install/ros_gz_interfaces/include/ros_gz_interfaces/ros_gz_interfaces/msg/detail/entity__type_support.h
[1.809s] -- Up-to-date symlink: /home/vvoxel/ros2_ws_mgr/install/ros_gz_interfaces/include/ros_gz_interfaces/ros_gz_interfaces/msg/detail/entity_factory__functions.h
[1.809s] -- Up-to-date symlink: /home/vvoxel/ros2_ws_mgr/install/ros_gz_interfaces/include/ros_gz_interfaces/ros_gz_interfaces/msg/detail/entity_factory__struct.h
[1.809s] -- Up-to-date symlink: /home/vvoxel/ros2_ws_mgr/install/ros_gz_interfaces/include/ros_gz_interfaces/ros_gz_interfaces/msg/detail/entity_factory__type_support.h
[1.809s] -- Up-to-date symlink: /home/vvoxel/ros2_ws_mgr/install/ros_gz_interfaces/include/ros_gz_interfaces/ros_gz_interfaces/msg/detail/entity_wrench__functions.h
[1.810s] -- Up-to-date symlink: /home/vvoxel/ros2_ws_mgr/install/ros_gz_interfaces/include/ros_gz_interfaces/ros_gz_interfaces/msg/detail/entity_wrench__struct.h
[1.810s] -- Up-to-date symlink: /home/vvoxel/ros2_ws_mgr/install/ros_gz_interfaces/include/ros_gz_interfaces/ros_gz_interfaces/msg/detail/entity_wrench__type_support.h
[1.810s] -- Up-to-date symlink: /home/vvoxel/ros2_ws_mgr/install/ros_gz_interfaces/include/ros_gz_interfaces/ros_gz_interfaces/msg/detail/float32_array__functions.h
[1.811s] -- Up-to-date symlink: /home/vvoxel/ros2_ws_mgr/install/ros_gz_interfaces/include/ros_gz_interfaces/ros_gz_interfaces/msg/detail/float32_array__struct.h
[1.811s] -- Up-to-date symlink: /home/vvoxel/ros2_ws_mgr/install/ros_gz_interfaces/include/ros_gz_interfaces/ros_gz_interfaces/msg/detail/float32_array__type_support.h
[1.811s] -- Up-to-date symlink: /home/vvoxel/ros2_ws_mgr/install/ros_gz_interfaces/include/ros_gz_interfaces/ros_gz_interfaces/msg/detail/gui_camera__functions.h
[1.812s] -- Up-to-date symlink: /home/vvoxel/ros2_ws_mgr/install/ros_gz_interfaces/include/ros_gz_interfaces/ros_gz_interfaces/msg/detail/gui_camera__struct.h
[1.812s] -- Up-to-date symlink: /home/vvoxel/ros2_ws_mgr/install/ros_gz_interfaces/include/ros_gz_interfaces/ros_gz_interfaces/msg/detail/gui_camera__type_support.h
[1.812s] -- Up-to-date symlink: /home/vvoxel/ros2_ws_mgr/install/ros_gz_interfaces/include/ros_gz_interfaces/ros_gz_interfaces/msg/detail/joint_wrench__functions.h
[1.813s] -- Up-to-date symlink: /home/vvoxel/ros2_ws_mgr/install/ros_gz_interfaces/include/ros_gz_interfaces/ros_gz_interfaces/msg/detail/joint_wrench__struct.h
[1.813s] -- Up-to-date symlink: /home/vvoxel/ros2_ws_mgr/install/ros_gz_interfaces/include/ros_gz_interfaces/ros_gz_interfaces/msg/detail/joint_wrench__type_support.h
[1.813s] -- Up-to-date symlink: /home/vvoxel/ros2_ws_mgr/install/ros_gz_interfaces/include/ros_gz_interfaces/ros_gz_interfaces/msg/detail/light__functions.h
[1.814s] -- Up-to-date symlink: /home/vvoxel/ros2_ws_mgr/install/ros_gz_interfaces/include/ros_gz_interfaces/ros_gz_interfaces/msg/detail/light__struct.h
[1.814s] -- Up-to-date symlink: /home/vvoxel/ros2_ws_mgr/install/ros_gz_interfaces/include/ros_gz_interfaces/ros_gz_interfaces/msg/detail/light__type_support.h
[1.815s] -- Up-to-date symlink: /home/vvoxel/ros2_ws_mgr/install/ros_gz_interfaces/include/ros_gz_interfaces/ros_gz_interfaces/msg/detail/logical_camera_image__functions.h
[1.815s] -- Up-to-date symlink: /home/vvoxel/ros2_ws_mgr/install/ros_gz_interfaces/include/ros_gz_interfaces/ros_gz_interfaces/msg/detail/logical_camera_image__struct.h
[1.816s] -- Up-to-date symlink: /home/vvoxel/ros2_ws_mgr/install/ros_gz_interfaces/include/ros_gz_interfaces/ros_gz_interfaces/msg/detail/logical_camera_image__type_support.h
[1.816s] -- Up-to-date symlink: /home/vvoxel/ros2_ws_mgr/install/ros_gz_interfaces/include/ros_gz_interfaces/ros_gz_interfaces/msg/detail/logical_camera_image_model__functions.h
[1.818s] -- Up-to-date symlink: /home/vvoxel/ros2_ws_mgr/install/ros_gz_interfaces/include/ros_gz_interfaces/ros_gz_interfaces/msg/detail/logical_camera_image_model__struct.h
[1.818s] -- Up-to-date symlink: /home/vvoxel/ros2_ws_mgr/install/ros_gz_interfaces/include/ros_gz_interfaces/ros_gz_interfaces/msg/detail/logical_camera_image_model__type_support.h
[1.818s] -- Up-to-date symlink: /home/vvoxel/ros2_ws_mgr/install/ros_gz_interfaces/include/ros_gz_interfaces/ros_gz_interfaces/msg/detail/material_color__functions.h
[1.819s] -- Up-to-date symlink: /home/vvoxel/ros2_ws_mgr/install/ros_gz_interfaces/include/ros_gz_interfaces/ros_gz_interfaces/msg/detail/material_color__struct.h
[1.819s] -- Up-to-date symlink: /home/vvoxel/ros2_ws_mgr/install/ros_gz_interfaces/include/ros_gz_interfaces/ros_gz_interfaces/msg/detail/material_color__type_support.h
[1.819s] -- Up-to-date symlink: /home/vvoxel/ros2_ws_mgr/install/ros_gz_interfaces/include/ros_gz_interfaces/ros_gz_interfaces/msg/detail/param_vec__functions.h
[1.820s] -- Up-to-date symlink: /home/vvoxel/ros2_ws_mgr/install/ros_gz_interfaces/include/ros_gz_interfaces/ros_gz_interfaces/msg/detail/param_vec__struct.h
[1.820s] -- Up-to-date symlink: /home/vvoxel/ros2_ws_mgr/install/ros_gz_interfaces/include/ros_gz_interfaces/ros_gz_interfaces/msg/detail/param_vec__type_support.h
[1.820s] -- Up-to-date symlink: /home/vvoxel/ros2_ws_mgr/install/ros_gz_interfaces/include/ros_gz_interfaces/ros_gz_interfaces/msg/detail/sensor_noise__functions.h
[1.820s] -- Up-to-date symlink: /home/vvoxel/ros2_ws_mgr/install/ros_gz_interfaces/include/ros_gz_interfaces/ros_gz_interfaces/msg/detail/sensor_noise__struct.h
[1.820s] -- Up-to-date symlink: /home/vvoxel/ros2_ws_mgr/install/ros_gz_interfaces/include/ros_gz_interfaces/ros_gz_interfaces/msg/detail/sensor_noise__type_support.h
[1.821s] -- Up-to-date symlink: /home/vvoxel/ros2_ws_mgr/install/ros_gz_interfaces/include/ros_gz_interfaces/ros_gz_interfaces/msg/detail/string_vec__functions.h
[1.821s] -- Up-to-date symlink: /home/vvoxel/ros2_ws_mgr/install/ros_gz_interfaces/include/ros_gz_interfaces/ros_gz_interfaces/msg/detail/string_vec__struct.h
[1.821s] -- Up-to-date symlink: /home/vvoxel/ros2_ws_mgr/install/ros_gz_interfaces/include/ros_gz_interfaces/ros_gz_interfaces/msg/detail/string_vec__type_support.h
[1.821s] -- Up-to-date symlink: /home/vvoxel/ros2_ws_mgr/install/ros_gz_interfaces/include/ros_gz_interfaces/ros_gz_interfaces/msg/detail/track_visual__functions.h
[1.822s] -- Up-to-date symlink: /home/vvoxel/ros2_ws_mgr/install/ros_gz_interfaces/include/ros_gz_interfaces/ros_gz_interfaces/msg/detail/track_visual__struct.h
[1.822s] -- Up-to-date symlink: /home/vvoxel/ros2_ws_mgr/install/ros_gz_interfaces/include/ros_gz_interfaces/ros_gz_interfaces/msg/detail/track_visual__type_support.h
[1.822s] -- Up-to-date symlink: /home/vvoxel/ros2_ws_mgr/install/ros_gz_interfaces/include/ros_gz_interfaces/ros_gz_interfaces/msg/detail/video_record__functions.h
[1.822s] -- Up-to-date symlink: /home/vvoxel/ros2_ws_mgr/install/ros_gz_interfaces/include/ros_gz_interfaces/ros_gz_interfaces/msg/detail/video_record__struct.h
[1.822s] -- Up-to-date symlink: /home/vvoxel/ros2_ws_mgr/install/ros_gz_interfaces/include/ros_gz_interfaces/ros_gz_interfaces/msg/detail/video_record__type_support.h
[1.823s] -- Up-to-date symlink: /home/vvoxel/ros2_ws_mgr/install/ros_gz_interfaces/include/ros_gz_interfaces/ros_gz_interfaces/msg/detail/world_control__functions.h
[1.823s] -- Up-to-date symlink: /home/vvoxel/ros2_ws_mgr/install/ros_gz_interfaces/include/ros_gz_interfaces/ros_gz_interfaces/msg/detail/world_control__struct.h
[1.823s] -- Up-to-date symlink: /home/vvoxel/ros2_ws_mgr/install/ros_gz_interfaces/include/ros_gz_interfaces/ros_gz_interfaces/msg/detail/world_control__type_support.h
[1.823s] -- Up-to-date symlink: /home/vvoxel/ros2_ws_mgr/install/ros_gz_interfaces/include/ros_gz_interfaces/ros_gz_interfaces/msg/detail/world_reset__functions.h
[1.823s] -- Up-to-date symlink: /home/vvoxel/ros2_ws_mgr/install/ros_gz_interfaces/include/ros_gz_interfaces/ros_gz_interfaces/msg/detail/world_reset__struct.h
[1.825s] -- Up-to-date symlink: /home/vvoxel/ros2_ws_mgr/install/ros_gz_interfaces/include/ros_gz_interfaces/ros_gz_interfaces/msg/detail/world_reset__type_support.h
[1.826s] -- Up-to-date symlink: /home/vvoxel/ros2_ws_mgr/install/ros_gz_interfaces/include/ros_gz_interfaces/ros_gz_interfaces/msg/entity.h
[1.826s] -- Up-to-date symlink: /home/vvoxel/ros2_ws_mgr/install/ros_gz_interfaces/include/ros_gz_interfaces/ros_gz_interfaces/msg/entity_factory.h
[1.826s] -- Up-to-date symlink: /home/vvoxel/ros2_ws_mgr/install/ros_gz_interfaces/include/ros_gz_interfaces/ros_gz_interfaces/msg/entity_wrench.h
[1.826s] -- Up-to-date symlink: /home/vvoxel/ros2_ws_mgr/install/ros_gz_interfaces/include/ros_gz_interfaces/ros_gz_interfaces/msg/float32_array.h
[1.826s] -- Up-to-date symlink: /home/vvoxel/ros2_ws_mgr/install/ros_gz_interfaces/include/ros_gz_interfaces/ros_gz_interfaces/msg/gui_camera.h
[1.826s] -- Up-to-date symlink: /home/vvoxel/ros2_ws_mgr/install/ros_gz_interfaces/include/ros_gz_interfaces/ros_gz_interfaces/msg/joint_wrench.h
[1.827s] -- Up-to-date symlink: /home/vvoxel/ros2_ws_mgr/install/ros_gz_interfaces/include/ros_gz_interfaces/ros_gz_interfaces/msg/light.h
[1.828s] -- Up-to-date symlink: /home/vvoxel/ros2_ws_mgr/install/ros_gz_interfaces/include/ros_gz_interfaces/ros_gz_interfaces/msg/logical_camera_image.h
[1.828s] -- Up-to-date symlink: /home/vvoxel/ros2_ws_mgr/install/ros_gz_interfaces/include/ros_gz_interfaces/ros_gz_interfaces/msg/logical_camera_image_model.h
[1.828s] -- Up-to-date symlink: /home/vvoxel/ros2_ws_mgr/install/ros_gz_interfaces/include/ros_gz_interfaces/ros_gz_interfaces/msg/material_color.h
[1.828s] -- Up-to-date symlink: /home/vvoxel/ros2_ws_mgr/install/ros_gz_interfaces/include/ros_gz_interfaces/ros_gz_interfaces/msg/param_vec.h
[1.829s] -- Up-to-date symlink: /home/vvoxel/ros2_ws_mgr/install/ros_gz_interfaces/include/ros_gz_interfaces/ros_gz_interfaces/msg/rosidl_generator_c__visibility_control.h
[1.829s] -- Up-to-date symlink: /home/vvoxel/ros2_ws_mgr/install/ros_gz_interfaces/include/ros_gz_interfaces/ros_gz_interfaces/msg/sensor_noise.h
[1.829s] -- Up-to-date symlink: /home/vvoxel/ros2_ws_mgr/install/ros_gz_interfaces/include/ros_gz_interfaces/ros_gz_interfaces/msg/string_vec.h
[1.830s] -- Up-to-date symlink: /home/vvoxel/ros2_ws_mgr/install/ros_gz_interfaces/include/ros_gz_interfaces/ros_gz_interfaces/msg/track_visual.h
[1.830s] -- Up-to-date symlink: /home/vvoxel/ros2_ws_mgr/install/ros_gz_interfaces/include/ros_gz_interfaces/ros_gz_interfaces/msg/video_record.h
[1.830s] -- Up-to-date symlink: /home/vvoxel/ros2_ws_mgr/install/ros_gz_interfaces/include/ros_gz_interfaces/ros_gz_interfaces/msg/world_control.h
[1.830s] -- Up-to-date symlink: /home/vvoxel/ros2_ws_mgr/install/ros_gz_interfaces/include/ros_gz_interfaces/ros_gz_interfaces/msg/world_reset.h
[1.830s] -- Up-to-date symlink: /home/vvoxel/ros2_ws_mgr/install/ros_gz_interfaces/include/ros_gz_interfaces/ros_gz_interfaces/srv/control_world.h
[1.831s] -- Up-to-date symlink: /home/vvoxel/ros2_ws_mgr/install/ros_gz_interfaces/include/ros_gz_interfaces/ros_gz_interfaces/srv/delete_entity.h
[1.831s] -- Up-to-date symlink: /home/vvoxel/ros2_ws_mgr/install/ros_gz_interfaces/include/ros_gz_interfaces/ros_gz_interfaces/srv/detail/control_world__functions.h
[1.831s] -- Up-to-date symlink: /home/vvoxel/ros2_ws_mgr/install/ros_gz_interfaces/include/ros_gz_interfaces/ros_gz_interfaces/srv/detail/control_world__struct.h
[1.831s] -- Up-to-date symlink: /home/vvoxel/ros2_ws_mgr/install/ros_gz_interfaces/include/ros_gz_interfaces/ros_gz_interfaces/srv/detail/control_world__type_support.h
[1.831s] -- Up-to-date symlink: /home/vvoxel/ros2_ws_mgr/install/ros_gz_interfaces/include/ros_gz_interfaces/ros_gz_interfaces/srv/detail/delete_entity__functions.h
[1.833s] -- Up-to-date symlink: /home/vvoxel/ros2_ws_mgr/install/ros_gz_interfaces/include/ros_gz_interfaces/ros_gz_interfaces/srv/detail/delete_entity__struct.h
[1.833s] -- Up-to-date symlink: /home/vvoxel/ros2_ws_mgr/install/ros_gz_interfaces/include/ros_gz_interfaces/ros_gz_interfaces/srv/detail/delete_entity__type_support.h
[1.833s] -- Up-to-date symlink: /home/vvoxel/ros2_ws_mgr/install/ros_gz_interfaces/include/ros_gz_interfaces/ros_gz_interfaces/srv/detail/set_entity_pose__functions.h
[1.834s] -- Up-to-date symlink: /home/vvoxel/ros2_ws_mgr/install/ros_gz_interfaces/include/ros_gz_interfaces/ros_gz_interfaces/srv/detail/set_entity_pose__struct.h
[1.834s] -- Up-to-date symlink: /home/vvoxel/ros2_ws_mgr/install/ros_gz_interfaces/include/ros_gz_interfaces/ros_gz_interfaces/srv/detail/set_entity_pose__type_support.h
[1.834s] -- Up-to-date symlink: /home/vvoxel/ros2_ws_mgr/install/ros_gz_interfaces/include/ros_gz_interfaces/ros_gz_interfaces/srv/detail/spawn_entity__functions.h
[1.834s] -- Up-to-date symlink: /home/vvoxel/ros2_ws_mgr/install/ros_gz_interfaces/include/ros_gz_interfaces/ros_gz_interfaces/srv/detail/spawn_entity__struct.h
[1.834s] -- Up-to-date symlink: /home/vvoxel/ros2_ws_mgr/install/ros_gz_interfaces/include/ros_gz_interfaces/ros_gz_interfaces/srv/detail/spawn_entity__type_support.h
[1.834s] -- Up-to-date symlink: /home/vvoxel/ros2_ws_mgr/install/ros_gz_interfaces/include/ros_gz_interfaces/ros_gz_interfaces/srv/set_entity_pose.h
[1.835s] -- Up-to-date symlink: /home/vvoxel/ros2_ws_mgr/install/ros_gz_interfaces/include/ros_gz_interfaces/ros_gz_interfaces/srv/spawn_entity.h
[1.835s] -- Up-to-date symlink: /home/vvoxel/ros2_ws_mgr/install/ros_gz_interfaces/share/ros_gz_interfaces/environment/library_path.sh
[1.835s] -- Up-to-date symlink: /home/vvoxel/ros2_ws_mgr/install/ros_gz_interfaces/share/ros_gz_interfaces/environment/library_path.dsv
[1.835s] -- Up-to-date symlink: /home/vvoxel/ros2_ws_mgr/install/ros_gz_interfaces/include/ros_gz_interfaces/ros_gz_interfaces/msg/detail/altimeter__rosidl_typesupport_fastrtps_c.h
[1.835s] -- Up-to-date symlink: /home/vvoxel/ros2_ws_mgr/install/ros_gz_interfaces/include/ros_gz_interfaces/ros_gz_interfaces/msg/detail/contact__rosidl_typesupport_fastrtps_c.h
[1.835s] -- Up-to-date symlink: /home/vvoxel/ros2_ws_mgr/install/ros_gz_interfaces/include/ros_gz_interfaces/ros_gz_interfaces/msg/detail/contacts__rosidl_typesupport_fastrtps_c.h
[1.835s] -- Up-to-date symlink: /home/vvoxel/ros2_ws_mgr/install/ros_gz_interfaces/include/ros_gz_interfaces/ros_gz_interfaces/msg/detail/dataframe__rosidl_typesupport_fastrtps_c.h
[1.836s] -- Up-to-date symlink: /home/vvoxel/ros2_ws_mgr/install/ros_gz_interfaces/include/ros_gz_interfaces/ros_gz_interfaces/msg/detail/entity__rosidl_typesupport_fastrtps_c.h
[1.836s] -- Up-to-date symlink: /home/vvoxel/ros2_ws_mgr/install/ros_gz_interfaces/include/ros_gz_interfaces/ros_gz_interfaces/msg/detail/entity_factory__rosidl_typesupport_fastrtps_c.h
[1.836s] -- Up-to-date symlink: /home/vvoxel/ros2_ws_mgr/install/ros_gz_interfaces/include/ros_gz_interfaces/ros_gz_interfaces/msg/detail/entity_wrench__rosidl_typesupport_fastrtps_c.h
[1.836s] -- Up-to-date symlink: /home/vvoxel/ros2_ws_mgr/install/ros_gz_interfaces/include/ros_gz_interfaces/ros_gz_interfaces/msg/detail/float32_array__rosidl_typesupport_fastrtps_c.h
[1.836s] -- Up-to-date symlink: /home/vvoxel/ros2_ws_mgr/install/ros_gz_interfaces/include/ros_gz_interfaces/ros_gz_interfaces/msg/detail/gui_camera__rosidl_typesupport_fastrtps_c.h
[1.836s] -- Up-to-date symlink: /home/vvoxel/ros2_ws_mgr/install/ros_gz_interfaces/include/ros_gz_interfaces/ros_gz_interfaces/msg/detail/joint_wrench__rosidl_typesupport_fastrtps_c.h
[1.836s] -- Up-to-date symlink: /home/vvoxel/ros2_ws_mgr/install/ros_gz_interfaces/include/ros_gz_interfaces/ros_gz_interfaces/msg/detail/light__rosidl_typesupport_fastrtps_c.h
[1.837s] -- Up-to-date symlink: /home/vvoxel/ros2_ws_mgr/install/ros_gz_interfaces/include/ros_gz_interfaces/ros_gz_interfaces/msg/detail/logical_camera_image__rosidl_typesupport_fastrtps_c.h
[1.837s] -- Up-to-date symlink: /home/vvoxel/ros2_ws_mgr/install/ros_gz_interfaces/include/ros_gz_interfaces/ros_gz_interfaces/msg/detail/logical_camera_image_model__rosidl_typesupport_fastrtps_c.h
[1.837s] -- Up-to-date symlink: /home/vvoxel/ros2_ws_mgr/install/ros_gz_interfaces/include/ros_gz_interfaces/ros_gz_interfaces/msg/detail/material_color__rosidl_typesupport_fastrtps_c.h
[1.837s] -- Up-to-date symlink: /home/vvoxel/ros2_ws_mgr/install/ros_gz_interfaces/include/ros_gz_interfaces/ros_gz_interfaces/msg/detail/param_vec__rosidl_typesupport_fastrtps_c.h
[1.838s] -- Up-to-date symlink: /home/vvoxel/ros2_ws_mgr/install/ros_gz_interfaces/include/ros_gz_interfaces/ros_gz_interfaces/msg/detail/sensor_noise__rosidl_typesupport_fastrtps_c.h
[1.838s] -- Up-to-date symlink: /home/vvoxel/ros2_ws_mgr/install/ros_gz_interfaces/include/ros_gz_interfaces/ros_gz_interfaces/msg/detail/string_vec__rosidl_typesupport_fastrtps_c.h
[1.838s] -- Up-to-date symlink: /home/vvoxel/ros2_ws_mgr/install/ros_gz_interfaces/include/ros_gz_interfaces/ros_gz_interfaces/msg/detail/track_visual__rosidl_typesupport_fastrtps_c.h
[1.838s] -- Up-to-date symlink: /home/vvoxel/ros2_ws_mgr/install/ros_gz_interfaces/include/ros_gz_interfaces/ros_gz_interfaces/msg/detail/video_record__rosidl_typesupport_fastrtps_c.h
[1.838s] -- Up-to-date symlink: /home/vvoxel/ros2_ws_mgr/install/ros_gz_interfaces/include/ros_gz_interfaces/ros_gz_interfaces/msg/detail/world_control__rosidl_typesupport_fastrtps_c.h
[1.839s] -- Up-to-date symlink: /home/vvoxel/ros2_ws_mgr/install/ros_gz_interfaces/include/ros_gz_interfaces/ros_gz_interfaces/msg/detail/world_reset__rosidl_typesupport_fastrtps_c.h
[1.839s] -- Up-to-date symlink: /home/vvoxel/ros2_ws_mgr/install/ros_gz_interfaces/include/ros_gz_interfaces/ros_gz_interfaces/msg/rosidl_typesupport_fastrtps_c__visibility_control.h
[1.839s] -- Up-to-date symlink: /home/vvoxel/ros2_ws_mgr/install/ros_gz_interfaces/include/ros_gz_interfaces/ros_gz_interfaces/srv/detail/control_world__rosidl_typesupport_fastrtps_c.h
[1.839s] -- Up-to-date symlink: /home/vvoxel/ros2_ws_mgr/install/ros_gz_interfaces/include/ros_gz_interfaces/ros_gz_interfaces/srv/detail/delete_entity__rosidl_typesupport_fastrtps_c.h
[1.839s] -- Up-to-date symlink: /home/vvoxel/ros2_ws_mgr/install/ros_gz_interfaces/include/ros_gz_interfaces/ros_gz_interfaces/srv/detail/set_entity_pose__rosidl_typesupport_fastrtps_c.h
[1.840s] -- Up-to-date symlink: /home/vvoxel/ros2_ws_mgr/install/ros_gz_interfaces/include/ros_gz_interfaces/ros_gz_interfaces/srv/detail/spawn_entity__rosidl_typesupport_fastrtps_c.h
[1.840s] -- Up-to-date symlink: /home/vvoxel/ros2_ws_mgr/install/ros_gz_interfaces/include/ros_gz_interfaces/ros_gz_interfaces/msg/altimeter.hpp
[1.840s] -- Up-to-date symlink: /home/vvoxel/ros2_ws_mgr/install/ros_gz_interfaces/include/ros_gz_interfaces/ros_gz_interfaces/msg/contact.hpp
[1.840s] -- Up-to-date symlink: /home/vvoxel/ros2_ws_mgr/install/ros_gz_interfaces/include/ros_gz_interfaces/ros_gz_interfaces/msg/contacts.hpp
[1.841s] -- Up-to-date symlink: /home/vvoxel/ros2_ws_mgr/install/ros_gz_interfaces/include/ros_gz_interfaces/ros_gz_interfaces/msg/dataframe.hpp
[1.841s] -- Up-to-date symlink: /home/vvoxel/ros2_ws_mgr/install/ros_gz_interfaces/include/ros_gz_interfaces/ros_gz_interfaces/msg/detail/altimeter__builder.hpp
[1.841s] -- Up-to-date symlink: /home/vvoxel/ros2_ws_mgr/install/ros_gz_interfaces/include/ros_gz_interfaces/ros_gz_interfaces/msg/detail/altimeter__struct.hpp
[1.841s] -- Up-to-date symlink: /home/vvoxel/ros2_ws_mgr/install/ros_gz_interfaces/include/ros_gz_interfaces/ros_gz_interfaces/msg/detail/altimeter__traits.hpp
[1.841s] -- Up-to-date symlink: /home/vvoxel/ros2_ws_mgr/install/ros_gz_interfaces/include/ros_gz_interfaces/ros_gz_interfaces/msg/detail/altimeter__type_support.hpp
[1.841s] -- Up-to-date symlink: /home/vvoxel/ros2_ws_mgr/install/ros_gz_interfaces/include/ros_gz_interfaces/ros_gz_interfaces/msg/detail/contact__builder.hpp
[1.842s] -- Up-to-date symlink: /home/vvoxel/ros2_ws_mgr/install/ros_gz_interfaces/include/ros_gz_interfaces/ros_gz_interfaces/msg/detail/contact__struct.hpp
[1.842s] -- Up-to-date symlink: /home/vvoxel/ros2_ws_mgr/install/ros_gz_interfaces/include/ros_gz_interfaces/ros_gz_interfaces/msg/detail/contact__traits.hpp
[1.842s] -- Up-to-date symlink: /home/vvoxel/ros2_ws_mgr/install/ros_gz_interfaces/include/ros_gz_interfaces/ros_gz_interfaces/msg/detail/contact__type_support.hpp
[1.842s] -- Up-to-date symlink: /home/vvoxel/ros2_ws_mgr/install/ros_gz_interfaces/include/ros_gz_interfaces/ros_gz_interfaces/msg/detail/contacts__builder.hpp
[1.843s] -- Up-to-date symlink: /home/vvoxel/ros2_ws_mgr/install/ros_gz_interfaces/include/ros_gz_interfaces/ros_gz_interfaces/msg/detail/contacts__struct.hpp
[1.843s] -- Up-to-date symlink: /home/vvoxel/ros2_ws_mgr/install/ros_gz_interfaces/include/ros_gz_interfaces/ros_gz_interfaces/msg/detail/contacts__traits.hpp
[1.843s] -- Up-to-date symlink: /home/vvoxel/ros2_ws_mgr/install/ros_gz_interfaces/include/ros_gz_interfaces/ros_gz_interfaces/msg/detail/contacts__type_support.hpp
[1.843s] -- Up-to-date symlink: /home/vvoxel/ros2_ws_mgr/install/ros_gz_interfaces/include/ros_gz_interfaces/ros_gz_interfaces/msg/detail/dataframe__builder.hpp
[1.843s] -- Up-to-date symlink: /home/vvoxel/ros2_ws_mgr/install/ros_gz_interfaces/include/ros_gz_interfaces/ros_gz_interfaces/msg/detail/dataframe__struct.hpp
[1.843s] -- Up-to-date symlink: /home/vvoxel/ros2_ws_mgr/install/ros_gz_interfaces/include/ros_gz_interfaces/ros_gz_interfaces/msg/detail/dataframe__traits.hpp
[1.845s] -- Up-to-date symlink: /home/vvoxel/ros2_ws_mgr/install/ros_gz_interfaces/include/ros_gz_interfaces/ros_gz_interfaces/msg/detail/dataframe__type_support.hpp
[1.845s] -- Up-to-date symlink: /home/vvoxel/ros2_ws_mgr/install/ros_gz_interfaces/include/ros_gz_interfaces/ros_gz_interfaces/msg/detail/entity__builder.hpp
[1.846s] -- Up-to-date symlink: /home/vvoxel/ros2_ws_mgr/install/ros_gz_interfaces/include/ros_gz_interfaces/ros_gz_interfaces/msg/detail/entity__struct.hpp
[1.846s] -- Up-to-date symlink: /home/vvoxel/ros2_ws_mgr/install/ros_gz_interfaces/include/ros_gz_interfaces/ros_gz_interfaces/msg/detail/entity__traits.hpp
[1.847s] -- Up-to-date symlink: /home/vvoxel/ros2_ws_mgr/install/ros_gz_interfaces/include/ros_gz_interfaces/ros_gz_interfaces/msg/detail/entity__type_support.hpp
[1.847s] -- Up-to-date symlink: /home/vvoxel/ros2_ws_mgr/install/ros_gz_interfaces/include/ros_gz_interfaces/ros_gz_interfaces/msg/detail/entity_factory__builder.hpp
[1.847s] -- Up-to-date symlink: /home/vvoxel/ros2_ws_mgr/install/ros_gz_interfaces/include/ros_gz_interfaces/ros_gz_interfaces/msg/detail/entity_factory__struct.hpp
[1.849s] -- Up-to-date symlink: /home/vvoxel/ros2_ws_mgr/install/ros_gz_interfaces/include/ros_gz_interfaces/ros_gz_interfaces/msg/detail/entity_factory__traits.hpp
[1.849s] -- Up-to-date symlink: /home/vvoxel/ros2_ws_mgr/install/ros_gz_interfaces/include/ros_gz_interfaces/ros_gz_interfaces/msg/detail/entity_factory__type_support.hpp
[1.850s] -- Up-to-date symlink: /home/vvoxel/ros2_ws_mgr/install/ros_gz_interfaces/include/ros_gz_interfaces/ros_gz_interfaces/msg/detail/entity_wrench__builder.hpp
[1.850s] -- Up-to-date symlink: /home/vvoxel/ros2_ws_mgr/install/ros_gz_interfaces/include/ros_gz_interfaces/ros_gz_interfaces/msg/detail/entity_wrench__struct.hpp
[1.850s] -- Up-to-date symlink: /home/vvoxel/ros2_ws_mgr/install/ros_gz_interfaces/include/ros_gz_interfaces/ros_gz_interfaces/msg/detail/entity_wrench__traits.hpp
[1.850s] -- Up-to-date symlink: /home/vvoxel/ros2_ws_mgr/install/ros_gz_interfaces/include/ros_gz_interfaces/ros_gz_interfaces/msg/detail/entity_wrench__type_support.hpp
[1.851s] -- Up-to-date symlink: /home/vvoxel/ros2_ws_mgr/install/ros_gz_interfaces/include/ros_gz_interfaces/ros_gz_interfaces/msg/detail/float32_array__builder.hpp
[1.851s] -- Up-to-date symlink: /home/vvoxel/ros2_ws_mgr/install/ros_gz_interfaces/include/ros_gz_interfaces/ros_gz_interfaces/msg/detail/float32_array__struct.hpp
[1.852s] -- Up-to-date symlink: /home/vvoxel/ros2_ws_mgr/install/ros_gz_interfaces/include/ros_gz_interfaces/ros_gz_interfaces/msg/detail/float32_array__traits.hpp
[1.852s] -- Up-to-date symlink: /home/vvoxel/ros2_ws_mgr/install/ros_gz_interfaces/include/ros_gz_interfaces/ros_gz_interfaces/msg/detail/float32_array__type_support.hpp
[1.852s] -- Up-to-date symlink: /home/vvoxel/ros2_ws_mgr/install/ros_gz_interfaces/include/ros_gz_interfaces/ros_gz_interfaces/msg/detail/gui_camera__builder.hpp
[1.853s] -- Up-to-date symlink: /home/vvoxel/ros2_ws_mgr/install/ros_gz_interfaces/include/ros_gz_interfaces/ros_gz_interfaces/msg/detail/gui_camera__struct.hpp
[1.853s] -- Up-to-date symlink: /home/vvoxel/ros2_ws_mgr/install/ros_gz_interfaces/include/ros_gz_interfaces/ros_gz_interfaces/msg/detail/gui_camera__traits.hpp
[1.853s] -- Up-to-date symlink: /home/vvoxel/ros2_ws_mgr/install/ros_gz_interfaces/include/ros_gz_interfaces/ros_gz_interfaces/msg/detail/gui_camera__type_support.hpp
[1.854s] -- Up-to-date symlink: /home/vvoxel/ros2_ws_mgr/install/ros_gz_interfaces/include/ros_gz_interfaces/ros_gz_interfaces/msg/detail/joint_wrench__builder.hpp
[1.854s] -- Up-to-date symlink: /home/vvoxel/ros2_ws_mgr/install/ros_gz_interfaces/include/ros_gz_interfaces/ros_gz_interfaces/msg/detail/joint_wrench__struct.hpp
[1.854s] -- Up-to-date symlink: /home/vvoxel/ros2_ws_mgr/install/ros_gz_interfaces/include/ros_gz_interfaces/ros_gz_interfaces/msg/detail/joint_wrench__traits.hpp
[1.854s] -- Up-to-date symlink: /home/vvoxel/ros2_ws_mgr/install/ros_gz_interfaces/include/ros_gz_interfaces/ros_gz_interfaces/msg/detail/joint_wrench__type_support.hpp
[1.854s] -- Up-to-date symlink: /home/vvoxel/ros2_ws_mgr/install/ros_gz_interfaces/include/ros_gz_interfaces/ros_gz_interfaces/msg/detail/light__builder.hpp
[1.855s] -- Up-to-date symlink: /home/vvoxel/ros2_ws_mgr/install/ros_gz_interfaces/include/ros_gz_interfaces/ros_gz_interfaces/msg/detail/light__struct.hpp
[1.856s] -- Up-to-date symlink: /home/vvoxel/ros2_ws_mgr/install/ros_gz_interfaces/include/ros_gz_interfaces/ros_gz_interfaces/msg/detail/light__traits.hpp
[1.856s] -- Up-to-date symlink: /home/vvoxel/ros2_ws_mgr/install/ros_gz_interfaces/include/ros_gz_interfaces/ros_gz_interfaces/msg/detail/light__type_support.hpp
[1.856s] -- Up-to-date symlink: /home/vvoxel/ros2_ws_mgr/install/ros_gz_interfaces/include/ros_gz_interfaces/ros_gz_interfaces/msg/detail/logical_camera_image__builder.hpp
[1.856s] -- Up-to-date symlink: /home/vvoxel/ros2_ws_mgr/install/ros_gz_interfaces/include/ros_gz_interfaces/ros_gz_interfaces/msg/detail/logical_camera_image__struct.hpp
[1.856s] -- Up-to-date symlink: /home/vvoxel/ros2_ws_mgr/install/ros_gz_interfaces/include/ros_gz_interfaces/ros_gz_interfaces/msg/detail/logical_camera_image__traits.hpp
[1.857s] -- Up-to-date symlink: /home/vvoxel/ros2_ws_mgr/install/ros_gz_interfaces/include/ros_gz_interfaces/ros_gz_interfaces/msg/detail/logical_camera_image__type_support.hpp
[1.857s] -- Up-to-date symlink: /home/vvoxel/ros2_ws_mgr/install/ros_gz_interfaces/include/ros_gz_interfaces/ros_gz_interfaces/msg/detail/logical_camera_image_model__builder.hpp
[1.857s] -- Up-to-date symlink: /home/vvoxel/ros2_ws_mgr/install/ros_gz_interfaces/include/ros_gz_interfaces/ros_gz_interfaces/msg/detail/logical_camera_image_model__struct.hpp
[1.857s] -- Up-to-date symlink: /home/vvoxel/ros2_ws_mgr/install/ros_gz_interfaces/include/ros_gz_interfaces/ros_gz_interfaces/msg/detail/logical_camera_image_model__traits.hpp
[1.857s] -- Up-to-date symlink: /home/vvoxel/ros2_ws_mgr/install/ros_gz_interfaces/include/ros_gz_interfaces/ros_gz_interfaces/msg/detail/logical_camera_image_model__type_support.hpp
[1.858s] -- Up-to-date symlink: /home/vvoxel/ros2_ws_mgr/install/ros_gz_interfaces/include/ros_gz_interfaces/ros_gz_interfaces/msg/detail/material_color__builder.hpp
[1.858s] -- Up-to-date symlink: /home/vvoxel/ros2_ws_mgr/install/ros_gz_interfaces/include/ros_gz_interfaces/ros_gz_interfaces/msg/detail/material_color__struct.hpp
[1.858s] -- Up-to-date symlink: /home/vvoxel/ros2_ws_mgr/install/ros_gz_interfaces/include/ros_gz_interfaces/ros_gz_interfaces/msg/detail/material_color__traits.hpp
[1.858s] -- Up-to-date symlink: /home/vvoxel/ros2_ws_mgr/install/ros_gz_interfaces/include/ros_gz_interfaces/ros_gz_interfaces/msg/detail/material_color__type_support.hpp
[1.858s] -- Up-to-date symlink: /home/vvoxel/ros2_ws_mgr/install/ros_gz_interfaces/include/ros_gz_interfaces/ros_gz_interfaces/msg/detail/param_vec__builder.hpp
[1.858s] -- Up-to-date symlink: /home/vvoxel/ros2_ws_mgr/install/ros_gz_interfaces/include/ros_gz_interfaces/ros_gz_interfaces/msg/detail/param_vec__struct.hpp
[1.858s] -- Up-to-date symlink: /home/vvoxel/ros2_ws_mgr/install/ros_gz_interfaces/include/ros_gz_interfaces/ros_gz_interfaces/msg/detail/param_vec__traits.hpp
[1.859s] -- Up-to-date symlink: /home/vvoxel/ros2_ws_mgr/install/ros_gz_interfaces/include/ros_gz_interfaces/ros_gz_interfaces/msg/detail/param_vec__type_support.hpp
[1.859s] -- Up-to-date symlink: /home/vvoxel/ros2_ws_mgr/install/ros_gz_interfaces/include/ros_gz_interfaces/ros_gz_interfaces/msg/detail/sensor_noise__builder.hpp
[1.859s] -- Up-to-date symlink: /home/vvoxel/ros2_ws_mgr/install/ros_gz_interfaces/include/ros_gz_interfaces/ros_gz_interfaces/msg/detail/sensor_noise__struct.hpp
[1.859s] -- Up-to-date symlink: /home/vvoxel/ros2_ws_mgr/install/ros_gz_interfaces/include/ros_gz_interfaces/ros_gz_interfaces/msg/detail/sensor_noise__traits.hpp
[1.859s] -- Up-to-date symlink: /home/vvoxel/ros2_ws_mgr/install/ros_gz_interfaces/include/ros_gz_interfaces/ros_gz_interfaces/msg/detail/sensor_noise__type_support.hpp
[1.859s] -- Up-to-date symlink: /home/vvoxel/ros2_ws_mgr/install/ros_gz_interfaces/include/ros_gz_interfaces/ros_gz_interfaces/msg/detail/string_vec__builder.hpp
[1.860s] -- Up-to-date symlink: /home/vvoxel/ros2_ws_mgr/install/ros_gz_interfaces/include/ros_gz_interfaces/ros_gz_interfaces/msg/detail/string_vec__struct.hpp
[1.860s] -- Up-to-date symlink: /home/vvoxel/ros2_ws_mgr/install/ros_gz_interfaces/include/ros_gz_interfaces/ros_gz_interfaces/msg/detail/string_vec__traits.hpp
[1.860s] -- Up-to-date symlink: /home/vvoxel/ros2_ws_mgr/install/ros_gz_interfaces/include/ros_gz_interfaces/ros_gz_interfaces/msg/detail/string_vec__type_support.hpp
[1.860s] -- Up-to-date symlink: /home/vvoxel/ros2_ws_mgr/install/ros_gz_interfaces/include/ros_gz_interfaces/ros_gz_interfaces/msg/detail/track_visual__builder.hpp
[1.861s] -- Up-to-date symlink: /home/vvoxel/ros2_ws_mgr/install/ros_gz_interfaces/include/ros_gz_interfaces/ros_gz_interfaces/msg/detail/track_visual__struct.hpp
[1.861s] -- Up-to-date symlink: /home/vvoxel/ros2_ws_mgr/install/ros_gz_interfaces/include/ros_gz_interfaces/ros_gz_interfaces/msg/detail/track_visual__traits.hpp
[1.861s] -- Up-to-date symlink: /home/vvoxel/ros2_ws_mgr/install/ros_gz_interfaces/include/ros_gz_interfaces/ros_gz_interfaces/msg/detail/track_visual__type_support.hpp
[1.861s] -- Up-to-date symlink: /home/vvoxel/ros2_ws_mgr/install/ros_gz_interfaces/include/ros_gz_interfaces/ros_gz_interfaces/msg/detail/video_record__builder.hpp
[1.861s] -- Up-to-date symlink: /home/vvoxel/ros2_ws_mgr/install/ros_gz_interfaces/include/ros_gz_interfaces/ros_gz_interfaces/msg/detail/video_record__struct.hpp
[1.861s] -- Up-to-date symlink: /home/vvoxel/ros2_ws_mgr/install/ros_gz_interfaces/include/ros_gz_interfaces/ros_gz_interfaces/msg/detail/video_record__traits.hpp
[1.862s] -- Up-to-date symlink: /home/vvoxel/ros2_ws_mgr/install/ros_gz_interfaces/include/ros_gz_interfaces/ros_gz_interfaces/msg/detail/video_record__type_support.hpp
[1.862s] -- Up-to-date symlink: /home/vvoxel/ros2_ws_mgr/install/ros_gz_interfaces/include/ros_gz_interfaces/ros_gz_interfaces/msg/detail/world_control__builder.hpp
[1.862s] -- Up-to-date symlink: /home/vvoxel/ros2_ws_mgr/install/ros_gz_interfaces/include/ros_gz_interfaces/ros_gz_interfaces/msg/detail/world_control__struct.hpp
[1.862s] -- Up-to-date symlink: /home/vvoxel/ros2_ws_mgr/install/ros_gz_interfaces/include/ros_gz_interfaces/ros_gz_interfaces/msg/detail/world_control__traits.hpp
[1.862s] -- Up-to-date symlink: /home/vvoxel/ros2_ws_mgr/install/ros_gz_interfaces/include/ros_gz_interfaces/ros_gz_interfaces/msg/detail/world_control__type_support.hpp
[1.862s] -- Up-to-date symlink: /home/vvoxel/ros2_ws_mgr/install/ros_gz_interfaces/include/ros_gz_interfaces/ros_gz_interfaces/msg/detail/world_reset__builder.hpp
[1.863s] -- Up-to-date symlink: /home/vvoxel/ros2_ws_mgr/install/ros_gz_interfaces/include/ros_gz_interfaces/ros_gz_interfaces/msg/detail/world_reset__struct.hpp
[1.863s] -- Up-to-date symlink: /home/vvoxel/ros2_ws_mgr/install/ros_gz_interfaces/include/ros_gz_interfaces/ros_gz_interfaces/msg/detail/world_reset__traits.hpp
[1.863s] -- Up-to-date symlink: /home/vvoxel/ros2_ws_mgr/install/ros_gz_interfaces/include/ros_gz_interfaces/ros_gz_interfaces/msg/detail/world_reset__type_support.hpp
[1.863s] -- Up-to-date symlink: /home/vvoxel/ros2_ws_mgr/install/ros_gz_interfaces/include/ros_gz_interfaces/ros_gz_interfaces/msg/entity.hpp
[1.864s] -- Up-to-date symlink: /home/vvoxel/ros2_ws_mgr/install/ros_gz_interfaces/include/ros_gz_interfaces/ros_gz_interfaces/msg/entity_factory.hpp
[1.864s] -- Up-to-date symlink: /home/vvoxel/ros2_ws_mgr/install/ros_gz_interfaces/include/ros_gz_interfaces/ros_gz_interfaces/msg/entity_wrench.hpp
[1.864s] -- Up-to-date symlink: /home/vvoxel/ros2_ws_mgr/install/ros_gz_interfaces/include/ros_gz_interfaces/ros_gz_interfaces/msg/float32_array.hpp
[1.864s] -- Up-to-date symlink: /home/vvoxel/ros2_ws_mgr/install/ros_gz_interfaces/include/ros_gz_interfaces/ros_gz_interfaces/msg/gui_camera.hpp
[1.865s] -- Up-to-date symlink: /home/vvoxel/ros2_ws_mgr/install/ros_gz_interfaces/include/ros_gz_interfaces/ros_gz_interfaces/msg/joint_wrench.hpp
[1.865s] -- Up-to-date symlink: /home/vvoxel/ros2_ws_mgr/install/ros_gz_interfaces/include/ros_gz_interfaces/ros_gz_interfaces/msg/light.hpp
[1.865s] -- Up-to-date symlink: /home/vvoxel/ros2_ws_mgr/install/ros_gz_interfaces/include/ros_gz_interfaces/ros_gz_interfaces/msg/logical_camera_image.hpp
[1.865s] -- Up-to-date symlink: /home/vvoxel/ros2_ws_mgr/install/ros_gz_interfaces/include/ros_gz_interfaces/ros_gz_interfaces/msg/logical_camera_image_model.hpp
[1.866s] -- Up-to-date symlink: /home/vvoxel/ros2_ws_mgr/install/ros_gz_interfaces/include/ros_gz_interfaces/ros_gz_interfaces/msg/material_color.hpp
[1.866s] -- Up-to-date symlink: /home/vvoxel/ros2_ws_mgr/install/ros_gz_interfaces/include/ros_gz_interfaces/ros_gz_interfaces/msg/param_vec.hpp
[1.866s] -- Up-to-date symlink: /home/vvoxel/ros2_ws_mgr/install/ros_gz_interfaces/include/ros_gz_interfaces/ros_gz_interfaces/msg/rosidl_generator_cpp__visibility_control.hpp
[1.866s] -- Up-to-date symlink: /home/vvoxel/ros2_ws_mgr/install/ros_gz_interfaces/include/ros_gz_interfaces/ros_gz_interfaces/msg/sensor_noise.hpp
[1.866s] -- Up-to-date symlink: /home/vvoxel/ros2_ws_mgr/install/ros_gz_interfaces/include/ros_gz_interfaces/ros_gz_interfaces/msg/string_vec.hpp
[1.866s] -- Up-to-date symlink: /home/vvoxel/ros2_ws_mgr/install/ros_gz_interfaces/include/ros_gz_interfaces/ros_gz_interfaces/msg/track_visual.hpp
[1.867s] -- Up-to-date symlink: /home/vvoxel/ros2_ws_mgr/install/ros_gz_interfaces/include/ros_gz_interfaces/ros_gz_interfaces/msg/video_record.hpp
[1.867s] -- Up-to-date symlink: /home/vvoxel/ros2_ws_mgr/install/ros_gz_interfaces/include/ros_gz_interfaces/ros_gz_interfaces/msg/world_control.hpp
[1.867s] -- Up-to-date symlink: /home/vvoxel/ros2_ws_mgr/install/ros_gz_interfaces/include/ros_gz_interfaces/ros_gz_interfaces/msg/world_reset.hpp
[1.867s] -- Up-to-date symlink: /home/vvoxel/ros2_ws_mgr/install/ros_gz_interfaces/include/ros_gz_interfaces/ros_gz_interfaces/srv/control_world.hpp
[1.867s] -- Up-to-date symlink: /home/vvoxel/ros2_ws_mgr/install/ros_gz_interfaces/include/ros_gz_interfaces/ros_gz_interfaces/srv/delete_entity.hpp
[1.868s] -- Up-to-date symlink: /home/vvoxel/ros2_ws_mgr/install/ros_gz_interfaces/include/ros_gz_interfaces/ros_gz_interfaces/srv/detail/control_world__builder.hpp
[1.868s] -- Up-to-date symlink: /home/vvoxel/ros2_ws_mgr/install/ros_gz_interfaces/include/ros_gz_interfaces/ros_gz_interfaces/srv/detail/control_world__struct.hpp
[1.868s] -- Up-to-date symlink: /home/vvoxel/ros2_ws_mgr/install/ros_gz_interfaces/include/ros_gz_interfaces/ros_gz_interfaces/srv/detail/control_world__traits.hpp
[1.868s] -- Up-to-date symlink: /home/vvoxel/ros2_ws_mgr/install/ros_gz_interfaces/include/ros_gz_interfaces/ros_gz_interfaces/srv/detail/control_world__type_support.hpp
[1.868s] -- Up-to-date symlink: /home/vvoxel/ros2_ws_mgr/install/ros_gz_interfaces/include/ros_gz_interfaces/ros_gz_interfaces/srv/detail/delete_entity__builder.hpp
[1.869s] -- Up-to-date symlink: /home/vvoxel/ros2_ws_mgr/install/ros_gz_interfaces/include/ros_gz_interfaces/ros_gz_interfaces/srv/detail/delete_entity__struct.hpp
[1.869s] -- Up-to-date symlink: /home/vvoxel/ros2_ws_mgr/install/ros_gz_interfaces/include/ros_gz_interfaces/ros_gz_interfaces/srv/detail/delete_entity__traits.hpp
[1.869s] -- Up-to-date symlink: /home/vvoxel/ros2_ws_mgr/install/ros_gz_interfaces/include/ros_gz_interfaces/ros_gz_interfaces/srv/detail/delete_entity__type_support.hpp
[1.869s] -- Up-to-date symlink: /home/vvoxel/ros2_ws_mgr/install/ros_gz_interfaces/include/ros_gz_interfaces/ros_gz_interfaces/srv/detail/set_entity_pose__builder.hpp
[1.870s] -- Up-to-date symlink: /home/vvoxel/ros2_ws_mgr/install/ros_gz_interfaces/include/ros_gz_interfaces/ros_gz_interfaces/srv/detail/set_entity_pose__struct.hpp
[1.870s] -- Up-to-date symlink: /home/vvoxel/ros2_ws_mgr/install/ros_gz_interfaces/include/ros_gz_interfaces/ros_gz_interfaces/srv/detail/set_entity_pose__traits.hpp
[1.870s] -- Up-to-date symlink: /home/vvoxel/ros2_ws_mgr/install/ros_gz_interfaces/include/ros_gz_interfaces/ros_gz_interfaces/srv/detail/set_entity_pose__type_support.hpp
[1.870s] -- Up-to-date symlink: /home/vvoxel/ros2_ws_mgr/install/ros_gz_interfaces/include/ros_gz_interfaces/ros_gz_interfaces/srv/detail/spawn_entity__builder.hpp
[1.870s] -- Up-to-date symlink: /home/vvoxel/ros2_ws_mgr/install/ros_gz_interfaces/include/ros_gz_interfaces/ros_gz_interfaces/srv/detail/spawn_entity__struct.hpp
[1.871s] -- Up-to-date symlink: /home/vvoxel/ros2_ws_mgr/install/ros_gz_interfaces/include/ros_gz_interfaces/ros_gz_interfaces/srv/detail/spawn_entity__traits.hpp
[1.871s] -- Up-to-date symlink: /home/vvoxel/ros2_ws_mgr/install/ros_gz_interfaces/include/ros_gz_interfaces/ros_gz_interfaces/srv/detail/spawn_entity__type_support.hpp
[1.871s] -- Up-to-date symlink: /home/vvoxel/ros2_ws_mgr/install/ros_gz_interfaces/include/ros_gz_interfaces/ros_gz_interfaces/srv/set_entity_pose.hpp
[1.871s] -- Up-to-date symlink: /home/vvoxel/ros2_ws_mgr/install/ros_gz_interfaces/include/ros_gz_interfaces/ros_gz_interfaces/srv/spawn_entity.hpp
[1.871s] -- Up-to-date symlink: /home/vvoxel/ros2_ws_mgr/install/ros_gz_interfaces/include/ros_gz_interfaces/ros_gz_interfaces/msg/detail/altimeter__rosidl_typesupport_fastrtps_cpp.hpp
[1.872s] -- Up-to-date symlink: /home/vvoxel/ros2_ws_mgr/install/ros_gz_interfaces/include/ros_gz_interfaces/ros_gz_interfaces/msg/detail/contact__rosidl_typesupport_fastrtps_cpp.hpp
[1.872s] -- Up-to-date symlink: /home/vvoxel/ros2_ws_mgr/install/ros_gz_interfaces/include/ros_gz_interfaces/ros_gz_interfaces/msg/detail/contacts__rosidl_typesupport_fastrtps_cpp.hpp
[1.872s] -- Up-to-date symlink: /home/vvoxel/ros2_ws_mgr/install/ros_gz_interfaces/include/ros_gz_interfaces/ros_gz_interfaces/msg/detail/dataframe__rosidl_typesupport_fastrtps_cpp.hpp
[1.872s] -- Up-to-date symlink: /home/vvoxel/ros2_ws_mgr/install/ros_gz_interfaces/include/ros_gz_interfaces/ros_gz_interfaces/msg/detail/entity__rosidl_typesupport_fastrtps_cpp.hpp
[1.872s] -- Up-to-date symlink: /home/vvoxel/ros2_ws_mgr/install/ros_gz_interfaces/include/ros_gz_interfaces/ros_gz_interfaces/msg/detail/entity_factory__rosidl_typesupport_fastrtps_cpp.hpp
[1.872s] -- Up-to-date symlink: /home/vvoxel/ros2_ws_mgr/install/ros_gz_interfaces/include/ros_gz_interfaces/ros_gz_interfaces/msg/detail/entity_wrench__rosidl_typesupport_fastrtps_cpp.hpp
[1.872s] -- Up-to-date symlink: /home/vvoxel/ros2_ws_mgr/install/ros_gz_interfaces/include/ros_gz_interfaces/ros_gz_interfaces/msg/detail/float32_array__rosidl_typesupport_fastrtps_cpp.hpp
[1.873s] -- Up-to-date symlink: /home/vvoxel/ros2_ws_mgr/install/ros_gz_interfaces/include/ros_gz_interfaces/ros_gz_interfaces/msg/detail/gui_camera__rosidl_typesupport_fastrtps_cpp.hpp
[1.873s] -- Up-to-date symlink: /home/vvoxel/ros2_ws_mgr/install/ros_gz_interfaces/include/ros_gz_interfaces/ros_gz_interfaces/msg/detail/joint_wrench__rosidl_typesupport_fastrtps_cpp.hpp
[1.873s] -- Up-to-date symlink: /home/vvoxel/ros2_ws_mgr/install/ros_gz_interfaces/include/ros_gz_interfaces/ros_gz_interfaces/msg/detail/light__rosidl_typesupport_fastrtps_cpp.hpp
[1.873s] -- Up-to-date symlink: /home/vvoxel/ros2_ws_mgr/install/ros_gz_interfaces/include/ros_gz_interfaces/ros_gz_interfaces/msg/detail/logical_camera_image__rosidl_typesupport_fastrtps_cpp.hpp
[1.873s] -- Up-to-date symlink: /home/vvoxel/ros2_ws_mgr/install/ros_gz_interfaces/include/ros_gz_interfaces/ros_gz_interfaces/msg/detail/logical_camera_image_model__rosidl_typesupport_fastrtps_cpp.hpp
[1.873s] -- Up-to-date symlink: /home/vvoxel/ros2_ws_mgr/install/ros_gz_interfaces/include/ros_gz_interfaces/ros_gz_interfaces/msg/detail/material_color__rosidl_typesupport_fastrtps_cpp.hpp
[1.874s] -- Up-to-date symlink: /home/vvoxel/ros2_ws_mgr/install/ros_gz_interfaces/include/ros_gz_interfaces/ros_gz_interfaces/msg/detail/param_vec__rosidl_typesupport_fastrtps_cpp.hpp
[1.874s] -- Up-to-date symlink: /home/vvoxel/ros2_ws_mgr/install/ros_gz_interfaces/include/ros_gz_interfaces/ros_gz_interfaces/msg/detail/sensor_noise__rosidl_typesupport_fastrtps_cpp.hpp
[1.874s] -- Up-to-date symlink: /home/vvoxel/ros2_ws_mgr/install/ros_gz_interfaces/include/ros_gz_interfaces/ros_gz_interfaces/msg/detail/string_vec__rosidl_typesupport_fastrtps_cpp.hpp
[1.874s] -- Up-to-date symlink: /home/vvoxel/ros2_ws_mgr/install/ros_gz_interfaces/include/ros_gz_interfaces/ros_gz_interfaces/msg/detail/track_visual__rosidl_typesupport_fastrtps_cpp.hpp
[1.874s] -- Up-to-date symlink: /home/vvoxel/ros2_ws_mgr/install/ros_gz_interfaces/include/ros_gz_interfaces/ros_gz_interfaces/msg/detail/video_record__rosidl_typesupport_fastrtps_cpp.hpp
[1.874s] -- Up-to-date symlink: /home/vvoxel/ros2_ws_mgr/install/ros_gz_interfaces/include/ros_gz_interfaces/ros_gz_interfaces/msg/detail/world_control__rosidl_typesupport_fastrtps_cpp.hpp
[1.875s] -- Up-to-date symlink: /home/vvoxel/ros2_ws_mgr/install/ros_gz_interfaces/include/ros_gz_interfaces/ros_gz_interfaces/msg/detail/world_reset__rosidl_typesupport_fastrtps_cpp.hpp
[1.875s] -- Up-to-date symlink: /home/vvoxel/ros2_ws_mgr/install/ros_gz_interfaces/include/ros_gz_interfaces/ros_gz_interfaces/msg/rosidl_typesupport_fastrtps_cpp__visibility_control.h
[1.875s] -- Up-to-date symlink: /home/vvoxel/ros2_ws_mgr/install/ros_gz_interfaces/include/ros_gz_interfaces/ros_gz_interfaces/srv/detail/control_world__rosidl_typesupport_fastrtps_cpp.hpp
[1.875s] -- Up-to-date symlink: /home/vvoxel/ros2_ws_mgr/install/ros_gz_interfaces/include/ros_gz_interfaces/ros_gz_interfaces/srv/detail/delete_entity__rosidl_typesupport_fastrtps_cpp.hpp
[1.876s] -- Up-to-date symlink: /home/vvoxel/ros2_ws_mgr/install/ros_gz_interfaces/include/ros_gz_interfaces/ros_gz_interfaces/srv/detail/set_entity_pose__rosidl_typesupport_fastrtps_cpp.hpp
[1.876s] -- Up-to-date symlink: /home/vvoxel/ros2_ws_mgr/install/ros_gz_interfaces/include/ros_gz_interfaces/ros_gz_interfaces/srv/detail/spawn_entity__rosidl_typesupport_fastrtps_cpp.hpp
[1.876s] -- Up-to-date symlink: /home/vvoxel/ros2_ws_mgr/install/ros_gz_interfaces/include/ros_gz_interfaces/ros_gz_interfaces/msg/detail/altimeter__rosidl_typesupport_introspection_c.h
[1.876s] -- Up-to-date symlink: /home/vvoxel/ros2_ws_mgr/install/ros_gz_interfaces/include/ros_gz_interfaces/ros_gz_interfaces/msg/detail/contact__rosidl_typesupport_introspection_c.h
[1.876s] -- Up-to-date symlink: /home/vvoxel/ros2_ws_mgr/install/ros_gz_interfaces/include/ros_gz_interfaces/ros_gz_interfaces/msg/detail/contacts__rosidl_typesupport_introspection_c.h
[1.877s] -- Up-to-date symlink: /home/vvoxel/ros2_ws_mgr/install/ros_gz_interfaces/include/ros_gz_interfaces/ros_gz_interfaces/msg/detail/dataframe__rosidl_typesupport_introspection_c.h
[1.877s] -- Up-to-date symlink: /home/vvoxel/ros2_ws_mgr/install/ros_gz_interfaces/include/ros_gz_interfaces/ros_gz_interfaces/msg/detail/entity__rosidl_typesupport_introspection_c.h
[1.877s] -- Up-to-date symlink: /home/vvoxel/ros2_ws_mgr/install/ros_gz_interfaces/include/ros_gz_interfaces/ros_gz_interfaces/msg/detail/entity_factory__rosidl_typesupport_introspection_c.h
[1.877s] -- Up-to-date symlink: /home/vvoxel/ros2_ws_mgr/install/ros_gz_interfaces/include/ros_gz_interfaces/ros_gz_interfaces/msg/detail/entity_wrench__rosidl_typesupport_introspection_c.h
[1.877s] -- Up-to-date symlink: /home/vvoxel/ros2_ws_mgr/install/ros_gz_interfaces/include/ros_gz_interfaces/ros_gz_interfaces/msg/detail/float32_array__rosidl_typesupport_introspection_c.h
[1.878s] -- Up-to-date symlink: /home/vvoxel/ros2_ws_mgr/install/ros_gz_interfaces/include/ros_gz_interfaces/ros_gz_interfaces/msg/detail/gui_camera__rosidl_typesupport_introspection_c.h
[1.878s] -- Up-to-date symlink: /home/vvoxel/ros2_ws_mgr/install/ros_gz_interfaces/include/ros_gz_interfaces/ros_gz_interfaces/msg/detail/joint_wrench__rosidl_typesupport_introspection_c.h
[1.878s] -- Up-to-date symlink: /home/vvoxel/ros2_ws_mgr/install/ros_gz_interfaces/include/ros_gz_interfaces/ros_gz_interfaces/msg/detail/light__rosidl_typesupport_introspection_c.h
[1.878s] -- Up-to-date symlink: /home/vvoxel/ros2_ws_mgr/install/ros_gz_interfaces/include/ros_gz_interfaces/ros_gz_interfaces/msg/detail/logical_camera_image__rosidl_typesupport_introspection_c.h
[1.879s] -- Up-to-date symlink: /home/vvoxel/ros2_ws_mgr/install/ros_gz_interfaces/include/ros_gz_interfaces/ros_gz_interfaces/msg/detail/logical_camera_image_model__rosidl_typesupport_introspection_c.h
[1.879s] -- Up-to-date symlink: /home/vvoxel/ros2_ws_mgr/install/ros_gz_interfaces/include/ros_gz_interfaces/ros_gz_interfaces/msg/detail/material_color__rosidl_typesupport_introspection_c.h
[1.879s] -- Up-to-date symlink: /home/vvoxel/ros2_ws_mgr/install/ros_gz_interfaces/include/ros_gz_interfaces/ros_gz_interfaces/msg/detail/param_vec__rosidl_typesupport_introspection_c.h
[1.879s] -- Up-to-date symlink: /home/vvoxel/ros2_ws_mgr/install/ros_gz_interfaces/include/ros_gz_interfaces/ros_gz_interfaces/msg/detail/sensor_noise__rosidl_typesupport_introspection_c.h
[1.879s] -- Up-to-date symlink: /home/vvoxel/ros2_ws_mgr/install/ros_gz_interfaces/include/ros_gz_interfaces/ros_gz_interfaces/msg/detail/string_vec__rosidl_typesupport_introspection_c.h
[1.880s] -- Up-to-date symlink: /home/vvoxel/ros2_ws_mgr/install/ros_gz_interfaces/include/ros_gz_interfaces/ros_gz_interfaces/msg/detail/track_visual__rosidl_typesupport_introspection_c.h
[1.880s] -- Up-to-date symlink: /home/vvoxel/ros2_ws_mgr/install/ros_gz_interfaces/include/ros_gz_interfaces/ros_gz_interfaces/msg/detail/video_record__rosidl_typesupport_introspection_c.h
[1.880s] -- Up-to-date symlink: /home/vvoxel/ros2_ws_mgr/install/ros_gz_interfaces/include/ros_gz_interfaces/ros_gz_interfaces/msg/detail/world_control__rosidl_typesupport_introspection_c.h
[1.880s] -- Up-to-date symlink: /home/vvoxel/ros2_ws_mgr/install/ros_gz_interfaces/include/ros_gz_interfaces/ros_gz_interfaces/msg/detail/world_reset__rosidl_typesupport_introspection_c.h
[1.881s] -- Up-to-date symlink: /home/vvoxel/ros2_ws_mgr/install/ros_gz_interfaces/include/ros_gz_interfaces/ros_gz_interfaces/msg/rosidl_typesupport_introspection_c__visibility_control.h
[1.881s] -- Up-to-date symlink: /home/vvoxel/ros2_ws_mgr/install/ros_gz_interfaces/include/ros_gz_interfaces/ros_gz_interfaces/srv/detail/control_world__rosidl_typesupport_introspection_c.h
[1.881s] -- Up-to-date symlink: /home/vvoxel/ros2_ws_mgr/install/ros_gz_interfaces/include/ros_gz_interfaces/ros_gz_interfaces/srv/detail/delete_entity__rosidl_typesupport_introspection_c.h
[1.881s] -- Up-to-date symlink: /home/vvoxel/ros2_ws_mgr/install/ros_gz_interfaces/include/ros_gz_interfaces/ros_gz_interfaces/srv/detail/set_entity_pose__rosidl_typesupport_introspection_c.h
[1.881s] -- Up-to-date symlink: /home/vvoxel/ros2_ws_mgr/install/ros_gz_interfaces/include/ros_gz_interfaces/ros_gz_interfaces/srv/detail/spawn_entity__rosidl_typesupport_introspection_c.h
[1.882s] -- Up-to-date symlink: /home/vvoxel/ros2_ws_mgr/install/ros_gz_interfaces/include/ros_gz_interfaces/ros_gz_interfaces/msg/detail/altimeter__rosidl_typesupport_introspection_cpp.hpp
[1.882s] -- Up-to-date symlink: /home/vvoxel/ros2_ws_mgr/install/ros_gz_interfaces/include/ros_gz_interfaces/ros_gz_interfaces/msg/detail/contact__rosidl_typesupport_introspection_cpp.hpp
[1.882s] -- Up-to-date symlink: /home/vvoxel/ros2_ws_mgr/install/ros_gz_interfaces/include/ros_gz_interfaces/ros_gz_interfaces/msg/detail/contacts__rosidl_typesupport_introspection_cpp.hpp
[1.882s] -- Up-to-date symlink: /home/vvoxel/ros2_ws_mgr/install/ros_gz_interfaces/include/ros_gz_interfaces/ros_gz_interfaces/msg/detail/dataframe__rosidl_typesupport_introspection_cpp.hpp
[1.882s] -- Up-to-date symlink: /home/vvoxel/ros2_ws_mgr/install/ros_gz_interfaces/include/ros_gz_interfaces/ros_gz_interfaces/msg/detail/entity__rosidl_typesupport_introspection_cpp.hpp
[1.883s] -- Up-to-date symlink: /home/vvoxel/ros2_ws_mgr/install/ros_gz_interfaces/include/ros_gz_interfaces/ros_gz_interfaces/msg/detail/entity_factory__rosidl_typesupport_introspection_cpp.hpp
[1.883s] -- Up-to-date symlink: /home/vvoxel/ros2_ws_mgr/install/ros_gz_interfaces/include/ros_gz_interfaces/ros_gz_interfaces/msg/detail/entity_wrench__rosidl_typesupport_introspection_cpp.hpp
[1.883s] -- Up-to-date symlink: /home/vvoxel/ros2_ws_mgr/install/ros_gz_interfaces/include/ros_gz_interfaces/ros_gz_interfaces/msg/detail/float32_array__rosidl_typesupport_introspection_cpp.hpp
[1.883s] -- Up-to-date symlink: /home/vvoxel/ros2_ws_mgr/install/ros_gz_interfaces/include/ros_gz_interfaces/ros_gz_interfaces/msg/detail/gui_camera__rosidl_typesupport_introspection_cpp.hpp
[1.883s] -- Up-to-date symlink: /home/vvoxel/ros2_ws_mgr/install/ros_gz_interfaces/include/ros_gz_interfaces/ros_gz_interfaces/msg/detail/joint_wrench__rosidl_typesupport_introspection_cpp.hpp
[1.883s] -- Up-to-date symlink: /home/vvoxel/ros2_ws_mgr/install/ros_gz_interfaces/include/ros_gz_interfaces/ros_gz_interfaces/msg/detail/light__rosidl_typesupport_introspection_cpp.hpp
[1.884s] -- Up-to-date symlink: /home/vvoxel/ros2_ws_mgr/install/ros_gz_interfaces/include/ros_gz_interfaces/ros_gz_interfaces/msg/detail/logical_camera_image__rosidl_typesupport_introspection_cpp.hpp
[1.884s] -- Up-to-date symlink: /home/vvoxel/ros2_ws_mgr/install/ros_gz_interfaces/include/ros_gz_interfaces/ros_gz_interfaces/msg/detail/logical_camera_image_model__rosidl_typesupport_introspection_cpp.hpp
[1.884s] -- Up-to-date symlink: /home/vvoxel/ros2_ws_mgr/install/ros_gz_interfaces/include/ros_gz_interfaces/ros_gz_interfaces/msg/detail/material_color__rosidl_typesupport_introspection_cpp.hpp
[1.884s] -- Up-to-date symlink: /home/vvoxel/ros2_ws_mgr/install/ros_gz_interfaces/include/ros_gz_interfaces/ros_gz_interfaces/msg/detail/param_vec__rosidl_typesupport_introspection_cpp.hpp
[1.884s] -- Up-to-date symlink: /home/vvoxel/ros2_ws_mgr/install/ros_gz_interfaces/include/ros_gz_interfaces/ros_gz_interfaces/msg/detail/sensor_noise__rosidl_typesupport_introspection_cpp.hpp
[1.884s] -- Up-to-date symlink: /home/vvoxel/ros2_ws_mgr/install/ros_gz_interfaces/include/ros_gz_interfaces/ros_gz_interfaces/msg/detail/string_vec__rosidl_typesupport_introspection_cpp.hpp
[1.884s] -- Up-to-date symlink: /home/vvoxel/ros2_ws_mgr/install/ros_gz_interfaces/include/ros_gz_interfaces/ros_gz_interfaces/msg/detail/track_visual__rosidl_typesupport_introspection_cpp.hpp
[1.885s] -- Up-to-date symlink: /home/vvoxel/ros2_ws_mgr/install/ros_gz_interfaces/include/ros_gz_interfaces/ros_gz_interfaces/msg/detail/video_record__rosidl_typesupport_introspection_cpp.hpp
[1.885s] -- Up-to-date symlink: /home/vvoxel/ros2_ws_mgr/install/ros_gz_interfaces/include/ros_gz_interfaces/ros_gz_interfaces/msg/detail/world_control__rosidl_typesupport_introspection_cpp.hpp
[1.885s] -- Up-to-date symlink: /home/vvoxel/ros2_ws_mgr/install/ros_gz_interfaces/include/ros_gz_interfaces/ros_gz_interfaces/msg/detail/world_reset__rosidl_typesupport_introspection_cpp.hpp
[1.885s] -- Up-to-date symlink: /home/vvoxel/ros2_ws_mgr/install/ros_gz_interfaces/include/ros_gz_interfaces/ros_gz_interfaces/srv/detail/control_world__rosidl_typesupport_introspection_cpp.hpp
[1.885s] -- Up-to-date symlink: /home/vvoxel/ros2_ws_mgr/install/ros_gz_interfaces/include/ros_gz_interfaces/ros_gz_interfaces/srv/detail/delete_entity__rosidl_typesupport_introspection_cpp.hpp
[1.886s] -- Up-to-date symlink: /home/vvoxel/ros2_ws_mgr/install/ros_gz_interfaces/include/ros_gz_interfaces/ros_gz_interfaces/srv/detail/set_entity_pose__rosidl_typesupport_introspection_cpp.hpp
[1.886s] -- Up-to-date symlink: /home/vvoxel/ros2_ws_mgr/install/ros_gz_interfaces/include/ros_gz_interfaces/ros_gz_interfaces/srv/detail/spawn_entity__rosidl_typesupport_introspection_cpp.hpp
[1.886s] -- Up-to-date symlink: /home/vvoxel/ros2_ws_mgr/install/ros_gz_interfaces/share/ros_gz_interfaces/environment/pythonpath.sh
[1.886s] -- Up-to-date symlink: /home/vvoxel/ros2_ws_mgr/install/ros_gz_interfaces/share/ros_gz_interfaces/environment/pythonpath.dsv
[1.886s] -- Up-to-date symlink: /home/vvoxel/ros2_ws_mgr/install/ros_gz_interfaces/lib/python3.12/site-packages/ros_gz_interfaces-1.0.11-py3.12.egg-info/PKG-INFO
[1.886s] -- Up-to-date symlink: /home/vvoxel/ros2_ws_mgr/install/ros_gz_interfaces/lib/python3.12/site-packages/ros_gz_interfaces-1.0.11-py3.12.egg-info/SOURCES.txt
[1.886s] -- Up-to-date symlink: /home/vvoxel/ros2_ws_mgr/install/ros_gz_interfaces/lib/python3.12/site-packages/ros_gz_interfaces-1.0.11-py3.12.egg-info/dependency_links.txt
[1.887s] -- Up-to-date symlink: /home/vvoxel/ros2_ws_mgr/install/ros_gz_interfaces/lib/python3.12/site-packages/ros_gz_interfaces-1.0.11-py3.12.egg-info/top_level.txt
[1.887s] -- Up-to-date symlink: /home/vvoxel/ros2_ws_mgr/install/ros_gz_interfaces/lib/python3.12/site-packages/ros_gz_interfaces/__init__.py
[1.887s] -- Up-to-date symlink: /home/vvoxel/ros2_ws_mgr/install/ros_gz_interfaces/lib/python3.12/site-packages/ros_gz_interfaces/_ros_gz_interfaces_s.ep.rosidl_typesupport_c.c
[1.887s] -- Up-to-date symlink: /home/vvoxel/ros2_ws_mgr/install/ros_gz_interfaces/lib/python3.12/site-packages/ros_gz_interfaces/_ros_gz_interfaces_s.ep.rosidl_typesupport_fastrtps_c.c
[1.888s] -- Up-to-date symlink: /home/vvoxel/ros2_ws_mgr/install/ros_gz_interfaces/lib/python3.12/site-packages/ros_gz_interfaces/_ros_gz_interfaces_s.ep.rosidl_typesupport_introspection_c.c
[1.888s] -- Up-to-date symlink: /home/vvoxel/ros2_ws_mgr/install/ros_gz_interfaces/lib/python3.12/site-packages/ros_gz_interfaces/msg/__init__.py
[1.888s] -- Up-to-date symlink: /home/vvoxel/ros2_ws_mgr/install/ros_gz_interfaces/lib/python3.12/site-packages/ros_gz_interfaces/msg/_altimeter.py
[1.888s] -- Up-to-date symlink: /home/vvoxel/ros2_ws_mgr/install/ros_gz_interfaces/lib/python3.12/site-packages/ros_gz_interfaces/msg/_altimeter_s.c
[1.888s] -- Up-to-date symlink: /home/vvoxel/ros2_ws_mgr/install/ros_gz_interfaces/lib/python3.12/site-packages/ros_gz_interfaces/msg/_contact.py
[1.889s] -- Up-to-date symlink: /home/vvoxel/ros2_ws_mgr/install/ros_gz_interfaces/lib/python3.12/site-packages/ros_gz_interfaces/msg/_contact_s.c
[1.889s] -- Up-to-date symlink: /home/vvoxel/ros2_ws_mgr/install/ros_gz_interfaces/lib/python3.12/site-packages/ros_gz_interfaces/msg/_contacts.py
[1.889s] -- Up-to-date symlink: /home/vvoxel/ros2_ws_mgr/install/ros_gz_interfaces/lib/python3.12/site-packages/ros_gz_interfaces/msg/_contacts_s.c
[1.889s] -- Up-to-date symlink: /home/vvoxel/ros2_ws_mgr/install/ros_gz_interfaces/lib/python3.12/site-packages/ros_gz_interfaces/msg/_dataframe.py
[1.890s] -- Up-to-date symlink: /home/vvoxel/ros2_ws_mgr/install/ros_gz_interfaces/lib/python3.12/site-packages/ros_gz_interfaces/msg/_dataframe_s.c
[1.890s] -- Up-to-date symlink: /home/vvoxel/ros2_ws_mgr/install/ros_gz_interfaces/lib/python3.12/site-packages/ros_gz_interfaces/msg/_entity.py
[1.890s] -- Up-to-date symlink: /home/vvoxel/ros2_ws_mgr/install/ros_gz_interfaces/lib/python3.12/site-packages/ros_gz_interfaces/msg/_entity_factory.py
[1.890s] -- Up-to-date symlink: /home/vvoxel/ros2_ws_mgr/install/ros_gz_interfaces/lib/python3.12/site-packages/ros_gz_interfaces/msg/_entity_factory_s.c
[1.891s] -- Up-to-date symlink: /home/vvoxel/ros2_ws_mgr/install/ros_gz_interfaces/lib/python3.12/site-packages/ros_gz_interfaces/msg/_entity_s.c
[1.891s] -- Up-to-date symlink: /home/vvoxel/ros2_ws_mgr/install/ros_gz_interfaces/lib/python3.12/site-packages/ros_gz_interfaces/msg/_entity_wrench.py
[1.891s] -- Up-to-date symlink: /home/vvoxel/ros2_ws_mgr/install/ros_gz_interfaces/lib/python3.12/site-packages/ros_gz_interfaces/msg/_entity_wrench_s.c
[1.891s] -- Up-to-date symlink: /home/vvoxel/ros2_ws_mgr/install/ros_gz_interfaces/lib/python3.12/site-packages/ros_gz_interfaces/msg/_float32_array.py
[1.891s] -- Up-to-date symlink: /home/vvoxel/ros2_ws_mgr/install/ros_gz_interfaces/lib/python3.12/site-packages/ros_gz_interfaces/msg/_float32_array_s.c
[1.892s] -- Up-to-date symlink: /home/vvoxel/ros2_ws_mgr/install/ros_gz_interfaces/lib/python3.12/site-packages/ros_gz_interfaces/msg/_gui_camera.py
[1.892s] -- Up-to-date symlink: /home/vvoxel/ros2_ws_mgr/install/ros_gz_interfaces/lib/python3.12/site-packages/ros_gz_interfaces/msg/_gui_camera_s.c
[1.892s] -- Up-to-date symlink: /home/vvoxel/ros2_ws_mgr/install/ros_gz_interfaces/lib/python3.12/site-packages/ros_gz_interfaces/msg/_joint_wrench.py
[1.892s] -- Up-to-date symlink: /home/vvoxel/ros2_ws_mgr/install/ros_gz_interfaces/lib/python3.12/site-packages/ros_gz_interfaces/msg/_joint_wrench_s.c
[1.892s] -- Up-to-date symlink: /home/vvoxel/ros2_ws_mgr/install/ros_gz_interfaces/lib/python3.12/site-packages/ros_gz_interfaces/msg/_light.py
[1.893s] -- Up-to-date symlink: /home/vvoxel/ros2_ws_mgr/install/ros_gz_interfaces/lib/python3.12/site-packages/ros_gz_interfaces/msg/_light_s.c
[1.893s] -- Up-to-date symlink: /home/vvoxel/ros2_ws_mgr/install/ros_gz_interfaces/lib/python3.12/site-packages/ros_gz_interfaces/msg/_logical_camera_image.py
[1.893s] -- Up-to-date symlink: /home/vvoxel/ros2_ws_mgr/install/ros_gz_interfaces/lib/python3.12/site-packages/ros_gz_interfaces/msg/_logical_camera_image_model.py
[1.893s] -- Up-to-date symlink: /home/vvoxel/ros2_ws_mgr/install/ros_gz_interfaces/lib/python3.12/site-packages/ros_gz_interfaces/msg/_logical_camera_image_model_s.c
[1.893s] -- Up-to-date symlink: /home/vvoxel/ros2_ws_mgr/install/ros_gz_interfaces/lib/python3.12/site-packages/ros_gz_interfaces/msg/_logical_camera_image_s.c
[1.894s] -- Up-to-date symlink: /home/vvoxel/ros2_ws_mgr/install/ros_gz_interfaces/lib/python3.12/site-packages/ros_gz_interfaces/msg/_material_color.py
[1.894s] -- Up-to-date symlink: /home/vvoxel/ros2_ws_mgr/install/ros_gz_interfaces/lib/python3.12/site-packages/ros_gz_interfaces/msg/_material_color_s.c
[1.894s] -- Up-to-date symlink: /home/vvoxel/ros2_ws_mgr/install/ros_gz_interfaces/lib/python3.12/site-packages/ros_gz_interfaces/msg/_param_vec.py
[1.894s] -- Up-to-date symlink: /home/vvoxel/ros2_ws_mgr/install/ros_gz_interfaces/lib/python3.12/site-packages/ros_gz_interfaces/msg/_param_vec_s.c
[1.895s] -- Up-to-date symlink: /home/vvoxel/ros2_ws_mgr/install/ros_gz_interfaces/lib/python3.12/site-packages/ros_gz_interfaces/msg/_sensor_noise.py
[1.895s] -- Up-to-date symlink: /home/vvoxel/ros2_ws_mgr/install/ros_gz_interfaces/lib/python3.12/site-packages/ros_gz_interfaces/msg/_sensor_noise_s.c
[1.895s] -- Up-to-date symlink: /home/vvoxel/ros2_ws_mgr/install/ros_gz_interfaces/lib/python3.12/site-packages/ros_gz_interfaces/msg/_string_vec.py
[1.895s] -- Up-to-date symlink: /home/vvoxel/ros2_ws_mgr/install/ros_gz_interfaces/lib/python3.12/site-packages/ros_gz_interfaces/msg/_string_vec_s.c
[1.895s] -- Up-to-date symlink: /home/vvoxel/ros2_ws_mgr/install/ros_gz_interfaces/lib/python3.12/site-packages/ros_gz_interfaces/msg/_track_visual.py
[1.896s] -- Up-to-date symlink: /home/vvoxel/ros2_ws_mgr/install/ros_gz_interfaces/lib/python3.12/site-packages/ros_gz_interfaces/msg/_track_visual_s.c
[1.896s] -- Up-to-date symlink: /home/vvoxel/ros2_ws_mgr/install/ros_gz_interfaces/lib/python3.12/site-packages/ros_gz_interfaces/msg/_video_record.py
[1.896s] -- Up-to-date symlink: /home/vvoxel/ros2_ws_mgr/install/ros_gz_interfaces/lib/python3.12/site-packages/ros_gz_interfaces/msg/_video_record_s.c
[1.896s] -- Up-to-date symlink: /home/vvoxel/ros2_ws_mgr/install/ros_gz_interfaces/lib/python3.12/site-packages/ros_gz_interfaces/msg/_world_control.py
[1.896s] -- Up-to-date symlink: /home/vvoxel/ros2_ws_mgr/install/ros_gz_interfaces/lib/python3.12/site-packages/ros_gz_interfaces/msg/_world_control_s.c
[1.897s] -- Up-to-date symlink: /home/vvoxel/ros2_ws_mgr/install/ros_gz_interfaces/lib/python3.12/site-packages/ros_gz_interfaces/msg/_world_reset.py
[1.897s] -- Up-to-date symlink: /home/vvoxel/ros2_ws_mgr/install/ros_gz_interfaces/lib/python3.12/site-packages/ros_gz_interfaces/msg/_world_reset_s.c
[1.897s] -- Up-to-date symlink: /home/vvoxel/ros2_ws_mgr/install/ros_gz_interfaces/lib/python3.12/site-packages/ros_gz_interfaces/ros_gz_interfaces_s__rosidl_typesupport_c.so
[1.897s] -- Up-to-date symlink: /home/vvoxel/ros2_ws_mgr/install/ros_gz_interfaces/lib/python3.12/site-packages/ros_gz_interfaces/ros_gz_interfaces_s__rosidl_typesupport_fastrtps_c.so
[1.898s] -- Up-to-date symlink: /home/vvoxel/ros2_ws_mgr/install/ros_gz_interfaces/lib/python3.12/site-packages/ros_gz_interfaces/ros_gz_interfaces_s__rosidl_typesupport_introspection_c.so
[1.898s] -- Up-to-date symlink: /home/vvoxel/ros2_ws_mgr/install/ros_gz_interfaces/lib/python3.12/site-packages/ros_gz_interfaces/srv/__init__.py
[1.898s] -- Up-to-date symlink: /home/vvoxel/ros2_ws_mgr/install/ros_gz_interfaces/lib/python3.12/site-packages/ros_gz_interfaces/srv/_control_world.py
[1.898s] -- Up-to-date symlink: /home/vvoxel/ros2_ws_mgr/install/ros_gz_interfaces/lib/python3.12/site-packages/ros_gz_interfaces/srv/_control_world_s.c
[1.899s] -- Up-to-date symlink: /home/vvoxel/ros2_ws_mgr/install/ros_gz_interfaces/lib/python3.12/site-packages/ros_gz_interfaces/srv/_delete_entity.py
[1.899s] -- Up-to-date symlink: /home/vvoxel/ros2_ws_mgr/install/ros_gz_interfaces/lib/python3.12/site-packages/ros_gz_interfaces/srv/_delete_entity_s.c
[1.899s] -- Up-to-date symlink: /home/vvoxel/ros2_ws_mgr/install/ros_gz_interfaces/lib/python3.12/site-packages/ros_gz_interfaces/srv/_set_entity_pose.py
[1.899s] -- Up-to-date symlink: /home/vvoxel/ros2_ws_mgr/install/ros_gz_interfaces/lib/python3.12/site-packages/ros_gz_interfaces/srv/_set_entity_pose_s.c
[1.899s] -- Up-to-date symlink: /home/vvoxel/ros2_ws_mgr/install/ros_gz_interfaces/lib/python3.12/site-packages/ros_gz_interfaces/srv/_spawn_entity.py
[1.899s] -- Up-to-date symlink: /home/vvoxel/ros2_ws_mgr/install/ros_gz_interfaces/lib/python3.12/site-packages/ros_gz_interfaces/srv/_spawn_entity_s.c
[1.900s] -- Up-to-date symlink: /home/vvoxel/ros2_ws_mgr/install/ros_gz_interfaces/lib/python3.12/site-packages/ros_gz_interfaces/ros_gz_interfaces_s__rosidl_typesupport_fastrtps_c.so
[1.900s] -- Up-to-date symlink: /home/vvoxel/ros2_ws_mgr/install/ros_gz_interfaces/lib/python3.12/site-packages/ros_gz_interfaces/ros_gz_interfaces_s__rosidl_typesupport_introspection_c.so
[1.901s] -- Up-to-date symlink: /home/vvoxel/ros2_ws_mgr/install/ros_gz_interfaces/lib/python3.12/site-packages/ros_gz_interfaces/ros_gz_interfaces_s__rosidl_typesupport_c.so
[1.908s] -- Up-to-date symlink: /home/vvoxel/ros2_ws_mgr/install/ros_gz_interfaces/share/ros_gz_interfaces/msg/Altimeter.idl
[1.908s] -- Up-to-date symlink: /home/vvoxel/ros2_ws_mgr/install/ros_gz_interfaces/share/ros_gz_interfaces/msg/Contact.idl
[1.908s] -- Up-to-date symlink: /home/vvoxel/ros2_ws_mgr/install/ros_gz_interfaces/share/ros_gz_interfaces/msg/Contacts.idl
[1.909s] -- Up-to-date symlink: /home/vvoxel/ros2_ws_mgr/install/ros_gz_interfaces/share/ros_gz_interfaces/msg/Dataframe.idl
[1.909s] -- Up-to-date symlink: /home/vvoxel/ros2_ws_mgr/install/ros_gz_interfaces/share/ros_gz_interfaces/msg/Entity.idl
[1.909s] -- Up-to-date symlink: /home/vvoxel/ros2_ws_mgr/install/ros_gz_interfaces/share/ros_gz_interfaces/msg/EntityFactory.idl
[1.909s] -- Up-to-date symlink: /home/vvoxel/ros2_ws_mgr/install/ros_gz_interfaces/share/ros_gz_interfaces/msg/EntityWrench.idl
[1.909s] -- Up-to-date symlink: /home/vvoxel/ros2_ws_mgr/install/ros_gz_interfaces/share/ros_gz_interfaces/msg/Float32Array.idl
[1.914s] -- Up-to-date symlink: /home/vvoxel/ros2_ws_mgr/install/ros_gz_interfaces/share/ros_gz_interfaces/msg/GuiCamera.idl
[1.914s] -- Up-to-date symlink: /home/vvoxel/ros2_ws_mgr/install/ros_gz_interfaces/share/ros_gz_interfaces/msg/JointWrench.idl
[1.914s] -- Up-to-date symlink: /home/vvoxel/ros2_ws_mgr/install/ros_gz_interfaces/share/ros_gz_interfaces/msg/Light.idl
[1.914s] -- Up-to-date symlink: /home/vvoxel/ros2_ws_mgr/install/ros_gz_interfaces/share/ros_gz_interfaces/msg/LogicalCameraImage.idl
[1.914s] -- Up-to-date symlink: /home/vvoxel/ros2_ws_mgr/install/ros_gz_interfaces/share/ros_gz_interfaces/msg/LogicalCameraImageModel.idl
[1.915s] -- Up-to-date symlink: /home/vvoxel/ros2_ws_mgr/install/ros_gz_interfaces/share/ros_gz_interfaces/msg/MaterialColor.idl
[1.915s] -- Up-to-date symlink: /home/vvoxel/ros2_ws_mgr/install/ros_gz_interfaces/share/ros_gz_interfaces/msg/ParamVec.idl
[1.915s] -- Up-to-date symlink: /home/vvoxel/ros2_ws_mgr/install/ros_gz_interfaces/share/ros_gz_interfaces/msg/SensorNoise.idl
[1.915s] -- Up-to-date symlink: /home/vvoxel/ros2_ws_mgr/install/ros_gz_interfaces/share/ros_gz_interfaces/msg/StringVec.idl
[1.915s] -- Up-to-date symlink: /home/vvoxel/ros2_ws_mgr/install/ros_gz_interfaces/share/ros_gz_interfaces/msg/TrackVisual.idl
[1.915s] -- Up-to-date symlink: /home/vvoxel/ros2_ws_mgr/install/ros_gz_interfaces/share/ros_gz_interfaces/msg/VideoRecord.idl
[1.915s] -- Up-to-date symlink: /home/vvoxel/ros2_ws_mgr/install/ros_gz_interfaces/share/ros_gz_interfaces/msg/WorldControl.idl
[1.916s] -- Up-to-date symlink: /home/vvoxel/ros2_ws_mgr/install/ros_gz_interfaces/share/ros_gz_interfaces/msg/WorldReset.idl
[1.916s] -- Up-to-date symlink: /home/vvoxel/ros2_ws_mgr/install/ros_gz_interfaces/share/ros_gz_interfaces/srv/ControlWorld.idl
[1.916s] -- Up-to-date symlink: /home/vvoxel/ros2_ws_mgr/install/ros_gz_interfaces/share/ros_gz_interfaces/srv/DeleteEntity.idl
[1.916s] -- Up-to-date symlink: /home/vvoxel/ros2_ws_mgr/install/ros_gz_interfaces/share/ros_gz_interfaces/srv/SetEntityPose.idl
[1.917s] -- Up-to-date symlink: /home/vvoxel/ros2_ws_mgr/install/ros_gz_interfaces/share/ros_gz_interfaces/srv/SpawnEntity.idl
[1.917s] -- Up-to-date symlink: /home/vvoxel/ros2_ws_mgr/install/ros_gz_interfaces/share/ros_gz_interfaces/msg/Altimeter.msg
[1.917s] -- Up-to-date symlink: /home/vvoxel/ros2_ws_mgr/install/ros_gz_interfaces/share/ros_gz_interfaces/msg/Contact.msg
[1.917s] -- Up-to-date symlink: /home/vvoxel/ros2_ws_mgr/install/ros_gz_interfaces/share/ros_gz_interfaces/msg/Contacts.msg
[1.917s] -- Up-to-date symlink: /home/vvoxel/ros2_ws_mgr/install/ros_gz_interfaces/share/ros_gz_interfaces/msg/Dataframe.msg
[1.918s] -- Up-to-date symlink: /home/vvoxel/ros2_ws_mgr/install/ros_gz_interfaces/share/ros_gz_interfaces/msg/Entity.msg
[1.920s] -- Up-to-date symlink: /home/vvoxel/ros2_ws_mgr/install/ros_gz_interfaces/share/ros_gz_interfaces/msg/EntityFactory.msg
[1.920s] -- Up-to-date symlink: /home/vvoxel/ros2_ws_mgr/install/ros_gz_interfaces/share/ros_gz_interfaces/msg/EntityWrench.msg
[1.920s] -- Up-to-date symlink: /home/vvoxel/ros2_ws_mgr/install/ros_gz_interfaces/share/ros_gz_interfaces/msg/Float32Array.msg
[1.921s] -- Up-to-date symlink: /home/vvoxel/ros2_ws_mgr/install/ros_gz_interfaces/share/ros_gz_interfaces/msg/GuiCamera.msg
[1.921s] -- Up-to-date symlink: /home/vvoxel/ros2_ws_mgr/install/ros_gz_interfaces/share/ros_gz_interfaces/msg/JointWrench.msg
[1.921s] -- Up-to-date symlink: /home/vvoxel/ros2_ws_mgr/install/ros_gz_interfaces/share/ros_gz_interfaces/msg/Light.msg
[1.921s] -- Up-to-date symlink: /home/vvoxel/ros2_ws_mgr/install/ros_gz_interfaces/share/ros_gz_interfaces/msg/LogicalCameraImage.msg
[1.921s] -- Up-to-date symlink: /home/vvoxel/ros2_ws_mgr/install/ros_gz_interfaces/share/ros_gz_interfaces/msg/LogicalCameraImageModel.msg
[1.921s] -- Up-to-date symlink: /home/vvoxel/ros2_ws_mgr/install/ros_gz_interfaces/share/ros_gz_interfaces/msg/MaterialColor.msg
[1.922s] -- Up-to-date symlink: /home/vvoxel/ros2_ws_mgr/install/ros_gz_interfaces/share/ros_gz_interfaces/msg/ParamVec.msg
[1.922s] -- Up-to-date symlink: /home/vvoxel/ros2_ws_mgr/install/ros_gz_interfaces/share/ros_gz_interfaces/msg/SensorNoise.msg
[1.922s] -- Up-to-date symlink: /home/vvoxel/ros2_ws_mgr/install/ros_gz_interfaces/share/ros_gz_interfaces/msg/StringVec.msg
[1.922s] -- Up-to-date symlink: /home/vvoxel/ros2_ws_mgr/install/ros_gz_interfaces/share/ros_gz_interfaces/msg/TrackVisual.msg
[1.922s] -- Up-to-date symlink: /home/vvoxel/ros2_ws_mgr/install/ros_gz_interfaces/share/ros_gz_interfaces/msg/VideoRecord.msg
[1.922s] -- Up-to-date symlink: /home/vvoxel/ros2_ws_mgr/install/ros_gz_interfaces/share/ros_gz_interfaces/msg/WorldControl.msg
[1.922s] -- Up-to-date symlink: /home/vvoxel/ros2_ws_mgr/install/ros_gz_interfaces/share/ros_gz_interfaces/msg/WorldReset.msg
[1.923s] -- Up-to-date symlink: /home/vvoxel/ros2_ws_mgr/install/ros_gz_interfaces/share/ros_gz_interfaces/srv/ControlWorld.srv
[1.924s] -- Up-to-date symlink: /home/vvoxel/ros2_ws_mgr/install/ros_gz_interfaces/share/ros_gz_interfaces/srv/DeleteEntity.srv
[1.924s] -- Up-to-date symlink: /home/vvoxel/ros2_ws_mgr/install/ros_gz_interfaces/share/ros_gz_interfaces/srv/SetEntityPose.srv
[1.924s] -- Up-to-date symlink: /home/vvoxel/ros2_ws_mgr/install/ros_gz_interfaces/share/ros_gz_interfaces/srv/SpawnEntity.srv
[1.924s] -- Up-to-date symlink: /home/vvoxel/ros2_ws_mgr/install/ros_gz_interfaces/share/ament_index/resource_index/package_run_dependencies/ros_gz_interfaces
[1.925s] -- Up-to-date symlink: /home/vvoxel/ros2_ws_mgr/install/ros_gz_interfaces/share/ament_index/resource_index/parent_prefix_path/ros_gz_interfaces
[1.925s] -- Up-to-date symlink: /home/vvoxel/ros2_ws_mgr/install/ros_gz_interfaces/share/ros_gz_interfaces/environment/ament_prefix_path.sh
[1.925s] -- Up-to-date symlink: /home/vvoxel/ros2_ws_mgr/install/ros_gz_interfaces/share/ros_gz_interfaces/environment/ament_prefix_path.dsv
[1.925s] -- Up-to-date symlink: /home/vvoxel/ros2_ws_mgr/install/ros_gz_interfaces/share/ros_gz_interfaces/environment/path.sh
[1.925s] -- Up-to-date symlink: /home/vvoxel/ros2_ws_mgr/install/ros_gz_interfaces/share/ros_gz_interfaces/environment/path.dsv
[1.925s] -- Up-to-date symlink: /home/vvoxel/ros2_ws_mgr/install/ros_gz_interfaces/share/ros_gz_interfaces/local_setup.bash
[1.926s] -- Up-to-date symlink: /home/vvoxel/ros2_ws_mgr/install/ros_gz_interfaces/share/ros_gz_interfaces/local_setup.sh
[1.926s] -- Up-to-date symlink: /home/vvoxel/ros2_ws_mgr/install/ros_gz_interfaces/share/ros_gz_interfaces/local_setup.zsh
[1.926s] -- Up-to-date symlink: /home/vvoxel/ros2_ws_mgr/install/ros_gz_interfaces/share/ros_gz_interfaces/local_setup.dsv
[1.926s] -- Symlinking: /home/vvoxel/ros2_ws_mgr/install/ros_gz_interfaces/share/ros_gz_interfaces/package.dsv
[1.950s] -- Up-to-date symlink: /home/vvoxel/ros2_ws_mgr/install/ros_gz_interfaces/share/ament_index/resource_index/packages/ros_gz_interfaces
[1.952s] -- Up-to-date symlink: /home/vvoxel/ros2_ws_mgr/install/ros_gz_interfaces/share/ros_gz_interfaces/cmake/rosidl_cmake-extras.cmake
[1.953s] -- Up-to-date symlink: /home/vvoxel/ros2_ws_mgr/install/ros_gz_interfaces/share/ros_gz_interfaces/cmake/ament_cmake_export_dependencies-extras.cmake
[1.953s] -- Up-to-date symlink: /home/vvoxel/ros2_ws_mgr/install/ros_gz_interfaces/share/ros_gz_interfaces/cmake/ament_cmake_export_include_directories-extras.cmake
[1.953s] -- Up-to-date symlink: /home/vvoxel/ros2_ws_mgr/install/ros_gz_interfaces/share/ros_gz_interfaces/cmake/ament_cmake_export_libraries-extras.cmake
[1.953s] -- Up-to-date symlink: /home/vvoxel/ros2_ws_mgr/install/ros_gz_interfaces/share/ros_gz_interfaces/cmake/ament_cmake_export_targets-extras.cmake
[1.954s] -- Up-to-date symlink: /home/vvoxel/ros2_ws_mgr/install/ros_gz_interfaces/share/ros_gz_interfaces/cmake/rosidl_cmake_export_typesupport_targets-extras.cmake
[1.954s] -- Up-to-date symlink: /home/vvoxel/ros2_ws_mgr/install/ros_gz_interfaces/share/ros_gz_interfaces/cmake/rosidl_cmake_export_typesupport_libraries-extras.cmake
[1.954s] -- Up-to-date symlink: /home/vvoxel/ros2_ws_mgr/install/ros_gz_interfaces/share/ros_gz_interfaces/cmake/ros_gz_interfacesConfig.cmake
[1.954s] -- Up-to-date symlink: /home/vvoxel/ros2_ws_mgr/install/ros_gz_interfaces/share/ros_gz_interfaces/cmake/ros_gz_interfacesConfig-version.cmake
[1.954s] -- Up-to-date symlink: /home/vvoxel/ros2_ws_mgr/install/ros_gz_interfaces/share/ros_gz_interfaces/package.xml
[1.955s] -- Up-to-date: /home/vvoxel/ros2_ws_mgr/install/ros_gz_interfaces/lib/libros_gz_interfaces__rosidl_generator_c.so
[1.955s] -- Up-to-date: /home/vvoxel/ros2_ws_mgr/install/ros_gz_interfaces/lib/libros_gz_interfaces__rosidl_typesupport_fastrtps_c.so
[1.956s] -- Up-to-date: /home/vvoxel/ros2_ws_mgr/install/ros_gz_interfaces/lib/libros_gz_interfaces__rosidl_typesupport_fastrtps_cpp.so
[1.956s] -- Up-to-date: /home/vvoxel/ros2_ws_mgr/install/ros_gz_interfaces/lib/libros_gz_interfaces__rosidl_typesupport_introspection_c.so
[1.957s] -- Up-to-date: /home/vvoxel/ros2_ws_mgr/install/ros_gz_interfaces/lib/libros_gz_interfaces__rosidl_typesupport_c.so
[1.959s] -- Up-to-date: /home/vvoxel/ros2_ws_mgr/install/ros_gz_interfaces/lib/libros_gz_interfaces__rosidl_typesupport_introspection_cpp.so
[1.959s] -- Up-to-date: /home/vvoxel/ros2_ws_mgr/install/ros_gz_interfaces/lib/libros_gz_interfaces__rosidl_typesupport_cpp.so
[2.044s] Listing '/home/vvoxel/ros2_ws_mgr/install/ros_gz_interfaces/lib/python3.12/site-packages/ros_gz_interfaces'...
[2.044s] Listing '/home/vvoxel/ros2_ws_mgr/install/ros_gz_interfaces/lib/python3.12/site-packages/ros_gz_interfaces/msg'...
[2.044s] Listing '/home/vvoxel/ros2_ws_mgr/install/ros_gz_interfaces/lib/python3.12/site-packages/ros_gz_interfaces/srv'...
[2.054s] -- Up-to-date: /home/vvoxel/ros2_ws_mgr/install/ros_gz_interfaces/lib/libros_gz_interfaces__rosidl_generator_py.so
[2.054s] -- Up-to-date: /home/vvoxel/ros2_ws_mgr/install/ros_gz_interfaces/share/ros_gz_interfaces/cmake/export_ros_gz_interfaces__rosidl_generator_cExport.cmake
[2.054s] -- Up-to-date: /home/vvoxel/ros2_ws_mgr/install/ros_gz_interfaces/share/ros_gz_interfaces/cmake/export_ros_gz_interfaces__rosidl_generator_cExport-noconfig.cmake
[2.055s] -- Up-to-date: /home/vvoxel/ros2_ws_mgr/install/ros_gz_interfaces/share/ros_gz_interfaces/cmake/export_ros_gz_interfaces__rosidl_typesupport_fastrtps_cExport.cmake
[2.055s] -- Up-to-date: /home/vvoxel/ros2_ws_mgr/install/ros_gz_interfaces/share/ros_gz_interfaces/cmake/export_ros_gz_interfaces__rosidl_typesupport_fastrtps_cExport-noconfig.cmake
[2.055s] -- Up-to-date: /home/vvoxel/ros2_ws_mgr/install/ros_gz_interfaces/share/ros_gz_interfaces/cmake/export_ros_gz_interfaces__rosidl_generator_cppExport.cmake
[2.056s] -- Up-to-date: /home/vvoxel/ros2_ws_mgr/install/ros_gz_interfaces/share/ros_gz_interfaces/cmake/export_ros_gz_interfaces__rosidl_typesupport_fastrtps_cppExport.cmake
[2.056s] -- Up-to-date: /home/vvoxel/ros2_ws_mgr/install/ros_gz_interfaces/share/ros_gz_interfaces/cmake/export_ros_gz_interfaces__rosidl_typesupport_fastrtps_cppExport-noconfig.cmake
[2.056s] -- Up-to-date: /home/vvoxel/ros2_ws_mgr/install/ros_gz_interfaces/share/ros_gz_interfaces/cmake/ros_gz_interfaces__rosidl_typesupport_introspection_cExport.cmake
[2.056s] -- Up-to-date: /home/vvoxel/ros2_ws_mgr/install/ros_gz_interfaces/share/ros_gz_interfaces/cmake/ros_gz_interfaces__rosidl_typesupport_introspection_cExport-noconfig.cmake
[2.056s] -- Up-to-date: /home/vvoxel/ros2_ws_mgr/install/ros_gz_interfaces/share/ros_gz_interfaces/cmake/ros_gz_interfaces__rosidl_typesupport_cExport.cmake
[2.057s] -- Up-to-date: /home/vvoxel/ros2_ws_mgr/install/ros_gz_interfaces/share/ros_gz_interfaces/cmake/ros_gz_interfaces__rosidl_typesupport_cExport-noconfig.cmake
[2.057s] -- Up-to-date: /home/vvoxel/ros2_ws_mgr/install/ros_gz_interfaces/share/ros_gz_interfaces/cmake/ros_gz_interfaces__rosidl_typesupport_introspection_cppExport.cmake
[2.057s] -- Up-to-date: /home/vvoxel/ros2_ws_mgr/install/ros_gz_interfaces/share/ros_gz_interfaces/cmake/ros_gz_interfaces__rosidl_typesupport_introspection_cppExport-noconfig.cmake
[2.057s] -- Up-to-date: /home/vvoxel/ros2_ws_mgr/install/ros_gz_interfaces/share/ros_gz_interfaces/cmake/ros_gz_interfaces__rosidl_typesupport_cppExport.cmake
[2.057s] -- Up-to-date: /home/vvoxel/ros2_ws_mgr/install/ros_gz_interfaces/share/ros_gz_interfaces/cmake/ros_gz_interfaces__rosidl_typesupport_cppExport-noconfig.cmake
[2.058s] -- Up-to-date: /home/vvoxel/ros2_ws_mgr/install/ros_gz_interfaces/share/ros_gz_interfaces/cmake/export_ros_gz_interfaces__rosidl_generator_pyExport.cmake
[2.058s] -- Up-to-date: /home/vvoxel/ros2_ws_mgr/install/ros_gz_interfaces/share/ros_gz_interfaces/cmake/export_ros_gz_interfaces__rosidl_generator_pyExport-noconfig.cmake
[2.299s] Invoked command in '/home/vvoxel/ros2_ws_mgr/build/ros_gz_interfaces' returned '0': CMAKE_PREFIX_PATH=/home/vvoxel/ros2_ws_mgr/install/g2o_driver:/home/vvoxel/ros2_ws_mgr/install/test_ros_gz_bridge:/home/vvoxel/ros2_ws_mgr/install/sim_launcher:/opt/ros/jazzy:/home/vvoxel/ros2_ws_mgr/install/slam:/home/vvoxel/ros2_ws_mgr/install/ros_gz:/home/vvoxel/ros2_ws_mgr/install/ros_gz_sim_demos:/home/vvoxel/ros2_ws_mgr/install/ros_gz_sim:/home/vvoxel/ros2_ws_mgr/install/ros_gz_image:/home/vvoxel/ros2_ws_mgr/install/ros_gz_bridge:/home/vvoxel/ros2_ws_mgr/install/ros_gz_interfaces:/home/vvoxel/ros2_ws_mgr/install/realsense2_description:/home/vvoxel/ros2_ws_mgr/install/realsense2_camera:/home/vvoxel/ros2_ws_mgr/install/realsense2_camera_msgs:/home/vvoxel/ros2_ws_mgr/install/mtracker:/home/vvoxel/ros2_ws_mgr/install/g2o:/home/vvoxel/ros2_ws_mgr/install/apriltag_ros:/home/vvoxel/ros2_ws_mgr/install/apriltag_msgs:/home/vvoxel/ros2_ws_mgr/install/apriltag:/home/vvoxel/ros2_ws_mgr/install/anglecalc:/opt/ros/jazzy/opt/gz_sim_vendor:/opt/ros/jazzy/opt/gz_sensors_vendor:/opt/ros/jazzy/opt/gz_physics_vendor:/opt/ros/jazzy/opt/sdformat_vendor:/opt/ros/jazzy/opt/gz_gui_vendor:/opt/ros/jazzy/opt/gz_transport_vendor:/opt/ros/jazzy/opt/gz_rendering_vendor:/opt/ros/jazzy/opt/gz_plugin_vendor:/opt/ros/jazzy/opt/gz_fuel_tools_vendor:/opt/ros/jazzy/opt/gz_msgs_vendor:/opt/ros/jazzy/opt/gz_common_vendor:/opt/ros/jazzy/opt/gz_math_vendor:/opt/ros/jazzy/opt/gz_utils_vendor:/opt/ros/jazzy/opt/gz_tools_vendor:/opt/ros/jazzy/opt/gz_ogre_next_vendor:/opt/ros/jazzy/opt/gz_dartsim_vendor:/opt/ros/jazzy/opt/gz_cmake_vendor DEBUGINFOD_URLS=https://debuginfod.ubuntu.com /usr/bin/cmake --install /home/vvoxel/ros2_ws_mgr/build/ros_gz_interfaces
