[0.144s] Invoking command in '/home/vvoxel/ros2_ws_mgr/src/build/apriltag_msgs': CMAKE_PREFIX_PATH=${CMAKE_PREFIX_PATH}:/opt/ros/jazzy DEBUGINFOD_URLS=https://debuginfod.ubuntu.com /usr/bin/cmake --build /home/vvoxel/ros2_ws_mgr/src/build/apriltag_msgs -- -j8 -l8
[0.516s] [  1%] Built target apriltag_msgs__rosidl_generator_type_description
[0.671s] [  1%] Built target ament_cmake_python_copy_apriltag_msgs
[0.745s] [  3%] Built target apriltag_msgs__cpp
[0.852s] [ 24%] Built target apriltag_msgs__rosidl_generator_c
[1.066s] [ 33%] Built target apriltag_msgs__rosidl_typesupport_c
[1.174s] [ 42%] Built target apriltag_msgs__rosidl_typesupport_introspection_cpp
[1.202s] [ 51%] Built target apriltag_msgs__rosidl_typesupport_cpp
[1.213s] [ 61%] Built target apriltag_msgs__rosidl_typesupport_introspection_c
[1.284s] [ 70%] Built target apriltag_msgs__rosidl_typesupport_fastrtps_cpp
[1.299s] [ 79%] Built target apriltag_msgs__rosidl_typesupport_fastrtps_c
[1.528s] [ 79%] Built target apriltag_msgs
[1.899s] [ 81%] Built target apriltag_msgs__py
[2.141s] [ 88%] Built target apriltag_msgs__rosidl_generator_py
[2.348s] [ 92%] Built target apriltag_msgs_s__rosidl_typesupport_introspection_c
[2.404s] [ 96%] Built target apriltag_msgs_s__rosidl_typesupport_c
[2.431s] [100%] Built target apriltag_msgs_s__rosidl_typesupport_fastrtps_c
[3.618s] running egg_info
[3.731s] writing apriltag_msgs.egg-info/PKG-INFO
[3.731s] writing dependency_links to apriltag_msgs.egg-info/dependency_links.txt
[3.732s] writing top-level names to apriltag_msgs.egg-info/top_level.txt
[4.165s] reading manifest file 'apriltag_msgs.egg-info/SOURCES.txt'
[4.173s] writing manifest file 'apriltag_msgs.egg-info/SOURCES.txt'
[4.253s] [100%] Built target ament_cmake_python_build_apriltag_msgs_egg
[4.422s] Invoked command in '/home/vvoxel/ros2_ws_mgr/src/build/apriltag_msgs' returned '0': CMAKE_PREFIX_PATH=${CMAKE_PREFIX_PATH}:/opt/ros/jazzy DEBUGINFOD_URLS=https://debuginfod.ubuntu.com /usr/bin/cmake --build /home/vvoxel/ros2_ws_mgr/src/build/apriltag_msgs -- -j8 -l8
[4.520s] Invoking command in '/home/vvoxel/ros2_ws_mgr/src/build/apriltag_msgs': CMAKE_PREFIX_PATH=${CMAKE_PREFIX_PATH}:/opt/ros/jazzy DEBUGINFOD_URLS=https://debuginfod.ubuntu.com /usr/bin/cmake --install /home/vvoxel/ros2_ws_mgr/src/build/apriltag_msgs
[4.522s] -- Install configuration: ""
[4.522s] -- Up-to-date: /home/vvoxel/ros2_ws_mgr/src/install/apriltag_msgs/share/ament_index/resource_index/rosidl_interfaces/apriltag_msgs
[4.523s] -- Up-to-date: /home/vvoxel/ros2_ws_mgr/src/install/apriltag_msgs/share/apriltag_msgs/msg/Point.json
[4.523s] -- Up-to-date: /home/vvoxel/ros2_ws_mgr/src/install/apriltag_msgs/share/apriltag_msgs/msg/AprilTagDetection.json
[4.523s] -- Up-to-date: /home/vvoxel/ros2_ws_mgr/src/install/apriltag_msgs/share/apriltag_msgs/msg/AprilTagDetectionArray.json
[4.523s] -- Up-to-date: /home/vvoxel/ros2_ws_mgr/src/install/apriltag_msgs/include/apriltag_msgs/apriltag_msgs
[4.524s] -- Up-to-date: /home/vvoxel/ros2_ws_mgr/src/install/apriltag_msgs/include/apriltag_msgs/apriltag_msgs/msg
[4.524s] -- Up-to-date: /home/vvoxel/ros2_ws_mgr/src/install/apriltag_msgs/include/apriltag_msgs/apriltag_msgs/msg/april_tag_detection_array.h
[4.524s] -- Up-to-date: /home/vvoxel/ros2_ws_mgr/src/install/apriltag_msgs/include/apriltag_msgs/apriltag_msgs/msg/rosidl_generator_c__visibility_control.h
[4.524s] -- Up-to-date: /home/vvoxel/ros2_ws_mgr/src/install/apriltag_msgs/include/apriltag_msgs/apriltag_msgs/msg/detail
[4.528s] -- Up-to-date: /home/vvoxel/ros2_ws_mgr/src/install/apriltag_msgs/include/apriltag_msgs/apriltag_msgs/msg/detail/april_tag_detection__description.c
[4.535s] -- Up-to-date: /home/vvoxel/ros2_ws_mgr/src/install/apriltag_msgs/include/apriltag_msgs/apriltag_msgs/msg/detail/april_tag_detection__struct.h
[4.536s] -- Up-to-date: /home/vvoxel/ros2_ws_mgr/src/install/apriltag_msgs/include/apriltag_msgs/apriltag_msgs/msg/detail/april_tag_detection_array__description.c
[4.538s] -- Up-to-date: /home/vvoxel/ros2_ws_mgr/src/install/apriltag_msgs/include/apriltag_msgs/apriltag_msgs/msg/detail/april_tag_detection_array__type_support.h
[4.538s] -- Up-to-date: /home/vvoxel/ros2_ws_mgr/src/install/apriltag_msgs/include/apriltag_msgs/apriltag_msgs/msg/detail/april_tag_detection_array__struct.h
[4.539s] -- Up-to-date: /home/vvoxel/ros2_ws_mgr/src/install/apriltag_msgs/include/apriltag_msgs/apriltag_msgs/msg/detail/point__functions.c
[4.539s] -- Up-to-date: /home/vvoxel/ros2_ws_mgr/src/install/apriltag_msgs/include/apriltag_msgs/apriltag_msgs/msg/detail/point__type_support.h
[4.539s] -- Up-to-date: /home/vvoxel/ros2_ws_mgr/src/install/apriltag_msgs/include/apriltag_msgs/apriltag_msgs/msg/detail/april_tag_detection_array__functions.c
[4.540s] -- Installing: /home/vvoxel/ros2_ws_mgr/src/install/apriltag_msgs/include/apriltag_msgs/apriltag_msgs/msg/detail/point__type_support.c
[4.540s] -- Up-to-date: /home/vvoxel/ros2_ws_mgr/src/install/apriltag_msgs/include/apriltag_msgs/apriltag_msgs/msg/detail/point__description.c
[4.540s] -- Up-to-date: /home/vvoxel/ros2_ws_mgr/src/install/apriltag_msgs/include/apriltag_msgs/apriltag_msgs/msg/detail/april_tag_detection__functions.h
[4.542s] -- Up-to-date: /home/vvoxel/ros2_ws_mgr/src/install/apriltag_msgs/include/apriltag_msgs/apriltag_msgs/msg/detail/april_tag_detection__type_support.h
[4.542s] -- Up-to-date: /home/vvoxel/ros2_ws_mgr/src/install/apriltag_msgs/include/apriltag_msgs/apriltag_msgs/msg/detail/point__struct.h
[4.542s] -- Up-to-date: /home/vvoxel/ros2_ws_mgr/src/install/apriltag_msgs/include/apriltag_msgs/apriltag_msgs/msg/detail/april_tag_detection__functions.c
[4.542s] -- Up-to-date: /home/vvoxel/ros2_ws_mgr/src/install/apriltag_msgs/include/apriltag_msgs/apriltag_msgs/msg/detail/april_tag_detection_array__functions.h
[4.542s] -- Installing: /home/vvoxel/ros2_ws_mgr/src/install/apriltag_msgs/include/apriltag_msgs/apriltag_msgs/msg/detail/april_tag_detection__type_support.c
[4.543s] -- Up-to-date: /home/vvoxel/ros2_ws_mgr/src/install/apriltag_msgs/include/apriltag_msgs/apriltag_msgs/msg/detail/point__functions.h
[4.543s] -- Installing: /home/vvoxel/ros2_ws_mgr/src/install/apriltag_msgs/include/apriltag_msgs/apriltag_msgs/msg/detail/april_tag_detection_array__type_support.c
[4.543s] -- Up-to-date: /home/vvoxel/ros2_ws_mgr/src/install/apriltag_msgs/include/apriltag_msgs/apriltag_msgs/msg/point.h
[4.543s] -- Up-to-date: /home/vvoxel/ros2_ws_mgr/src/install/apriltag_msgs/include/apriltag_msgs/apriltag_msgs/msg/april_tag_detection.h
[4.543s] -- Up-to-date: /home/vvoxel/ros2_ws_mgr/src/install/apriltag_msgs/share/apriltag_msgs/environment/library_path.sh
[4.544s] -- Up-to-date: /home/vvoxel/ros2_ws_mgr/src/install/apriltag_msgs/share/apriltag_msgs/environment/library_path.dsv
[4.544s] -- Up-to-date: /home/vvoxel/ros2_ws_mgr/src/install/apriltag_msgs/lib/libapriltag_msgs__rosidl_generator_c.so
[4.547s] -- Up-to-date: /home/vvoxel/ros2_ws_mgr/src/install/apriltag_msgs/include/apriltag_msgs/apriltag_msgs
[4.551s] -- Up-to-date: /home/vvoxel/ros2_ws_mgr/src/install/apriltag_msgs/include/apriltag_msgs/apriltag_msgs/msg
[4.552s] -- Up-to-date: /home/vvoxel/ros2_ws_mgr/src/install/apriltag_msgs/include/apriltag_msgs/apriltag_msgs/msg/rosidl_typesupport_fastrtps_c__visibility_control.h
[4.553s] -- Up-to-date: /home/vvoxel/ros2_ws_mgr/src/install/apriltag_msgs/include/apriltag_msgs/apriltag_msgs/msg/detail
[4.553s] -- Up-to-date: /home/vvoxel/ros2_ws_mgr/src/install/apriltag_msgs/include/apriltag_msgs/apriltag_msgs/msg/detail/april_tag_detection__rosidl_typesupport_fastrtps_c.h
[4.554s] -- Up-to-date: /home/vvoxel/ros2_ws_mgr/src/install/apriltag_msgs/include/apriltag_msgs/apriltag_msgs/msg/detail/point__rosidl_typesupport_fastrtps_c.h
[4.554s] -- Up-to-date: /home/vvoxel/ros2_ws_mgr/src/install/apriltag_msgs/include/apriltag_msgs/apriltag_msgs/msg/detail/april_tag_detection_array__rosidl_typesupport_fastrtps_c.h
[4.554s] -- Up-to-date: /home/vvoxel/ros2_ws_mgr/src/install/apriltag_msgs/lib/libapriltag_msgs__rosidl_typesupport_fastrtps_c.so
[4.554s] -- Up-to-date: /home/vvoxel/ros2_ws_mgr/src/install/apriltag_msgs/include/apriltag_msgs/apriltag_msgs
[4.555s] -- Up-to-date: /home/vvoxel/ros2_ws_mgr/src/install/apriltag_msgs/include/apriltag_msgs/apriltag_msgs/msg
[4.555s] -- Up-to-date: /home/vvoxel/ros2_ws_mgr/src/install/apriltag_msgs/include/apriltag_msgs/apriltag_msgs/msg/rosidl_typesupport_introspection_c__visibility_control.h
[4.556s] -- Up-to-date: /home/vvoxel/ros2_ws_mgr/src/install/apriltag_msgs/include/apriltag_msgs/apriltag_msgs/msg/detail
[4.556s] -- Up-to-date: /home/vvoxel/ros2_ws_mgr/src/install/apriltag_msgs/include/apriltag_msgs/apriltag_msgs/msg/detail/april_tag_detection__rosidl_typesupport_introspection_c.h
[4.557s] -- Installing: /home/vvoxel/ros2_ws_mgr/src/install/apriltag_msgs/include/apriltag_msgs/apriltag_msgs/msg/detail/point__type_support.c
[4.557s] -- Installing: /home/vvoxel/ros2_ws_mgr/src/install/apriltag_msgs/include/apriltag_msgs/apriltag_msgs/msg/detail/april_tag_detection__type_support.c
[4.558s] -- Up-to-date: /home/vvoxel/ros2_ws_mgr/src/install/apriltag_msgs/include/apriltag_msgs/apriltag_msgs/msg/detail/april_tag_detection_array__rosidl_typesupport_introspection_c.h
[4.558s] -- Up-to-date: /home/vvoxel/ros2_ws_mgr/src/install/apriltag_msgs/include/apriltag_msgs/apriltag_msgs/msg/detail/point__rosidl_typesupport_introspection_c.h
[4.559s] -- Installing: /home/vvoxel/ros2_ws_mgr/src/install/apriltag_msgs/include/apriltag_msgs/apriltag_msgs/msg/detail/april_tag_detection_array__type_support.c
[4.559s] -- Up-to-date: /home/vvoxel/ros2_ws_mgr/src/install/apriltag_msgs/lib/libapriltag_msgs__rosidl_typesupport_introspection_c.so
[4.560s] -- Up-to-date: /home/vvoxel/ros2_ws_mgr/src/install/apriltag_msgs/lib/libapriltag_msgs__rosidl_typesupport_c.so
[4.560s] -- Up-to-date: /home/vvoxel/ros2_ws_mgr/src/install/apriltag_msgs/include/apriltag_msgs/apriltag_msgs
[4.561s] -- Up-to-date: /home/vvoxel/ros2_ws_mgr/src/install/apriltag_msgs/include/apriltag_msgs/apriltag_msgs/msg
[4.561s] -- Up-to-date: /home/vvoxel/ros2_ws_mgr/src/install/apriltag_msgs/include/apriltag_msgs/apriltag_msgs/msg/april_tag_detection.hpp
[4.561s] -- Up-to-date: /home/vvoxel/ros2_ws_mgr/src/install/apriltag_msgs/include/apriltag_msgs/apriltag_msgs/msg/april_tag_detection_array.hpp
[4.561s] -- Up-to-date: /home/vvoxel/ros2_ws_mgr/src/install/apriltag_msgs/include/apriltag_msgs/apriltag_msgs/msg/point.hpp
[4.562s] -- Up-to-date: /home/vvoxel/ros2_ws_mgr/src/install/apriltag_msgs/include/apriltag_msgs/apriltag_msgs/msg/detail
[4.563s] -- Up-to-date: /home/vvoxel/ros2_ws_mgr/src/install/apriltag_msgs/include/apriltag_msgs/apriltag_msgs/msg/detail/point__traits.hpp
[4.563s] -- Up-to-date: /home/vvoxel/ros2_ws_mgr/src/install/apriltag_msgs/include/apriltag_msgs/apriltag_msgs/msg/detail/point__builder.hpp
[4.563s] -- Up-to-date: /home/vvoxel/ros2_ws_mgr/src/install/apriltag_msgs/include/apriltag_msgs/apriltag_msgs/msg/detail/point__type_support.hpp
[4.563s] -- Up-to-date: /home/vvoxel/ros2_ws_mgr/src/install/apriltag_msgs/include/apriltag_msgs/apriltag_msgs/msg/detail/april_tag_detection_array__struct.hpp
[4.563s] -- Up-to-date: /home/vvoxel/ros2_ws_mgr/src/install/apriltag_msgs/include/apriltag_msgs/apriltag_msgs/msg/detail/april_tag_detection__type_support.hpp
[4.563s] -- Up-to-date: /home/vvoxel/ros2_ws_mgr/src/install/apriltag_msgs/include/apriltag_msgs/apriltag_msgs/msg/detail/point__struct.hpp
[4.564s] -- Up-to-date: /home/vvoxel/ros2_ws_mgr/src/install/apriltag_msgs/include/apriltag_msgs/apriltag_msgs/msg/detail/april_tag_detection__builder.hpp
[4.564s] -- Up-to-date: /home/vvoxel/ros2_ws_mgr/src/install/apriltag_msgs/include/apriltag_msgs/apriltag_msgs/msg/detail/april_tag_detection__struct.hpp
[4.564s] -- Up-to-date: /home/vvoxel/ros2_ws_mgr/src/install/apriltag_msgs/include/apriltag_msgs/apriltag_msgs/msg/detail/april_tag_detection_array__builder.hpp
[4.564s] -- Up-to-date: /home/vvoxel/ros2_ws_mgr/src/install/apriltag_msgs/include/apriltag_msgs/apriltag_msgs/msg/detail/april_tag_detection__traits.hpp
[4.564s] -- Up-to-date: /home/vvoxel/ros2_ws_mgr/src/install/apriltag_msgs/include/apriltag_msgs/apriltag_msgs/msg/detail/april_tag_detection_array__type_support.hpp
[4.565s] -- Up-to-date: /home/vvoxel/ros2_ws_mgr/src/install/apriltag_msgs/include/apriltag_msgs/apriltag_msgs/msg/detail/april_tag_detection_array__traits.hpp
[4.565s] -- Up-to-date: /home/vvoxel/ros2_ws_mgr/src/install/apriltag_msgs/include/apriltag_msgs/apriltag_msgs/msg/rosidl_generator_cpp__visibility_control.hpp
[4.565s] -- Up-to-date: /home/vvoxel/ros2_ws_mgr/src/install/apriltag_msgs/include/apriltag_msgs/apriltag_msgs
[4.567s] -- Up-to-date: /home/vvoxel/ros2_ws_mgr/src/install/apriltag_msgs/include/apriltag_msgs/apriltag_msgs/msg
[4.570s] -- Up-to-date: /home/vvoxel/ros2_ws_mgr/src/install/apriltag_msgs/include/apriltag_msgs/apriltag_msgs/msg/detail
[4.575s] -- Up-to-date: /home/vvoxel/ros2_ws_mgr/src/install/apriltag_msgs/include/apriltag_msgs/apriltag_msgs/msg/detail/april_tag_detection__rosidl_typesupport_fastrtps_cpp.hpp
[4.575s] -- Up-to-date: /home/vvoxel/ros2_ws_mgr/src/install/apriltag_msgs/include/apriltag_msgs/apriltag_msgs/msg/detail/april_tag_detection_array__rosidl_typesupport_fastrtps_cpp.hpp
[4.576s] -- Up-to-date: /home/vvoxel/ros2_ws_mgr/src/install/apriltag_msgs/include/apriltag_msgs/apriltag_msgs/msg/detail/dds_fastrtps
[4.577s] -- Up-to-date: /home/vvoxel/ros2_ws_mgr/src/install/apriltag_msgs/include/apriltag_msgs/apriltag_msgs/msg/detail/point__rosidl_typesupport_fastrtps_cpp.hpp
[4.580s] -- Up-to-date: /home/vvoxel/ros2_ws_mgr/src/install/apriltag_msgs/include/apriltag_msgs/apriltag_msgs/msg/rosidl_typesupport_fastrtps_cpp__visibility_control.h
[4.581s] -- Up-to-date: /home/vvoxel/ros2_ws_mgr/src/install/apriltag_msgs/lib/libapriltag_msgs__rosidl_typesupport_fastrtps_cpp.so
[4.581s] -- Up-to-date: /home/vvoxel/ros2_ws_mgr/src/install/apriltag_msgs/include/apriltag_msgs/apriltag_msgs
[4.582s] -- Up-to-date: /home/vvoxel/ros2_ws_mgr/src/install/apriltag_msgs/include/apriltag_msgs/apriltag_msgs/msg
[4.582s] -- Up-to-date: /home/vvoxel/ros2_ws_mgr/src/install/apriltag_msgs/include/apriltag_msgs/apriltag_msgs/msg/detail
[4.582s] -- Up-to-date: /home/vvoxel/ros2_ws_mgr/src/install/apriltag_msgs/include/apriltag_msgs/apriltag_msgs/msg/detail/april_tag_detection__rosidl_typesupport_introspection_cpp.hpp
[4.582s] -- Up-to-date: /home/vvoxel/ros2_ws_mgr/src/install/apriltag_msgs/include/apriltag_msgs/apriltag_msgs/msg/detail/point__rosidl_typesupport_introspection_cpp.hpp
[4.583s] -- Up-to-date: /home/vvoxel/ros2_ws_mgr/src/install/apriltag_msgs/include/apriltag_msgs/apriltag_msgs/msg/detail/april_tag_detection_array__type_support.cpp
[4.583s] -- Up-to-date: /home/vvoxel/ros2_ws_mgr/src/install/apriltag_msgs/include/apriltag_msgs/apriltag_msgs/msg/detail/april_tag_detection__type_support.cpp
[4.584s] -- Up-to-date: /home/vvoxel/ros2_ws_mgr/src/install/apriltag_msgs/include/apriltag_msgs/apriltag_msgs/msg/detail/april_tag_detection_array__rosidl_typesupport_introspection_cpp.hpp
[4.586s] -- Up-to-date: /home/vvoxel/ros2_ws_mgr/src/install/apriltag_msgs/include/apriltag_msgs/apriltag_msgs/msg/detail/point__type_support.cpp
[4.588s] -- Up-to-date: /home/vvoxel/ros2_ws_mgr/src/install/apriltag_msgs/lib/libapriltag_msgs__rosidl_typesupport_introspection_cpp.so
[4.596s] -- Up-to-date: /home/vvoxel/ros2_ws_mgr/src/install/apriltag_msgs/lib/libapriltag_msgs__rosidl_typesupport_cpp.so
[4.596s] -- Up-to-date: /home/vvoxel/ros2_ws_mgr/src/install/apriltag_msgs/share/apriltag_msgs/environment/pythonpath.sh
[4.596s] -- Up-to-date: /home/vvoxel/ros2_ws_mgr/src/install/apriltag_msgs/share/apriltag_msgs/environment/pythonpath.dsv
[4.598s] -- Up-to-date: /home/vvoxel/ros2_ws_mgr/src/install/apriltag_msgs/lib/python3.12/site-packages/apriltag_msgs-2.0.1-py3.12.egg-info
[4.598s] -- Installing: /home/vvoxel/ros2_ws_mgr/src/install/apriltag_msgs/lib/python3.12/site-packages/apriltag_msgs-2.0.1-py3.12.egg-info/dependency_links.txt
[4.599s] -- Installing: /home/vvoxel/ros2_ws_mgr/src/install/apriltag_msgs/lib/python3.12/site-packages/apriltag_msgs-2.0.1-py3.12.egg-info/top_level.txt
[4.599s] -- Installing: /home/vvoxel/ros2_ws_mgr/src/install/apriltag_msgs/lib/python3.12/site-packages/apriltag_msgs-2.0.1-py3.12.egg-info/SOURCES.txt
[4.599s] -- Installing: /home/vvoxel/ros2_ws_mgr/src/install/apriltag_msgs/lib/python3.12/site-packages/apriltag_msgs-2.0.1-py3.12.egg-info/PKG-INFO
[4.599s] -- Up-to-date: /home/vvoxel/ros2_ws_mgr/src/install/apriltag_msgs/lib/python3.12/site-packages/apriltag_msgs
[4.600s] -- Up-to-date: /home/vvoxel/ros2_ws_mgr/src/install/apriltag_msgs/lib/python3.12/site-packages/apriltag_msgs/_apriltag_msgs_s.ep.rosidl_typesupport_introspection_c.c
[4.603s] -- Up-to-date: /home/vvoxel/ros2_ws_mgr/src/install/apriltag_msgs/lib/python3.12/site-packages/apriltag_msgs/__init__.py
[4.607s] -- Up-to-date: /home/vvoxel/ros2_ws_mgr/src/install/apriltag_msgs/lib/python3.12/site-packages/apriltag_msgs/_apriltag_msgs_s.ep.rosidl_typesupport_fastrtps_c.c
[4.609s] -- Up-to-date: /home/vvoxel/ros2_ws_mgr/src/install/apriltag_msgs/lib/python3.12/site-packages/apriltag_msgs/apriltag_msgs_s__rosidl_typesupport_introspection_c.so
[4.609s] -- Up-to-date: /home/vvoxel/ros2_ws_mgr/src/install/apriltag_msgs/lib/python3.12/site-packages/apriltag_msgs/_apriltag_msgs_s.ep.rosidl_typesupport_c.c
[4.610s] -- Up-to-date: /home/vvoxel/ros2_ws_mgr/src/install/apriltag_msgs/lib/python3.12/site-packages/apriltag_msgs/apriltag_msgs_s__rosidl_typesupport_c.so
[4.612s] -- Up-to-date: /home/vvoxel/ros2_ws_mgr/src/install/apriltag_msgs/lib/python3.12/site-packages/apriltag_msgs/msg
[4.612s] -- Up-to-date: /home/vvoxel/ros2_ws_mgr/src/install/apriltag_msgs/lib/python3.12/site-packages/apriltag_msgs/msg/_april_tag_detection_array.py
[4.612s] -- Up-to-date: /home/vvoxel/ros2_ws_mgr/src/install/apriltag_msgs/lib/python3.12/site-packages/apriltag_msgs/msg/_april_tag_detection_array_s.c
[4.613s] -- Up-to-date: /home/vvoxel/ros2_ws_mgr/src/install/apriltag_msgs/lib/python3.12/site-packages/apriltag_msgs/msg/__init__.py
[4.613s] -- Up-to-date: /home/vvoxel/ros2_ws_mgr/src/install/apriltag_msgs/lib/python3.12/site-packages/apriltag_msgs/msg/_point_s.c
[4.613s] -- Up-to-date: /home/vvoxel/ros2_ws_mgr/src/install/apriltag_msgs/lib/python3.12/site-packages/apriltag_msgs/msg/_april_tag_detection_s.c
[4.613s] -- Up-to-date: /home/vvoxel/ros2_ws_mgr/src/install/apriltag_msgs/lib/python3.12/site-packages/apriltag_msgs/msg/_april_tag_detection.py
[4.613s] -- Up-to-date: /home/vvoxel/ros2_ws_mgr/src/install/apriltag_msgs/lib/python3.12/site-packages/apriltag_msgs/msg/_point.py
[4.613s] -- Up-to-date: /home/vvoxel/ros2_ws_mgr/src/install/apriltag_msgs/lib/python3.12/site-packages/apriltag_msgs/apriltag_msgs_s__rosidl_typesupport_fastrtps_c.so
[4.664s] Listing '/home/vvoxel/ros2_ws_mgr/src/install/apriltag_msgs/lib/python3.12/site-packages/apriltag_msgs'...
[4.664s] Listing '/home/vvoxel/ros2_ws_mgr/src/install/apriltag_msgs/lib/python3.12/site-packages/apriltag_msgs/msg'...
[4.673s] -- Up-to-date: /home/vvoxel/ros2_ws_mgr/src/install/apriltag_msgs/lib/python3.12/site-packages/apriltag_msgs/apriltag_msgs_s__rosidl_typesupport_fastrtps_c.so
[4.676s] -- Up-to-date: /home/vvoxel/ros2_ws_mgr/src/install/apriltag_msgs/lib/python3.12/site-packages/apriltag_msgs/apriltag_msgs_s__rosidl_typesupport_introspection_c.so
[4.678s] -- Up-to-date: /home/vvoxel/ros2_ws_mgr/src/install/apriltag_msgs/lib/python3.12/site-packages/apriltag_msgs/apriltag_msgs_s__rosidl_typesupport_c.so
[4.678s] -- Up-to-date: /home/vvoxel/ros2_ws_mgr/src/install/apriltag_msgs/lib/libapriltag_msgs__rosidl_generator_py.so
[4.678s] -- Up-to-date: /home/vvoxel/ros2_ws_mgr/src/install/apriltag_msgs/share/apriltag_msgs/msg/Point.idl
[4.679s] -- Up-to-date: /home/vvoxel/ros2_ws_mgr/src/install/apriltag_msgs/share/apriltag_msgs/msg/AprilTagDetection.idl
[4.679s] -- Up-to-date: /home/vvoxel/ros2_ws_mgr/src/install/apriltag_msgs/share/apriltag_msgs/msg/AprilTagDetectionArray.idl
[4.679s] -- Up-to-date: /home/vvoxel/ros2_ws_mgr/src/install/apriltag_msgs/share/apriltag_msgs/msg/Point.msg
[4.680s] -- Up-to-date: /home/vvoxel/ros2_ws_mgr/src/install/apriltag_msgs/share/apriltag_msgs/msg/AprilTagDetection.msg
[4.682s] -- Up-to-date: /home/vvoxel/ros2_ws_mgr/src/install/apriltag_msgs/share/apriltag_msgs/msg/AprilTagDetectionArray.msg
[4.686s] -- Up-to-date: /home/vvoxel/ros2_ws_mgr/src/install/apriltag_msgs/share/ament_index/resource_index/package_run_dependencies/apriltag_msgs
[4.687s] -- Up-to-date: /home/vvoxel/ros2_ws_mgr/src/install/apriltag_msgs/share/ament_index/resource_index/parent_prefix_path/apriltag_msgs
[4.688s] -- Up-to-date: /home/vvoxel/ros2_ws_mgr/src/install/apriltag_msgs/share/apriltag_msgs/environment/ament_prefix_path.sh
[4.688s] -- Up-to-date: /home/vvoxel/ros2_ws_mgr/src/install/apriltag_msgs/share/apriltag_msgs/environment/ament_prefix_path.dsv
[4.688s] -- Up-to-date: /home/vvoxel/ros2_ws_mgr/src/install/apriltag_msgs/share/apriltag_msgs/environment/path.sh
[4.688s] -- Up-to-date: /home/vvoxel/ros2_ws_mgr/src/install/apriltag_msgs/share/apriltag_msgs/environment/path.dsv
[4.688s] -- Up-to-date: /home/vvoxel/ros2_ws_mgr/src/install/apriltag_msgs/share/apriltag_msgs/local_setup.bash
[4.689s] -- Up-to-date: /home/vvoxel/ros2_ws_mgr/src/install/apriltag_msgs/share/apriltag_msgs/local_setup.sh
[4.689s] -- Up-to-date: /home/vvoxel/ros2_ws_mgr/src/install/apriltag_msgs/share/apriltag_msgs/local_setup.zsh
[4.689s] -- Up-to-date: /home/vvoxel/ros2_ws_mgr/src/install/apriltag_msgs/share/apriltag_msgs/local_setup.dsv
[4.690s] -- Installing: /home/vvoxel/ros2_ws_mgr/src/install/apriltag_msgs/share/apriltag_msgs/package.dsv
[4.690s] -- Up-to-date: /home/vvoxel/ros2_ws_mgr/src/install/apriltag_msgs/share/ament_index/resource_index/packages/apriltag_msgs
[4.690s] -- Up-to-date: /home/vvoxel/ros2_ws_mgr/src/install/apriltag_msgs/share/apriltag_msgs/cmake/export_apriltag_msgs__rosidl_generator_cExport.cmake
[4.690s] -- Up-to-date: /home/vvoxel/ros2_ws_mgr/src/install/apriltag_msgs/share/apriltag_msgs/cmake/export_apriltag_msgs__rosidl_generator_cExport-noconfig.cmake
[4.691s] -- Up-to-date: /home/vvoxel/ros2_ws_mgr/src/install/apriltag_msgs/share/apriltag_msgs/cmake/export_apriltag_msgs__rosidl_typesupport_fastrtps_cExport.cmake
[4.692s] -- Up-to-date: /home/vvoxel/ros2_ws_mgr/src/install/apriltag_msgs/share/apriltag_msgs/cmake/export_apriltag_msgs__rosidl_typesupport_fastrtps_cExport-noconfig.cmake
[4.692s] -- Up-to-date: /home/vvoxel/ros2_ws_mgr/src/install/apriltag_msgs/share/apriltag_msgs/cmake/apriltag_msgs__rosidl_typesupport_introspection_cExport.cmake
[4.693s] -- Up-to-date: /home/vvoxel/ros2_ws_mgr/src/install/apriltag_msgs/share/apriltag_msgs/cmake/apriltag_msgs__rosidl_typesupport_introspection_cExport-noconfig.cmake
[4.693s] -- Up-to-date: /home/vvoxel/ros2_ws_mgr/src/install/apriltag_msgs/share/apriltag_msgs/cmake/apriltag_msgs__rosidl_typesupport_cExport.cmake
[4.693s] -- Up-to-date: /home/vvoxel/ros2_ws_mgr/src/install/apriltag_msgs/share/apriltag_msgs/cmake/apriltag_msgs__rosidl_typesupport_cExport-noconfig.cmake
[4.693s] -- Up-to-date: /home/vvoxel/ros2_ws_mgr/src/install/apriltag_msgs/share/apriltag_msgs/cmake/export_apriltag_msgs__rosidl_generator_cppExport.cmake
[4.694s] -- Up-to-date: /home/vvoxel/ros2_ws_mgr/src/install/apriltag_msgs/share/apriltag_msgs/cmake/export_apriltag_msgs__rosidl_typesupport_fastrtps_cppExport.cmake
[4.694s] -- Up-to-date: /home/vvoxel/ros2_ws_mgr/src/install/apriltag_msgs/share/apriltag_msgs/cmake/export_apriltag_msgs__rosidl_typesupport_fastrtps_cppExport-noconfig.cmake
[4.694s] -- Up-to-date: /home/vvoxel/ros2_ws_mgr/src/install/apriltag_msgs/share/apriltag_msgs/cmake/apriltag_msgs__rosidl_typesupport_introspection_cppExport.cmake
[4.694s] -- Up-to-date: /home/vvoxel/ros2_ws_mgr/src/install/apriltag_msgs/share/apriltag_msgs/cmake/apriltag_msgs__rosidl_typesupport_introspection_cppExport-noconfig.cmake
[4.695s] -- Up-to-date: /home/vvoxel/ros2_ws_mgr/src/install/apriltag_msgs/share/apriltag_msgs/cmake/apriltag_msgs__rosidl_typesupport_cppExport.cmake
[4.696s] -- Up-to-date: /home/vvoxel/ros2_ws_mgr/src/install/apriltag_msgs/share/apriltag_msgs/cmake/apriltag_msgs__rosidl_typesupport_cppExport-noconfig.cmake
[4.696s] -- Up-to-date: /home/vvoxel/ros2_ws_mgr/src/install/apriltag_msgs/share/apriltag_msgs/cmake/export_apriltag_msgs__rosidl_generator_pyExport.cmake
[4.696s] -- Up-to-date: /home/vvoxel/ros2_ws_mgr/src/install/apriltag_msgs/share/apriltag_msgs/cmake/export_apriltag_msgs__rosidl_generator_pyExport-noconfig.cmake
[4.697s] -- Up-to-date: /home/vvoxel/ros2_ws_mgr/src/install/apriltag_msgs/share/apriltag_msgs/cmake/rosidl_cmake-extras.cmake
[4.697s] -- Up-to-date: /home/vvoxel/ros2_ws_mgr/src/install/apriltag_msgs/share/apriltag_msgs/cmake/ament_cmake_export_dependencies-extras.cmake
[4.697s] -- Up-to-date: /home/vvoxel/ros2_ws_mgr/src/install/apriltag_msgs/share/apriltag_msgs/cmake/ament_cmake_export_include_directories-extras.cmake
[4.697s] -- Up-to-date: /home/vvoxel/ros2_ws_mgr/src/install/apriltag_msgs/share/apriltag_msgs/cmake/ament_cmake_export_libraries-extras.cmake
[4.698s] -- Up-to-date: /home/vvoxel/ros2_ws_mgr/src/install/apriltag_msgs/share/apriltag_msgs/cmake/ament_cmake_export_targets-extras.cmake
[4.698s] -- Up-to-date: /home/vvoxel/ros2_ws_mgr/src/install/apriltag_msgs/share/apriltag_msgs/cmake/rosidl_cmake_export_typesupport_targets-extras.cmake
[4.698s] -- Up-to-date: /home/vvoxel/ros2_ws_mgr/src/install/apriltag_msgs/share/apriltag_msgs/cmake/rosidl_cmake_export_typesupport_libraries-extras.cmake
[4.698s] -- Up-to-date: /home/vvoxel/ros2_ws_mgr/src/install/apriltag_msgs/share/apriltag_msgs/cmake/apriltag_msgsConfig.cmake
[4.699s] -- Up-to-date: /home/vvoxel/ros2_ws_mgr/src/install/apriltag_msgs/share/apriltag_msgs/cmake/apriltag_msgsConfig-version.cmake
[4.699s] -- Up-to-date: /home/vvoxel/ros2_ws_mgr/src/install/apriltag_msgs/share/apriltag_msgs/package.xml
[5.211s] Invoked command in '/home/vvoxel/ros2_ws_mgr/src/build/apriltag_msgs' returned '0': CMAKE_PREFIX_PATH=${CMAKE_PREFIX_PATH}:/opt/ros/jazzy DEBUGINFOD_URLS=https://debuginfod.ubuntu.com /usr/bin/cmake --install /home/vvoxel/ros2_ws_mgr/src/build/apriltag_msgs
