[0.092s] Invoking command in '/home/vvoxel/ros2_ws_mgr/build/ros_gz_sim': CMAKE_PREFIX_PATH=/home/vvoxel/ros2_ws_mgr/install/sim_launcher:/opt/ros/jazzy:${CMAKE_PREFIX_PATH} DEBUGINFOD_URLS=https://debuginfod.ubuntu.com /usr/bin/cmake --build /home/vvoxel/ros2_ws_mgr/build/ros_gz_sim -- -j8 -l8
[0.376s] [  0%] Built target ament_cmake_python_symlink_ros_gz_sim
[0.421s] [  0%] Built target ament_cmake_python_symlink_ros_gz_sim_setup
[0.431s] [ 10%] Built target create
[0.565s] [ 25%] Built target gtest
[0.576s] [ 30%] Built target gtest_main
[0.667s] [ 40%] Built target gzserver
[0.745s] [ 50%] Built target gzserver_component
[0.848s] [ 60%] Built target test_create
[0.863s] [ 70%] Built target test_remove
[1.042s] [ 80%] Built target ros_gz_sim
[1.066s] [ 90%] Built target remove
[1.196s] [100%] Built target test_stopwatch
[1.861s] running egg_info
[1.947s] writing ros_gz_sim.egg-info/PKG-INFO
[1.950s] writing dependency_links to ros_gz_sim.egg-info/dependency_links.txt
[1.950s] writing entry points to ros_gz_sim.egg-info/entry_points.txt
[1.950s] writing top-level names to ros_gz_sim.egg-info/top_level.txt
[2.256s] reading manifest file 'ros_gz_sim.egg-info/SOURCES.txt'
[2.257s] writing manifest file 'ros_gz_sim.egg-info/SOURCES.txt'
[2.410s] [100%] Built target ament_cmake_python_build_ros_gz_sim_egg
[2.672s] Invoked command in '/home/vvoxel/ros2_ws_mgr/build/ros_gz_sim' returned '0': CMAKE_PREFIX_PATH=/home/vvoxel/ros2_ws_mgr/install/sim_launcher:/opt/ros/jazzy:${CMAKE_PREFIX_PATH} DEBUGINFOD_URLS=https://debuginfod.ubuntu.com /usr/bin/cmake --build /home/vvoxel/ros2_ws_mgr/build/ros_gz_sim -- -j8 -l8
[2.675s] Invoking command in '/home/vvoxel/ros2_ws_mgr/build/ros_gz_sim': CMAKE_PREFIX_PATH=/home/vvoxel/ros2_ws_mgr/install/sim_launcher:/opt/ros/jazzy:${CMAKE_PREFIX_PATH} DEBUGINFOD_URLS=https://debuginfod.ubuntu.com /usr/bin/cmake --install /home/vvoxel/ros2_ws_mgr/build/ros_gz_sim
[2.734s] -- Install configuration: ""
[2.737s] -- Execute custom install script
[2.740s] -- Up-to-date symlink: /home/vvoxel/ros2_ws_mgr/install/ros_gz_sim/share/ros_gz_sim/environment/pythonpath.sh
[2.746s] -- Up-to-date symlink: /home/vvoxel/ros2_ws_mgr/install/ros_gz_sim/share/ros_gz_sim/environment/pythonpath.dsv
[2.748s] -- Up-to-date symlink: /home/vvoxel/ros2_ws_mgr/install/ros_gz_sim/lib/python3.12/site-packages/ros_gz_sim-1.0.11-py3.12.egg-info/PKG-INFO
[2.749s] -- Up-to-date symlink: /home/vvoxel/ros2_ws_mgr/install/ros_gz_sim/lib/python3.12/site-packages/ros_gz_sim-1.0.11-py3.12.egg-info/SOURCES.txt
[2.750s] -- Up-to-date symlink: /home/vvoxel/ros2_ws_mgr/install/ros_gz_sim/lib/python3.12/site-packages/ros_gz_sim-1.0.11-py3.12.egg-info/dependency_links.txt
[2.751s] -- Up-to-date symlink: /home/vvoxel/ros2_ws_mgr/install/ros_gz_sim/lib/python3.12/site-packages/ros_gz_sim-1.0.11-py3.12.egg-info/entry_points.txt
[2.755s] -- Up-to-date symlink: /home/vvoxel/ros2_ws_mgr/install/ros_gz_sim/lib/python3.12/site-packages/ros_gz_sim-1.0.11-py3.12.egg-info/top_level.txt
[2.756s] -- Up-to-date symlink: /home/vvoxel/ros2_ws_mgr/install/ros_gz_sim/lib/python3.12/site-packages/ros_gz_sim/__init__.py
[2.758s] -- Up-to-date symlink: /home/vvoxel/ros2_ws_mgr/install/ros_gz_sim/lib/python3.12/site-packages/ros_gz_sim/actions/__init__.py
[2.761s] -- Up-to-date symlink: /home/vvoxel/ros2_ws_mgr/install/ros_gz_sim/lib/python3.12/site-packages/ros_gz_sim/actions/gz_spawn_model.py
[2.764s] -- Up-to-date symlink: /home/vvoxel/ros2_ws_mgr/install/ros_gz_sim/lib/python3.12/site-packages/ros_gz_sim/actions/gzserver.py
[2.768s] -- Up-to-date symlink: /home/vvoxel/ros2_ws_mgr/install/ros_gz_sim/include/ros_gz_sim/Stopwatch.hpp
[2.772s] -- Up-to-date symlink: /home/vvoxel/ros2_ws_mgr/install/ros_gz_sim/lib/ros_gz_sim/gzserver
[2.773s] -- Up-to-date symlink: /home/vvoxel/ros2_ws_mgr/install/ros_gz_sim/share/ros_gz_sim/launch/gz_sim.launch.py
[2.773s] -- Up-to-date symlink: /home/vvoxel/ros2_ws_mgr/install/ros_gz_sim/share/ros_gz_sim/launch/gz_server.launch
[2.773s] -- Up-to-date symlink: /home/vvoxel/ros2_ws_mgr/install/ros_gz_sim/share/ros_gz_sim/launch/gz_server.launch.py
[2.773s] -- Up-to-date symlink: /home/vvoxel/ros2_ws_mgr/install/ros_gz_sim/share/ros_gz_sim/launch/gz_spawn_model.launch
[2.774s] -- Up-to-date symlink: /home/vvoxel/ros2_ws_mgr/install/ros_gz_sim/share/ros_gz_sim/launch/gz_spawn_model.launch.py
[2.774s] -- Up-to-date symlink: /home/vvoxel/ros2_ws_mgr/install/ros_gz_sim/share/ros_gz_sim/launch/ros_gz_sim.launch
[2.779s] -- Up-to-date symlink: /home/vvoxel/ros2_ws_mgr/install/ros_gz_sim/share/ros_gz_sim/launch/ros_gz_sim.launch.py
[2.780s] -- Up-to-date symlink: /home/vvoxel/ros2_ws_mgr/install/ros_gz_sim/share/ros_gz_sim/launch/ros_gz_spawn_model.launch.py
[2.781s] -- Up-to-date symlink: /home/vvoxel/ros2_ws_mgr/install/ros_gz_sim/share/ros_gz_sim/launch/gz_remove_model.launch.py
[2.781s] -- Up-to-date symlink: /home/vvoxel/ros2_ws_mgr/install/ros_gz_sim/lib/ros_gz_sim/create
[2.786s] -- Up-to-date symlink: /home/vvoxel/ros2_ws_mgr/install/ros_gz_sim/lib/ros_gz_sim/remove
[2.786s] -- Up-to-date symlink: /home/vvoxel/ros2_ws_mgr/install/ros_gz_sim/lib/ros_gz_sim/gzserver
[2.788s] -- Up-to-date symlink: /home/vvoxel/ros2_ws_mgr/install/ros_gz_sim/lib/ros_gz_sim/test_stopwatch
[2.788s] -- Up-to-date symlink: /home/vvoxel/ros2_ws_mgr/install/ros_gz_sim/lib/ros_gz_sim/test_create
[2.788s] -- Up-to-date symlink: /home/vvoxel/ros2_ws_mgr/install/ros_gz_sim/lib/ros_gz_sim/test_remove
[2.790s] -- Up-to-date symlink: /home/vvoxel/ros2_ws_mgr/install/ros_gz_sim/share/ament_index/resource_index/package_run_dependencies/ros_gz_sim
[2.791s] -- Up-to-date symlink: /home/vvoxel/ros2_ws_mgr/install/ros_gz_sim/share/ament_index/resource_index/parent_prefix_path/ros_gz_sim
[2.792s] -- Up-to-date symlink: /home/vvoxel/ros2_ws_mgr/install/ros_gz_sim/share/ros_gz_sim/environment/ament_prefix_path.sh
[2.796s] -- Up-to-date symlink: /home/vvoxel/ros2_ws_mgr/install/ros_gz_sim/share/ros_gz_sim/environment/ament_prefix_path.dsv
[2.796s] -- Up-to-date symlink: /home/vvoxel/ros2_ws_mgr/install/ros_gz_sim/share/ros_gz_sim/environment/path.sh
[2.796s] -- Up-to-date symlink: /home/vvoxel/ros2_ws_mgr/install/ros_gz_sim/share/ros_gz_sim/environment/path.dsv
[2.797s] -- Up-to-date symlink: /home/vvoxel/ros2_ws_mgr/install/ros_gz_sim/share/ros_gz_sim/local_setup.bash
[2.797s] -- Up-to-date symlink: /home/vvoxel/ros2_ws_mgr/install/ros_gz_sim/share/ros_gz_sim/local_setup.sh
[2.797s] -- Up-to-date symlink: /home/vvoxel/ros2_ws_mgr/install/ros_gz_sim/share/ros_gz_sim/local_setup.zsh
[2.797s] -- Up-to-date symlink: /home/vvoxel/ros2_ws_mgr/install/ros_gz_sim/share/ros_gz_sim/local_setup.dsv
[2.798s] -- Symlinking: /home/vvoxel/ros2_ws_mgr/install/ros_gz_sim/share/ros_gz_sim/package.dsv
[2.819s] -- Up-to-date symlink: /home/vvoxel/ros2_ws_mgr/install/ros_gz_sim/share/ament_index/resource_index/packages/ros_gz_sim
[2.819s] -- Up-to-date symlink: /home/vvoxel/ros2_ws_mgr/install/ros_gz_sim/share/ament_index/resource_index/rclcpp_components/ros_gz_sim
[2.820s] -- Up-to-date symlink: /home/vvoxel/ros2_ws_mgr/install/ros_gz_sim/share/ros_gz_sim/cmake/ament_cmake_export_targets-extras.cmake
[2.824s] -- Up-to-date symlink: /home/vvoxel/ros2_ws_mgr/install/ros_gz_sim/share/ros_gz_sim/cmake/ament_cmake_export_dependencies-extras.cmake
[2.824s] -- Up-to-date symlink: /home/vvoxel/ros2_ws_mgr/install/ros_gz_sim/share/ros_gz_sim/cmake/ros_gz_simConfig.cmake
[2.824s] -- Up-to-date symlink: /home/vvoxel/ros2_ws_mgr/install/ros_gz_sim/share/ros_gz_sim/cmake/ros_gz_simConfig-version.cmake
[2.824s] -- Up-to-date symlink: /home/vvoxel/ros2_ws_mgr/install/ros_gz_sim/share/ros_gz_sim/package.xml
[2.838s] Listing '/home/vvoxel/ros2_ws_mgr/install/ros_gz_sim/lib/python3.12/site-packages/ros_gz_sim'...
[2.839s] Listing '/home/vvoxel/ros2_ws_mgr/install/ros_gz_sim/lib/python3.12/site-packages/ros_gz_sim/actions'...
[2.856s] -- Up-to-date: /home/vvoxel/ros2_ws_mgr/install/ros_gz_sim/lib/libgzserver_component.so
[2.857s] -- Up-to-date: /home/vvoxel/ros2_ws_mgr/install/ros_gz_sim/lib/libros_gz_sim.so
[2.857s] -- Up-to-date: /home/vvoxel/ros2_ws_mgr/install/ros_gz_sim/share/ros_gz_sim/cmake/export_gzserver_componentExport.cmake
[2.858s] -- Up-to-date: /home/vvoxel/ros2_ws_mgr/install/ros_gz_sim/share/ros_gz_sim/cmake/export_gzserver_componentExport-noconfig.cmake
[2.858s] -- Up-to-date: /home/vvoxel/ros2_ws_mgr/install/ros_gz_sim/share/ros_gz_sim/cmake/ros_gz_simExport.cmake
[2.858s] -- Up-to-date: /home/vvoxel/ros2_ws_mgr/install/ros_gz_sim/share/ros_gz_sim/cmake/ros_gz_simExport-noconfig.cmake
[3.339s] Invoked command in '/home/vvoxel/ros2_ws_mgr/build/ros_gz_sim' returned '0': CMAKE_PREFIX_PATH=/home/vvoxel/ros2_ws_mgr/install/sim_launcher:/opt/ros/jazzy:${CMAKE_PREFIX_PATH} DEBUGINFOD_URLS=https://debuginfod.ubuntu.com /usr/bin/cmake --install /home/vvoxel/ros2_ws_mgr/build/ros_gz_sim
