[  4%] Built target mtracker_joy
[  7%] Built target mtracker__rosidl_generator_type_description
[ 12%] Built target controller
[ 12%] Built target ament_cmake_python_copy_mtracker
[ 14%] Built target mtracker__cpp
[ 26%] Built target mtracker__rosidl_generator_c
[ 34%] Built target mtracker__rosidl_typesupport_cpp
[ 41%] Built target mtracker__rosidl_typesupport_introspection_c
[ 48%] Built target mtracker__rosidl_typesupport_fastrtps_cpp
[ 56%] Built target mtracker__rosidl_typesupport_c
[ 63%] Built target mtracker__rosidl_typesupport_introspection_cpp
[ 70%] Built target mtracker__rosidl_typesupport_fastrtps_c
[ 70%] Built target mtracker
[ 78%] Built target mtracker_drv
[ 80%] Built target mtracker__py
[ 85%] Built target mtracker__rosidl_generator_py
[ 90%] Built target mtracker_s__rosidl_typesupport_introspection_c
[ 95%] Built target mtracker_s__rosidl_typesupport_fastrtps_c
[100%] Built target mtracker_s__rosidl_typesupport_c
running egg_info
writing mtracker.egg-info/PKG-INFO
writing dependency_links to mtracker.egg-info/dependency_links.txt
writing top-level names to mtracker.egg-info/top_level.txt
reading manifest file 'mtracker.egg-info/SOURCES.txt'
writing manifest file 'mtracker.egg-info/SOURCES.txt'
[100%] Built target ament_cmake_python_build_mtracker_egg
-- Install configuration: ""
-- Installing: /home/vvoxel/ros2_ws_mgr/install/mtracker/share/mtracker//launch
-- Installing: /home/vvoxel/ros2_ws_mgr/install/mtracker/share/mtracker//launch/mtracker_master.launch.py
-- Installing: /home/vvoxel/ros2_ws_mgr/install/mtracker/share/mtracker//launch/mtracker_remote.launch
-- Installing: /home/vvoxel/ros2_ws_mgr/install/mtracker/share/ament_index/resource_index/rosidl_interfaces/mtracker
-- Installing: /home/vvoxel/ros2_ws_mgr/install/mtracker/share/mtracker/srv/Trigger.json
-- Installing: /home/vvoxel/ros2_ws_mgr/install/mtracker/include/mtracker/mtracker
-- Installing: /home/vvoxel/ros2_ws_mgr/install/mtracker/include/mtracker/mtracker/srv
-- Installing: /home/vvoxel/ros2_ws_mgr/install/mtracker/include/mtracker/mtracker/srv/trigger.h
-- Installing: /home/vvoxel/ros2_ws_mgr/install/mtracker/include/mtracker/mtracker/srv/detail
-- Installing: /home/vvoxel/ros2_ws_mgr/install/mtracker/include/mtracker/mtracker/srv/detail/trigger__type_support.c
-- Installing: /home/vvoxel/ros2_ws_mgr/install/mtracker/include/mtracker/mtracker/srv/detail/trigger__functions.c
-- Installing: /home/vvoxel/ros2_ws_mgr/install/mtracker/include/mtracker/mtracker/srv/detail/trigger__description.c
-- Installing: /home/vvoxel/ros2_ws_mgr/install/mtracker/include/mtracker/mtracker/srv/detail/trigger__struct.h
-- Installing: /home/vvoxel/ros2_ws_mgr/install/mtracker/include/mtracker/mtracker/srv/detail/trigger__functions.h
-- Installing: /home/vvoxel/ros2_ws_mgr/install/mtracker/include/mtracker/mtracker/srv/detail/trigger__type_support.h
-- Installing: /home/vvoxel/ros2_ws_mgr/install/mtracker/include/mtracker/mtracker/msg
-- Installing: /home/vvoxel/ros2_ws_mgr/install/mtracker/include/mtracker/mtracker/msg/rosidl_generator_c__visibility_control.h
-- Installing: /home/vvoxel/ros2_ws_mgr/install/mtracker/share/mtracker/environment/library_path.sh
-- Installing: /home/vvoxel/ros2_ws_mgr/install/mtracker/share/mtracker/environment/library_path.dsv
-- Installing: /home/vvoxel/ros2_ws_mgr/install/mtracker/lib/libmtracker__rosidl_generator_c.so
-- Set non-toolchain portion of runtime path of "/home/vvoxel/ros2_ws_mgr/install/mtracker/lib/libmtracker__rosidl_generator_c.so" to ""
-- Up-to-date: /home/vvoxel/ros2_ws_mgr/install/mtracker/include/mtracker/mtracker
-- Up-to-date: /home/vvoxel/ros2_ws_mgr/install/mtracker/include/mtracker/mtracker/srv
-- Up-to-date: /home/vvoxel/ros2_ws_mgr/install/mtracker/include/mtracker/mtracker/srv/detail
-- Installing: /home/vvoxel/ros2_ws_mgr/install/mtracker/include/mtracker/mtracker/srv/detail/trigger__rosidl_typesupport_fastrtps_c.h
-- Up-to-date: /home/vvoxel/ros2_ws_mgr/install/mtracker/include/mtracker/mtracker/msg
-- Installing: /home/vvoxel/ros2_ws_mgr/install/mtracker/include/mtracker/mtracker/msg/rosidl_typesupport_fastrtps_c__visibility_control.h
-- Installing: /home/vvoxel/ros2_ws_mgr/install/mtracker/lib/libmtracker__rosidl_typesupport_fastrtps_c.so
-- Set non-toolchain portion of runtime path of "/home/vvoxel/ros2_ws_mgr/install/mtracker/lib/libmtracker__rosidl_typesupport_fastrtps_c.so" to ""
-- Up-to-date: /home/vvoxel/ros2_ws_mgr/install/mtracker/include/mtracker/mtracker
-- Up-to-date: /home/vvoxel/ros2_ws_mgr/install/mtracker/include/mtracker/mtracker/srv
-- Installing: /home/vvoxel/ros2_ws_mgr/install/mtracker/include/mtracker/mtracker/srv/trigger.hpp
-- Up-to-date: /home/vvoxel/ros2_ws_mgr/install/mtracker/include/mtracker/mtracker/srv/detail
-- Installing: /home/vvoxel/ros2_ws_mgr/install/mtracker/include/mtracker/mtracker/srv/detail/trigger__type_support.hpp
-- Installing: /home/vvoxel/ros2_ws_mgr/install/mtracker/include/mtracker/mtracker/srv/detail/trigger__struct.hpp
-- Installing: /home/vvoxel/ros2_ws_mgr/install/mtracker/include/mtracker/mtracker/srv/detail/trigger__builder.hpp
-- Installing: /home/vvoxel/ros2_ws_mgr/install/mtracker/include/mtracker/mtracker/srv/detail/trigger__traits.hpp
-- Up-to-date: /home/vvoxel/ros2_ws_mgr/install/mtracker/include/mtracker/mtracker/msg
-- Installing: /home/vvoxel/ros2_ws_mgr/install/mtracker/include/mtracker/mtracker/msg/rosidl_generator_cpp__visibility_control.hpp
-- Up-to-date: /home/vvoxel/ros2_ws_mgr/install/mtracker/include/mtracker/mtracker
-- Up-to-date: /home/vvoxel/ros2_ws_mgr/install/mtracker/include/mtracker/mtracker/srv
-- Up-to-date: /home/vvoxel/ros2_ws_mgr/install/mtracker/include/mtracker/mtracker/srv/detail
-- Installing: /home/vvoxel/ros2_ws_mgr/install/mtracker/include/mtracker/mtracker/srv/detail/trigger__rosidl_typesupport_fastrtps_cpp.hpp
-- Installing: /home/vvoxel/ros2_ws_mgr/install/mtracker/include/mtracker/mtracker/srv/detail/dds_fastrtps
-- Up-to-date: /home/vvoxel/ros2_ws_mgr/install/mtracker/include/mtracker/mtracker/msg
-- Installing: /home/vvoxel/ros2_ws_mgr/install/mtracker/include/mtracker/mtracker/msg/rosidl_typesupport_fastrtps_cpp__visibility_control.h
-- Installing: /home/vvoxel/ros2_ws_mgr/install/mtracker/lib/libmtracker__rosidl_typesupport_fastrtps_cpp.so
-- Set non-toolchain portion of runtime path of "/home/vvoxel/ros2_ws_mgr/install/mtracker/lib/libmtracker__rosidl_typesupport_fastrtps_cpp.so" to ""
-- Up-to-date: /home/vvoxel/ros2_ws_mgr/install/mtracker/include/mtracker/mtracker
-- Up-to-date: /home/vvoxel/ros2_ws_mgr/install/mtracker/include/mtracker/mtracker/srv
-- Up-to-date: /home/vvoxel/ros2_ws_mgr/install/mtracker/include/mtracker/mtracker/srv/detail
-- Installing: /home/vvoxel/ros2_ws_mgr/install/mtracker/include/mtracker/mtracker/srv/detail/trigger__rosidl_typesupport_introspection_c.h
-- Installing: /home/vvoxel/ros2_ws_mgr/install/mtracker/include/mtracker/mtracker/srv/detail/trigger__type_support.c
-- Up-to-date: /home/vvoxel/ros2_ws_mgr/install/mtracker/include/mtracker/mtracker/msg
-- Installing: /home/vvoxel/ros2_ws_mgr/install/mtracker/include/mtracker/mtracker/msg/rosidl_typesupport_introspection_c__visibility_control.h
-- Installing: /home/vvoxel/ros2_ws_mgr/install/mtracker/lib/libmtracker__rosidl_typesupport_introspection_c.so
-- Set non-toolchain portion of runtime path of "/home/vvoxel/ros2_ws_mgr/install/mtracker/lib/libmtracker__rosidl_typesupport_introspection_c.so" to ""
-- Installing: /home/vvoxel/ros2_ws_mgr/install/mtracker/lib/libmtracker__rosidl_typesupport_c.so
-- Set non-toolchain portion of runtime path of "/home/vvoxel/ros2_ws_mgr/install/mtracker/lib/libmtracker__rosidl_typesupport_c.so" to ""
-- Up-to-date: /home/vvoxel/ros2_ws_mgr/install/mtracker/include/mtracker/mtracker
-- Up-to-date: /home/vvoxel/ros2_ws_mgr/install/mtracker/include/mtracker/mtracker/srv
-- Up-to-date: /home/vvoxel/ros2_ws_mgr/install/mtracker/include/mtracker/mtracker/srv/detail
-- Installing: /home/vvoxel/ros2_ws_mgr/install/mtracker/include/mtracker/mtracker/srv/detail/trigger__rosidl_typesupport_introspection_cpp.hpp
-- Installing: /home/vvoxel/ros2_ws_mgr/install/mtracker/include/mtracker/mtracker/srv/detail/trigger__type_support.cpp
-- Installing: /home/vvoxel/ros2_ws_mgr/install/mtracker/lib/libmtracker__rosidl_typesupport_introspection_cpp.so
-- Set non-toolchain portion of runtime path of "/home/vvoxel/ros2_ws_mgr/install/mtracker/lib/libmtracker__rosidl_typesupport_introspection_cpp.so" to ""
-- Installing: /home/vvoxel/ros2_ws_mgr/install/mtracker/lib/libmtracker__rosidl_typesupport_cpp.so
-- Set non-toolchain portion of runtime path of "/home/vvoxel/ros2_ws_mgr/install/mtracker/lib/libmtracker__rosidl_typesupport_cpp.so" to ""
-- Installing: /home/vvoxel/ros2_ws_mgr/install/mtracker/share/mtracker/environment/pythonpath.sh
-- Installing: /home/vvoxel/ros2_ws_mgr/install/mtracker/share/mtracker/environment/pythonpath.dsv
-- Installing: /home/vvoxel/ros2_ws_mgr/install/mtracker/lib/python3.12/site-packages/mtracker-0.0.0-py3.12.egg-info
-- Installing: /home/vvoxel/ros2_ws_mgr/install/mtracker/lib/python3.12/site-packages/mtracker-0.0.0-py3.12.egg-info/dependency_links.txt
-- Installing: /home/vvoxel/ros2_ws_mgr/install/mtracker/lib/python3.12/site-packages/mtracker-0.0.0-py3.12.egg-info/top_level.txt
-- Installing: /home/vvoxel/ros2_ws_mgr/install/mtracker/lib/python3.12/site-packages/mtracker-0.0.0-py3.12.egg-info/SOURCES.txt
-- Installing: /home/vvoxel/ros2_ws_mgr/install/mtracker/lib/python3.12/site-packages/mtracker-0.0.0-py3.12.egg-info/PKG-INFO
-- Installing: /home/vvoxel/ros2_ws_mgr/install/mtracker/lib/python3.12/site-packages/mtracker
-- Installing: /home/vvoxel/ros2_ws_mgr/install/mtracker/lib/python3.12/site-packages/mtracker/_mtracker_s.ep.rosidl_typesupport_c.c
-- Installing: /home/vvoxel/ros2_ws_mgr/install/mtracker/lib/python3.12/site-packages/mtracker/__init__.py
-- Installing: /home/vvoxel/ros2_ws_mgr/install/mtracker/lib/python3.12/site-packages/mtracker/srv
-- Installing: /home/vvoxel/ros2_ws_mgr/install/mtracker/lib/python3.12/site-packages/mtracker/srv/_trigger.py
-- Installing: /home/vvoxel/ros2_ws_mgr/install/mtracker/lib/python3.12/site-packages/mtracker/srv/__init__.py
-- Installing: /home/vvoxel/ros2_ws_mgr/install/mtracker/lib/python3.12/site-packages/mtracker/srv/_trigger_s.c
-- Installing: /home/vvoxel/ros2_ws_mgr/install/mtracker/lib/python3.12/site-packages/mtracker/_mtracker_s.ep.rosidl_typesupport_fastrtps_c.c
-- Installing: /home/vvoxel/ros2_ws_mgr/install/mtracker/lib/python3.12/site-packages/mtracker/_mtracker_s.ep.rosidl_typesupport_introspection_c.c
-- Installing: /home/vvoxel/ros2_ws_mgr/install/mtracker/lib/python3.12/site-packages/mtracker/mtracker_s__rosidl_typesupport_c.so
-- Installing: /home/vvoxel/ros2_ws_mgr/install/mtracker/lib/python3.12/site-packages/mtracker/mtracker_s__rosidl_typesupport_introspection_c.so
-- Installing: /home/vvoxel/ros2_ws_mgr/install/mtracker/lib/python3.12/site-packages/mtracker/mtracker_s__rosidl_typesupport_fastrtps_c.so
Listing '/home/vvoxel/ros2_ws_mgr/install/mtracker/lib/python3.12/site-packages/mtracker'...
Compiling '/home/vvoxel/ros2_ws_mgr/install/mtracker/lib/python3.12/site-packages/mtracker/__init__.py'...
Listing '/home/vvoxel/ros2_ws_mgr/install/mtracker/lib/python3.12/site-packages/mtracker/srv'...
Compiling '/home/vvoxel/ros2_ws_mgr/install/mtracker/lib/python3.12/site-packages/mtracker/srv/__init__.py'...
Compiling '/home/vvoxel/ros2_ws_mgr/install/mtracker/lib/python3.12/site-packages/mtracker/srv/_trigger.py'...
-- Installing: /home/vvoxel/ros2_ws_mgr/install/mtracker/lib/python3.12/site-packages/mtracker/mtracker_s__rosidl_typesupport_fastrtps_c.so
-- Set non-toolchain portion of runtime path of "/home/vvoxel/ros2_ws_mgr/install/mtracker/lib/python3.12/site-packages/mtracker/mtracker_s__rosidl_typesupport_fastrtps_c.so" to ""
-- Installing: /home/vvoxel/ros2_ws_mgr/install/mtracker/lib/python3.12/site-packages/mtracker/mtracker_s__rosidl_typesupport_introspection_c.so
-- Set non-toolchain portion of runtime path of "/home/vvoxel/ros2_ws_mgr/install/mtracker/lib/python3.12/site-packages/mtracker/mtracker_s__rosidl_typesupport_introspection_c.so" to ""
-- Installing: /home/vvoxel/ros2_ws_mgr/install/mtracker/lib/python3.12/site-packages/mtracker/mtracker_s__rosidl_typesupport_c.so
-- Set non-toolchain portion of runtime path of "/home/vvoxel/ros2_ws_mgr/install/mtracker/lib/python3.12/site-packages/mtracker/mtracker_s__rosidl_typesupport_c.so" to ""
-- Installing: /home/vvoxel/ros2_ws_mgr/install/mtracker/lib/libmtracker__rosidl_generator_py.so
-- Set non-toolchain portion of runtime path of "/home/vvoxel/ros2_ws_mgr/install/mtracker/lib/libmtracker__rosidl_generator_py.so" to ""
-- Installing: /home/vvoxel/ros2_ws_mgr/install/mtracker/share/mtracker/srv/Trigger.idl
-- Installing: /home/vvoxel/ros2_ws_mgr/install/mtracker/share/mtracker/srv/Trigger.srv
-- Installing: /home/vvoxel/ros2_ws_mgr/install/mtracker/lib/mtracker/mtracker_drv
-- Set non-toolchain portion of runtime path of "/home/vvoxel/ros2_ws_mgr/install/mtracker/lib/mtracker/mtracker_drv" to ""
-- Installing: /home/vvoxel/ros2_ws_mgr/install/mtracker/lib/mtracker/controller
-- Set non-toolchain portion of runtime path of "/home/vvoxel/ros2_ws_mgr/install/mtracker/lib/mtracker/controller" to ""
-- Installing: /home/vvoxel/ros2_ws_mgr/install/mtracker/lib/mtracker/mtracker_joy
-- Set non-toolchain portion of runtime path of "/home/vvoxel/ros2_ws_mgr/install/mtracker/lib/mtracker/mtracker_joy" to ""
-- Installing: /home/vvoxel/ros2_ws_mgr/install/mtracker/share/ament_index/resource_index/package_run_dependencies/mtracker
-- Installing: /home/vvoxel/ros2_ws_mgr/install/mtracker/share/ament_index/resource_index/parent_prefix_path/mtracker
-- Installing: /home/vvoxel/ros2_ws_mgr/install/mtracker/share/mtracker/environment/ament_prefix_path.sh
-- Installing: /home/vvoxel/ros2_ws_mgr/install/mtracker/share/mtracker/environment/ament_prefix_path.dsv
-- Installing: /home/vvoxel/ros2_ws_mgr/install/mtracker/share/mtracker/environment/path.sh
-- Installing: /home/vvoxel/ros2_ws_mgr/install/mtracker/share/mtracker/environment/path.dsv
-- Installing: /home/vvoxel/ros2_ws_mgr/install/mtracker/share/mtracker/local_setup.bash
-- Installing: /home/vvoxel/ros2_ws_mgr/install/mtracker/share/mtracker/local_setup.sh
-- Installing: /home/vvoxel/ros2_ws_mgr/install/mtracker/share/mtracker/local_setup.zsh
-- Installing: /home/vvoxel/ros2_ws_mgr/install/mtracker/share/mtracker/local_setup.dsv
-- Installing: /home/vvoxel/ros2_ws_mgr/install/mtracker/share/mtracker/package.dsv
-- Installing: /home/vvoxel/ros2_ws_mgr/install/mtracker/share/ament_index/resource_index/packages/mtracker
-- Installing: /home/vvoxel/ros2_ws_mgr/install/mtracker/share/mtracker/cmake/export_mtracker__rosidl_generator_cExport.cmake
-- Installing: /home/vvoxel/ros2_ws_mgr/install/mtracker/share/mtracker/cmake/export_mtracker__rosidl_generator_cExport-noconfig.cmake
-- Installing: /home/vvoxel/ros2_ws_mgr/install/mtracker/share/mtracker/cmake/export_mtracker__rosidl_typesupport_fastrtps_cExport.cmake
-- Installing: /home/vvoxel/ros2_ws_mgr/install/mtracker/share/mtracker/cmake/export_mtracker__rosidl_typesupport_fastrtps_cExport-noconfig.cmake
-- Installing: /home/vvoxel/ros2_ws_mgr/install/mtracker/share/mtracker/cmake/export_mtracker__rosidl_generator_cppExport.cmake
-- Installing: /home/vvoxel/ros2_ws_mgr/install/mtracker/share/mtracker/cmake/export_mtracker__rosidl_typesupport_fastrtps_cppExport.cmake
-- Installing: /home/vvoxel/ros2_ws_mgr/install/mtracker/share/mtracker/cmake/export_mtracker__rosidl_typesupport_fastrtps_cppExport-noconfig.cmake
-- Installing: /home/vvoxel/ros2_ws_mgr/install/mtracker/share/mtracker/cmake/mtracker__rosidl_typesupport_introspection_cExport.cmake
-- Installing: /home/vvoxel/ros2_ws_mgr/install/mtracker/share/mtracker/cmake/mtracker__rosidl_typesupport_introspection_cExport-noconfig.cmake
-- Installing: /home/vvoxel/ros2_ws_mgr/install/mtracker/share/mtracker/cmake/mtracker__rosidl_typesupport_cExport.cmake
-- Installing: /home/vvoxel/ros2_ws_mgr/install/mtracker/share/mtracker/cmake/mtracker__rosidl_typesupport_cExport-noconfig.cmake
-- Installing: /home/vvoxel/ros2_ws_mgr/install/mtracker/share/mtracker/cmake/mtracker__rosidl_typesupport_introspection_cppExport.cmake
-- Installing: /home/vvoxel/ros2_ws_mgr/install/mtracker/share/mtracker/cmake/mtracker__rosidl_typesupport_introspection_cppExport-noconfig.cmake
-- Installing: /home/vvoxel/ros2_ws_mgr/install/mtracker/share/mtracker/cmake/mtracker__rosidl_typesupport_cppExport.cmake
-- Installing: /home/vvoxel/ros2_ws_mgr/install/mtracker/share/mtracker/cmake/mtracker__rosidl_typesupport_cppExport-noconfig.cmake
-- Installing: /home/vvoxel/ros2_ws_mgr/install/mtracker/share/mtracker/cmake/export_mtracker__rosidl_generator_pyExport.cmake
-- Installing: /home/vvoxel/ros2_ws_mgr/install/mtracker/share/mtracker/cmake/export_mtracker__rosidl_generator_pyExport-noconfig.cmake
-- Installing: /home/vvoxel/ros2_ws_mgr/install/mtracker/share/mtracker/cmake/rosidl_cmake-extras.cmake
-- Installing: /home/vvoxel/ros2_ws_mgr/install/mtracker/share/mtracker/cmake/ament_cmake_export_dependencies-extras.cmake
-- Installing: /home/vvoxel/ros2_ws_mgr/install/mtracker/share/mtracker/cmake/ament_cmake_export_include_directories-extras.cmake
-- Installing: /home/vvoxel/ros2_ws_mgr/install/mtracker/share/mtracker/cmake/ament_cmake_export_libraries-extras.cmake
-- Installing: /home/vvoxel/ros2_ws_mgr/install/mtracker/share/mtracker/cmake/ament_cmake_export_targets-extras.cmake
-- Installing: /home/vvoxel/ros2_ws_mgr/install/mtracker/share/mtracker/cmake/rosidl_cmake_export_typesupport_targets-extras.cmake
-- Installing: /home/vvoxel/ros2_ws_mgr/install/mtracker/share/mtracker/cmake/rosidl_cmake_export_typesupport_libraries-extras.cmake
-- Installing: /home/vvoxel/ros2_ws_mgr/install/mtracker/share/mtracker/cmake/mtrackerConfig.cmake
-- Installing: /home/vvoxel/ros2_ws_mgr/install/mtracker/share/mtracker/cmake/mtrackerConfig-version.cmake
-- Installing: /home/vvoxel/ros2_ws_mgr/install/mtracker/share/mtracker/package.xml
