[0.047s] Invoking command in '/home/vvoxel/ros2_ws_mgr/build/mtracker': CMAKE_PREFIX_PATH=${CMAKE_PREFIX_PATH}:/opt/ros/jazzy DEBUGINFOD_URLS=https://debuginfod.ubuntu.com /usr/bin/cmake --build /home/vvoxel/ros2_ws_mgr/build/mtracker -- -j8 -l8
[1.456s] [  4%] Built target mtracker_joy
[1.457s] [  7%] Built target mtracker__rosidl_generator_type_description
[1.457s] [ 12%] Built target controller
[1.457s] [ 12%] Built target ament_cmake_python_copy_mtracker
[1.457s] [ 14%] Built target mtracker__cpp
[1.457s] [ 26%] Built target mtracker__rosidl_generator_c
[1.458s] [ 34%] Built target mtracker__rosidl_typesupport_cpp
[1.458s] [ 41%] Built target mtracker__rosidl_typesupport_introspection_c
[1.458s] [ 48%] Built target mtracker__rosidl_typesupport_fastrtps_cpp
[1.458s] [ 56%] Built target mtracker__rosidl_typesupport_c
[1.458s] [ 63%] Built target mtracker__rosidl_typesupport_introspection_cpp
[1.458s] [ 70%] Built target mtracker__rosidl_typesupport_fastrtps_c
[1.458s] [ 70%] Built target mtracker
[1.459s] [ 78%] Built target mtracker_drv
[1.459s] [ 80%] Built target mtracker__py
[1.459s] [ 85%] Built target mtracker__rosidl_generator_py
[1.459s] [ 90%] Built target mtracker_s__rosidl_typesupport_introspection_c
[1.459s] [ 95%] Built target mtracker_s__rosidl_typesupport_fastrtps_c
[1.468s] [100%] Built target mtracker_s__rosidl_typesupport_c
[1.468s] running egg_info
[1.535s] writing mtracker.egg-info/PKG-INFO
[1.535s] writing dependency_links to mtracker.egg-info/dependency_links.txt
[1.536s] writing top-level names to mtracker.egg-info/top_level.txt
[1.754s] reading manifest file 'mtracker.egg-info/SOURCES.txt'
[1.760s] writing manifest file 'mtracker.egg-info/SOURCES.txt'
[1.937s] [100%] Built target ament_cmake_python_build_mtracker_egg
[2.243s] Invoked command in '/home/vvoxel/ros2_ws_mgr/build/mtracker' returned '0': CMAKE_PREFIX_PATH=${CMAKE_PREFIX_PATH}:/opt/ros/jazzy DEBUGINFOD_URLS=https://debuginfod.ubuntu.com /usr/bin/cmake --build /home/vvoxel/ros2_ws_mgr/build/mtracker -- -j8 -l8
[2.244s] Invoking command in '/home/vvoxel/ros2_ws_mgr/build/mtracker': CMAKE_PREFIX_PATH=${CMAKE_PREFIX_PATH}:/opt/ros/jazzy DEBUGINFOD_URLS=https://debuginfod.ubuntu.com /usr/bin/cmake --install /home/vvoxel/ros2_ws_mgr/build/mtracker
[2.313s] -- Install configuration: ""
[2.313s] -- Installing: /home/vvoxel/ros2_ws_mgr/install/mtracker/share/mtracker//launch
[2.314s] -- Installing: /home/vvoxel/ros2_ws_mgr/install/mtracker/share/mtracker//launch/mtracker_master.launch.py
[2.314s] -- Installing: /home/vvoxel/ros2_ws_mgr/install/mtracker/share/mtracker//launch/mtracker_remote.launch
[2.319s] -- Installing: /home/vvoxel/ros2_ws_mgr/install/mtracker/share/ament_index/resource_index/rosidl_interfaces/mtracker
[2.322s] -- Installing: /home/vvoxel/ros2_ws_mgr/install/mtracker/share/mtracker/srv/Trigger.json
[2.323s] -- Installing: /home/vvoxel/ros2_ws_mgr/install/mtracker/include/mtracker/mtracker
[2.323s] -- Installing: /home/vvoxel/ros2_ws_mgr/install/mtracker/include/mtracker/mtracker/srv
[2.323s] -- Installing: /home/vvoxel/ros2_ws_mgr/install/mtracker/include/mtracker/mtracker/srv/trigger.h
[2.323s] -- Installing: /home/vvoxel/ros2_ws_mgr/install/mtracker/include/mtracker/mtracker/srv/detail
[2.323s] -- Installing: /home/vvoxel/ros2_ws_mgr/install/mtracker/include/mtracker/mtracker/srv/detail/trigger__type_support.c
[2.324s] -- Installing: /home/vvoxel/ros2_ws_mgr/install/mtracker/include/mtracker/mtracker/srv/detail/trigger__functions.c
[2.324s] -- Installing: /home/vvoxel/ros2_ws_mgr/install/mtracker/include/mtracker/mtracker/srv/detail/trigger__description.c
[2.324s] -- Installing: /home/vvoxel/ros2_ws_mgr/install/mtracker/include/mtracker/mtracker/srv/detail/trigger__struct.h
[2.327s] -- Installing: /home/vvoxel/ros2_ws_mgr/install/mtracker/include/mtracker/mtracker/srv/detail/trigger__functions.h
[2.327s] -- Installing: /home/vvoxel/ros2_ws_mgr/install/mtracker/include/mtracker/mtracker/srv/detail/trigger__type_support.h
[2.327s] -- Installing: /home/vvoxel/ros2_ws_mgr/install/mtracker/include/mtracker/mtracker/msg
[2.328s] -- Installing: /home/vvoxel/ros2_ws_mgr/install/mtracker/include/mtracker/mtracker/msg/rosidl_generator_c__visibility_control.h
[2.332s] -- Installing: /home/vvoxel/ros2_ws_mgr/install/mtracker/share/mtracker/environment/library_path.sh
[2.332s] -- Installing: /home/vvoxel/ros2_ws_mgr/install/mtracker/share/mtracker/environment/library_path.dsv
[2.332s] -- Installing: /home/vvoxel/ros2_ws_mgr/install/mtracker/lib/libmtracker__rosidl_generator_c.so
[2.332s] -- Set non-toolchain portion of runtime path of "/home/vvoxel/ros2_ws_mgr/install/mtracker/lib/libmtracker__rosidl_generator_c.so" to ""
[2.333s] -- Up-to-date: /home/vvoxel/ros2_ws_mgr/install/mtracker/include/mtracker/mtracker
[2.333s] -- Up-to-date: /home/vvoxel/ros2_ws_mgr/install/mtracker/include/mtracker/mtracker/srv
[2.333s] -- Up-to-date: /home/vvoxel/ros2_ws_mgr/install/mtracker/include/mtracker/mtracker/srv/detail
[2.333s] -- Installing: /home/vvoxel/ros2_ws_mgr/install/mtracker/include/mtracker/mtracker/srv/detail/trigger__rosidl_typesupport_fastrtps_c.h
[2.333s] -- Up-to-date: /home/vvoxel/ros2_ws_mgr/install/mtracker/include/mtracker/mtracker/msg
[2.334s] -- Installing: /home/vvoxel/ros2_ws_mgr/install/mtracker/include/mtracker/mtracker/msg/rosidl_typesupport_fastrtps_c__visibility_control.h
[2.335s] -- Installing: /home/vvoxel/ros2_ws_mgr/install/mtracker/lib/libmtracker__rosidl_typesupport_fastrtps_c.so
[2.335s] -- Set non-toolchain portion of runtime path of "/home/vvoxel/ros2_ws_mgr/install/mtracker/lib/libmtracker__rosidl_typesupport_fastrtps_c.so" to ""
[2.335s] -- Up-to-date: /home/vvoxel/ros2_ws_mgr/install/mtracker/include/mtracker/mtracker
[2.335s] -- Up-to-date: /home/vvoxel/ros2_ws_mgr/install/mtracker/include/mtracker/mtracker/srv
[2.335s] -- Installing: /home/vvoxel/ros2_ws_mgr/install/mtracker/include/mtracker/mtracker/srv/trigger.hpp
[2.338s] -- Up-to-date: /home/vvoxel/ros2_ws_mgr/install/mtracker/include/mtracker/mtracker/srv/detail
[2.338s] -- Installing: /home/vvoxel/ros2_ws_mgr/install/mtracker/include/mtracker/mtracker/srv/detail/trigger__type_support.hpp
[2.339s] -- Installing: /home/vvoxel/ros2_ws_mgr/install/mtracker/include/mtracker/mtracker/srv/detail/trigger__struct.hpp
[2.339s] -- Installing: /home/vvoxel/ros2_ws_mgr/install/mtracker/include/mtracker/mtracker/srv/detail/trigger__builder.hpp
[2.340s] -- Installing: /home/vvoxel/ros2_ws_mgr/install/mtracker/include/mtracker/mtracker/srv/detail/trigger__traits.hpp
[2.340s] -- Up-to-date: /home/vvoxel/ros2_ws_mgr/install/mtracker/include/mtracker/mtracker/msg
[2.340s] -- Installing: /home/vvoxel/ros2_ws_mgr/install/mtracker/include/mtracker/mtracker/msg/rosidl_generator_cpp__visibility_control.hpp
[2.342s] -- Up-to-date: /home/vvoxel/ros2_ws_mgr/install/mtracker/include/mtracker/mtracker
[2.343s] -- Up-to-date: /home/vvoxel/ros2_ws_mgr/install/mtracker/include/mtracker/mtracker/srv
[2.343s] -- Up-to-date: /home/vvoxel/ros2_ws_mgr/install/mtracker/include/mtracker/mtracker/srv/detail
[2.343s] -- Installing: /home/vvoxel/ros2_ws_mgr/install/mtracker/include/mtracker/mtracker/srv/detail/trigger__rosidl_typesupport_fastrtps_cpp.hpp
[2.343s] -- Installing: /home/vvoxel/ros2_ws_mgr/install/mtracker/include/mtracker/mtracker/srv/detail/dds_fastrtps
[2.343s] -- Up-to-date: /home/vvoxel/ros2_ws_mgr/install/mtracker/include/mtracker/mtracker/msg
[2.344s] -- Installing: /home/vvoxel/ros2_ws_mgr/install/mtracker/include/mtracker/mtracker/msg/rosidl_typesupport_fastrtps_cpp__visibility_control.h
[2.344s] -- Installing: /home/vvoxel/ros2_ws_mgr/install/mtracker/lib/libmtracker__rosidl_typesupport_fastrtps_cpp.so
[2.345s] -- Set non-toolchain portion of runtime path of "/home/vvoxel/ros2_ws_mgr/install/mtracker/lib/libmtracker__rosidl_typesupport_fastrtps_cpp.so" to ""
[2.345s] -- Up-to-date: /home/vvoxel/ros2_ws_mgr/install/mtracker/include/mtracker/mtracker
[2.346s] -- Up-to-date: /home/vvoxel/ros2_ws_mgr/install/mtracker/include/mtracker/mtracker/srv
[2.346s] -- Up-to-date: /home/vvoxel/ros2_ws_mgr/install/mtracker/include/mtracker/mtracker/srv/detail
[2.346s] -- Installing: /home/vvoxel/ros2_ws_mgr/install/mtracker/include/mtracker/mtracker/srv/detail/trigger__rosidl_typesupport_introspection_c.h
[2.346s] -- Installing: /home/vvoxel/ros2_ws_mgr/install/mtracker/include/mtracker/mtracker/srv/detail/trigger__type_support.c
[2.346s] -- Up-to-date: /home/vvoxel/ros2_ws_mgr/install/mtracker/include/mtracker/mtracker/msg
[2.347s] -- Installing: /home/vvoxel/ros2_ws_mgr/install/mtracker/include/mtracker/mtracker/msg/rosidl_typesupport_introspection_c__visibility_control.h
[2.348s] -- Installing: /home/vvoxel/ros2_ws_mgr/install/mtracker/lib/libmtracker__rosidl_typesupport_introspection_c.so
[2.349s] -- Set non-toolchain portion of runtime path of "/home/vvoxel/ros2_ws_mgr/install/mtracker/lib/libmtracker__rosidl_typesupport_introspection_c.so" to ""
[2.349s] -- Installing: /home/vvoxel/ros2_ws_mgr/install/mtracker/lib/libmtracker__rosidl_typesupport_c.so
[2.350s] -- Set non-toolchain portion of runtime path of "/home/vvoxel/ros2_ws_mgr/install/mtracker/lib/libmtracker__rosidl_typesupport_c.so" to ""
[2.350s] -- Up-to-date: /home/vvoxel/ros2_ws_mgr/install/mtracker/include/mtracker/mtracker
[2.350s] -- Up-to-date: /home/vvoxel/ros2_ws_mgr/install/mtracker/include/mtracker/mtracker/srv
[2.350s] -- Up-to-date: /home/vvoxel/ros2_ws_mgr/install/mtracker/include/mtracker/mtracker/srv/detail
[2.351s] -- Installing: /home/vvoxel/ros2_ws_mgr/install/mtracker/include/mtracker/mtracker/srv/detail/trigger__rosidl_typesupport_introspection_cpp.hpp
[2.351s] -- Installing: /home/vvoxel/ros2_ws_mgr/install/mtracker/include/mtracker/mtracker/srv/detail/trigger__type_support.cpp
[2.353s] -- Installing: /home/vvoxel/ros2_ws_mgr/install/mtracker/lib/libmtracker__rosidl_typesupport_introspection_cpp.so
[2.353s] -- Set non-toolchain portion of runtime path of "/home/vvoxel/ros2_ws_mgr/install/mtracker/lib/libmtracker__rosidl_typesupport_introspection_cpp.so" to ""
[2.353s] -- Installing: /home/vvoxel/ros2_ws_mgr/install/mtracker/lib/libmtracker__rosidl_typesupport_cpp.so
[2.353s] -- Set non-toolchain portion of runtime path of "/home/vvoxel/ros2_ws_mgr/install/mtracker/lib/libmtracker__rosidl_typesupport_cpp.so" to ""
[2.354s] -- Installing: /home/vvoxel/ros2_ws_mgr/install/mtracker/share/mtracker/environment/pythonpath.sh
[2.354s] -- Installing: /home/vvoxel/ros2_ws_mgr/install/mtracker/share/mtracker/environment/pythonpath.dsv
[2.354s] -- Installing: /home/vvoxel/ros2_ws_mgr/install/mtracker/lib/python3.12/site-packages/mtracker-0.0.0-py3.12.egg-info
[2.355s] -- Installing: /home/vvoxel/ros2_ws_mgr/install/mtracker/lib/python3.12/site-packages/mtracker-0.0.0-py3.12.egg-info/dependency_links.txt
[2.355s] -- Installing: /home/vvoxel/ros2_ws_mgr/install/mtracker/lib/python3.12/site-packages/mtracker-0.0.0-py3.12.egg-info/top_level.txt
[2.355s] -- Installing: /home/vvoxel/ros2_ws_mgr/install/mtracker/lib/python3.12/site-packages/mtracker-0.0.0-py3.12.egg-info/SOURCES.txt
[2.360s] -- Installing: /home/vvoxel/ros2_ws_mgr/install/mtracker/lib/python3.12/site-packages/mtracker-0.0.0-py3.12.egg-info/PKG-INFO
[2.361s] -- Installing: /home/vvoxel/ros2_ws_mgr/install/mtracker/lib/python3.12/site-packages/mtracker
[2.361s] -- Installing: /home/vvoxel/ros2_ws_mgr/install/mtracker/lib/python3.12/site-packages/mtracker/_mtracker_s.ep.rosidl_typesupport_c.c
[2.362s] -- Installing: /home/vvoxel/ros2_ws_mgr/install/mtracker/lib/python3.12/site-packages/mtracker/__init__.py
[2.362s] -- Installing: /home/vvoxel/ros2_ws_mgr/install/mtracker/lib/python3.12/site-packages/mtracker/srv
[2.362s] -- Installing: /home/vvoxel/ros2_ws_mgr/install/mtracker/lib/python3.12/site-packages/mtracker/srv/_trigger.py
[2.362s] -- Installing: /home/vvoxel/ros2_ws_mgr/install/mtracker/lib/python3.12/site-packages/mtracker/srv/__init__.py
[2.362s] -- Installing: /home/vvoxel/ros2_ws_mgr/install/mtracker/lib/python3.12/site-packages/mtracker/srv/_trigger_s.c
[2.362s] -- Installing: /home/vvoxel/ros2_ws_mgr/install/mtracker/lib/python3.12/site-packages/mtracker/_mtracker_s.ep.rosidl_typesupport_fastrtps_c.c
[2.363s] -- Installing: /home/vvoxel/ros2_ws_mgr/install/mtracker/lib/python3.12/site-packages/mtracker/_mtracker_s.ep.rosidl_typesupport_introspection_c.c
[2.363s] -- Installing: /home/vvoxel/ros2_ws_mgr/install/mtracker/lib/python3.12/site-packages/mtracker/mtracker_s__rosidl_typesupport_c.so
[2.363s] -- Installing: /home/vvoxel/ros2_ws_mgr/install/mtracker/lib/python3.12/site-packages/mtracker/mtracker_s__rosidl_typesupport_introspection_c.so
[2.363s] -- Installing: /home/vvoxel/ros2_ws_mgr/install/mtracker/lib/python3.12/site-packages/mtracker/mtracker_s__rosidl_typesupport_fastrtps_c.so
[2.434s] Listing '/home/vvoxel/ros2_ws_mgr/install/mtracker/lib/python3.12/site-packages/mtracker'...
[2.434s] Compiling '/home/vvoxel/ros2_ws_mgr/install/mtracker/lib/python3.12/site-packages/mtracker/__init__.py'...
[2.434s] Listing '/home/vvoxel/ros2_ws_mgr/install/mtracker/lib/python3.12/site-packages/mtracker/srv'...
[2.434s] Compiling '/home/vvoxel/ros2_ws_mgr/install/mtracker/lib/python3.12/site-packages/mtracker/srv/__init__.py'...
[2.434s] Compiling '/home/vvoxel/ros2_ws_mgr/install/mtracker/lib/python3.12/site-packages/mtracker/srv/_trigger.py'...
[2.450s] -- Installing: /home/vvoxel/ros2_ws_mgr/install/mtracker/lib/python3.12/site-packages/mtracker/mtracker_s__rosidl_typesupport_fastrtps_c.so
[2.450s] -- Set non-toolchain portion of runtime path of "/home/vvoxel/ros2_ws_mgr/install/mtracker/lib/python3.12/site-packages/mtracker/mtracker_s__rosidl_typesupport_fastrtps_c.so" to ""
[2.450s] -- Installing: /home/vvoxel/ros2_ws_mgr/install/mtracker/lib/python3.12/site-packages/mtracker/mtracker_s__rosidl_typesupport_introspection_c.so
[2.453s] -- Set non-toolchain portion of runtime path of "/home/vvoxel/ros2_ws_mgr/install/mtracker/lib/python3.12/site-packages/mtracker/mtracker_s__rosidl_typesupport_introspection_c.so" to ""
[2.453s] -- Installing: /home/vvoxel/ros2_ws_mgr/install/mtracker/lib/python3.12/site-packages/mtracker/mtracker_s__rosidl_typesupport_c.so
[2.453s] -- Set non-toolchain portion of runtime path of "/home/vvoxel/ros2_ws_mgr/install/mtracker/lib/python3.12/site-packages/mtracker/mtracker_s__rosidl_typesupport_c.so" to ""
[2.453s] -- Installing: /home/vvoxel/ros2_ws_mgr/install/mtracker/lib/libmtracker__rosidl_generator_py.so
[2.453s] -- Set non-toolchain portion of runtime path of "/home/vvoxel/ros2_ws_mgr/install/mtracker/lib/libmtracker__rosidl_generator_py.so" to ""
[2.454s] -- Installing: /home/vvoxel/ros2_ws_mgr/install/mtracker/share/mtracker/srv/Trigger.idl
[2.454s] -- Installing: /home/vvoxel/ros2_ws_mgr/install/mtracker/share/mtracker/srv/Trigger.srv
[2.454s] -- Installing: /home/vvoxel/ros2_ws_mgr/install/mtracker/lib/mtracker/mtracker_drv
[2.466s] -- Set non-toolchain portion of runtime path of "/home/vvoxel/ros2_ws_mgr/install/mtracker/lib/mtracker/mtracker_drv" to ""
[2.466s] -- Installing: /home/vvoxel/ros2_ws_mgr/install/mtracker/lib/mtracker/controller
[2.466s] -- Set non-toolchain portion of runtime path of "/home/vvoxel/ros2_ws_mgr/install/mtracker/lib/mtracker/controller" to ""
[2.466s] -- Installing: /home/vvoxel/ros2_ws_mgr/install/mtracker/lib/mtracker/mtracker_joy
[2.466s] -- Set non-toolchain portion of runtime path of "/home/vvoxel/ros2_ws_mgr/install/mtracker/lib/mtracker/mtracker_joy" to ""
[2.467s] -- Installing: /home/vvoxel/ros2_ws_mgr/install/mtracker/share/ament_index/resource_index/package_run_dependencies/mtracker
[2.467s] -- Installing: /home/vvoxel/ros2_ws_mgr/install/mtracker/share/ament_index/resource_index/parent_prefix_path/mtracker
[2.467s] -- Installing: /home/vvoxel/ros2_ws_mgr/install/mtracker/share/mtracker/environment/ament_prefix_path.sh
[2.467s] -- Installing: /home/vvoxel/ros2_ws_mgr/install/mtracker/share/mtracker/environment/ament_prefix_path.dsv
[2.467s] -- Installing: /home/vvoxel/ros2_ws_mgr/install/mtracker/share/mtracker/environment/path.sh
[2.467s] -- Installing: /home/vvoxel/ros2_ws_mgr/install/mtracker/share/mtracker/environment/path.dsv
[2.467s] -- Installing: /home/vvoxel/ros2_ws_mgr/install/mtracker/share/mtracker/local_setup.bash
[2.468s] -- Installing: /home/vvoxel/ros2_ws_mgr/install/mtracker/share/mtracker/local_setup.sh
[2.468s] -- Installing: /home/vvoxel/ros2_ws_mgr/install/mtracker/share/mtracker/local_setup.zsh
[2.469s] -- Installing: /home/vvoxel/ros2_ws_mgr/install/mtracker/share/mtracker/local_setup.dsv
[2.469s] -- Installing: /home/vvoxel/ros2_ws_mgr/install/mtracker/share/mtracker/package.dsv
[2.469s] -- Installing: /home/vvoxel/ros2_ws_mgr/install/mtracker/share/ament_index/resource_index/packages/mtracker
[2.469s] -- Installing: /home/vvoxel/ros2_ws_mgr/install/mtracker/share/mtracker/cmake/export_mtracker__rosidl_generator_cExport.cmake
[2.469s] -- Installing: /home/vvoxel/ros2_ws_mgr/install/mtracker/share/mtracker/cmake/export_mtracker__rosidl_generator_cExport-noconfig.cmake
[2.469s] -- Installing: /home/vvoxel/ros2_ws_mgr/install/mtracker/share/mtracker/cmake/export_mtracker__rosidl_typesupport_fastrtps_cExport.cmake
[2.470s] -- Installing: /home/vvoxel/ros2_ws_mgr/install/mtracker/share/mtracker/cmake/export_mtracker__rosidl_typesupport_fastrtps_cExport-noconfig.cmake
[2.470s] -- Installing: /home/vvoxel/ros2_ws_mgr/install/mtracker/share/mtracker/cmake/export_mtracker__rosidl_generator_cppExport.cmake
[2.470s] -- Installing: /home/vvoxel/ros2_ws_mgr/install/mtracker/share/mtracker/cmake/export_mtracker__rosidl_typesupport_fastrtps_cppExport.cmake
[2.470s] -- Installing: /home/vvoxel/ros2_ws_mgr/install/mtracker/share/mtracker/cmake/export_mtracker__rosidl_typesupport_fastrtps_cppExport-noconfig.cmake
[2.470s] -- Installing: /home/vvoxel/ros2_ws_mgr/install/mtracker/share/mtracker/cmake/mtracker__rosidl_typesupport_introspection_cExport.cmake
[2.470s] -- Installing: /home/vvoxel/ros2_ws_mgr/install/mtracker/share/mtracker/cmake/mtracker__rosidl_typesupport_introspection_cExport-noconfig.cmake
[2.471s] -- Installing: /home/vvoxel/ros2_ws_mgr/install/mtracker/share/mtracker/cmake/mtracker__rosidl_typesupport_cExport.cmake
[2.471s] -- Installing: /home/vvoxel/ros2_ws_mgr/install/mtracker/share/mtracker/cmake/mtracker__rosidl_typesupport_cExport-noconfig.cmake
[2.471s] -- Installing: /home/vvoxel/ros2_ws_mgr/install/mtracker/share/mtracker/cmake/mtracker__rosidl_typesupport_introspection_cppExport.cmake
[2.472s] -- Installing: /home/vvoxel/ros2_ws_mgr/install/mtracker/share/mtracker/cmake/mtracker__rosidl_typesupport_introspection_cppExport-noconfig.cmake
[2.472s] -- Installing: /home/vvoxel/ros2_ws_mgr/install/mtracker/share/mtracker/cmake/mtracker__rosidl_typesupport_cppExport.cmake
[2.472s] -- Installing: /home/vvoxel/ros2_ws_mgr/install/mtracker/share/mtracker/cmake/mtracker__rosidl_typesupport_cppExport-noconfig.cmake
[2.472s] -- Installing: /home/vvoxel/ros2_ws_mgr/install/mtracker/share/mtracker/cmake/export_mtracker__rosidl_generator_pyExport.cmake
[2.472s] -- Installing: /home/vvoxel/ros2_ws_mgr/install/mtracker/share/mtracker/cmake/export_mtracker__rosidl_generator_pyExport-noconfig.cmake
[2.473s] -- Installing: /home/vvoxel/ros2_ws_mgr/install/mtracker/share/mtracker/cmake/rosidl_cmake-extras.cmake
[2.473s] -- Installing: /home/vvoxel/ros2_ws_mgr/install/mtracker/share/mtracker/cmake/ament_cmake_export_dependencies-extras.cmake
[2.473s] -- Installing: /home/vvoxel/ros2_ws_mgr/install/mtracker/share/mtracker/cmake/ament_cmake_export_include_directories-extras.cmake
[2.473s] -- Installing: /home/vvoxel/ros2_ws_mgr/install/mtracker/share/mtracker/cmake/ament_cmake_export_libraries-extras.cmake
[2.473s] -- Installing: /home/vvoxel/ros2_ws_mgr/install/mtracker/share/mtracker/cmake/ament_cmake_export_targets-extras.cmake
[2.474s] -- Installing: /home/vvoxel/ros2_ws_mgr/install/mtracker/share/mtracker/cmake/rosidl_cmake_export_typesupport_targets-extras.cmake
[2.474s] -- Installing: /home/vvoxel/ros2_ws_mgr/install/mtracker/share/mtracker/cmake/rosidl_cmake_export_typesupport_libraries-extras.cmake
[2.474s] -- Installing: /home/vvoxel/ros2_ws_mgr/install/mtracker/share/mtracker/cmake/mtrackerConfig.cmake
[2.474s] -- Installing: /home/vvoxel/ros2_ws_mgr/install/mtracker/share/mtracker/cmake/mtrackerConfig-version.cmake
[2.474s] -- Installing: /home/vvoxel/ros2_ws_mgr/install/mtracker/share/mtracker/package.xml
[2.542s] Invoked command in '/home/vvoxel/ros2_ws_mgr/build/mtracker' returned '0': CMAKE_PREFIX_PATH=${CMAKE_PREFIX_PATH}:/opt/ros/jazzy DEBUGINFOD_URLS=https://debuginfod.ubuntu.com /usr/bin/cmake --install /home/vvoxel/ros2_ws_mgr/build/mtracker
