[0.070s] Invoking command in '/home/vvoxel/ros2_ws_mgr/build/ros_gz_interfaces': CMAKE_PREFIX_PATH=/home/vvoxel/ros2_ws_mgr/install/g2o_driver:/home/vvoxel/ros2_ws_mgr/install/test_ros_gz_bridge:/home/vvoxel/ros2_ws_mgr/install/sim_launcher:/opt/ros/jazzy:/home/vvoxel/ros2_ws_mgr/install/slam:/home/vvoxel/ros2_ws_mgr/install/ros_gz:/home/vvoxel/ros2_ws_mgr/install/ros_gz_sim_demos:/home/vvoxel/ros2_ws_mgr/install/ros_gz_sim:/home/vvoxel/ros2_ws_mgr/install/ros_gz_image:/home/vvoxel/ros2_ws_mgr/install/ros_gz_bridge:/home/vvoxel/ros2_ws_mgr/install/ros_gz_interfaces:/home/vvoxel/ros2_ws_mgr/install/realsense2_description:/home/vvoxel/ros2_ws_mgr/install/realsense2_camera:/home/vvoxel/ros2_ws_mgr/install/realsense2_camera_msgs:/home/vvoxel/ros2_ws_mgr/install/mtracker:/home/vvoxel/ros2_ws_mgr/install/g2o:/home/vvoxel/ros2_ws_mgr/install/apriltag_ros:/home/vvoxel/ros2_ws_mgr/install/apriltag_msgs:/home/vvoxel/ros2_ws_mgr/install/apriltag:/home/vvoxel/ros2_ws_mgr/install/anglecalc:/opt/ros/jazzy/opt/gz_sim_vendor:/opt/ros/jazzy/opt/gz_sensors_vendor:/opt/ros/jazzy/opt/gz_physics_vendor:/opt/ros/jazzy/opt/sdformat_vendor:/opt/ros/jazzy/opt/gz_gui_vendor:/opt/ros/jazzy/opt/gz_transport_vendor:/opt/ros/jazzy/opt/gz_rendering_vendor:/opt/ros/jazzy/opt/gz_plugin_vendor:/opt/ros/jazzy/opt/gz_fuel_tools_vendor:/opt/ros/jazzy/opt/gz_msgs_vendor:/opt/ros/jazzy/opt/gz_common_vendor:/opt/ros/jazzy/opt/gz_math_vendor:/opt/ros/jazzy/opt/gz_utils_vendor:/opt/ros/jazzy/opt/gz_tools_vendor:/opt/ros/jazzy/opt/gz_ogre_next_vendor:/opt/ros/jazzy/opt/gz_dartsim_vendor:/opt/ros/jazzy/opt/gz_cmake_vendor DEBUGINFOD_URLS=https://debuginfod.ubuntu.com /usr/bin/cmake --build /home/vvoxel/ros2_ws_mgr/build/ros_gz_interfaces -- -j8 -l8
[0.275s] [  0%] Built target ros_gz_interfaces__rosidl_generator_type_description
[0.296s] [  0%] Built target ament_cmake_python_symlink_ros_gz_interfaces
[0.376s] [  0%] Built target ros_gz_interfaces__cpp
[0.552s] [ 28%] Built target ros_gz_interfaces__rosidl_generator_c
[0.702s] [ 38%] Built target ros_gz_interfaces__rosidl_typesupport_c
[0.739s] [ 48%] Built target ros_gz_interfaces__rosidl_typesupport_cpp
[0.741s] [ 57%] Built target ros_gz_interfaces__rosidl_typesupport_introspection_c
[0.763s] [ 67%] Built target ros_gz_interfaces__rosidl_typesupport_fastrtps_c
[0.777s] [ 87%] Built target ros_gz_interfaces__rosidl_typesupport_introspection_cpp
[0.778s] [ 87%] Built target ros_gz_interfaces__rosidl_typesupport_fastrtps_cpp
[0.860s] [ 87%] Built target ros_gz_interfaces
[0.983s] [ 87%] Built target ros_gz_interfaces__py
[1.126s] [ 97%] Built target ros_gz_interfaces__rosidl_generator_py
[1.218s] [ 98%] Built target ros_gz_interfaces_s__rosidl_typesupport_introspection_c
[1.252s] [ 99%] Built target ros_gz_interfaces_s__rosidl_typesupport_fastrtps_c
[1.253s] [100%] Built target ros_gz_interfaces_s__rosidl_typesupport_c
[1.340s] running egg_info
[1.398s] writing ros_gz_interfaces.egg-info/PKG-INFO
[1.399s] writing dependency_links to ros_gz_interfaces.egg-info/dependency_links.txt
[1.400s] writing top-level names to ros_gz_interfaces.egg-info/top_level.txt
[1.566s] reading manifest file 'ros_gz_interfaces.egg-info/SOURCES.txt'
[1.568s] writing manifest file 'ros_gz_interfaces.egg-info/SOURCES.txt'
[1.617s] [100%] Built target ament_cmake_python_build_ros_gz_interfaces_egg
