[0.112s] Invoking command in '/home/vvoxel/ros2_ws_mgr/build/mtracker': CMAKE_PREFIX_PATH=/home/vvoxel/ros2_ws_mgr/install/g2o_driver:/home/vvoxel/ros2_ws_mgr/install/test_ros_gz_bridge:/home/vvoxel/ros2_ws_mgr/install/sim_launcher:/opt/ros/jazzy:/home/vvoxel/ros2_ws_mgr/install/slam:/home/vvoxel/ros2_ws_mgr/install/ros_gz:/home/vvoxel/ros2_ws_mgr/install/ros_gz_sim_demos:/home/vvoxel/ros2_ws_mgr/install/ros_gz_sim:/home/vvoxel/ros2_ws_mgr/install/ros_gz_image:/home/vvoxel/ros2_ws_mgr/install/ros_gz_bridge:/home/vvoxel/ros2_ws_mgr/install/ros_gz_interfaces:/home/vvoxel/ros2_ws_mgr/install/realsense2_description:/home/vvoxel/ros2_ws_mgr/install/realsense2_camera:/home/vvoxel/ros2_ws_mgr/install/realsense2_camera_msgs:/home/vvoxel/ros2_ws_mgr/install/mtracker:/home/vvoxel/ros2_ws_mgr/install/g2o:/home/vvoxel/ros2_ws_mgr/install/apriltag_ros:/home/vvoxel/ros2_ws_mgr/install/apriltag_msgs:/home/vvoxel/ros2_ws_mgr/install/apriltag:/home/vvoxel/ros2_ws_mgr/install/anglecalc:/opt/ros/jazzy/opt/gz_sim_vendor:/opt/ros/jazzy/opt/gz_sensors_vendor:/opt/ros/jazzy/opt/gz_physics_vendor:/opt/ros/jazzy/opt/sdformat_vendor:/opt/ros/jazzy/opt/gz_gui_vendor:/opt/ros/jazzy/opt/gz_transport_vendor:/opt/ros/jazzy/opt/gz_rendering_vendor:/opt/ros/jazzy/opt/gz_plugin_vendor:/opt/ros/jazzy/opt/gz_fuel_tools_vendor:/opt/ros/jazzy/opt/gz_msgs_vendor:/opt/ros/jazzy/opt/gz_common_vendor:/opt/ros/jazzy/opt/gz_math_vendor:/opt/ros/jazzy/opt/gz_utils_vendor:/opt/ros/jazzy/opt/gz_tools_vendor:/opt/ros/jazzy/opt/gz_ogre_next_vendor:/opt/ros/jazzy/opt/gz_dartsim_vendor:/opt/ros/jazzy/opt/gz_cmake_vendor DEBUGINFOD_URLS=https://debuginfod.ubuntu.com /usr/bin/cmake --build /home/vvoxel/ros2_ws_mgr/build/mtracker -- -j8 -l8
[0.150s] [  2%] Built target mtracker__rosidl_generator_type_description
[0.169s] [ 12%] Built target mtracker_joy
[0.169s] [ 12%] Built target controller
[0.170s] [ 12%] Built target ament_cmake_python_symlink_mtracker
[0.192s] [ 14%] Built target mtracker__cpp
[0.192s] [ 26%] Built target mtracker__rosidl_generator_c
[0.243s] [ 34%] Built target mtracker__rosidl_typesupport_cpp
[0.263s] [ 41%] Built target mtracker__rosidl_typesupport_introspection_cpp
[0.271s] [ 48%] Built target mtracker__rosidl_typesupport_fastrtps_cpp
[0.273s] [ 56%] Built target mtracker__rosidl_typesupport_introspection_c
[0.274s] [ 63%] Built target mtracker__rosidl_typesupport_fastrtps_c
[0.277s] [ 70%] Built target mtracker__rosidl_typesupport_c
[0.363s] [ 78%] Built target mtracker_drv
[0.380s] [ 78%] Built target mtracker
[0.407s] [ 80%] Built target mtracker__py
[0.427s] [ 85%] Built target mtracker__rosidl_generator_py
[0.446s] [ 95%] Built target mtracker_s__rosidl_typesupport_c
[0.447s] [ 95%] Built target mtracker_s__rosidl_typesupport_fastrtps_c
[0.449s] [100%] Built target mtracker_s__rosidl_typesupport_introspection_c
[0.553s] running egg_info
[0.575s] writing mtracker.egg-info/PKG-INFO
[0.575s] writing dependency_links to mtracker.egg-info/dependency_links.txt
[0.575s] writing top-level names to mtracker.egg-info/top_level.txt
[0.644s] reading manifest file 'mtracker.egg-info/SOURCES.txt'
[0.645s] writing manifest file 'mtracker.egg-info/SOURCES.txt'
[0.687s] [100%] Built target ament_cmake_python_build_mtracker_egg
