[0.144s] Invoking command in '/home/vvoxel/ros2_ws_mgr/build/ros_gz_interfaces': CMAKE_PREFIX_PATH=/home/vvoxel/ros2_ws_mgr/install/test_ros_gz_bridge:/home/vvoxel/ros2_ws_mgr/install/sim_launcher:/opt/ros/jazzy:/home/vvoxel/ros2_ws_mgr/install/slam:/home/vvoxel/ros2_ws_mgr/install/ros_gz:/home/vvoxel/ros2_ws_mgr/install/ros_gz_sim_demos:/home/vvoxel/ros2_ws_mgr/install/ros_gz_sim:/home/vvoxel/ros2_ws_mgr/install/ros_gz_image:/home/vvoxel/ros2_ws_mgr/install/ros_gz_bridge:/home/vvoxel/ros2_ws_mgr/install/ros_gz_interfaces:/home/vvoxel/ros2_ws_mgr/install/realsense2_description:/home/vvoxel/ros2_ws_mgr/install/realsense2_camera:/home/vvoxel/ros2_ws_mgr/install/realsense2_camera_msgs:/home/vvoxel/ros2_ws_mgr/install/mtracker:/home/vvoxel/ros2_ws_mgr/install/g2o:/home/vvoxel/ros2_ws_mgr/install/apriltag_ros:/home/vvoxel/ros2_ws_mgr/install/apriltag_msgs:/home/vvoxel/ros2_ws_mgr/install/apriltag:/home/vvoxel/ros2_ws_mgr/install/anglecalc:/opt/ros/jazzy/opt/gz_sim_vendor:/opt/ros/jazzy/opt/gz_sensors_vendor:/opt/ros/jazzy/opt/gz_physics_vendor:/opt/ros/jazzy/opt/sdformat_vendor:/opt/ros/jazzy/opt/gz_gui_vendor:/opt/ros/jazzy/opt/gz_transport_vendor:/opt/ros/jazzy/opt/gz_rendering_vendor:/opt/ros/jazzy/opt/gz_plugin_vendor:/opt/ros/jazzy/opt/gz_fuel_tools_vendor:/opt/ros/jazzy/opt/gz_msgs_vendor:/opt/ros/jazzy/opt/gz_common_vendor:/opt/ros/jazzy/opt/gz_math_vendor:/opt/ros/jazzy/opt/gz_utils_vendor:/opt/ros/jazzy/opt/gz_tools_vendor:/opt/ros/jazzy/opt/gz_ogre_next_vendor:/opt/ros/jazzy/opt/gz_dartsim_vendor:/opt/ros/jazzy/opt/gz_cmake_vendor DEBUGINFOD_URLS=https://debuginfod.ubuntu.com /usr/bin/cmake --build /home/vvoxel/ros2_ws_mgr/build/ros_gz_interfaces -- -j8 -l8
[0.551s] [  0%] Built target ros_gz_interfaces__rosidl_generator_type_description
[0.611s] [  0%] Built target ament_cmake_python_symlink_ros_gz_interfaces
[0.838s] [  0%] Built target ros_gz_interfaces__cpp
[1.047s] [ 28%] Built target ros_gz_interfaces__rosidl_generator_c
[1.269s] [ 38%] Built target ros_gz_interfaces__rosidl_typesupport_fastrtps_c
[1.422s] [ 48%] Built target ros_gz_interfaces__rosidl_typesupport_cpp
[1.457s] [ 58%] Built target ros_gz_interfaces__rosidl_typesupport_fastrtps_cpp
[1.612s] [ 68%] Built target ros_gz_interfaces__rosidl_typesupport_introspection_cpp
[1.657s] [ 78%] Built target ros_gz_interfaces__rosidl_typesupport_c
[1.721s] [ 87%] Built target ros_gz_interfaces__rosidl_typesupport_introspection_c
[1.886s] [ 87%] Built target ros_gz_interfaces
[2.074s] [ 87%] Built target ros_gz_interfaces__py
[2.335s] [ 97%] Built target ros_gz_interfaces__rosidl_generator_py
[2.524s] [ 98%] Built target ros_gz_interfaces_s__rosidl_typesupport_fastrtps_c
[2.551s] [ 99%] Built target ros_gz_interfaces_s__rosidl_typesupport_introspection_c
[2.559s] [100%] Built target ros_gz_interfaces_s__rosidl_typesupport_c
[2.622s] running egg_info
[2.778s] writing ros_gz_interfaces.egg-info/PKG-INFO
[2.779s] writing dependency_links to ros_gz_interfaces.egg-info/dependency_links.txt
[2.781s] writing top-level names to ros_gz_interfaces.egg-info/top_level.txt
[3.247s] reading manifest file 'ros_gz_interfaces.egg-info/SOURCES.txt'
[3.250s] writing manifest file 'ros_gz_interfaces.egg-info/SOURCES.txt'
[3.406s] [100%] Built target ament_cmake_python_build_ros_gz_interfaces_egg
[3.547s] Invoked command in '/home/vvoxel/ros2_ws_mgr/build/ros_gz_interfaces' returned '0': CMAKE_PREFIX_PATH=/home/vvoxel/ros2_ws_mgr/install/test_ros_gz_bridge:/home/vvoxel/ros2_ws_mgr/install/sim_launcher:/opt/ros/jazzy:/home/vvoxel/ros2_ws_mgr/install/slam:/home/vvoxel/ros2_ws_mgr/install/ros_gz:/home/vvoxel/ros2_ws_mgr/install/ros_gz_sim_demos:/home/vvoxel/ros2_ws_mgr/install/ros_gz_sim:/home/vvoxel/ros2_ws_mgr/install/ros_gz_image:/home/vvoxel/ros2_ws_mgr/install/ros_gz_bridge:/home/vvoxel/ros2_ws_mgr/install/ros_gz_interfaces:/home/vvoxel/ros2_ws_mgr/install/realsense2_description:/home/vvoxel/ros2_ws_mgr/install/realsense2_camera:/home/vvoxel/ros2_ws_mgr/install/realsense2_camera_msgs:/home/vvoxel/ros2_ws_mgr/install/mtracker:/home/vvoxel/ros2_ws_mgr/install/g2o:/home/vvoxel/ros2_ws_mgr/install/apriltag_ros:/home/vvoxel/ros2_ws_mgr/install/apriltag_msgs:/home/vvoxel/ros2_ws_mgr/install/apriltag:/home/vvoxel/ros2_ws_mgr/install/anglecalc:/opt/ros/jazzy/opt/gz_sim_vendor:/opt/ros/jazzy/opt/gz_sensors_vendor:/opt/ros/jazzy/opt/gz_physics_vendor:/opt/ros/jazzy/opt/sdformat_vendor:/opt/ros/jazzy/opt/gz_gui_vendor:/opt/ros/jazzy/opt/gz_transport_vendor:/opt/ros/jazzy/opt/gz_rendering_vendor:/opt/ros/jazzy/opt/gz_plugin_vendor:/opt/ros/jazzy/opt/gz_fuel_tools_vendor:/opt/ros/jazzy/opt/gz_msgs_vendor:/opt/ros/jazzy/opt/gz_common_vendor:/opt/ros/jazzy/opt/gz_math_vendor:/opt/ros/jazzy/opt/gz_utils_vendor:/opt/ros/jazzy/opt/gz_tools_vendor:/opt/ros/jazzy/opt/gz_ogre_next_vendor:/opt/ros/jazzy/opt/gz_dartsim_vendor:/opt/ros/jazzy/opt/gz_cmake_vendor DEBUGINFOD_URLS=https://debuginfod.ubuntu.com /usr/bin/cmake --build /home/vvoxel/ros2_ws_mgr/build/ros_gz_interfaces -- -j8 -l8
[3.549s] Invoking command in '/home/vvoxel/ros2_ws_mgr/build/ros_gz_interfaces': CMAKE_PREFIX_PATH=/home/vvoxel/ros2_ws_mgr/install/test_ros_gz_bridge:/home/vvoxel/ros2_ws_mgr/install/sim_launcher:/opt/ros/jazzy:/home/vvoxel/ros2_ws_mgr/install/slam:/home/vvoxel/ros2_ws_mgr/install/ros_gz:/home/vvoxel/ros2_ws_mgr/install/ros_gz_sim_demos:/home/vvoxel/ros2_ws_mgr/install/ros_gz_sim:/home/vvoxel/ros2_ws_mgr/install/ros_gz_image:/home/vvoxel/ros2_ws_mgr/install/ros_gz_bridge:/home/vvoxel/ros2_ws_mgr/install/ros_gz_interfaces:/home/vvoxel/ros2_ws_mgr/install/realsense2_description:/home/vvoxel/ros2_ws_mgr/install/realsense2_camera:/home/vvoxel/ros2_ws_mgr/install/realsense2_camera_msgs:/home/vvoxel/ros2_ws_mgr/install/mtracker:/home/vvoxel/ros2_ws_mgr/install/g2o:/home/vvoxel/ros2_ws_mgr/install/apriltag_ros:/home/vvoxel/ros2_ws_mgr/install/apriltag_msgs:/home/vvoxel/ros2_ws_mgr/install/apriltag:/home/vvoxel/ros2_ws_mgr/install/anglecalc:/opt/ros/jazzy/opt/gz_sim_vendor:/opt/ros/jazzy/opt/gz_sensors_vendor:/opt/ros/jazzy/opt/gz_physics_vendor:/opt/ros/jazzy/opt/sdformat_vendor:/opt/ros/jazzy/opt/gz_gui_vendor:/opt/ros/jazzy/opt/gz_transport_vendor:/opt/ros/jazzy/opt/gz_rendering_vendor:/opt/ros/jazzy/opt/gz_plugin_vendor:/opt/ros/jazzy/opt/gz_fuel_tools_vendor:/opt/ros/jazzy/opt/gz_msgs_vendor:/opt/ros/jazzy/opt/gz_common_vendor:/opt/ros/jazzy/opt/gz_math_vendor:/opt/ros/jazzy/opt/gz_utils_vendor:/opt/ros/jazzy/opt/gz_tools_vendor:/opt/ros/jazzy/opt/gz_ogre_next_vendor:/opt/ros/jazzy/opt/gz_dartsim_vendor:/opt/ros/jazzy/opt/gz_cmake_vendor DEBUGINFOD_URLS=https://debuginfod.ubuntu.com /usr/bin/cmake --install /home/vvoxel/ros2_ws_mgr/build/ros_gz_interfaces
[3.647s] -- Install configuration: ""
[3.652s] -- Execute custom install script
[3.656s] -- Up-to-date symlink: /home/vvoxel/ros2_ws_mgr/install/ros_gz_interfaces/share/ament_index/resource_index/rosidl_interfaces/ros_gz_interfaces
[3.664s] -- Up-to-date symlink: /home/vvoxel/ros2_ws_mgr/install/ros_gz_interfaces/share/ros_gz_interfaces/msg/Altimeter.json
[3.668s] -- Up-to-date symlink: /home/vvoxel/ros2_ws_mgr/install/ros_gz_interfaces/share/ros_gz_interfaces/msg/Contact.json
[3.669s] -- Up-to-date symlink: /home/vvoxel/ros2_ws_mgr/install/ros_gz_interfaces/share/ros_gz_interfaces/msg/Contacts.json
[3.669s] -- Up-to-date symlink: /home/vvoxel/ros2_ws_mgr/install/ros_gz_interfaces/share/ros_gz_interfaces/msg/Dataframe.json
[3.670s] -- Up-to-date symlink: /home/vvoxel/ros2_ws_mgr/install/ros_gz_interfaces/share/ros_gz_interfaces/msg/Entity.json
[3.671s] -- Up-to-date symlink: /home/vvoxel/ros2_ws_mgr/install/ros_gz_interfaces/share/ros_gz_interfaces/msg/EntityFactory.json
[3.674s] -- Up-to-date symlink: /home/vvoxel/ros2_ws_mgr/install/ros_gz_interfaces/share/ros_gz_interfaces/msg/EntityWrench.json
[3.676s] -- Up-to-date symlink: /home/vvoxel/ros2_ws_mgr/install/ros_gz_interfaces/share/ros_gz_interfaces/msg/Float32Array.json
[3.676s] -- Up-to-date symlink: /home/vvoxel/ros2_ws_mgr/install/ros_gz_interfaces/share/ros_gz_interfaces/msg/GuiCamera.json
[3.677s] -- Up-to-date symlink: /home/vvoxel/ros2_ws_mgr/install/ros_gz_interfaces/share/ros_gz_interfaces/msg/JointWrench.json
[3.680s] -- Up-to-date symlink: /home/vvoxel/ros2_ws_mgr/install/ros_gz_interfaces/share/ros_gz_interfaces/msg/Light.json
[3.684s] -- Up-to-date symlink: /home/vvoxel/ros2_ws_mgr/install/ros_gz_interfaces/share/ros_gz_interfaces/msg/LogicalCameraImage.json
[3.685s] -- Up-to-date symlink: /home/vvoxel/ros2_ws_mgr/install/ros_gz_interfaces/share/ros_gz_interfaces/msg/LogicalCameraImageModel.json
[3.685s] -- Up-to-date symlink: /home/vvoxel/ros2_ws_mgr/install/ros_gz_interfaces/share/ros_gz_interfaces/msg/MaterialColor.json
[3.686s] -- Up-to-date symlink: /home/vvoxel/ros2_ws_mgr/install/ros_gz_interfaces/share/ros_gz_interfaces/msg/ParamVec.json
[3.689s] -- Up-to-date symlink: /home/vvoxel/ros2_ws_mgr/install/ros_gz_interfaces/share/ros_gz_interfaces/msg/SensorNoise.json
[3.690s] -- Up-to-date symlink: /home/vvoxel/ros2_ws_mgr/install/ros_gz_interfaces/share/ros_gz_interfaces/msg/StringVec.json
[3.692s] -- Up-to-date symlink: /home/vvoxel/ros2_ws_mgr/install/ros_gz_interfaces/share/ros_gz_interfaces/msg/TrackVisual.json
[3.694s] -- Up-to-date symlink: /home/vvoxel/ros2_ws_mgr/install/ros_gz_interfaces/share/ros_gz_interfaces/msg/VideoRecord.json
[3.696s] -- Up-to-date symlink: /home/vvoxel/ros2_ws_mgr/install/ros_gz_interfaces/share/ros_gz_interfaces/msg/WorldControl.json
[3.697s] -- Up-to-date symlink: /home/vvoxel/ros2_ws_mgr/install/ros_gz_interfaces/share/ros_gz_interfaces/msg/WorldReset.json
[3.698s] -- Up-to-date symlink: /home/vvoxel/ros2_ws_mgr/install/ros_gz_interfaces/share/ros_gz_interfaces/srv/ControlWorld.json
[3.700s] -- Up-to-date symlink: /home/vvoxel/ros2_ws_mgr/install/ros_gz_interfaces/share/ros_gz_interfaces/srv/DeleteEntity.json
[3.700s] -- Up-to-date symlink: /home/vvoxel/ros2_ws_mgr/install/ros_gz_interfaces/share/ros_gz_interfaces/srv/SetEntityPose.json
[3.701s] -- Up-to-date symlink: /home/vvoxel/ros2_ws_mgr/install/ros_gz_interfaces/share/ros_gz_interfaces/srv/SpawnEntity.json
[3.715s] -- Up-to-date symlink: /home/vvoxel/ros2_ws_mgr/install/ros_gz_interfaces/include/ros_gz_interfaces/ros_gz_interfaces/msg/altimeter.h
[3.716s] -- Up-to-date symlink: /home/vvoxel/ros2_ws_mgr/install/ros_gz_interfaces/include/ros_gz_interfaces/ros_gz_interfaces/msg/contact.h
[3.718s] -- Up-to-date symlink: /home/vvoxel/ros2_ws_mgr/install/ros_gz_interfaces/include/ros_gz_interfaces/ros_gz_interfaces/msg/contacts.h
[3.721s] -- Up-to-date symlink: /home/vvoxel/ros2_ws_mgr/install/ros_gz_interfaces/include/ros_gz_interfaces/ros_gz_interfaces/msg/dataframe.h
[3.726s] -- Up-to-date symlink: /home/vvoxel/ros2_ws_mgr/install/ros_gz_interfaces/include/ros_gz_interfaces/ros_gz_interfaces/msg/detail/altimeter__functions.h
[3.726s] -- Up-to-date symlink: /home/vvoxel/ros2_ws_mgr/install/ros_gz_interfaces/include/ros_gz_interfaces/ros_gz_interfaces/msg/detail/altimeter__struct.h
[3.726s] -- Up-to-date symlink: /home/vvoxel/ros2_ws_mgr/install/ros_gz_interfaces/include/ros_gz_interfaces/ros_gz_interfaces/msg/detail/altimeter__type_support.h
[3.727s] -- Up-to-date symlink: /home/vvoxel/ros2_ws_mgr/install/ros_gz_interfaces/include/ros_gz_interfaces/ros_gz_interfaces/msg/detail/contact__functions.h
[3.728s] -- Up-to-date symlink: /home/vvoxel/ros2_ws_mgr/install/ros_gz_interfaces/include/ros_gz_interfaces/ros_gz_interfaces/msg/detail/contact__struct.h
[3.729s] -- Up-to-date symlink: /home/vvoxel/ros2_ws_mgr/install/ros_gz_interfaces/include/ros_gz_interfaces/ros_gz_interfaces/msg/detail/contact__type_support.h
[3.729s] -- Up-to-date symlink: /home/vvoxel/ros2_ws_mgr/install/ros_gz_interfaces/include/ros_gz_interfaces/ros_gz_interfaces/msg/detail/contacts__functions.h
[3.730s] -- Up-to-date symlink: /home/vvoxel/ros2_ws_mgr/install/ros_gz_interfaces/include/ros_gz_interfaces/ros_gz_interfaces/msg/detail/contacts__struct.h
[3.731s] -- Up-to-date symlink: /home/vvoxel/ros2_ws_mgr/install/ros_gz_interfaces/include/ros_gz_interfaces/ros_gz_interfaces/msg/detail/contacts__type_support.h
[3.732s] -- Up-to-date symlink: /home/vvoxel/ros2_ws_mgr/install/ros_gz_interfaces/include/ros_gz_interfaces/ros_gz_interfaces/msg/detail/dataframe__functions.h
[3.732s] -- Up-to-date symlink: /home/vvoxel/ros2_ws_mgr/install/ros_gz_interfaces/include/ros_gz_interfaces/ros_gz_interfaces/msg/detail/dataframe__struct.h
[3.733s] -- Up-to-date symlink: /home/vvoxel/ros2_ws_mgr/install/ros_gz_interfaces/include/ros_gz_interfaces/ros_gz_interfaces/msg/detail/dataframe__type_support.h
[3.734s] -- Up-to-date symlink: /home/vvoxel/ros2_ws_mgr/install/ros_gz_interfaces/include/ros_gz_interfaces/ros_gz_interfaces/msg/detail/entity__functions.h
[3.735s] -- Up-to-date symlink: /home/vvoxel/ros2_ws_mgr/install/ros_gz_interfaces/include/ros_gz_interfaces/ros_gz_interfaces/msg/detail/entity__struct.h
[3.735s] -- Up-to-date symlink: /home/vvoxel/ros2_ws_mgr/install/ros_gz_interfaces/include/ros_gz_interfaces/ros_gz_interfaces/msg/detail/entity__type_support.h
[3.737s] -- Up-to-date symlink: /home/vvoxel/ros2_ws_mgr/install/ros_gz_interfaces/include/ros_gz_interfaces/ros_gz_interfaces/msg/detail/entity_factory__functions.h
[3.737s] -- Up-to-date symlink: /home/vvoxel/ros2_ws_mgr/install/ros_gz_interfaces/include/ros_gz_interfaces/ros_gz_interfaces/msg/detail/entity_factory__struct.h
[3.738s] -- Up-to-date symlink: /home/vvoxel/ros2_ws_mgr/install/ros_gz_interfaces/include/ros_gz_interfaces/ros_gz_interfaces/msg/detail/entity_factory__type_support.h
[3.738s] -- Up-to-date symlink: /home/vvoxel/ros2_ws_mgr/install/ros_gz_interfaces/include/ros_gz_interfaces/ros_gz_interfaces/msg/detail/entity_wrench__functions.h
[3.739s] -- Up-to-date symlink: /home/vvoxel/ros2_ws_mgr/install/ros_gz_interfaces/include/ros_gz_interfaces/ros_gz_interfaces/msg/detail/entity_wrench__struct.h
[3.741s] -- Up-to-date symlink: /home/vvoxel/ros2_ws_mgr/install/ros_gz_interfaces/include/ros_gz_interfaces/ros_gz_interfaces/msg/detail/entity_wrench__type_support.h
[3.742s] -- Up-to-date symlink: /home/vvoxel/ros2_ws_mgr/install/ros_gz_interfaces/include/ros_gz_interfaces/ros_gz_interfaces/msg/detail/float32_array__functions.h
[3.742s] -- Up-to-date symlink: /home/vvoxel/ros2_ws_mgr/install/ros_gz_interfaces/include/ros_gz_interfaces/ros_gz_interfaces/msg/detail/float32_array__struct.h
[3.743s] -- Up-to-date symlink: /home/vvoxel/ros2_ws_mgr/install/ros_gz_interfaces/include/ros_gz_interfaces/ros_gz_interfaces/msg/detail/float32_array__type_support.h
[3.743s] -- Up-to-date symlink: /home/vvoxel/ros2_ws_mgr/install/ros_gz_interfaces/include/ros_gz_interfaces/ros_gz_interfaces/msg/detail/gui_camera__functions.h
[3.744s] -- Up-to-date symlink: /home/vvoxel/ros2_ws_mgr/install/ros_gz_interfaces/include/ros_gz_interfaces/ros_gz_interfaces/msg/detail/gui_camera__struct.h
[3.745s] -- Up-to-date symlink: /home/vvoxel/ros2_ws_mgr/install/ros_gz_interfaces/include/ros_gz_interfaces/ros_gz_interfaces/msg/detail/gui_camera__type_support.h
[3.745s] -- Up-to-date symlink: /home/vvoxel/ros2_ws_mgr/install/ros_gz_interfaces/include/ros_gz_interfaces/ros_gz_interfaces/msg/detail/joint_wrench__functions.h
[3.746s] -- Up-to-date symlink: /home/vvoxel/ros2_ws_mgr/install/ros_gz_interfaces/include/ros_gz_interfaces/ros_gz_interfaces/msg/detail/joint_wrench__struct.h
[3.747s] -- Up-to-date symlink: /home/vvoxel/ros2_ws_mgr/install/ros_gz_interfaces/include/ros_gz_interfaces/ros_gz_interfaces/msg/detail/joint_wrench__type_support.h
[3.749s] -- Up-to-date symlink: /home/vvoxel/ros2_ws_mgr/install/ros_gz_interfaces/include/ros_gz_interfaces/ros_gz_interfaces/msg/detail/light__functions.h
[3.749s] -- Up-to-date symlink: /home/vvoxel/ros2_ws_mgr/install/ros_gz_interfaces/include/ros_gz_interfaces/ros_gz_interfaces/msg/detail/light__struct.h
[3.750s] -- Up-to-date symlink: /home/vvoxel/ros2_ws_mgr/install/ros_gz_interfaces/include/ros_gz_interfaces/ros_gz_interfaces/msg/detail/light__type_support.h
[3.751s] -- Up-to-date symlink: /home/vvoxel/ros2_ws_mgr/install/ros_gz_interfaces/include/ros_gz_interfaces/ros_gz_interfaces/msg/detail/logical_camera_image__functions.h
[3.751s] -- Up-to-date symlink: /home/vvoxel/ros2_ws_mgr/install/ros_gz_interfaces/include/ros_gz_interfaces/ros_gz_interfaces/msg/detail/logical_camera_image__struct.h
[3.751s] -- Up-to-date symlink: /home/vvoxel/ros2_ws_mgr/install/ros_gz_interfaces/include/ros_gz_interfaces/ros_gz_interfaces/msg/detail/logical_camera_image__type_support.h
[3.752s] -- Up-to-date symlink: /home/vvoxel/ros2_ws_mgr/install/ros_gz_interfaces/include/ros_gz_interfaces/ros_gz_interfaces/msg/detail/logical_camera_image_model__functions.h
[3.752s] -- Up-to-date symlink: /home/vvoxel/ros2_ws_mgr/install/ros_gz_interfaces/include/ros_gz_interfaces/ros_gz_interfaces/msg/detail/logical_camera_image_model__struct.h
[3.753s] -- Up-to-date symlink: /home/vvoxel/ros2_ws_mgr/install/ros_gz_interfaces/include/ros_gz_interfaces/ros_gz_interfaces/msg/detail/logical_camera_image_model__type_support.h
[3.753s] -- Up-to-date symlink: /home/vvoxel/ros2_ws_mgr/install/ros_gz_interfaces/include/ros_gz_interfaces/ros_gz_interfaces/msg/detail/material_color__functions.h
[3.754s] -- Up-to-date symlink: /home/vvoxel/ros2_ws_mgr/install/ros_gz_interfaces/include/ros_gz_interfaces/ros_gz_interfaces/msg/detail/material_color__struct.h
[3.755s] -- Up-to-date symlink: /home/vvoxel/ros2_ws_mgr/install/ros_gz_interfaces/include/ros_gz_interfaces/ros_gz_interfaces/msg/detail/material_color__type_support.h
[3.755s] -- Up-to-date symlink: /home/vvoxel/ros2_ws_mgr/install/ros_gz_interfaces/include/ros_gz_interfaces/ros_gz_interfaces/msg/detail/param_vec__functions.h
[3.756s] -- Up-to-date symlink: /home/vvoxel/ros2_ws_mgr/install/ros_gz_interfaces/include/ros_gz_interfaces/ros_gz_interfaces/msg/detail/param_vec__struct.h
[3.756s] -- Up-to-date symlink: /home/vvoxel/ros2_ws_mgr/install/ros_gz_interfaces/include/ros_gz_interfaces/ros_gz_interfaces/msg/detail/param_vec__type_support.h
[3.756s] -- Up-to-date symlink: /home/vvoxel/ros2_ws_mgr/install/ros_gz_interfaces/include/ros_gz_interfaces/ros_gz_interfaces/msg/detail/sensor_noise__functions.h
[3.756s] -- Up-to-date symlink: /home/vvoxel/ros2_ws_mgr/install/ros_gz_interfaces/include/ros_gz_interfaces/ros_gz_interfaces/msg/detail/sensor_noise__struct.h
[3.757s] -- Up-to-date symlink: /home/vvoxel/ros2_ws_mgr/install/ros_gz_interfaces/include/ros_gz_interfaces/ros_gz_interfaces/msg/detail/sensor_noise__type_support.h
[3.757s] -- Up-to-date symlink: /home/vvoxel/ros2_ws_mgr/install/ros_gz_interfaces/include/ros_gz_interfaces/ros_gz_interfaces/msg/detail/string_vec__functions.h
[3.757s] -- Up-to-date symlink: /home/vvoxel/ros2_ws_mgr/install/ros_gz_interfaces/include/ros_gz_interfaces/ros_gz_interfaces/msg/detail/string_vec__struct.h
[3.758s] -- Up-to-date symlink: /home/vvoxel/ros2_ws_mgr/install/ros_gz_interfaces/include/ros_gz_interfaces/ros_gz_interfaces/msg/detail/string_vec__type_support.h
[3.758s] -- Up-to-date symlink: /home/vvoxel/ros2_ws_mgr/install/ros_gz_interfaces/include/ros_gz_interfaces/ros_gz_interfaces/msg/detail/track_visual__functions.h
[3.758s] -- Up-to-date symlink: /home/vvoxel/ros2_ws_mgr/install/ros_gz_interfaces/include/ros_gz_interfaces/ros_gz_interfaces/msg/detail/track_visual__struct.h
[3.759s] -- Up-to-date symlink: /home/vvoxel/ros2_ws_mgr/install/ros_gz_interfaces/include/ros_gz_interfaces/ros_gz_interfaces/msg/detail/track_visual__type_support.h
[3.759s] -- Up-to-date symlink: /home/vvoxel/ros2_ws_mgr/install/ros_gz_interfaces/include/ros_gz_interfaces/ros_gz_interfaces/msg/detail/video_record__functions.h
[3.759s] -- Up-to-date symlink: /home/vvoxel/ros2_ws_mgr/install/ros_gz_interfaces/include/ros_gz_interfaces/ros_gz_interfaces/msg/detail/video_record__struct.h
[3.759s] -- Up-to-date symlink: /home/vvoxel/ros2_ws_mgr/install/ros_gz_interfaces/include/ros_gz_interfaces/ros_gz_interfaces/msg/detail/video_record__type_support.h
[3.760s] -- Up-to-date symlink: /home/vvoxel/ros2_ws_mgr/install/ros_gz_interfaces/include/ros_gz_interfaces/ros_gz_interfaces/msg/detail/world_control__functions.h
[3.760s] -- Up-to-date symlink: /home/vvoxel/ros2_ws_mgr/install/ros_gz_interfaces/include/ros_gz_interfaces/ros_gz_interfaces/msg/detail/world_control__struct.h
[3.761s] -- Up-to-date symlink: /home/vvoxel/ros2_ws_mgr/install/ros_gz_interfaces/include/ros_gz_interfaces/ros_gz_interfaces/msg/detail/world_control__type_support.h
[3.762s] -- Up-to-date symlink: /home/vvoxel/ros2_ws_mgr/install/ros_gz_interfaces/include/ros_gz_interfaces/ros_gz_interfaces/msg/detail/world_reset__functions.h
[3.765s] -- Up-to-date symlink: /home/vvoxel/ros2_ws_mgr/install/ros_gz_interfaces/include/ros_gz_interfaces/ros_gz_interfaces/msg/detail/world_reset__struct.h
[3.766s] -- Up-to-date symlink: /home/vvoxel/ros2_ws_mgr/install/ros_gz_interfaces/include/ros_gz_interfaces/ros_gz_interfaces/msg/detail/world_reset__type_support.h
[3.766s] -- Up-to-date symlink: /home/vvoxel/ros2_ws_mgr/install/ros_gz_interfaces/include/ros_gz_interfaces/ros_gz_interfaces/msg/entity.h
[3.767s] -- Up-to-date symlink: /home/vvoxel/ros2_ws_mgr/install/ros_gz_interfaces/include/ros_gz_interfaces/ros_gz_interfaces/msg/entity_factory.h
[3.768s] -- Up-to-date symlink: /home/vvoxel/ros2_ws_mgr/install/ros_gz_interfaces/include/ros_gz_interfaces/ros_gz_interfaces/msg/entity_wrench.h
[3.768s] -- Up-to-date symlink: /home/vvoxel/ros2_ws_mgr/install/ros_gz_interfaces/include/ros_gz_interfaces/ros_gz_interfaces/msg/float32_array.h
[3.769s] -- Up-to-date symlink: /home/vvoxel/ros2_ws_mgr/install/ros_gz_interfaces/include/ros_gz_interfaces/ros_gz_interfaces/msg/gui_camera.h
[3.769s] -- Up-to-date symlink: /home/vvoxel/ros2_ws_mgr/install/ros_gz_interfaces/include/ros_gz_interfaces/ros_gz_interfaces/msg/joint_wrench.h
[3.770s] -- Up-to-date symlink: /home/vvoxel/ros2_ws_mgr/install/ros_gz_interfaces/include/ros_gz_interfaces/ros_gz_interfaces/msg/light.h
[3.771s] -- Up-to-date symlink: /home/vvoxel/ros2_ws_mgr/install/ros_gz_interfaces/include/ros_gz_interfaces/ros_gz_interfaces/msg/logical_camera_image.h
[3.772s] -- Up-to-date symlink: /home/vvoxel/ros2_ws_mgr/install/ros_gz_interfaces/include/ros_gz_interfaces/ros_gz_interfaces/msg/logical_camera_image_model.h
[3.772s] -- Up-to-date symlink: /home/vvoxel/ros2_ws_mgr/install/ros_gz_interfaces/include/ros_gz_interfaces/ros_gz_interfaces/msg/material_color.h
[3.774s] -- Up-to-date symlink: /home/vvoxel/ros2_ws_mgr/install/ros_gz_interfaces/include/ros_gz_interfaces/ros_gz_interfaces/msg/param_vec.h
[3.775s] -- Up-to-date symlink: /home/vvoxel/ros2_ws_mgr/install/ros_gz_interfaces/include/ros_gz_interfaces/ros_gz_interfaces/msg/rosidl_generator_c__visibility_control.h
[3.775s] -- Up-to-date symlink: /home/vvoxel/ros2_ws_mgr/install/ros_gz_interfaces/include/ros_gz_interfaces/ros_gz_interfaces/msg/sensor_noise.h
[3.775s] -- Up-to-date symlink: /home/vvoxel/ros2_ws_mgr/install/ros_gz_interfaces/include/ros_gz_interfaces/ros_gz_interfaces/msg/string_vec.h
[3.776s] -- Up-to-date symlink: /home/vvoxel/ros2_ws_mgr/install/ros_gz_interfaces/include/ros_gz_interfaces/ros_gz_interfaces/msg/track_visual.h
[3.776s] -- Up-to-date symlink: /home/vvoxel/ros2_ws_mgr/install/ros_gz_interfaces/include/ros_gz_interfaces/ros_gz_interfaces/msg/video_record.h
[3.777s] -- Up-to-date symlink: /home/vvoxel/ros2_ws_mgr/install/ros_gz_interfaces/include/ros_gz_interfaces/ros_gz_interfaces/msg/world_control.h
[3.778s] -- Up-to-date symlink: /home/vvoxel/ros2_ws_mgr/install/ros_gz_interfaces/include/ros_gz_interfaces/ros_gz_interfaces/msg/world_reset.h
[3.778s] -- Up-to-date symlink: /home/vvoxel/ros2_ws_mgr/install/ros_gz_interfaces/include/ros_gz_interfaces/ros_gz_interfaces/srv/control_world.h
[3.779s] -- Up-to-date symlink: /home/vvoxel/ros2_ws_mgr/install/ros_gz_interfaces/include/ros_gz_interfaces/ros_gz_interfaces/srv/delete_entity.h
[3.779s] -- Up-to-date symlink: /home/vvoxel/ros2_ws_mgr/install/ros_gz_interfaces/include/ros_gz_interfaces/ros_gz_interfaces/srv/detail/control_world__functions.h
[3.779s] -- Up-to-date symlink: /home/vvoxel/ros2_ws_mgr/install/ros_gz_interfaces/include/ros_gz_interfaces/ros_gz_interfaces/srv/detail/control_world__struct.h
[3.780s] -- Up-to-date symlink: /home/vvoxel/ros2_ws_mgr/install/ros_gz_interfaces/include/ros_gz_interfaces/ros_gz_interfaces/srv/detail/control_world__type_support.h
[3.780s] -- Up-to-date symlink: /home/vvoxel/ros2_ws_mgr/install/ros_gz_interfaces/include/ros_gz_interfaces/ros_gz_interfaces/srv/detail/delete_entity__functions.h
[3.781s] -- Up-to-date symlink: /home/vvoxel/ros2_ws_mgr/install/ros_gz_interfaces/include/ros_gz_interfaces/ros_gz_interfaces/srv/detail/delete_entity__struct.h
[3.782s] -- Up-to-date symlink: /home/vvoxel/ros2_ws_mgr/install/ros_gz_interfaces/include/ros_gz_interfaces/ros_gz_interfaces/srv/detail/delete_entity__type_support.h
[3.783s] -- Up-to-date symlink: /home/vvoxel/ros2_ws_mgr/install/ros_gz_interfaces/include/ros_gz_interfaces/ros_gz_interfaces/srv/detail/set_entity_pose__functions.h
[3.784s] -- Up-to-date symlink: /home/vvoxel/ros2_ws_mgr/install/ros_gz_interfaces/include/ros_gz_interfaces/ros_gz_interfaces/srv/detail/set_entity_pose__struct.h
[3.784s] -- Up-to-date symlink: /home/vvoxel/ros2_ws_mgr/install/ros_gz_interfaces/include/ros_gz_interfaces/ros_gz_interfaces/srv/detail/set_entity_pose__type_support.h
[3.785s] -- Up-to-date symlink: /home/vvoxel/ros2_ws_mgr/install/ros_gz_interfaces/include/ros_gz_interfaces/ros_gz_interfaces/srv/detail/spawn_entity__functions.h
[3.785s] -- Up-to-date symlink: /home/vvoxel/ros2_ws_mgr/install/ros_gz_interfaces/include/ros_gz_interfaces/ros_gz_interfaces/srv/detail/spawn_entity__struct.h
[3.785s] -- Up-to-date symlink: /home/vvoxel/ros2_ws_mgr/install/ros_gz_interfaces/include/ros_gz_interfaces/ros_gz_interfaces/srv/detail/spawn_entity__type_support.h
[3.786s] -- Up-to-date symlink: /home/vvoxel/ros2_ws_mgr/install/ros_gz_interfaces/include/ros_gz_interfaces/ros_gz_interfaces/srv/set_entity_pose.h
[3.786s] -- Up-to-date symlink: /home/vvoxel/ros2_ws_mgr/install/ros_gz_interfaces/include/ros_gz_interfaces/ros_gz_interfaces/srv/spawn_entity.h
[3.786s] -- Up-to-date symlink: /home/vvoxel/ros2_ws_mgr/install/ros_gz_interfaces/share/ros_gz_interfaces/environment/library_path.sh
[3.786s] -- Up-to-date symlink: /home/vvoxel/ros2_ws_mgr/install/ros_gz_interfaces/share/ros_gz_interfaces/environment/library_path.dsv
[3.787s] -- Up-to-date symlink: /home/vvoxel/ros2_ws_mgr/install/ros_gz_interfaces/include/ros_gz_interfaces/ros_gz_interfaces/msg/detail/altimeter__rosidl_typesupport_fastrtps_c.h
[3.787s] -- Up-to-date symlink: /home/vvoxel/ros2_ws_mgr/install/ros_gz_interfaces/include/ros_gz_interfaces/ros_gz_interfaces/msg/detail/contact__rosidl_typesupport_fastrtps_c.h
[3.787s] -- Up-to-date symlink: /home/vvoxel/ros2_ws_mgr/install/ros_gz_interfaces/include/ros_gz_interfaces/ros_gz_interfaces/msg/detail/contacts__rosidl_typesupport_fastrtps_c.h
[3.788s] -- Up-to-date symlink: /home/vvoxel/ros2_ws_mgr/install/ros_gz_interfaces/include/ros_gz_interfaces/ros_gz_interfaces/msg/detail/dataframe__rosidl_typesupport_fastrtps_c.h
[3.788s] -- Up-to-date symlink: /home/vvoxel/ros2_ws_mgr/install/ros_gz_interfaces/include/ros_gz_interfaces/ros_gz_interfaces/msg/detail/entity__rosidl_typesupport_fastrtps_c.h
[3.788s] -- Up-to-date symlink: /home/vvoxel/ros2_ws_mgr/install/ros_gz_interfaces/include/ros_gz_interfaces/ros_gz_interfaces/msg/detail/entity_factory__rosidl_typesupport_fastrtps_c.h
[3.789s] -- Up-to-date symlink: /home/vvoxel/ros2_ws_mgr/install/ros_gz_interfaces/include/ros_gz_interfaces/ros_gz_interfaces/msg/detail/entity_wrench__rosidl_typesupport_fastrtps_c.h
[3.789s] -- Up-to-date symlink: /home/vvoxel/ros2_ws_mgr/install/ros_gz_interfaces/include/ros_gz_interfaces/ros_gz_interfaces/msg/detail/float32_array__rosidl_typesupport_fastrtps_c.h
[3.789s] -- Up-to-date symlink: /home/vvoxel/ros2_ws_mgr/install/ros_gz_interfaces/include/ros_gz_interfaces/ros_gz_interfaces/msg/detail/gui_camera__rosidl_typesupport_fastrtps_c.h
[3.789s] -- Up-to-date symlink: /home/vvoxel/ros2_ws_mgr/install/ros_gz_interfaces/include/ros_gz_interfaces/ros_gz_interfaces/msg/detail/joint_wrench__rosidl_typesupport_fastrtps_c.h
[3.790s] -- Up-to-date symlink: /home/vvoxel/ros2_ws_mgr/install/ros_gz_interfaces/include/ros_gz_interfaces/ros_gz_interfaces/msg/detail/light__rosidl_typesupport_fastrtps_c.h
[3.790s] -- Up-to-date symlink: /home/vvoxel/ros2_ws_mgr/install/ros_gz_interfaces/include/ros_gz_interfaces/ros_gz_interfaces/msg/detail/logical_camera_image__rosidl_typesupport_fastrtps_c.h
[3.790s] -- Up-to-date symlink: /home/vvoxel/ros2_ws_mgr/install/ros_gz_interfaces/include/ros_gz_interfaces/ros_gz_interfaces/msg/detail/logical_camera_image_model__rosidl_typesupport_fastrtps_c.h
[3.791s] -- Up-to-date symlink: /home/vvoxel/ros2_ws_mgr/install/ros_gz_interfaces/include/ros_gz_interfaces/ros_gz_interfaces/msg/detail/material_color__rosidl_typesupport_fastrtps_c.h
[3.791s] -- Up-to-date symlink: /home/vvoxel/ros2_ws_mgr/install/ros_gz_interfaces/include/ros_gz_interfaces/ros_gz_interfaces/msg/detail/param_vec__rosidl_typesupport_fastrtps_c.h
[3.791s] -- Up-to-date symlink: /home/vvoxel/ros2_ws_mgr/install/ros_gz_interfaces/include/ros_gz_interfaces/ros_gz_interfaces/msg/detail/sensor_noise__rosidl_typesupport_fastrtps_c.h
[3.791s] -- Up-to-date symlink: /home/vvoxel/ros2_ws_mgr/install/ros_gz_interfaces/include/ros_gz_interfaces/ros_gz_interfaces/msg/detail/string_vec__rosidl_typesupport_fastrtps_c.h
[3.792s] -- Up-to-date symlink: /home/vvoxel/ros2_ws_mgr/install/ros_gz_interfaces/include/ros_gz_interfaces/ros_gz_interfaces/msg/detail/track_visual__rosidl_typesupport_fastrtps_c.h
[3.792s] -- Up-to-date symlink: /home/vvoxel/ros2_ws_mgr/install/ros_gz_interfaces/include/ros_gz_interfaces/ros_gz_interfaces/msg/detail/video_record__rosidl_typesupport_fastrtps_c.h
[3.792s] -- Up-to-date symlink: /home/vvoxel/ros2_ws_mgr/install/ros_gz_interfaces/include/ros_gz_interfaces/ros_gz_interfaces/msg/detail/world_control__rosidl_typesupport_fastrtps_c.h
[3.792s] -- Up-to-date symlink: /home/vvoxel/ros2_ws_mgr/install/ros_gz_interfaces/include/ros_gz_interfaces/ros_gz_interfaces/msg/detail/world_reset__rosidl_typesupport_fastrtps_c.h
[3.793s] -- Up-to-date symlink: /home/vvoxel/ros2_ws_mgr/install/ros_gz_interfaces/include/ros_gz_interfaces/ros_gz_interfaces/msg/rosidl_typesupport_fastrtps_c__visibility_control.h
[3.793s] -- Up-to-date symlink: /home/vvoxel/ros2_ws_mgr/install/ros_gz_interfaces/include/ros_gz_interfaces/ros_gz_interfaces/srv/detail/control_world__rosidl_typesupport_fastrtps_c.h
[3.793s] -- Up-to-date symlink: /home/vvoxel/ros2_ws_mgr/install/ros_gz_interfaces/include/ros_gz_interfaces/ros_gz_interfaces/srv/detail/delete_entity__rosidl_typesupport_fastrtps_c.h
[3.794s] -- Up-to-date symlink: /home/vvoxel/ros2_ws_mgr/install/ros_gz_interfaces/include/ros_gz_interfaces/ros_gz_interfaces/srv/detail/set_entity_pose__rosidl_typesupport_fastrtps_c.h
[3.794s] -- Up-to-date symlink: /home/vvoxel/ros2_ws_mgr/install/ros_gz_interfaces/include/ros_gz_interfaces/ros_gz_interfaces/srv/detail/spawn_entity__rosidl_typesupport_fastrtps_c.h
[3.794s] -- Up-to-date symlink: /home/vvoxel/ros2_ws_mgr/install/ros_gz_interfaces/include/ros_gz_interfaces/ros_gz_interfaces/msg/altimeter.hpp
[3.795s] -- Up-to-date symlink: /home/vvoxel/ros2_ws_mgr/install/ros_gz_interfaces/include/ros_gz_interfaces/ros_gz_interfaces/msg/contact.hpp
[3.795s] -- Up-to-date symlink: /home/vvoxel/ros2_ws_mgr/install/ros_gz_interfaces/include/ros_gz_interfaces/ros_gz_interfaces/msg/contacts.hpp
[3.795s] -- Up-to-date symlink: /home/vvoxel/ros2_ws_mgr/install/ros_gz_interfaces/include/ros_gz_interfaces/ros_gz_interfaces/msg/dataframe.hpp
[3.795s] -- Up-to-date symlink: /home/vvoxel/ros2_ws_mgr/install/ros_gz_interfaces/include/ros_gz_interfaces/ros_gz_interfaces/msg/detail/altimeter__builder.hpp
[3.796s] -- Up-to-date symlink: /home/vvoxel/ros2_ws_mgr/install/ros_gz_interfaces/include/ros_gz_interfaces/ros_gz_interfaces/msg/detail/altimeter__struct.hpp
[3.796s] -- Up-to-date symlink: /home/vvoxel/ros2_ws_mgr/install/ros_gz_interfaces/include/ros_gz_interfaces/ros_gz_interfaces/msg/detail/altimeter__traits.hpp
[3.796s] -- Up-to-date symlink: /home/vvoxel/ros2_ws_mgr/install/ros_gz_interfaces/include/ros_gz_interfaces/ros_gz_interfaces/msg/detail/altimeter__type_support.hpp
[3.797s] -- Up-to-date symlink: /home/vvoxel/ros2_ws_mgr/install/ros_gz_interfaces/include/ros_gz_interfaces/ros_gz_interfaces/msg/detail/contact__builder.hpp
[3.797s] -- Up-to-date symlink: /home/vvoxel/ros2_ws_mgr/install/ros_gz_interfaces/include/ros_gz_interfaces/ros_gz_interfaces/msg/detail/contact__struct.hpp
[3.797s] -- Up-to-date symlink: /home/vvoxel/ros2_ws_mgr/install/ros_gz_interfaces/include/ros_gz_interfaces/ros_gz_interfaces/msg/detail/contact__traits.hpp
[3.798s] -- Up-to-date symlink: /home/vvoxel/ros2_ws_mgr/install/ros_gz_interfaces/include/ros_gz_interfaces/ros_gz_interfaces/msg/detail/contact__type_support.hpp
[3.798s] -- Up-to-date symlink: /home/vvoxel/ros2_ws_mgr/install/ros_gz_interfaces/include/ros_gz_interfaces/ros_gz_interfaces/msg/detail/contacts__builder.hpp
[3.798s] -- Up-to-date symlink: /home/vvoxel/ros2_ws_mgr/install/ros_gz_interfaces/include/ros_gz_interfaces/ros_gz_interfaces/msg/detail/contacts__struct.hpp
[3.798s] -- Up-to-date symlink: /home/vvoxel/ros2_ws_mgr/install/ros_gz_interfaces/include/ros_gz_interfaces/ros_gz_interfaces/msg/detail/contacts__traits.hpp
[3.799s] -- Up-to-date symlink: /home/vvoxel/ros2_ws_mgr/install/ros_gz_interfaces/include/ros_gz_interfaces/ros_gz_interfaces/msg/detail/contacts__type_support.hpp
[3.799s] -- Up-to-date symlink: /home/vvoxel/ros2_ws_mgr/install/ros_gz_interfaces/include/ros_gz_interfaces/ros_gz_interfaces/msg/detail/dataframe__builder.hpp
[3.799s] -- Up-to-date symlink: /home/vvoxel/ros2_ws_mgr/install/ros_gz_interfaces/include/ros_gz_interfaces/ros_gz_interfaces/msg/detail/dataframe__struct.hpp
[3.800s] -- Up-to-date symlink: /home/vvoxel/ros2_ws_mgr/install/ros_gz_interfaces/include/ros_gz_interfaces/ros_gz_interfaces/msg/detail/dataframe__traits.hpp
[3.800s] -- Up-to-date symlink: /home/vvoxel/ros2_ws_mgr/install/ros_gz_interfaces/include/ros_gz_interfaces/ros_gz_interfaces/msg/detail/dataframe__type_support.hpp
[3.800s] -- Up-to-date symlink: /home/vvoxel/ros2_ws_mgr/install/ros_gz_interfaces/include/ros_gz_interfaces/ros_gz_interfaces/msg/detail/entity__builder.hpp
[3.800s] -- Up-to-date symlink: /home/vvoxel/ros2_ws_mgr/install/ros_gz_interfaces/include/ros_gz_interfaces/ros_gz_interfaces/msg/detail/entity__struct.hpp
[3.801s] -- Up-to-date symlink: /home/vvoxel/ros2_ws_mgr/install/ros_gz_interfaces/include/ros_gz_interfaces/ros_gz_interfaces/msg/detail/entity__traits.hpp
[3.801s] -- Up-to-date symlink: /home/vvoxel/ros2_ws_mgr/install/ros_gz_interfaces/include/ros_gz_interfaces/ros_gz_interfaces/msg/detail/entity__type_support.hpp
[3.801s] -- Up-to-date symlink: /home/vvoxel/ros2_ws_mgr/install/ros_gz_interfaces/include/ros_gz_interfaces/ros_gz_interfaces/msg/detail/entity_factory__builder.hpp
[3.801s] -- Up-to-date symlink: /home/vvoxel/ros2_ws_mgr/install/ros_gz_interfaces/include/ros_gz_interfaces/ros_gz_interfaces/msg/detail/entity_factory__struct.hpp
[3.802s] -- Up-to-date symlink: /home/vvoxel/ros2_ws_mgr/install/ros_gz_interfaces/include/ros_gz_interfaces/ros_gz_interfaces/msg/detail/entity_factory__traits.hpp
[3.802s] -- Up-to-date symlink: /home/vvoxel/ros2_ws_mgr/install/ros_gz_interfaces/include/ros_gz_interfaces/ros_gz_interfaces/msg/detail/entity_factory__type_support.hpp
[3.803s] -- Up-to-date symlink: /home/vvoxel/ros2_ws_mgr/install/ros_gz_interfaces/include/ros_gz_interfaces/ros_gz_interfaces/msg/detail/entity_wrench__builder.hpp
[3.803s] -- Up-to-date symlink: /home/vvoxel/ros2_ws_mgr/install/ros_gz_interfaces/include/ros_gz_interfaces/ros_gz_interfaces/msg/detail/entity_wrench__struct.hpp
[3.803s] -- Up-to-date symlink: /home/vvoxel/ros2_ws_mgr/install/ros_gz_interfaces/include/ros_gz_interfaces/ros_gz_interfaces/msg/detail/entity_wrench__traits.hpp
[3.803s] -- Up-to-date symlink: /home/vvoxel/ros2_ws_mgr/install/ros_gz_interfaces/include/ros_gz_interfaces/ros_gz_interfaces/msg/detail/entity_wrench__type_support.hpp
[3.804s] -- Up-to-date symlink: /home/vvoxel/ros2_ws_mgr/install/ros_gz_interfaces/include/ros_gz_interfaces/ros_gz_interfaces/msg/detail/float32_array__builder.hpp
[3.804s] -- Up-to-date symlink: /home/vvoxel/ros2_ws_mgr/install/ros_gz_interfaces/include/ros_gz_interfaces/ros_gz_interfaces/msg/detail/float32_array__struct.hpp
[3.804s] -- Up-to-date symlink: /home/vvoxel/ros2_ws_mgr/install/ros_gz_interfaces/include/ros_gz_interfaces/ros_gz_interfaces/msg/detail/float32_array__traits.hpp
[3.805s] -- Up-to-date symlink: /home/vvoxel/ros2_ws_mgr/install/ros_gz_interfaces/include/ros_gz_interfaces/ros_gz_interfaces/msg/detail/float32_array__type_support.hpp
[3.805s] -- Up-to-date symlink: /home/vvoxel/ros2_ws_mgr/install/ros_gz_interfaces/include/ros_gz_interfaces/ros_gz_interfaces/msg/detail/gui_camera__builder.hpp
[3.805s] -- Up-to-date symlink: /home/vvoxel/ros2_ws_mgr/install/ros_gz_interfaces/include/ros_gz_interfaces/ros_gz_interfaces/msg/detail/gui_camera__struct.hpp
[3.805s] -- Up-to-date symlink: /home/vvoxel/ros2_ws_mgr/install/ros_gz_interfaces/include/ros_gz_interfaces/ros_gz_interfaces/msg/detail/gui_camera__traits.hpp
[3.806s] -- Up-to-date symlink: /home/vvoxel/ros2_ws_mgr/install/ros_gz_interfaces/include/ros_gz_interfaces/ros_gz_interfaces/msg/detail/gui_camera__type_support.hpp
[3.806s] -- Up-to-date symlink: /home/vvoxel/ros2_ws_mgr/install/ros_gz_interfaces/include/ros_gz_interfaces/ros_gz_interfaces/msg/detail/joint_wrench__builder.hpp
[3.806s] -- Up-to-date symlink: /home/vvoxel/ros2_ws_mgr/install/ros_gz_interfaces/include/ros_gz_interfaces/ros_gz_interfaces/msg/detail/joint_wrench__struct.hpp
[3.807s] -- Up-to-date symlink: /home/vvoxel/ros2_ws_mgr/install/ros_gz_interfaces/include/ros_gz_interfaces/ros_gz_interfaces/msg/detail/joint_wrench__traits.hpp
[3.807s] -- Up-to-date symlink: /home/vvoxel/ros2_ws_mgr/install/ros_gz_interfaces/include/ros_gz_interfaces/ros_gz_interfaces/msg/detail/joint_wrench__type_support.hpp
[3.807s] -- Up-to-date symlink: /home/vvoxel/ros2_ws_mgr/install/ros_gz_interfaces/include/ros_gz_interfaces/ros_gz_interfaces/msg/detail/light__builder.hpp
[3.807s] -- Up-to-date symlink: /home/vvoxel/ros2_ws_mgr/install/ros_gz_interfaces/include/ros_gz_interfaces/ros_gz_interfaces/msg/detail/light__struct.hpp
[3.808s] -- Up-to-date symlink: /home/vvoxel/ros2_ws_mgr/install/ros_gz_interfaces/include/ros_gz_interfaces/ros_gz_interfaces/msg/detail/light__traits.hpp
[3.808s] -- Up-to-date symlink: /home/vvoxel/ros2_ws_mgr/install/ros_gz_interfaces/include/ros_gz_interfaces/ros_gz_interfaces/msg/detail/light__type_support.hpp
[3.808s] -- Up-to-date symlink: /home/vvoxel/ros2_ws_mgr/install/ros_gz_interfaces/include/ros_gz_interfaces/ros_gz_interfaces/msg/detail/logical_camera_image__builder.hpp
[3.809s] -- Up-to-date symlink: /home/vvoxel/ros2_ws_mgr/install/ros_gz_interfaces/include/ros_gz_interfaces/ros_gz_interfaces/msg/detail/logical_camera_image__struct.hpp
[3.809s] -- Up-to-date symlink: /home/vvoxel/ros2_ws_mgr/install/ros_gz_interfaces/include/ros_gz_interfaces/ros_gz_interfaces/msg/detail/logical_camera_image__traits.hpp
[3.809s] -- Up-to-date symlink: /home/vvoxel/ros2_ws_mgr/install/ros_gz_interfaces/include/ros_gz_interfaces/ros_gz_interfaces/msg/detail/logical_camera_image__type_support.hpp
[3.809s] -- Up-to-date symlink: /home/vvoxel/ros2_ws_mgr/install/ros_gz_interfaces/include/ros_gz_interfaces/ros_gz_interfaces/msg/detail/logical_camera_image_model__builder.hpp
[3.810s] -- Up-to-date symlink: /home/vvoxel/ros2_ws_mgr/install/ros_gz_interfaces/include/ros_gz_interfaces/ros_gz_interfaces/msg/detail/logical_camera_image_model__struct.hpp
[3.810s] -- Up-to-date symlink: /home/vvoxel/ros2_ws_mgr/install/ros_gz_interfaces/include/ros_gz_interfaces/ros_gz_interfaces/msg/detail/logical_camera_image_model__traits.hpp
[3.810s] -- Up-to-date symlink: /home/vvoxel/ros2_ws_mgr/install/ros_gz_interfaces/include/ros_gz_interfaces/ros_gz_interfaces/msg/detail/logical_camera_image_model__type_support.hpp
[3.811s] -- Up-to-date symlink: /home/vvoxel/ros2_ws_mgr/install/ros_gz_interfaces/include/ros_gz_interfaces/ros_gz_interfaces/msg/detail/material_color__builder.hpp
[3.811s] -- Up-to-date symlink: /home/vvoxel/ros2_ws_mgr/install/ros_gz_interfaces/include/ros_gz_interfaces/ros_gz_interfaces/msg/detail/material_color__struct.hpp
[3.811s] -- Up-to-date symlink: /home/vvoxel/ros2_ws_mgr/install/ros_gz_interfaces/include/ros_gz_interfaces/ros_gz_interfaces/msg/detail/material_color__traits.hpp
[3.812s] -- Up-to-date symlink: /home/vvoxel/ros2_ws_mgr/install/ros_gz_interfaces/include/ros_gz_interfaces/ros_gz_interfaces/msg/detail/material_color__type_support.hpp
[3.812s] -- Up-to-date symlink: /home/vvoxel/ros2_ws_mgr/install/ros_gz_interfaces/include/ros_gz_interfaces/ros_gz_interfaces/msg/detail/param_vec__builder.hpp
[3.812s] -- Up-to-date symlink: /home/vvoxel/ros2_ws_mgr/install/ros_gz_interfaces/include/ros_gz_interfaces/ros_gz_interfaces/msg/detail/param_vec__struct.hpp
[3.812s] -- Up-to-date symlink: /home/vvoxel/ros2_ws_mgr/install/ros_gz_interfaces/include/ros_gz_interfaces/ros_gz_interfaces/msg/detail/param_vec__traits.hpp
[3.813s] -- Up-to-date symlink: /home/vvoxel/ros2_ws_mgr/install/ros_gz_interfaces/include/ros_gz_interfaces/ros_gz_interfaces/msg/detail/param_vec__type_support.hpp
[3.813s] -- Up-to-date symlink: /home/vvoxel/ros2_ws_mgr/install/ros_gz_interfaces/include/ros_gz_interfaces/ros_gz_interfaces/msg/detail/sensor_noise__builder.hpp
[3.813s] -- Up-to-date symlink: /home/vvoxel/ros2_ws_mgr/install/ros_gz_interfaces/include/ros_gz_interfaces/ros_gz_interfaces/msg/detail/sensor_noise__struct.hpp
[3.814s] -- Up-to-date symlink: /home/vvoxel/ros2_ws_mgr/install/ros_gz_interfaces/include/ros_gz_interfaces/ros_gz_interfaces/msg/detail/sensor_noise__traits.hpp
[3.814s] -- Up-to-date symlink: /home/vvoxel/ros2_ws_mgr/install/ros_gz_interfaces/include/ros_gz_interfaces/ros_gz_interfaces/msg/detail/sensor_noise__type_support.hpp
[3.814s] -- Up-to-date symlink: /home/vvoxel/ros2_ws_mgr/install/ros_gz_interfaces/include/ros_gz_interfaces/ros_gz_interfaces/msg/detail/string_vec__builder.hpp
[3.815s] -- Up-to-date symlink: /home/vvoxel/ros2_ws_mgr/install/ros_gz_interfaces/include/ros_gz_interfaces/ros_gz_interfaces/msg/detail/string_vec__struct.hpp
[3.815s] -- Up-to-date symlink: /home/vvoxel/ros2_ws_mgr/install/ros_gz_interfaces/include/ros_gz_interfaces/ros_gz_interfaces/msg/detail/string_vec__traits.hpp
[3.816s] -- Up-to-date symlink: /home/vvoxel/ros2_ws_mgr/install/ros_gz_interfaces/include/ros_gz_interfaces/ros_gz_interfaces/msg/detail/string_vec__type_support.hpp
[3.816s] -- Up-to-date symlink: /home/vvoxel/ros2_ws_mgr/install/ros_gz_interfaces/include/ros_gz_interfaces/ros_gz_interfaces/msg/detail/track_visual__builder.hpp
[3.816s] -- Up-to-date symlink: /home/vvoxel/ros2_ws_mgr/install/ros_gz_interfaces/include/ros_gz_interfaces/ros_gz_interfaces/msg/detail/track_visual__struct.hpp
[3.816s] -- Up-to-date symlink: /home/vvoxel/ros2_ws_mgr/install/ros_gz_interfaces/include/ros_gz_interfaces/ros_gz_interfaces/msg/detail/track_visual__traits.hpp
[3.817s] -- Up-to-date symlink: /home/vvoxel/ros2_ws_mgr/install/ros_gz_interfaces/include/ros_gz_interfaces/ros_gz_interfaces/msg/detail/track_visual__type_support.hpp
[3.817s] -- Up-to-date symlink: /home/vvoxel/ros2_ws_mgr/install/ros_gz_interfaces/include/ros_gz_interfaces/ros_gz_interfaces/msg/detail/video_record__builder.hpp
[3.817s] -- Up-to-date symlink: /home/vvoxel/ros2_ws_mgr/install/ros_gz_interfaces/include/ros_gz_interfaces/ros_gz_interfaces/msg/detail/video_record__struct.hpp
[3.817s] -- Up-to-date symlink: /home/vvoxel/ros2_ws_mgr/install/ros_gz_interfaces/include/ros_gz_interfaces/ros_gz_interfaces/msg/detail/video_record__traits.hpp
[3.818s] -- Up-to-date symlink: /home/vvoxel/ros2_ws_mgr/install/ros_gz_interfaces/include/ros_gz_interfaces/ros_gz_interfaces/msg/detail/video_record__type_support.hpp
[3.818s] -- Up-to-date symlink: /home/vvoxel/ros2_ws_mgr/install/ros_gz_interfaces/include/ros_gz_interfaces/ros_gz_interfaces/msg/detail/world_control__builder.hpp
[3.818s] -- Up-to-date symlink: /home/vvoxel/ros2_ws_mgr/install/ros_gz_interfaces/include/ros_gz_interfaces/ros_gz_interfaces/msg/detail/world_control__struct.hpp
[3.819s] -- Up-to-date symlink: /home/vvoxel/ros2_ws_mgr/install/ros_gz_interfaces/include/ros_gz_interfaces/ros_gz_interfaces/msg/detail/world_control__traits.hpp
[3.819s] -- Up-to-date symlink: /home/vvoxel/ros2_ws_mgr/install/ros_gz_interfaces/include/ros_gz_interfaces/ros_gz_interfaces/msg/detail/world_control__type_support.hpp
[3.819s] -- Up-to-date symlink: /home/vvoxel/ros2_ws_mgr/install/ros_gz_interfaces/include/ros_gz_interfaces/ros_gz_interfaces/msg/detail/world_reset__builder.hpp
[3.819s] -- Up-to-date symlink: /home/vvoxel/ros2_ws_mgr/install/ros_gz_interfaces/include/ros_gz_interfaces/ros_gz_interfaces/msg/detail/world_reset__struct.hpp
[3.820s] -- Up-to-date symlink: /home/vvoxel/ros2_ws_mgr/install/ros_gz_interfaces/include/ros_gz_interfaces/ros_gz_interfaces/msg/detail/world_reset__traits.hpp
[3.820s] -- Up-to-date symlink: /home/vvoxel/ros2_ws_mgr/install/ros_gz_interfaces/include/ros_gz_interfaces/ros_gz_interfaces/msg/detail/world_reset__type_support.hpp
[3.820s] -- Up-to-date symlink: /home/vvoxel/ros2_ws_mgr/install/ros_gz_interfaces/include/ros_gz_interfaces/ros_gz_interfaces/msg/entity.hpp
[3.821s] -- Up-to-date symlink: /home/vvoxel/ros2_ws_mgr/install/ros_gz_interfaces/include/ros_gz_interfaces/ros_gz_interfaces/msg/entity_factory.hpp
[3.821s] -- Up-to-date symlink: /home/vvoxel/ros2_ws_mgr/install/ros_gz_interfaces/include/ros_gz_interfaces/ros_gz_interfaces/msg/entity_wrench.hpp
[3.821s] -- Up-to-date symlink: /home/vvoxel/ros2_ws_mgr/install/ros_gz_interfaces/include/ros_gz_interfaces/ros_gz_interfaces/msg/float32_array.hpp
[3.821s] -- Up-to-date symlink: /home/vvoxel/ros2_ws_mgr/install/ros_gz_interfaces/include/ros_gz_interfaces/ros_gz_interfaces/msg/gui_camera.hpp
[3.822s] -- Up-to-date symlink: /home/vvoxel/ros2_ws_mgr/install/ros_gz_interfaces/include/ros_gz_interfaces/ros_gz_interfaces/msg/joint_wrench.hpp
[3.822s] -- Up-to-date symlink: /home/vvoxel/ros2_ws_mgr/install/ros_gz_interfaces/include/ros_gz_interfaces/ros_gz_interfaces/msg/light.hpp
[3.822s] -- Up-to-date symlink: /home/vvoxel/ros2_ws_mgr/install/ros_gz_interfaces/include/ros_gz_interfaces/ros_gz_interfaces/msg/logical_camera_image.hpp
[3.823s] -- Up-to-date symlink: /home/vvoxel/ros2_ws_mgr/install/ros_gz_interfaces/include/ros_gz_interfaces/ros_gz_interfaces/msg/logical_camera_image_model.hpp
[3.823s] -- Up-to-date symlink: /home/vvoxel/ros2_ws_mgr/install/ros_gz_interfaces/include/ros_gz_interfaces/ros_gz_interfaces/msg/material_color.hpp
[3.823s] -- Up-to-date symlink: /home/vvoxel/ros2_ws_mgr/install/ros_gz_interfaces/include/ros_gz_interfaces/ros_gz_interfaces/msg/param_vec.hpp
[3.823s] -- Up-to-date symlink: /home/vvoxel/ros2_ws_mgr/install/ros_gz_interfaces/include/ros_gz_interfaces/ros_gz_interfaces/msg/rosidl_generator_cpp__visibility_control.hpp
[3.824s] -- Up-to-date symlink: /home/vvoxel/ros2_ws_mgr/install/ros_gz_interfaces/include/ros_gz_interfaces/ros_gz_interfaces/msg/sensor_noise.hpp
[3.824s] -- Up-to-date symlink: /home/vvoxel/ros2_ws_mgr/install/ros_gz_interfaces/include/ros_gz_interfaces/ros_gz_interfaces/msg/string_vec.hpp
[3.824s] -- Up-to-date symlink: /home/vvoxel/ros2_ws_mgr/install/ros_gz_interfaces/include/ros_gz_interfaces/ros_gz_interfaces/msg/track_visual.hpp
[3.825s] -- Up-to-date symlink: /home/vvoxel/ros2_ws_mgr/install/ros_gz_interfaces/include/ros_gz_interfaces/ros_gz_interfaces/msg/video_record.hpp
[3.825s] -- Up-to-date symlink: /home/vvoxel/ros2_ws_mgr/install/ros_gz_interfaces/include/ros_gz_interfaces/ros_gz_interfaces/msg/world_control.hpp
[3.825s] -- Up-to-date symlink: /home/vvoxel/ros2_ws_mgr/install/ros_gz_interfaces/include/ros_gz_interfaces/ros_gz_interfaces/msg/world_reset.hpp
[3.825s] -- Up-to-date symlink: /home/vvoxel/ros2_ws_mgr/install/ros_gz_interfaces/include/ros_gz_interfaces/ros_gz_interfaces/srv/control_world.hpp
[3.826s] -- Up-to-date symlink: /home/vvoxel/ros2_ws_mgr/install/ros_gz_interfaces/include/ros_gz_interfaces/ros_gz_interfaces/srv/delete_entity.hpp
[3.826s] -- Up-to-date symlink: /home/vvoxel/ros2_ws_mgr/install/ros_gz_interfaces/include/ros_gz_interfaces/ros_gz_interfaces/srv/detail/control_world__builder.hpp
[3.827s] -- Up-to-date symlink: /home/vvoxel/ros2_ws_mgr/install/ros_gz_interfaces/include/ros_gz_interfaces/ros_gz_interfaces/srv/detail/control_world__struct.hpp
[3.827s] -- Up-to-date symlink: /home/vvoxel/ros2_ws_mgr/install/ros_gz_interfaces/include/ros_gz_interfaces/ros_gz_interfaces/srv/detail/control_world__traits.hpp
[3.827s] -- Up-to-date symlink: /home/vvoxel/ros2_ws_mgr/install/ros_gz_interfaces/include/ros_gz_interfaces/ros_gz_interfaces/srv/detail/control_world__type_support.hpp
[3.828s] -- Up-to-date symlink: /home/vvoxel/ros2_ws_mgr/install/ros_gz_interfaces/include/ros_gz_interfaces/ros_gz_interfaces/srv/detail/delete_entity__builder.hpp
[3.828s] -- Up-to-date symlink: /home/vvoxel/ros2_ws_mgr/install/ros_gz_interfaces/include/ros_gz_interfaces/ros_gz_interfaces/srv/detail/delete_entity__struct.hpp
[3.828s] -- Up-to-date symlink: /home/vvoxel/ros2_ws_mgr/install/ros_gz_interfaces/include/ros_gz_interfaces/ros_gz_interfaces/srv/detail/delete_entity__traits.hpp
[3.828s] -- Up-to-date symlink: /home/vvoxel/ros2_ws_mgr/install/ros_gz_interfaces/include/ros_gz_interfaces/ros_gz_interfaces/srv/detail/delete_entity__type_support.hpp
[3.829s] -- Up-to-date symlink: /home/vvoxel/ros2_ws_mgr/install/ros_gz_interfaces/include/ros_gz_interfaces/ros_gz_interfaces/srv/detail/set_entity_pose__builder.hpp
[3.829s] -- Up-to-date symlink: /home/vvoxel/ros2_ws_mgr/install/ros_gz_interfaces/include/ros_gz_interfaces/ros_gz_interfaces/srv/detail/set_entity_pose__struct.hpp
[3.829s] -- Up-to-date symlink: /home/vvoxel/ros2_ws_mgr/install/ros_gz_interfaces/include/ros_gz_interfaces/ros_gz_interfaces/srv/detail/set_entity_pose__traits.hpp
[3.830s] -- Up-to-date symlink: /home/vvoxel/ros2_ws_mgr/install/ros_gz_interfaces/include/ros_gz_interfaces/ros_gz_interfaces/srv/detail/set_entity_pose__type_support.hpp
[3.830s] -- Up-to-date symlink: /home/vvoxel/ros2_ws_mgr/install/ros_gz_interfaces/include/ros_gz_interfaces/ros_gz_interfaces/srv/detail/spawn_entity__builder.hpp
[3.830s] -- Up-to-date symlink: /home/vvoxel/ros2_ws_mgr/install/ros_gz_interfaces/include/ros_gz_interfaces/ros_gz_interfaces/srv/detail/spawn_entity__struct.hpp
[3.830s] -- Up-to-date symlink: /home/vvoxel/ros2_ws_mgr/install/ros_gz_interfaces/include/ros_gz_interfaces/ros_gz_interfaces/srv/detail/spawn_entity__traits.hpp
[3.831s] -- Up-to-date symlink: /home/vvoxel/ros2_ws_mgr/install/ros_gz_interfaces/include/ros_gz_interfaces/ros_gz_interfaces/srv/detail/spawn_entity__type_support.hpp
[3.831s] -- Up-to-date symlink: /home/vvoxel/ros2_ws_mgr/install/ros_gz_interfaces/include/ros_gz_interfaces/ros_gz_interfaces/srv/set_entity_pose.hpp
[3.831s] -- Up-to-date symlink: /home/vvoxel/ros2_ws_mgr/install/ros_gz_interfaces/include/ros_gz_interfaces/ros_gz_interfaces/srv/spawn_entity.hpp
[3.831s] -- Up-to-date symlink: /home/vvoxel/ros2_ws_mgr/install/ros_gz_interfaces/include/ros_gz_interfaces/ros_gz_interfaces/msg/detail/altimeter__rosidl_typesupport_fastrtps_cpp.hpp
[3.832s] -- Up-to-date symlink: /home/vvoxel/ros2_ws_mgr/install/ros_gz_interfaces/include/ros_gz_interfaces/ros_gz_interfaces/msg/detail/contact__rosidl_typesupport_fastrtps_cpp.hpp
[3.832s] -- Up-to-date symlink: /home/vvoxel/ros2_ws_mgr/install/ros_gz_interfaces/include/ros_gz_interfaces/ros_gz_interfaces/msg/detail/contacts__rosidl_typesupport_fastrtps_cpp.hpp
[3.832s] -- Up-to-date symlink: /home/vvoxel/ros2_ws_mgr/install/ros_gz_interfaces/include/ros_gz_interfaces/ros_gz_interfaces/msg/detail/dataframe__rosidl_typesupport_fastrtps_cpp.hpp
[3.833s] -- Up-to-date symlink: /home/vvoxel/ros2_ws_mgr/install/ros_gz_interfaces/include/ros_gz_interfaces/ros_gz_interfaces/msg/detail/entity__rosidl_typesupport_fastrtps_cpp.hpp
[3.833s] -- Up-to-date symlink: /home/vvoxel/ros2_ws_mgr/install/ros_gz_interfaces/include/ros_gz_interfaces/ros_gz_interfaces/msg/detail/entity_factory__rosidl_typesupport_fastrtps_cpp.hpp
[3.833s] -- Up-to-date symlink: /home/vvoxel/ros2_ws_mgr/install/ros_gz_interfaces/include/ros_gz_interfaces/ros_gz_interfaces/msg/detail/entity_wrench__rosidl_typesupport_fastrtps_cpp.hpp
[3.834s] -- Up-to-date symlink: /home/vvoxel/ros2_ws_mgr/install/ros_gz_interfaces/include/ros_gz_interfaces/ros_gz_interfaces/msg/detail/float32_array__rosidl_typesupport_fastrtps_cpp.hpp
[3.834s] -- Up-to-date symlink: /home/vvoxel/ros2_ws_mgr/install/ros_gz_interfaces/include/ros_gz_interfaces/ros_gz_interfaces/msg/detail/gui_camera__rosidl_typesupport_fastrtps_cpp.hpp
[3.834s] -- Up-to-date symlink: /home/vvoxel/ros2_ws_mgr/install/ros_gz_interfaces/include/ros_gz_interfaces/ros_gz_interfaces/msg/detail/joint_wrench__rosidl_typesupport_fastrtps_cpp.hpp
[3.835s] -- Up-to-date symlink: /home/vvoxel/ros2_ws_mgr/install/ros_gz_interfaces/include/ros_gz_interfaces/ros_gz_interfaces/msg/detail/light__rosidl_typesupport_fastrtps_cpp.hpp
[3.835s] -- Up-to-date symlink: /home/vvoxel/ros2_ws_mgr/install/ros_gz_interfaces/include/ros_gz_interfaces/ros_gz_interfaces/msg/detail/logical_camera_image__rosidl_typesupport_fastrtps_cpp.hpp
[3.835s] -- Up-to-date symlink: /home/vvoxel/ros2_ws_mgr/install/ros_gz_interfaces/include/ros_gz_interfaces/ros_gz_interfaces/msg/detail/logical_camera_image_model__rosidl_typesupport_fastrtps_cpp.hpp
[3.835s] -- Up-to-date symlink: /home/vvoxel/ros2_ws_mgr/install/ros_gz_interfaces/include/ros_gz_interfaces/ros_gz_interfaces/msg/detail/material_color__rosidl_typesupport_fastrtps_cpp.hpp
[3.836s] -- Up-to-date symlink: /home/vvoxel/ros2_ws_mgr/install/ros_gz_interfaces/include/ros_gz_interfaces/ros_gz_interfaces/msg/detail/param_vec__rosidl_typesupport_fastrtps_cpp.hpp
[3.836s] -- Up-to-date symlink: /home/vvoxel/ros2_ws_mgr/install/ros_gz_interfaces/include/ros_gz_interfaces/ros_gz_interfaces/msg/detail/sensor_noise__rosidl_typesupport_fastrtps_cpp.hpp
[3.836s] -- Up-to-date symlink: /home/vvoxel/ros2_ws_mgr/install/ros_gz_interfaces/include/ros_gz_interfaces/ros_gz_interfaces/msg/detail/string_vec__rosidl_typesupport_fastrtps_cpp.hpp
[3.836s] -- Up-to-date symlink: /home/vvoxel/ros2_ws_mgr/install/ros_gz_interfaces/include/ros_gz_interfaces/ros_gz_interfaces/msg/detail/track_visual__rosidl_typesupport_fastrtps_cpp.hpp
[3.837s] -- Up-to-date symlink: /home/vvoxel/ros2_ws_mgr/install/ros_gz_interfaces/include/ros_gz_interfaces/ros_gz_interfaces/msg/detail/video_record__rosidl_typesupport_fastrtps_cpp.hpp
[3.837s] -- Up-to-date symlink: /home/vvoxel/ros2_ws_mgr/install/ros_gz_interfaces/include/ros_gz_interfaces/ros_gz_interfaces/msg/detail/world_control__rosidl_typesupport_fastrtps_cpp.hpp
[3.837s] -- Up-to-date symlink: /home/vvoxel/ros2_ws_mgr/install/ros_gz_interfaces/include/ros_gz_interfaces/ros_gz_interfaces/msg/detail/world_reset__rosidl_typesupport_fastrtps_cpp.hpp
[3.837s] -- Up-to-date symlink: /home/vvoxel/ros2_ws_mgr/install/ros_gz_interfaces/include/ros_gz_interfaces/ros_gz_interfaces/msg/rosidl_typesupport_fastrtps_cpp__visibility_control.h
[3.838s] -- Up-to-date symlink: /home/vvoxel/ros2_ws_mgr/install/ros_gz_interfaces/include/ros_gz_interfaces/ros_gz_interfaces/srv/detail/control_world__rosidl_typesupport_fastrtps_cpp.hpp
[3.838s] -- Up-to-date symlink: /home/vvoxel/ros2_ws_mgr/install/ros_gz_interfaces/include/ros_gz_interfaces/ros_gz_interfaces/srv/detail/delete_entity__rosidl_typesupport_fastrtps_cpp.hpp
[3.838s] -- Up-to-date symlink: /home/vvoxel/ros2_ws_mgr/install/ros_gz_interfaces/include/ros_gz_interfaces/ros_gz_interfaces/srv/detail/set_entity_pose__rosidl_typesupport_fastrtps_cpp.hpp
[3.838s] -- Up-to-date symlink: /home/vvoxel/ros2_ws_mgr/install/ros_gz_interfaces/include/ros_gz_interfaces/ros_gz_interfaces/srv/detail/spawn_entity__rosidl_typesupport_fastrtps_cpp.hpp
[3.839s] -- Up-to-date symlink: /home/vvoxel/ros2_ws_mgr/install/ros_gz_interfaces/include/ros_gz_interfaces/ros_gz_interfaces/msg/detail/altimeter__rosidl_typesupport_introspection_c.h
[3.839s] -- Up-to-date symlink: /home/vvoxel/ros2_ws_mgr/install/ros_gz_interfaces/include/ros_gz_interfaces/ros_gz_interfaces/msg/detail/contact__rosidl_typesupport_introspection_c.h
[3.839s] -- Up-to-date symlink: /home/vvoxel/ros2_ws_mgr/install/ros_gz_interfaces/include/ros_gz_interfaces/ros_gz_interfaces/msg/detail/contacts__rosidl_typesupport_introspection_c.h
[3.840s] -- Up-to-date symlink: /home/vvoxel/ros2_ws_mgr/install/ros_gz_interfaces/include/ros_gz_interfaces/ros_gz_interfaces/msg/detail/dataframe__rosidl_typesupport_introspection_c.h
[3.840s] -- Up-to-date symlink: /home/vvoxel/ros2_ws_mgr/install/ros_gz_interfaces/include/ros_gz_interfaces/ros_gz_interfaces/msg/detail/entity__rosidl_typesupport_introspection_c.h
[3.840s] -- Up-to-date symlink: /home/vvoxel/ros2_ws_mgr/install/ros_gz_interfaces/include/ros_gz_interfaces/ros_gz_interfaces/msg/detail/entity_factory__rosidl_typesupport_introspection_c.h
[3.840s] -- Up-to-date symlink: /home/vvoxel/ros2_ws_mgr/install/ros_gz_interfaces/include/ros_gz_interfaces/ros_gz_interfaces/msg/detail/entity_wrench__rosidl_typesupport_introspection_c.h
[3.841s] -- Up-to-date symlink: /home/vvoxel/ros2_ws_mgr/install/ros_gz_interfaces/include/ros_gz_interfaces/ros_gz_interfaces/msg/detail/float32_array__rosidl_typesupport_introspection_c.h
[3.841s] -- Up-to-date symlink: /home/vvoxel/ros2_ws_mgr/install/ros_gz_interfaces/include/ros_gz_interfaces/ros_gz_interfaces/msg/detail/gui_camera__rosidl_typesupport_introspection_c.h
[3.841s] -- Up-to-date symlink: /home/vvoxel/ros2_ws_mgr/install/ros_gz_interfaces/include/ros_gz_interfaces/ros_gz_interfaces/msg/detail/joint_wrench__rosidl_typesupport_introspection_c.h
[3.841s] -- Up-to-date symlink: /home/vvoxel/ros2_ws_mgr/install/ros_gz_interfaces/include/ros_gz_interfaces/ros_gz_interfaces/msg/detail/light__rosidl_typesupport_introspection_c.h
[3.842s] -- Up-to-date symlink: /home/vvoxel/ros2_ws_mgr/install/ros_gz_interfaces/include/ros_gz_interfaces/ros_gz_interfaces/msg/detail/logical_camera_image__rosidl_typesupport_introspection_c.h
[3.842s] -- Up-to-date symlink: /home/vvoxel/ros2_ws_mgr/install/ros_gz_interfaces/include/ros_gz_interfaces/ros_gz_interfaces/msg/detail/logical_camera_image_model__rosidl_typesupport_introspection_c.h
[3.842s] -- Up-to-date symlink: /home/vvoxel/ros2_ws_mgr/install/ros_gz_interfaces/include/ros_gz_interfaces/ros_gz_interfaces/msg/detail/material_color__rosidl_typesupport_introspection_c.h
[3.842s] -- Up-to-date symlink: /home/vvoxel/ros2_ws_mgr/install/ros_gz_interfaces/include/ros_gz_interfaces/ros_gz_interfaces/msg/detail/param_vec__rosidl_typesupport_introspection_c.h
[3.843s] -- Up-to-date symlink: /home/vvoxel/ros2_ws_mgr/install/ros_gz_interfaces/include/ros_gz_interfaces/ros_gz_interfaces/msg/detail/sensor_noise__rosidl_typesupport_introspection_c.h
[3.843s] -- Up-to-date symlink: /home/vvoxel/ros2_ws_mgr/install/ros_gz_interfaces/include/ros_gz_interfaces/ros_gz_interfaces/msg/detail/string_vec__rosidl_typesupport_introspection_c.h
[3.843s] -- Up-to-date symlink: /home/vvoxel/ros2_ws_mgr/install/ros_gz_interfaces/include/ros_gz_interfaces/ros_gz_interfaces/msg/detail/track_visual__rosidl_typesupport_introspection_c.h
[3.844s] -- Up-to-date symlink: /home/vvoxel/ros2_ws_mgr/install/ros_gz_interfaces/include/ros_gz_interfaces/ros_gz_interfaces/msg/detail/video_record__rosidl_typesupport_introspection_c.h
[3.844s] -- Up-to-date symlink: /home/vvoxel/ros2_ws_mgr/install/ros_gz_interfaces/include/ros_gz_interfaces/ros_gz_interfaces/msg/detail/world_control__rosidl_typesupport_introspection_c.h
[3.844s] -- Up-to-date symlink: /home/vvoxel/ros2_ws_mgr/install/ros_gz_interfaces/include/ros_gz_interfaces/ros_gz_interfaces/msg/detail/world_reset__rosidl_typesupport_introspection_c.h
[3.844s] -- Up-to-date symlink: /home/vvoxel/ros2_ws_mgr/install/ros_gz_interfaces/include/ros_gz_interfaces/ros_gz_interfaces/msg/rosidl_typesupport_introspection_c__visibility_control.h
[3.845s] -- Up-to-date symlink: /home/vvoxel/ros2_ws_mgr/install/ros_gz_interfaces/include/ros_gz_interfaces/ros_gz_interfaces/srv/detail/control_world__rosidl_typesupport_introspection_c.h
[3.845s] -- Up-to-date symlink: /home/vvoxel/ros2_ws_mgr/install/ros_gz_interfaces/include/ros_gz_interfaces/ros_gz_interfaces/srv/detail/delete_entity__rosidl_typesupport_introspection_c.h
[3.845s] -- Up-to-date symlink: /home/vvoxel/ros2_ws_mgr/install/ros_gz_interfaces/include/ros_gz_interfaces/ros_gz_interfaces/srv/detail/set_entity_pose__rosidl_typesupport_introspection_c.h
[3.845s] -- Up-to-date symlink: /home/vvoxel/ros2_ws_mgr/install/ros_gz_interfaces/include/ros_gz_interfaces/ros_gz_interfaces/srv/detail/spawn_entity__rosidl_typesupport_introspection_c.h
[3.846s] -- Up-to-date symlink: /home/vvoxel/ros2_ws_mgr/install/ros_gz_interfaces/include/ros_gz_interfaces/ros_gz_interfaces/msg/detail/altimeter__rosidl_typesupport_introspection_cpp.hpp
[3.846s] -- Up-to-date symlink: /home/vvoxel/ros2_ws_mgr/install/ros_gz_interfaces/include/ros_gz_interfaces/ros_gz_interfaces/msg/detail/contact__rosidl_typesupport_introspection_cpp.hpp
[3.846s] -- Up-to-date symlink: /home/vvoxel/ros2_ws_mgr/install/ros_gz_interfaces/include/ros_gz_interfaces/ros_gz_interfaces/msg/detail/contacts__rosidl_typesupport_introspection_cpp.hpp
[3.846s] -- Up-to-date symlink: /home/vvoxel/ros2_ws_mgr/install/ros_gz_interfaces/include/ros_gz_interfaces/ros_gz_interfaces/msg/detail/dataframe__rosidl_typesupport_introspection_cpp.hpp
[3.847s] -- Up-to-date symlink: /home/vvoxel/ros2_ws_mgr/install/ros_gz_interfaces/include/ros_gz_interfaces/ros_gz_interfaces/msg/detail/entity__rosidl_typesupport_introspection_cpp.hpp
[3.847s] -- Up-to-date symlink: /home/vvoxel/ros2_ws_mgr/install/ros_gz_interfaces/include/ros_gz_interfaces/ros_gz_interfaces/msg/detail/entity_factory__rosidl_typesupport_introspection_cpp.hpp
[3.847s] -- Up-to-date symlink: /home/vvoxel/ros2_ws_mgr/install/ros_gz_interfaces/include/ros_gz_interfaces/ros_gz_interfaces/msg/detail/entity_wrench__rosidl_typesupport_introspection_cpp.hpp
[3.847s] -- Up-to-date symlink: /home/vvoxel/ros2_ws_mgr/install/ros_gz_interfaces/include/ros_gz_interfaces/ros_gz_interfaces/msg/detail/float32_array__rosidl_typesupport_introspection_cpp.hpp
[3.848s] -- Up-to-date symlink: /home/vvoxel/ros2_ws_mgr/install/ros_gz_interfaces/include/ros_gz_interfaces/ros_gz_interfaces/msg/detail/gui_camera__rosidl_typesupport_introspection_cpp.hpp
[3.848s] -- Up-to-date symlink: /home/vvoxel/ros2_ws_mgr/install/ros_gz_interfaces/include/ros_gz_interfaces/ros_gz_interfaces/msg/detail/joint_wrench__rosidl_typesupport_introspection_cpp.hpp
[3.848s] -- Up-to-date symlink: /home/vvoxel/ros2_ws_mgr/install/ros_gz_interfaces/include/ros_gz_interfaces/ros_gz_interfaces/msg/detail/light__rosidl_typesupport_introspection_cpp.hpp
[3.849s] -- Up-to-date symlink: /home/vvoxel/ros2_ws_mgr/install/ros_gz_interfaces/include/ros_gz_interfaces/ros_gz_interfaces/msg/detail/logical_camera_image__rosidl_typesupport_introspection_cpp.hpp
[3.849s] -- Up-to-date symlink: /home/vvoxel/ros2_ws_mgr/install/ros_gz_interfaces/include/ros_gz_interfaces/ros_gz_interfaces/msg/detail/logical_camera_image_model__rosidl_typesupport_introspection_cpp.hpp
[3.849s] -- Up-to-date symlink: /home/vvoxel/ros2_ws_mgr/install/ros_gz_interfaces/include/ros_gz_interfaces/ros_gz_interfaces/msg/detail/material_color__rosidl_typesupport_introspection_cpp.hpp
[3.849s] -- Up-to-date symlink: /home/vvoxel/ros2_ws_mgr/install/ros_gz_interfaces/include/ros_gz_interfaces/ros_gz_interfaces/msg/detail/param_vec__rosidl_typesupport_introspection_cpp.hpp
[3.850s] -- Up-to-date symlink: /home/vvoxel/ros2_ws_mgr/install/ros_gz_interfaces/include/ros_gz_interfaces/ros_gz_interfaces/msg/detail/sensor_noise__rosidl_typesupport_introspection_cpp.hpp
[3.850s] -- Up-to-date symlink: /home/vvoxel/ros2_ws_mgr/install/ros_gz_interfaces/include/ros_gz_interfaces/ros_gz_interfaces/msg/detail/string_vec__rosidl_typesupport_introspection_cpp.hpp
[3.850s] -- Up-to-date symlink: /home/vvoxel/ros2_ws_mgr/install/ros_gz_interfaces/include/ros_gz_interfaces/ros_gz_interfaces/msg/detail/track_visual__rosidl_typesupport_introspection_cpp.hpp
[3.850s] -- Up-to-date symlink: /home/vvoxel/ros2_ws_mgr/install/ros_gz_interfaces/include/ros_gz_interfaces/ros_gz_interfaces/msg/detail/video_record__rosidl_typesupport_introspection_cpp.hpp
[3.851s] -- Up-to-date symlink: /home/vvoxel/ros2_ws_mgr/install/ros_gz_interfaces/include/ros_gz_interfaces/ros_gz_interfaces/msg/detail/world_control__rosidl_typesupport_introspection_cpp.hpp
[3.851s] -- Up-to-date symlink: /home/vvoxel/ros2_ws_mgr/install/ros_gz_interfaces/include/ros_gz_interfaces/ros_gz_interfaces/msg/detail/world_reset__rosidl_typesupport_introspection_cpp.hpp
[3.851s] -- Up-to-date symlink: /home/vvoxel/ros2_ws_mgr/install/ros_gz_interfaces/include/ros_gz_interfaces/ros_gz_interfaces/srv/detail/control_world__rosidl_typesupport_introspection_cpp.hpp
[3.852s] -- Up-to-date symlink: /home/vvoxel/ros2_ws_mgr/install/ros_gz_interfaces/include/ros_gz_interfaces/ros_gz_interfaces/srv/detail/delete_entity__rosidl_typesupport_introspection_cpp.hpp
[3.852s] -- Up-to-date symlink: /home/vvoxel/ros2_ws_mgr/install/ros_gz_interfaces/include/ros_gz_interfaces/ros_gz_interfaces/srv/detail/set_entity_pose__rosidl_typesupport_introspection_cpp.hpp
[3.852s] -- Up-to-date symlink: /home/vvoxel/ros2_ws_mgr/install/ros_gz_interfaces/include/ros_gz_interfaces/ros_gz_interfaces/srv/detail/spawn_entity__rosidl_typesupport_introspection_cpp.hpp
[3.852s] -- Up-to-date symlink: /home/vvoxel/ros2_ws_mgr/install/ros_gz_interfaces/share/ros_gz_interfaces/environment/pythonpath.sh
[3.853s] -- Up-to-date symlink: /home/vvoxel/ros2_ws_mgr/install/ros_gz_interfaces/share/ros_gz_interfaces/environment/pythonpath.dsv
[3.853s] -- Up-to-date symlink: /home/vvoxel/ros2_ws_mgr/install/ros_gz_interfaces/lib/python3.12/site-packages/ros_gz_interfaces-1.0.11-py3.12.egg-info/PKG-INFO
[3.853s] -- Up-to-date symlink: /home/vvoxel/ros2_ws_mgr/install/ros_gz_interfaces/lib/python3.12/site-packages/ros_gz_interfaces-1.0.11-py3.12.egg-info/SOURCES.txt
[3.854s] -- Up-to-date symlink: /home/vvoxel/ros2_ws_mgr/install/ros_gz_interfaces/lib/python3.12/site-packages/ros_gz_interfaces-1.0.11-py3.12.egg-info/dependency_links.txt
[3.854s] -- Up-to-date symlink: /home/vvoxel/ros2_ws_mgr/install/ros_gz_interfaces/lib/python3.12/site-packages/ros_gz_interfaces-1.0.11-py3.12.egg-info/top_level.txt
[3.854s] -- Up-to-date symlink: /home/vvoxel/ros2_ws_mgr/install/ros_gz_interfaces/lib/python3.12/site-packages/ros_gz_interfaces/__init__.py
[3.854s] -- Up-to-date symlink: /home/vvoxel/ros2_ws_mgr/install/ros_gz_interfaces/lib/python3.12/site-packages/ros_gz_interfaces/_ros_gz_interfaces_s.ep.rosidl_typesupport_c.c
[3.855s] -- Up-to-date symlink: /home/vvoxel/ros2_ws_mgr/install/ros_gz_interfaces/lib/python3.12/site-packages/ros_gz_interfaces/_ros_gz_interfaces_s.ep.rosidl_typesupport_fastrtps_c.c
[3.855s] -- Up-to-date symlink: /home/vvoxel/ros2_ws_mgr/install/ros_gz_interfaces/lib/python3.12/site-packages/ros_gz_interfaces/_ros_gz_interfaces_s.ep.rosidl_typesupport_introspection_c.c
[3.855s] -- Up-to-date symlink: /home/vvoxel/ros2_ws_mgr/install/ros_gz_interfaces/lib/python3.12/site-packages/ros_gz_interfaces/msg/__init__.py
[3.856s] -- Up-to-date symlink: /home/vvoxel/ros2_ws_mgr/install/ros_gz_interfaces/lib/python3.12/site-packages/ros_gz_interfaces/msg/_altimeter.py
[3.856s] -- Up-to-date symlink: /home/vvoxel/ros2_ws_mgr/install/ros_gz_interfaces/lib/python3.12/site-packages/ros_gz_interfaces/msg/_altimeter_s.c
[3.856s] -- Up-to-date symlink: /home/vvoxel/ros2_ws_mgr/install/ros_gz_interfaces/lib/python3.12/site-packages/ros_gz_interfaces/msg/_contact.py
[3.857s] -- Up-to-date symlink: /home/vvoxel/ros2_ws_mgr/install/ros_gz_interfaces/lib/python3.12/site-packages/ros_gz_interfaces/msg/_contact_s.c
[3.857s] -- Up-to-date symlink: /home/vvoxel/ros2_ws_mgr/install/ros_gz_interfaces/lib/python3.12/site-packages/ros_gz_interfaces/msg/_contacts.py
[3.857s] -- Up-to-date symlink: /home/vvoxel/ros2_ws_mgr/install/ros_gz_interfaces/lib/python3.12/site-packages/ros_gz_interfaces/msg/_contacts_s.c
[3.858s] -- Up-to-date symlink: /home/vvoxel/ros2_ws_mgr/install/ros_gz_interfaces/lib/python3.12/site-packages/ros_gz_interfaces/msg/_dataframe.py
[3.858s] -- Up-to-date symlink: /home/vvoxel/ros2_ws_mgr/install/ros_gz_interfaces/lib/python3.12/site-packages/ros_gz_interfaces/msg/_dataframe_s.c
[3.859s] -- Up-to-date symlink: /home/vvoxel/ros2_ws_mgr/install/ros_gz_interfaces/lib/python3.12/site-packages/ros_gz_interfaces/msg/_entity.py
[3.859s] -- Up-to-date symlink: /home/vvoxel/ros2_ws_mgr/install/ros_gz_interfaces/lib/python3.12/site-packages/ros_gz_interfaces/msg/_entity_factory.py
[3.859s] -- Up-to-date symlink: /home/vvoxel/ros2_ws_mgr/install/ros_gz_interfaces/lib/python3.12/site-packages/ros_gz_interfaces/msg/_entity_factory_s.c
[3.859s] -- Up-to-date symlink: /home/vvoxel/ros2_ws_mgr/install/ros_gz_interfaces/lib/python3.12/site-packages/ros_gz_interfaces/msg/_entity_s.c
[3.860s] -- Up-to-date symlink: /home/vvoxel/ros2_ws_mgr/install/ros_gz_interfaces/lib/python3.12/site-packages/ros_gz_interfaces/msg/_entity_wrench.py
[3.860s] -- Up-to-date symlink: /home/vvoxel/ros2_ws_mgr/install/ros_gz_interfaces/lib/python3.12/site-packages/ros_gz_interfaces/msg/_entity_wrench_s.c
[3.860s] -- Up-to-date symlink: /home/vvoxel/ros2_ws_mgr/install/ros_gz_interfaces/lib/python3.12/site-packages/ros_gz_interfaces/msg/_float32_array.py
[3.860s] -- Up-to-date symlink: /home/vvoxel/ros2_ws_mgr/install/ros_gz_interfaces/lib/python3.12/site-packages/ros_gz_interfaces/msg/_float32_array_s.c
[3.861s] -- Up-to-date symlink: /home/vvoxel/ros2_ws_mgr/install/ros_gz_interfaces/lib/python3.12/site-packages/ros_gz_interfaces/msg/_gui_camera.py
[3.861s] -- Up-to-date symlink: /home/vvoxel/ros2_ws_mgr/install/ros_gz_interfaces/lib/python3.12/site-packages/ros_gz_interfaces/msg/_gui_camera_s.c
[3.861s] -- Up-to-date symlink: /home/vvoxel/ros2_ws_mgr/install/ros_gz_interfaces/lib/python3.12/site-packages/ros_gz_interfaces/msg/_joint_wrench.py
[3.862s] -- Up-to-date symlink: /home/vvoxel/ros2_ws_mgr/install/ros_gz_interfaces/lib/python3.12/site-packages/ros_gz_interfaces/msg/_joint_wrench_s.c
[3.862s] -- Up-to-date symlink: /home/vvoxel/ros2_ws_mgr/install/ros_gz_interfaces/lib/python3.12/site-packages/ros_gz_interfaces/msg/_light.py
[3.862s] -- Up-to-date symlink: /home/vvoxel/ros2_ws_mgr/install/ros_gz_interfaces/lib/python3.12/site-packages/ros_gz_interfaces/msg/_light_s.c
[3.863s] -- Up-to-date symlink: /home/vvoxel/ros2_ws_mgr/install/ros_gz_interfaces/lib/python3.12/site-packages/ros_gz_interfaces/msg/_logical_camera_image.py
[3.863s] -- Up-to-date symlink: /home/vvoxel/ros2_ws_mgr/install/ros_gz_interfaces/lib/python3.12/site-packages/ros_gz_interfaces/msg/_logical_camera_image_model.py
[3.863s] -- Up-to-date symlink: /home/vvoxel/ros2_ws_mgr/install/ros_gz_interfaces/lib/python3.12/site-packages/ros_gz_interfaces/msg/_logical_camera_image_model_s.c
[3.863s] -- Up-to-date symlink: /home/vvoxel/ros2_ws_mgr/install/ros_gz_interfaces/lib/python3.12/site-packages/ros_gz_interfaces/msg/_logical_camera_image_s.c
[3.864s] -- Up-to-date symlink: /home/vvoxel/ros2_ws_mgr/install/ros_gz_interfaces/lib/python3.12/site-packages/ros_gz_interfaces/msg/_material_color.py
[3.864s] -- Up-to-date symlink: /home/vvoxel/ros2_ws_mgr/install/ros_gz_interfaces/lib/python3.12/site-packages/ros_gz_interfaces/msg/_material_color_s.c
[3.864s] -- Up-to-date symlink: /home/vvoxel/ros2_ws_mgr/install/ros_gz_interfaces/lib/python3.12/site-packages/ros_gz_interfaces/msg/_param_vec.py
[3.864s] -- Up-to-date symlink: /home/vvoxel/ros2_ws_mgr/install/ros_gz_interfaces/lib/python3.12/site-packages/ros_gz_interfaces/msg/_param_vec_s.c
[3.865s] -- Up-to-date symlink: /home/vvoxel/ros2_ws_mgr/install/ros_gz_interfaces/lib/python3.12/site-packages/ros_gz_interfaces/msg/_sensor_noise.py
[3.865s] -- Up-to-date symlink: /home/vvoxel/ros2_ws_mgr/install/ros_gz_interfaces/lib/python3.12/site-packages/ros_gz_interfaces/msg/_sensor_noise_s.c
[3.865s] -- Up-to-date symlink: /home/vvoxel/ros2_ws_mgr/install/ros_gz_interfaces/lib/python3.12/site-packages/ros_gz_interfaces/msg/_string_vec.py
[3.865s] -- Up-to-date symlink: /home/vvoxel/ros2_ws_mgr/install/ros_gz_interfaces/lib/python3.12/site-packages/ros_gz_interfaces/msg/_string_vec_s.c
[3.866s] -- Up-to-date symlink: /home/vvoxel/ros2_ws_mgr/install/ros_gz_interfaces/lib/python3.12/site-packages/ros_gz_interfaces/msg/_track_visual.py
[3.866s] -- Up-to-date symlink: /home/vvoxel/ros2_ws_mgr/install/ros_gz_interfaces/lib/python3.12/site-packages/ros_gz_interfaces/msg/_track_visual_s.c
[3.866s] -- Up-to-date symlink: /home/vvoxel/ros2_ws_mgr/install/ros_gz_interfaces/lib/python3.12/site-packages/ros_gz_interfaces/msg/_video_record.py
[3.867s] -- Up-to-date symlink: /home/vvoxel/ros2_ws_mgr/install/ros_gz_interfaces/lib/python3.12/site-packages/ros_gz_interfaces/msg/_video_record_s.c
[3.867s] -- Up-to-date symlink: /home/vvoxel/ros2_ws_mgr/install/ros_gz_interfaces/lib/python3.12/site-packages/ros_gz_interfaces/msg/_world_control.py
[3.867s] -- Up-to-date symlink: /home/vvoxel/ros2_ws_mgr/install/ros_gz_interfaces/lib/python3.12/site-packages/ros_gz_interfaces/msg/_world_control_s.c
[3.867s] -- Up-to-date symlink: /home/vvoxel/ros2_ws_mgr/install/ros_gz_interfaces/lib/python3.12/site-packages/ros_gz_interfaces/msg/_world_reset.py
[3.868s] -- Up-to-date symlink: /home/vvoxel/ros2_ws_mgr/install/ros_gz_interfaces/lib/python3.12/site-packages/ros_gz_interfaces/msg/_world_reset_s.c
[3.868s] -- Up-to-date symlink: /home/vvoxel/ros2_ws_mgr/install/ros_gz_interfaces/lib/python3.12/site-packages/ros_gz_interfaces/ros_gz_interfaces_s__rosidl_typesupport_c.so
[3.868s] -- Up-to-date symlink: /home/vvoxel/ros2_ws_mgr/install/ros_gz_interfaces/lib/python3.12/site-packages/ros_gz_interfaces/ros_gz_interfaces_s__rosidl_typesupport_fastrtps_c.so
[3.868s] -- Up-to-date symlink: /home/vvoxel/ros2_ws_mgr/install/ros_gz_interfaces/lib/python3.12/site-packages/ros_gz_interfaces/ros_gz_interfaces_s__rosidl_typesupport_introspection_c.so
[3.869s] -- Up-to-date symlink: /home/vvoxel/ros2_ws_mgr/install/ros_gz_interfaces/lib/python3.12/site-packages/ros_gz_interfaces/srv/__init__.py
[3.869s] -- Up-to-date symlink: /home/vvoxel/ros2_ws_mgr/install/ros_gz_interfaces/lib/python3.12/site-packages/ros_gz_interfaces/srv/_control_world.py
[3.869s] -- Up-to-date symlink: /home/vvoxel/ros2_ws_mgr/install/ros_gz_interfaces/lib/python3.12/site-packages/ros_gz_interfaces/srv/_control_world_s.c
[3.869s] -- Up-to-date symlink: /home/vvoxel/ros2_ws_mgr/install/ros_gz_interfaces/lib/python3.12/site-packages/ros_gz_interfaces/srv/_delete_entity.py
[3.870s] -- Up-to-date symlink: /home/vvoxel/ros2_ws_mgr/install/ros_gz_interfaces/lib/python3.12/site-packages/ros_gz_interfaces/srv/_delete_entity_s.c
[3.870s] -- Up-to-date symlink: /home/vvoxel/ros2_ws_mgr/install/ros_gz_interfaces/lib/python3.12/site-packages/ros_gz_interfaces/srv/_set_entity_pose.py
[3.870s] -- Up-to-date symlink: /home/vvoxel/ros2_ws_mgr/install/ros_gz_interfaces/lib/python3.12/site-packages/ros_gz_interfaces/srv/_set_entity_pose_s.c
[3.870s] -- Up-to-date symlink: /home/vvoxel/ros2_ws_mgr/install/ros_gz_interfaces/lib/python3.12/site-packages/ros_gz_interfaces/srv/_spawn_entity.py
[3.871s] -- Up-to-date symlink: /home/vvoxel/ros2_ws_mgr/install/ros_gz_interfaces/lib/python3.12/site-packages/ros_gz_interfaces/srv/_spawn_entity_s.c
[3.871s] -- Up-to-date symlink: /home/vvoxel/ros2_ws_mgr/install/ros_gz_interfaces/lib/python3.12/site-packages/ros_gz_interfaces/ros_gz_interfaces_s__rosidl_typesupport_fastrtps_c.so
[3.871s] -- Up-to-date symlink: /home/vvoxel/ros2_ws_mgr/install/ros_gz_interfaces/lib/python3.12/site-packages/ros_gz_interfaces/ros_gz_interfaces_s__rosidl_typesupport_introspection_c.so
[3.871s] -- Up-to-date symlink: /home/vvoxel/ros2_ws_mgr/install/ros_gz_interfaces/lib/python3.12/site-packages/ros_gz_interfaces/ros_gz_interfaces_s__rosidl_typesupport_c.so
[3.872s] -- Up-to-date symlink: /home/vvoxel/ros2_ws_mgr/install/ros_gz_interfaces/share/ros_gz_interfaces/msg/Altimeter.idl
[3.872s] -- Up-to-date symlink: /home/vvoxel/ros2_ws_mgr/install/ros_gz_interfaces/share/ros_gz_interfaces/msg/Contact.idl
[3.872s] -- Up-to-date symlink: /home/vvoxel/ros2_ws_mgr/install/ros_gz_interfaces/share/ros_gz_interfaces/msg/Contacts.idl
[3.872s] -- Up-to-date symlink: /home/vvoxel/ros2_ws_mgr/install/ros_gz_interfaces/share/ros_gz_interfaces/msg/Dataframe.idl
[3.873s] -- Up-to-date symlink: /home/vvoxel/ros2_ws_mgr/install/ros_gz_interfaces/share/ros_gz_interfaces/msg/Entity.idl
[3.873s] -- Up-to-date symlink: /home/vvoxel/ros2_ws_mgr/install/ros_gz_interfaces/share/ros_gz_interfaces/msg/EntityFactory.idl
[3.873s] -- Up-to-date symlink: /home/vvoxel/ros2_ws_mgr/install/ros_gz_interfaces/share/ros_gz_interfaces/msg/EntityWrench.idl
[3.873s] -- Up-to-date symlink: /home/vvoxel/ros2_ws_mgr/install/ros_gz_interfaces/share/ros_gz_interfaces/msg/Float32Array.idl
[3.874s] -- Up-to-date symlink: /home/vvoxel/ros2_ws_mgr/install/ros_gz_interfaces/share/ros_gz_interfaces/msg/GuiCamera.idl
[3.874s] -- Up-to-date symlink: /home/vvoxel/ros2_ws_mgr/install/ros_gz_interfaces/share/ros_gz_interfaces/msg/JointWrench.idl
[3.874s] -- Up-to-date symlink: /home/vvoxel/ros2_ws_mgr/install/ros_gz_interfaces/share/ros_gz_interfaces/msg/Light.idl
[3.874s] -- Up-to-date symlink: /home/vvoxel/ros2_ws_mgr/install/ros_gz_interfaces/share/ros_gz_interfaces/msg/LogicalCameraImage.idl
[3.875s] -- Up-to-date symlink: /home/vvoxel/ros2_ws_mgr/install/ros_gz_interfaces/share/ros_gz_interfaces/msg/LogicalCameraImageModel.idl
[3.875s] -- Up-to-date symlink: /home/vvoxel/ros2_ws_mgr/install/ros_gz_interfaces/share/ros_gz_interfaces/msg/MaterialColor.idl
[3.875s] -- Up-to-date symlink: /home/vvoxel/ros2_ws_mgr/install/ros_gz_interfaces/share/ros_gz_interfaces/msg/ParamVec.idl
[3.875s] -- Up-to-date symlink: /home/vvoxel/ros2_ws_mgr/install/ros_gz_interfaces/share/ros_gz_interfaces/msg/SensorNoise.idl
[3.876s] -- Up-to-date symlink: /home/vvoxel/ros2_ws_mgr/install/ros_gz_interfaces/share/ros_gz_interfaces/msg/StringVec.idl
[3.876s] -- Up-to-date symlink: /home/vvoxel/ros2_ws_mgr/install/ros_gz_interfaces/share/ros_gz_interfaces/msg/TrackVisual.idl
[3.876s] -- Up-to-date symlink: /home/vvoxel/ros2_ws_mgr/install/ros_gz_interfaces/share/ros_gz_interfaces/msg/VideoRecord.idl
[3.876s] -- Up-to-date symlink: /home/vvoxel/ros2_ws_mgr/install/ros_gz_interfaces/share/ros_gz_interfaces/msg/WorldControl.idl
[3.877s] -- Up-to-date symlink: /home/vvoxel/ros2_ws_mgr/install/ros_gz_interfaces/share/ros_gz_interfaces/msg/WorldReset.idl
[3.877s] -- Up-to-date symlink: /home/vvoxel/ros2_ws_mgr/install/ros_gz_interfaces/share/ros_gz_interfaces/srv/ControlWorld.idl
[3.877s] -- Up-to-date symlink: /home/vvoxel/ros2_ws_mgr/install/ros_gz_interfaces/share/ros_gz_interfaces/srv/DeleteEntity.idl
[3.878s] -- Up-to-date symlink: /home/vvoxel/ros2_ws_mgr/install/ros_gz_interfaces/share/ros_gz_interfaces/srv/SetEntityPose.idl
[3.878s] -- Up-to-date symlink: /home/vvoxel/ros2_ws_mgr/install/ros_gz_interfaces/share/ros_gz_interfaces/srv/SpawnEntity.idl
[3.878s] -- Up-to-date symlink: /home/vvoxel/ros2_ws_mgr/install/ros_gz_interfaces/share/ros_gz_interfaces/msg/Altimeter.msg
[3.878s] -- Up-to-date symlink: /home/vvoxel/ros2_ws_mgr/install/ros_gz_interfaces/share/ros_gz_interfaces/msg/Contact.msg
[3.879s] -- Up-to-date symlink: /home/vvoxel/ros2_ws_mgr/install/ros_gz_interfaces/share/ros_gz_interfaces/msg/Contacts.msg
[3.879s] -- Up-to-date symlink: /home/vvoxel/ros2_ws_mgr/install/ros_gz_interfaces/share/ros_gz_interfaces/msg/Dataframe.msg
[3.879s] -- Up-to-date symlink: /home/vvoxel/ros2_ws_mgr/install/ros_gz_interfaces/share/ros_gz_interfaces/msg/Entity.msg
[3.879s] -- Up-to-date symlink: /home/vvoxel/ros2_ws_mgr/install/ros_gz_interfaces/share/ros_gz_interfaces/msg/EntityFactory.msg
[3.880s] -- Up-to-date symlink: /home/vvoxel/ros2_ws_mgr/install/ros_gz_interfaces/share/ros_gz_interfaces/msg/EntityWrench.msg
[3.880s] -- Up-to-date symlink: /home/vvoxel/ros2_ws_mgr/install/ros_gz_interfaces/share/ros_gz_interfaces/msg/Float32Array.msg
[3.880s] -- Up-to-date symlink: /home/vvoxel/ros2_ws_mgr/install/ros_gz_interfaces/share/ros_gz_interfaces/msg/GuiCamera.msg
[3.880s] -- Up-to-date symlink: /home/vvoxel/ros2_ws_mgr/install/ros_gz_interfaces/share/ros_gz_interfaces/msg/JointWrench.msg
[3.881s] -- Up-to-date symlink: /home/vvoxel/ros2_ws_mgr/install/ros_gz_interfaces/share/ros_gz_interfaces/msg/Light.msg
[3.881s] -- Up-to-date symlink: /home/vvoxel/ros2_ws_mgr/install/ros_gz_interfaces/share/ros_gz_interfaces/msg/LogicalCameraImage.msg
[3.881s] -- Up-to-date symlink: /home/vvoxel/ros2_ws_mgr/install/ros_gz_interfaces/share/ros_gz_interfaces/msg/LogicalCameraImageModel.msg
[3.881s] -- Up-to-date symlink: /home/vvoxel/ros2_ws_mgr/install/ros_gz_interfaces/share/ros_gz_interfaces/msg/MaterialColor.msg
[3.882s] -- Up-to-date symlink: /home/vvoxel/ros2_ws_mgr/install/ros_gz_interfaces/share/ros_gz_interfaces/msg/ParamVec.msg
[3.882s] -- Up-to-date symlink: /home/vvoxel/ros2_ws_mgr/install/ros_gz_interfaces/share/ros_gz_interfaces/msg/SensorNoise.msg
[3.882s] -- Up-to-date symlink: /home/vvoxel/ros2_ws_mgr/install/ros_gz_interfaces/share/ros_gz_interfaces/msg/StringVec.msg
[3.882s] -- Up-to-date symlink: /home/vvoxel/ros2_ws_mgr/install/ros_gz_interfaces/share/ros_gz_interfaces/msg/TrackVisual.msg
[3.883s] -- Up-to-date symlink: /home/vvoxel/ros2_ws_mgr/install/ros_gz_interfaces/share/ros_gz_interfaces/msg/VideoRecord.msg
[3.883s] -- Up-to-date symlink: /home/vvoxel/ros2_ws_mgr/install/ros_gz_interfaces/share/ros_gz_interfaces/msg/WorldControl.msg
[3.883s] -- Up-to-date symlink: /home/vvoxel/ros2_ws_mgr/install/ros_gz_interfaces/share/ros_gz_interfaces/msg/WorldReset.msg
[3.883s] -- Up-to-date symlink: /home/vvoxel/ros2_ws_mgr/install/ros_gz_interfaces/share/ros_gz_interfaces/srv/ControlWorld.srv
[3.884s] -- Up-to-date symlink: /home/vvoxel/ros2_ws_mgr/install/ros_gz_interfaces/share/ros_gz_interfaces/srv/DeleteEntity.srv
[3.884s] -- Up-to-date symlink: /home/vvoxel/ros2_ws_mgr/install/ros_gz_interfaces/share/ros_gz_interfaces/srv/SetEntityPose.srv
[3.884s] -- Up-to-date symlink: /home/vvoxel/ros2_ws_mgr/install/ros_gz_interfaces/share/ros_gz_interfaces/srv/SpawnEntity.srv
[3.884s] -- Up-to-date symlink: /home/vvoxel/ros2_ws_mgr/install/ros_gz_interfaces/share/ament_index/resource_index/package_run_dependencies/ros_gz_interfaces
[3.885s] -- Up-to-date symlink: /home/vvoxel/ros2_ws_mgr/install/ros_gz_interfaces/share/ament_index/resource_index/parent_prefix_path/ros_gz_interfaces
[3.885s] -- Up-to-date symlink: /home/vvoxel/ros2_ws_mgr/install/ros_gz_interfaces/share/ros_gz_interfaces/environment/ament_prefix_path.sh
[3.885s] -- Up-to-date symlink: /home/vvoxel/ros2_ws_mgr/install/ros_gz_interfaces/share/ros_gz_interfaces/environment/ament_prefix_path.dsv
[3.885s] -- Up-to-date symlink: /home/vvoxel/ros2_ws_mgr/install/ros_gz_interfaces/share/ros_gz_interfaces/environment/path.sh
[3.886s] -- Up-to-date symlink: /home/vvoxel/ros2_ws_mgr/install/ros_gz_interfaces/share/ros_gz_interfaces/environment/path.dsv
[3.886s] -- Up-to-date symlink: /home/vvoxel/ros2_ws_mgr/install/ros_gz_interfaces/share/ros_gz_interfaces/local_setup.bash
[3.886s] -- Up-to-date symlink: /home/vvoxel/ros2_ws_mgr/install/ros_gz_interfaces/share/ros_gz_interfaces/local_setup.sh
[3.886s] -- Up-to-date symlink: /home/vvoxel/ros2_ws_mgr/install/ros_gz_interfaces/share/ros_gz_interfaces/local_setup.zsh
[3.887s] -- Up-to-date symlink: /home/vvoxel/ros2_ws_mgr/install/ros_gz_interfaces/share/ros_gz_interfaces/local_setup.dsv
[3.887s] -- Symlinking: /home/vvoxel/ros2_ws_mgr/install/ros_gz_interfaces/share/ros_gz_interfaces/package.dsv
[3.887s] -- Up-to-date symlink: /home/vvoxel/ros2_ws_mgr/install/ros_gz_interfaces/share/ament_index/resource_index/packages/ros_gz_interfaces
[3.887s] -- Up-to-date symlink: /home/vvoxel/ros2_ws_mgr/install/ros_gz_interfaces/share/ros_gz_interfaces/cmake/rosidl_cmake-extras.cmake
[3.888s] -- Up-to-date symlink: /home/vvoxel/ros2_ws_mgr/install/ros_gz_interfaces/share/ros_gz_interfaces/cmake/ament_cmake_export_dependencies-extras.cmake
[3.888s] -- Up-to-date symlink: /home/vvoxel/ros2_ws_mgr/install/ros_gz_interfaces/share/ros_gz_interfaces/cmake/ament_cmake_export_include_directories-extras.cmake
[3.888s] -- Up-to-date symlink: /home/vvoxel/ros2_ws_mgr/install/ros_gz_interfaces/share/ros_gz_interfaces/cmake/ament_cmake_export_libraries-extras.cmake
[3.888s] -- Up-to-date symlink: /home/vvoxel/ros2_ws_mgr/install/ros_gz_interfaces/share/ros_gz_interfaces/cmake/ament_cmake_export_targets-extras.cmake
[3.889s] -- Up-to-date symlink: /home/vvoxel/ros2_ws_mgr/install/ros_gz_interfaces/share/ros_gz_interfaces/cmake/rosidl_cmake_export_typesupport_targets-extras.cmake
[3.889s] -- Up-to-date symlink: /home/vvoxel/ros2_ws_mgr/install/ros_gz_interfaces/share/ros_gz_interfaces/cmake/rosidl_cmake_export_typesupport_libraries-extras.cmake
[3.889s] -- Up-to-date symlink: /home/vvoxel/ros2_ws_mgr/install/ros_gz_interfaces/share/ros_gz_interfaces/cmake/ros_gz_interfacesConfig.cmake
[3.889s] -- Up-to-date symlink: /home/vvoxel/ros2_ws_mgr/install/ros_gz_interfaces/share/ros_gz_interfaces/cmake/ros_gz_interfacesConfig-version.cmake
[3.890s] -- Up-to-date symlink: /home/vvoxel/ros2_ws_mgr/install/ros_gz_interfaces/share/ros_gz_interfaces/package.xml
[3.890s] -- Up-to-date: /home/vvoxel/ros2_ws_mgr/install/ros_gz_interfaces/lib/libros_gz_interfaces__rosidl_generator_c.so
[3.890s] -- Up-to-date: /home/vvoxel/ros2_ws_mgr/install/ros_gz_interfaces/lib/libros_gz_interfaces__rosidl_typesupport_fastrtps_c.so
[3.890s] -- Up-to-date: /home/vvoxel/ros2_ws_mgr/install/ros_gz_interfaces/lib/libros_gz_interfaces__rosidl_typesupport_fastrtps_cpp.so
[3.891s] -- Up-to-date: /home/vvoxel/ros2_ws_mgr/install/ros_gz_interfaces/lib/libros_gz_interfaces__rosidl_typesupport_introspection_c.so
[3.891s] -- Up-to-date: /home/vvoxel/ros2_ws_mgr/install/ros_gz_interfaces/lib/libros_gz_interfaces__rosidl_typesupport_c.so
[3.891s] -- Up-to-date: /home/vvoxel/ros2_ws_mgr/install/ros_gz_interfaces/lib/libros_gz_interfaces__rosidl_typesupport_introspection_cpp.so
[3.892s] -- Up-to-date: /home/vvoxel/ros2_ws_mgr/install/ros_gz_interfaces/lib/libros_gz_interfaces__rosidl_typesupport_cpp.so
[3.937s] Listing '/home/vvoxel/ros2_ws_mgr/install/ros_gz_interfaces/lib/python3.12/site-packages/ros_gz_interfaces'...
[3.937s] Listing '/home/vvoxel/ros2_ws_mgr/install/ros_gz_interfaces/lib/python3.12/site-packages/ros_gz_interfaces/msg'...
[3.938s] Listing '/home/vvoxel/ros2_ws_mgr/install/ros_gz_interfaces/lib/python3.12/site-packages/ros_gz_interfaces/srv'...
[3.949s] -- Up-to-date: /home/vvoxel/ros2_ws_mgr/install/ros_gz_interfaces/lib/libros_gz_interfaces__rosidl_generator_py.so
[3.949s] -- Up-to-date: /home/vvoxel/ros2_ws_mgr/install/ros_gz_interfaces/share/ros_gz_interfaces/cmake/export_ros_gz_interfaces__rosidl_generator_cExport.cmake
[3.950s] -- Up-to-date: /home/vvoxel/ros2_ws_mgr/install/ros_gz_interfaces/share/ros_gz_interfaces/cmake/export_ros_gz_interfaces__rosidl_generator_cExport-noconfig.cmake
[3.950s] -- Up-to-date: /home/vvoxel/ros2_ws_mgr/install/ros_gz_interfaces/share/ros_gz_interfaces/cmake/export_ros_gz_interfaces__rosidl_typesupport_fastrtps_cExport.cmake
[3.950s] -- Up-to-date: /home/vvoxel/ros2_ws_mgr/install/ros_gz_interfaces/share/ros_gz_interfaces/cmake/export_ros_gz_interfaces__rosidl_typesupport_fastrtps_cExport-noconfig.cmake
[3.951s] -- Up-to-date: /home/vvoxel/ros2_ws_mgr/install/ros_gz_interfaces/share/ros_gz_interfaces/cmake/export_ros_gz_interfaces__rosidl_generator_cppExport.cmake
[3.951s] -- Up-to-date: /home/vvoxel/ros2_ws_mgr/install/ros_gz_interfaces/share/ros_gz_interfaces/cmake/export_ros_gz_interfaces__rosidl_typesupport_fastrtps_cppExport.cmake
[3.951s] -- Up-to-date: /home/vvoxel/ros2_ws_mgr/install/ros_gz_interfaces/share/ros_gz_interfaces/cmake/export_ros_gz_interfaces__rosidl_typesupport_fastrtps_cppExport-noconfig.cmake
[3.952s] -- Up-to-date: /home/vvoxel/ros2_ws_mgr/install/ros_gz_interfaces/share/ros_gz_interfaces/cmake/ros_gz_interfaces__rosidl_typesupport_introspection_cExport.cmake
[3.952s] -- Up-to-date: /home/vvoxel/ros2_ws_mgr/install/ros_gz_interfaces/share/ros_gz_interfaces/cmake/ros_gz_interfaces__rosidl_typesupport_introspection_cExport-noconfig.cmake
[3.952s] -- Up-to-date: /home/vvoxel/ros2_ws_mgr/install/ros_gz_interfaces/share/ros_gz_interfaces/cmake/ros_gz_interfaces__rosidl_typesupport_cExport.cmake
[3.953s] -- Up-to-date: /home/vvoxel/ros2_ws_mgr/install/ros_gz_interfaces/share/ros_gz_interfaces/cmake/ros_gz_interfaces__rosidl_typesupport_cExport-noconfig.cmake
[3.953s] -- Up-to-date: /home/vvoxel/ros2_ws_mgr/install/ros_gz_interfaces/share/ros_gz_interfaces/cmake/ros_gz_interfaces__rosidl_typesupport_introspection_cppExport.cmake
[3.953s] -- Up-to-date: /home/vvoxel/ros2_ws_mgr/install/ros_gz_interfaces/share/ros_gz_interfaces/cmake/ros_gz_interfaces__rosidl_typesupport_introspection_cppExport-noconfig.cmake
[3.954s] -- Up-to-date: /home/vvoxel/ros2_ws_mgr/install/ros_gz_interfaces/share/ros_gz_interfaces/cmake/ros_gz_interfaces__rosidl_typesupport_cppExport.cmake
[3.954s] -- Up-to-date: /home/vvoxel/ros2_ws_mgr/install/ros_gz_interfaces/share/ros_gz_interfaces/cmake/ros_gz_interfaces__rosidl_typesupport_cppExport-noconfig.cmake
[3.954s] -- Up-to-date: /home/vvoxel/ros2_ws_mgr/install/ros_gz_interfaces/share/ros_gz_interfaces/cmake/export_ros_gz_interfaces__rosidl_generator_pyExport.cmake
[3.954s] -- Up-to-date: /home/vvoxel/ros2_ws_mgr/install/ros_gz_interfaces/share/ros_gz_interfaces/cmake/export_ros_gz_interfaces__rosidl_generator_pyExport-noconfig.cmake
[4.286s] Invoked command in '/home/vvoxel/ros2_ws_mgr/build/ros_gz_interfaces' returned '0': CMAKE_PREFIX_PATH=/home/vvoxel/ros2_ws_mgr/install/test_ros_gz_bridge:/home/vvoxel/ros2_ws_mgr/install/sim_launcher:/opt/ros/jazzy:/home/vvoxel/ros2_ws_mgr/install/slam:/home/vvoxel/ros2_ws_mgr/install/ros_gz:/home/vvoxel/ros2_ws_mgr/install/ros_gz_sim_demos:/home/vvoxel/ros2_ws_mgr/install/ros_gz_sim:/home/vvoxel/ros2_ws_mgr/install/ros_gz_image:/home/vvoxel/ros2_ws_mgr/install/ros_gz_bridge:/home/vvoxel/ros2_ws_mgr/install/ros_gz_interfaces:/home/vvoxel/ros2_ws_mgr/install/realsense2_description:/home/vvoxel/ros2_ws_mgr/install/realsense2_camera:/home/vvoxel/ros2_ws_mgr/install/realsense2_camera_msgs:/home/vvoxel/ros2_ws_mgr/install/mtracker:/home/vvoxel/ros2_ws_mgr/install/g2o:/home/vvoxel/ros2_ws_mgr/install/apriltag_ros:/home/vvoxel/ros2_ws_mgr/install/apriltag_msgs:/home/vvoxel/ros2_ws_mgr/install/apriltag:/home/vvoxel/ros2_ws_mgr/install/anglecalc:/opt/ros/jazzy/opt/gz_sim_vendor:/opt/ros/jazzy/opt/gz_sensors_vendor:/opt/ros/jazzy/opt/gz_physics_vendor:/opt/ros/jazzy/opt/sdformat_vendor:/opt/ros/jazzy/opt/gz_gui_vendor:/opt/ros/jazzy/opt/gz_transport_vendor:/opt/ros/jazzy/opt/gz_rendering_vendor:/opt/ros/jazzy/opt/gz_plugin_vendor:/opt/ros/jazzy/opt/gz_fuel_tools_vendor:/opt/ros/jazzy/opt/gz_msgs_vendor:/opt/ros/jazzy/opt/gz_common_vendor:/opt/ros/jazzy/opt/gz_math_vendor:/opt/ros/jazzy/opt/gz_utils_vendor:/opt/ros/jazzy/opt/gz_tools_vendor:/opt/ros/jazzy/opt/gz_ogre_next_vendor:/opt/ros/jazzy/opt/gz_dartsim_vendor:/opt/ros/jazzy/opt/gz_cmake_vendor DEBUGINFOD_URLS=https://debuginfod.ubuntu.com /usr/bin/cmake --install /home/vvoxel/ros2_ws_mgr/build/ros_gz_interfaces
