[0.074s] Invoking command in '/home/vvoxel/ros2_ws_mgr/build/mtracker': CMAKE_PREFIX_PATH=${CMAKE_PREFIX_PATH}:/home/vvoxel/ros2_ws_mgr/install/sim_launcher:/opt/ros/jazzy DEBUGINFOD_URLS=https://debuginfod.ubuntu.com /usr/bin/cmake --build /home/vvoxel/ros2_ws_mgr/build/mtracker -- -j8 -l8
[2.120s] [  4%] Built target mtracker_joy
[2.120s] [  4%] Built target ament_cmake_python_copy_mtracker
[2.125s] [  7%] Built target mtracker__rosidl_generator_type_description
[2.125s] [ 12%] Built target controller
[2.131s] [ 24%] Built target mtracker__rosidl_generator_c
[2.131s] [ 26%] Built target mtracker__cpp
[2.132s] [ 34%] Built target mtracker__rosidl_typesupport_introspection_c
[2.132s] [ 41%] Built target mtracker__rosidl_typesupport_c
[2.132s] [ 48%] Built target mtracker__rosidl_typesupport_cpp
[2.132s] [ 56%] Built target mtracker__rosidl_typesupport_introspection_cpp
[2.133s] [ 63%] Built target mtracker__rosidl_typesupport_fastrtps_c
[2.133s] [ 70%] Built target mtracker__rosidl_typesupport_fastrtps_cpp
[2.133s] [ 70%] Built target mtracker
[2.133s] [ 78%] Built target mtracker_drv
[2.134s] [ 80%] Built target mtracker__py
[2.135s] [ 85%] Built target mtracker__rosidl_generator_py
[2.135s] [ 95%] Built target mtracker_s__rosidl_typesupport_c
[2.135s] [ 90%] Built target mtracker_s__rosidl_typesupport_fastrtps_c
[2.138s] [100%] Built target mtracker_s__rosidl_typesupport_introspection_c
[2.509s] running egg_info
[2.558s] writing mtracker.egg-info/PKG-INFO
[2.558s] writing dependency_links to mtracker.egg-info/dependency_links.txt
[2.559s] writing top-level names to mtracker.egg-info/top_level.txt
[2.710s] reading manifest file 'mtracker.egg-info/SOURCES.txt'
[2.711s] writing manifest file 'mtracker.egg-info/SOURCES.txt'
[2.765s] [100%] Built target ament_cmake_python_build_mtracker_egg
[3.029s] Invoked command in '/home/vvoxel/ros2_ws_mgr/build/mtracker' returned '0': CMAKE_PREFIX_PATH=${CMAKE_PREFIX_PATH}:/home/vvoxel/ros2_ws_mgr/install/sim_launcher:/opt/ros/jazzy DEBUGINFOD_URLS=https://debuginfod.ubuntu.com /usr/bin/cmake --build /home/vvoxel/ros2_ws_mgr/build/mtracker -- -j8 -l8
[3.031s] Invoking command in '/home/vvoxel/ros2_ws_mgr/build/mtracker': CMAKE_PREFIX_PATH=${CMAKE_PREFIX_PATH}:/home/vvoxel/ros2_ws_mgr/install/sim_launcher:/opt/ros/jazzy DEBUGINFOD_URLS=https://debuginfod.ubuntu.com /usr/bin/cmake --install /home/vvoxel/ros2_ws_mgr/build/mtracker
[3.229s] -- Install configuration: ""
[3.230s] -- Up-to-date: /home/vvoxel/ros2_ws_mgr/install/mtracker/share/mtracker//launch
[3.230s] -- Up-to-date: /home/vvoxel/ros2_ws_mgr/install/mtracker/share/mtracker//launch/mtracker_master.launch.py
[3.230s] -- Up-to-date: /home/vvoxel/ros2_ws_mgr/install/mtracker/share/mtracker//launch/mtracker_remote.launch
[3.230s] -- Up-to-date: /home/vvoxel/ros2_ws_mgr/install/mtracker/share/ament_index/resource_index/rosidl_interfaces/mtracker
[3.231s] -- Up-to-date: /home/vvoxel/ros2_ws_mgr/install/mtracker/share/mtracker/srv/Trigger.json
[3.231s] -- Up-to-date: /home/vvoxel/ros2_ws_mgr/install/mtracker/include/mtracker/mtracker
[3.231s] -- Up-to-date: /home/vvoxel/ros2_ws_mgr/install/mtracker/include/mtracker/mtracker/srv
[3.231s] -- Up-to-date: /home/vvoxel/ros2_ws_mgr/install/mtracker/include/mtracker/mtracker/srv/trigger.h
[3.231s] -- Up-to-date: /home/vvoxel/ros2_ws_mgr/install/mtracker/include/mtracker/mtracker/srv/detail
[3.231s] -- Installing: /home/vvoxel/ros2_ws_mgr/install/mtracker/include/mtracker/mtracker/srv/detail/trigger__type_support.c
[3.231s] -- Up-to-date: /home/vvoxel/ros2_ws_mgr/install/mtracker/include/mtracker/mtracker/srv/detail/trigger__functions.c
[3.232s] -- Up-to-date: /home/vvoxel/ros2_ws_mgr/install/mtracker/include/mtracker/mtracker/srv/detail/trigger__description.c
[3.232s] -- Up-to-date: /home/vvoxel/ros2_ws_mgr/install/mtracker/include/mtracker/mtracker/srv/detail/trigger__struct.h
[3.232s] -- Up-to-date: /home/vvoxel/ros2_ws_mgr/install/mtracker/include/mtracker/mtracker/srv/detail/trigger__functions.h
[3.232s] -- Up-to-date: /home/vvoxel/ros2_ws_mgr/install/mtracker/include/mtracker/mtracker/srv/detail/trigger__type_support.h
[3.232s] -- Up-to-date: /home/vvoxel/ros2_ws_mgr/install/mtracker/include/mtracker/mtracker/msg
[3.233s] -- Up-to-date: /home/vvoxel/ros2_ws_mgr/install/mtracker/include/mtracker/mtracker/msg/rosidl_generator_c__visibility_control.h
[3.233s] -- Up-to-date: /home/vvoxel/ros2_ws_mgr/install/mtracker/share/mtracker/environment/library_path.sh
[3.233s] -- Up-to-date: /home/vvoxel/ros2_ws_mgr/install/mtracker/share/mtracker/environment/library_path.dsv
[3.233s] -- Up-to-date: /home/vvoxel/ros2_ws_mgr/install/mtracker/lib/libmtracker__rosidl_generator_c.so
[3.233s] -- Up-to-date: /home/vvoxel/ros2_ws_mgr/install/mtracker/include/mtracker/mtracker
[3.233s] -- Up-to-date: /home/vvoxel/ros2_ws_mgr/install/mtracker/include/mtracker/mtracker/srv
[3.233s] -- Up-to-date: /home/vvoxel/ros2_ws_mgr/install/mtracker/include/mtracker/mtracker/srv/detail
[3.234s] -- Up-to-date: /home/vvoxel/ros2_ws_mgr/install/mtracker/include/mtracker/mtracker/srv/detail/trigger__rosidl_typesupport_fastrtps_c.h
[3.234s] -- Up-to-date: /home/vvoxel/ros2_ws_mgr/install/mtracker/include/mtracker/mtracker/msg
[3.234s] -- Up-to-date: /home/vvoxel/ros2_ws_mgr/install/mtracker/include/mtracker/mtracker/msg/rosidl_typesupport_fastrtps_c__visibility_control.h
[3.234s] -- Up-to-date: /home/vvoxel/ros2_ws_mgr/install/mtracker/lib/libmtracker__rosidl_typesupport_fastrtps_c.so
[3.235s] -- Up-to-date: /home/vvoxel/ros2_ws_mgr/install/mtracker/include/mtracker/mtracker
[3.235s] -- Up-to-date: /home/vvoxel/ros2_ws_mgr/install/mtracker/include/mtracker/mtracker/srv
[3.235s] -- Up-to-date: /home/vvoxel/ros2_ws_mgr/install/mtracker/include/mtracker/mtracker/srv/trigger.hpp
[3.235s] -- Up-to-date: /home/vvoxel/ros2_ws_mgr/install/mtracker/include/mtracker/mtracker/srv/detail
[3.235s] -- Up-to-date: /home/vvoxel/ros2_ws_mgr/install/mtracker/include/mtracker/mtracker/srv/detail/trigger__type_support.hpp
[3.235s] -- Up-to-date: /home/vvoxel/ros2_ws_mgr/install/mtracker/include/mtracker/mtracker/srv/detail/trigger__struct.hpp
[3.236s] -- Up-to-date: /home/vvoxel/ros2_ws_mgr/install/mtracker/include/mtracker/mtracker/srv/detail/trigger__builder.hpp
[3.236s] -- Up-to-date: /home/vvoxel/ros2_ws_mgr/install/mtracker/include/mtracker/mtracker/srv/detail/trigger__traits.hpp
[3.236s] -- Up-to-date: /home/vvoxel/ros2_ws_mgr/install/mtracker/include/mtracker/mtracker/msg
[3.236s] -- Up-to-date: /home/vvoxel/ros2_ws_mgr/install/mtracker/include/mtracker/mtracker/msg/rosidl_generator_cpp__visibility_control.hpp
[3.236s] -- Up-to-date: /home/vvoxel/ros2_ws_mgr/install/mtracker/include/mtracker/mtracker
[3.236s] -- Up-to-date: /home/vvoxel/ros2_ws_mgr/install/mtracker/include/mtracker/mtracker/srv
[3.236s] -- Up-to-date: /home/vvoxel/ros2_ws_mgr/install/mtracker/include/mtracker/mtracker/srv/detail
[3.237s] -- Up-to-date: /home/vvoxel/ros2_ws_mgr/install/mtracker/include/mtracker/mtracker/srv/detail/trigger__rosidl_typesupport_fastrtps_cpp.hpp
[3.237s] -- Up-to-date: /home/vvoxel/ros2_ws_mgr/install/mtracker/include/mtracker/mtracker/srv/detail/dds_fastrtps
[3.237s] -- Up-to-date: /home/vvoxel/ros2_ws_mgr/install/mtracker/include/mtracker/mtracker/msg
[3.237s] -- Up-to-date: /home/vvoxel/ros2_ws_mgr/install/mtracker/include/mtracker/mtracker/msg/rosidl_typesupport_fastrtps_cpp__visibility_control.h
[3.237s] -- Up-to-date: /home/vvoxel/ros2_ws_mgr/install/mtracker/lib/libmtracker__rosidl_typesupport_fastrtps_cpp.so
[3.237s] -- Up-to-date: /home/vvoxel/ros2_ws_mgr/install/mtracker/include/mtracker/mtracker
[3.237s] -- Up-to-date: /home/vvoxel/ros2_ws_mgr/install/mtracker/include/mtracker/mtracker/srv
[3.237s] -- Up-to-date: /home/vvoxel/ros2_ws_mgr/install/mtracker/include/mtracker/mtracker/srv/detail
[3.238s] -- Up-to-date: /home/vvoxel/ros2_ws_mgr/install/mtracker/include/mtracker/mtracker/srv/detail/trigger__rosidl_typesupport_introspection_c.h
[3.238s] -- Installing: /home/vvoxel/ros2_ws_mgr/install/mtracker/include/mtracker/mtracker/srv/detail/trigger__type_support.c
[3.238s] -- Up-to-date: /home/vvoxel/ros2_ws_mgr/install/mtracker/include/mtracker/mtracker/msg
[3.238s] -- Up-to-date: /home/vvoxel/ros2_ws_mgr/install/mtracker/include/mtracker/mtracker/msg/rosidl_typesupport_introspection_c__visibility_control.h
[3.238s] -- Up-to-date: /home/vvoxel/ros2_ws_mgr/install/mtracker/lib/libmtracker__rosidl_typesupport_introspection_c.so
[3.238s] -- Up-to-date: /home/vvoxel/ros2_ws_mgr/install/mtracker/lib/libmtracker__rosidl_typesupport_c.so
[3.239s] -- Up-to-date: /home/vvoxel/ros2_ws_mgr/install/mtracker/include/mtracker/mtracker
[3.239s] -- Up-to-date: /home/vvoxel/ros2_ws_mgr/install/mtracker/include/mtracker/mtracker/srv
[3.239s] -- Up-to-date: /home/vvoxel/ros2_ws_mgr/install/mtracker/include/mtracker/mtracker/srv/detail
[3.239s] -- Up-to-date: /home/vvoxel/ros2_ws_mgr/install/mtracker/include/mtracker/mtracker/srv/detail/trigger__rosidl_typesupport_introspection_cpp.hpp
[3.239s] -- Up-to-date: /home/vvoxel/ros2_ws_mgr/install/mtracker/include/mtracker/mtracker/srv/detail/trigger__type_support.cpp
[3.239s] -- Up-to-date: /home/vvoxel/ros2_ws_mgr/install/mtracker/lib/libmtracker__rosidl_typesupport_introspection_cpp.so
[3.240s] -- Up-to-date: /home/vvoxel/ros2_ws_mgr/install/mtracker/lib/libmtracker__rosidl_typesupport_cpp.so
[3.240s] -- Up-to-date: /home/vvoxel/ros2_ws_mgr/install/mtracker/share/mtracker/environment/pythonpath.sh
[3.240s] -- Up-to-date: /home/vvoxel/ros2_ws_mgr/install/mtracker/share/mtracker/environment/pythonpath.dsv
[3.240s] -- Up-to-date: /home/vvoxel/ros2_ws_mgr/install/mtracker/lib/python3.12/site-packages/mtracker-0.0.0-py3.12.egg-info
[3.240s] -- Installing: /home/vvoxel/ros2_ws_mgr/install/mtracker/lib/python3.12/site-packages/mtracker-0.0.0-py3.12.egg-info/dependency_links.txt
[3.241s] -- Installing: /home/vvoxel/ros2_ws_mgr/install/mtracker/lib/python3.12/site-packages/mtracker-0.0.0-py3.12.egg-info/top_level.txt
[3.241s] -- Installing: /home/vvoxel/ros2_ws_mgr/install/mtracker/lib/python3.12/site-packages/mtracker-0.0.0-py3.12.egg-info/SOURCES.txt
[3.241s] -- Installing: /home/vvoxel/ros2_ws_mgr/install/mtracker/lib/python3.12/site-packages/mtracker-0.0.0-py3.12.egg-info/PKG-INFO
[3.241s] -- Up-to-date: /home/vvoxel/ros2_ws_mgr/install/mtracker/lib/python3.12/site-packages/mtracker
[3.241s] -- Up-to-date: /home/vvoxel/ros2_ws_mgr/install/mtracker/lib/python3.12/site-packages/mtracker/_mtracker_s.ep.rosidl_typesupport_c.c
[3.241s] -- Up-to-date: /home/vvoxel/ros2_ws_mgr/install/mtracker/lib/python3.12/site-packages/mtracker/__init__.py
[3.242s] -- Up-to-date: /home/vvoxel/ros2_ws_mgr/install/mtracker/lib/python3.12/site-packages/mtracker/srv
[3.242s] -- Up-to-date: /home/vvoxel/ros2_ws_mgr/install/mtracker/lib/python3.12/site-packages/mtracker/srv/_trigger.py
[3.242s] -- Up-to-date: /home/vvoxel/ros2_ws_mgr/install/mtracker/lib/python3.12/site-packages/mtracker/srv/__init__.py
[3.242s] -- Up-to-date: /home/vvoxel/ros2_ws_mgr/install/mtracker/lib/python3.12/site-packages/mtracker/srv/_trigger_s.c
[3.249s] -- Up-to-date: /home/vvoxel/ros2_ws_mgr/install/mtracker/lib/python3.12/site-packages/mtracker/_mtracker_s.ep.rosidl_typesupport_fastrtps_c.c
[3.250s] -- Up-to-date: /home/vvoxel/ros2_ws_mgr/install/mtracker/lib/python3.12/site-packages/mtracker/_mtracker_s.ep.rosidl_typesupport_introspection_c.c
[3.250s] -- Up-to-date: /home/vvoxel/ros2_ws_mgr/install/mtracker/lib/python3.12/site-packages/mtracker/mtracker_s__rosidl_typesupport_c.so
[3.250s] -- Up-to-date: /home/vvoxel/ros2_ws_mgr/install/mtracker/lib/python3.12/site-packages/mtracker/mtracker_s__rosidl_typesupport_introspection_c.so
[3.250s] -- Up-to-date: /home/vvoxel/ros2_ws_mgr/install/mtracker/lib/python3.12/site-packages/mtracker/mtracker_s__rosidl_typesupport_fastrtps_c.so
[3.250s] Listing '/home/vvoxel/ros2_ws_mgr/install/mtracker/lib/python3.12/site-packages/mtracker'...
[3.250s] Listing '/home/vvoxel/ros2_ws_mgr/install/mtracker/lib/python3.12/site-packages/mtracker/srv'...
[3.250s] -- Up-to-date: /home/vvoxel/ros2_ws_mgr/install/mtracker/lib/python3.12/site-packages/mtracker/mtracker_s__rosidl_typesupport_fastrtps_c.so
[3.251s] -- Up-to-date: /home/vvoxel/ros2_ws_mgr/install/mtracker/lib/python3.12/site-packages/mtracker/mtracker_s__rosidl_typesupport_introspection_c.so
[3.251s] -- Up-to-date: /home/vvoxel/ros2_ws_mgr/install/mtracker/lib/python3.12/site-packages/mtracker/mtracker_s__rosidl_typesupport_c.so
[3.251s] -- Up-to-date: /home/vvoxel/ros2_ws_mgr/install/mtracker/lib/libmtracker__rosidl_generator_py.so
[3.251s] -- Up-to-date: /home/vvoxel/ros2_ws_mgr/install/mtracker/share/mtracker/srv/Trigger.idl
[3.251s] -- Up-to-date: /home/vvoxel/ros2_ws_mgr/install/mtracker/share/mtracker/srv/Trigger.srv
[3.251s] -- Up-to-date: /home/vvoxel/ros2_ws_mgr/install/mtracker/lib/mtracker/mtracker_drv
[3.251s] -- Up-to-date: /home/vvoxel/ros2_ws_mgr/install/mtracker/lib/mtracker/controller
[3.252s] -- Up-to-date: /home/vvoxel/ros2_ws_mgr/install/mtracker/lib/mtracker/mtracker_joy
[3.252s] -- Up-to-date: /home/vvoxel/ros2_ws_mgr/install/mtracker/share/ament_index/resource_index/package_run_dependencies/mtracker
[3.252s] -- Up-to-date: /home/vvoxel/ros2_ws_mgr/install/mtracker/share/ament_index/resource_index/parent_prefix_path/mtracker
[3.252s] -- Up-to-date: /home/vvoxel/ros2_ws_mgr/install/mtracker/share/mtracker/environment/ament_prefix_path.sh
[3.252s] -- Up-to-date: /home/vvoxel/ros2_ws_mgr/install/mtracker/share/mtracker/environment/ament_prefix_path.dsv
[3.252s] -- Up-to-date: /home/vvoxel/ros2_ws_mgr/install/mtracker/share/mtracker/environment/path.sh
[3.252s] -- Up-to-date: /home/vvoxel/ros2_ws_mgr/install/mtracker/share/mtracker/environment/path.dsv
[3.253s] -- Up-to-date: /home/vvoxel/ros2_ws_mgr/install/mtracker/share/mtracker/local_setup.bash
[3.253s] -- Up-to-date: /home/vvoxel/ros2_ws_mgr/install/mtracker/share/mtracker/local_setup.sh
[3.253s] -- Up-to-date: /home/vvoxel/ros2_ws_mgr/install/mtracker/share/mtracker/local_setup.zsh
[3.253s] -- Up-to-date: /home/vvoxel/ros2_ws_mgr/install/mtracker/share/mtracker/local_setup.dsv
[3.253s] -- Installing: /home/vvoxel/ros2_ws_mgr/install/mtracker/share/mtracker/package.dsv
[3.253s] -- Up-to-date: /home/vvoxel/ros2_ws_mgr/install/mtracker/share/ament_index/resource_index/packages/mtracker
[3.253s] -- Up-to-date: /home/vvoxel/ros2_ws_mgr/install/mtracker/share/mtracker/cmake/export_mtracker__rosidl_generator_cExport.cmake
[3.254s] -- Up-to-date: /home/vvoxel/ros2_ws_mgr/install/mtracker/share/mtracker/cmake/export_mtracker__rosidl_generator_cExport-noconfig.cmake
[3.254s] -- Up-to-date: /home/vvoxel/ros2_ws_mgr/install/mtracker/share/mtracker/cmake/export_mtracker__rosidl_typesupport_fastrtps_cExport.cmake
[3.254s] -- Up-to-date: /home/vvoxel/ros2_ws_mgr/install/mtracker/share/mtracker/cmake/export_mtracker__rosidl_typesupport_fastrtps_cExport-noconfig.cmake
[3.254s] -- Up-to-date: /home/vvoxel/ros2_ws_mgr/install/mtracker/share/mtracker/cmake/export_mtracker__rosidl_generator_cppExport.cmake
[3.254s] -- Up-to-date: /home/vvoxel/ros2_ws_mgr/install/mtracker/share/mtracker/cmake/export_mtracker__rosidl_typesupport_fastrtps_cppExport.cmake
[3.254s] -- Up-to-date: /home/vvoxel/ros2_ws_mgr/install/mtracker/share/mtracker/cmake/export_mtracker__rosidl_typesupport_fastrtps_cppExport-noconfig.cmake
[3.254s] -- Up-to-date: /home/vvoxel/ros2_ws_mgr/install/mtracker/share/mtracker/cmake/mtracker__rosidl_typesupport_introspection_cExport.cmake
[3.254s] -- Up-to-date: /home/vvoxel/ros2_ws_mgr/install/mtracker/share/mtracker/cmake/mtracker__rosidl_typesupport_introspection_cExport-noconfig.cmake
[3.255s] -- Up-to-date: /home/vvoxel/ros2_ws_mgr/install/mtracker/share/mtracker/cmake/mtracker__rosidl_typesupport_cExport.cmake
[3.255s] -- Up-to-date: /home/vvoxel/ros2_ws_mgr/install/mtracker/share/mtracker/cmake/mtracker__rosidl_typesupport_cExport-noconfig.cmake
[3.255s] -- Up-to-date: /home/vvoxel/ros2_ws_mgr/install/mtracker/share/mtracker/cmake/mtracker__rosidl_typesupport_introspection_cppExport.cmake
[3.255s] -- Up-to-date: /home/vvoxel/ros2_ws_mgr/install/mtracker/share/mtracker/cmake/mtracker__rosidl_typesupport_introspection_cppExport-noconfig.cmake
[3.255s] -- Up-to-date: /home/vvoxel/ros2_ws_mgr/install/mtracker/share/mtracker/cmake/mtracker__rosidl_typesupport_cppExport.cmake
[3.260s] -- Up-to-date: /home/vvoxel/ros2_ws_mgr/install/mtracker/share/mtracker/cmake/mtracker__rosidl_typesupport_cppExport-noconfig.cmake
[3.260s] -- Up-to-date: /home/vvoxel/ros2_ws_mgr/install/mtracker/share/mtracker/cmake/export_mtracker__rosidl_generator_pyExport.cmake
[3.260s] -- Up-to-date: /home/vvoxel/ros2_ws_mgr/install/mtracker/share/mtracker/cmake/export_mtracker__rosidl_generator_pyExport-noconfig.cmake
[3.260s] -- Up-to-date: /home/vvoxel/ros2_ws_mgr/install/mtracker/share/mtracker/cmake/rosidl_cmake-extras.cmake
[3.260s] -- Up-to-date: /home/vvoxel/ros2_ws_mgr/install/mtracker/share/mtracker/cmake/ament_cmake_export_dependencies-extras.cmake
[3.260s] -- Up-to-date: /home/vvoxel/ros2_ws_mgr/install/mtracker/share/mtracker/cmake/ament_cmake_export_include_directories-extras.cmake
[3.261s] -- Up-to-date: /home/vvoxel/ros2_ws_mgr/install/mtracker/share/mtracker/cmake/ament_cmake_export_libraries-extras.cmake
[3.261s] -- Up-to-date: /home/vvoxel/ros2_ws_mgr/install/mtracker/share/mtracker/cmake/ament_cmake_export_targets-extras.cmake
[3.261s] -- Up-to-date: /home/vvoxel/ros2_ws_mgr/install/mtracker/share/mtracker/cmake/rosidl_cmake_export_typesupport_targets-extras.cmake
[3.276s] -- Up-to-date: /home/vvoxel/ros2_ws_mgr/install/mtracker/share/mtracker/cmake/rosidl_cmake_export_typesupport_libraries-extras.cmake
[3.276s] -- Up-to-date: /home/vvoxel/ros2_ws_mgr/install/mtracker/share/mtracker/cmake/mtrackerConfig.cmake
[3.276s] -- Up-to-date: /home/vvoxel/ros2_ws_mgr/install/mtracker/share/mtracker/cmake/mtrackerConfig-version.cmake
[3.276s] -- Up-to-date: /home/vvoxel/ros2_ws_mgr/install/mtracker/share/mtracker/package.xml
[3.446s] Invoked command in '/home/vvoxel/ros2_ws_mgr/build/mtracker' returned '0': CMAKE_PREFIX_PATH=${CMAKE_PREFIX_PATH}:/home/vvoxel/ros2_ws_mgr/install/sim_launcher:/opt/ros/jazzy DEBUGINFOD_URLS=https://debuginfod.ubuntu.com /usr/bin/cmake --install /home/vvoxel/ros2_ws_mgr/build/mtracker
