-- Create Release Build.
-- Found ament_cmake: 2.5.3 (/opt/ros/jazzy/share/ament_cmake/cmake)
-- Override CMake install command with custom implementation using symlinks instead of copying resources
-- Found builtin_interfaces: 2.0.2 (/opt/ros/jazzy/share/builtin_interfaces/cmake)
-- Found rosidl_generator_c: 4.6.5 (/opt/ros/jazzy/share/rosidl_generator_c/cmake)
-- Found rosidl_generator_cpp: 4.6.5 (/opt/ros/jazzy/share/rosidl_generator_cpp/cmake)
-- Using all available rosidl_typesupport_c: rosidl_typesupport_fastrtps_c;rosidl_typesupport_introspection_c
-- Using all available rosidl_typesupport_cpp: rosidl_typesupport_fastrtps_cpp;rosidl_typesupport_introspection_cpp
-- Found cv_bridge: 4.1.0 (/opt/ros/jazzy/share/cv_bridge/cmake)
-- Found rmw_implementation_cmake: 7.3.1 (/opt/ros/jazzy/share/rmw_implementation_cmake/cmake)
-- Found rmw_fastrtps_cpp: 8.4.1 (/opt/ros/jazzy/share/rmw_fastrtps_cpp/cmake)
-- Using RMW implementation 'rmw_fastrtps_cpp' as default
-- Found image_transport: 5.1.5 (/opt/ros/jazzy/share/image_transport/cmake)
-- Found rclcpp_components: 28.1.6 (/opt/ros/jazzy/share/rclcpp_components/cmake)
-- Found realsense2_camera_msgs: 4.55.1 (/home/vvoxel/ros2_ws_mgr/install/realsense2_camera_msgs/share/realsense2_camera_msgs/cmake)
-- Found nav_msgs: 5.3.5 (/opt/ros/jazzy/share/nav_msgs/cmake)
-- Found tf2_ros: 0.36.8 (/opt/ros/jazzy/share/tf2_ros/cmake)
-- Found diagnostic_updater: 4.2.2 (/opt/ros/jazzy/share/diagnostic_updater/cmake)
-- Build for ROS2 Jazzy
-- Found ament_cmake_gtest: 2.5.3 (/opt/ros/jazzy/share/ament_cmake_gtest/cmake)
-- Found gtest sources under '/opt/ros/jazzy/src/gtest_vendor': C++ tests using 'Google Test' will be built
-- Found ament_cmake_pytest: 2.5.3 (/opt/ros/jazzy/share/ament_cmake_pytest/cmake)
-- rs_device_info:
-- No device detected. Is it plugged in?

-- Configuring done (9.2s)
-- Generating done (0.0s)
-- Build files have been written to: /home/vvoxel/ros2_ws_mgr/build/realsense2_camera
[  9%] Built target gtest_main
[ 18%] Built target gtest
[ 27%] Built target realsense2_camera_node
[ 36%] Built target gtest_template
[100%] Built target realsense2_camera
-- Install configuration: "Release"
-- Execute custom install script
-- Up-to-date symlink: /home/vvoxel/ros2_ws_mgr/install/realsense2_camera/lib/realsense2_camera/realsense2_camera_node
-- Up-to-date symlink: /home/vvoxel/ros2_ws_mgr/install/realsense2_camera/lib/librealsense2_camera.so
-- Up-to-date symlink: /home/vvoxel/ros2_ws_mgr/install/realsense2_camera/include/base_realsense_node.h
-- Up-to-date symlink: /home/vvoxel/ros2_ws_mgr/install/realsense2_camera/include/constants.h
-- Up-to-date symlink: /home/vvoxel/ros2_ws_mgr/install/realsense2_camera/include/dynamic_params.h
-- Up-to-date symlink: /home/vvoxel/ros2_ws_mgr/install/realsense2_camera/include/gl_window.h
-- Up-to-date symlink: /home/vvoxel/ros2_ws_mgr/install/realsense2_camera/include/image_publisher.h
-- Up-to-date symlink: /home/vvoxel/ros2_ws_mgr/install/realsense2_camera/include/named_filter.h
-- Up-to-date symlink: /home/vvoxel/ros2_ws_mgr/install/realsense2_camera/include/profile_manager.h
-- Up-to-date symlink: /home/vvoxel/ros2_ws_mgr/install/realsense2_camera/include/realsense_node_factory.h
-- Up-to-date symlink: /home/vvoxel/ros2_ws_mgr/install/realsense2_camera/include/ros_param_backend.h
-- Up-to-date symlink: /home/vvoxel/ros2_ws_mgr/install/realsense2_camera/include/ros_sensor.h
-- Up-to-date symlink: /home/vvoxel/ros2_ws_mgr/install/realsense2_camera/include/ros_utils.h
-- Up-to-date symlink: /home/vvoxel/ros2_ws_mgr/install/realsense2_camera/include/sensor_params.h
-- Up-to-date symlink: /home/vvoxel/ros2_ws_mgr/install/realsense2_camera/share/realsense2_camera/launch/default.rviz
-- Up-to-date symlink: /home/vvoxel/ros2_ws_mgr/install/realsense2_camera/share/realsense2_camera/launch/rs_intra_process_demo_launch.py
-- Up-to-date symlink: /home/vvoxel/ros2_ws_mgr/install/realsense2_camera/share/realsense2_camera/launch/rs_launch.py
-- Up-to-date symlink: /home/vvoxel/ros2_ws_mgr/install/realsense2_camera/share/realsense2_camera/launch/rs_multi_camera_launch.py
-- Up-to-date symlink: /home/vvoxel/ros2_ws_mgr/install/realsense2_camera/share/realsense2_camera/examples/align_depth/README.md
-- Up-to-date symlink: /home/vvoxel/ros2_ws_mgr/install/realsense2_camera/share/realsense2_camera/examples/align_depth/rs_align_depth_launch.py
-- Up-to-date symlink: /home/vvoxel/ros2_ws_mgr/install/realsense2_camera/share/realsense2_camera/examples/dual_camera/README.md
-- Up-to-date symlink: /home/vvoxel/ros2_ws_mgr/install/realsense2_camera/share/realsense2_camera/examples/dual_camera/rs_dual_camera_launch.py
-- Up-to-date symlink: /home/vvoxel/ros2_ws_mgr/install/realsense2_camera/share/realsense2_camera/examples/dual_camera/rviz/dual_camera_pointcloud.rviz
-- Up-to-date symlink: /home/vvoxel/ros2_ws_mgr/install/realsense2_camera/share/realsense2_camera/examples/launch_from_rosbag/README.md
-- Up-to-date symlink: /home/vvoxel/ros2_ws_mgr/install/realsense2_camera/share/realsense2_camera/examples/launch_from_rosbag/rs_launch_from_rosbag.py
-- Up-to-date symlink: /home/vvoxel/ros2_ws_mgr/install/realsense2_camera/share/realsense2_camera/examples/launch_params_from_file/README.md
-- Up-to-date symlink: /home/vvoxel/ros2_ws_mgr/install/realsense2_camera/share/realsense2_camera/examples/launch_params_from_file/config/config.yaml
-- Up-to-date symlink: /home/vvoxel/ros2_ws_mgr/install/realsense2_camera/share/realsense2_camera/examples/launch_params_from_file/rs_launch_get_params_from_yaml.py
-- Up-to-date symlink: /home/vvoxel/ros2_ws_mgr/install/realsense2_camera/share/realsense2_camera/examples/pointcloud/README.md
-- Up-to-date symlink: /home/vvoxel/ros2_ws_mgr/install/realsense2_camera/share/realsense2_camera/examples/pointcloud/rs_d405_pointcloud_launch.py
-- Up-to-date symlink: /home/vvoxel/ros2_ws_mgr/install/realsense2_camera/share/realsense2_camera/examples/pointcloud/rs_d455_pointcloud_launch.py
-- Up-to-date symlink: /home/vvoxel/ros2_ws_mgr/install/realsense2_camera/share/realsense2_camera/examples/pointcloud/rs_pointcloud_launch.py
-- Up-to-date symlink: /home/vvoxel/ros2_ws_mgr/install/realsense2_camera/share/realsense2_camera/examples/pointcloud/rviz/pointcloud.rviz
-- Up-to-date symlink: /home/vvoxel/ros2_ws_mgr/install/realsense2_camera/share/realsense2_camera/examples/pointcloud/rviz/urdf_pointcloud.rviz
-- Up-to-date symlink: /home/vvoxel/ros2_ws_mgr/install/realsense2_camera/share/realsense2_camera/environment/library_path.sh
-- Up-to-date symlink: /home/vvoxel/ros2_ws_mgr/install/realsense2_camera/share/realsense2_camera/environment/library_path.dsv
-- Up-to-date symlink: /home/vvoxel/ros2_ws_mgr/install/realsense2_camera/share/ament_index/resource_index/package_run_dependencies/realsense2_camera
-- Up-to-date symlink: /home/vvoxel/ros2_ws_mgr/install/realsense2_camera/share/ament_index/resource_index/parent_prefix_path/realsense2_camera
-- Up-to-date symlink: /home/vvoxel/ros2_ws_mgr/install/realsense2_camera/share/realsense2_camera/environment/ament_prefix_path.sh
-- Up-to-date symlink: /home/vvoxel/ros2_ws_mgr/install/realsense2_camera/share/realsense2_camera/environment/ament_prefix_path.dsv
-- Up-to-date symlink: /home/vvoxel/ros2_ws_mgr/install/realsense2_camera/share/realsense2_camera/environment/path.sh
-- Up-to-date symlink: /home/vvoxel/ros2_ws_mgr/install/realsense2_camera/share/realsense2_camera/environment/path.dsv
-- Up-to-date symlink: /home/vvoxel/ros2_ws_mgr/install/realsense2_camera/share/realsense2_camera/local_setup.bash
-- Up-to-date symlink: /home/vvoxel/ros2_ws_mgr/install/realsense2_camera/share/realsense2_camera/local_setup.sh
-- Up-to-date symlink: /home/vvoxel/ros2_ws_mgr/install/realsense2_camera/share/realsense2_camera/local_setup.zsh
-- Up-to-date symlink: /home/vvoxel/ros2_ws_mgr/install/realsense2_camera/share/realsense2_camera/local_setup.dsv
-- Symlinking: /home/vvoxel/ros2_ws_mgr/install/realsense2_camera/share/realsense2_camera/package.dsv
-- Up-to-date symlink: /home/vvoxel/ros2_ws_mgr/install/realsense2_camera/share/ament_index/resource_index/packages/realsense2_camera
-- Up-to-date symlink: /home/vvoxel/ros2_ws_mgr/install/realsense2_camera/share/ament_index/resource_index/rclcpp_components/realsense2_camera
-- Up-to-date symlink: /home/vvoxel/ros2_ws_mgr/install/realsense2_camera/share/realsense2_camera/cmake/ament_cmake_export_include_directories-extras.cmake
-- Up-to-date symlink: /home/vvoxel/ros2_ws_mgr/install/realsense2_camera/share/realsense2_camera/cmake/ament_cmake_export_libraries-extras.cmake
-- Up-to-date symlink: /home/vvoxel/ros2_ws_mgr/install/realsense2_camera/share/realsense2_camera/cmake/ament_cmake_export_dependencies-extras.cmake
-- Up-to-date symlink: /home/vvoxel/ros2_ws_mgr/install/realsense2_camera/share/realsense2_camera/cmake/realsense2_cameraConfig.cmake
-- Up-to-date symlink: /home/vvoxel/ros2_ws_mgr/install/realsense2_camera/share/realsense2_camera/cmake/realsense2_cameraConfig-version.cmake
-- Up-to-date symlink: /home/vvoxel/ros2_ws_mgr/install/realsense2_camera/share/realsense2_camera/package.xml
