[0.046s] Invoking command in '/home/vvoxel/ros2_ws_mgr/build/g2o': DEBUGINFOD_URLS=https://debuginfod.ubuntu.com /usr/bin/cmake --build /home/vvoxel/ros2_ws_mgr/build/g2o -- -j8 -l8
[0.284s] [  1%] Built target freeglut_minimal
[0.284s] [  2%] Built target opengl_helper
[0.303s] [  3%] Built target parser_library
[0.313s] [  6%] Built target stuff
[0.433s] [  7%] Built target csparse_extension
[0.448s] [  7%] Built target logging_application
[0.470s] [  8%] Built target interface_library
[0.571s] [ 16%] Built target core
[0.734s] [ 16%] Built target solver_eigen
[0.747s] [ 17%] Built target solver_pcg
[0.763s] [ 19%] Built target g2o_cli_library
[0.770s] [ 20%] Built target solver_dense
[0.781s] [ 21%] Built target solver_csparse
[0.782s] [ 22%] Built target solver_structure_only
[0.798s] [ 28%] Built target types_slam3d
[0.853s] [ 33%] Built target types_slam2d
[0.882s] [ 34%] Built target solver_cholmod
[0.890s] [ 35%] Built target polynomial_fit
[0.910s] [ 35%] Built target static_dynamic_function_fit
[0.913s] [ 36%] Built target static_target
[0.934s] [ 36%] Built target constant_velocity_target
[0.942s] [ 39%] Built target tutorial_slam2d_library
[0.974s] [ 42%] Built target g2o_hierarchical_library
[1.048s] [ 42%] Built target g2o_cli_application
[1.071s] [ 47%] Built target viewer_library
[1.071s] [ 50%] Built target types_data
[1.078s] [ 54%] Built target types_slam3d_addons
[1.079s] [ 58%] Built target types_slam2d_addons
[1.090s] [ 60%] Built target types_sclam2d
[1.129s] [ 61%] Built target solver_slam2d_linear
[1.142s] [ 68%] Built target types_sba
[1.175s] [ 69%] Built target curve_fit
[1.182s] [ 70%] Built target circle_fit
[1.195s] [ 70%] Built target bal_example
[1.203s] [ 71%] Built target simulator_3d_plane
[1.207s] [ 72%] Built target tutorial_slam2d
[1.227s] [ 73%] Built target simulator_3d_line
[1.233s] [ 74%] Built target create_sphere
[1.266s] [ 75%] Built target g2o_anonymize_observations_application
[1.284s] [ 75%] Built target simple_optimize
[1.298s] [ 76%] Built target g2o_interactive_library
[1.316s] [ 76%] Built target g2o_hierarchical_application
[1.326s] [ 77%] Built target convertSegmentLine_application
[1.354s] [ 79%] Built target slam2d_g2o
[1.361s] [ 79%] Built target g2o_viewer
[1.404s] [ 79%] Built target types_icp
[1.404s] [ 86%] Built target g2o_simulator_library
[1.417s] [ 87%] Built target types_sim3
[1.417s] [ 88%] Built target ba_demo
[1.430s] [ 90%] Built target calibration_odom_laser_library
[1.441s] [ 90%] Built target ba_anchored_inverse_depth_demo
[1.469s] [ 92%] Built target convert_sba_slam3d
[1.471s] [ 92%] Built target g2o_online_application
[1.509s] [ 93%] Built target g2o_simulator2d_application
[1.510s] [ 94%] Built target sba_demo
[1.523s] [ 94%] Built target g2o_simulator3d_application
[1.529s] [ 95%] Built target gicp_demo
[1.534s] [ 96%] Built target gicp_sba_demo
[1.541s] [ 97%] Built target g2o_incremental_library
[1.589s] [ 98%] Built target sclam_odom_laser
[1.597s] [ 99%] Built target optimize_sphere_by_sim3
[1.602s] [100%] Built target sclam_pure_calibration
[1.608s] [100%] Built target sclam_laser_calib
[1.628s] [100%] Built target g2o_incremental_application
[1.701s] Invoked command in '/home/vvoxel/ros2_ws_mgr/build/g2o' returned '0': DEBUGINFOD_URLS=https://debuginfod.ubuntu.com /usr/bin/cmake --build /home/vvoxel/ros2_ws_mgr/build/g2o -- -j8 -l8
[1.703s] Invoking command in '/home/vvoxel/ros2_ws_mgr/build/g2o': DEBUGINFOD_URLS=https://debuginfod.ubuntu.com /usr/bin/cmake --install /home/vvoxel/ros2_ws_mgr/build/g2o
[1.721s] -- Install configuration: "Release"
[1.721s] -- Up-to-date: /home/vvoxel/ros2_ws_mgr/install/g2o/include/g2o/config.h
[1.722s] -- Up-to-date: /home/vvoxel/ros2_ws_mgr/install/g2o/lib/cmake/g2o/g2oConfig.cmake
[1.722s] -- Up-to-date: /home/vvoxel/ros2_ws_mgr/install/g2o/lib/cmake/g2o/g2oConfigVersion.cmake
[1.722s] -- Up-to-date: /home/vvoxel/ros2_ws_mgr/install/g2o/lib/cmake/g2o/g2oTargets.cmake
[1.722s] -- Up-to-date: /home/vvoxel/ros2_ws_mgr/install/g2o/lib/cmake/g2o/g2oTargets-release.cmake
[1.722s] -- Up-to-date: /home/vvoxel/ros2_ws_mgr/install/g2o/lib/libg2o_ext_freeglut_minimal.so.0.2.0
[1.723s] -- Up-to-date: /home/vvoxel/ros2_ws_mgr/install/g2o/lib/libg2o_ext_freeglut_minimal.so.0.2
[1.723s] -- Up-to-date: /home/vvoxel/ros2_ws_mgr/install/g2o/lib/libg2o_ext_freeglut_minimal.so
[1.724s] -- Up-to-date: /home/vvoxel/ros2_ws_mgr/install/g2o/include/g2o/EXTERNAL/freeglut/freeglut_minimal.h
[1.725s] -- Up-to-date: /home/vvoxel/ros2_ws_mgr/install/g2o/include/g2o/autodiff/array_selector.h
[1.726s] -- Up-to-date: /home/vvoxel/ros2_ws_mgr/install/g2o/include/g2o/autodiff/autodiff.h
[1.726s] -- Up-to-date: /home/vvoxel/ros2_ws_mgr/install/g2o/include/g2o/autodiff/disable_warnings.h
[1.726s] -- Up-to-date: /home/vvoxel/ros2_ws_mgr/install/g2o/include/g2o/autodiff/eigen.h
[1.726s] -- Up-to-date: /home/vvoxel/ros2_ws_mgr/install/g2o/include/g2o/autodiff/fixed_array.h
[1.727s] -- Up-to-date: /home/vvoxel/ros2_ws_mgr/install/g2o/include/g2o/autodiff/integer_sequence_algorithm.h
[1.727s] -- Up-to-date: /home/vvoxel/ros2_ws_mgr/install/g2o/include/g2o/autodiff/jet.h
[1.727s] -- Up-to-date: /home/vvoxel/ros2_ws_mgr/install/g2o/include/g2o/autodiff/memory.h
[1.728s] -- Up-to-date: /home/vvoxel/ros2_ws_mgr/install/g2o/include/g2o/autodiff/parameter_dims.h
[1.729s] -- Up-to-date: /home/vvoxel/ros2_ws_mgr/install/g2o/include/g2o/autodiff/reenable_warnings.h
[1.729s] -- Up-to-date: /home/vvoxel/ros2_ws_mgr/install/g2o/include/g2o/autodiff/types.h
[1.729s] -- Up-to-date: /home/vvoxel/ros2_ws_mgr/install/g2o/include/g2o/autodiff/variadic_evaluate.h
[1.732s] -- Up-to-date: /home/vvoxel/ros2_ws_mgr/install/g2o/include/g2o/autodiff/LICENSE
[1.732s] -- Up-to-date: /home/vvoxel/ros2_ws_mgr/install/g2o/lib/libg2o_stuff.so.0.2.0
[1.732s] -- Up-to-date: /home/vvoxel/ros2_ws_mgr/install/g2o/lib/libg2o_stuff.so.0.2
[1.733s] -- Up-to-date: /home/vvoxel/ros2_ws_mgr/install/g2o/lib/libg2o_stuff.so
[1.733s] -- Up-to-date: /home/vvoxel/ros2_ws_mgr/install/g2o/lib/libg2o_opengl_helper.so.0.2.0
[1.733s] -- Up-to-date: /home/vvoxel/ros2_ws_mgr/install/g2o/lib/libg2o_opengl_helper.so.0.2
[1.733s] -- Up-to-date: /home/vvoxel/ros2_ws_mgr/install/g2o/lib/libg2o_opengl_helper.so
[1.733s] -- Up-to-date: /home/vvoxel/ros2_ws_mgr/install/g2o/include/g2o/stuff/color_macros.h
[1.733s] -- Up-to-date: /home/vvoxel/ros2_ws_mgr/install/g2o/include/g2o/stuff/command_args.h
[1.734s] -- Up-to-date: /home/vvoxel/ros2_ws_mgr/install/g2o/include/g2o/stuff/filesys_tools.h
[1.734s] -- Up-to-date: /home/vvoxel/ros2_ws_mgr/install/g2o/include/g2o/stuff/g2o_stuff_api.h
[1.734s] -- Up-to-date: /home/vvoxel/ros2_ws_mgr/install/g2o/include/g2o/stuff/logger.h
[1.734s] -- Up-to-date: /home/vvoxel/ros2_ws_mgr/install/g2o/include/g2o/stuff/logger_format.h
[1.736s] -- Up-to-date: /home/vvoxel/ros2_ws_mgr/install/g2o/include/g2o/stuff/macros.h
[1.736s] -- Up-to-date: /home/vvoxel/ros2_ws_mgr/install/g2o/include/g2o/stuff/misc.h
[1.737s] -- Up-to-date: /home/vvoxel/ros2_ws_mgr/install/g2o/include/g2o/stuff/opengl_primitives.h
[1.737s] -- Up-to-date: /home/vvoxel/ros2_ws_mgr/install/g2o/include/g2o/stuff/opengl_wrapper.h
[1.737s] -- Up-to-date: /home/vvoxel/ros2_ws_mgr/install/g2o/include/g2o/stuff/property.h
[1.737s] -- Up-to-date: /home/vvoxel/ros2_ws_mgr/install/g2o/include/g2o/stuff/sampler.h
[1.737s] -- Up-to-date: /home/vvoxel/ros2_ws_mgr/install/g2o/include/g2o/stuff/sparse_helper.h
[1.738s] -- Up-to-date: /home/vvoxel/ros2_ws_mgr/install/g2o/include/g2o/stuff/string_tools.h
[1.738s] -- Up-to-date: /home/vvoxel/ros2_ws_mgr/install/g2o/include/g2o/stuff/tictoc.h
[1.739s] -- Up-to-date: /home/vvoxel/ros2_ws_mgr/install/g2o/include/g2o/stuff/timeutil.h
[1.739s] -- Up-to-date: /home/vvoxel/ros2_ws_mgr/install/g2o/include/g2o/stuff/tuple_tools.h
[1.740s] -- Up-to-date: /home/vvoxel/ros2_ws_mgr/install/g2o/include/g2o/stuff/unscented.h
[1.740s] -- Up-to-date: /home/vvoxel/ros2_ws_mgr/install/g2o/lib/libg2o_core.so.0.2.0
[1.740s] -- Up-to-date: /home/vvoxel/ros2_ws_mgr/install/g2o/lib/libg2o_core.so.0.2
[1.740s] -- Up-to-date: /home/vvoxel/ros2_ws_mgr/install/g2o/lib/libg2o_core.so
[1.741s] -- Up-to-date: /home/vvoxel/ros2_ws_mgr/install/g2o/include/g2o/core/auto_differentiation.h
[1.741s] -- Up-to-date: /home/vvoxel/ros2_ws_mgr/install/g2o/include/g2o/core/base_binary_edge.h
[1.741s] -- Up-to-date: /home/vvoxel/ros2_ws_mgr/install/g2o/include/g2o/core/base_dynamic_vertex.h
[1.741s] -- Up-to-date: /home/vvoxel/ros2_ws_mgr/install/g2o/include/g2o/core/base_edge.h
[1.741s] -- Up-to-date: /home/vvoxel/ros2_ws_mgr/install/g2o/include/g2o/core/base_fixed_sized_edge.h
[1.742s] -- Up-to-date: /home/vvoxel/ros2_ws_mgr/install/g2o/include/g2o/core/base_fixed_sized_edge.hpp
[1.742s] -- Up-to-date: /home/vvoxel/ros2_ws_mgr/install/g2o/include/g2o/core/base_multi_edge.h
[1.742s] -- Up-to-date: /home/vvoxel/ros2_ws_mgr/install/g2o/include/g2o/core/base_unary_edge.h
[1.743s] -- Up-to-date: /home/vvoxel/ros2_ws_mgr/install/g2o/include/g2o/core/base_variable_sized_edge.h
[1.743s] -- Up-to-date: /home/vvoxel/ros2_ws_mgr/install/g2o/include/g2o/core/base_variable_sized_edge.hpp
[1.743s] -- Up-to-date: /home/vvoxel/ros2_ws_mgr/install/g2o/include/g2o/core/base_vertex.h
[1.743s] -- Up-to-date: /home/vvoxel/ros2_ws_mgr/install/g2o/include/g2o/core/base_vertex.hpp
[1.743s] -- Up-to-date: /home/vvoxel/ros2_ws_mgr/install/g2o/include/g2o/core/batch_stats.h
[1.744s] -- Up-to-date: /home/vvoxel/ros2_ws_mgr/install/g2o/include/g2o/core/block_solver.h
[1.744s] -- Up-to-date: /home/vvoxel/ros2_ws_mgr/install/g2o/include/g2o/core/block_solver.hpp
[1.744s] -- Up-to-date: /home/vvoxel/ros2_ws_mgr/install/g2o/include/g2o/core/cache.h
[1.744s] -- Up-to-date: /home/vvoxel/ros2_ws_mgr/install/g2o/include/g2o/core/creators.h
[1.746s] -- Up-to-date: /home/vvoxel/ros2_ws_mgr/install/g2o/include/g2o/core/dynamic_aligned_buffer.hpp
[1.746s] -- Up-to-date: /home/vvoxel/ros2_ws_mgr/install/g2o/include/g2o/core/eigen_types.h
[1.746s] -- Up-to-date: /home/vvoxel/ros2_ws_mgr/install/g2o/include/g2o/core/estimate_propagator.h
[1.747s] -- Up-to-date: /home/vvoxel/ros2_ws_mgr/install/g2o/include/g2o/core/factory.h
[1.747s] -- Up-to-date: /home/vvoxel/ros2_ws_mgr/install/g2o/include/g2o/core/g2o_core_api.h
[1.747s] -- Up-to-date: /home/vvoxel/ros2_ws_mgr/install/g2o/include/g2o/core/hyper_dijkstra.h
[1.748s] -- Up-to-date: /home/vvoxel/ros2_ws_mgr/install/g2o/include/g2o/core/hyper_graph.h
[1.748s] -- Up-to-date: /home/vvoxel/ros2_ws_mgr/install/g2o/include/g2o/core/hyper_graph_action.h
[1.748s] -- Up-to-date: /home/vvoxel/ros2_ws_mgr/install/g2o/include/g2o/core/io_helper.h
[1.749s] -- Up-to-date: /home/vvoxel/ros2_ws_mgr/install/g2o/include/g2o/core/jacobian_workspace.h
[1.749s] -- Up-to-date: /home/vvoxel/ros2_ws_mgr/install/g2o/include/g2o/core/linear_solver.h
[1.750s] -- Up-to-date: /home/vvoxel/ros2_ws_mgr/install/g2o/include/g2o/core/marginal_covariance_cholesky.h
[1.750s] -- Up-to-date: /home/vvoxel/ros2_ws_mgr/install/g2o/include/g2o/core/matrix_operations.h
[1.750s] -- Up-to-date: /home/vvoxel/ros2_ws_mgr/install/g2o/include/g2o/core/matrix_structure.h
[1.750s] -- Up-to-date: /home/vvoxel/ros2_ws_mgr/install/g2o/include/g2o/core/openmp_mutex.h
[1.751s] -- Up-to-date: /home/vvoxel/ros2_ws_mgr/install/g2o/include/g2o/core/optimizable_graph.h
[1.751s] -- Up-to-date: /home/vvoxel/ros2_ws_mgr/install/g2o/include/g2o/core/optimization_algorithm.h
[1.752s] -- Up-to-date: /home/vvoxel/ros2_ws_mgr/install/g2o/include/g2o/core/optimization_algorithm_dogleg.h
[1.752s] -- Up-to-date: /home/vvoxel/ros2_ws_mgr/install/g2o/include/g2o/core/optimization_algorithm_factory.h
[1.752s] -- Up-to-date: /home/vvoxel/ros2_ws_mgr/install/g2o/include/g2o/core/optimization_algorithm_gauss_newton.h
[1.752s] -- Up-to-date: /home/vvoxel/ros2_ws_mgr/install/g2o/include/g2o/core/optimization_algorithm_levenberg.h
[1.752s] -- Up-to-date: /home/vvoxel/ros2_ws_mgr/install/g2o/include/g2o/core/optimization_algorithm_property.h
[1.753s] -- Up-to-date: /home/vvoxel/ros2_ws_mgr/install/g2o/include/g2o/core/optimization_algorithm_with_hessian.h
[1.753s] -- Up-to-date: /home/vvoxel/ros2_ws_mgr/install/g2o/include/g2o/core/ownership.h
[1.753s] -- Up-to-date: /home/vvoxel/ros2_ws_mgr/install/g2o/include/g2o/core/parameter.h
[1.754s] -- Up-to-date: /home/vvoxel/ros2_ws_mgr/install/g2o/include/g2o/core/parameter_container.h
[1.754s] -- Up-to-date: /home/vvoxel/ros2_ws_mgr/install/g2o/include/g2o/core/robust_kernel.h
[1.754s] -- Up-to-date: /home/vvoxel/ros2_ws_mgr/install/g2o/include/g2o/core/robust_kernel_factory.h
[1.754s] -- Up-to-date: /home/vvoxel/ros2_ws_mgr/install/g2o/include/g2o/core/robust_kernel_impl.h
[1.754s] -- Up-to-date: /home/vvoxel/ros2_ws_mgr/install/g2o/include/g2o/core/solver.h
[1.755s] -- Up-to-date: /home/vvoxel/ros2_ws_mgr/install/g2o/include/g2o/core/sparse_block_matrix.h
[1.755s] -- Up-to-date: /home/vvoxel/ros2_ws_mgr/install/g2o/include/g2o/core/sparse_block_matrix.hpp
[1.755s] -- Up-to-date: /home/vvoxel/ros2_ws_mgr/install/g2o/include/g2o/core/sparse_block_matrix_ccs.h
[1.756s] -- Up-to-date: /home/vvoxel/ros2_ws_mgr/install/g2o/include/g2o/core/sparse_block_matrix_diagonal.h
[1.756s] -- Up-to-date: /home/vvoxel/ros2_ws_mgr/install/g2o/include/g2o/core/sparse_optimizer.h
[1.756s] -- Up-to-date: /home/vvoxel/ros2_ws_mgr/install/g2o/include/g2o/core/sparse_optimizer_terminate_action.h
[1.757s] -- Up-to-date: /home/vvoxel/ros2_ws_mgr/install/g2o/lib/libg2o_cli.so.0.2.0
[1.757s] -- Up-to-date: /home/vvoxel/ros2_ws_mgr/install/g2o/lib/libg2o_cli.so.0.2
[1.758s] -- Up-to-date: /home/vvoxel/ros2_ws_mgr/install/g2o/lib/libg2o_cli.so
[1.758s] -- Up-to-date: /home/vvoxel/ros2_ws_mgr/install/g2o/bin/g2o
[1.758s] -- Up-to-date: /home/vvoxel/ros2_ws_mgr/install/g2o/include/g2o/apps/g2o_cli/dl_wrapper.h
[1.759s] -- Up-to-date: /home/vvoxel/ros2_ws_mgr/install/g2o/include/g2o/apps/g2o_cli/g2o_cli_api.h
[1.759s] -- Up-to-date: /home/vvoxel/ros2_ws_mgr/install/g2o/include/g2o/apps/g2o_cli/g2o_common.h
[1.759s] -- Up-to-date: /home/vvoxel/ros2_ws_mgr/install/g2o/include/g2o/apps/g2o_cli/output_helper.h
[1.760s] -- Up-to-date: /home/vvoxel/ros2_ws_mgr/install/g2o/lib/libg2o_simulator.so.0.2.0
[1.760s] -- Up-to-date: /home/vvoxel/ros2_ws_mgr/install/g2o/lib/libg2o_simulator.so.0.2
[1.761s] -- Up-to-date: /home/vvoxel/ros2_ws_mgr/install/g2o/lib/libg2o_simulator.so
[1.761s] -- Up-to-date: /home/vvoxel/ros2_ws_mgr/install/g2o/bin/g2o_simulator2d
[1.762s] -- Up-to-date: /home/vvoxel/ros2_ws_mgr/install/g2o/bin/g2o_simulator3d
[1.762s] -- Up-to-date: /home/vvoxel/ros2_ws_mgr/install/g2o/include/g2o/apps/g2o_simulator/g2o_simulator_api.h
[1.762s] -- Up-to-date: /home/vvoxel/ros2_ws_mgr/install/g2o/include/g2o/apps/g2o_simulator/pointsensorparameters.h
[1.762s] -- Up-to-date: /home/vvoxel/ros2_ws_mgr/install/g2o/include/g2o/apps/g2o_simulator/sensor_line3d.h
[1.763s] -- Up-to-date: /home/vvoxel/ros2_ws_mgr/install/g2o/include/g2o/apps/g2o_simulator/sensor_odometry.h
[1.764s] -- Up-to-date: /home/vvoxel/ros2_ws_mgr/install/g2o/include/g2o/apps/g2o_simulator/sensor_odometry2d.h
[1.764s] -- Up-to-date: /home/vvoxel/ros2_ws_mgr/install/g2o/include/g2o/apps/g2o_simulator/sensor_odometry3d.h
[1.765s] -- Up-to-date: /home/vvoxel/ros2_ws_mgr/install/g2o/include/g2o/apps/g2o_simulator/sensor_pointxy.h
[1.765s] -- Up-to-date: /home/vvoxel/ros2_ws_mgr/install/g2o/include/g2o/apps/g2o_simulator/sensor_pointxy_bearing.h
[1.765s] -- Up-to-date: /home/vvoxel/ros2_ws_mgr/install/g2o/include/g2o/apps/g2o_simulator/sensor_pointxy_offset.h
[1.765s] -- Up-to-date: /home/vvoxel/ros2_ws_mgr/install/g2o/include/g2o/apps/g2o_simulator/sensor_pointxyz.h
[1.765s] -- Up-to-date: /home/vvoxel/ros2_ws_mgr/install/g2o/include/g2o/apps/g2o_simulator/sensor_pointxyz_depth.h
[1.765s] -- Up-to-date: /home/vvoxel/ros2_ws_mgr/install/g2o/include/g2o/apps/g2o_simulator/sensor_pointxyz_disparity.h
[1.765s] -- Up-to-date: /home/vvoxel/ros2_ws_mgr/install/g2o/include/g2o/apps/g2o_simulator/sensor_pose2d.h
[1.766s] -- Up-to-date: /home/vvoxel/ros2_ws_mgr/install/g2o/include/g2o/apps/g2o_simulator/sensor_pose3d.h
[1.766s] -- Up-to-date: /home/vvoxel/ros2_ws_mgr/install/g2o/include/g2o/apps/g2o_simulator/sensor_pose3d_offset.h
[1.766s] -- Up-to-date: /home/vvoxel/ros2_ws_mgr/install/g2o/include/g2o/apps/g2o_simulator/sensor_se3_prior.h
[1.766s] -- Up-to-date: /home/vvoxel/ros2_ws_mgr/install/g2o/include/g2o/apps/g2o_simulator/sensor_segment2d.h
[1.766s] -- Up-to-date: /home/vvoxel/ros2_ws_mgr/install/g2o/include/g2o/apps/g2o_simulator/sensor_segment2d_line.h
[1.766s] -- Up-to-date: /home/vvoxel/ros2_ws_mgr/install/g2o/include/g2o/apps/g2o_simulator/sensor_segment2d_pointline.h
[1.766s] -- Up-to-date: /home/vvoxel/ros2_ws_mgr/install/g2o/include/g2o/apps/g2o_simulator/simulator.h
[1.767s] -- Up-to-date: /home/vvoxel/ros2_ws_mgr/install/g2o/include/g2o/apps/g2o_simulator/simulator2d.h
[1.767s] -- Up-to-date: /home/vvoxel/ros2_ws_mgr/install/g2o/include/g2o/apps/g2o_simulator/simulator2d_base.h
[1.767s] -- Up-to-date: /home/vvoxel/ros2_ws_mgr/install/g2o/include/g2o/apps/g2o_simulator/simulator3d.h
[1.767s] -- Up-to-date: /home/vvoxel/ros2_ws_mgr/install/g2o/include/g2o/apps/g2o_simulator/simulator3d_base.h
[1.767s] -- Up-to-date: /home/vvoxel/ros2_ws_mgr/install/g2o/include/g2o/apps/g2o_simulator/simutils.h
[1.767s] -- Up-to-date: /home/vvoxel/ros2_ws_mgr/install/g2o/lib/libg2o_viewer.so.0.2.0
[1.767s] -- Up-to-date: /home/vvoxel/ros2_ws_mgr/install/g2o/lib/libg2o_viewer.so.0.2
[1.767s] -- Up-to-date: /home/vvoxel/ros2_ws_mgr/install/g2o/lib/libg2o_viewer.so
[1.768s] -- Up-to-date: /home/vvoxel/ros2_ws_mgr/install/g2o/bin/g2o_viewer
[1.768s] -- Up-to-date: /home/vvoxel/ros2_ws_mgr/install/g2o/include/g2o/apps/g2o_viewer/g2o_qglviewer.h
[1.768s] -- Up-to-date: /home/vvoxel/ros2_ws_mgr/install/g2o/include/g2o/apps/g2o_viewer/g2o_viewer_api.h
[1.768s] -- Up-to-date: /home/vvoxel/ros2_ws_mgr/install/g2o/include/g2o/apps/g2o_viewer/gui_hyper_graph_action.h
[1.768s] -- Up-to-date: /home/vvoxel/ros2_ws_mgr/install/g2o/include/g2o/apps/g2o_viewer/main_window.h
[1.768s] -- Up-to-date: /home/vvoxel/ros2_ws_mgr/install/g2o/include/g2o/apps/g2o_viewer/properties_widget.h
[1.768s] -- Up-to-date: /home/vvoxel/ros2_ws_mgr/install/g2o/include/g2o/apps/g2o_viewer/run_g2o_viewer.h
[1.770s] -- Up-to-date: /home/vvoxel/ros2_ws_mgr/install/g2o/include/g2o/apps/g2o_viewer/stream_redirect.h
[1.770s] -- Up-to-date: /home/vvoxel/ros2_ws_mgr/install/g2o/include/g2o/apps/g2o_viewer/viewer_properties_widget.h
[1.770s] -- Up-to-date: /home/vvoxel/ros2_ws_mgr/install/g2o/include/g2o/apps/g2o_viewer/ui_base_main_window.h
[1.770s] -- Up-to-date: /home/vvoxel/ros2_ws_mgr/install/g2o/include/g2o/apps/g2o_viewer/ui_base_properties_widget.h
[1.771s] -- Up-to-date: /home/vvoxel/ros2_ws_mgr/install/g2o/lib/libg2o_types_slam2d.so.0.2.0
[1.771s] -- Up-to-date: /home/vvoxel/ros2_ws_mgr/install/g2o/lib/libg2o_types_slam2d.so.0.2
[1.771s] -- Up-to-date: /home/vvoxel/ros2_ws_mgr/install/g2o/lib/libg2o_types_slam2d.so
[1.771s] -- Up-to-date: /home/vvoxel/ros2_ws_mgr/install/g2o/include/g2o/types/slam2d/edge_pointxy.h
[1.771s] -- Up-to-date: /home/vvoxel/ros2_ws_mgr/install/g2o/include/g2o/types/slam2d/edge_se2.h
[1.771s] -- Up-to-date: /home/vvoxel/ros2_ws_mgr/install/g2o/include/g2o/types/slam2d/edge_se2_lotsofxy.h
[1.772s] -- Up-to-date: /home/vvoxel/ros2_ws_mgr/install/g2o/include/g2o/types/slam2d/edge_se2_offset.h
[1.772s] -- Up-to-date: /home/vvoxel/ros2_ws_mgr/install/g2o/include/g2o/types/slam2d/edge_se2_pointxy.h
[1.772s] -- Up-to-date: /home/vvoxel/ros2_ws_mgr/install/g2o/include/g2o/types/slam2d/edge_se2_pointxy_bearing.h
[1.772s] -- Up-to-date: /home/vvoxel/ros2_ws_mgr/install/g2o/include/g2o/types/slam2d/edge_se2_pointxy_calib.h
[1.772s] -- Up-to-date: /home/vvoxel/ros2_ws_mgr/install/g2o/include/g2o/types/slam2d/edge_se2_pointxy_offset.h
[1.772s] -- Up-to-date: /home/vvoxel/ros2_ws_mgr/install/g2o/include/g2o/types/slam2d/edge_se2_prior.h
[1.772s] -- Up-to-date: /home/vvoxel/ros2_ws_mgr/install/g2o/include/g2o/types/slam2d/edge_se2_twopointsxy.h
[1.773s] -- Up-to-date: /home/vvoxel/ros2_ws_mgr/install/g2o/include/g2o/types/slam2d/edge_se2_xyprior.h
[1.773s] -- Up-to-date: /home/vvoxel/ros2_ws_mgr/install/g2o/include/g2o/types/slam2d/edge_xy_prior.h
[1.773s] -- Up-to-date: /home/vvoxel/ros2_ws_mgr/install/g2o/include/g2o/types/slam2d/g2o_types_slam2d_api.h
[1.773s] -- Up-to-date: /home/vvoxel/ros2_ws_mgr/install/g2o/include/g2o/types/slam2d/parameter_se2_offset.h
[1.773s] -- Up-to-date: /home/vvoxel/ros2_ws_mgr/install/g2o/include/g2o/types/slam2d/se2.h
[1.773s] -- Up-to-date: /home/vvoxel/ros2_ws_mgr/install/g2o/include/g2o/types/slam2d/types_slam2d.h
[1.774s] -- Up-to-date: /home/vvoxel/ros2_ws_mgr/install/g2o/include/g2o/types/slam2d/vertex_point_xy.h
[1.774s] -- Up-to-date: /home/vvoxel/ros2_ws_mgr/install/g2o/include/g2o/types/slam2d/vertex_se2.h
[1.774s] -- Up-to-date: /home/vvoxel/ros2_ws_mgr/install/g2o/lib/libg2o_types_slam2d_addons.so.0.2.0
[1.774s] -- Up-to-date: /home/vvoxel/ros2_ws_mgr/install/g2o/lib/libg2o_types_slam2d_addons.so.0.2
[1.774s] -- Up-to-date: /home/vvoxel/ros2_ws_mgr/install/g2o/lib/libg2o_types_slam2d_addons.so
[1.774s] -- Up-to-date: /home/vvoxel/ros2_ws_mgr/install/g2o/include/g2o/types/slam2d_addons/edge_line2d.h
[1.774s] -- Up-to-date: /home/vvoxel/ros2_ws_mgr/install/g2o/include/g2o/types/slam2d_addons/edge_line2d_pointxy.h
[1.775s] -- Up-to-date: /home/vvoxel/ros2_ws_mgr/install/g2o/include/g2o/types/slam2d_addons/edge_se2_line2d.h
[1.775s] -- Up-to-date: /home/vvoxel/ros2_ws_mgr/install/g2o/include/g2o/types/slam2d_addons/edge_se2_segment2d.h
[1.775s] -- Up-to-date: /home/vvoxel/ros2_ws_mgr/install/g2o/include/g2o/types/slam2d_addons/edge_se2_segment2d_line.h
[1.778s] -- Up-to-date: /home/vvoxel/ros2_ws_mgr/install/g2o/include/g2o/types/slam2d_addons/edge_se2_segment2d_pointLine.h
[1.778s] -- Up-to-date: /home/vvoxel/ros2_ws_mgr/install/g2o/include/g2o/types/slam2d_addons/g2o_types_slam2d_addons_api.h
[1.778s] -- Up-to-date: /home/vvoxel/ros2_ws_mgr/install/g2o/include/g2o/types/slam2d_addons/line_2d.h
[1.778s] -- Up-to-date: /home/vvoxel/ros2_ws_mgr/install/g2o/include/g2o/types/slam2d_addons/types_slam2d_addons.h
[1.778s] -- Up-to-date: /home/vvoxel/ros2_ws_mgr/install/g2o/include/g2o/types/slam2d_addons/vertex_line2d.h
[1.778s] -- Up-to-date: /home/vvoxel/ros2_ws_mgr/install/g2o/include/g2o/types/slam2d_addons/vertex_segment2d.h
[1.779s] -- Up-to-date: /home/vvoxel/ros2_ws_mgr/install/g2o/lib/libg2o_types_data.so.0.2.0
[1.779s] -- Up-to-date: /home/vvoxel/ros2_ws_mgr/install/g2o/lib/libg2o_types_data.so.0.2
[1.779s] -- Up-to-date: /home/vvoxel/ros2_ws_mgr/install/g2o/lib/libg2o_types_data.so
[1.779s] -- Up-to-date: /home/vvoxel/ros2_ws_mgr/install/g2o/include/g2o/types/data/data_queue.h
[1.779s] -- Up-to-date: /home/vvoxel/ros2_ws_mgr/install/g2o/include/g2o/types/data/g2o_types_data_api.h
[1.779s] -- Up-to-date: /home/vvoxel/ros2_ws_mgr/install/g2o/include/g2o/types/data/laser_parameters.h
[1.779s] -- Up-to-date: /home/vvoxel/ros2_ws_mgr/install/g2o/include/g2o/types/data/raw_laser.h
[1.779s] -- Up-to-date: /home/vvoxel/ros2_ws_mgr/install/g2o/include/g2o/types/data/robot_data.h
[1.779s] -- Up-to-date: /home/vvoxel/ros2_ws_mgr/install/g2o/include/g2o/types/data/robot_laser.h
[1.780s] -- Up-to-date: /home/vvoxel/ros2_ws_mgr/install/g2o/include/g2o/types/data/types_data.h
[1.781s] -- Up-to-date: /home/vvoxel/ros2_ws_mgr/install/g2o/include/g2o/types/data/vertex_ellipse.h
[1.781s] -- Up-to-date: /home/vvoxel/ros2_ws_mgr/install/g2o/include/g2o/types/data/vertex_tag.h
[1.782s] -- Up-to-date: /home/vvoxel/ros2_ws_mgr/install/g2o/lib/libg2o_types_sclam2d.so.0.2.0
[1.782s] -- Up-to-date: /home/vvoxel/ros2_ws_mgr/install/g2o/lib/libg2o_types_sclam2d.so.0.2
[1.782s] -- Up-to-date: /home/vvoxel/ros2_ws_mgr/install/g2o/lib/libg2o_types_sclam2d.so
[1.782s] -- Up-to-date: /home/vvoxel/ros2_ws_mgr/install/g2o/include/g2o/types/sclam2d/edge_se2_odom_differential_calib.h
[1.782s] -- Up-to-date: /home/vvoxel/ros2_ws_mgr/install/g2o/include/g2o/types/sclam2d/edge_se2_sensor_calib.h
[1.782s] -- Up-to-date: /home/vvoxel/ros2_ws_mgr/install/g2o/include/g2o/types/sclam2d/g2o_types_sclam2d_api.h
[1.782s] -- Up-to-date: /home/vvoxel/ros2_ws_mgr/install/g2o/include/g2o/types/sclam2d/odometry_measurement.h
[1.783s] -- Up-to-date: /home/vvoxel/ros2_ws_mgr/install/g2o/include/g2o/types/sclam2d/types_sclam2d.h
[1.783s] -- Up-to-date: /home/vvoxel/ros2_ws_mgr/install/g2o/include/g2o/types/sclam2d/vertex_odom_differential_params.h
[1.783s] -- Up-to-date: /home/vvoxel/ros2_ws_mgr/install/g2o/lib/libg2o_types_slam3d.so.0.2.0
[1.783s] -- Up-to-date: /home/vvoxel/ros2_ws_mgr/install/g2o/lib/libg2o_types_slam3d.so.0.2
[1.783s] -- Up-to-date: /home/vvoxel/ros2_ws_mgr/install/g2o/lib/libg2o_types_slam3d.so
[1.784s] -- Up-to-date: /home/vvoxel/ros2_ws_mgr/install/g2o/include/g2o/types/slam3d/dquat2mat.h
[1.784s] -- Up-to-date: /home/vvoxel/ros2_ws_mgr/install/g2o/include/g2o/types/slam3d/edge_pointxyz.h
[1.784s] -- Up-to-date: /home/vvoxel/ros2_ws_mgr/install/g2o/include/g2o/types/slam3d/edge_se3.h
[1.784s] -- Up-to-date: /home/vvoxel/ros2_ws_mgr/install/g2o/include/g2o/types/slam3d/edge_se3_lotsofxyz.h
[1.784s] -- Up-to-date: /home/vvoxel/ros2_ws_mgr/install/g2o/include/g2o/types/slam3d/edge_se3_offset.h
[1.784s] -- Up-to-date: /home/vvoxel/ros2_ws_mgr/install/g2o/include/g2o/types/slam3d/edge_se3_pointxyz.h
[1.784s] -- Up-to-date: /home/vvoxel/ros2_ws_mgr/install/g2o/include/g2o/types/slam3d/edge_se3_pointxyz_depth.h
[1.785s] -- Up-to-date: /home/vvoxel/ros2_ws_mgr/install/g2o/include/g2o/types/slam3d/edge_se3_pointxyz_disparity.h
[1.785s] -- Up-to-date: /home/vvoxel/ros2_ws_mgr/install/g2o/include/g2o/types/slam3d/edge_se3_prior.h
[1.785s] -- Up-to-date: /home/vvoxel/ros2_ws_mgr/install/g2o/include/g2o/types/slam3d/edge_se3_xyzprior.h
[1.785s] -- Up-to-date: /home/vvoxel/ros2_ws_mgr/install/g2o/include/g2o/types/slam3d/edge_xyz_prior.h
[1.785s] -- Up-to-date: /home/vvoxel/ros2_ws_mgr/install/g2o/include/g2o/types/slam3d/g2o_types_slam3d_api.h
[1.785s] -- Up-to-date: /home/vvoxel/ros2_ws_mgr/install/g2o/include/g2o/types/slam3d/isometry3d_gradients.h
[1.785s] -- Up-to-date: /home/vvoxel/ros2_ws_mgr/install/g2o/include/g2o/types/slam3d/isometry3d_mappings.h
[1.785s] -- Up-to-date: /home/vvoxel/ros2_ws_mgr/install/g2o/include/g2o/types/slam3d/parameter_camera.h
[1.785s] -- Up-to-date: /home/vvoxel/ros2_ws_mgr/install/g2o/include/g2o/types/slam3d/parameter_se3_offset.h
[1.786s] -- Up-to-date: /home/vvoxel/ros2_ws_mgr/install/g2o/include/g2o/types/slam3d/parameter_stereo_camera.h
[1.786s] -- Up-to-date: /home/vvoxel/ros2_ws_mgr/install/g2o/include/g2o/types/slam3d/se3_ops.h
[1.786s] -- Up-to-date: /home/vvoxel/ros2_ws_mgr/install/g2o/include/g2o/types/slam3d/se3_ops.hpp
[1.786s] -- Up-to-date: /home/vvoxel/ros2_ws_mgr/install/g2o/include/g2o/types/slam3d/se3quat.h
[1.786s] -- Up-to-date: /home/vvoxel/ros2_ws_mgr/install/g2o/include/g2o/types/slam3d/types_slam3d.h
[1.786s] -- Up-to-date: /home/vvoxel/ros2_ws_mgr/install/g2o/include/g2o/types/slam3d/vertex_pointxyz.h
[1.786s] -- Up-to-date: /home/vvoxel/ros2_ws_mgr/install/g2o/include/g2o/types/slam3d/vertex_se3.h
[1.788s] -- Up-to-date: /home/vvoxel/ros2_ws_mgr/install/g2o/lib/libg2o_types_slam3d_addons.so.0.2.0
[1.788s] -- Up-to-date: /home/vvoxel/ros2_ws_mgr/install/g2o/lib/libg2o_types_slam3d_addons.so.0.2
[1.789s] -- Up-to-date: /home/vvoxel/ros2_ws_mgr/install/g2o/lib/libg2o_types_slam3d_addons.so
[1.789s] -- Up-to-date: /home/vvoxel/ros2_ws_mgr/install/g2o/include/g2o/types/slam3d_addons/edge_plane.h
[1.789s] -- Up-to-date: /home/vvoxel/ros2_ws_mgr/install/g2o/include/g2o/types/slam3d_addons/edge_se3_calib.h
[1.789s] -- Up-to-date: /home/vvoxel/ros2_ws_mgr/install/g2o/include/g2o/types/slam3d_addons/edge_se3_euler.h
[1.789s] -- Up-to-date: /home/vvoxel/ros2_ws_mgr/install/g2o/include/g2o/types/slam3d_addons/edge_se3_line.h
[1.790s] -- Up-to-date: /home/vvoxel/ros2_ws_mgr/install/g2o/include/g2o/types/slam3d_addons/edge_se3_plane_calib.h
[1.790s] -- Up-to-date: /home/vvoxel/ros2_ws_mgr/install/g2o/include/g2o/types/slam3d_addons/g2o_types_slam3d_addons_api.h
[1.790s] -- Up-to-date: /home/vvoxel/ros2_ws_mgr/install/g2o/include/g2o/types/slam3d_addons/line3d.h
[1.790s] -- Up-to-date: /home/vvoxel/ros2_ws_mgr/install/g2o/include/g2o/types/slam3d_addons/plane3d.h
[1.790s] -- Up-to-date: /home/vvoxel/ros2_ws_mgr/install/g2o/include/g2o/types/slam3d_addons/types_slam3d_addons.h
[1.791s] -- Up-to-date: /home/vvoxel/ros2_ws_mgr/install/g2o/include/g2o/types/slam3d_addons/vertex_line3d.h
[1.791s] -- Up-to-date: /home/vvoxel/ros2_ws_mgr/install/g2o/include/g2o/types/slam3d_addons/vertex_plane.h
[1.791s] -- Up-to-date: /home/vvoxel/ros2_ws_mgr/install/g2o/include/g2o/types/slam3d_addons/vertex_se3_euler.h
[1.792s] -- Up-to-date: /home/vvoxel/ros2_ws_mgr/install/g2o/lib/libg2o_types_sba.so.0.2.0
[1.792s] -- Up-to-date: /home/vvoxel/ros2_ws_mgr/install/g2o/lib/libg2o_types_sba.so.0.2
[1.792s] -- Up-to-date: /home/vvoxel/ros2_ws_mgr/install/g2o/lib/libg2o_types_sba.so
[1.792s] -- Up-to-date: /home/vvoxel/ros2_ws_mgr/install/g2o/include/g2o/types/sba/edge_project_p2mc.h
[1.793s] -- Up-to-date: /home/vvoxel/ros2_ws_mgr/install/g2o/include/g2o/types/sba/edge_project_p2sc.h
[1.793s] -- Up-to-date: /home/vvoxel/ros2_ws_mgr/install/g2o/include/g2o/types/sba/edge_project_psi2uv.h
[1.793s] -- Up-to-date: /home/vvoxel/ros2_ws_mgr/install/g2o/include/g2o/types/sba/edge_project_stereo_xyz.h
[1.793s] -- Up-to-date: /home/vvoxel/ros2_ws_mgr/install/g2o/include/g2o/types/sba/edge_project_stereo_xyz_onlypose.h
[1.793s] -- Up-to-date: /home/vvoxel/ros2_ws_mgr/install/g2o/include/g2o/types/sba/edge_project_xyz.h
[1.793s] -- Up-to-date: /home/vvoxel/ros2_ws_mgr/install/g2o/include/g2o/types/sba/edge_project_xyz2uv.h
[1.793s] -- Up-to-date: /home/vvoxel/ros2_ws_mgr/install/g2o/include/g2o/types/sba/edge_project_xyz2uvu.h
[1.793s] -- Up-to-date: /home/vvoxel/ros2_ws_mgr/install/g2o/include/g2o/types/sba/edge_project_xyz_onlypose.h
[1.793s] -- Up-to-date: /home/vvoxel/ros2_ws_mgr/install/g2o/include/g2o/types/sba/edge_sba_cam.h
[1.794s] -- Up-to-date: /home/vvoxel/ros2_ws_mgr/install/g2o/include/g2o/types/sba/edge_sba_scale.h
[1.794s] -- Up-to-date: /home/vvoxel/ros2_ws_mgr/install/g2o/include/g2o/types/sba/edge_se3_expmap.h
[1.794s] -- Up-to-date: /home/vvoxel/ros2_ws_mgr/install/g2o/include/g2o/types/sba/g2o_types_sba_api.h
[1.794s] -- Up-to-date: /home/vvoxel/ros2_ws_mgr/install/g2o/include/g2o/types/sba/parameter_cameraparameters.h
[1.794s] -- Up-to-date: /home/vvoxel/ros2_ws_mgr/install/g2o/include/g2o/types/sba/sba_utils.h
[1.794s] -- Up-to-date: /home/vvoxel/ros2_ws_mgr/install/g2o/include/g2o/types/sba/sbacam.h
[1.794s] -- Up-to-date: /home/vvoxel/ros2_ws_mgr/install/g2o/include/g2o/types/sba/types_sba.h
[1.794s] -- Up-to-date: /home/vvoxel/ros2_ws_mgr/install/g2o/include/g2o/types/sba/types_six_dof_expmap.h
[1.794s] -- Up-to-date: /home/vvoxel/ros2_ws_mgr/install/g2o/include/g2o/types/sba/vertex_cam.h
[1.794s] -- Up-to-date: /home/vvoxel/ros2_ws_mgr/install/g2o/include/g2o/types/sba/vertex_intrinsics.h
[1.794s] -- Up-to-date: /home/vvoxel/ros2_ws_mgr/install/g2o/include/g2o/types/sba/vertex_se3_expmap.h
[1.794s] -- Up-to-date: /home/vvoxel/ros2_ws_mgr/install/g2o/lib/libg2o_types_icp.so.0.2.0
[1.795s] -- Up-to-date: /home/vvoxel/ros2_ws_mgr/install/g2o/lib/libg2o_types_icp.so.0.2
[1.796s] -- Up-to-date: /home/vvoxel/ros2_ws_mgr/install/g2o/lib/libg2o_types_icp.so
[1.796s] -- Up-to-date: /home/vvoxel/ros2_ws_mgr/install/g2o/include/g2o/types/icp/g2o_types_icp_api.h
[1.796s] -- Up-to-date: /home/vvoxel/ros2_ws_mgr/install/g2o/include/g2o/types/icp/types_icp.h
[1.796s] -- Up-to-date: /home/vvoxel/ros2_ws_mgr/install/g2o/lib/libg2o_types_sim3.so.0.2.0
[1.796s] -- Up-to-date: /home/vvoxel/ros2_ws_mgr/install/g2o/lib/libg2o_types_sim3.so.0.2
[1.797s] -- Up-to-date: /home/vvoxel/ros2_ws_mgr/install/g2o/lib/libg2o_types_sim3.so
[1.797s] -- Up-to-date: /home/vvoxel/ros2_ws_mgr/install/g2o/include/g2o/types/sim3/sim3.h
[1.797s] -- Up-to-date: /home/vvoxel/ros2_ws_mgr/install/g2o/include/g2o/types/sim3/types_seven_dof_expmap.h
[1.798s] -- Up-to-date: /home/vvoxel/ros2_ws_mgr/install/g2o/lib/libg2o_solver_pcg.so.0.2.0
[1.798s] -- Up-to-date: /home/vvoxel/ros2_ws_mgr/install/g2o/lib/libg2o_solver_pcg.so.0.2
[1.798s] -- Up-to-date: /home/vvoxel/ros2_ws_mgr/install/g2o/lib/libg2o_solver_pcg.so
[1.799s] -- Up-to-date: /home/vvoxel/ros2_ws_mgr/install/g2o/include/g2o/solvers/pcg/linear_solver_pcg.h
[1.799s] -- Up-to-date: /home/vvoxel/ros2_ws_mgr/install/g2o/include/g2o/solvers/pcg/linear_solver_pcg.hpp
[1.800s] -- Up-to-date: /home/vvoxel/ros2_ws_mgr/install/g2o/lib/libg2o_solver_dense.so.0.2.0
[1.800s] -- Up-to-date: /home/vvoxel/ros2_ws_mgr/install/g2o/lib/libg2o_solver_dense.so.0.2
[1.800s] -- Up-to-date: /home/vvoxel/ros2_ws_mgr/install/g2o/lib/libg2o_solver_dense.so
[1.800s] -- Up-to-date: /home/vvoxel/ros2_ws_mgr/install/g2o/include/g2o/solvers/dense/linear_solver_dense.h
[1.800s] -- Up-to-date: /home/vvoxel/ros2_ws_mgr/install/g2o/lib/libg2o_solver_slam2d_linear.so.0.2.0
[1.800s] -- Up-to-date: /home/vvoxel/ros2_ws_mgr/install/g2o/lib/libg2o_solver_slam2d_linear.so.0.2
[1.800s] -- Up-to-date: /home/vvoxel/ros2_ws_mgr/install/g2o/lib/libg2o_solver_slam2d_linear.so
[1.801s] -- Up-to-date: /home/vvoxel/ros2_ws_mgr/install/g2o/include/g2o/solvers/slam2d_linear/g2o_slam2d_linear_api.h
[1.801s] -- Up-to-date: /home/vvoxel/ros2_ws_mgr/install/g2o/include/g2o/solvers/slam2d_linear/solver_slam2d_linear.h
[1.801s] -- Up-to-date: /home/vvoxel/ros2_ws_mgr/install/g2o/lib/libg2o_solver_structure_only.so.0.2.0
[1.801s] -- Up-to-date: /home/vvoxel/ros2_ws_mgr/install/g2o/lib/libg2o_solver_structure_only.so.0.2
[1.801s] -- Up-to-date: /home/vvoxel/ros2_ws_mgr/install/g2o/lib/libg2o_solver_structure_only.so
[1.802s] -- Up-to-date: /home/vvoxel/ros2_ws_mgr/install/g2o/include/g2o/solvers/structure_only/structure_only_solver.h
[1.802s] -- Up-to-date: /home/vvoxel/ros2_ws_mgr/install/g2o/lib/libg2o_solver_csparse.so.0.2.0
[1.802s] -- Up-to-date: /home/vvoxel/ros2_ws_mgr/install/g2o/lib/libg2o_solver_csparse.so.0.2
[1.802s] -- Up-to-date: /home/vvoxel/ros2_ws_mgr/install/g2o/lib/libg2o_solver_csparse.so
[1.803s] -- Up-to-date: /home/vvoxel/ros2_ws_mgr/install/g2o/lib/libg2o_csparse_extension.so.0.2.0
[1.803s] -- Up-to-date: /home/vvoxel/ros2_ws_mgr/install/g2o/lib/libg2o_csparse_extension.so.0.2
[1.803s] -- Up-to-date: /home/vvoxel/ros2_ws_mgr/install/g2o/lib/libg2o_csparse_extension.so
[1.803s] -- Up-to-date: /home/vvoxel/ros2_ws_mgr/install/g2o/include/g2o/solvers/csparse/csparse_extension.h
[1.803s] -- Up-to-date: /home/vvoxel/ros2_ws_mgr/install/g2o/include/g2o/solvers/csparse/csparse_helper.h
[1.803s] -- Up-to-date: /home/vvoxel/ros2_ws_mgr/install/g2o/include/g2o/solvers/csparse/csparse_wrapper.h
[1.803s] -- Up-to-date: /home/vvoxel/ros2_ws_mgr/install/g2o/include/g2o/solvers/csparse/g2o_csparse_api.h
[1.803s] -- Up-to-date: /home/vvoxel/ros2_ws_mgr/install/g2o/include/g2o/solvers/csparse/g2o_csparse_extension_api.h
[1.803s] -- Up-to-date: /home/vvoxel/ros2_ws_mgr/install/g2o/include/g2o/solvers/csparse/linear_solver_csparse.h
[1.803s] -- Up-to-date: /home/vvoxel/ros2_ws_mgr/install/g2o/lib/libg2o_solver_cholmod.so.0.2.0
[1.804s] -- Up-to-date: /home/vvoxel/ros2_ws_mgr/install/g2o/lib/libg2o_solver_cholmod.so.0.2
[1.804s] -- Up-to-date: /home/vvoxel/ros2_ws_mgr/install/g2o/lib/libg2o_solver_cholmod.so
[1.804s] -- Up-to-date: /home/vvoxel/ros2_ws_mgr/install/g2o/include/g2o/solvers/cholmod/linear_solver_cholmod.h
[1.804s] -- Up-to-date: /home/vvoxel/ros2_ws_mgr/install/g2o/include/g2o/solvers/cholmod/cholmod_wrapper.h
[1.804s] -- Up-to-date: /home/vvoxel/ros2_ws_mgr/install/g2o/lib/libg2o_solver_eigen.so.0.2.0
[1.804s] -- Up-to-date: /home/vvoxel/ros2_ws_mgr/install/g2o/lib/libg2o_solver_eigen.so.0.2
[1.804s] -- Up-to-date: /home/vvoxel/ros2_ws_mgr/install/g2o/lib/libg2o_solver_eigen.so
[1.804s] -- Up-to-date: /home/vvoxel/ros2_ws_mgr/install/g2o/include/g2o/solvers/eigen/linear_solver_eigen.h
[1.805s] -- Up-to-date: /home/vvoxel/ros2_ws_mgr/install/g2o/lib/libg2o_parser.so.0.2.0
[1.805s] -- Up-to-date: /home/vvoxel/ros2_ws_mgr/install/g2o/lib/libg2o_parser.so.0.2
[1.805s] -- Up-to-date: /home/vvoxel/ros2_ws_mgr/install/g2o/lib/libg2o_parser.so
[1.805s] -- Up-to-date: /home/vvoxel/ros2_ws_mgr/install/g2o/include/g2o/examples/interactive_slam/slam_parser/parser/FlexLexer.h
[1.805s] -- Up-to-date: /home/vvoxel/ros2_ws_mgr/install/g2o/include/g2o/examples/interactive_slam/slam_parser/parser/bison_parser.h
[1.805s] -- Up-to-date: /home/vvoxel/ros2_ws_mgr/install/g2o/include/g2o/examples/interactive_slam/slam_parser/parser/commands.h
[1.805s] -- Up-to-date: /home/vvoxel/ros2_ws_mgr/install/g2o/include/g2o/examples/interactive_slam/slam_parser/parser/driver.h
[1.805s] -- Up-to-date: /home/vvoxel/ros2_ws_mgr/install/g2o/include/g2o/examples/interactive_slam/slam_parser/parser/location.hh
[1.805s] -- Up-to-date: /home/vvoxel/ros2_ws_mgr/install/g2o/include/g2o/examples/interactive_slam/slam_parser/parser/position.hh
[1.806s] -- Up-to-date: /home/vvoxel/ros2_ws_mgr/install/g2o/include/g2o/examples/interactive_slam/slam_parser/parser/scanner.h
[1.806s] -- Up-to-date: /home/vvoxel/ros2_ws_mgr/install/g2o/include/g2o/examples/interactive_slam/slam_parser/parser/slam_context.h
[1.806s] -- Up-to-date: /home/vvoxel/ros2_ws_mgr/install/g2o/lib/libg2o_interface.so.0.2.0
[1.806s] -- Up-to-date: /home/vvoxel/ros2_ws_mgr/install/g2o/lib/libg2o_interface.so.0.2
[1.806s] -- Up-to-date: /home/vvoxel/ros2_ws_mgr/install/g2o/lib/libg2o_interface.so
[1.806s] -- Up-to-date: /home/vvoxel/ros2_ws_mgr/install/g2o/include/g2o/examples/interactive_slam/slam_parser/interface/abstract_slam_interface.h
[1.806s] -- Up-to-date: /home/vvoxel/ros2_ws_mgr/install/g2o/include/g2o/examples/interactive_slam/slam_parser/interface/parser_interface.h
[1.806s] -- Up-to-date: /home/vvoxel/ros2_ws_mgr/install/g2o/include/g2o/examples/interactive_slam/slam_parser/interface/slam_context_interface.h
[1.806s] -- Up-to-date: /home/vvoxel/ros2_ws_mgr/install/g2o/lib/libg2o_interactive.so.0.2.0
[1.806s] -- Up-to-date: /home/vvoxel/ros2_ws_mgr/install/g2o/lib/libg2o_interactive.so.0.2
[1.807s] -- Up-to-date: /home/vvoxel/ros2_ws_mgr/install/g2o/lib/libg2o_interactive.so
[1.807s] -- Up-to-date: /home/vvoxel/ros2_ws_mgr/install/g2o/bin/g2o_online
[1.807s] -- Up-to-date: /home/vvoxel/ros2_ws_mgr/install/g2o/include/g2o/examples/interactive_slam/g2o_interactive/fast_output.h
[1.807s] -- Up-to-date: /home/vvoxel/ros2_ws_mgr/install/g2o/include/g2o/examples/interactive_slam/g2o_interactive/g2o_interactive_api.h
[1.807s] -- Up-to-date: /home/vvoxel/ros2_ws_mgr/install/g2o/include/g2o/examples/interactive_slam/g2o_interactive/g2o_slam_interface.h
[1.807s] -- Up-to-date: /home/vvoxel/ros2_ws_mgr/install/g2o/include/g2o/examples/interactive_slam/g2o_interactive/graph_optimizer_sparse_online.h
[1.807s] -- Up-to-date: /home/vvoxel/ros2_ws_mgr/install/g2o/include/g2o/examples/interactive_slam/g2o_interactive/types_slam2d_online.h
[1.807s] -- Up-to-date: /home/vvoxel/ros2_ws_mgr/install/g2o/include/g2o/examples/interactive_slam/g2o_interactive/types_slam3d_online.h
[1.807s] -- Up-to-date: /home/vvoxel/ros2_ws_mgr/install/g2o/lib/libg2o_incremental.so.0.2.0
[1.807s] -- Up-to-date: /home/vvoxel/ros2_ws_mgr/install/g2o/lib/libg2o_incremental.so.0.2
[1.807s] -- Up-to-date: /home/vvoxel/ros2_ws_mgr/install/g2o/lib/libg2o_incremental.so
[1.807s] -- Up-to-date: /home/vvoxel/ros2_ws_mgr/install/g2o/bin/g2o_incremental
[1.807s] -- Up-to-date: /home/vvoxel/ros2_ws_mgr/install/g2o/include/g2o/examples/interactive_slam/g2o_incremental/g2o_incremental_api.h
[1.807s] -- Up-to-date: /home/vvoxel/ros2_ws_mgr/install/g2o/include/g2o/examples/interactive_slam/g2o_incremental/graph_optimizer_sparse_incremental.h
[1.808s] -- Up-to-date: /home/vvoxel/ros2_ws_mgr/install/g2o/include/g2o/examples/interactive_slam/g2o_incremental/linear_solver_cholmod_online.h
[1.808s] -- Up-to-date: /home/vvoxel/ros2_ws_mgr/install/g2o/lib/libg2o_hierarchical.so.0.2.0
[1.808s] -- Up-to-date: /home/vvoxel/ros2_ws_mgr/install/g2o/lib/libg2o_hierarchical.so.0.2
[1.808s] -- Up-to-date: /home/vvoxel/ros2_ws_mgr/install/g2o/lib/libg2o_hierarchical.so
[1.808s] -- Up-to-date: /home/vvoxel/ros2_ws_mgr/install/g2o/include/g2o/apps/g2o_hierarchical/backbone_tree_action.h
[1.808s] -- Up-to-date: /home/vvoxel/ros2_ws_mgr/install/g2o/include/g2o/apps/g2o_hierarchical/edge_creator.h
[1.808s] -- Up-to-date: /home/vvoxel/ros2_ws_mgr/install/g2o/include/g2o/apps/g2o_hierarchical/edge_labeler.h
[1.808s] -- Up-to-date: /home/vvoxel/ros2_ws_mgr/install/g2o/include/g2o/apps/g2o_hierarchical/edge_types_cost_function.h
[1.808s] -- Up-to-date: /home/vvoxel/ros2_ws_mgr/install/g2o/include/g2o/apps/g2o_hierarchical/g2o_hierarchical_api.h
[1.808s] -- Up-to-date: /home/vvoxel/ros2_ws_mgr/install/g2o/include/g2o/apps/g2o_hierarchical/simple_star_ops.h
[1.808s] -- Up-to-date: /home/vvoxel/ros2_ws_mgr/install/g2o/include/g2o/apps/g2o_hierarchical/star.h
[1.998s] Invoked command in '/home/vvoxel/ros2_ws_mgr/build/g2o' returned '0': DEBUGINFOD_URLS=https://debuginfod.ubuntu.com /usr/bin/cmake --install /home/vvoxel/ros2_ws_mgr/build/g2o
