-- Found rclcpp: 28.1.9 (/opt/ros/jazzy/share/rclcpp/cmake)
-- Override CMake install command with custom implementation using symlinks instead of copying resources
-- Found rosidl_generator_c: 4.6.5 (/opt/ros/jazzy/share/rosidl_generator_c/cmake)
-- Found rosidl_generator_cpp: 4.6.5 (/opt/ros/jazzy/share/rosidl_generator_cpp/cmake)
-- Using all available rosidl_typesupport_c: rosidl_typesupport_fastrtps_c;rosidl_typesupport_introspection_c
-- Using all available rosidl_typesupport_cpp: rosidl_typesupport_fastrtps_cpp;rosidl_typesupport_introspection_cpp
-- Found rmw_implementation_cmake: 7.3.2 (/opt/ros/jazzy/share/rmw_implementation_cmake/cmake)
-- Found rmw_fastrtps_cpp: 8.4.2 (/opt/ros/jazzy/share/rmw_fastrtps_cpp/cmake)
-- Using RMW implementation 'rmw_fastrtps_cpp' as default
-- Found rclcpp_components: 28.1.9 (/opt/ros/jazzy/share/rclcpp_components/cmake)
-- Found sensor_msgs: 5.3.6 (/opt/ros/jazzy/share/sensor_msgs/cmake)
-- Found apriltag_msgs: 2.0.1 (/home/vvoxel/ros2_ws_mgr/install/apriltag_msgs/share/apriltag_msgs/cmake)
-- Found tf2_ros: 0.36.10 (/opt/ros/jazzy/share/tf2_ros/cmake)
-- Found image_transport: 5.1.6 (/opt/ros/jazzy/share/image_transport/cmake)
-- Found cv_bridge: 4.1.0 (/opt/ros/jazzy/share/cv_bridge/cmake)
-- Found ament_lint_auto: 0.17.2 (/opt/ros/jazzy/share/ament_lint_auto/cmake)
-- Added test 'cppcheck' to perform static code analysis on C / C++ code
-- Configured cppcheck include dirs: 
-- Configured cppcheck exclude dirs and/or files: 
-- Configuring done (6.6s)
-- Generating done (0.1s)
-- Build files have been written to: /home/vvoxel/ros2_ws_mgr/build/apriltag_ros
[ 20%] Built target tags
[ 30%] [32mBuilding CXX object CMakeFiles/apriltag_node.dir/rclcpp_components/node_main_apriltag_node.cpp.o[0m
[ 40%] [32m[1mLinking CXX executable apriltag_node[0m
[ 40%] Built target apriltag_node
[ 50%] [32mBuilding CXX object CMakeFiles/conversion.dir/src/conversion.cpp.o[0m
[ 60%] [32m[1mLinking CXX static library libconversion.a[0m
[ 60%] Built target conversion
[ 70%] [32mBuilding CXX object CMakeFiles/pose_estimation.dir/src/pose_estimation.cpp.o[0m
[ 80%] [32m[1mLinking CXX static library libpose_estimation.a[0m
[ 80%] Built target pose_estimation
[ 90%] [32mBuilding CXX object CMakeFiles/AprilTagNode.dir/src/AprilTagNode.cpp.o[0m
[100%] [32m[1mLinking CXX shared library libAprilTagNode.so[0m
[100%] Built target AprilTagNode
-- Install configuration: ""
-- Execute custom install script
-- Up-to-date symlink: /home/vvoxel/ros2_ws_mgr/install/apriltag_ros/lib/apriltag_ros/apriltag_node
-- Up-to-date symlink: /home/vvoxel/ros2_ws_mgr/install/apriltag_ros/share/apriltag_ros/environment/library_path.sh
-- Up-to-date symlink: /home/vvoxel/ros2_ws_mgr/install/apriltag_ros/share/apriltag_ros/environment/library_path.dsv
-- Up-to-date symlink: /home/vvoxel/ros2_ws_mgr/install/apriltag_ros/lib/libAprilTagNode.so
-- Up-to-date symlink: /home/vvoxel/ros2_ws_mgr/install/apriltag_ros/share/apriltag_ros/cfg/tags_36h11.yaml
-- Up-to-date symlink: /home/vvoxel/ros2_ws_mgr/install/apriltag_ros/share/apriltag_ros/launch/camera_36h11.launch.yml
-- Up-to-date symlink: /home/vvoxel/ros2_ws_mgr/install/apriltag_ros/share/ament_index/resource_index/package_run_dependencies/apriltag_ros
-- Up-to-date symlink: /home/vvoxel/ros2_ws_mgr/install/apriltag_ros/share/ament_index/resource_index/parent_prefix_path/apriltag_ros
-- Up-to-date symlink: /home/vvoxel/ros2_ws_mgr/install/apriltag_ros/share/apriltag_ros/environment/ament_prefix_path.sh
-- Up-to-date symlink: /home/vvoxel/ros2_ws_mgr/install/apriltag_ros/share/apriltag_ros/environment/ament_prefix_path.dsv
-- Up-to-date symlink: /home/vvoxel/ros2_ws_mgr/install/apriltag_ros/share/apriltag_ros/environment/path.sh
-- Up-to-date symlink: /home/vvoxel/ros2_ws_mgr/install/apriltag_ros/share/apriltag_ros/environment/path.dsv
-- Up-to-date symlink: /home/vvoxel/ros2_ws_mgr/install/apriltag_ros/share/apriltag_ros/local_setup.bash
-- Up-to-date symlink: /home/vvoxel/ros2_ws_mgr/install/apriltag_ros/share/apriltag_ros/local_setup.sh
-- Up-to-date symlink: /home/vvoxel/ros2_ws_mgr/install/apriltag_ros/share/apriltag_ros/local_setup.zsh
-- Up-to-date symlink: /home/vvoxel/ros2_ws_mgr/install/apriltag_ros/share/apriltag_ros/local_setup.dsv
-- Symlinking: /home/vvoxel/ros2_ws_mgr/install/apriltag_ros/share/apriltag_ros/package.dsv
-- Up-to-date symlink: /home/vvoxel/ros2_ws_mgr/install/apriltag_ros/share/ament_index/resource_index/packages/apriltag_ros
-- Up-to-date symlink: /home/vvoxel/ros2_ws_mgr/install/apriltag_ros/share/ament_index/resource_index/rclcpp_components/apriltag_ros
-- Up-to-date symlink: /home/vvoxel/ros2_ws_mgr/install/apriltag_ros/share/apriltag_ros/cmake/apriltag_rosConfig.cmake
-- Up-to-date symlink: /home/vvoxel/ros2_ws_mgr/install/apriltag_ros/share/apriltag_ros/cmake/apriltag_rosConfig-version.cmake
-- Up-to-date symlink: /home/vvoxel/ros2_ws_mgr/install/apriltag_ros/share/apriltag_ros/package.xml
