-- The C compiler identification is GNU 13.3.0
-- The CXX compiler identification is GNU 13.3.0
-- Detecting C compiler ABI info
-- Detecting C compiler ABI info - done
-- Check for working C compiler: /usr/bin/cc - skipped
-- Detecting C compile features
-- Detecting C compile features - done
-- Detecting CXX compiler ABI info
-- Detecting CXX compiler ABI info - done
-- Check for working CXX compiler: /usr/bin/c++ - skipped
-- Detecting CXX compile features
-- Detecting CXX compile features - done
-- Compiling on Unix
-- Performing Test CMAKE_HAVE_LIBC_PTHREAD
-- Performing Test CMAKE_HAVE_LIBC_PTHREAD - Success
-- Found Threads: TRUE  
-- Found AMD headers in: /usr/include/suitesparse
-- Found AMD library: /usr/lib/x86_64-linux-gnu/libamd.so
-- Found CAMD headers in: /usr/include/suitesparse
-- Found CAMD library: /usr/lib/x86_64-linux-gnu/libcamd.so
-- Found CCOLAMD headers in: /usr/include/suitesparse
-- Found CCOLAMD library: /usr/lib/x86_64-linux-gnu/libccolamd.so
-- Found CHOLMOD headers in: /usr/include/suitesparse
-- Found CHOLMOD library: /usr/lib/x86_64-linux-gnu/libcholmod.so
-- Found COLAMD headers in: /usr/include/suitesparse
-- Found COLAMD library: /usr/lib/x86_64-linux-gnu/libcolamd.so
-- Found SPQR headers in: /usr/include/suitesparse
-- Found SPQR library: /usr/lib/x86_64-linux-gnu/libspqr.so
-- Found Config headers in: /usr/include/suitesparse
-- Found Config library: /usr/lib/x86_64-linux-gnu/libsuitesparseconfig.so
-- Found Intel Thread Building Blocks (TBB) library (2021.11 / ) include location: . Assuming SuiteSparseQR was compiled with TBB.
-- Looking for shm_open in rt
-- Looking for shm_open in rt - found
-- Adding librt to SuiteSparse_config libraries (required on Linux & Unix [not OSX] if SuiteSparse is compiled with timing).
-- Could NOT find METIS (missing: METIS_INCLUDE_DIR METIS_LIBRARY) 
-- Found SuiteSparse: /usr/include/suitesparse (found version "7.6.1") found components: AMD CAMD CCOLAMD CHOLMOD COLAMD SPQR Config 
-- Enable support for Cholmod
-- Building LGPL code as a shared library
-- Found CSparse: /usr/include/suitesparse  
-- Enable support for CSparse
-- Found OpenGL: /usr/lib/x86_64-linux-gnu/libOpenGL.so   
-- Compiling with OpenGL support
-- Found QGLViewer: /usr/include/QGLViewer  
-- Compiling with logging support
-- Compiling SLAM 3D types
-- Compiling built in types slam2d slam2d (addons) data sclam2d slam3d slam3d (addons) sba icp sim3
-- Compiling g2o apps
-- Compiling g2o examples
-- Performing Test SSE2_AVAILABLE
-- Performing Test SSE2_AVAILABLE - Success
-- Performing Test SSE3_AVAILABLE
-- Performing Test SSE3_AVAILABLE - Success
-- Performing Test SSSE3_AVAILABLE
-- Performing Test SSSE3_AVAILABLE - Success
-- Performing Test SSE41_AVAILABLE
-- Performing Test SSE41_AVAILABLE - Success
-- Performing Test SSE42_AVAILABLE
-- Performing Test SSE42_AVAILABLE - Success
-- Compiling with GCC
-- Found Eigen3: /usr/include/eigen3 (Required is at least version "3.3") 
-- Generating position independent code for slam2d because Qt5 was built with -reduce-relocations
-- Configuring done (9.5s)
-- Generating done (0.8s)
-- Build files have been written to: /home/vvoxel/ros2_ws_mgr/build/g2o
[  0%] [32mBuilding CXX object g2o/EXTERNAL/freeglut/CMakeFiles/freeglut_minimal.dir/freeglut_font.cpp.o[0m
[  1%] [32mBuilding CXX object g2o/stuff/CMakeFiles/stuff.dir/command_args.cpp.o[0m
[  2%] [32mBuilding CXX object g2o/EXTERNAL/freeglut/CMakeFiles/freeglut_minimal.dir/freeglut_stroke_roman.cpp.o[0m
[  1%] [32mBuilding CXX object g2o/stuff/CMakeFiles/stuff.dir/timeutil.cpp.o[0m
[  2%] [32mBuilding CXX object g2o/EXTERNAL/freeglut/CMakeFiles/freeglut_minimal.dir/freeglut_stroke_mono_roman.cpp.o[0m
[  2%] [32mBuilding CXX object g2o/examples/interactive_slam/slam_parser/parser/CMakeFiles/parser_library.dir/slam_context.cpp.o[0m
[  3%] [32mBuilding CXX object g2o/stuff/CMakeFiles/opengl_helper.dir/opengl_primitives.cpp.o[0m
[  3%] [32mBuilding CXX object g2o/stuff/CMakeFiles/stuff.dir/sparse_helper.cpp.o[0m
[  3%] [32mBuilding CXX object g2o/stuff/CMakeFiles/stuff.dir/filesys_tools.cpp.o[0m
[  4%] [32mBuilding CXX object g2o/stuff/CMakeFiles/stuff.dir/string_tools.cpp.o[0m
[  4%] [32m[1mLinking CXX shared library ../../lib/libg2o_opengl_helper.so[0m
[  4%] [32m[1mLinking CXX shared library ../../../lib/libg2o_ext_freeglut_minimal.so[0m
[  4%] Built target opengl_helper
[  4%] [32mBuilding CXX object g2o/examples/interactive_slam/slam_parser/parser/CMakeFiles/parser_library.dir/bison_parser.cpp.o[0m
[  4%] Built target freeglut_minimal
[  4%] [32mBuilding CXX object g2o/stuff/CMakeFiles/stuff.dir/property.cpp.o[0m
[  5%] [32mBuilding CXX object g2o/examples/interactive_slam/slam_parser/parser/CMakeFiles/parser_library.dir/driver.cpp.o[0m
[  5%] [32mBuilding CXX object g2o/stuff/CMakeFiles/stuff.dir/sampler.cpp.o[0m
[  5%] [32mBuilding CXX object g2o/examples/interactive_slam/slam_parser/parser/CMakeFiles/parser_library.dir/flex_scanner.cpp.o[0m
[  6%] [32mBuilding CXX object g2o/stuff/CMakeFiles/stuff.dir/tictoc.cpp.o[0m
[  6%] [32mBuilding CXX object g2o/stuff/CMakeFiles/stuff.dir/logger.cpp.o[0m
[  6%] [32m[1mLinking CXX shared library ../../../../../lib/libg2o_parser.so[0m
[  6%] Built target parser_library
[  6%] [32m[1mLinking CXX shared library ../../lib/libg2o_stuff.so[0m
[  6%] Built target stuff
[  6%] [32mBuilding CXX object g2o/examples/interactive_slam/slam_parser/interface/CMakeFiles/interface_library.dir/parser_interface.cpp.o[0m
[  6%] [32mBuilding CXX object g2o/examples/interactive_slam/slam_parser/interface/CMakeFiles/interface_library.dir/slam_context_interface.cpp.o[0m
[  7%] [32m[1mLinking CXX shared library ../../../../../lib/libg2o_interface.so[0m
[  7%] Built target interface_library
[  7%] [32mBuilding CXX object g2o/examples/logging/CMakeFiles/logging_application.dir/logging.cpp.o[0m
[  7%] [32m[1mLinking CXX executable ../../../bin/logging_example[0m
[  7%] Built target logging_application
[  7%] [32mBuilding CXX object g2o/solvers/csparse/CMakeFiles/csparse_extension.dir/csparse_helper.cpp.o[0m
[  8%] [32mBuilding CXX object g2o/solvers/csparse/CMakeFiles/csparse_extension.dir/csparse_extension.cpp.o[0m
[  8%] [32m[1mLinking CXX shared library ../../../lib/libg2o_csparse_extension.so[0m
[  8%] Built target csparse_extension
[  8%] [32mBuilding CXX object g2o/core/CMakeFiles/core.dir/hyper_graph_action.cpp.o[0m
[  8%] [32mBuilding CXX object g2o/core/CMakeFiles/core.dir/optimizable_graph.cpp.o[0m
[  9%] [32mBuilding CXX object g2o/core/CMakeFiles/core.dir/solver.cpp.o[0m
[  9%] [32mBuilding CXX object g2o/core/CMakeFiles/core.dir/optimization_algorithm_factory.cpp.o[0m
[  9%] [32mBuilding CXX object g2o/core/CMakeFiles/core.dir/estimate_propagator.cpp.o[0m
[ 10%] [32mBuilding CXX object g2o/core/CMakeFiles/core.dir/factory.cpp.o[0m
[ 10%] [32mBuilding CXX object g2o/core/CMakeFiles/core.dir/sparse_optimizer.cpp.o[0m
[ 10%] [32mBuilding CXX object g2o/core/CMakeFiles/core.dir/hyper_dijkstra.cpp.o[0m
[ 10%] [32mBuilding CXX object g2o/core/CMakeFiles/core.dir/cache.cpp.o[0m
[ 11%] [32mBuilding CXX object g2o/core/CMakeFiles/core.dir/parameter.cpp.o[0m
[ 11%] [32mBuilding CXX object g2o/core/CMakeFiles/core.dir/batch_stats.cpp.o[0m
[ 11%] [32mBuilding CXX object g2o/core/CMakeFiles/core.dir/matrix_structure.cpp.o[0m
[ 12%] [32mBuilding CXX object g2o/core/CMakeFiles/core.dir/parameter_container.cpp.o[0m
[ 12%] [32mBuilding CXX object g2o/core/CMakeFiles/core.dir/optimization_algorithm_dogleg.cpp.o[0m
[ 13%] [32mBuilding CXX object g2o/core/CMakeFiles/core.dir/sparse_optimizer_terminate_action.cpp.o[0m
[ 13%] [32mBuilding CXX object g2o/core/CMakeFiles/core.dir/jacobian_workspace.cpp.o[0m
[ 13%] [32mBuilding CXX object g2o/core/CMakeFiles/core.dir/robust_kernel.cpp.o[0m
[ 14%] [32mBuilding CXX object g2o/core/CMakeFiles/core.dir/robust_kernel_impl.cpp.o[0m
[ 14%] [32mBuilding CXX object g2o/core/CMakeFiles/core.dir/robust_kernel_factory.cpp.o[0m
[ 15%] [32mBuilding CXX object g2o/core/CMakeFiles/core.dir/optimization_algorithm_gauss_newton.cpp.o[0m
[ 15%] [32mBuilding CXX object g2o/core/CMakeFiles/core.dir/optimization_algorithm_levenberg.cpp.o[0m
[ 15%] [32mBuilding CXX object g2o/core/CMakeFiles/core.dir/optimization_algorithm_with_hessian.cpp.o[0m
[ 15%] [32mBuilding CXX object g2o/core/CMakeFiles/core.dir/optimization_algorithm.cpp.o[0m
[ 16%] [32mBuilding CXX object g2o/core/CMakeFiles/core.dir/marginal_covariance_cholesky.cpp.o[0m
[ 16%] [32mBuilding CXX object g2o/core/CMakeFiles/core.dir/hyper_graph.cpp.o[0m
[ 16%] [32m[1mLinking CXX shared library ../../lib/libg2o_core.so[0m
[ 16%] Built target core
[ 17%] [32mBuilding CXX object g2o/apps/g2o_cli/CMakeFiles/g2o_cli_library.dir/dl_wrapper.cpp.o[0m
[ 17%] [32mBuilding CXX object g2o/types/slam3d/CMakeFiles/types_slam3d.dir/dquat2mat.cpp.o[0m
[ 17%] [32mBuilding CXX object g2o/solvers/csparse/CMakeFiles/solver_csparse.dir/solver_csparse.cpp.o[0m
[ 17%] [32mBuilding CXX object g2o/solvers/structure_only/CMakeFiles/solver_structure_only.dir/structure_only.cpp.o[0m
[ 17%] [32mBuilding CXX object g2o/solvers/eigen/CMakeFiles/solver_eigen.dir/solver_eigen.cpp.o[0m
[ 17%] [32mBuilding CXX object g2o/types/slam3d/CMakeFiles/types_slam3d.dir/isometry3d_mappings.cpp.o[0m
[ 18%] [32mBuilding CXX object g2o/types/slam3d/CMakeFiles/types_slam3d.dir/isometry3d_gradients.cpp.o[0m
[ 19%] [32m[1mLinking CXX shared library ../../../lib/libg2o_solver_structure_only.so[0m
[ 19%] [32mBuilding CXX object g2o/types/slam3d/CMakeFiles/types_slam3d.dir/vertex_se3.cpp.o[0m
[ 19%] Built target solver_structure_only
[ 19%] [32mBuilding CXX object g2o/apps/g2o_cli/CMakeFiles/g2o_cli_library.dir/output_helper.cpp.o[0m
[ 19%] [32mBuilding CXX object g2o/apps/g2o_cli/CMakeFiles/g2o_cli_library.dir/g2o_common.cpp.o[0m
[ 19%] [32mBuilding CXX object g2o/types/slam3d/CMakeFiles/types_slam3d.dir/parameter_se3_offset.cpp.o[0m
[ 20%] [32m[1mLinking CXX shared library ../../../lib/libg2o_cli.so[0m
[ 20%] Built target g2o_cli_library
[ 21%] [32mBuilding CXX object g2o/types/slam3d/CMakeFiles/types_slam3d.dir/edge_se3.cpp.o[0m
[ 21%] [32mBuilding CXX object g2o/types/slam3d/CMakeFiles/types_slam3d.dir/edge_se3_offset.cpp.o[0m
[ 22%] [32mBuilding CXX object g2o/solvers/csparse/CMakeFiles/solver_csparse.dir/csparse_wrapper.cpp.o[0m
[ 22%] [32m[1mLinking CXX shared library ../../../lib/libg2o_solver_csparse.so[0m
[ 22%] Built target solver_csparse
[ 22%] [32m[1mLinking CXX shared library ../../../lib/libg2o_solver_eigen.so[0m
[ 22%] Built target solver_eigen
[ 22%] [32mBuilding CXX object g2o/types/slam3d/CMakeFiles/types_slam3d.dir/vertex_pointxyz.cpp.o[0m
[ 22%] [32mBuilding CXX object g2o/apps/g2o_cli/CMakeFiles/g2o_cli_application.dir/g2o.cpp.o[0m
[ 23%] [32mBuilding CXX object g2o/examples/g2o_hierarchical/CMakeFiles/g2o_hierarchical_library.dir/edge_labeler.cpp.o[0m
[ 23%] [32mBuilding CXX object g2o/solvers/cholmod/CMakeFiles/solver_cholmod.dir/cholmod_wrapper.cpp.o[0m
[ 23%] [32mBuilding CXX object g2o/solvers/dense/CMakeFiles/solver_dense.dir/solver_dense.cpp.o[0m
[ 24%] [32mBuilding CXX object g2o/solvers/cholmod/CMakeFiles/solver_cholmod.dir/solver_cholmod.cpp.o[0m
[ 25%] [32mBuilding CXX object g2o/solvers/pcg/CMakeFiles/solver_pcg.dir/solver_pcg.cpp.o[0m
[ 25%] [32mBuilding CXX object g2o/types/slam2d/CMakeFiles/types_slam2d.dir/edge_se2.cpp.o[0m
[ 26%] [32mBuilding CXX object g2o/types/slam3d/CMakeFiles/types_slam3d.dir/parameter_camera.cpp.o[0m
[ 26%] [32m[1mLinking CXX executable ../../../bin/g2o[0m
[ 26%] Built target g2o_cli_application
[ 26%] [32mBuilding CXX object g2o/examples/g2o_hierarchical/CMakeFiles/g2o_hierarchical_library.dir/edge_creator.cpp.o[0m
[ 26%] [32mBuilding CXX object g2o/types/slam2d/CMakeFiles/types_slam2d.dir/edge_se2_pointxy_calib.cpp.o[0m
[ 26%] [32mBuilding CXX object g2o/types/slam3d/CMakeFiles/types_slam3d.dir/parameter_stereo_camera.cpp.o[0m
[ 26%] [32mBuilding CXX object g2o/examples/g2o_hierarchical/CMakeFiles/g2o_hierarchical_library.dir/star.cpp.o[0m
[ 26%] [32mBuilding CXX object g2o/types/slam3d/CMakeFiles/types_slam3d.dir/edge_se3_pointxyz.cpp.o[0m
[ 27%] [32mBuilding CXX object g2o/examples/g2o_hierarchical/CMakeFiles/g2o_hierarchical_library.dir/edge_types_cost_function.cpp.o[0m
[ 27%] [32mBuilding CXX object g2o/examples/g2o_hierarchical/CMakeFiles/g2o_hierarchical_library.dir/backbone_tree_action.cpp.o[0m
[ 28%] [32mBuilding CXX object g2o/types/slam2d/CMakeFiles/types_slam2d.dir/types_slam2d.cpp.o[0m
[ 28%] [32mBuilding CXX object g2o/examples/g2o_hierarchical/CMakeFiles/g2o_hierarchical_library.dir/simple_star_ops.cpp.o[0m
[ 28%] [32mBuilding CXX object g2o/types/slam2d/CMakeFiles/types_slam2d.dir/vertex_point_xy.cpp.o[0m
[ 29%] [32mBuilding CXX object g2o/types/slam3d/CMakeFiles/types_slam3d.dir/edge_se3_pointxyz_disparity.cpp.o[0m
[ 29%] [32mBuilding CXX object g2o/types/slam2d/CMakeFiles/types_slam2d.dir/edge_se2_pointxy.cpp.o[0m
[ 30%] [32mBuilding CXX object g2o/types/slam2d/CMakeFiles/types_slam2d.dir/vertex_se2.cpp.o[0m
[ 30%] [32mBuilding CXX object g2o/types/slam3d/CMakeFiles/types_slam3d.dir/edge_se3_pointxyz_depth.cpp.o[0m
[ 31%] [32m[1mLinking CXX shared library ../../../lib/libg2o_hierarchical.so[0m
[ 31%] Built target g2o_hierarchical_library
[ 31%] [32m[1mLinking CXX shared library ../../../lib/libg2o_solver_cholmod.so[0m
[ 31%] Built target solver_cholmod
[ 32%] [32m[1mLinking CXX shared library ../../../lib/libg2o_solver_dense.so[0m
[ 32%] Built target solver_dense
[ 33%] [32mBuilding CXX object g2o/types/slam2d/CMakeFiles/types_slam2d.dir/parameter_se2_offset.cpp.o[0m
[ 33%] [32mBuilding CXX object g2o/types/slam2d/CMakeFiles/types_slam2d.dir/edge_se2_prior.cpp.o[0m
[ 33%] [32m[1mLinking CXX shared library ../../../lib/libg2o_solver_pcg.so[0m
[ 33%] Built target solver_pcg
[ 33%] [32mBuilding CXX object g2o/types/slam3d/CMakeFiles/types_slam3d.dir/edge_se3_prior.cpp.o[0m
[ 33%] [32mBuilding CXX object g2o/types/slam2d/CMakeFiles/types_slam2d.dir/edge_se2_pointxy_bearing.cpp.o[0m
[ 33%] [32mBuilding CXX object g2o/types/slam2d/CMakeFiles/types_slam2d.dir/edge_se2_offset.cpp.o[0m
[ 34%] [32mBuilding CXX object g2o/types/slam3d/CMakeFiles/types_slam3d.dir/edge_se3_xyzprior.cpp.o[0m
[ 34%] [32mBuilding CXX object g2o/types/slam2d/CMakeFiles/types_slam2d.dir/edge_se2_pointxy_offset.cpp.o[0m
[ 34%] [32mBuilding CXX object g2o/types/slam3d/CMakeFiles/types_slam3d.dir/edge_se3_lotsofxyz.cpp.o[0m
[ 35%] [32mBuilding CXX object g2o/types/slam2d/CMakeFiles/types_slam2d.dir/edge_se2_xyprior.cpp.o[0m
[ 35%] [32mBuilding CXX object g2o/examples/target/CMakeFiles/constant_velocity_target.dir/constant_velocity_target.cpp.o[0m
[ 36%] [32mBuilding CXX object g2o/examples/target/CMakeFiles/static_target.dir/static_target.cpp.o[0m
[ 36%] [32mBuilding CXX object g2o/examples/bal/CMakeFiles/bal_example.dir/bal_example.cpp.o[0m
[ 37%] [32mBuilding CXX object g2o/examples/dynamic_vertex/CMakeFiles/polynomial_fit.dir/polynomial_fit.cpp.o[0m
[ 37%] [32mBuilding CXX object g2o/examples/dynamic_vertex/CMakeFiles/static_dynamic_function_fit.dir/static_dynamic_function_fit.cpp.o[0m
[ 37%] [32mBuilding CXX object g2o/types/slam2d/CMakeFiles/types_slam2d.dir/edge_pointxy.cpp.o[0m
[ 38%] [34m[1mGenerating ui_base_properties_widget.h[0m
[ 38%] [34m[1mGenerating moc_main_window.cpp[0m
[ 38%] [34m[1mGenerating moc_properties_widget.cpp[0m
[ 38%] [34m[1mGenerating ui_base_main_window.h[0m
[ 39%] [32mBuilding CXX object g2o/apps/g2o_viewer/CMakeFiles/viewer_library.dir/g2o_qglviewer.cpp.o[0m
[ 39%] [32mBuilding CXX object g2o/types/slam2d/CMakeFiles/types_slam2d.dir/edge_se2_twopointsxy.cpp.o[0m
[ 39%] [32mBuilding CXX object g2o/apps/g2o_viewer/CMakeFiles/viewer_library.dir/main_window.cpp.o[0m
[ 39%] [32mBuilding CXX object g2o/types/slam3d/CMakeFiles/types_slam3d.dir/edge_xyz_prior.cpp.o[0m
[ 40%] [32mBuilding CXX object g2o/types/slam2d/CMakeFiles/types_slam2d.dir/edge_se2_lotsofxy.cpp.o[0m
[ 40%] [32mBuilding CXX object g2o/apps/g2o_viewer/CMakeFiles/viewer_library.dir/stream_redirect.cpp.o[0m
[ 41%] [32mBuilding CXX object g2o/types/slam3d/CMakeFiles/types_slam3d.dir/edge_pointxyz.cpp.o[0m
[ 42%] [32mBuilding CXX object g2o/apps/g2o_viewer/CMakeFiles/viewer_library.dir/gui_hyper_graph_action.cpp.o[0m
[ 42%] [32m[1mLinking CXX executable ../../../bin/static_target[0m
[ 42%] Built target static_target
[ 42%] [32mBuilding CXX object g2o/apps/g2o_viewer/CMakeFiles/viewer_library.dir/properties_widget.cpp.o[0m
[ 42%] [32mBuilding CXX object g2o/types/slam3d/CMakeFiles/types_slam3d.dir/types_slam3d.cpp.o[0m
[ 42%] [32mBuilding CXX object g2o/apps/g2o_viewer/CMakeFiles/viewer_library.dir/viewer_properties_widget.cpp.o[0m
[ 42%] [32m[1mLinking CXX executable ../../../bin/polynomial_fit[0m
[ 42%] Built target polynomial_fit
[ 42%] [32mBuilding CXX object g2o/types/slam2d/CMakeFiles/types_slam2d.dir/edge_xy_prior.cpp.o[0m
[ 42%] [32mBuilding CXX object g2o/apps/g2o_viewer/CMakeFiles/viewer_library.dir/moc_main_window.cpp.o[0m
[ 42%] [32m[1mLinking CXX executable ../../../bin/constant_velocity_target[0m
[ 42%] Built target constant_velocity_target
[ 43%] [32mBuilding CXX object g2o/apps/g2o_viewer/CMakeFiles/viewer_library.dir/run_g2o_viewer.cpp.o[0m
[ 43%] [32m[1mLinking CXX shared library ../../../lib/libg2o_types_slam2d.so[0m
[ 43%] Built target types_slam2d
[ 43%] [32m[1mLinking CXX shared library ../../../lib/libg2o_types_slam3d.so[0m
[ 43%] Built target types_slam3d
[ 43%] [32mBuilding CXX object g2o/apps/g2o_viewer/CMakeFiles/viewer_library.dir/moc_properties_widget.cpp.o[0m
[ 43%] [32m[1mLinking CXX executable ../../../bin/static_dynamic_function_fit[0m
[ 43%] Built target static_dynamic_function_fit
[ 44%] [32m[1mLinking CXX shared library ../../../lib/libg2o_viewer.so[0m
[ 44%] Built target viewer_library
[ 44%] [32m[1mLinking CXX executable ../../../bin/bal_example[0m
[ 44%] Built target bal_example
[ 45%] [32mBuilding CXX object g2o/types/sba/CMakeFiles/types_sba.dir/types_sba.cpp.o[0m
[ 45%] [32mBuilding CXX object g2o/types/sba/CMakeFiles/types_sba.dir/types_six_dof_expmap.cpp.o[0m
[ 45%] [32mBuilding CXX object g2o/types/sba/CMakeFiles/types_sba.dir/vertex_intrinsics.cpp.o[0m
[ 46%] [32mBuilding CXX object g2o/types/sba/CMakeFiles/types_sba.dir/vertex_cam.cpp.o[0m
[ 46%] [32mBuilding CXX object g2o/types/sba/CMakeFiles/types_sba.dir/edge_sba_cam.cpp.o[0m
[ 46%] [32mBuilding CXX object g2o/types/sclam2d/CMakeFiles/types_sclam2d.dir/edge_se2_sensor_calib.cpp.o[0m
[ 46%] [32mBuilding CXX object g2o/solvers/slam2d_linear/CMakeFiles/solver_slam2d_linear.dir/slam2d_linear.cpp.o[0m
[ 46%] [32mBuilding CXX object g2o/types/data/CMakeFiles/types_data.dir/types_data.cpp.o[0m
[ 47%] [32mBuilding CXX object g2o/types/slam2d_addons/CMakeFiles/types_slam2d_addons.dir/types_slam2d_addons.cpp.o[0m
[ 47%] [32mBuilding CXX object g2o/examples/data_fitting/CMakeFiles/curve_fit.dir/curve_fit.cpp.o[0m
[ 47%] [32mBuilding CXX object g2o/examples/data_fitting/CMakeFiles/circle_fit.dir/circle_fit.cpp.o[0m
[ 47%] [32mBuilding CXX object g2o/examples/tutorial_slam2d/CMakeFiles/tutorial_slam2d_library.dir/edge_se2_pointxy.cpp.o[0m
[ 47%] [32mBuilding CXX object g2o/types/data/CMakeFiles/types_data.dir/robot_data.cpp.o[0m
[ 47%] [32mBuilding CXX object g2o/types/sba/CMakeFiles/types_sba.dir/edge_sba_scale.cpp.o[0m
[ 48%] [32mBuilding CXX object g2o/types/data/CMakeFiles/types_data.dir/vertex_tag.cpp.o[0m
[ 49%] [32mBuilding CXX object g2o/types/sclam2d/CMakeFiles/types_sclam2d.dir/vertex_odom_differential_params.cpp.o[0m
[ 49%] [32mBuilding CXX object g2o/types/slam2d_addons/CMakeFiles/types_slam2d_addons.dir/vertex_segment2d.cpp.o[0m
[ 49%] [32mBuilding CXX object g2o/types/data/CMakeFiles/types_data.dir/vertex_ellipse.cpp.o[0m
[ 50%] [32mBuilding CXX object g2o/examples/tutorial_slam2d/CMakeFiles/tutorial_slam2d_library.dir/edge_se2.cpp.o[0m
[ 51%] [32m[1mLinking CXX executable ../../../bin/curve_fit[0m
[ 52%] [32mBuilding CXX object g2o/types/sba/CMakeFiles/types_sba.dir/edge_project_p2mc.cpp.o[0m
[ 52%] Built target curve_fit
[ 52%] [32mBuilding CXX object g2o/types/sclam2d/CMakeFiles/types_sclam2d.dir/edge_se2_odom_differential_calib.cpp.o[0m
[ 52%] [32mBuilding CXX object g2o/types/slam2d_addons/CMakeFiles/types_slam2d_addons.dir/edge_se2_segment2d.cpp.o[0m
[ 53%] [32m[1mLinking CXX executable ../../../bin/circle_fit[0m
[ 53%] Built target circle_fit
[ 53%] [32mBuilding CXX object g2o/examples/tutorial_slam2d/CMakeFiles/tutorial_slam2d_library.dir/vertex_se2.cpp.o[0m
[ 53%] [32mBuilding CXX object g2o/types/sclam2d/CMakeFiles/types_sclam2d.dir/odometry_measurement.cpp.o[0m
[ 54%] [32mBuilding CXX object g2o/solvers/slam2d_linear/CMakeFiles/solver_slam2d_linear.dir/solver_slam2d_linear.cpp.o[0m
[ 54%] [32mBuilding CXX object g2o/types/data/CMakeFiles/types_data.dir/laser_parameters.cpp.o[0m
[ 55%] [32mBuilding CXX object g2o/types/sclam2d/CMakeFiles/types_sclam2d.dir/types_sclam2d.cpp.o[0m
[ 56%] [32mBuilding CXX object g2o/types/slam2d_addons/CMakeFiles/types_slam2d_addons.dir/edge_se2_segment2d_line.cpp.o[0m
[ 57%] [32mBuilding CXX object g2o/types/data/CMakeFiles/types_data.dir/raw_laser.cpp.o[0m
[ 57%] [32mBuilding CXX object g2o/examples/tutorial_slam2d/CMakeFiles/tutorial_slam2d_library.dir/vertex_point_xy.cpp.o[0m
[ 57%] [32mBuilding CXX object g2o/types/sba/CMakeFiles/types_sba.dir/sbacam.cpp.o[0m
[ 57%] [32m[1mLinking CXX shared library ../../../lib/libg2o_types_sclam2d.so[0m
[ 57%] Built target types_sclam2d
[ 57%] [32mBuilding CXX object g2o/types/data/CMakeFiles/types_data.dir/robot_laser.cpp.o[0m
[ 57%] [32mBuilding CXX object g2o/examples/tutorial_slam2d/CMakeFiles/tutorial_slam2d_library.dir/types_tutorial_slam2d.cpp.o[0m
[ 57%] [32m[1mLinking CXX shared library ../../../lib/libg2o_solver_slam2d_linear.so[0m
[ 57%] Built target solver_slam2d_linear
[ 57%] [32mBuilding CXX object g2o/types/slam2d_addons/CMakeFiles/types_slam2d_addons.dir/edge_se2_segment2d_pointLine.cpp.o[0m
[ 57%] [32mBuilding CXX object g2o/types/sba/CMakeFiles/types_sba.dir/edge_project_p2sc.cpp.o[0m
[ 57%] [32mBuilding CXX object g2o/types/data/CMakeFiles/types_data.dir/data_queue.cpp.o[0m
[ 58%] [32mBuilding CXX object g2o/examples/tutorial_slam2d/CMakeFiles/tutorial_slam2d_library.dir/parameter_se2_offset.cpp.o[0m
[ 59%] [32m[1mLinking CXX shared library ../../../lib/libg2o_types_data.so[0m
[ 59%] Built target types_data
[ 59%] [32mBuilding CXX object g2o/examples/tutorial_slam2d/CMakeFiles/tutorial_slam2d_library.dir/simulator.cpp.o[0m
[ 59%] [32mBuilding CXX object g2o/types/slam2d_addons/CMakeFiles/types_slam2d_addons.dir/edge_line2d_pointxy.cpp.o[0m
[ 60%] [32m[1mLinking CXX shared library ../../../lib/libg2o_tutorial_slam2d.so[0m
[ 60%] Built target tutorial_slam2d_library
[ 60%] [32mBuilding CXX object g2o/types/sba/CMakeFiles/types_sba.dir/vertex_se3_expmap.cpp.o[0m
[ 60%] [32mBuilding CXX object g2o/types/slam2d_addons/CMakeFiles/types_slam2d_addons.dir/edge_line2d.cpp.o[0m
[ 61%] [32mBuilding CXX object g2o/types/slam2d_addons/CMakeFiles/types_slam2d_addons.dir/edge_se2_line2d.cpp.o[0m
[ 61%] [32mBuilding CXX object g2o/types/sba/CMakeFiles/types_sba.dir/edge_project_xyz2uv.cpp.o[0m
[ 61%] [32mBuilding CXX object g2o/types/slam2d_addons/CMakeFiles/types_slam2d_addons.dir/vertex_line2d.cpp.o[0m
[ 62%] [32m[1mLinking CXX shared library ../../../lib/libg2o_types_slam2d_addons.so[0m
[ 62%] Built target types_slam2d_addons
[ 62%] [32mBuilding CXX object g2o/types/sba/CMakeFiles/types_sba.dir/edge_project_xyz.cpp.o[0m
[ 62%] [34m[1mGenerating ui_base_main_window.h[0m
[ 63%] [32mBuilding CXX object g2o/types/sba/CMakeFiles/types_sba.dir/edge_project_xyz2uvu.cpp.o[0m
[ 63%] [34m[1mGenerating moc_main_window.cpp[0m
[ 63%] [32mBuilding CXX object g2o/examples/simple_optimize/CMakeFiles/simple_optimize.dir/simple_optimize.cpp.o[0m
[ 64%] [32mBuilding CXX object g2o/examples/slam2d/CMakeFiles/slam2d_g2o.dir/main_window.cpp.o[0m
[ 64%] [32mBuilding CXX object g2o/examples/interactive_slam/g2o_interactive/CMakeFiles/g2o_interactive_library.dir/g2o_slam_interface.cpp.o[0m
[ 65%] [32mBuilding CXX object g2o/types/sba/CMakeFiles/types_sba.dir/parameter_cameraparameters.cpp.o[0m
[ 65%] [32mBuilding CXX object g2o/examples/anonymize_observations/CMakeFiles/g2o_anonymize_observations_application.dir/g2o_anonymize_observations.cpp.o[0m
[ 66%] [32mBuilding CXX object g2o/examples/sphere/CMakeFiles/create_sphere.dir/create_sphere.cpp.o[0m
[ 66%] [32m[1mLinking CXX executable ../../../bin/simple_optimize[0m
[ 66%] Built target simple_optimize
[ 66%] [32mBuilding CXX object g2o/types/sba/CMakeFiles/types_sba.dir/edge_project_psi2uv.cpp.o[0m
[ 67%] [32m[1mLinking CXX executable ../../../bin/g2o_anonymize_observations[0m
[ 67%] Built target g2o_anonymize_observations_application
[ 67%] [32m[1mLinking CXX executable ../../../bin/create_sphere[0m
[ 67%] Built target create_sphere
[ 67%] [32mBuilding CXX object g2o/examples/slam2d/CMakeFiles/slam2d_g2o.dir/slam2d_viewer.cpp.o[0m
[ 67%] [32mBuilding CXX object g2o/types/sba/CMakeFiles/types_sba.dir/edge_project_stereo_xyz.cpp.o[0m
[ 67%] [32mBuilding CXX object g2o/examples/slam2d/CMakeFiles/slam2d_g2o.dir/slam2d_g2o.cpp.o[0m
[ 68%] [32mBuilding CXX object g2o/examples/interactive_slam/g2o_interactive/CMakeFiles/g2o_interactive_library.dir/graph_optimizer_sparse_online.cpp.o[0m
[ 68%] [32mBuilding CXX object g2o/types/sba/CMakeFiles/types_sba.dir/edge_project_xyz_onlypose.cpp.o[0m
[ 69%] [32mBuilding CXX object g2o/examples/slam2d/CMakeFiles/slam2d_g2o.dir/moc_main_window.cpp.o[0m
[ 69%] [32m[1mLinking CXX executable ../../../bin/slam2d_g2o[0m
[ 70%] [32mBuilding CXX object g2o/types/sba/CMakeFiles/types_sba.dir/edge_se3_expmap.cpp.o[0m
[ 70%] Built target slam2d_g2o
[ 71%] [32mBuilding CXX object g2o/types/sba/CMakeFiles/types_sba.dir/edge_project_stereo_xyz_onlypose.cpp.o[0m
[ 72%] [32mBuilding CXX object g2o/examples/calibration_odom_laser/CMakeFiles/calibration_odom_laser_library.dir/gm2dl_io.cpp.o[0m
[ 72%] [32m[1mLinking CXX shared library ../../../lib/libg2o_types_sba.so[0m
[ 72%] Built target types_sba
[ 72%] [32mBuilding CXX object g2o/examples/calibration_odom_laser/CMakeFiles/calibration_odom_laser_library.dir/sclam_helpers.cpp.o[0m
[ 73%] [32mBuilding CXX object g2o/examples/tutorial_slam2d/CMakeFiles/tutorial_slam2d.dir/tutorial_slam2d.cpp.o[0m
[ 73%] [32mBuilding CXX object g2o/apps/g2o_viewer/CMakeFiles/g2o_viewer.dir/g2o_viewer.cpp.o[0m
[ 74%] [32mBuilding CXX object g2o/types/slam3d_addons/CMakeFiles/types_slam3d_addons.dir/vertex_se3_euler.cpp.o[0m
[ 74%] [32mBuilding CXX object g2o/examples/g2o_hierarchical/CMakeFiles/g2o_hierarchical_application.dir/g2o_hierarchical.cpp.o[0m
[ 74%] [32m[1mLinking CXX executable ../../../bin/g2o_viewer[0m
[ 74%] Built target g2o_viewer
[ 74%] [32m[1mLinking CXX executable ../../../bin/g2o_hierarchical[0m
[ 74%] Built target g2o_hierarchical_application
[ 74%] [32mBuilding CXX object g2o/types/slam3d_addons/CMakeFiles/types_slam3d_addons.dir/edge_se3_euler.cpp.o[0m
[ 74%] [32mBuilding CXX object g2o/types/sim3/CMakeFiles/types_sim3.dir/types_seven_dof_expmap.cpp.o[0m
[ 74%] [32mBuilding CXX object g2o/types/icp/CMakeFiles/types_icp.dir/types_icp.cpp.o[0m
[ 75%] [32mBuilding CXX object g2o/examples/convert_segment_line/CMakeFiles/convertSegmentLine_application.dir/convertSegmentLine.cpp.o[0m
[ 75%] [32mBuilding CXX object g2o/examples/interactive_slam/g2o_interactive/CMakeFiles/g2o_interactive_library.dir/types_online.cpp.o[0m
[ 75%] [32m[1mLinking CXX executable ../../../bin/tutorial_slam2d[0m
[ 75%] Built target tutorial_slam2d
[ 75%] [32mBuilding CXX object g2o/examples/calibration_odom_laser/CMakeFiles/calibration_odom_laser_library.dir/edge_se2_pure_calib.cpp.o[0m
[ 75%] [32m[1mLinking CXX executable ../../../bin/convertSegmentLine[0m
[ 75%] Built target convertSegmentLine_application
[ 76%] [32mBuilding CXX object g2o/types/slam3d_addons/CMakeFiles/types_slam3d_addons.dir/edge_se3_plane_calib.cpp.o[0m
[ 77%] [32mBuilding CXX object g2o/examples/calibration_odom_laser/CMakeFiles/calibration_odom_laser_library.dir/closed_form_calibration.cpp.o[0m
[ 77%] [32m[1mLinking CXX shared library ../../../lib/libg2o_calibration_odom_laser.so[0m
[ 77%] Built target calibration_odom_laser_library
[ 77%] [32mBuilding CXX object g2o/types/slam3d_addons/CMakeFiles/types_slam3d_addons.dir/vertex_line3d.cpp.o[0m
[ 78%] [32m[1mLinking CXX shared library ../../../lib/libg2o_types_sim3.so[0m
[ 78%] Built target types_sim3
[ 78%] [32m[1mLinking CXX shared library ../../../../lib/libg2o_interactive.so[0m
[ 78%] [32m[1mLinking CXX shared library ../../../lib/libg2o_types_icp.so[0m
[ 78%] Built target g2o_interactive_library
[ 78%] Built target types_icp
[ 79%] [32mBuilding CXX object g2o/types/slam3d_addons/CMakeFiles/types_slam3d_addons.dir/edge_se3_line.cpp.o[0m
[ 79%] [32mBuilding CXX object g2o/types/slam3d_addons/CMakeFiles/types_slam3d_addons.dir/line3d.cpp.o[0m
[ 80%] [32mBuilding CXX object g2o/examples/interactive_slam/g2o_interactive/CMakeFiles/g2o_online_application.dir/g2o_online.cpp.o[0m
[ 80%] [32mBuilding CXX object g2o/types/slam3d_addons/CMakeFiles/types_slam3d_addons.dir/vertex_plane.cpp.o[0m
[ 81%] [32mBuilding CXX object g2o/examples/interactive_slam/g2o_incremental/CMakeFiles/g2o_incremental_library.dir/graph_optimizer_sparse_incremental.cpp.o[0m
[ 81%] [32m[1mLinking CXX executable ../../../../bin/g2o_online[0m
[ 81%] Built target g2o_online_application
[ 81%] [32mBuilding CXX object g2o/types/slam3d_addons/CMakeFiles/types_slam3d_addons.dir/edge_plane.cpp.o[0m
[ 82%] [32mBuilding CXX object g2o/examples/calibration_odom_laser/CMakeFiles/sclam_odom_laser.dir/sclam_odom_laser.cpp.o[0m
[ 82%] [32mBuilding CXX object g2o/examples/sim3/CMakeFiles/optimize_sphere_by_sim3.dir/optimize_sphere_by_sim3.cpp.o[0m
[ 82%] [32mBuilding CXX object g2o/types/slam3d_addons/CMakeFiles/types_slam3d_addons.dir/edge_se3_calib.cpp.o[0m
[ 82%] [32mBuilding CXX object g2o/examples/data_convert/CMakeFiles/convert_sba_slam3d.dir/convert_sba_slam3d.cpp.o[0m
[ 82%] [32mBuilding CXX object g2o/examples/ba_anchored_inverse_depth/CMakeFiles/ba_anchored_inverse_depth_demo.dir/ba_anchored_inverse_depth_demo.cpp.o[0m
[ 82%] [32mBuilding CXX object g2o/examples/ba/CMakeFiles/ba_demo.dir/ba_demo.cpp.o[0m
[ 82%] [32m[1mLinking CXX executable ../../../bin/sclam_odom_laser[0m
[ 82%] Built target sclam_odom_laser
[ 82%] [32mBuilding CXX object g2o/examples/calibration_odom_laser/CMakeFiles/sclam_pure_calibration.dir/sclam_pure_calibration.cpp.o[0m
[ 83%] [32m[1mLinking CXX executable ../../../bin/convert_sba_slam3d[0m
[ 83%] Built target convert_sba_slam3d
[ 84%] [32mBuilding CXX object g2o/types/slam3d_addons/CMakeFiles/types_slam3d_addons.dir/types_slam3d_addons.cpp.o[0m
[ 85%] [32m[1mLinking CXX executable ../../../bin/ba_demo[0m
[ 85%] Built target ba_demo
[ 86%] [32m[1mLinking CXX executable ../../../bin/sclam_pure_calibration[0m
[ 86%] Built target sclam_pure_calibration
[ 87%] [32m[1mLinking CXX executable ../../../bin/optimize_sphere_by_sim3[0m
[ 87%] Built target optimize_sphere_by_sim3
[ 87%] [32m[1mLinking CXX executable ../../../bin/ba_anchored_inverse_depth_demo[0m
[ 87%] Built target ba_anchored_inverse_depth_demo
[ 87%] [32m[1mLinking CXX shared library ../../../../lib/libg2o_incremental.so[0m
[ 87%] [32m[1mLinking CXX shared library ../../../lib/libg2o_types_slam3d_addons.so[0m
[ 87%] Built target g2o_incremental_library
[ 87%] Built target types_slam3d_addons
[ 87%] [32mBuilding CXX object g2o/examples/interactive_slam/g2o_incremental/CMakeFiles/g2o_incremental_application.dir/g2o_incremental.cpp.o[0m
[ 87%] [32m[1mLinking CXX executable ../../../../bin/g2o_incremental[0m
[ 87%] Built target g2o_incremental_application
[ 87%] [32mBuilding CXX object g2o/examples/plane_slam/CMakeFiles/simulator_3d_plane.dir/simulator_3d_plane.cpp.o[0m
[ 88%] [32m[1mLinking CXX executable ../../../bin/simulator_3d_plane[0m
[ 88%] Built target simulator_3d_plane
[ 89%] [32mBuilding CXX object g2o/examples/line_slam/CMakeFiles/simulator_3d_line.dir/simulator_3d_line.cpp.o[0m
[ 89%] [32m[1mLinking CXX executable ../../../bin/simulator_3d_line[0m
[ 89%] Built target simulator_3d_line
[ 90%] [32mBuilding CXX object g2o/apps/g2o_simulator/CMakeFiles/g2o_simulator_library.dir/simulator.cpp.o[0m
[ 91%] [32mBuilding CXX object g2o/apps/g2o_simulator/CMakeFiles/g2o_simulator_library.dir/sensor_pose2d.cpp.o[0m
[ 91%] [32mBuilding CXX object g2o/apps/g2o_simulator/CMakeFiles/g2o_simulator_library.dir/sensor_odometry2d.cpp.o[0m
[ 91%] [32mBuilding CXX object g2o/apps/g2o_simulator/CMakeFiles/g2o_simulator_library.dir/pointsensorparameters.cpp.o[0m
[ 91%] [32mBuilding CXX object g2o/apps/g2o_simulator/CMakeFiles/g2o_simulator_library.dir/sensor_pointxy.cpp.o[0m
[ 91%] [32mBuilding CXX object g2o/apps/g2o_simulator/CMakeFiles/g2o_simulator_library.dir/sensor_pointxy_bearing.cpp.o[0m
[ 92%] [32mBuilding CXX object g2o/apps/g2o_simulator/CMakeFiles/g2o_simulator_library.dir/sensor_pointxy_offset.cpp.o[0m
[ 92%] [32mBuilding CXX object g2o/apps/g2o_simulator/CMakeFiles/g2o_simulator_library.dir/simutils.cpp.o[0m
[ 92%] [32mBuilding CXX object g2o/apps/g2o_simulator/CMakeFiles/g2o_simulator_library.dir/sensor_segment2d.cpp.o[0m
[ 93%] [32mBuilding CXX object g2o/apps/g2o_simulator/CMakeFiles/g2o_simulator_library.dir/sensor_segment2d_line.cpp.o[0m
[ 93%] [32mBuilding CXX object g2o/apps/g2o_simulator/CMakeFiles/g2o_simulator_library.dir/sensor_segment2d_pointline.cpp.o[0m
[ 93%] [32mBuilding CXX object g2o/apps/g2o_simulator/CMakeFiles/g2o_simulator_library.dir/sensor_odometry3d.cpp.o[0m
[ 94%] [32mBuilding CXX object g2o/apps/g2o_simulator/CMakeFiles/g2o_simulator_library.dir/sensor_pose3d.cpp.o[0m
[ 94%] [32mBuilding CXX object g2o/apps/g2o_simulator/CMakeFiles/g2o_simulator_library.dir/sensor_pose3d_offset.cpp.o[0m
[ 94%] [32mBuilding CXX object g2o/apps/g2o_simulator/CMakeFiles/g2o_simulator_library.dir/sensor_pointxyz.cpp.o[0m
[ 95%] [32mBuilding CXX object g2o/apps/g2o_simulator/CMakeFiles/g2o_simulator_library.dir/sensor_pointxyz_disparity.cpp.o[0m
[ 95%] [32mBuilding CXX object g2o/apps/g2o_simulator/CMakeFiles/g2o_simulator_library.dir/sensor_pointxyz_depth.cpp.o[0m
[ 95%] [32mBuilding CXX object g2o/apps/g2o_simulator/CMakeFiles/g2o_simulator_library.dir/sensor_se3_prior.cpp.o[0m
[ 96%] [32m[1mLinking CXX shared library ../../../lib/libg2o_simulator.so[0m
[ 96%] Built target g2o_simulator_library
[ 96%] [32mBuilding CXX object g2o/examples/icp/CMakeFiles/gicp_sba_demo.dir/gicp_sba_demo.cpp.o[0m
[ 96%] [32mBuilding CXX object g2o/apps/g2o_simulator/CMakeFiles/g2o_simulator2d_application.dir/test_simulator2d.cpp.o[0m
[ 96%] [32mBuilding CXX object g2o/examples/calibration_odom_laser/CMakeFiles/sclam_laser_calib.dir/sclam_laser_calib.cpp.o[0m
[ 96%] [32mBuilding CXX object g2o/apps/g2o_simulator/CMakeFiles/g2o_simulator3d_application.dir/test_simulator3d.cpp.o[0m
[ 97%] [32mBuilding CXX object g2o/examples/icp/CMakeFiles/gicp_demo.dir/gicp_demo.cpp.o[0m
[ 97%] [32mBuilding CXX object g2o/examples/sba/CMakeFiles/sba_demo.dir/sba_demo.cpp.o[0m
[ 97%] [32m[1mLinking CXX executable ../../../bin/sclam_laser_calib[0m
[ 97%] Built target sclam_laser_calib
[ 97%] [32m[1mLinking CXX executable ../../../bin/g2o_simulator3d[0m
[ 97%] Built target g2o_simulator3d_application
[ 98%] [32m[1mLinking CXX executable ../../../bin/g2o_simulator2d[0m
[ 98%] Built target g2o_simulator2d_application
[ 99%] [32m[1mLinking CXX executable ../../../bin/sba_demo[0m
[ 99%] Built target sba_demo
[ 99%] [32m[1mLinking CXX executable ../../../bin/gicp_demo[0m
[ 99%] Built target gicp_demo
[100%] [32m[1mLinking CXX executable ../../../bin/gicp_sba_demo[0m
[100%] Built target gicp_sba_demo
