-- The C compiler identification is GNU 13.3.0
-- The CXX compiler identification is GNU 13.3.0
-- Detecting C compiler ABI info
-- Detecting C compiler ABI info - done
-- Check for working C compiler: /usr/bin/cc - skipped
-- Detecting C compile features
-- Detecting C compile features - done
-- Detecting CXX compiler ABI info
-- Detecting CXX compiler ABI info - done
-- Check for working CXX compiler: /usr/bin/c++ - skipped
-- Detecting CXX compile features
-- Detecting CXX compile features - done
-- Found ament_cmake: 2.5.3 (/opt/ros/jazzy/share/ament_cmake/cmake)
-- Found Python3: /usr/bin/python3 (found version "3.12.3") found components: Interpreter 
-- Override CMake install command with custom implementation using symlinks instead of copying resources
-- Found ament_lint_auto: 0.17.2 (/opt/ros/jazzy/share/ament_lint_auto/cmake)
-- Added test 'copyright' to check source files copyright and LICENSE
-- Added test 'flake8' to check Python code syntax and style conventions
-- Configured 'flake8' exclude dirs and/or files: 
-- Added test 'lint_cmake' to check CMake code style
-- Added test 'pep257' to check Python code against some of the docstring style conventions in PEP 257
-- Added test 'xmllint' to check XML markup files
-- Configuring done (1.7s)
-- Generating done (0.0s)
-- Build files have been written to: /home/vvoxel/ros2_ws_mgr/build/ros_gz_sim_demos
-- Install configuration: ""
-- Execute custom install script
-- Symlinking: /home/vvoxel/ros2_ws_mgr/install/ros_gz_sim_demos/share/ros_gz_sim_demos/launch/air_pressure.launch.py
-- Symlinking: /home/vvoxel/ros2_ws_mgr/install/ros_gz_sim_demos/share/ros_gz_sim_demos/launch/battery.launch.py
-- Symlinking: /home/vvoxel/ros2_ws_mgr/install/ros_gz_sim_demos/share/ros_gz_sim_demos/launch/camera.launch.py
-- Symlinking: /home/vvoxel/ros2_ws_mgr/install/ros_gz_sim_demos/share/ros_gz_sim_demos/launch/depth_camera.launch.py
-- Symlinking: /home/vvoxel/ros2_ws_mgr/install/ros_gz_sim_demos/share/ros_gz_sim_demos/launch/diff_drive.launch.py
-- Symlinking: /home/vvoxel/ros2_ws_mgr/install/ros_gz_sim_demos/share/ros_gz_sim_demos/launch/gpu_lidar.launch.py
-- Symlinking: /home/vvoxel/ros2_ws_mgr/install/ros_gz_sim_demos/share/ros_gz_sim_demos/launch/gpu_lidar_bridge.launch.py
-- Symlinking: /home/vvoxel/ros2_ws_mgr/install/ros_gz_sim_demos/share/ros_gz_sim_demos/launch/image_bridge.launch.py
-- Symlinking: /home/vvoxel/ros2_ws_mgr/install/ros_gz_sim_demos/share/ros_gz_sim_demos/launch/imu.launch.py
-- Symlinking: /home/vvoxel/ros2_ws_mgr/install/ros_gz_sim_demos/share/ros_gz_sim_demos/launch/joint_states.launch.py
-- Symlinking: /home/vvoxel/ros2_ws_mgr/install/ros_gz_sim_demos/share/ros_gz_sim_demos/launch/magnetometer.launch.py
-- Symlinking: /home/vvoxel/ros2_ws_mgr/install/ros_gz_sim_demos/share/ros_gz_sim_demos/launch/navsat.launch.py
-- Symlinking: /home/vvoxel/ros2_ws_mgr/install/ros_gz_sim_demos/share/ros_gz_sim_demos/launch/navsat_gpsfix.launch.py
-- Symlinking: /home/vvoxel/ros2_ws_mgr/install/ros_gz_sim_demos/share/ros_gz_sim_demos/launch/rgbd_camera.launch.py
-- Symlinking: /home/vvoxel/ros2_ws_mgr/install/ros_gz_sim_demos/share/ros_gz_sim_demos/launch/rgbd_camera_bridge.launch.py
-- Symlinking: /home/vvoxel/ros2_ws_mgr/install/ros_gz_sim_demos/share/ros_gz_sim_demos/launch/robot_description_publisher.launch.py
-- Symlinking: /home/vvoxel/ros2_ws_mgr/install/ros_gz_sim_demos/share/ros_gz_sim_demos/launch/sdf_parser.launch.py
-- Symlinking: /home/vvoxel/ros2_ws_mgr/install/ros_gz_sim_demos/share/ros_gz_sim_demos/launch/tf_bridge.launch.py
-- Symlinking: /home/vvoxel/ros2_ws_mgr/install/ros_gz_sim_demos/share/ros_gz_sim_demos/launch/triggered_camera.launch.py
-- Symlinking: /home/vvoxel/ros2_ws_mgr/install/ros_gz_sim_demos/share/ros_gz_sim_demos/rviz/camera.rviz
-- Symlinking: /home/vvoxel/ros2_ws_mgr/install/ros_gz_sim_demos/share/ros_gz_sim_demos/rviz/depth_camera.rviz
-- Symlinking: /home/vvoxel/ros2_ws_mgr/install/ros_gz_sim_demos/share/ros_gz_sim_demos/rviz/diff_drive.rviz
-- Symlinking: /home/vvoxel/ros2_ws_mgr/install/ros_gz_sim_demos/share/ros_gz_sim_demos/rviz/gpu_lidar.rviz
-- Symlinking: /home/vvoxel/ros2_ws_mgr/install/ros_gz_sim_demos/share/ros_gz_sim_demos/rviz/gpu_lidar_bridge.rviz
-- Symlinking: /home/vvoxel/ros2_ws_mgr/install/ros_gz_sim_demos/share/ros_gz_sim_demos/rviz/imu.rviz
-- Symlinking: /home/vvoxel/ros2_ws_mgr/install/ros_gz_sim_demos/share/ros_gz_sim_demos/rviz/joint_states.rviz
-- Symlinking: /home/vvoxel/ros2_ws_mgr/install/ros_gz_sim_demos/share/ros_gz_sim_demos/rviz/rgbd_camera.rviz
-- Symlinking: /home/vvoxel/ros2_ws_mgr/install/ros_gz_sim_demos/share/ros_gz_sim_demos/rviz/rgbd_camera_bridge.rviz
-- Symlinking: /home/vvoxel/ros2_ws_mgr/install/ros_gz_sim_demos/share/ros_gz_sim_demos/rviz/robot_description_publisher.rviz
-- Symlinking: /home/vvoxel/ros2_ws_mgr/install/ros_gz_sim_demos/share/ros_gz_sim_demos/rviz/tf_bridge.rviz
-- Symlinking: /home/vvoxel/ros2_ws_mgr/install/ros_gz_sim_demos/share/ros_gz_sim_demos/rviz/vehicle.rviz
-- Symlinking: /home/vvoxel/ros2_ws_mgr/install/ros_gz_sim_demos/share/ros_gz_sim_demos/models/double_pendulum_model.sdf
-- Symlinking: /home/vvoxel/ros2_ws_mgr/install/ros_gz_sim_demos/share/ros_gz_sim_demos/models/rrbot.xacro
-- Symlinking: /home/vvoxel/ros2_ws_mgr/install/ros_gz_sim_demos/share/ros_gz_sim_demos/models/vehicle/model.config
-- Symlinking: /home/vvoxel/ros2_ws_mgr/install/ros_gz_sim_demos/share/ros_gz_sim_demos/models/vehicle/model.sdf
-- Symlinking: /home/vvoxel/ros2_ws_mgr/install/ros_gz_sim_demos/share/ros_gz_sim_demos/worlds/vehicle.sdf
-- Symlinking: /home/vvoxel/ros2_ws_mgr/install/ros_gz_sim_demos/share/ros_gz_sim_demos/environment/ros_gz_sim_demos.dsv
-- Symlinking: /home/vvoxel/ros2_ws_mgr/install/ros_gz_sim_demos/share/ament_index/resource_index/package_run_dependencies/ros_gz_sim_demos
-- Symlinking: /home/vvoxel/ros2_ws_mgr/install/ros_gz_sim_demos/share/ament_index/resource_index/parent_prefix_path/ros_gz_sim_demos
-- Symlinking: /home/vvoxel/ros2_ws_mgr/install/ros_gz_sim_demos/share/ros_gz_sim_demos/environment/ament_prefix_path.sh
-- Symlinking: /home/vvoxel/ros2_ws_mgr/install/ros_gz_sim_demos/share/ros_gz_sim_demos/environment/ament_prefix_path.dsv
-- Symlinking: /home/vvoxel/ros2_ws_mgr/install/ros_gz_sim_demos/share/ros_gz_sim_demos/environment/path.sh
-- Symlinking: /home/vvoxel/ros2_ws_mgr/install/ros_gz_sim_demos/share/ros_gz_sim_demos/environment/path.dsv
-- Symlinking: /home/vvoxel/ros2_ws_mgr/install/ros_gz_sim_demos/share/ros_gz_sim_demos/local_setup.bash
-- Symlinking: /home/vvoxel/ros2_ws_mgr/install/ros_gz_sim_demos/share/ros_gz_sim_demos/local_setup.sh
-- Symlinking: /home/vvoxel/ros2_ws_mgr/install/ros_gz_sim_demos/share/ros_gz_sim_demos/local_setup.zsh
-- Symlinking: /home/vvoxel/ros2_ws_mgr/install/ros_gz_sim_demos/share/ros_gz_sim_demos/local_setup.dsv
-- Symlinking: /home/vvoxel/ros2_ws_mgr/install/ros_gz_sim_demos/share/ros_gz_sim_demos/package.dsv
-- Symlinking: /home/vvoxel/ros2_ws_mgr/install/ros_gz_sim_demos/share/ament_index/resource_index/packages/ros_gz_sim_demos
-- Symlinking: /home/vvoxel/ros2_ws_mgr/install/ros_gz_sim_demos/share/ros_gz_sim_demos/cmake/ros_gz_sim_demosConfig.cmake
-- Symlinking: /home/vvoxel/ros2_ws_mgr/install/ros_gz_sim_demos/share/ros_gz_sim_demos/cmake/ros_gz_sim_demosConfig-version.cmake
-- Symlinking: /home/vvoxel/ros2_ws_mgr/install/ros_gz_sim_demos/share/ros_gz_sim_demos/package.xml
