[0.108s] Invoking command in '/home/vvoxel/ros2_ws_mgr/build/ros_gz_interfaces': CMAKE_PREFIX_PATH=/home/vvoxel/ros2_ws_mgr/install/sim_launcher:/opt/ros/jazzy:${CMAKE_PREFIX_PATH} DEBUGINFOD_URLS=https://debuginfod.ubuntu.com /usr/bin/cmake --build /home/vvoxel/ros2_ws_mgr/build/ros_gz_interfaces -- -j8 -l8
[0.446s] [  0%] Built target ament_cmake_python_symlink_ros_gz_interfaces
[0.486s] [  0%] Built target ros_gz_interfaces__rosidl_generator_type_description
[0.818s] [ 28%] Built target ros_gz_interfaces__rosidl_generator_c
[0.832s] [ 28%] Built target ros_gz_interfaces__cpp
[1.099s] [ 38%] Built target ros_gz_interfaces__rosidl_typesupport_c
[1.129s] [ 47%] Built target ros_gz_interfaces__rosidl_typesupport_introspection_c
[1.198s] [ 57%] Built target ros_gz_interfaces__rosidl_typesupport_introspection_cpp
[1.286s] [ 67%] Built target ros_gz_interfaces__rosidl_typesupport_fastrtps_c
[1.445s] [ 77%] Built target ros_gz_interfaces__rosidl_typesupport_cpp
[1.448s] [ 87%] Built target ros_gz_interfaces__rosidl_typesupport_fastrtps_cpp
[1.591s] [ 87%] Built target ros_gz_interfaces
[1.868s] [ 87%] Built target ros_gz_interfaces__py
[2.099s] running egg_info
[2.102s] [ 97%] Built target ros_gz_interfaces__rosidl_generator_py
[2.252s] [ 98%] Built target ros_gz_interfaces_s__rosidl_typesupport_introspection_c
[2.274s] writing ros_gz_interfaces.egg-info/PKG-INFO
[2.276s] writing dependency_links to ros_gz_interfaces.egg-info/dependency_links.txt
[2.277s] writing top-level names to ros_gz_interfaces.egg-info/top_level.txt
[2.279s] [ 99%] Built target ros_gz_interfaces_s__rosidl_typesupport_fastrtps_c
[2.280s] [100%] Built target ros_gz_interfaces_s__rosidl_typesupport_c
[2.605s] reading manifest file 'ros_gz_interfaces.egg-info/SOURCES.txt'
[2.609s] writing manifest file 'ros_gz_interfaces.egg-info/SOURCES.txt'
[2.733s] [100%] Built target ament_cmake_python_build_ros_gz_interfaces_egg
[2.834s] Invoked command in '/home/vvoxel/ros2_ws_mgr/build/ros_gz_interfaces' returned '0': CMAKE_PREFIX_PATH=/home/vvoxel/ros2_ws_mgr/install/sim_launcher:/opt/ros/jazzy:${CMAKE_PREFIX_PATH} DEBUGINFOD_URLS=https://debuginfod.ubuntu.com /usr/bin/cmake --build /home/vvoxel/ros2_ws_mgr/build/ros_gz_interfaces -- -j8 -l8
[2.892s] Invoking command in '/home/vvoxel/ros2_ws_mgr/build/ros_gz_interfaces': CMAKE_PREFIX_PATH=/home/vvoxel/ros2_ws_mgr/install/sim_launcher:/opt/ros/jazzy:${CMAKE_PREFIX_PATH} DEBUGINFOD_URLS=https://debuginfod.ubuntu.com /usr/bin/cmake --install /home/vvoxel/ros2_ws_mgr/build/ros_gz_interfaces
[2.947s] -- Install configuration: ""
[2.948s] -- Execute custom install script
[2.948s] -- Up-to-date symlink: /home/vvoxel/ros2_ws_mgr/install/ros_gz_interfaces/share/ament_index/resource_index/rosidl_interfaces/ros_gz_interfaces
[2.949s] -- Up-to-date symlink: /home/vvoxel/ros2_ws_mgr/install/ros_gz_interfaces/share/ros_gz_interfaces/msg/Altimeter.json
[2.949s] -- Up-to-date symlink: /home/vvoxel/ros2_ws_mgr/install/ros_gz_interfaces/share/ros_gz_interfaces/msg/Contact.json
[2.955s] -- Up-to-date symlink: /home/vvoxel/ros2_ws_mgr/install/ros_gz_interfaces/share/ros_gz_interfaces/msg/Contacts.json
[2.956s] -- Up-to-date symlink: /home/vvoxel/ros2_ws_mgr/install/ros_gz_interfaces/share/ros_gz_interfaces/msg/Dataframe.json
[2.956s] -- Up-to-date symlink: /home/vvoxel/ros2_ws_mgr/install/ros_gz_interfaces/share/ros_gz_interfaces/msg/Entity.json
[2.957s] -- Up-to-date symlink: /home/vvoxel/ros2_ws_mgr/install/ros_gz_interfaces/share/ros_gz_interfaces/msg/EntityFactory.json
[2.957s] -- Up-to-date symlink: /home/vvoxel/ros2_ws_mgr/install/ros_gz_interfaces/share/ros_gz_interfaces/msg/EntityWrench.json
[2.957s] -- Up-to-date symlink: /home/vvoxel/ros2_ws_mgr/install/ros_gz_interfaces/share/ros_gz_interfaces/msg/Float32Array.json
[2.958s] -- Up-to-date symlink: /home/vvoxel/ros2_ws_mgr/install/ros_gz_interfaces/share/ros_gz_interfaces/msg/GuiCamera.json
[2.959s] -- Up-to-date symlink: /home/vvoxel/ros2_ws_mgr/install/ros_gz_interfaces/share/ros_gz_interfaces/msg/JointWrench.json
[2.959s] -- Up-to-date symlink: /home/vvoxel/ros2_ws_mgr/install/ros_gz_interfaces/share/ros_gz_interfaces/msg/Light.json
[2.960s] -- Up-to-date symlink: /home/vvoxel/ros2_ws_mgr/install/ros_gz_interfaces/share/ros_gz_interfaces/msg/LogicalCameraImage.json
[2.960s] -- Up-to-date symlink: /home/vvoxel/ros2_ws_mgr/install/ros_gz_interfaces/share/ros_gz_interfaces/msg/LogicalCameraImageModel.json
[2.960s] -- Up-to-date symlink: /home/vvoxel/ros2_ws_mgr/install/ros_gz_interfaces/share/ros_gz_interfaces/msg/MaterialColor.json
[2.961s] -- Up-to-date symlink: /home/vvoxel/ros2_ws_mgr/install/ros_gz_interfaces/share/ros_gz_interfaces/msg/ParamVec.json
[2.961s] -- Up-to-date symlink: /home/vvoxel/ros2_ws_mgr/install/ros_gz_interfaces/share/ros_gz_interfaces/msg/SensorNoise.json
[2.961s] -- Up-to-date symlink: /home/vvoxel/ros2_ws_mgr/install/ros_gz_interfaces/share/ros_gz_interfaces/msg/StringVec.json
[2.962s] -- Up-to-date symlink: /home/vvoxel/ros2_ws_mgr/install/ros_gz_interfaces/share/ros_gz_interfaces/msg/TrackVisual.json
[2.962s] -- Up-to-date symlink: /home/vvoxel/ros2_ws_mgr/install/ros_gz_interfaces/share/ros_gz_interfaces/msg/VideoRecord.json
[2.962s] -- Up-to-date symlink: /home/vvoxel/ros2_ws_mgr/install/ros_gz_interfaces/share/ros_gz_interfaces/msg/WorldControl.json
[2.963s] -- Up-to-date symlink: /home/vvoxel/ros2_ws_mgr/install/ros_gz_interfaces/share/ros_gz_interfaces/msg/WorldReset.json
[2.963s] -- Up-to-date symlink: /home/vvoxel/ros2_ws_mgr/install/ros_gz_interfaces/share/ros_gz_interfaces/srv/ControlWorld.json
[2.964s] -- Up-to-date symlink: /home/vvoxel/ros2_ws_mgr/install/ros_gz_interfaces/share/ros_gz_interfaces/srv/DeleteEntity.json
[2.964s] -- Up-to-date symlink: /home/vvoxel/ros2_ws_mgr/install/ros_gz_interfaces/share/ros_gz_interfaces/srv/SetEntityPose.json
[2.964s] -- Up-to-date symlink: /home/vvoxel/ros2_ws_mgr/install/ros_gz_interfaces/share/ros_gz_interfaces/srv/SpawnEntity.json
[2.966s] -- Up-to-date symlink: /home/vvoxel/ros2_ws_mgr/install/ros_gz_interfaces/include/ros_gz_interfaces/ros_gz_interfaces/msg/altimeter.h
[2.966s] -- Up-to-date symlink: /home/vvoxel/ros2_ws_mgr/install/ros_gz_interfaces/include/ros_gz_interfaces/ros_gz_interfaces/msg/contact.h
[2.967s] -- Up-to-date symlink: /home/vvoxel/ros2_ws_mgr/install/ros_gz_interfaces/include/ros_gz_interfaces/ros_gz_interfaces/msg/contacts.h
[2.970s] -- Up-to-date symlink: /home/vvoxel/ros2_ws_mgr/install/ros_gz_interfaces/include/ros_gz_interfaces/ros_gz_interfaces/msg/dataframe.h
[2.971s] -- Up-to-date symlink: /home/vvoxel/ros2_ws_mgr/install/ros_gz_interfaces/include/ros_gz_interfaces/ros_gz_interfaces/msg/detail/altimeter__functions.h
[2.971s] -- Up-to-date symlink: /home/vvoxel/ros2_ws_mgr/install/ros_gz_interfaces/include/ros_gz_interfaces/ros_gz_interfaces/msg/detail/altimeter__struct.h
[2.972s] -- Up-to-date symlink: /home/vvoxel/ros2_ws_mgr/install/ros_gz_interfaces/include/ros_gz_interfaces/ros_gz_interfaces/msg/detail/altimeter__type_support.h
[2.972s] -- Up-to-date symlink: /home/vvoxel/ros2_ws_mgr/install/ros_gz_interfaces/include/ros_gz_interfaces/ros_gz_interfaces/msg/detail/contact__functions.h
[2.973s] -- Up-to-date symlink: /home/vvoxel/ros2_ws_mgr/install/ros_gz_interfaces/include/ros_gz_interfaces/ros_gz_interfaces/msg/detail/contact__struct.h
[2.973s] -- Up-to-date symlink: /home/vvoxel/ros2_ws_mgr/install/ros_gz_interfaces/include/ros_gz_interfaces/ros_gz_interfaces/msg/detail/contact__type_support.h
[2.981s] -- Up-to-date symlink: /home/vvoxel/ros2_ws_mgr/install/ros_gz_interfaces/include/ros_gz_interfaces/ros_gz_interfaces/msg/detail/contacts__functions.h
[2.983s] -- Up-to-date symlink: /home/vvoxel/ros2_ws_mgr/install/ros_gz_interfaces/include/ros_gz_interfaces/ros_gz_interfaces/msg/detail/contacts__struct.h
[2.985s] -- Up-to-date symlink: /home/vvoxel/ros2_ws_mgr/install/ros_gz_interfaces/include/ros_gz_interfaces/ros_gz_interfaces/msg/detail/contacts__type_support.h
[2.985s] -- Up-to-date symlink: /home/vvoxel/ros2_ws_mgr/install/ros_gz_interfaces/include/ros_gz_interfaces/ros_gz_interfaces/msg/detail/dataframe__functions.h
[2.987s] -- Up-to-date symlink: /home/vvoxel/ros2_ws_mgr/install/ros_gz_interfaces/include/ros_gz_interfaces/ros_gz_interfaces/msg/detail/dataframe__struct.h
[2.987s] -- Up-to-date symlink: /home/vvoxel/ros2_ws_mgr/install/ros_gz_interfaces/include/ros_gz_interfaces/ros_gz_interfaces/msg/detail/dataframe__type_support.h
[2.988s] -- Up-to-date symlink: /home/vvoxel/ros2_ws_mgr/install/ros_gz_interfaces/include/ros_gz_interfaces/ros_gz_interfaces/msg/detail/entity__functions.h
[2.989s] -- Up-to-date symlink: /home/vvoxel/ros2_ws_mgr/install/ros_gz_interfaces/include/ros_gz_interfaces/ros_gz_interfaces/msg/detail/entity__struct.h
[2.989s] -- Up-to-date symlink: /home/vvoxel/ros2_ws_mgr/install/ros_gz_interfaces/include/ros_gz_interfaces/ros_gz_interfaces/msg/detail/entity__type_support.h
[2.989s] -- Up-to-date symlink: /home/vvoxel/ros2_ws_mgr/install/ros_gz_interfaces/include/ros_gz_interfaces/ros_gz_interfaces/msg/detail/entity_factory__functions.h
[2.990s] -- Up-to-date symlink: /home/vvoxel/ros2_ws_mgr/install/ros_gz_interfaces/include/ros_gz_interfaces/ros_gz_interfaces/msg/detail/entity_factory__struct.h
[2.990s] -- Up-to-date symlink: /home/vvoxel/ros2_ws_mgr/install/ros_gz_interfaces/include/ros_gz_interfaces/ros_gz_interfaces/msg/detail/entity_factory__type_support.h
[2.990s] -- Up-to-date symlink: /home/vvoxel/ros2_ws_mgr/install/ros_gz_interfaces/include/ros_gz_interfaces/ros_gz_interfaces/msg/detail/entity_wrench__functions.h
[2.991s] -- Up-to-date symlink: /home/vvoxel/ros2_ws_mgr/install/ros_gz_interfaces/include/ros_gz_interfaces/ros_gz_interfaces/msg/detail/entity_wrench__struct.h
[2.991s] -- Up-to-date symlink: /home/vvoxel/ros2_ws_mgr/install/ros_gz_interfaces/include/ros_gz_interfaces/ros_gz_interfaces/msg/detail/entity_wrench__type_support.h
[2.991s] -- Up-to-date symlink: /home/vvoxel/ros2_ws_mgr/install/ros_gz_interfaces/include/ros_gz_interfaces/ros_gz_interfaces/msg/detail/float32_array__functions.h
[2.992s] -- Up-to-date symlink: /home/vvoxel/ros2_ws_mgr/install/ros_gz_interfaces/include/ros_gz_interfaces/ros_gz_interfaces/msg/detail/float32_array__struct.h
[2.992s] -- Up-to-date symlink: /home/vvoxel/ros2_ws_mgr/install/ros_gz_interfaces/include/ros_gz_interfaces/ros_gz_interfaces/msg/detail/float32_array__type_support.h
[2.992s] -- Up-to-date symlink: /home/vvoxel/ros2_ws_mgr/install/ros_gz_interfaces/include/ros_gz_interfaces/ros_gz_interfaces/msg/detail/gui_camera__functions.h
[2.992s] -- Up-to-date symlink: /home/vvoxel/ros2_ws_mgr/install/ros_gz_interfaces/include/ros_gz_interfaces/ros_gz_interfaces/msg/detail/gui_camera__struct.h
[2.993s] -- Up-to-date symlink: /home/vvoxel/ros2_ws_mgr/install/ros_gz_interfaces/include/ros_gz_interfaces/ros_gz_interfaces/msg/detail/gui_camera__type_support.h
[2.993s] -- Up-to-date symlink: /home/vvoxel/ros2_ws_mgr/install/ros_gz_interfaces/include/ros_gz_interfaces/ros_gz_interfaces/msg/detail/joint_wrench__functions.h
[2.994s] -- Up-to-date symlink: /home/vvoxel/ros2_ws_mgr/install/ros_gz_interfaces/include/ros_gz_interfaces/ros_gz_interfaces/msg/detail/joint_wrench__struct.h
[2.994s] -- Up-to-date symlink: /home/vvoxel/ros2_ws_mgr/install/ros_gz_interfaces/include/ros_gz_interfaces/ros_gz_interfaces/msg/detail/joint_wrench__type_support.h
[2.995s] -- Up-to-date symlink: /home/vvoxel/ros2_ws_mgr/install/ros_gz_interfaces/include/ros_gz_interfaces/ros_gz_interfaces/msg/detail/light__functions.h
[2.995s] -- Up-to-date symlink: /home/vvoxel/ros2_ws_mgr/install/ros_gz_interfaces/include/ros_gz_interfaces/ros_gz_interfaces/msg/detail/light__struct.h
[2.995s] -- Up-to-date symlink: /home/vvoxel/ros2_ws_mgr/install/ros_gz_interfaces/include/ros_gz_interfaces/ros_gz_interfaces/msg/detail/light__type_support.h
[2.996s] -- Up-to-date symlink: /home/vvoxel/ros2_ws_mgr/install/ros_gz_interfaces/include/ros_gz_interfaces/ros_gz_interfaces/msg/detail/logical_camera_image__functions.h
[2.996s] -- Up-to-date symlink: /home/vvoxel/ros2_ws_mgr/install/ros_gz_interfaces/include/ros_gz_interfaces/ros_gz_interfaces/msg/detail/logical_camera_image__struct.h
[2.998s] -- Up-to-date symlink: /home/vvoxel/ros2_ws_mgr/install/ros_gz_interfaces/include/ros_gz_interfaces/ros_gz_interfaces/msg/detail/logical_camera_image__type_support.h
[2.999s] -- Up-to-date symlink: /home/vvoxel/ros2_ws_mgr/install/ros_gz_interfaces/include/ros_gz_interfaces/ros_gz_interfaces/msg/detail/logical_camera_image_model__functions.h
[2.999s] -- Up-to-date symlink: /home/vvoxel/ros2_ws_mgr/install/ros_gz_interfaces/include/ros_gz_interfaces/ros_gz_interfaces/msg/detail/logical_camera_image_model__struct.h
[3.001s] -- Up-to-date symlink: /home/vvoxel/ros2_ws_mgr/install/ros_gz_interfaces/include/ros_gz_interfaces/ros_gz_interfaces/msg/detail/logical_camera_image_model__type_support.h
[3.001s] -- Up-to-date symlink: /home/vvoxel/ros2_ws_mgr/install/ros_gz_interfaces/include/ros_gz_interfaces/ros_gz_interfaces/msg/detail/material_color__functions.h
[3.002s] -- Up-to-date symlink: /home/vvoxel/ros2_ws_mgr/install/ros_gz_interfaces/include/ros_gz_interfaces/ros_gz_interfaces/msg/detail/material_color__struct.h
[3.002s] -- Up-to-date symlink: /home/vvoxel/ros2_ws_mgr/install/ros_gz_interfaces/include/ros_gz_interfaces/ros_gz_interfaces/msg/detail/material_color__type_support.h
[3.003s] -- Up-to-date symlink: /home/vvoxel/ros2_ws_mgr/install/ros_gz_interfaces/include/ros_gz_interfaces/ros_gz_interfaces/msg/detail/param_vec__functions.h
[3.003s] -- Up-to-date symlink: /home/vvoxel/ros2_ws_mgr/install/ros_gz_interfaces/include/ros_gz_interfaces/ros_gz_interfaces/msg/detail/param_vec__struct.h
[3.005s] -- Up-to-date symlink: /home/vvoxel/ros2_ws_mgr/install/ros_gz_interfaces/include/ros_gz_interfaces/ros_gz_interfaces/msg/detail/param_vec__type_support.h
[3.006s] -- Up-to-date symlink: /home/vvoxel/ros2_ws_mgr/install/ros_gz_interfaces/include/ros_gz_interfaces/ros_gz_interfaces/msg/detail/sensor_noise__functions.h
[3.008s] -- Up-to-date symlink: /home/vvoxel/ros2_ws_mgr/install/ros_gz_interfaces/include/ros_gz_interfaces/ros_gz_interfaces/msg/detail/sensor_noise__struct.h
[3.008s] -- Up-to-date symlink: /home/vvoxel/ros2_ws_mgr/install/ros_gz_interfaces/include/ros_gz_interfaces/ros_gz_interfaces/msg/detail/sensor_noise__type_support.h
[3.009s] -- Up-to-date symlink: /home/vvoxel/ros2_ws_mgr/install/ros_gz_interfaces/include/ros_gz_interfaces/ros_gz_interfaces/msg/detail/string_vec__functions.h
[3.010s] -- Up-to-date symlink: /home/vvoxel/ros2_ws_mgr/install/ros_gz_interfaces/include/ros_gz_interfaces/ros_gz_interfaces/msg/detail/string_vec__struct.h
[3.010s] -- Up-to-date symlink: /home/vvoxel/ros2_ws_mgr/install/ros_gz_interfaces/include/ros_gz_interfaces/ros_gz_interfaces/msg/detail/string_vec__type_support.h
[3.011s] -- Up-to-date symlink: /home/vvoxel/ros2_ws_mgr/install/ros_gz_interfaces/include/ros_gz_interfaces/ros_gz_interfaces/msg/detail/track_visual__functions.h
[3.012s] -- Up-to-date symlink: /home/vvoxel/ros2_ws_mgr/install/ros_gz_interfaces/include/ros_gz_interfaces/ros_gz_interfaces/msg/detail/track_visual__struct.h
[3.012s] -- Up-to-date symlink: /home/vvoxel/ros2_ws_mgr/install/ros_gz_interfaces/include/ros_gz_interfaces/ros_gz_interfaces/msg/detail/track_visual__type_support.h
[3.012s] -- Up-to-date symlink: /home/vvoxel/ros2_ws_mgr/install/ros_gz_interfaces/include/ros_gz_interfaces/ros_gz_interfaces/msg/detail/video_record__functions.h
[3.013s] -- Up-to-date symlink: /home/vvoxel/ros2_ws_mgr/install/ros_gz_interfaces/include/ros_gz_interfaces/ros_gz_interfaces/msg/detail/video_record__struct.h
[3.013s] -- Up-to-date symlink: /home/vvoxel/ros2_ws_mgr/install/ros_gz_interfaces/include/ros_gz_interfaces/ros_gz_interfaces/msg/detail/video_record__type_support.h
[3.013s] -- Up-to-date symlink: /home/vvoxel/ros2_ws_mgr/install/ros_gz_interfaces/include/ros_gz_interfaces/ros_gz_interfaces/msg/detail/world_control__functions.h
[3.013s] -- Up-to-date symlink: /home/vvoxel/ros2_ws_mgr/install/ros_gz_interfaces/include/ros_gz_interfaces/ros_gz_interfaces/msg/detail/world_control__struct.h
[3.014s] -- Up-to-date symlink: /home/vvoxel/ros2_ws_mgr/install/ros_gz_interfaces/include/ros_gz_interfaces/ros_gz_interfaces/msg/detail/world_control__type_support.h
[3.015s] -- Up-to-date symlink: /home/vvoxel/ros2_ws_mgr/install/ros_gz_interfaces/include/ros_gz_interfaces/ros_gz_interfaces/msg/detail/world_reset__functions.h
[3.015s] -- Up-to-date symlink: /home/vvoxel/ros2_ws_mgr/install/ros_gz_interfaces/include/ros_gz_interfaces/ros_gz_interfaces/msg/detail/world_reset__struct.h
[3.016s] -- Up-to-date symlink: /home/vvoxel/ros2_ws_mgr/install/ros_gz_interfaces/include/ros_gz_interfaces/ros_gz_interfaces/msg/detail/world_reset__type_support.h
[3.016s] -- Up-to-date symlink: /home/vvoxel/ros2_ws_mgr/install/ros_gz_interfaces/include/ros_gz_interfaces/ros_gz_interfaces/msg/entity.h
[3.017s] -- Up-to-date symlink: /home/vvoxel/ros2_ws_mgr/install/ros_gz_interfaces/include/ros_gz_interfaces/ros_gz_interfaces/msg/entity_factory.h
[3.017s] -- Up-to-date symlink: /home/vvoxel/ros2_ws_mgr/install/ros_gz_interfaces/include/ros_gz_interfaces/ros_gz_interfaces/msg/entity_wrench.h
[3.018s] -- Up-to-date symlink: /home/vvoxel/ros2_ws_mgr/install/ros_gz_interfaces/include/ros_gz_interfaces/ros_gz_interfaces/msg/float32_array.h
[3.019s] -- Up-to-date symlink: /home/vvoxel/ros2_ws_mgr/install/ros_gz_interfaces/include/ros_gz_interfaces/ros_gz_interfaces/msg/gui_camera.h
[3.019s] -- Up-to-date symlink: /home/vvoxel/ros2_ws_mgr/install/ros_gz_interfaces/include/ros_gz_interfaces/ros_gz_interfaces/msg/joint_wrench.h
[3.019s] -- Up-to-date symlink: /home/vvoxel/ros2_ws_mgr/install/ros_gz_interfaces/include/ros_gz_interfaces/ros_gz_interfaces/msg/light.h
[3.020s] -- Up-to-date symlink: /home/vvoxel/ros2_ws_mgr/install/ros_gz_interfaces/include/ros_gz_interfaces/ros_gz_interfaces/msg/logical_camera_image.h
[3.020s] -- Up-to-date symlink: /home/vvoxel/ros2_ws_mgr/install/ros_gz_interfaces/include/ros_gz_interfaces/ros_gz_interfaces/msg/logical_camera_image_model.h
[3.021s] -- Up-to-date symlink: /home/vvoxel/ros2_ws_mgr/install/ros_gz_interfaces/include/ros_gz_interfaces/ros_gz_interfaces/msg/material_color.h
[3.021s] -- Up-to-date symlink: /home/vvoxel/ros2_ws_mgr/install/ros_gz_interfaces/include/ros_gz_interfaces/ros_gz_interfaces/msg/param_vec.h
[3.022s] -- Up-to-date symlink: /home/vvoxel/ros2_ws_mgr/install/ros_gz_interfaces/include/ros_gz_interfaces/ros_gz_interfaces/msg/rosidl_generator_c__visibility_control.h
[3.023s] -- Up-to-date symlink: /home/vvoxel/ros2_ws_mgr/install/ros_gz_interfaces/include/ros_gz_interfaces/ros_gz_interfaces/msg/sensor_noise.h
[3.023s] -- Up-to-date symlink: /home/vvoxel/ros2_ws_mgr/install/ros_gz_interfaces/include/ros_gz_interfaces/ros_gz_interfaces/msg/string_vec.h
[3.024s] -- Up-to-date symlink: /home/vvoxel/ros2_ws_mgr/install/ros_gz_interfaces/include/ros_gz_interfaces/ros_gz_interfaces/msg/track_visual.h
[3.024s] -- Up-to-date symlink: /home/vvoxel/ros2_ws_mgr/install/ros_gz_interfaces/include/ros_gz_interfaces/ros_gz_interfaces/msg/video_record.h
[3.025s] -- Up-to-date symlink: /home/vvoxel/ros2_ws_mgr/install/ros_gz_interfaces/include/ros_gz_interfaces/ros_gz_interfaces/msg/world_control.h
[3.025s] -- Up-to-date symlink: /home/vvoxel/ros2_ws_mgr/install/ros_gz_interfaces/include/ros_gz_interfaces/ros_gz_interfaces/msg/world_reset.h
[3.026s] -- Up-to-date symlink: /home/vvoxel/ros2_ws_mgr/install/ros_gz_interfaces/include/ros_gz_interfaces/ros_gz_interfaces/srv/control_world.h
[3.027s] -- Up-to-date symlink: /home/vvoxel/ros2_ws_mgr/install/ros_gz_interfaces/include/ros_gz_interfaces/ros_gz_interfaces/srv/delete_entity.h
[3.027s] -- Up-to-date symlink: /home/vvoxel/ros2_ws_mgr/install/ros_gz_interfaces/include/ros_gz_interfaces/ros_gz_interfaces/srv/detail/control_world__functions.h
[3.028s] -- Up-to-date symlink: /home/vvoxel/ros2_ws_mgr/install/ros_gz_interfaces/include/ros_gz_interfaces/ros_gz_interfaces/srv/detail/control_world__struct.h
[3.028s] -- Up-to-date symlink: /home/vvoxel/ros2_ws_mgr/install/ros_gz_interfaces/include/ros_gz_interfaces/ros_gz_interfaces/srv/detail/control_world__type_support.h
[3.029s] -- Up-to-date symlink: /home/vvoxel/ros2_ws_mgr/install/ros_gz_interfaces/include/ros_gz_interfaces/ros_gz_interfaces/srv/detail/delete_entity__functions.h
[3.029s] -- Up-to-date symlink: /home/vvoxel/ros2_ws_mgr/install/ros_gz_interfaces/include/ros_gz_interfaces/ros_gz_interfaces/srv/detail/delete_entity__struct.h
[3.030s] -- Up-to-date symlink: /home/vvoxel/ros2_ws_mgr/install/ros_gz_interfaces/include/ros_gz_interfaces/ros_gz_interfaces/srv/detail/delete_entity__type_support.h
[3.030s] -- Up-to-date symlink: /home/vvoxel/ros2_ws_mgr/install/ros_gz_interfaces/include/ros_gz_interfaces/ros_gz_interfaces/srv/detail/set_entity_pose__functions.h
[3.031s] -- Up-to-date symlink: /home/vvoxel/ros2_ws_mgr/install/ros_gz_interfaces/include/ros_gz_interfaces/ros_gz_interfaces/srv/detail/set_entity_pose__struct.h
[3.031s] -- Up-to-date symlink: /home/vvoxel/ros2_ws_mgr/install/ros_gz_interfaces/include/ros_gz_interfaces/ros_gz_interfaces/srv/detail/set_entity_pose__type_support.h
[3.031s] -- Up-to-date symlink: /home/vvoxel/ros2_ws_mgr/install/ros_gz_interfaces/include/ros_gz_interfaces/ros_gz_interfaces/srv/detail/spawn_entity__functions.h
[3.032s] -- Up-to-date symlink: /home/vvoxel/ros2_ws_mgr/install/ros_gz_interfaces/include/ros_gz_interfaces/ros_gz_interfaces/srv/detail/spawn_entity__struct.h
[3.032s] -- Up-to-date symlink: /home/vvoxel/ros2_ws_mgr/install/ros_gz_interfaces/include/ros_gz_interfaces/ros_gz_interfaces/srv/detail/spawn_entity__type_support.h
[3.032s] -- Up-to-date symlink: /home/vvoxel/ros2_ws_mgr/install/ros_gz_interfaces/include/ros_gz_interfaces/ros_gz_interfaces/srv/set_entity_pose.h
[3.032s] -- Up-to-date symlink: /home/vvoxel/ros2_ws_mgr/install/ros_gz_interfaces/include/ros_gz_interfaces/ros_gz_interfaces/srv/spawn_entity.h
[3.033s] -- Up-to-date symlink: /home/vvoxel/ros2_ws_mgr/install/ros_gz_interfaces/share/ros_gz_interfaces/environment/library_path.sh
[3.034s] -- Up-to-date symlink: /home/vvoxel/ros2_ws_mgr/install/ros_gz_interfaces/share/ros_gz_interfaces/environment/library_path.dsv
[3.034s] -- Up-to-date symlink: /home/vvoxel/ros2_ws_mgr/install/ros_gz_interfaces/include/ros_gz_interfaces/ros_gz_interfaces/msg/detail/altimeter__rosidl_typesupport_fastrtps_c.h
[3.034s] -- Up-to-date symlink: /home/vvoxel/ros2_ws_mgr/install/ros_gz_interfaces/include/ros_gz_interfaces/ros_gz_interfaces/msg/detail/contact__rosidl_typesupport_fastrtps_c.h
[3.034s] -- Up-to-date symlink: /home/vvoxel/ros2_ws_mgr/install/ros_gz_interfaces/include/ros_gz_interfaces/ros_gz_interfaces/msg/detail/contacts__rosidl_typesupport_fastrtps_c.h
[3.035s] -- Up-to-date symlink: /home/vvoxel/ros2_ws_mgr/install/ros_gz_interfaces/include/ros_gz_interfaces/ros_gz_interfaces/msg/detail/dataframe__rosidl_typesupport_fastrtps_c.h
[3.035s] -- Up-to-date symlink: /home/vvoxel/ros2_ws_mgr/install/ros_gz_interfaces/include/ros_gz_interfaces/ros_gz_interfaces/msg/detail/entity__rosidl_typesupport_fastrtps_c.h
[3.035s] -- Up-to-date symlink: /home/vvoxel/ros2_ws_mgr/install/ros_gz_interfaces/include/ros_gz_interfaces/ros_gz_interfaces/msg/detail/entity_factory__rosidl_typesupport_fastrtps_c.h
[3.035s] -- Up-to-date symlink: /home/vvoxel/ros2_ws_mgr/install/ros_gz_interfaces/include/ros_gz_interfaces/ros_gz_interfaces/msg/detail/entity_wrench__rosidl_typesupport_fastrtps_c.h
[3.035s] -- Up-to-date symlink: /home/vvoxel/ros2_ws_mgr/install/ros_gz_interfaces/include/ros_gz_interfaces/ros_gz_interfaces/msg/detail/float32_array__rosidl_typesupport_fastrtps_c.h
[3.036s] -- Up-to-date symlink: /home/vvoxel/ros2_ws_mgr/install/ros_gz_interfaces/include/ros_gz_interfaces/ros_gz_interfaces/msg/detail/gui_camera__rosidl_typesupport_fastrtps_c.h
[3.036s] -- Up-to-date symlink: /home/vvoxel/ros2_ws_mgr/install/ros_gz_interfaces/include/ros_gz_interfaces/ros_gz_interfaces/msg/detail/joint_wrench__rosidl_typesupport_fastrtps_c.h
[3.036s] -- Up-to-date symlink: /home/vvoxel/ros2_ws_mgr/install/ros_gz_interfaces/include/ros_gz_interfaces/ros_gz_interfaces/msg/detail/light__rosidl_typesupport_fastrtps_c.h
[3.036s] -- Up-to-date symlink: /home/vvoxel/ros2_ws_mgr/install/ros_gz_interfaces/include/ros_gz_interfaces/ros_gz_interfaces/msg/detail/logical_camera_image__rosidl_typesupport_fastrtps_c.h
[3.037s] -- Up-to-date symlink: /home/vvoxel/ros2_ws_mgr/install/ros_gz_interfaces/include/ros_gz_interfaces/ros_gz_interfaces/msg/detail/logical_camera_image_model__rosidl_typesupport_fastrtps_c.h
[3.037s] -- Up-to-date symlink: /home/vvoxel/ros2_ws_mgr/install/ros_gz_interfaces/include/ros_gz_interfaces/ros_gz_interfaces/msg/detail/material_color__rosidl_typesupport_fastrtps_c.h
[3.037s] -- Up-to-date symlink: /home/vvoxel/ros2_ws_mgr/install/ros_gz_interfaces/include/ros_gz_interfaces/ros_gz_interfaces/msg/detail/param_vec__rosidl_typesupport_fastrtps_c.h
[3.037s] -- Up-to-date symlink: /home/vvoxel/ros2_ws_mgr/install/ros_gz_interfaces/include/ros_gz_interfaces/ros_gz_interfaces/msg/detail/sensor_noise__rosidl_typesupport_fastrtps_c.h
[3.037s] -- Up-to-date symlink: /home/vvoxel/ros2_ws_mgr/install/ros_gz_interfaces/include/ros_gz_interfaces/ros_gz_interfaces/msg/detail/string_vec__rosidl_typesupport_fastrtps_c.h
[3.037s] -- Up-to-date symlink: /home/vvoxel/ros2_ws_mgr/install/ros_gz_interfaces/include/ros_gz_interfaces/ros_gz_interfaces/msg/detail/track_visual__rosidl_typesupport_fastrtps_c.h
[3.038s] -- Up-to-date symlink: /home/vvoxel/ros2_ws_mgr/install/ros_gz_interfaces/include/ros_gz_interfaces/ros_gz_interfaces/msg/detail/video_record__rosidl_typesupport_fastrtps_c.h
[3.038s] -- Up-to-date symlink: /home/vvoxel/ros2_ws_mgr/install/ros_gz_interfaces/include/ros_gz_interfaces/ros_gz_interfaces/msg/detail/world_control__rosidl_typesupport_fastrtps_c.h
[3.038s] -- Up-to-date symlink: /home/vvoxel/ros2_ws_mgr/install/ros_gz_interfaces/include/ros_gz_interfaces/ros_gz_interfaces/msg/detail/world_reset__rosidl_typesupport_fastrtps_c.h
[3.038s] -- Up-to-date symlink: /home/vvoxel/ros2_ws_mgr/install/ros_gz_interfaces/include/ros_gz_interfaces/ros_gz_interfaces/msg/rosidl_typesupport_fastrtps_c__visibility_control.h
[3.038s] -- Up-to-date symlink: /home/vvoxel/ros2_ws_mgr/install/ros_gz_interfaces/include/ros_gz_interfaces/ros_gz_interfaces/srv/detail/control_world__rosidl_typesupport_fastrtps_c.h
[3.039s] -- Up-to-date symlink: /home/vvoxel/ros2_ws_mgr/install/ros_gz_interfaces/include/ros_gz_interfaces/ros_gz_interfaces/srv/detail/delete_entity__rosidl_typesupport_fastrtps_c.h
[3.039s] -- Up-to-date symlink: /home/vvoxel/ros2_ws_mgr/install/ros_gz_interfaces/include/ros_gz_interfaces/ros_gz_interfaces/srv/detail/set_entity_pose__rosidl_typesupport_fastrtps_c.h
[3.039s] -- Up-to-date symlink: /home/vvoxel/ros2_ws_mgr/install/ros_gz_interfaces/include/ros_gz_interfaces/ros_gz_interfaces/srv/detail/spawn_entity__rosidl_typesupport_fastrtps_c.h
[3.039s] -- Up-to-date symlink: /home/vvoxel/ros2_ws_mgr/install/ros_gz_interfaces/include/ros_gz_interfaces/ros_gz_interfaces/msg/altimeter.hpp
[3.040s] -- Up-to-date symlink: /home/vvoxel/ros2_ws_mgr/install/ros_gz_interfaces/include/ros_gz_interfaces/ros_gz_interfaces/msg/contact.hpp
[3.040s] -- Up-to-date symlink: /home/vvoxel/ros2_ws_mgr/install/ros_gz_interfaces/include/ros_gz_interfaces/ros_gz_interfaces/msg/contacts.hpp
[3.040s] -- Up-to-date symlink: /home/vvoxel/ros2_ws_mgr/install/ros_gz_interfaces/include/ros_gz_interfaces/ros_gz_interfaces/msg/dataframe.hpp
[3.040s] -- Up-to-date symlink: /home/vvoxel/ros2_ws_mgr/install/ros_gz_interfaces/include/ros_gz_interfaces/ros_gz_interfaces/msg/detail/altimeter__builder.hpp
[3.040s] -- Up-to-date symlink: /home/vvoxel/ros2_ws_mgr/install/ros_gz_interfaces/include/ros_gz_interfaces/ros_gz_interfaces/msg/detail/altimeter__struct.hpp
[3.040s] -- Up-to-date symlink: /home/vvoxel/ros2_ws_mgr/install/ros_gz_interfaces/include/ros_gz_interfaces/ros_gz_interfaces/msg/detail/altimeter__traits.hpp
[3.040s] -- Up-to-date symlink: /home/vvoxel/ros2_ws_mgr/install/ros_gz_interfaces/include/ros_gz_interfaces/ros_gz_interfaces/msg/detail/altimeter__type_support.hpp
[3.041s] -- Up-to-date symlink: /home/vvoxel/ros2_ws_mgr/install/ros_gz_interfaces/include/ros_gz_interfaces/ros_gz_interfaces/msg/detail/contact__builder.hpp
[3.041s] -- Up-to-date symlink: /home/vvoxel/ros2_ws_mgr/install/ros_gz_interfaces/include/ros_gz_interfaces/ros_gz_interfaces/msg/detail/contact__struct.hpp
[3.041s] -- Up-to-date symlink: /home/vvoxel/ros2_ws_mgr/install/ros_gz_interfaces/include/ros_gz_interfaces/ros_gz_interfaces/msg/detail/contact__traits.hpp
[3.041s] -- Up-to-date symlink: /home/vvoxel/ros2_ws_mgr/install/ros_gz_interfaces/include/ros_gz_interfaces/ros_gz_interfaces/msg/detail/contact__type_support.hpp
[3.041s] -- Up-to-date symlink: /home/vvoxel/ros2_ws_mgr/install/ros_gz_interfaces/include/ros_gz_interfaces/ros_gz_interfaces/msg/detail/contacts__builder.hpp
[3.041s] -- Up-to-date symlink: /home/vvoxel/ros2_ws_mgr/install/ros_gz_interfaces/include/ros_gz_interfaces/ros_gz_interfaces/msg/detail/contacts__struct.hpp
[3.041s] -- Up-to-date symlink: /home/vvoxel/ros2_ws_mgr/install/ros_gz_interfaces/include/ros_gz_interfaces/ros_gz_interfaces/msg/detail/contacts__traits.hpp
[3.042s] -- Up-to-date symlink: /home/vvoxel/ros2_ws_mgr/install/ros_gz_interfaces/include/ros_gz_interfaces/ros_gz_interfaces/msg/detail/contacts__type_support.hpp
[3.042s] -- Up-to-date symlink: /home/vvoxel/ros2_ws_mgr/install/ros_gz_interfaces/include/ros_gz_interfaces/ros_gz_interfaces/msg/detail/dataframe__builder.hpp
[3.043s] -- Up-to-date symlink: /home/vvoxel/ros2_ws_mgr/install/ros_gz_interfaces/include/ros_gz_interfaces/ros_gz_interfaces/msg/detail/dataframe__struct.hpp
[3.043s] -- Up-to-date symlink: /home/vvoxel/ros2_ws_mgr/install/ros_gz_interfaces/include/ros_gz_interfaces/ros_gz_interfaces/msg/detail/dataframe__traits.hpp
[3.043s] -- Up-to-date symlink: /home/vvoxel/ros2_ws_mgr/install/ros_gz_interfaces/include/ros_gz_interfaces/ros_gz_interfaces/msg/detail/dataframe__type_support.hpp
[3.043s] -- Up-to-date symlink: /home/vvoxel/ros2_ws_mgr/install/ros_gz_interfaces/include/ros_gz_interfaces/ros_gz_interfaces/msg/detail/entity__builder.hpp
[3.043s] -- Up-to-date symlink: /home/vvoxel/ros2_ws_mgr/install/ros_gz_interfaces/include/ros_gz_interfaces/ros_gz_interfaces/msg/detail/entity__struct.hpp
[3.044s] -- Up-to-date symlink: /home/vvoxel/ros2_ws_mgr/install/ros_gz_interfaces/include/ros_gz_interfaces/ros_gz_interfaces/msg/detail/entity__traits.hpp
[3.044s] -- Up-to-date symlink: /home/vvoxel/ros2_ws_mgr/install/ros_gz_interfaces/include/ros_gz_interfaces/ros_gz_interfaces/msg/detail/entity__type_support.hpp
[3.044s] -- Up-to-date symlink: /home/vvoxel/ros2_ws_mgr/install/ros_gz_interfaces/include/ros_gz_interfaces/ros_gz_interfaces/msg/detail/entity_factory__builder.hpp
[3.044s] -- Up-to-date symlink: /home/vvoxel/ros2_ws_mgr/install/ros_gz_interfaces/include/ros_gz_interfaces/ros_gz_interfaces/msg/detail/entity_factory__struct.hpp
[3.044s] -- Up-to-date symlink: /home/vvoxel/ros2_ws_mgr/install/ros_gz_interfaces/include/ros_gz_interfaces/ros_gz_interfaces/msg/detail/entity_factory__traits.hpp
[3.044s] -- Up-to-date symlink: /home/vvoxel/ros2_ws_mgr/install/ros_gz_interfaces/include/ros_gz_interfaces/ros_gz_interfaces/msg/detail/entity_factory__type_support.hpp
[3.045s] -- Up-to-date symlink: /home/vvoxel/ros2_ws_mgr/install/ros_gz_interfaces/include/ros_gz_interfaces/ros_gz_interfaces/msg/detail/entity_wrench__builder.hpp
[3.045s] -- Up-to-date symlink: /home/vvoxel/ros2_ws_mgr/install/ros_gz_interfaces/include/ros_gz_interfaces/ros_gz_interfaces/msg/detail/entity_wrench__struct.hpp
[3.045s] -- Up-to-date symlink: /home/vvoxel/ros2_ws_mgr/install/ros_gz_interfaces/include/ros_gz_interfaces/ros_gz_interfaces/msg/detail/entity_wrench__traits.hpp
[3.045s] -- Up-to-date symlink: /home/vvoxel/ros2_ws_mgr/install/ros_gz_interfaces/include/ros_gz_interfaces/ros_gz_interfaces/msg/detail/entity_wrench__type_support.hpp
[3.045s] -- Up-to-date symlink: /home/vvoxel/ros2_ws_mgr/install/ros_gz_interfaces/include/ros_gz_interfaces/ros_gz_interfaces/msg/detail/float32_array__builder.hpp
[3.045s] -- Up-to-date symlink: /home/vvoxel/ros2_ws_mgr/install/ros_gz_interfaces/include/ros_gz_interfaces/ros_gz_interfaces/msg/detail/float32_array__struct.hpp
[3.045s] -- Up-to-date symlink: /home/vvoxel/ros2_ws_mgr/install/ros_gz_interfaces/include/ros_gz_interfaces/ros_gz_interfaces/msg/detail/float32_array__traits.hpp
[3.046s] -- Up-to-date symlink: /home/vvoxel/ros2_ws_mgr/install/ros_gz_interfaces/include/ros_gz_interfaces/ros_gz_interfaces/msg/detail/float32_array__type_support.hpp
[3.046s] -- Up-to-date symlink: /home/vvoxel/ros2_ws_mgr/install/ros_gz_interfaces/include/ros_gz_interfaces/ros_gz_interfaces/msg/detail/gui_camera__builder.hpp
[3.046s] -- Up-to-date symlink: /home/vvoxel/ros2_ws_mgr/install/ros_gz_interfaces/include/ros_gz_interfaces/ros_gz_interfaces/msg/detail/gui_camera__struct.hpp
[3.046s] -- Up-to-date symlink: /home/vvoxel/ros2_ws_mgr/install/ros_gz_interfaces/include/ros_gz_interfaces/ros_gz_interfaces/msg/detail/gui_camera__traits.hpp
[3.046s] -- Up-to-date symlink: /home/vvoxel/ros2_ws_mgr/install/ros_gz_interfaces/include/ros_gz_interfaces/ros_gz_interfaces/msg/detail/gui_camera__type_support.hpp
[3.046s] -- Up-to-date symlink: /home/vvoxel/ros2_ws_mgr/install/ros_gz_interfaces/include/ros_gz_interfaces/ros_gz_interfaces/msg/detail/joint_wrench__builder.hpp
[3.046s] -- Up-to-date symlink: /home/vvoxel/ros2_ws_mgr/install/ros_gz_interfaces/include/ros_gz_interfaces/ros_gz_interfaces/msg/detail/joint_wrench__struct.hpp
[3.046s] -- Up-to-date symlink: /home/vvoxel/ros2_ws_mgr/install/ros_gz_interfaces/include/ros_gz_interfaces/ros_gz_interfaces/msg/detail/joint_wrench__traits.hpp
[3.047s] -- Up-to-date symlink: /home/vvoxel/ros2_ws_mgr/install/ros_gz_interfaces/include/ros_gz_interfaces/ros_gz_interfaces/msg/detail/joint_wrench__type_support.hpp
[3.047s] -- Up-to-date symlink: /home/vvoxel/ros2_ws_mgr/install/ros_gz_interfaces/include/ros_gz_interfaces/ros_gz_interfaces/msg/detail/light__builder.hpp
[3.047s] -- Up-to-date symlink: /home/vvoxel/ros2_ws_mgr/install/ros_gz_interfaces/include/ros_gz_interfaces/ros_gz_interfaces/msg/detail/light__struct.hpp
[3.047s] -- Up-to-date symlink: /home/vvoxel/ros2_ws_mgr/install/ros_gz_interfaces/include/ros_gz_interfaces/ros_gz_interfaces/msg/detail/light__traits.hpp
[3.047s] -- Up-to-date symlink: /home/vvoxel/ros2_ws_mgr/install/ros_gz_interfaces/include/ros_gz_interfaces/ros_gz_interfaces/msg/detail/light__type_support.hpp
[3.048s] -- Up-to-date symlink: /home/vvoxel/ros2_ws_mgr/install/ros_gz_interfaces/include/ros_gz_interfaces/ros_gz_interfaces/msg/detail/logical_camera_image__builder.hpp
[3.048s] -- Up-to-date symlink: /home/vvoxel/ros2_ws_mgr/install/ros_gz_interfaces/include/ros_gz_interfaces/ros_gz_interfaces/msg/detail/logical_camera_image__struct.hpp
[3.048s] -- Up-to-date symlink: /home/vvoxel/ros2_ws_mgr/install/ros_gz_interfaces/include/ros_gz_interfaces/ros_gz_interfaces/msg/detail/logical_camera_image__traits.hpp
[3.048s] -- Up-to-date symlink: /home/vvoxel/ros2_ws_mgr/install/ros_gz_interfaces/include/ros_gz_interfaces/ros_gz_interfaces/msg/detail/logical_camera_image__type_support.hpp
[3.048s] -- Up-to-date symlink: /home/vvoxel/ros2_ws_mgr/install/ros_gz_interfaces/include/ros_gz_interfaces/ros_gz_interfaces/msg/detail/logical_camera_image_model__builder.hpp
[3.048s] -- Up-to-date symlink: /home/vvoxel/ros2_ws_mgr/install/ros_gz_interfaces/include/ros_gz_interfaces/ros_gz_interfaces/msg/detail/logical_camera_image_model__struct.hpp
[3.049s] -- Up-to-date symlink: /home/vvoxel/ros2_ws_mgr/install/ros_gz_interfaces/include/ros_gz_interfaces/ros_gz_interfaces/msg/detail/logical_camera_image_model__traits.hpp
[3.049s] -- Up-to-date symlink: /home/vvoxel/ros2_ws_mgr/install/ros_gz_interfaces/include/ros_gz_interfaces/ros_gz_interfaces/msg/detail/logical_camera_image_model__type_support.hpp
[3.049s] -- Up-to-date symlink: /home/vvoxel/ros2_ws_mgr/install/ros_gz_interfaces/include/ros_gz_interfaces/ros_gz_interfaces/msg/detail/material_color__builder.hpp
[3.049s] -- Up-to-date symlink: /home/vvoxel/ros2_ws_mgr/install/ros_gz_interfaces/include/ros_gz_interfaces/ros_gz_interfaces/msg/detail/material_color__struct.hpp
[3.049s] -- Up-to-date symlink: /home/vvoxel/ros2_ws_mgr/install/ros_gz_interfaces/include/ros_gz_interfaces/ros_gz_interfaces/msg/detail/material_color__traits.hpp
[3.049s] -- Up-to-date symlink: /home/vvoxel/ros2_ws_mgr/install/ros_gz_interfaces/include/ros_gz_interfaces/ros_gz_interfaces/msg/detail/material_color__type_support.hpp
[3.050s] -- Up-to-date symlink: /home/vvoxel/ros2_ws_mgr/install/ros_gz_interfaces/include/ros_gz_interfaces/ros_gz_interfaces/msg/detail/param_vec__builder.hpp
[3.050s] -- Up-to-date symlink: /home/vvoxel/ros2_ws_mgr/install/ros_gz_interfaces/include/ros_gz_interfaces/ros_gz_interfaces/msg/detail/param_vec__struct.hpp
[3.050s] -- Up-to-date symlink: /home/vvoxel/ros2_ws_mgr/install/ros_gz_interfaces/include/ros_gz_interfaces/ros_gz_interfaces/msg/detail/param_vec__traits.hpp
[3.050s] -- Up-to-date symlink: /home/vvoxel/ros2_ws_mgr/install/ros_gz_interfaces/include/ros_gz_interfaces/ros_gz_interfaces/msg/detail/param_vec__type_support.hpp
[3.050s] -- Up-to-date symlink: /home/vvoxel/ros2_ws_mgr/install/ros_gz_interfaces/include/ros_gz_interfaces/ros_gz_interfaces/msg/detail/sensor_noise__builder.hpp
[3.050s] -- Up-to-date symlink: /home/vvoxel/ros2_ws_mgr/install/ros_gz_interfaces/include/ros_gz_interfaces/ros_gz_interfaces/msg/detail/sensor_noise__struct.hpp
[3.050s] -- Up-to-date symlink: /home/vvoxel/ros2_ws_mgr/install/ros_gz_interfaces/include/ros_gz_interfaces/ros_gz_interfaces/msg/detail/sensor_noise__traits.hpp
[3.050s] -- Up-to-date symlink: /home/vvoxel/ros2_ws_mgr/install/ros_gz_interfaces/include/ros_gz_interfaces/ros_gz_interfaces/msg/detail/sensor_noise__type_support.hpp
[3.051s] -- Up-to-date symlink: /home/vvoxel/ros2_ws_mgr/install/ros_gz_interfaces/include/ros_gz_interfaces/ros_gz_interfaces/msg/detail/string_vec__builder.hpp
[3.051s] -- Up-to-date symlink: /home/vvoxel/ros2_ws_mgr/install/ros_gz_interfaces/include/ros_gz_interfaces/ros_gz_interfaces/msg/detail/string_vec__struct.hpp
[3.051s] -- Up-to-date symlink: /home/vvoxel/ros2_ws_mgr/install/ros_gz_interfaces/include/ros_gz_interfaces/ros_gz_interfaces/msg/detail/string_vec__traits.hpp
[3.051s] -- Up-to-date symlink: /home/vvoxel/ros2_ws_mgr/install/ros_gz_interfaces/include/ros_gz_interfaces/ros_gz_interfaces/msg/detail/string_vec__type_support.hpp
[3.051s] -- Up-to-date symlink: /home/vvoxel/ros2_ws_mgr/install/ros_gz_interfaces/include/ros_gz_interfaces/ros_gz_interfaces/msg/detail/track_visual__builder.hpp
[3.051s] -- Up-to-date symlink: /home/vvoxel/ros2_ws_mgr/install/ros_gz_interfaces/include/ros_gz_interfaces/ros_gz_interfaces/msg/detail/track_visual__struct.hpp
[3.051s] -- Up-to-date symlink: /home/vvoxel/ros2_ws_mgr/install/ros_gz_interfaces/include/ros_gz_interfaces/ros_gz_interfaces/msg/detail/track_visual__traits.hpp
[3.052s] -- Up-to-date symlink: /home/vvoxel/ros2_ws_mgr/install/ros_gz_interfaces/include/ros_gz_interfaces/ros_gz_interfaces/msg/detail/track_visual__type_support.hpp
[3.052s] -- Up-to-date symlink: /home/vvoxel/ros2_ws_mgr/install/ros_gz_interfaces/include/ros_gz_interfaces/ros_gz_interfaces/msg/detail/video_record__builder.hpp
[3.052s] -- Up-to-date symlink: /home/vvoxel/ros2_ws_mgr/install/ros_gz_interfaces/include/ros_gz_interfaces/ros_gz_interfaces/msg/detail/video_record__struct.hpp
[3.052s] -- Up-to-date symlink: /home/vvoxel/ros2_ws_mgr/install/ros_gz_interfaces/include/ros_gz_interfaces/ros_gz_interfaces/msg/detail/video_record__traits.hpp
[3.053s] -- Up-to-date symlink: /home/vvoxel/ros2_ws_mgr/install/ros_gz_interfaces/include/ros_gz_interfaces/ros_gz_interfaces/msg/detail/video_record__type_support.hpp
[3.053s] -- Up-to-date symlink: /home/vvoxel/ros2_ws_mgr/install/ros_gz_interfaces/include/ros_gz_interfaces/ros_gz_interfaces/msg/detail/world_control__builder.hpp
[3.053s] -- Up-to-date symlink: /home/vvoxel/ros2_ws_mgr/install/ros_gz_interfaces/include/ros_gz_interfaces/ros_gz_interfaces/msg/detail/world_control__struct.hpp
[3.053s] -- Up-to-date symlink: /home/vvoxel/ros2_ws_mgr/install/ros_gz_interfaces/include/ros_gz_interfaces/ros_gz_interfaces/msg/detail/world_control__traits.hpp
[3.054s] -- Up-to-date symlink: /home/vvoxel/ros2_ws_mgr/install/ros_gz_interfaces/include/ros_gz_interfaces/ros_gz_interfaces/msg/detail/world_control__type_support.hpp
[3.054s] -- Up-to-date symlink: /home/vvoxel/ros2_ws_mgr/install/ros_gz_interfaces/include/ros_gz_interfaces/ros_gz_interfaces/msg/detail/world_reset__builder.hpp
[3.054s] -- Up-to-date symlink: /home/vvoxel/ros2_ws_mgr/install/ros_gz_interfaces/include/ros_gz_interfaces/ros_gz_interfaces/msg/detail/world_reset__struct.hpp
[3.054s] -- Up-to-date symlink: /home/vvoxel/ros2_ws_mgr/install/ros_gz_interfaces/include/ros_gz_interfaces/ros_gz_interfaces/msg/detail/world_reset__traits.hpp
[3.055s] -- Up-to-date symlink: /home/vvoxel/ros2_ws_mgr/install/ros_gz_interfaces/include/ros_gz_interfaces/ros_gz_interfaces/msg/detail/world_reset__type_support.hpp
[3.055s] -- Up-to-date symlink: /home/vvoxel/ros2_ws_mgr/install/ros_gz_interfaces/include/ros_gz_interfaces/ros_gz_interfaces/msg/entity.hpp
[3.055s] -- Up-to-date symlink: /home/vvoxel/ros2_ws_mgr/install/ros_gz_interfaces/include/ros_gz_interfaces/ros_gz_interfaces/msg/entity_factory.hpp
[3.056s] -- Up-to-date symlink: /home/vvoxel/ros2_ws_mgr/install/ros_gz_interfaces/include/ros_gz_interfaces/ros_gz_interfaces/msg/entity_wrench.hpp
[3.056s] -- Up-to-date symlink: /home/vvoxel/ros2_ws_mgr/install/ros_gz_interfaces/include/ros_gz_interfaces/ros_gz_interfaces/msg/float32_array.hpp
[3.056s] -- Up-to-date symlink: /home/vvoxel/ros2_ws_mgr/install/ros_gz_interfaces/include/ros_gz_interfaces/ros_gz_interfaces/msg/gui_camera.hpp
[3.057s] -- Up-to-date symlink: /home/vvoxel/ros2_ws_mgr/install/ros_gz_interfaces/include/ros_gz_interfaces/ros_gz_interfaces/msg/joint_wrench.hpp
[3.057s] -- Up-to-date symlink: /home/vvoxel/ros2_ws_mgr/install/ros_gz_interfaces/include/ros_gz_interfaces/ros_gz_interfaces/msg/light.hpp
[3.057s] -- Up-to-date symlink: /home/vvoxel/ros2_ws_mgr/install/ros_gz_interfaces/include/ros_gz_interfaces/ros_gz_interfaces/msg/logical_camera_image.hpp
[3.057s] -- Up-to-date symlink: /home/vvoxel/ros2_ws_mgr/install/ros_gz_interfaces/include/ros_gz_interfaces/ros_gz_interfaces/msg/logical_camera_image_model.hpp
[3.057s] -- Up-to-date symlink: /home/vvoxel/ros2_ws_mgr/install/ros_gz_interfaces/include/ros_gz_interfaces/ros_gz_interfaces/msg/material_color.hpp
[3.057s] -- Up-to-date symlink: /home/vvoxel/ros2_ws_mgr/install/ros_gz_interfaces/include/ros_gz_interfaces/ros_gz_interfaces/msg/param_vec.hpp
[3.058s] -- Up-to-date symlink: /home/vvoxel/ros2_ws_mgr/install/ros_gz_interfaces/include/ros_gz_interfaces/ros_gz_interfaces/msg/rosidl_generator_cpp__visibility_control.hpp
[3.058s] -- Up-to-date symlink: /home/vvoxel/ros2_ws_mgr/install/ros_gz_interfaces/include/ros_gz_interfaces/ros_gz_interfaces/msg/sensor_noise.hpp
[3.058s] -- Up-to-date symlink: /home/vvoxel/ros2_ws_mgr/install/ros_gz_interfaces/include/ros_gz_interfaces/ros_gz_interfaces/msg/string_vec.hpp
[3.058s] -- Up-to-date symlink: /home/vvoxel/ros2_ws_mgr/install/ros_gz_interfaces/include/ros_gz_interfaces/ros_gz_interfaces/msg/track_visual.hpp
[3.058s] -- Up-to-date symlink: /home/vvoxel/ros2_ws_mgr/install/ros_gz_interfaces/include/ros_gz_interfaces/ros_gz_interfaces/msg/video_record.hpp
[3.059s] -- Up-to-date symlink: /home/vvoxel/ros2_ws_mgr/install/ros_gz_interfaces/include/ros_gz_interfaces/ros_gz_interfaces/msg/world_control.hpp
[3.059s] -- Up-to-date symlink: /home/vvoxel/ros2_ws_mgr/install/ros_gz_interfaces/include/ros_gz_interfaces/ros_gz_interfaces/msg/world_reset.hpp
[3.059s] -- Up-to-date symlink: /home/vvoxel/ros2_ws_mgr/install/ros_gz_interfaces/include/ros_gz_interfaces/ros_gz_interfaces/srv/control_world.hpp
[3.059s] -- Up-to-date symlink: /home/vvoxel/ros2_ws_mgr/install/ros_gz_interfaces/include/ros_gz_interfaces/ros_gz_interfaces/srv/delete_entity.hpp
[3.059s] -- Up-to-date symlink: /home/vvoxel/ros2_ws_mgr/install/ros_gz_interfaces/include/ros_gz_interfaces/ros_gz_interfaces/srv/detail/control_world__builder.hpp
[3.059s] -- Up-to-date symlink: /home/vvoxel/ros2_ws_mgr/install/ros_gz_interfaces/include/ros_gz_interfaces/ros_gz_interfaces/srv/detail/control_world__struct.hpp
[3.060s] -- Up-to-date symlink: /home/vvoxel/ros2_ws_mgr/install/ros_gz_interfaces/include/ros_gz_interfaces/ros_gz_interfaces/srv/detail/control_world__traits.hpp
[3.060s] -- Up-to-date symlink: /home/vvoxel/ros2_ws_mgr/install/ros_gz_interfaces/include/ros_gz_interfaces/ros_gz_interfaces/srv/detail/control_world__type_support.hpp
[3.060s] -- Up-to-date symlink: /home/vvoxel/ros2_ws_mgr/install/ros_gz_interfaces/include/ros_gz_interfaces/ros_gz_interfaces/srv/detail/delete_entity__builder.hpp
[3.060s] -- Up-to-date symlink: /home/vvoxel/ros2_ws_mgr/install/ros_gz_interfaces/include/ros_gz_interfaces/ros_gz_interfaces/srv/detail/delete_entity__struct.hpp
[3.060s] -- Up-to-date symlink: /home/vvoxel/ros2_ws_mgr/install/ros_gz_interfaces/include/ros_gz_interfaces/ros_gz_interfaces/srv/detail/delete_entity__traits.hpp
[3.060s] -- Up-to-date symlink: /home/vvoxel/ros2_ws_mgr/install/ros_gz_interfaces/include/ros_gz_interfaces/ros_gz_interfaces/srv/detail/delete_entity__type_support.hpp
[3.061s] -- Up-to-date symlink: /home/vvoxel/ros2_ws_mgr/install/ros_gz_interfaces/include/ros_gz_interfaces/ros_gz_interfaces/srv/detail/set_entity_pose__builder.hpp
[3.061s] -- Up-to-date symlink: /home/vvoxel/ros2_ws_mgr/install/ros_gz_interfaces/include/ros_gz_interfaces/ros_gz_interfaces/srv/detail/set_entity_pose__struct.hpp
[3.061s] -- Up-to-date symlink: /home/vvoxel/ros2_ws_mgr/install/ros_gz_interfaces/include/ros_gz_interfaces/ros_gz_interfaces/srv/detail/set_entity_pose__traits.hpp
[3.061s] -- Up-to-date symlink: /home/vvoxel/ros2_ws_mgr/install/ros_gz_interfaces/include/ros_gz_interfaces/ros_gz_interfaces/srv/detail/set_entity_pose__type_support.hpp
[3.061s] -- Up-to-date symlink: /home/vvoxel/ros2_ws_mgr/install/ros_gz_interfaces/include/ros_gz_interfaces/ros_gz_interfaces/srv/detail/spawn_entity__builder.hpp
[3.061s] -- Up-to-date symlink: /home/vvoxel/ros2_ws_mgr/install/ros_gz_interfaces/include/ros_gz_interfaces/ros_gz_interfaces/srv/detail/spawn_entity__struct.hpp
[3.062s] -- Up-to-date symlink: /home/vvoxel/ros2_ws_mgr/install/ros_gz_interfaces/include/ros_gz_interfaces/ros_gz_interfaces/srv/detail/spawn_entity__traits.hpp
[3.062s] -- Up-to-date symlink: /home/vvoxel/ros2_ws_mgr/install/ros_gz_interfaces/include/ros_gz_interfaces/ros_gz_interfaces/srv/detail/spawn_entity__type_support.hpp
[3.062s] -- Up-to-date symlink: /home/vvoxel/ros2_ws_mgr/install/ros_gz_interfaces/include/ros_gz_interfaces/ros_gz_interfaces/srv/set_entity_pose.hpp
[3.062s] -- Up-to-date symlink: /home/vvoxel/ros2_ws_mgr/install/ros_gz_interfaces/include/ros_gz_interfaces/ros_gz_interfaces/srv/spawn_entity.hpp
[3.062s] -- Up-to-date symlink: /home/vvoxel/ros2_ws_mgr/install/ros_gz_interfaces/include/ros_gz_interfaces/ros_gz_interfaces/msg/detail/altimeter__rosidl_typesupport_fastrtps_cpp.hpp
[3.062s] -- Up-to-date symlink: /home/vvoxel/ros2_ws_mgr/install/ros_gz_interfaces/include/ros_gz_interfaces/ros_gz_interfaces/msg/detail/contact__rosidl_typesupport_fastrtps_cpp.hpp
[3.062s] -- Up-to-date symlink: /home/vvoxel/ros2_ws_mgr/install/ros_gz_interfaces/include/ros_gz_interfaces/ros_gz_interfaces/msg/detail/contacts__rosidl_typesupport_fastrtps_cpp.hpp
[3.063s] -- Up-to-date symlink: /home/vvoxel/ros2_ws_mgr/install/ros_gz_interfaces/include/ros_gz_interfaces/ros_gz_interfaces/msg/detail/dataframe__rosidl_typesupport_fastrtps_cpp.hpp
[3.063s] -- Up-to-date symlink: /home/vvoxel/ros2_ws_mgr/install/ros_gz_interfaces/include/ros_gz_interfaces/ros_gz_interfaces/msg/detail/entity__rosidl_typesupport_fastrtps_cpp.hpp
[3.063s] -- Up-to-date symlink: /home/vvoxel/ros2_ws_mgr/install/ros_gz_interfaces/include/ros_gz_interfaces/ros_gz_interfaces/msg/detail/entity_factory__rosidl_typesupport_fastrtps_cpp.hpp
[3.063s] -- Up-to-date symlink: /home/vvoxel/ros2_ws_mgr/install/ros_gz_interfaces/include/ros_gz_interfaces/ros_gz_interfaces/msg/detail/entity_wrench__rosidl_typesupport_fastrtps_cpp.hpp
[3.063s] -- Up-to-date symlink: /home/vvoxel/ros2_ws_mgr/install/ros_gz_interfaces/include/ros_gz_interfaces/ros_gz_interfaces/msg/detail/float32_array__rosidl_typesupport_fastrtps_cpp.hpp
[3.063s] -- Up-to-date symlink: /home/vvoxel/ros2_ws_mgr/install/ros_gz_interfaces/include/ros_gz_interfaces/ros_gz_interfaces/msg/detail/gui_camera__rosidl_typesupport_fastrtps_cpp.hpp
[3.063s] -- Up-to-date symlink: /home/vvoxel/ros2_ws_mgr/install/ros_gz_interfaces/include/ros_gz_interfaces/ros_gz_interfaces/msg/detail/joint_wrench__rosidl_typesupport_fastrtps_cpp.hpp
[3.064s] -- Up-to-date symlink: /home/vvoxel/ros2_ws_mgr/install/ros_gz_interfaces/include/ros_gz_interfaces/ros_gz_interfaces/msg/detail/light__rosidl_typesupport_fastrtps_cpp.hpp
[3.064s] -- Up-to-date symlink: /home/vvoxel/ros2_ws_mgr/install/ros_gz_interfaces/include/ros_gz_interfaces/ros_gz_interfaces/msg/detail/logical_camera_image__rosidl_typesupport_fastrtps_cpp.hpp
[3.064s] -- Up-to-date symlink: /home/vvoxel/ros2_ws_mgr/install/ros_gz_interfaces/include/ros_gz_interfaces/ros_gz_interfaces/msg/detail/logical_camera_image_model__rosidl_typesupport_fastrtps_cpp.hpp
[3.064s] -- Up-to-date symlink: /home/vvoxel/ros2_ws_mgr/install/ros_gz_interfaces/include/ros_gz_interfaces/ros_gz_interfaces/msg/detail/material_color__rosidl_typesupport_fastrtps_cpp.hpp
[3.064s] -- Up-to-date symlink: /home/vvoxel/ros2_ws_mgr/install/ros_gz_interfaces/include/ros_gz_interfaces/ros_gz_interfaces/msg/detail/param_vec__rosidl_typesupport_fastrtps_cpp.hpp
[3.064s] -- Up-to-date symlink: /home/vvoxel/ros2_ws_mgr/install/ros_gz_interfaces/include/ros_gz_interfaces/ros_gz_interfaces/msg/detail/sensor_noise__rosidl_typesupport_fastrtps_cpp.hpp
[3.064s] -- Up-to-date symlink: /home/vvoxel/ros2_ws_mgr/install/ros_gz_interfaces/include/ros_gz_interfaces/ros_gz_interfaces/msg/detail/string_vec__rosidl_typesupport_fastrtps_cpp.hpp
[3.065s] -- Up-to-date symlink: /home/vvoxel/ros2_ws_mgr/install/ros_gz_interfaces/include/ros_gz_interfaces/ros_gz_interfaces/msg/detail/track_visual__rosidl_typesupport_fastrtps_cpp.hpp
[3.065s] -- Up-to-date symlink: /home/vvoxel/ros2_ws_mgr/install/ros_gz_interfaces/include/ros_gz_interfaces/ros_gz_interfaces/msg/detail/video_record__rosidl_typesupport_fastrtps_cpp.hpp
[3.065s] -- Up-to-date symlink: /home/vvoxel/ros2_ws_mgr/install/ros_gz_interfaces/include/ros_gz_interfaces/ros_gz_interfaces/msg/detail/world_control__rosidl_typesupport_fastrtps_cpp.hpp
[3.065s] -- Up-to-date symlink: /home/vvoxel/ros2_ws_mgr/install/ros_gz_interfaces/include/ros_gz_interfaces/ros_gz_interfaces/msg/detail/world_reset__rosidl_typesupport_fastrtps_cpp.hpp
[3.065s] -- Up-to-date symlink: /home/vvoxel/ros2_ws_mgr/install/ros_gz_interfaces/include/ros_gz_interfaces/ros_gz_interfaces/msg/rosidl_typesupport_fastrtps_cpp__visibility_control.h
[3.065s] -- Up-to-date symlink: /home/vvoxel/ros2_ws_mgr/install/ros_gz_interfaces/include/ros_gz_interfaces/ros_gz_interfaces/srv/detail/control_world__rosidl_typesupport_fastrtps_cpp.hpp
[3.065s] -- Up-to-date symlink: /home/vvoxel/ros2_ws_mgr/install/ros_gz_interfaces/include/ros_gz_interfaces/ros_gz_interfaces/srv/detail/delete_entity__rosidl_typesupport_fastrtps_cpp.hpp
[3.065s] -- Up-to-date symlink: /home/vvoxel/ros2_ws_mgr/install/ros_gz_interfaces/include/ros_gz_interfaces/ros_gz_interfaces/srv/detail/set_entity_pose__rosidl_typesupport_fastrtps_cpp.hpp
[3.066s] -- Up-to-date symlink: /home/vvoxel/ros2_ws_mgr/install/ros_gz_interfaces/include/ros_gz_interfaces/ros_gz_interfaces/srv/detail/spawn_entity__rosidl_typesupport_fastrtps_cpp.hpp
[3.066s] -- Up-to-date symlink: /home/vvoxel/ros2_ws_mgr/install/ros_gz_interfaces/include/ros_gz_interfaces/ros_gz_interfaces/msg/detail/altimeter__rosidl_typesupport_introspection_c.h
[3.066s] -- Up-to-date symlink: /home/vvoxel/ros2_ws_mgr/install/ros_gz_interfaces/include/ros_gz_interfaces/ros_gz_interfaces/msg/detail/contact__rosidl_typesupport_introspection_c.h
[3.066s] -- Up-to-date symlink: /home/vvoxel/ros2_ws_mgr/install/ros_gz_interfaces/include/ros_gz_interfaces/ros_gz_interfaces/msg/detail/contacts__rosidl_typesupport_introspection_c.h
[3.066s] -- Up-to-date symlink: /home/vvoxel/ros2_ws_mgr/install/ros_gz_interfaces/include/ros_gz_interfaces/ros_gz_interfaces/msg/detail/dataframe__rosidl_typesupport_introspection_c.h
[3.066s] -- Up-to-date symlink: /home/vvoxel/ros2_ws_mgr/install/ros_gz_interfaces/include/ros_gz_interfaces/ros_gz_interfaces/msg/detail/entity__rosidl_typesupport_introspection_c.h
[3.066s] -- Up-to-date symlink: /home/vvoxel/ros2_ws_mgr/install/ros_gz_interfaces/include/ros_gz_interfaces/ros_gz_interfaces/msg/detail/entity_factory__rosidl_typesupport_introspection_c.h
[3.066s] -- Up-to-date symlink: /home/vvoxel/ros2_ws_mgr/install/ros_gz_interfaces/include/ros_gz_interfaces/ros_gz_interfaces/msg/detail/entity_wrench__rosidl_typesupport_introspection_c.h
[3.067s] -- Up-to-date symlink: /home/vvoxel/ros2_ws_mgr/install/ros_gz_interfaces/include/ros_gz_interfaces/ros_gz_interfaces/msg/detail/float32_array__rosidl_typesupport_introspection_c.h
[3.067s] -- Up-to-date symlink: /home/vvoxel/ros2_ws_mgr/install/ros_gz_interfaces/include/ros_gz_interfaces/ros_gz_interfaces/msg/detail/gui_camera__rosidl_typesupport_introspection_c.h
[3.067s] -- Up-to-date symlink: /home/vvoxel/ros2_ws_mgr/install/ros_gz_interfaces/include/ros_gz_interfaces/ros_gz_interfaces/msg/detail/joint_wrench__rosidl_typesupport_introspection_c.h
[3.067s] -- Up-to-date symlink: /home/vvoxel/ros2_ws_mgr/install/ros_gz_interfaces/include/ros_gz_interfaces/ros_gz_interfaces/msg/detail/light__rosidl_typesupport_introspection_c.h
[3.067s] -- Up-to-date symlink: /home/vvoxel/ros2_ws_mgr/install/ros_gz_interfaces/include/ros_gz_interfaces/ros_gz_interfaces/msg/detail/logical_camera_image__rosidl_typesupport_introspection_c.h
[3.067s] -- Up-to-date symlink: /home/vvoxel/ros2_ws_mgr/install/ros_gz_interfaces/include/ros_gz_interfaces/ros_gz_interfaces/msg/detail/logical_camera_image_model__rosidl_typesupport_introspection_c.h
[3.067s] -- Up-to-date symlink: /home/vvoxel/ros2_ws_mgr/install/ros_gz_interfaces/include/ros_gz_interfaces/ros_gz_interfaces/msg/detail/material_color__rosidl_typesupport_introspection_c.h
[3.068s] -- Up-to-date symlink: /home/vvoxel/ros2_ws_mgr/install/ros_gz_interfaces/include/ros_gz_interfaces/ros_gz_interfaces/msg/detail/param_vec__rosidl_typesupport_introspection_c.h
[3.068s] -- Up-to-date symlink: /home/vvoxel/ros2_ws_mgr/install/ros_gz_interfaces/include/ros_gz_interfaces/ros_gz_interfaces/msg/detail/sensor_noise__rosidl_typesupport_introspection_c.h
[3.068s] -- Up-to-date symlink: /home/vvoxel/ros2_ws_mgr/install/ros_gz_interfaces/include/ros_gz_interfaces/ros_gz_interfaces/msg/detail/string_vec__rosidl_typesupport_introspection_c.h
[3.068s] -- Up-to-date symlink: /home/vvoxel/ros2_ws_mgr/install/ros_gz_interfaces/include/ros_gz_interfaces/ros_gz_interfaces/msg/detail/track_visual__rosidl_typesupport_introspection_c.h
[3.068s] -- Up-to-date symlink: /home/vvoxel/ros2_ws_mgr/install/ros_gz_interfaces/include/ros_gz_interfaces/ros_gz_interfaces/msg/detail/video_record__rosidl_typesupport_introspection_c.h
[3.068s] -- Up-to-date symlink: /home/vvoxel/ros2_ws_mgr/install/ros_gz_interfaces/include/ros_gz_interfaces/ros_gz_interfaces/msg/detail/world_control__rosidl_typesupport_introspection_c.h
[3.068s] -- Up-to-date symlink: /home/vvoxel/ros2_ws_mgr/install/ros_gz_interfaces/include/ros_gz_interfaces/ros_gz_interfaces/msg/detail/world_reset__rosidl_typesupport_introspection_c.h
[3.068s] -- Up-to-date symlink: /home/vvoxel/ros2_ws_mgr/install/ros_gz_interfaces/include/ros_gz_interfaces/ros_gz_interfaces/msg/rosidl_typesupport_introspection_c__visibility_control.h
[3.069s] -- Up-to-date symlink: /home/vvoxel/ros2_ws_mgr/install/ros_gz_interfaces/include/ros_gz_interfaces/ros_gz_interfaces/srv/detail/control_world__rosidl_typesupport_introspection_c.h
[3.069s] -- Up-to-date symlink: /home/vvoxel/ros2_ws_mgr/install/ros_gz_interfaces/include/ros_gz_interfaces/ros_gz_interfaces/srv/detail/delete_entity__rosidl_typesupport_introspection_c.h
[3.069s] -- Up-to-date symlink: /home/vvoxel/ros2_ws_mgr/install/ros_gz_interfaces/include/ros_gz_interfaces/ros_gz_interfaces/srv/detail/set_entity_pose__rosidl_typesupport_introspection_c.h
[3.069s] -- Up-to-date symlink: /home/vvoxel/ros2_ws_mgr/install/ros_gz_interfaces/include/ros_gz_interfaces/ros_gz_interfaces/srv/detail/spawn_entity__rosidl_typesupport_introspection_c.h
[3.069s] -- Up-to-date symlink: /home/vvoxel/ros2_ws_mgr/install/ros_gz_interfaces/include/ros_gz_interfaces/ros_gz_interfaces/msg/detail/altimeter__rosidl_typesupport_introspection_cpp.hpp
[3.069s] -- Up-to-date symlink: /home/vvoxel/ros2_ws_mgr/install/ros_gz_interfaces/include/ros_gz_interfaces/ros_gz_interfaces/msg/detail/contact__rosidl_typesupport_introspection_cpp.hpp
[3.070s] -- Up-to-date symlink: /home/vvoxel/ros2_ws_mgr/install/ros_gz_interfaces/include/ros_gz_interfaces/ros_gz_interfaces/msg/detail/contacts__rosidl_typesupport_introspection_cpp.hpp
[3.070s] -- Up-to-date symlink: /home/vvoxel/ros2_ws_mgr/install/ros_gz_interfaces/include/ros_gz_interfaces/ros_gz_interfaces/msg/detail/dataframe__rosidl_typesupport_introspection_cpp.hpp
[3.070s] -- Up-to-date symlink: /home/vvoxel/ros2_ws_mgr/install/ros_gz_interfaces/include/ros_gz_interfaces/ros_gz_interfaces/msg/detail/entity__rosidl_typesupport_introspection_cpp.hpp
[3.070s] -- Up-to-date symlink: /home/vvoxel/ros2_ws_mgr/install/ros_gz_interfaces/include/ros_gz_interfaces/ros_gz_interfaces/msg/detail/entity_factory__rosidl_typesupport_introspection_cpp.hpp
[3.070s] -- Up-to-date symlink: /home/vvoxel/ros2_ws_mgr/install/ros_gz_interfaces/include/ros_gz_interfaces/ros_gz_interfaces/msg/detail/entity_wrench__rosidl_typesupport_introspection_cpp.hpp
[3.070s] -- Up-to-date symlink: /home/vvoxel/ros2_ws_mgr/install/ros_gz_interfaces/include/ros_gz_interfaces/ros_gz_interfaces/msg/detail/float32_array__rosidl_typesupport_introspection_cpp.hpp
[3.070s] -- Up-to-date symlink: /home/vvoxel/ros2_ws_mgr/install/ros_gz_interfaces/include/ros_gz_interfaces/ros_gz_interfaces/msg/detail/gui_camera__rosidl_typesupport_introspection_cpp.hpp
[3.070s] -- Up-to-date symlink: /home/vvoxel/ros2_ws_mgr/install/ros_gz_interfaces/include/ros_gz_interfaces/ros_gz_interfaces/msg/detail/joint_wrench__rosidl_typesupport_introspection_cpp.hpp
[3.071s] -- Up-to-date symlink: /home/vvoxel/ros2_ws_mgr/install/ros_gz_interfaces/include/ros_gz_interfaces/ros_gz_interfaces/msg/detail/light__rosidl_typesupport_introspection_cpp.hpp
[3.071s] -- Up-to-date symlink: /home/vvoxel/ros2_ws_mgr/install/ros_gz_interfaces/include/ros_gz_interfaces/ros_gz_interfaces/msg/detail/logical_camera_image__rosidl_typesupport_introspection_cpp.hpp
[3.071s] -- Up-to-date symlink: /home/vvoxel/ros2_ws_mgr/install/ros_gz_interfaces/include/ros_gz_interfaces/ros_gz_interfaces/msg/detail/logical_camera_image_model__rosidl_typesupport_introspection_cpp.hpp
[3.071s] -- Up-to-date symlink: /home/vvoxel/ros2_ws_mgr/install/ros_gz_interfaces/include/ros_gz_interfaces/ros_gz_interfaces/msg/detail/material_color__rosidl_typesupport_introspection_cpp.hpp
[3.071s] -- Up-to-date symlink: /home/vvoxel/ros2_ws_mgr/install/ros_gz_interfaces/include/ros_gz_interfaces/ros_gz_interfaces/msg/detail/param_vec__rosidl_typesupport_introspection_cpp.hpp
[3.071s] -- Up-to-date symlink: /home/vvoxel/ros2_ws_mgr/install/ros_gz_interfaces/include/ros_gz_interfaces/ros_gz_interfaces/msg/detail/sensor_noise__rosidl_typesupport_introspection_cpp.hpp
[3.071s] -- Up-to-date symlink: /home/vvoxel/ros2_ws_mgr/install/ros_gz_interfaces/include/ros_gz_interfaces/ros_gz_interfaces/msg/detail/string_vec__rosidl_typesupport_introspection_cpp.hpp
[3.071s] -- Up-to-date symlink: /home/vvoxel/ros2_ws_mgr/install/ros_gz_interfaces/include/ros_gz_interfaces/ros_gz_interfaces/msg/detail/track_visual__rosidl_typesupport_introspection_cpp.hpp
[3.072s] -- Up-to-date symlink: /home/vvoxel/ros2_ws_mgr/install/ros_gz_interfaces/include/ros_gz_interfaces/ros_gz_interfaces/msg/detail/video_record__rosidl_typesupport_introspection_cpp.hpp
[3.072s] -- Up-to-date symlink: /home/vvoxel/ros2_ws_mgr/install/ros_gz_interfaces/include/ros_gz_interfaces/ros_gz_interfaces/msg/detail/world_control__rosidl_typesupport_introspection_cpp.hpp
[3.072s] -- Up-to-date symlink: /home/vvoxel/ros2_ws_mgr/install/ros_gz_interfaces/include/ros_gz_interfaces/ros_gz_interfaces/msg/detail/world_reset__rosidl_typesupport_introspection_cpp.hpp
[3.072s] -- Up-to-date symlink: /home/vvoxel/ros2_ws_mgr/install/ros_gz_interfaces/include/ros_gz_interfaces/ros_gz_interfaces/srv/detail/control_world__rosidl_typesupport_introspection_cpp.hpp
[3.072s] -- Up-to-date symlink: /home/vvoxel/ros2_ws_mgr/install/ros_gz_interfaces/include/ros_gz_interfaces/ros_gz_interfaces/srv/detail/delete_entity__rosidl_typesupport_introspection_cpp.hpp
[3.072s] -- Up-to-date symlink: /home/vvoxel/ros2_ws_mgr/install/ros_gz_interfaces/include/ros_gz_interfaces/ros_gz_interfaces/srv/detail/set_entity_pose__rosidl_typesupport_introspection_cpp.hpp
[3.072s] -- Up-to-date symlink: /home/vvoxel/ros2_ws_mgr/install/ros_gz_interfaces/include/ros_gz_interfaces/ros_gz_interfaces/srv/detail/spawn_entity__rosidl_typesupport_introspection_cpp.hpp
[3.072s] -- Up-to-date symlink: /home/vvoxel/ros2_ws_mgr/install/ros_gz_interfaces/share/ros_gz_interfaces/environment/pythonpath.sh
[3.073s] -- Up-to-date symlink: /home/vvoxel/ros2_ws_mgr/install/ros_gz_interfaces/share/ros_gz_interfaces/environment/pythonpath.dsv
[3.073s] -- Up-to-date symlink: /home/vvoxel/ros2_ws_mgr/install/ros_gz_interfaces/lib/python3.12/site-packages/ros_gz_interfaces-1.0.11-py3.12.egg-info/PKG-INFO
[3.073s] -- Up-to-date symlink: /home/vvoxel/ros2_ws_mgr/install/ros_gz_interfaces/lib/python3.12/site-packages/ros_gz_interfaces-1.0.11-py3.12.egg-info/SOURCES.txt
[3.073s] -- Up-to-date symlink: /home/vvoxel/ros2_ws_mgr/install/ros_gz_interfaces/lib/python3.12/site-packages/ros_gz_interfaces-1.0.11-py3.12.egg-info/dependency_links.txt
[3.073s] -- Up-to-date symlink: /home/vvoxel/ros2_ws_mgr/install/ros_gz_interfaces/lib/python3.12/site-packages/ros_gz_interfaces-1.0.11-py3.12.egg-info/top_level.txt
[3.073s] -- Up-to-date symlink: /home/vvoxel/ros2_ws_mgr/install/ros_gz_interfaces/lib/python3.12/site-packages/ros_gz_interfaces/__init__.py
[3.073s] -- Up-to-date symlink: /home/vvoxel/ros2_ws_mgr/install/ros_gz_interfaces/lib/python3.12/site-packages/ros_gz_interfaces/_ros_gz_interfaces_s.ep.rosidl_typesupport_c.c
[3.074s] -- Up-to-date symlink: /home/vvoxel/ros2_ws_mgr/install/ros_gz_interfaces/lib/python3.12/site-packages/ros_gz_interfaces/_ros_gz_interfaces_s.ep.rosidl_typesupport_fastrtps_c.c
[3.074s] -- Up-to-date symlink: /home/vvoxel/ros2_ws_mgr/install/ros_gz_interfaces/lib/python3.12/site-packages/ros_gz_interfaces/_ros_gz_interfaces_s.ep.rosidl_typesupport_introspection_c.c
[3.074s] -- Up-to-date symlink: /home/vvoxel/ros2_ws_mgr/install/ros_gz_interfaces/lib/python3.12/site-packages/ros_gz_interfaces/msg/__init__.py
[3.074s] -- Up-to-date symlink: /home/vvoxel/ros2_ws_mgr/install/ros_gz_interfaces/lib/python3.12/site-packages/ros_gz_interfaces/msg/_altimeter.py
[3.074s] -- Up-to-date symlink: /home/vvoxel/ros2_ws_mgr/install/ros_gz_interfaces/lib/python3.12/site-packages/ros_gz_interfaces/msg/_altimeter_s.c
[3.074s] -- Up-to-date symlink: /home/vvoxel/ros2_ws_mgr/install/ros_gz_interfaces/lib/python3.12/site-packages/ros_gz_interfaces/msg/_contact.py
[3.074s] -- Up-to-date symlink: /home/vvoxel/ros2_ws_mgr/install/ros_gz_interfaces/lib/python3.12/site-packages/ros_gz_interfaces/msg/_contact_s.c
[3.074s] -- Up-to-date symlink: /home/vvoxel/ros2_ws_mgr/install/ros_gz_interfaces/lib/python3.12/site-packages/ros_gz_interfaces/msg/_contacts.py
[3.075s] -- Up-to-date symlink: /home/vvoxel/ros2_ws_mgr/install/ros_gz_interfaces/lib/python3.12/site-packages/ros_gz_interfaces/msg/_contacts_s.c
[3.075s] -- Up-to-date symlink: /home/vvoxel/ros2_ws_mgr/install/ros_gz_interfaces/lib/python3.12/site-packages/ros_gz_interfaces/msg/_dataframe.py
[3.075s] -- Up-to-date symlink: /home/vvoxel/ros2_ws_mgr/install/ros_gz_interfaces/lib/python3.12/site-packages/ros_gz_interfaces/msg/_dataframe_s.c
[3.075s] -- Up-to-date symlink: /home/vvoxel/ros2_ws_mgr/install/ros_gz_interfaces/lib/python3.12/site-packages/ros_gz_interfaces/msg/_entity.py
[3.075s] -- Up-to-date symlink: /home/vvoxel/ros2_ws_mgr/install/ros_gz_interfaces/lib/python3.12/site-packages/ros_gz_interfaces/msg/_entity_factory.py
[3.075s] -- Up-to-date symlink: /home/vvoxel/ros2_ws_mgr/install/ros_gz_interfaces/lib/python3.12/site-packages/ros_gz_interfaces/msg/_entity_factory_s.c
[3.075s] -- Up-to-date symlink: /home/vvoxel/ros2_ws_mgr/install/ros_gz_interfaces/lib/python3.12/site-packages/ros_gz_interfaces/msg/_entity_s.c
[3.075s] -- Up-to-date symlink: /home/vvoxel/ros2_ws_mgr/install/ros_gz_interfaces/lib/python3.12/site-packages/ros_gz_interfaces/msg/_entity_wrench.py
[3.076s] -- Up-to-date symlink: /home/vvoxel/ros2_ws_mgr/install/ros_gz_interfaces/lib/python3.12/site-packages/ros_gz_interfaces/msg/_entity_wrench_s.c
[3.076s] -- Up-to-date symlink: /home/vvoxel/ros2_ws_mgr/install/ros_gz_interfaces/lib/python3.12/site-packages/ros_gz_interfaces/msg/_float32_array.py
[3.076s] -- Up-to-date symlink: /home/vvoxel/ros2_ws_mgr/install/ros_gz_interfaces/lib/python3.12/site-packages/ros_gz_interfaces/msg/_float32_array_s.c
[3.076s] -- Up-to-date symlink: /home/vvoxel/ros2_ws_mgr/install/ros_gz_interfaces/lib/python3.12/site-packages/ros_gz_interfaces/msg/_gui_camera.py
[3.076s] -- Up-to-date symlink: /home/vvoxel/ros2_ws_mgr/install/ros_gz_interfaces/lib/python3.12/site-packages/ros_gz_interfaces/msg/_gui_camera_s.c
[3.076s] -- Up-to-date symlink: /home/vvoxel/ros2_ws_mgr/install/ros_gz_interfaces/lib/python3.12/site-packages/ros_gz_interfaces/msg/_joint_wrench.py
[3.076s] -- Up-to-date symlink: /home/vvoxel/ros2_ws_mgr/install/ros_gz_interfaces/lib/python3.12/site-packages/ros_gz_interfaces/msg/_joint_wrench_s.c
[3.076s] -- Up-to-date symlink: /home/vvoxel/ros2_ws_mgr/install/ros_gz_interfaces/lib/python3.12/site-packages/ros_gz_interfaces/msg/_light.py
[3.077s] -- Up-to-date symlink: /home/vvoxel/ros2_ws_mgr/install/ros_gz_interfaces/lib/python3.12/site-packages/ros_gz_interfaces/msg/_light_s.c
[3.077s] -- Up-to-date symlink: /home/vvoxel/ros2_ws_mgr/install/ros_gz_interfaces/lib/python3.12/site-packages/ros_gz_interfaces/msg/_logical_camera_image.py
[3.077s] -- Up-to-date symlink: /home/vvoxel/ros2_ws_mgr/install/ros_gz_interfaces/lib/python3.12/site-packages/ros_gz_interfaces/msg/_logical_camera_image_model.py
[3.077s] -- Up-to-date symlink: /home/vvoxel/ros2_ws_mgr/install/ros_gz_interfaces/lib/python3.12/site-packages/ros_gz_interfaces/msg/_logical_camera_image_model_s.c
[3.077s] -- Up-to-date symlink: /home/vvoxel/ros2_ws_mgr/install/ros_gz_interfaces/lib/python3.12/site-packages/ros_gz_interfaces/msg/_logical_camera_image_s.c
[3.077s] -- Up-to-date symlink: /home/vvoxel/ros2_ws_mgr/install/ros_gz_interfaces/lib/python3.12/site-packages/ros_gz_interfaces/msg/_material_color.py
[3.077s] -- Up-to-date symlink: /home/vvoxel/ros2_ws_mgr/install/ros_gz_interfaces/lib/python3.12/site-packages/ros_gz_interfaces/msg/_material_color_s.c
[3.078s] -- Up-to-date symlink: /home/vvoxel/ros2_ws_mgr/install/ros_gz_interfaces/lib/python3.12/site-packages/ros_gz_interfaces/msg/_param_vec.py
[3.078s] -- Up-to-date symlink: /home/vvoxel/ros2_ws_mgr/install/ros_gz_interfaces/lib/python3.12/site-packages/ros_gz_interfaces/msg/_param_vec_s.c
[3.078s] -- Up-to-date symlink: /home/vvoxel/ros2_ws_mgr/install/ros_gz_interfaces/lib/python3.12/site-packages/ros_gz_interfaces/msg/_sensor_noise.py
[3.078s] -- Up-to-date symlink: /home/vvoxel/ros2_ws_mgr/install/ros_gz_interfaces/lib/python3.12/site-packages/ros_gz_interfaces/msg/_sensor_noise_s.c
[3.078s] -- Up-to-date symlink: /home/vvoxel/ros2_ws_mgr/install/ros_gz_interfaces/lib/python3.12/site-packages/ros_gz_interfaces/msg/_string_vec.py
[3.078s] -- Up-to-date symlink: /home/vvoxel/ros2_ws_mgr/install/ros_gz_interfaces/lib/python3.12/site-packages/ros_gz_interfaces/msg/_string_vec_s.c
[3.078s] -- Up-to-date symlink: /home/vvoxel/ros2_ws_mgr/install/ros_gz_interfaces/lib/python3.12/site-packages/ros_gz_interfaces/msg/_track_visual.py
[3.078s] -- Up-to-date symlink: /home/vvoxel/ros2_ws_mgr/install/ros_gz_interfaces/lib/python3.12/site-packages/ros_gz_interfaces/msg/_track_visual_s.c
[3.079s] -- Up-to-date symlink: /home/vvoxel/ros2_ws_mgr/install/ros_gz_interfaces/lib/python3.12/site-packages/ros_gz_interfaces/msg/_video_record.py
[3.079s] -- Up-to-date symlink: /home/vvoxel/ros2_ws_mgr/install/ros_gz_interfaces/lib/python3.12/site-packages/ros_gz_interfaces/msg/_video_record_s.c
[3.079s] -- Up-to-date symlink: /home/vvoxel/ros2_ws_mgr/install/ros_gz_interfaces/lib/python3.12/site-packages/ros_gz_interfaces/msg/_world_control.py
[3.079s] -- Up-to-date symlink: /home/vvoxel/ros2_ws_mgr/install/ros_gz_interfaces/lib/python3.12/site-packages/ros_gz_interfaces/msg/_world_control_s.c
[3.079s] -- Up-to-date symlink: /home/vvoxel/ros2_ws_mgr/install/ros_gz_interfaces/lib/python3.12/site-packages/ros_gz_interfaces/msg/_world_reset.py
[3.079s] -- Up-to-date symlink: /home/vvoxel/ros2_ws_mgr/install/ros_gz_interfaces/lib/python3.12/site-packages/ros_gz_interfaces/msg/_world_reset_s.c
[3.079s] -- Up-to-date symlink: /home/vvoxel/ros2_ws_mgr/install/ros_gz_interfaces/lib/python3.12/site-packages/ros_gz_interfaces/ros_gz_interfaces_s__rosidl_typesupport_c.so
[3.079s] -- Up-to-date symlink: /home/vvoxel/ros2_ws_mgr/install/ros_gz_interfaces/lib/python3.12/site-packages/ros_gz_interfaces/ros_gz_interfaces_s__rosidl_typesupport_fastrtps_c.so
[3.080s] -- Up-to-date symlink: /home/vvoxel/ros2_ws_mgr/install/ros_gz_interfaces/lib/python3.12/site-packages/ros_gz_interfaces/ros_gz_interfaces_s__rosidl_typesupport_introspection_c.so
[3.080s] -- Up-to-date symlink: /home/vvoxel/ros2_ws_mgr/install/ros_gz_interfaces/lib/python3.12/site-packages/ros_gz_interfaces/srv/__init__.py
[3.080s] -- Up-to-date symlink: /home/vvoxel/ros2_ws_mgr/install/ros_gz_interfaces/lib/python3.12/site-packages/ros_gz_interfaces/srv/_control_world.py
[3.080s] -- Up-to-date symlink: /home/vvoxel/ros2_ws_mgr/install/ros_gz_interfaces/lib/python3.12/site-packages/ros_gz_interfaces/srv/_control_world_s.c
[3.080s] -- Up-to-date symlink: /home/vvoxel/ros2_ws_mgr/install/ros_gz_interfaces/lib/python3.12/site-packages/ros_gz_interfaces/srv/_delete_entity.py
[3.080s] -- Up-to-date symlink: /home/vvoxel/ros2_ws_mgr/install/ros_gz_interfaces/lib/python3.12/site-packages/ros_gz_interfaces/srv/_delete_entity_s.c
[3.080s] -- Up-to-date symlink: /home/vvoxel/ros2_ws_mgr/install/ros_gz_interfaces/lib/python3.12/site-packages/ros_gz_interfaces/srv/_set_entity_pose.py
[3.081s] -- Up-to-date symlink: /home/vvoxel/ros2_ws_mgr/install/ros_gz_interfaces/lib/python3.12/site-packages/ros_gz_interfaces/srv/_set_entity_pose_s.c
[3.081s] -- Up-to-date symlink: /home/vvoxel/ros2_ws_mgr/install/ros_gz_interfaces/lib/python3.12/site-packages/ros_gz_interfaces/srv/_spawn_entity.py
[3.081s] -- Up-to-date symlink: /home/vvoxel/ros2_ws_mgr/install/ros_gz_interfaces/lib/python3.12/site-packages/ros_gz_interfaces/srv/_spawn_entity_s.c
[3.081s] -- Up-to-date symlink: /home/vvoxel/ros2_ws_mgr/install/ros_gz_interfaces/lib/python3.12/site-packages/ros_gz_interfaces/ros_gz_interfaces_s__rosidl_typesupport_fastrtps_c.so
[3.081s] -- Up-to-date symlink: /home/vvoxel/ros2_ws_mgr/install/ros_gz_interfaces/lib/python3.12/site-packages/ros_gz_interfaces/ros_gz_interfaces_s__rosidl_typesupport_introspection_c.so
[3.081s] -- Up-to-date symlink: /home/vvoxel/ros2_ws_mgr/install/ros_gz_interfaces/lib/python3.12/site-packages/ros_gz_interfaces/ros_gz_interfaces_s__rosidl_typesupport_c.so
[3.081s] -- Up-to-date symlink: /home/vvoxel/ros2_ws_mgr/install/ros_gz_interfaces/share/ros_gz_interfaces/msg/Altimeter.idl
[3.081s] -- Up-to-date symlink: /home/vvoxel/ros2_ws_mgr/install/ros_gz_interfaces/share/ros_gz_interfaces/msg/Contact.idl
[3.082s] -- Up-to-date symlink: /home/vvoxel/ros2_ws_mgr/install/ros_gz_interfaces/share/ros_gz_interfaces/msg/Contacts.idl
[3.082s] -- Up-to-date symlink: /home/vvoxel/ros2_ws_mgr/install/ros_gz_interfaces/share/ros_gz_interfaces/msg/Dataframe.idl
[3.082s] -- Up-to-date symlink: /home/vvoxel/ros2_ws_mgr/install/ros_gz_interfaces/share/ros_gz_interfaces/msg/Entity.idl
[3.082s] -- Up-to-date symlink: /home/vvoxel/ros2_ws_mgr/install/ros_gz_interfaces/share/ros_gz_interfaces/msg/EntityFactory.idl
[3.082s] -- Up-to-date symlink: /home/vvoxel/ros2_ws_mgr/install/ros_gz_interfaces/share/ros_gz_interfaces/msg/EntityWrench.idl
[3.082s] -- Up-to-date symlink: /home/vvoxel/ros2_ws_mgr/install/ros_gz_interfaces/share/ros_gz_interfaces/msg/Float32Array.idl
[3.082s] -- Up-to-date symlink: /home/vvoxel/ros2_ws_mgr/install/ros_gz_interfaces/share/ros_gz_interfaces/msg/GuiCamera.idl
[3.082s] -- Up-to-date symlink: /home/vvoxel/ros2_ws_mgr/install/ros_gz_interfaces/share/ros_gz_interfaces/msg/JointWrench.idl
[3.083s] -- Up-to-date symlink: /home/vvoxel/ros2_ws_mgr/install/ros_gz_interfaces/share/ros_gz_interfaces/msg/Light.idl
[3.083s] -- Up-to-date symlink: /home/vvoxel/ros2_ws_mgr/install/ros_gz_interfaces/share/ros_gz_interfaces/msg/LogicalCameraImage.idl
[3.083s] -- Up-to-date symlink: /home/vvoxel/ros2_ws_mgr/install/ros_gz_interfaces/share/ros_gz_interfaces/msg/LogicalCameraImageModel.idl
[3.083s] -- Up-to-date symlink: /home/vvoxel/ros2_ws_mgr/install/ros_gz_interfaces/share/ros_gz_interfaces/msg/MaterialColor.idl
[3.083s] -- Up-to-date symlink: /home/vvoxel/ros2_ws_mgr/install/ros_gz_interfaces/share/ros_gz_interfaces/msg/ParamVec.idl
[3.083s] -- Up-to-date symlink: /home/vvoxel/ros2_ws_mgr/install/ros_gz_interfaces/share/ros_gz_interfaces/msg/SensorNoise.idl
[3.083s] -- Up-to-date symlink: /home/vvoxel/ros2_ws_mgr/install/ros_gz_interfaces/share/ros_gz_interfaces/msg/StringVec.idl
[3.084s] -- Up-to-date symlink: /home/vvoxel/ros2_ws_mgr/install/ros_gz_interfaces/share/ros_gz_interfaces/msg/TrackVisual.idl
[3.084s] -- Up-to-date symlink: /home/vvoxel/ros2_ws_mgr/install/ros_gz_interfaces/share/ros_gz_interfaces/msg/VideoRecord.idl
[3.084s] -- Up-to-date symlink: /home/vvoxel/ros2_ws_mgr/install/ros_gz_interfaces/share/ros_gz_interfaces/msg/WorldControl.idl
[3.084s] -- Up-to-date symlink: /home/vvoxel/ros2_ws_mgr/install/ros_gz_interfaces/share/ros_gz_interfaces/msg/WorldReset.idl
[3.084s] -- Up-to-date symlink: /home/vvoxel/ros2_ws_mgr/install/ros_gz_interfaces/share/ros_gz_interfaces/srv/ControlWorld.idl
[3.084s] -- Up-to-date symlink: /home/vvoxel/ros2_ws_mgr/install/ros_gz_interfaces/share/ros_gz_interfaces/srv/DeleteEntity.idl
[3.084s] -- Up-to-date symlink: /home/vvoxel/ros2_ws_mgr/install/ros_gz_interfaces/share/ros_gz_interfaces/srv/SetEntityPose.idl
[3.084s] -- Up-to-date symlink: /home/vvoxel/ros2_ws_mgr/install/ros_gz_interfaces/share/ros_gz_interfaces/srv/SpawnEntity.idl
[3.085s] -- Up-to-date symlink: /home/vvoxel/ros2_ws_mgr/install/ros_gz_interfaces/share/ros_gz_interfaces/msg/Altimeter.msg
[3.085s] -- Up-to-date symlink: /home/vvoxel/ros2_ws_mgr/install/ros_gz_interfaces/share/ros_gz_interfaces/msg/Contact.msg
[3.085s] -- Up-to-date symlink: /home/vvoxel/ros2_ws_mgr/install/ros_gz_interfaces/share/ros_gz_interfaces/msg/Contacts.msg
[3.085s] -- Up-to-date symlink: /home/vvoxel/ros2_ws_mgr/install/ros_gz_interfaces/share/ros_gz_interfaces/msg/Dataframe.msg
[3.085s] -- Up-to-date symlink: /home/vvoxel/ros2_ws_mgr/install/ros_gz_interfaces/share/ros_gz_interfaces/msg/Entity.msg
[3.086s] -- Up-to-date symlink: /home/vvoxel/ros2_ws_mgr/install/ros_gz_interfaces/share/ros_gz_interfaces/msg/EntityFactory.msg
[3.086s] -- Up-to-date symlink: /home/vvoxel/ros2_ws_mgr/install/ros_gz_interfaces/share/ros_gz_interfaces/msg/EntityWrench.msg
[3.086s] -- Up-to-date symlink: /home/vvoxel/ros2_ws_mgr/install/ros_gz_interfaces/share/ros_gz_interfaces/msg/Float32Array.msg
[3.086s] -- Up-to-date symlink: /home/vvoxel/ros2_ws_mgr/install/ros_gz_interfaces/share/ros_gz_interfaces/msg/GuiCamera.msg
[3.086s] -- Up-to-date symlink: /home/vvoxel/ros2_ws_mgr/install/ros_gz_interfaces/share/ros_gz_interfaces/msg/JointWrench.msg
[3.086s] -- Up-to-date symlink: /home/vvoxel/ros2_ws_mgr/install/ros_gz_interfaces/share/ros_gz_interfaces/msg/Light.msg
[3.086s] -- Up-to-date symlink: /home/vvoxel/ros2_ws_mgr/install/ros_gz_interfaces/share/ros_gz_interfaces/msg/LogicalCameraImage.msg
[3.087s] -- Up-to-date symlink: /home/vvoxel/ros2_ws_mgr/install/ros_gz_interfaces/share/ros_gz_interfaces/msg/LogicalCameraImageModel.msg
[3.087s] -- Up-to-date symlink: /home/vvoxel/ros2_ws_mgr/install/ros_gz_interfaces/share/ros_gz_interfaces/msg/MaterialColor.msg
[3.087s] -- Up-to-date symlink: /home/vvoxel/ros2_ws_mgr/install/ros_gz_interfaces/share/ros_gz_interfaces/msg/ParamVec.msg
[3.087s] -- Up-to-date symlink: /home/vvoxel/ros2_ws_mgr/install/ros_gz_interfaces/share/ros_gz_interfaces/msg/SensorNoise.msg
[3.087s] -- Up-to-date symlink: /home/vvoxel/ros2_ws_mgr/install/ros_gz_interfaces/share/ros_gz_interfaces/msg/StringVec.msg
[3.087s] -- Up-to-date symlink: /home/vvoxel/ros2_ws_mgr/install/ros_gz_interfaces/share/ros_gz_interfaces/msg/TrackVisual.msg
[3.087s] -- Up-to-date symlink: /home/vvoxel/ros2_ws_mgr/install/ros_gz_interfaces/share/ros_gz_interfaces/msg/VideoRecord.msg
[3.087s] -- Up-to-date symlink: /home/vvoxel/ros2_ws_mgr/install/ros_gz_interfaces/share/ros_gz_interfaces/msg/WorldControl.msg
[3.088s] -- Up-to-date symlink: /home/vvoxel/ros2_ws_mgr/install/ros_gz_interfaces/share/ros_gz_interfaces/msg/WorldReset.msg
[3.088s] -- Up-to-date symlink: /home/vvoxel/ros2_ws_mgr/install/ros_gz_interfaces/share/ros_gz_interfaces/srv/ControlWorld.srv
[3.088s] -- Up-to-date symlink: /home/vvoxel/ros2_ws_mgr/install/ros_gz_interfaces/share/ros_gz_interfaces/srv/DeleteEntity.srv
[3.088s] -- Up-to-date symlink: /home/vvoxel/ros2_ws_mgr/install/ros_gz_interfaces/share/ros_gz_interfaces/srv/SetEntityPose.srv
[3.088s] -- Up-to-date symlink: /home/vvoxel/ros2_ws_mgr/install/ros_gz_interfaces/share/ros_gz_interfaces/srv/SpawnEntity.srv
[3.088s] -- Up-to-date symlink: /home/vvoxel/ros2_ws_mgr/install/ros_gz_interfaces/share/ament_index/resource_index/package_run_dependencies/ros_gz_interfaces
[3.088s] -- Up-to-date symlink: /home/vvoxel/ros2_ws_mgr/install/ros_gz_interfaces/share/ament_index/resource_index/parent_prefix_path/ros_gz_interfaces
[3.088s] -- Up-to-date symlink: /home/vvoxel/ros2_ws_mgr/install/ros_gz_interfaces/share/ros_gz_interfaces/environment/ament_prefix_path.sh
[3.089s] -- Up-to-date symlink: /home/vvoxel/ros2_ws_mgr/install/ros_gz_interfaces/share/ros_gz_interfaces/environment/ament_prefix_path.dsv
[3.089s] -- Up-to-date symlink: /home/vvoxel/ros2_ws_mgr/install/ros_gz_interfaces/share/ros_gz_interfaces/environment/path.sh
[3.089s] -- Up-to-date symlink: /home/vvoxel/ros2_ws_mgr/install/ros_gz_interfaces/share/ros_gz_interfaces/environment/path.dsv
[3.089s] -- Up-to-date symlink: /home/vvoxel/ros2_ws_mgr/install/ros_gz_interfaces/share/ros_gz_interfaces/local_setup.bash
[3.089s] -- Up-to-date symlink: /home/vvoxel/ros2_ws_mgr/install/ros_gz_interfaces/share/ros_gz_interfaces/local_setup.sh
[3.089s] -- Up-to-date symlink: /home/vvoxel/ros2_ws_mgr/install/ros_gz_interfaces/share/ros_gz_interfaces/local_setup.zsh
[3.089s] -- Up-to-date symlink: /home/vvoxel/ros2_ws_mgr/install/ros_gz_interfaces/share/ros_gz_interfaces/local_setup.dsv
[3.090s] -- Symlinking: /home/vvoxel/ros2_ws_mgr/install/ros_gz_interfaces/share/ros_gz_interfaces/package.dsv
[3.090s] -- Up-to-date symlink: /home/vvoxel/ros2_ws_mgr/install/ros_gz_interfaces/share/ament_index/resource_index/packages/ros_gz_interfaces
[3.091s] -- Up-to-date symlink: /home/vvoxel/ros2_ws_mgr/install/ros_gz_interfaces/share/ros_gz_interfaces/cmake/rosidl_cmake-extras.cmake
[3.091s] -- Up-to-date symlink: /home/vvoxel/ros2_ws_mgr/install/ros_gz_interfaces/share/ros_gz_interfaces/cmake/ament_cmake_export_dependencies-extras.cmake
[3.091s] -- Up-to-date symlink: /home/vvoxel/ros2_ws_mgr/install/ros_gz_interfaces/share/ros_gz_interfaces/cmake/ament_cmake_export_include_directories-extras.cmake
[3.091s] -- Up-to-date symlink: /home/vvoxel/ros2_ws_mgr/install/ros_gz_interfaces/share/ros_gz_interfaces/cmake/ament_cmake_export_libraries-extras.cmake
[3.091s] -- Up-to-date symlink: /home/vvoxel/ros2_ws_mgr/install/ros_gz_interfaces/share/ros_gz_interfaces/cmake/ament_cmake_export_targets-extras.cmake
[3.091s] -- Up-to-date symlink: /home/vvoxel/ros2_ws_mgr/install/ros_gz_interfaces/share/ros_gz_interfaces/cmake/rosidl_cmake_export_typesupport_targets-extras.cmake
[3.091s] -- Up-to-date symlink: /home/vvoxel/ros2_ws_mgr/install/ros_gz_interfaces/share/ros_gz_interfaces/cmake/rosidl_cmake_export_typesupport_libraries-extras.cmake
[3.092s] -- Up-to-date symlink: /home/vvoxel/ros2_ws_mgr/install/ros_gz_interfaces/share/ros_gz_interfaces/cmake/ros_gz_interfacesConfig.cmake
[3.092s] -- Up-to-date symlink: /home/vvoxel/ros2_ws_mgr/install/ros_gz_interfaces/share/ros_gz_interfaces/cmake/ros_gz_interfacesConfig-version.cmake
[3.092s] -- Up-to-date symlink: /home/vvoxel/ros2_ws_mgr/install/ros_gz_interfaces/share/ros_gz_interfaces/package.xml
[3.092s] -- Up-to-date: /home/vvoxel/ros2_ws_mgr/install/ros_gz_interfaces/lib/libros_gz_interfaces__rosidl_generator_c.so
[3.092s] -- Up-to-date: /home/vvoxel/ros2_ws_mgr/install/ros_gz_interfaces/lib/libros_gz_interfaces__rosidl_typesupport_fastrtps_c.so
[3.092s] -- Up-to-date: /home/vvoxel/ros2_ws_mgr/install/ros_gz_interfaces/lib/libros_gz_interfaces__rosidl_typesupport_fastrtps_cpp.so
[3.092s] -- Up-to-date: /home/vvoxel/ros2_ws_mgr/install/ros_gz_interfaces/lib/libros_gz_interfaces__rosidl_typesupport_introspection_c.so
[3.092s] -- Up-to-date: /home/vvoxel/ros2_ws_mgr/install/ros_gz_interfaces/lib/libros_gz_interfaces__rosidl_typesupport_c.so
[3.093s] -- Up-to-date: /home/vvoxel/ros2_ws_mgr/install/ros_gz_interfaces/lib/libros_gz_interfaces__rosidl_typesupport_introspection_cpp.so
[3.093s] -- Up-to-date: /home/vvoxel/ros2_ws_mgr/install/ros_gz_interfaces/lib/libros_gz_interfaces__rosidl_typesupport_cpp.so
[3.138s] Listing '/home/vvoxel/ros2_ws_mgr/install/ros_gz_interfaces/lib/python3.12/site-packages/ros_gz_interfaces'...
[3.139s] Listing '/home/vvoxel/ros2_ws_mgr/install/ros_gz_interfaces/lib/python3.12/site-packages/ros_gz_interfaces/msg'...
[3.139s] Listing '/home/vvoxel/ros2_ws_mgr/install/ros_gz_interfaces/lib/python3.12/site-packages/ros_gz_interfaces/srv'...
[3.151s] -- Up-to-date: /home/vvoxel/ros2_ws_mgr/install/ros_gz_interfaces/lib/libros_gz_interfaces__rosidl_generator_py.so
[3.152s] -- Up-to-date: /home/vvoxel/ros2_ws_mgr/install/ros_gz_interfaces/share/ros_gz_interfaces/cmake/export_ros_gz_interfaces__rosidl_generator_cExport.cmake
[3.152s] -- Up-to-date: /home/vvoxel/ros2_ws_mgr/install/ros_gz_interfaces/share/ros_gz_interfaces/cmake/export_ros_gz_interfaces__rosidl_generator_cExport-noconfig.cmake
[3.152s] -- Up-to-date: /home/vvoxel/ros2_ws_mgr/install/ros_gz_interfaces/share/ros_gz_interfaces/cmake/export_ros_gz_interfaces__rosidl_typesupport_fastrtps_cExport.cmake
[3.152s] -- Up-to-date: /home/vvoxel/ros2_ws_mgr/install/ros_gz_interfaces/share/ros_gz_interfaces/cmake/export_ros_gz_interfaces__rosidl_typesupport_fastrtps_cExport-noconfig.cmake
[3.153s] -- Up-to-date: /home/vvoxel/ros2_ws_mgr/install/ros_gz_interfaces/share/ros_gz_interfaces/cmake/export_ros_gz_interfaces__rosidl_generator_cppExport.cmake
[3.153s] -- Up-to-date: /home/vvoxel/ros2_ws_mgr/install/ros_gz_interfaces/share/ros_gz_interfaces/cmake/export_ros_gz_interfaces__rosidl_typesupport_fastrtps_cppExport.cmake
[3.153s] -- Up-to-date: /home/vvoxel/ros2_ws_mgr/install/ros_gz_interfaces/share/ros_gz_interfaces/cmake/export_ros_gz_interfaces__rosidl_typesupport_fastrtps_cppExport-noconfig.cmake
[3.153s] -- Up-to-date: /home/vvoxel/ros2_ws_mgr/install/ros_gz_interfaces/share/ros_gz_interfaces/cmake/ros_gz_interfaces__rosidl_typesupport_introspection_cExport.cmake
[3.153s] -- Up-to-date: /home/vvoxel/ros2_ws_mgr/install/ros_gz_interfaces/share/ros_gz_interfaces/cmake/ros_gz_interfaces__rosidl_typesupport_introspection_cExport-noconfig.cmake
[3.153s] -- Up-to-date: /home/vvoxel/ros2_ws_mgr/install/ros_gz_interfaces/share/ros_gz_interfaces/cmake/ros_gz_interfaces__rosidl_typesupport_cExport.cmake
[3.154s] -- Up-to-date: /home/vvoxel/ros2_ws_mgr/install/ros_gz_interfaces/share/ros_gz_interfaces/cmake/ros_gz_interfaces__rosidl_typesupport_cExport-noconfig.cmake
[3.154s] -- Up-to-date: /home/vvoxel/ros2_ws_mgr/install/ros_gz_interfaces/share/ros_gz_interfaces/cmake/ros_gz_interfaces__rosidl_typesupport_introspection_cppExport.cmake
[3.154s] -- Up-to-date: /home/vvoxel/ros2_ws_mgr/install/ros_gz_interfaces/share/ros_gz_interfaces/cmake/ros_gz_interfaces__rosidl_typesupport_introspection_cppExport-noconfig.cmake
[3.154s] -- Up-to-date: /home/vvoxel/ros2_ws_mgr/install/ros_gz_interfaces/share/ros_gz_interfaces/cmake/ros_gz_interfaces__rosidl_typesupport_cppExport.cmake
[3.154s] -- Up-to-date: /home/vvoxel/ros2_ws_mgr/install/ros_gz_interfaces/share/ros_gz_interfaces/cmake/ros_gz_interfaces__rosidl_typesupport_cppExport-noconfig.cmake
[3.154s] -- Up-to-date: /home/vvoxel/ros2_ws_mgr/install/ros_gz_interfaces/share/ros_gz_interfaces/cmake/export_ros_gz_interfaces__rosidl_generator_pyExport.cmake
[3.155s] -- Up-to-date: /home/vvoxel/ros2_ws_mgr/install/ros_gz_interfaces/share/ros_gz_interfaces/cmake/export_ros_gz_interfaces__rosidl_generator_pyExport-noconfig.cmake
[3.469s] Invoked command in '/home/vvoxel/ros2_ws_mgr/build/ros_gz_interfaces' returned '0': CMAKE_PREFIX_PATH=/home/vvoxel/ros2_ws_mgr/install/sim_launcher:/opt/ros/jazzy:${CMAKE_PREFIX_PATH} DEBUGINFOD_URLS=https://debuginfod.ubuntu.com /usr/bin/cmake --install /home/vvoxel/ros2_ws_mgr/build/ros_gz_interfaces
