[0.101s] Invoking command in '/home/vvoxel/ros2_ws_mgr/build/ros_gz_interfaces': CMAKE_PREFIX_PATH=/home/vvoxel/ros2_ws_mgr/install/sim_launcher:/opt/ros/jazzy:${CMAKE_PREFIX_PATH} DEBUGINFOD_URLS=https://debuginfod.ubuntu.com /usr/bin/cmake --build /home/vvoxel/ros2_ws_mgr/build/ros_gz_interfaces -- -j8 -l8
[0.441s] [  0%] Built target ament_cmake_python_symlink_ros_gz_interfaces
[0.525s] [  0%] Built target ros_gz_interfaces__rosidl_generator_type_description
[0.706s] [  0%] Built target ros_gz_interfaces__cpp
[1.074s] [ 28%] Built target ros_gz_interfaces__rosidl_generator_c
[1.306s] [ 37%] Built target ros_gz_interfaces__rosidl_typesupport_introspection_c
[1.321s] [ 47%] Built target ros_gz_interfaces__rosidl_typesupport_c
[1.441s] [ 57%] Built target ros_gz_interfaces__rosidl_typesupport_cpp
[1.463s] [ 67%] Built target ros_gz_interfaces__rosidl_typesupport_fastrtps_c
[1.481s] [ 77%] Built target ros_gz_interfaces__rosidl_typesupport_introspection_cpp
[1.500s] [ 87%] Built target ros_gz_interfaces__rosidl_typesupport_fastrtps_cpp
[1.659s] [ 87%] Built target ros_gz_interfaces
[1.853s] [ 87%] Built target ros_gz_interfaces__py
[2.107s] [ 97%] Built target ros_gz_interfaces__rosidl_generator_py
[2.255s] running egg_info
[2.261s] [ 98%] Built target ros_gz_interfaces_s__rosidl_typesupport_c
[2.268s] [ 99%] Built target ros_gz_interfaces_s__rosidl_typesupport_introspection_c
[2.275s] [100%] Built target ros_gz_interfaces_s__rosidl_typesupport_fastrtps_c
[2.341s] writing ros_gz_interfaces.egg-info/PKG-INFO
[2.343s] writing dependency_links to ros_gz_interfaces.egg-info/dependency_links.txt
[2.343s] writing top-level names to ros_gz_interfaces.egg-info/top_level.txt
[2.621s] reading manifest file 'ros_gz_interfaces.egg-info/SOURCES.txt'
[2.623s] writing manifest file 'ros_gz_interfaces.egg-info/SOURCES.txt'
[2.640s] [100%] Built target ament_cmake_python_build_ros_gz_interfaces_egg
[2.713s] Invoked command in '/home/vvoxel/ros2_ws_mgr/build/ros_gz_interfaces' returned '0': CMAKE_PREFIX_PATH=/home/vvoxel/ros2_ws_mgr/install/sim_launcher:/opt/ros/jazzy:${CMAKE_PREFIX_PATH} DEBUGINFOD_URLS=https://debuginfod.ubuntu.com /usr/bin/cmake --build /home/vvoxel/ros2_ws_mgr/build/ros_gz_interfaces -- -j8 -l8
[2.715s] Invoking command in '/home/vvoxel/ros2_ws_mgr/build/ros_gz_interfaces': CMAKE_PREFIX_PATH=/home/vvoxel/ros2_ws_mgr/install/sim_launcher:/opt/ros/jazzy:${CMAKE_PREFIX_PATH} DEBUGINFOD_URLS=https://debuginfod.ubuntu.com /usr/bin/cmake --install /home/vvoxel/ros2_ws_mgr/build/ros_gz_interfaces
[2.740s] -- Install configuration: ""
[2.743s] -- Execute custom install script
[2.743s] -- Up-to-date symlink: /home/vvoxel/ros2_ws_mgr/install/ros_gz_interfaces/share/ament_index/resource_index/rosidl_interfaces/ros_gz_interfaces
[2.744s] -- Up-to-date symlink: /home/vvoxel/ros2_ws_mgr/install/ros_gz_interfaces/share/ros_gz_interfaces/msg/Altimeter.json
[2.744s] -- Up-to-date symlink: /home/vvoxel/ros2_ws_mgr/install/ros_gz_interfaces/share/ros_gz_interfaces/msg/Contact.json
[2.745s] -- Up-to-date symlink: /home/vvoxel/ros2_ws_mgr/install/ros_gz_interfaces/share/ros_gz_interfaces/msg/Contacts.json
[2.747s] -- Up-to-date symlink: /home/vvoxel/ros2_ws_mgr/install/ros_gz_interfaces/share/ros_gz_interfaces/msg/Dataframe.json
[2.747s] -- Up-to-date symlink: /home/vvoxel/ros2_ws_mgr/install/ros_gz_interfaces/share/ros_gz_interfaces/msg/Entity.json
[2.749s] -- Up-to-date symlink: /home/vvoxel/ros2_ws_mgr/install/ros_gz_interfaces/share/ros_gz_interfaces/msg/EntityFactory.json
[2.756s] -- Up-to-date symlink: /home/vvoxel/ros2_ws_mgr/install/ros_gz_interfaces/share/ros_gz_interfaces/msg/EntityWrench.json
[2.756s] -- Up-to-date symlink: /home/vvoxel/ros2_ws_mgr/install/ros_gz_interfaces/share/ros_gz_interfaces/msg/Float32Array.json
[2.757s] -- Up-to-date symlink: /home/vvoxel/ros2_ws_mgr/install/ros_gz_interfaces/share/ros_gz_interfaces/msg/GuiCamera.json
[2.757s] -- Up-to-date symlink: /home/vvoxel/ros2_ws_mgr/install/ros_gz_interfaces/share/ros_gz_interfaces/msg/JointWrench.json
[2.757s] -- Up-to-date symlink: /home/vvoxel/ros2_ws_mgr/install/ros_gz_interfaces/share/ros_gz_interfaces/msg/Light.json
[2.758s] -- Up-to-date symlink: /home/vvoxel/ros2_ws_mgr/install/ros_gz_interfaces/share/ros_gz_interfaces/msg/LogicalCameraImage.json
[2.758s] -- Up-to-date symlink: /home/vvoxel/ros2_ws_mgr/install/ros_gz_interfaces/share/ros_gz_interfaces/msg/LogicalCameraImageModel.json
[2.758s] -- Up-to-date symlink: /home/vvoxel/ros2_ws_mgr/install/ros_gz_interfaces/share/ros_gz_interfaces/msg/MaterialColor.json
[2.758s] -- Up-to-date symlink: /home/vvoxel/ros2_ws_mgr/install/ros_gz_interfaces/share/ros_gz_interfaces/msg/ParamVec.json
[2.759s] -- Up-to-date symlink: /home/vvoxel/ros2_ws_mgr/install/ros_gz_interfaces/share/ros_gz_interfaces/msg/SensorNoise.json
[2.759s] -- Up-to-date symlink: /home/vvoxel/ros2_ws_mgr/install/ros_gz_interfaces/share/ros_gz_interfaces/msg/StringVec.json
[2.759s] -- Up-to-date symlink: /home/vvoxel/ros2_ws_mgr/install/ros_gz_interfaces/share/ros_gz_interfaces/msg/TrackVisual.json
[2.760s] -- Up-to-date symlink: /home/vvoxel/ros2_ws_mgr/install/ros_gz_interfaces/share/ros_gz_interfaces/msg/VideoRecord.json
[2.760s] -- Up-to-date symlink: /home/vvoxel/ros2_ws_mgr/install/ros_gz_interfaces/share/ros_gz_interfaces/msg/WorldControl.json
[2.761s] -- Up-to-date symlink: /home/vvoxel/ros2_ws_mgr/install/ros_gz_interfaces/share/ros_gz_interfaces/msg/WorldReset.json
[2.762s] -- Up-to-date symlink: /home/vvoxel/ros2_ws_mgr/install/ros_gz_interfaces/share/ros_gz_interfaces/srv/ControlWorld.json
[2.762s] -- Up-to-date symlink: /home/vvoxel/ros2_ws_mgr/install/ros_gz_interfaces/share/ros_gz_interfaces/srv/DeleteEntity.json
[2.763s] -- Up-to-date symlink: /home/vvoxel/ros2_ws_mgr/install/ros_gz_interfaces/share/ros_gz_interfaces/srv/SetEntityPose.json
[2.763s] -- Up-to-date symlink: /home/vvoxel/ros2_ws_mgr/install/ros_gz_interfaces/share/ros_gz_interfaces/srv/SpawnEntity.json
[2.765s] -- Up-to-date symlink: /home/vvoxel/ros2_ws_mgr/install/ros_gz_interfaces/include/ros_gz_interfaces/ros_gz_interfaces/msg/altimeter.h
[2.765s] -- Up-to-date symlink: /home/vvoxel/ros2_ws_mgr/install/ros_gz_interfaces/include/ros_gz_interfaces/ros_gz_interfaces/msg/contact.h
[2.766s] -- Up-to-date symlink: /home/vvoxel/ros2_ws_mgr/install/ros_gz_interfaces/include/ros_gz_interfaces/ros_gz_interfaces/msg/contacts.h
[2.766s] -- Up-to-date symlink: /home/vvoxel/ros2_ws_mgr/install/ros_gz_interfaces/include/ros_gz_interfaces/ros_gz_interfaces/msg/dataframe.h
[2.766s] -- Up-to-date symlink: /home/vvoxel/ros2_ws_mgr/install/ros_gz_interfaces/include/ros_gz_interfaces/ros_gz_interfaces/msg/detail/altimeter__functions.h
[2.766s] -- Up-to-date symlink: /home/vvoxel/ros2_ws_mgr/install/ros_gz_interfaces/include/ros_gz_interfaces/ros_gz_interfaces/msg/detail/altimeter__struct.h
[2.767s] -- Up-to-date symlink: /home/vvoxel/ros2_ws_mgr/install/ros_gz_interfaces/include/ros_gz_interfaces/ros_gz_interfaces/msg/detail/altimeter__type_support.h
[2.767s] -- Up-to-date symlink: /home/vvoxel/ros2_ws_mgr/install/ros_gz_interfaces/include/ros_gz_interfaces/ros_gz_interfaces/msg/detail/contact__functions.h
[2.767s] -- Up-to-date symlink: /home/vvoxel/ros2_ws_mgr/install/ros_gz_interfaces/include/ros_gz_interfaces/ros_gz_interfaces/msg/detail/contact__struct.h
[2.768s] -- Up-to-date symlink: /home/vvoxel/ros2_ws_mgr/install/ros_gz_interfaces/include/ros_gz_interfaces/ros_gz_interfaces/msg/detail/contact__type_support.h
[2.768s] -- Up-to-date symlink: /home/vvoxel/ros2_ws_mgr/install/ros_gz_interfaces/include/ros_gz_interfaces/ros_gz_interfaces/msg/detail/contacts__functions.h
[2.768s] -- Up-to-date symlink: /home/vvoxel/ros2_ws_mgr/install/ros_gz_interfaces/include/ros_gz_interfaces/ros_gz_interfaces/msg/detail/contacts__struct.h
[2.769s] -- Up-to-date symlink: /home/vvoxel/ros2_ws_mgr/install/ros_gz_interfaces/include/ros_gz_interfaces/ros_gz_interfaces/msg/detail/contacts__type_support.h
[2.769s] -- Up-to-date symlink: /home/vvoxel/ros2_ws_mgr/install/ros_gz_interfaces/include/ros_gz_interfaces/ros_gz_interfaces/msg/detail/dataframe__functions.h
[2.769s] -- Up-to-date symlink: /home/vvoxel/ros2_ws_mgr/install/ros_gz_interfaces/include/ros_gz_interfaces/ros_gz_interfaces/msg/detail/dataframe__struct.h
[2.770s] -- Up-to-date symlink: /home/vvoxel/ros2_ws_mgr/install/ros_gz_interfaces/include/ros_gz_interfaces/ros_gz_interfaces/msg/detail/dataframe__type_support.h
[2.770s] -- Up-to-date symlink: /home/vvoxel/ros2_ws_mgr/install/ros_gz_interfaces/include/ros_gz_interfaces/ros_gz_interfaces/msg/detail/entity__functions.h
[2.770s] -- Up-to-date symlink: /home/vvoxel/ros2_ws_mgr/install/ros_gz_interfaces/include/ros_gz_interfaces/ros_gz_interfaces/msg/detail/entity__struct.h
[2.770s] -- Up-to-date symlink: /home/vvoxel/ros2_ws_mgr/install/ros_gz_interfaces/include/ros_gz_interfaces/ros_gz_interfaces/msg/detail/entity__type_support.h
[2.771s] -- Up-to-date symlink: /home/vvoxel/ros2_ws_mgr/install/ros_gz_interfaces/include/ros_gz_interfaces/ros_gz_interfaces/msg/detail/entity_factory__functions.h
[2.771s] -- Up-to-date symlink: /home/vvoxel/ros2_ws_mgr/install/ros_gz_interfaces/include/ros_gz_interfaces/ros_gz_interfaces/msg/detail/entity_factory__struct.h
[2.771s] -- Up-to-date symlink: /home/vvoxel/ros2_ws_mgr/install/ros_gz_interfaces/include/ros_gz_interfaces/ros_gz_interfaces/msg/detail/entity_factory__type_support.h
[2.772s] -- Up-to-date symlink: /home/vvoxel/ros2_ws_mgr/install/ros_gz_interfaces/include/ros_gz_interfaces/ros_gz_interfaces/msg/detail/entity_wrench__functions.h
[2.772s] -- Up-to-date symlink: /home/vvoxel/ros2_ws_mgr/install/ros_gz_interfaces/include/ros_gz_interfaces/ros_gz_interfaces/msg/detail/entity_wrench__struct.h
[2.773s] -- Up-to-date symlink: /home/vvoxel/ros2_ws_mgr/install/ros_gz_interfaces/include/ros_gz_interfaces/ros_gz_interfaces/msg/detail/entity_wrench__type_support.h
[2.773s] -- Up-to-date symlink: /home/vvoxel/ros2_ws_mgr/install/ros_gz_interfaces/include/ros_gz_interfaces/ros_gz_interfaces/msg/detail/float32_array__functions.h
[2.773s] -- Up-to-date symlink: /home/vvoxel/ros2_ws_mgr/install/ros_gz_interfaces/include/ros_gz_interfaces/ros_gz_interfaces/msg/detail/float32_array__struct.h
[2.773s] -- Up-to-date symlink: /home/vvoxel/ros2_ws_mgr/install/ros_gz_interfaces/include/ros_gz_interfaces/ros_gz_interfaces/msg/detail/float32_array__type_support.h
[2.774s] -- Up-to-date symlink: /home/vvoxel/ros2_ws_mgr/install/ros_gz_interfaces/include/ros_gz_interfaces/ros_gz_interfaces/msg/detail/gui_camera__functions.h
[2.774s] -- Up-to-date symlink: /home/vvoxel/ros2_ws_mgr/install/ros_gz_interfaces/include/ros_gz_interfaces/ros_gz_interfaces/msg/detail/gui_camera__struct.h
[2.774s] -- Up-to-date symlink: /home/vvoxel/ros2_ws_mgr/install/ros_gz_interfaces/include/ros_gz_interfaces/ros_gz_interfaces/msg/detail/gui_camera__type_support.h
[2.775s] -- Up-to-date symlink: /home/vvoxel/ros2_ws_mgr/install/ros_gz_interfaces/include/ros_gz_interfaces/ros_gz_interfaces/msg/detail/joint_wrench__functions.h
[2.775s] -- Up-to-date symlink: /home/vvoxel/ros2_ws_mgr/install/ros_gz_interfaces/include/ros_gz_interfaces/ros_gz_interfaces/msg/detail/joint_wrench__struct.h
[2.775s] -- Up-to-date symlink: /home/vvoxel/ros2_ws_mgr/install/ros_gz_interfaces/include/ros_gz_interfaces/ros_gz_interfaces/msg/detail/joint_wrench__type_support.h
[2.776s] -- Up-to-date symlink: /home/vvoxel/ros2_ws_mgr/install/ros_gz_interfaces/include/ros_gz_interfaces/ros_gz_interfaces/msg/detail/light__functions.h
[2.776s] -- Up-to-date symlink: /home/vvoxel/ros2_ws_mgr/install/ros_gz_interfaces/include/ros_gz_interfaces/ros_gz_interfaces/msg/detail/light__struct.h
[2.776s] -- Up-to-date symlink: /home/vvoxel/ros2_ws_mgr/install/ros_gz_interfaces/include/ros_gz_interfaces/ros_gz_interfaces/msg/detail/light__type_support.h
[2.777s] -- Up-to-date symlink: /home/vvoxel/ros2_ws_mgr/install/ros_gz_interfaces/include/ros_gz_interfaces/ros_gz_interfaces/msg/detail/logical_camera_image__functions.h
[2.777s] -- Up-to-date symlink: /home/vvoxel/ros2_ws_mgr/install/ros_gz_interfaces/include/ros_gz_interfaces/ros_gz_interfaces/msg/detail/logical_camera_image__struct.h
[2.777s] -- Up-to-date symlink: /home/vvoxel/ros2_ws_mgr/install/ros_gz_interfaces/include/ros_gz_interfaces/ros_gz_interfaces/msg/detail/logical_camera_image__type_support.h
[2.777s] -- Up-to-date symlink: /home/vvoxel/ros2_ws_mgr/install/ros_gz_interfaces/include/ros_gz_interfaces/ros_gz_interfaces/msg/detail/logical_camera_image_model__functions.h
[2.778s] -- Up-to-date symlink: /home/vvoxel/ros2_ws_mgr/install/ros_gz_interfaces/include/ros_gz_interfaces/ros_gz_interfaces/msg/detail/logical_camera_image_model__struct.h
[2.778s] -- Up-to-date symlink: /home/vvoxel/ros2_ws_mgr/install/ros_gz_interfaces/include/ros_gz_interfaces/ros_gz_interfaces/msg/detail/logical_camera_image_model__type_support.h
[2.778s] -- Up-to-date symlink: /home/vvoxel/ros2_ws_mgr/install/ros_gz_interfaces/include/ros_gz_interfaces/ros_gz_interfaces/msg/detail/material_color__functions.h
[2.779s] -- Up-to-date symlink: /home/vvoxel/ros2_ws_mgr/install/ros_gz_interfaces/include/ros_gz_interfaces/ros_gz_interfaces/msg/detail/material_color__struct.h
[2.779s] -- Up-to-date symlink: /home/vvoxel/ros2_ws_mgr/install/ros_gz_interfaces/include/ros_gz_interfaces/ros_gz_interfaces/msg/detail/material_color__type_support.h
[2.779s] -- Up-to-date symlink: /home/vvoxel/ros2_ws_mgr/install/ros_gz_interfaces/include/ros_gz_interfaces/ros_gz_interfaces/msg/detail/param_vec__functions.h
[2.780s] -- Up-to-date symlink: /home/vvoxel/ros2_ws_mgr/install/ros_gz_interfaces/include/ros_gz_interfaces/ros_gz_interfaces/msg/detail/param_vec__struct.h
[2.780s] -- Up-to-date symlink: /home/vvoxel/ros2_ws_mgr/install/ros_gz_interfaces/include/ros_gz_interfaces/ros_gz_interfaces/msg/detail/param_vec__type_support.h
[2.780s] -- Up-to-date symlink: /home/vvoxel/ros2_ws_mgr/install/ros_gz_interfaces/include/ros_gz_interfaces/ros_gz_interfaces/msg/detail/sensor_noise__functions.h
[2.781s] -- Up-to-date symlink: /home/vvoxel/ros2_ws_mgr/install/ros_gz_interfaces/include/ros_gz_interfaces/ros_gz_interfaces/msg/detail/sensor_noise__struct.h
[2.781s] -- Up-to-date symlink: /home/vvoxel/ros2_ws_mgr/install/ros_gz_interfaces/include/ros_gz_interfaces/ros_gz_interfaces/msg/detail/sensor_noise__type_support.h
[2.781s] -- Up-to-date symlink: /home/vvoxel/ros2_ws_mgr/install/ros_gz_interfaces/include/ros_gz_interfaces/ros_gz_interfaces/msg/detail/string_vec__functions.h
[2.782s] -- Up-to-date symlink: /home/vvoxel/ros2_ws_mgr/install/ros_gz_interfaces/include/ros_gz_interfaces/ros_gz_interfaces/msg/detail/string_vec__struct.h
[2.782s] -- Up-to-date symlink: /home/vvoxel/ros2_ws_mgr/install/ros_gz_interfaces/include/ros_gz_interfaces/ros_gz_interfaces/msg/detail/string_vec__type_support.h
[2.782s] -- Up-to-date symlink: /home/vvoxel/ros2_ws_mgr/install/ros_gz_interfaces/include/ros_gz_interfaces/ros_gz_interfaces/msg/detail/track_visual__functions.h
[2.783s] -- Up-to-date symlink: /home/vvoxel/ros2_ws_mgr/install/ros_gz_interfaces/include/ros_gz_interfaces/ros_gz_interfaces/msg/detail/track_visual__struct.h
[2.783s] -- Up-to-date symlink: /home/vvoxel/ros2_ws_mgr/install/ros_gz_interfaces/include/ros_gz_interfaces/ros_gz_interfaces/msg/detail/track_visual__type_support.h
[2.783s] -- Up-to-date symlink: /home/vvoxel/ros2_ws_mgr/install/ros_gz_interfaces/include/ros_gz_interfaces/ros_gz_interfaces/msg/detail/video_record__functions.h
[2.784s] -- Up-to-date symlink: /home/vvoxel/ros2_ws_mgr/install/ros_gz_interfaces/include/ros_gz_interfaces/ros_gz_interfaces/msg/detail/video_record__struct.h
[2.784s] -- Up-to-date symlink: /home/vvoxel/ros2_ws_mgr/install/ros_gz_interfaces/include/ros_gz_interfaces/ros_gz_interfaces/msg/detail/video_record__type_support.h
[2.784s] -- Up-to-date symlink: /home/vvoxel/ros2_ws_mgr/install/ros_gz_interfaces/include/ros_gz_interfaces/ros_gz_interfaces/msg/detail/world_control__functions.h
[2.785s] -- Up-to-date symlink: /home/vvoxel/ros2_ws_mgr/install/ros_gz_interfaces/include/ros_gz_interfaces/ros_gz_interfaces/msg/detail/world_control__struct.h
[2.785s] -- Up-to-date symlink: /home/vvoxel/ros2_ws_mgr/install/ros_gz_interfaces/include/ros_gz_interfaces/ros_gz_interfaces/msg/detail/world_control__type_support.h
[2.786s] -- Up-to-date symlink: /home/vvoxel/ros2_ws_mgr/install/ros_gz_interfaces/include/ros_gz_interfaces/ros_gz_interfaces/msg/detail/world_reset__functions.h
[2.787s] -- Up-to-date symlink: /home/vvoxel/ros2_ws_mgr/install/ros_gz_interfaces/include/ros_gz_interfaces/ros_gz_interfaces/msg/detail/world_reset__struct.h
[2.788s] -- Up-to-date symlink: /home/vvoxel/ros2_ws_mgr/install/ros_gz_interfaces/include/ros_gz_interfaces/ros_gz_interfaces/msg/detail/world_reset__type_support.h
[2.788s] -- Up-to-date symlink: /home/vvoxel/ros2_ws_mgr/install/ros_gz_interfaces/include/ros_gz_interfaces/ros_gz_interfaces/msg/entity.h
[2.788s] -- Up-to-date symlink: /home/vvoxel/ros2_ws_mgr/install/ros_gz_interfaces/include/ros_gz_interfaces/ros_gz_interfaces/msg/entity_factory.h
[2.789s] -- Up-to-date symlink: /home/vvoxel/ros2_ws_mgr/install/ros_gz_interfaces/include/ros_gz_interfaces/ros_gz_interfaces/msg/entity_wrench.h
[2.789s] -- Up-to-date symlink: /home/vvoxel/ros2_ws_mgr/install/ros_gz_interfaces/include/ros_gz_interfaces/ros_gz_interfaces/msg/float32_array.h
[2.790s] -- Up-to-date symlink: /home/vvoxel/ros2_ws_mgr/install/ros_gz_interfaces/include/ros_gz_interfaces/ros_gz_interfaces/msg/gui_camera.h
[2.791s] -- Up-to-date symlink: /home/vvoxel/ros2_ws_mgr/install/ros_gz_interfaces/include/ros_gz_interfaces/ros_gz_interfaces/msg/joint_wrench.h
[2.791s] -- Up-to-date symlink: /home/vvoxel/ros2_ws_mgr/install/ros_gz_interfaces/include/ros_gz_interfaces/ros_gz_interfaces/msg/light.h
[2.792s] -- Up-to-date symlink: /home/vvoxel/ros2_ws_mgr/install/ros_gz_interfaces/include/ros_gz_interfaces/ros_gz_interfaces/msg/logical_camera_image.h
[2.792s] -- Up-to-date symlink: /home/vvoxel/ros2_ws_mgr/install/ros_gz_interfaces/include/ros_gz_interfaces/ros_gz_interfaces/msg/logical_camera_image_model.h
[2.792s] -- Up-to-date symlink: /home/vvoxel/ros2_ws_mgr/install/ros_gz_interfaces/include/ros_gz_interfaces/ros_gz_interfaces/msg/material_color.h
[2.793s] -- Up-to-date symlink: /home/vvoxel/ros2_ws_mgr/install/ros_gz_interfaces/include/ros_gz_interfaces/ros_gz_interfaces/msg/param_vec.h
[2.793s] -- Up-to-date symlink: /home/vvoxel/ros2_ws_mgr/install/ros_gz_interfaces/include/ros_gz_interfaces/ros_gz_interfaces/msg/rosidl_generator_c__visibility_control.h
[2.793s] -- Up-to-date symlink: /home/vvoxel/ros2_ws_mgr/install/ros_gz_interfaces/include/ros_gz_interfaces/ros_gz_interfaces/msg/sensor_noise.h
[2.794s] -- Up-to-date symlink: /home/vvoxel/ros2_ws_mgr/install/ros_gz_interfaces/include/ros_gz_interfaces/ros_gz_interfaces/msg/string_vec.h
[2.794s] -- Up-to-date symlink: /home/vvoxel/ros2_ws_mgr/install/ros_gz_interfaces/include/ros_gz_interfaces/ros_gz_interfaces/msg/track_visual.h
[2.795s] -- Up-to-date symlink: /home/vvoxel/ros2_ws_mgr/install/ros_gz_interfaces/include/ros_gz_interfaces/ros_gz_interfaces/msg/video_record.h
[2.795s] -- Up-to-date symlink: /home/vvoxel/ros2_ws_mgr/install/ros_gz_interfaces/include/ros_gz_interfaces/ros_gz_interfaces/msg/world_control.h
[2.795s] -- Up-to-date symlink: /home/vvoxel/ros2_ws_mgr/install/ros_gz_interfaces/include/ros_gz_interfaces/ros_gz_interfaces/msg/world_reset.h
[2.796s] -- Up-to-date symlink: /home/vvoxel/ros2_ws_mgr/install/ros_gz_interfaces/include/ros_gz_interfaces/ros_gz_interfaces/srv/control_world.h
[2.796s] -- Up-to-date symlink: /home/vvoxel/ros2_ws_mgr/install/ros_gz_interfaces/include/ros_gz_interfaces/ros_gz_interfaces/srv/delete_entity.h
[2.796s] -- Up-to-date symlink: /home/vvoxel/ros2_ws_mgr/install/ros_gz_interfaces/include/ros_gz_interfaces/ros_gz_interfaces/srv/detail/control_world__functions.h
[2.796s] -- Up-to-date symlink: /home/vvoxel/ros2_ws_mgr/install/ros_gz_interfaces/include/ros_gz_interfaces/ros_gz_interfaces/srv/detail/control_world__struct.h
[2.797s] -- Up-to-date symlink: /home/vvoxel/ros2_ws_mgr/install/ros_gz_interfaces/include/ros_gz_interfaces/ros_gz_interfaces/srv/detail/control_world__type_support.h
[2.797s] -- Up-to-date symlink: /home/vvoxel/ros2_ws_mgr/install/ros_gz_interfaces/include/ros_gz_interfaces/ros_gz_interfaces/srv/detail/delete_entity__functions.h
[2.797s] -- Up-to-date symlink: /home/vvoxel/ros2_ws_mgr/install/ros_gz_interfaces/include/ros_gz_interfaces/ros_gz_interfaces/srv/detail/delete_entity__struct.h
[2.798s] -- Up-to-date symlink: /home/vvoxel/ros2_ws_mgr/install/ros_gz_interfaces/include/ros_gz_interfaces/ros_gz_interfaces/srv/detail/delete_entity__type_support.h
[2.798s] -- Up-to-date symlink: /home/vvoxel/ros2_ws_mgr/install/ros_gz_interfaces/include/ros_gz_interfaces/ros_gz_interfaces/srv/detail/set_entity_pose__functions.h
[2.798s] -- Up-to-date symlink: /home/vvoxel/ros2_ws_mgr/install/ros_gz_interfaces/include/ros_gz_interfaces/ros_gz_interfaces/srv/detail/set_entity_pose__struct.h
[2.798s] -- Up-to-date symlink: /home/vvoxel/ros2_ws_mgr/install/ros_gz_interfaces/include/ros_gz_interfaces/ros_gz_interfaces/srv/detail/set_entity_pose__type_support.h
[2.799s] -- Up-to-date symlink: /home/vvoxel/ros2_ws_mgr/install/ros_gz_interfaces/include/ros_gz_interfaces/ros_gz_interfaces/srv/detail/spawn_entity__functions.h
[2.799s] -- Up-to-date symlink: /home/vvoxel/ros2_ws_mgr/install/ros_gz_interfaces/include/ros_gz_interfaces/ros_gz_interfaces/srv/detail/spawn_entity__struct.h
[2.799s] -- Up-to-date symlink: /home/vvoxel/ros2_ws_mgr/install/ros_gz_interfaces/include/ros_gz_interfaces/ros_gz_interfaces/srv/detail/spawn_entity__type_support.h
[2.800s] -- Up-to-date symlink: /home/vvoxel/ros2_ws_mgr/install/ros_gz_interfaces/include/ros_gz_interfaces/ros_gz_interfaces/srv/set_entity_pose.h
[2.800s] -- Up-to-date symlink: /home/vvoxel/ros2_ws_mgr/install/ros_gz_interfaces/include/ros_gz_interfaces/ros_gz_interfaces/srv/spawn_entity.h
[2.800s] -- Up-to-date symlink: /home/vvoxel/ros2_ws_mgr/install/ros_gz_interfaces/share/ros_gz_interfaces/environment/library_path.sh
[2.801s] -- Up-to-date symlink: /home/vvoxel/ros2_ws_mgr/install/ros_gz_interfaces/share/ros_gz_interfaces/environment/library_path.dsv
[2.801s] -- Up-to-date symlink: /home/vvoxel/ros2_ws_mgr/install/ros_gz_interfaces/include/ros_gz_interfaces/ros_gz_interfaces/msg/detail/altimeter__rosidl_typesupport_fastrtps_c.h
[2.801s] -- Up-to-date symlink: /home/vvoxel/ros2_ws_mgr/install/ros_gz_interfaces/include/ros_gz_interfaces/ros_gz_interfaces/msg/detail/contact__rosidl_typesupport_fastrtps_c.h
[2.802s] -- Up-to-date symlink: /home/vvoxel/ros2_ws_mgr/install/ros_gz_interfaces/include/ros_gz_interfaces/ros_gz_interfaces/msg/detail/contacts__rosidl_typesupport_fastrtps_c.h
[2.802s] -- Up-to-date symlink: /home/vvoxel/ros2_ws_mgr/install/ros_gz_interfaces/include/ros_gz_interfaces/ros_gz_interfaces/msg/detail/dataframe__rosidl_typesupport_fastrtps_c.h
[2.802s] -- Up-to-date symlink: /home/vvoxel/ros2_ws_mgr/install/ros_gz_interfaces/include/ros_gz_interfaces/ros_gz_interfaces/msg/detail/entity__rosidl_typesupport_fastrtps_c.h
[2.802s] -- Up-to-date symlink: /home/vvoxel/ros2_ws_mgr/install/ros_gz_interfaces/include/ros_gz_interfaces/ros_gz_interfaces/msg/detail/entity_factory__rosidl_typesupport_fastrtps_c.h
[2.803s] -- Up-to-date symlink: /home/vvoxel/ros2_ws_mgr/install/ros_gz_interfaces/include/ros_gz_interfaces/ros_gz_interfaces/msg/detail/entity_wrench__rosidl_typesupport_fastrtps_c.h
[2.803s] -- Up-to-date symlink: /home/vvoxel/ros2_ws_mgr/install/ros_gz_interfaces/include/ros_gz_interfaces/ros_gz_interfaces/msg/detail/float32_array__rosidl_typesupport_fastrtps_c.h
[2.803s] -- Up-to-date symlink: /home/vvoxel/ros2_ws_mgr/install/ros_gz_interfaces/include/ros_gz_interfaces/ros_gz_interfaces/msg/detail/gui_camera__rosidl_typesupport_fastrtps_c.h
[2.804s] -- Up-to-date symlink: /home/vvoxel/ros2_ws_mgr/install/ros_gz_interfaces/include/ros_gz_interfaces/ros_gz_interfaces/msg/detail/joint_wrench__rosidl_typesupport_fastrtps_c.h
[2.804s] -- Up-to-date symlink: /home/vvoxel/ros2_ws_mgr/install/ros_gz_interfaces/include/ros_gz_interfaces/ros_gz_interfaces/msg/detail/light__rosidl_typesupport_fastrtps_c.h
[2.804s] -- Up-to-date symlink: /home/vvoxel/ros2_ws_mgr/install/ros_gz_interfaces/include/ros_gz_interfaces/ros_gz_interfaces/msg/detail/logical_camera_image__rosidl_typesupport_fastrtps_c.h
[2.804s] -- Up-to-date symlink: /home/vvoxel/ros2_ws_mgr/install/ros_gz_interfaces/include/ros_gz_interfaces/ros_gz_interfaces/msg/detail/logical_camera_image_model__rosidl_typesupport_fastrtps_c.h
[2.805s] -- Up-to-date symlink: /home/vvoxel/ros2_ws_mgr/install/ros_gz_interfaces/include/ros_gz_interfaces/ros_gz_interfaces/msg/detail/material_color__rosidl_typesupport_fastrtps_c.h
[2.805s] -- Up-to-date symlink: /home/vvoxel/ros2_ws_mgr/install/ros_gz_interfaces/include/ros_gz_interfaces/ros_gz_interfaces/msg/detail/param_vec__rosidl_typesupport_fastrtps_c.h
[2.805s] -- Up-to-date symlink: /home/vvoxel/ros2_ws_mgr/install/ros_gz_interfaces/include/ros_gz_interfaces/ros_gz_interfaces/msg/detail/sensor_noise__rosidl_typesupport_fastrtps_c.h
[2.806s] -- Up-to-date symlink: /home/vvoxel/ros2_ws_mgr/install/ros_gz_interfaces/include/ros_gz_interfaces/ros_gz_interfaces/msg/detail/string_vec__rosidl_typesupport_fastrtps_c.h
[2.806s] -- Up-to-date symlink: /home/vvoxel/ros2_ws_mgr/install/ros_gz_interfaces/include/ros_gz_interfaces/ros_gz_interfaces/msg/detail/track_visual__rosidl_typesupport_fastrtps_c.h
[2.806s] -- Up-to-date symlink: /home/vvoxel/ros2_ws_mgr/install/ros_gz_interfaces/include/ros_gz_interfaces/ros_gz_interfaces/msg/detail/video_record__rosidl_typesupport_fastrtps_c.h
[2.807s] -- Up-to-date symlink: /home/vvoxel/ros2_ws_mgr/install/ros_gz_interfaces/include/ros_gz_interfaces/ros_gz_interfaces/msg/detail/world_control__rosidl_typesupport_fastrtps_c.h
[2.807s] -- Up-to-date symlink: /home/vvoxel/ros2_ws_mgr/install/ros_gz_interfaces/include/ros_gz_interfaces/ros_gz_interfaces/msg/detail/world_reset__rosidl_typesupport_fastrtps_c.h
[2.807s] -- Up-to-date symlink: /home/vvoxel/ros2_ws_mgr/install/ros_gz_interfaces/include/ros_gz_interfaces/ros_gz_interfaces/msg/rosidl_typesupport_fastrtps_c__visibility_control.h
[2.807s] -- Up-to-date symlink: /home/vvoxel/ros2_ws_mgr/install/ros_gz_interfaces/include/ros_gz_interfaces/ros_gz_interfaces/srv/detail/control_world__rosidl_typesupport_fastrtps_c.h
[2.808s] -- Up-to-date symlink: /home/vvoxel/ros2_ws_mgr/install/ros_gz_interfaces/include/ros_gz_interfaces/ros_gz_interfaces/srv/detail/delete_entity__rosidl_typesupport_fastrtps_c.h
[2.808s] -- Up-to-date symlink: /home/vvoxel/ros2_ws_mgr/install/ros_gz_interfaces/include/ros_gz_interfaces/ros_gz_interfaces/srv/detail/set_entity_pose__rosidl_typesupport_fastrtps_c.h
[2.808s] -- Up-to-date symlink: /home/vvoxel/ros2_ws_mgr/install/ros_gz_interfaces/include/ros_gz_interfaces/ros_gz_interfaces/srv/detail/spawn_entity__rosidl_typesupport_fastrtps_c.h
[2.809s] -- Up-to-date symlink: /home/vvoxel/ros2_ws_mgr/install/ros_gz_interfaces/include/ros_gz_interfaces/ros_gz_interfaces/msg/altimeter.hpp
[2.809s] -- Up-to-date symlink: /home/vvoxel/ros2_ws_mgr/install/ros_gz_interfaces/include/ros_gz_interfaces/ros_gz_interfaces/msg/contact.hpp
[2.810s] -- Up-to-date symlink: /home/vvoxel/ros2_ws_mgr/install/ros_gz_interfaces/include/ros_gz_interfaces/ros_gz_interfaces/msg/contacts.hpp
[2.810s] -- Up-to-date symlink: /home/vvoxel/ros2_ws_mgr/install/ros_gz_interfaces/include/ros_gz_interfaces/ros_gz_interfaces/msg/dataframe.hpp
[2.811s] -- Up-to-date symlink: /home/vvoxel/ros2_ws_mgr/install/ros_gz_interfaces/include/ros_gz_interfaces/ros_gz_interfaces/msg/detail/altimeter__builder.hpp
[2.811s] -- Up-to-date symlink: /home/vvoxel/ros2_ws_mgr/install/ros_gz_interfaces/include/ros_gz_interfaces/ros_gz_interfaces/msg/detail/altimeter__struct.hpp
[2.811s] -- Up-to-date symlink: /home/vvoxel/ros2_ws_mgr/install/ros_gz_interfaces/include/ros_gz_interfaces/ros_gz_interfaces/msg/detail/altimeter__traits.hpp
[2.812s] -- Up-to-date symlink: /home/vvoxel/ros2_ws_mgr/install/ros_gz_interfaces/include/ros_gz_interfaces/ros_gz_interfaces/msg/detail/altimeter__type_support.hpp
[2.812s] -- Up-to-date symlink: /home/vvoxel/ros2_ws_mgr/install/ros_gz_interfaces/include/ros_gz_interfaces/ros_gz_interfaces/msg/detail/contact__builder.hpp
[2.812s] -- Up-to-date symlink: /home/vvoxel/ros2_ws_mgr/install/ros_gz_interfaces/include/ros_gz_interfaces/ros_gz_interfaces/msg/detail/contact__struct.hpp
[2.813s] -- Up-to-date symlink: /home/vvoxel/ros2_ws_mgr/install/ros_gz_interfaces/include/ros_gz_interfaces/ros_gz_interfaces/msg/detail/contact__traits.hpp
[2.813s] -- Up-to-date symlink: /home/vvoxel/ros2_ws_mgr/install/ros_gz_interfaces/include/ros_gz_interfaces/ros_gz_interfaces/msg/detail/contact__type_support.hpp
[2.813s] -- Up-to-date symlink: /home/vvoxel/ros2_ws_mgr/install/ros_gz_interfaces/include/ros_gz_interfaces/ros_gz_interfaces/msg/detail/contacts__builder.hpp
[2.813s] -- Up-to-date symlink: /home/vvoxel/ros2_ws_mgr/install/ros_gz_interfaces/include/ros_gz_interfaces/ros_gz_interfaces/msg/detail/contacts__struct.hpp
[2.814s] -- Up-to-date symlink: /home/vvoxel/ros2_ws_mgr/install/ros_gz_interfaces/include/ros_gz_interfaces/ros_gz_interfaces/msg/detail/contacts__traits.hpp
[2.814s] -- Up-to-date symlink: /home/vvoxel/ros2_ws_mgr/install/ros_gz_interfaces/include/ros_gz_interfaces/ros_gz_interfaces/msg/detail/contacts__type_support.hpp
[2.814s] -- Up-to-date symlink: /home/vvoxel/ros2_ws_mgr/install/ros_gz_interfaces/include/ros_gz_interfaces/ros_gz_interfaces/msg/detail/dataframe__builder.hpp
[2.814s] -- Up-to-date symlink: /home/vvoxel/ros2_ws_mgr/install/ros_gz_interfaces/include/ros_gz_interfaces/ros_gz_interfaces/msg/detail/dataframe__struct.hpp
[2.815s] -- Up-to-date symlink: /home/vvoxel/ros2_ws_mgr/install/ros_gz_interfaces/include/ros_gz_interfaces/ros_gz_interfaces/msg/detail/dataframe__traits.hpp
[2.815s] -- Up-to-date symlink: /home/vvoxel/ros2_ws_mgr/install/ros_gz_interfaces/include/ros_gz_interfaces/ros_gz_interfaces/msg/detail/dataframe__type_support.hpp
[2.815s] -- Up-to-date symlink: /home/vvoxel/ros2_ws_mgr/install/ros_gz_interfaces/include/ros_gz_interfaces/ros_gz_interfaces/msg/detail/entity__builder.hpp
[2.816s] -- Up-to-date symlink: /home/vvoxel/ros2_ws_mgr/install/ros_gz_interfaces/include/ros_gz_interfaces/ros_gz_interfaces/msg/detail/entity__struct.hpp
[2.816s] -- Up-to-date symlink: /home/vvoxel/ros2_ws_mgr/install/ros_gz_interfaces/include/ros_gz_interfaces/ros_gz_interfaces/msg/detail/entity__traits.hpp
[2.816s] -- Up-to-date symlink: /home/vvoxel/ros2_ws_mgr/install/ros_gz_interfaces/include/ros_gz_interfaces/ros_gz_interfaces/msg/detail/entity__type_support.hpp
[2.817s] -- Up-to-date symlink: /home/vvoxel/ros2_ws_mgr/install/ros_gz_interfaces/include/ros_gz_interfaces/ros_gz_interfaces/msg/detail/entity_factory__builder.hpp
[2.817s] -- Up-to-date symlink: /home/vvoxel/ros2_ws_mgr/install/ros_gz_interfaces/include/ros_gz_interfaces/ros_gz_interfaces/msg/detail/entity_factory__struct.hpp
[2.817s] -- Up-to-date symlink: /home/vvoxel/ros2_ws_mgr/install/ros_gz_interfaces/include/ros_gz_interfaces/ros_gz_interfaces/msg/detail/entity_factory__traits.hpp
[2.818s] -- Up-to-date symlink: /home/vvoxel/ros2_ws_mgr/install/ros_gz_interfaces/include/ros_gz_interfaces/ros_gz_interfaces/msg/detail/entity_factory__type_support.hpp
[2.818s] -- Up-to-date symlink: /home/vvoxel/ros2_ws_mgr/install/ros_gz_interfaces/include/ros_gz_interfaces/ros_gz_interfaces/msg/detail/entity_wrench__builder.hpp
[2.818s] -- Up-to-date symlink: /home/vvoxel/ros2_ws_mgr/install/ros_gz_interfaces/include/ros_gz_interfaces/ros_gz_interfaces/msg/detail/entity_wrench__struct.hpp
[2.819s] -- Up-to-date symlink: /home/vvoxel/ros2_ws_mgr/install/ros_gz_interfaces/include/ros_gz_interfaces/ros_gz_interfaces/msg/detail/entity_wrench__traits.hpp
[2.819s] -- Up-to-date symlink: /home/vvoxel/ros2_ws_mgr/install/ros_gz_interfaces/include/ros_gz_interfaces/ros_gz_interfaces/msg/detail/entity_wrench__type_support.hpp
[2.819s] -- Up-to-date symlink: /home/vvoxel/ros2_ws_mgr/install/ros_gz_interfaces/include/ros_gz_interfaces/ros_gz_interfaces/msg/detail/float32_array__builder.hpp
[2.820s] -- Up-to-date symlink: /home/vvoxel/ros2_ws_mgr/install/ros_gz_interfaces/include/ros_gz_interfaces/ros_gz_interfaces/msg/detail/float32_array__struct.hpp
[2.820s] -- Up-to-date symlink: /home/vvoxel/ros2_ws_mgr/install/ros_gz_interfaces/include/ros_gz_interfaces/ros_gz_interfaces/msg/detail/float32_array__traits.hpp
[2.820s] -- Up-to-date symlink: /home/vvoxel/ros2_ws_mgr/install/ros_gz_interfaces/include/ros_gz_interfaces/ros_gz_interfaces/msg/detail/float32_array__type_support.hpp
[2.821s] -- Up-to-date symlink: /home/vvoxel/ros2_ws_mgr/install/ros_gz_interfaces/include/ros_gz_interfaces/ros_gz_interfaces/msg/detail/gui_camera__builder.hpp
[2.821s] -- Up-to-date symlink: /home/vvoxel/ros2_ws_mgr/install/ros_gz_interfaces/include/ros_gz_interfaces/ros_gz_interfaces/msg/detail/gui_camera__struct.hpp
[2.821s] -- Up-to-date symlink: /home/vvoxel/ros2_ws_mgr/install/ros_gz_interfaces/include/ros_gz_interfaces/ros_gz_interfaces/msg/detail/gui_camera__traits.hpp
[2.822s] -- Up-to-date symlink: /home/vvoxel/ros2_ws_mgr/install/ros_gz_interfaces/include/ros_gz_interfaces/ros_gz_interfaces/msg/detail/gui_camera__type_support.hpp
[2.822s] -- Up-to-date symlink: /home/vvoxel/ros2_ws_mgr/install/ros_gz_interfaces/include/ros_gz_interfaces/ros_gz_interfaces/msg/detail/joint_wrench__builder.hpp
[2.822s] -- Up-to-date symlink: /home/vvoxel/ros2_ws_mgr/install/ros_gz_interfaces/include/ros_gz_interfaces/ros_gz_interfaces/msg/detail/joint_wrench__struct.hpp
[2.822s] -- Up-to-date symlink: /home/vvoxel/ros2_ws_mgr/install/ros_gz_interfaces/include/ros_gz_interfaces/ros_gz_interfaces/msg/detail/joint_wrench__traits.hpp
[2.823s] -- Up-to-date symlink: /home/vvoxel/ros2_ws_mgr/install/ros_gz_interfaces/include/ros_gz_interfaces/ros_gz_interfaces/msg/detail/joint_wrench__type_support.hpp
[2.823s] -- Up-to-date symlink: /home/vvoxel/ros2_ws_mgr/install/ros_gz_interfaces/include/ros_gz_interfaces/ros_gz_interfaces/msg/detail/light__builder.hpp
[2.824s] -- Up-to-date symlink: /home/vvoxel/ros2_ws_mgr/install/ros_gz_interfaces/include/ros_gz_interfaces/ros_gz_interfaces/msg/detail/light__struct.hpp
[2.824s] -- Up-to-date symlink: /home/vvoxel/ros2_ws_mgr/install/ros_gz_interfaces/include/ros_gz_interfaces/ros_gz_interfaces/msg/detail/light__traits.hpp
[2.824s] -- Up-to-date symlink: /home/vvoxel/ros2_ws_mgr/install/ros_gz_interfaces/include/ros_gz_interfaces/ros_gz_interfaces/msg/detail/light__type_support.hpp
[2.824s] -- Up-to-date symlink: /home/vvoxel/ros2_ws_mgr/install/ros_gz_interfaces/include/ros_gz_interfaces/ros_gz_interfaces/msg/detail/logical_camera_image__builder.hpp
[2.825s] -- Up-to-date symlink: /home/vvoxel/ros2_ws_mgr/install/ros_gz_interfaces/include/ros_gz_interfaces/ros_gz_interfaces/msg/detail/logical_camera_image__struct.hpp
[2.825s] -- Up-to-date symlink: /home/vvoxel/ros2_ws_mgr/install/ros_gz_interfaces/include/ros_gz_interfaces/ros_gz_interfaces/msg/detail/logical_camera_image__traits.hpp
[2.825s] -- Up-to-date symlink: /home/vvoxel/ros2_ws_mgr/install/ros_gz_interfaces/include/ros_gz_interfaces/ros_gz_interfaces/msg/detail/logical_camera_image__type_support.hpp
[2.825s] -- Up-to-date symlink: /home/vvoxel/ros2_ws_mgr/install/ros_gz_interfaces/include/ros_gz_interfaces/ros_gz_interfaces/msg/detail/logical_camera_image_model__builder.hpp
[2.826s] -- Up-to-date symlink: /home/vvoxel/ros2_ws_mgr/install/ros_gz_interfaces/include/ros_gz_interfaces/ros_gz_interfaces/msg/detail/logical_camera_image_model__struct.hpp
[2.826s] -- Up-to-date symlink: /home/vvoxel/ros2_ws_mgr/install/ros_gz_interfaces/include/ros_gz_interfaces/ros_gz_interfaces/msg/detail/logical_camera_image_model__traits.hpp
[2.826s] -- Up-to-date symlink: /home/vvoxel/ros2_ws_mgr/install/ros_gz_interfaces/include/ros_gz_interfaces/ros_gz_interfaces/msg/detail/logical_camera_image_model__type_support.hpp
[2.827s] -- Up-to-date symlink: /home/vvoxel/ros2_ws_mgr/install/ros_gz_interfaces/include/ros_gz_interfaces/ros_gz_interfaces/msg/detail/material_color__builder.hpp
[2.827s] -- Up-to-date symlink: /home/vvoxel/ros2_ws_mgr/install/ros_gz_interfaces/include/ros_gz_interfaces/ros_gz_interfaces/msg/detail/material_color__struct.hpp
[2.827s] -- Up-to-date symlink: /home/vvoxel/ros2_ws_mgr/install/ros_gz_interfaces/include/ros_gz_interfaces/ros_gz_interfaces/msg/detail/material_color__traits.hpp
[2.827s] -- Up-to-date symlink: /home/vvoxel/ros2_ws_mgr/install/ros_gz_interfaces/include/ros_gz_interfaces/ros_gz_interfaces/msg/detail/material_color__type_support.hpp
[2.828s] -- Up-to-date symlink: /home/vvoxel/ros2_ws_mgr/install/ros_gz_interfaces/include/ros_gz_interfaces/ros_gz_interfaces/msg/detail/param_vec__builder.hpp
[2.828s] -- Up-to-date symlink: /home/vvoxel/ros2_ws_mgr/install/ros_gz_interfaces/include/ros_gz_interfaces/ros_gz_interfaces/msg/detail/param_vec__struct.hpp
[2.828s] -- Up-to-date symlink: /home/vvoxel/ros2_ws_mgr/install/ros_gz_interfaces/include/ros_gz_interfaces/ros_gz_interfaces/msg/detail/param_vec__traits.hpp
[2.829s] -- Up-to-date symlink: /home/vvoxel/ros2_ws_mgr/install/ros_gz_interfaces/include/ros_gz_interfaces/ros_gz_interfaces/msg/detail/param_vec__type_support.hpp
[2.829s] -- Up-to-date symlink: /home/vvoxel/ros2_ws_mgr/install/ros_gz_interfaces/include/ros_gz_interfaces/ros_gz_interfaces/msg/detail/sensor_noise__builder.hpp
[2.829s] -- Up-to-date symlink: /home/vvoxel/ros2_ws_mgr/install/ros_gz_interfaces/include/ros_gz_interfaces/ros_gz_interfaces/msg/detail/sensor_noise__struct.hpp
[2.829s] -- Up-to-date symlink: /home/vvoxel/ros2_ws_mgr/install/ros_gz_interfaces/include/ros_gz_interfaces/ros_gz_interfaces/msg/detail/sensor_noise__traits.hpp
[2.830s] -- Up-to-date symlink: /home/vvoxel/ros2_ws_mgr/install/ros_gz_interfaces/include/ros_gz_interfaces/ros_gz_interfaces/msg/detail/sensor_noise__type_support.hpp
[2.830s] -- Up-to-date symlink: /home/vvoxel/ros2_ws_mgr/install/ros_gz_interfaces/include/ros_gz_interfaces/ros_gz_interfaces/msg/detail/string_vec__builder.hpp
[2.830s] -- Up-to-date symlink: /home/vvoxel/ros2_ws_mgr/install/ros_gz_interfaces/include/ros_gz_interfaces/ros_gz_interfaces/msg/detail/string_vec__struct.hpp
[2.831s] -- Up-to-date symlink: /home/vvoxel/ros2_ws_mgr/install/ros_gz_interfaces/include/ros_gz_interfaces/ros_gz_interfaces/msg/detail/string_vec__traits.hpp
[2.831s] -- Up-to-date symlink: /home/vvoxel/ros2_ws_mgr/install/ros_gz_interfaces/include/ros_gz_interfaces/ros_gz_interfaces/msg/detail/string_vec__type_support.hpp
[2.831s] -- Up-to-date symlink: /home/vvoxel/ros2_ws_mgr/install/ros_gz_interfaces/include/ros_gz_interfaces/ros_gz_interfaces/msg/detail/track_visual__builder.hpp
[2.831s] -- Up-to-date symlink: /home/vvoxel/ros2_ws_mgr/install/ros_gz_interfaces/include/ros_gz_interfaces/ros_gz_interfaces/msg/detail/track_visual__struct.hpp
[2.832s] -- Up-to-date symlink: /home/vvoxel/ros2_ws_mgr/install/ros_gz_interfaces/include/ros_gz_interfaces/ros_gz_interfaces/msg/detail/track_visual__traits.hpp
[2.832s] -- Up-to-date symlink: /home/vvoxel/ros2_ws_mgr/install/ros_gz_interfaces/include/ros_gz_interfaces/ros_gz_interfaces/msg/detail/track_visual__type_support.hpp
[2.833s] -- Up-to-date symlink: /home/vvoxel/ros2_ws_mgr/install/ros_gz_interfaces/include/ros_gz_interfaces/ros_gz_interfaces/msg/detail/video_record__builder.hpp
[2.833s] -- Up-to-date symlink: /home/vvoxel/ros2_ws_mgr/install/ros_gz_interfaces/include/ros_gz_interfaces/ros_gz_interfaces/msg/detail/video_record__struct.hpp
[2.833s] -- Up-to-date symlink: /home/vvoxel/ros2_ws_mgr/install/ros_gz_interfaces/include/ros_gz_interfaces/ros_gz_interfaces/msg/detail/video_record__traits.hpp
[2.833s] -- Up-to-date symlink: /home/vvoxel/ros2_ws_mgr/install/ros_gz_interfaces/include/ros_gz_interfaces/ros_gz_interfaces/msg/detail/video_record__type_support.hpp
[2.834s] -- Up-to-date symlink: /home/vvoxel/ros2_ws_mgr/install/ros_gz_interfaces/include/ros_gz_interfaces/ros_gz_interfaces/msg/detail/world_control__builder.hpp
[2.834s] -- Up-to-date symlink: /home/vvoxel/ros2_ws_mgr/install/ros_gz_interfaces/include/ros_gz_interfaces/ros_gz_interfaces/msg/detail/world_control__struct.hpp
[2.834s] -- Up-to-date symlink: /home/vvoxel/ros2_ws_mgr/install/ros_gz_interfaces/include/ros_gz_interfaces/ros_gz_interfaces/msg/detail/world_control__traits.hpp
[2.834s] -- Up-to-date symlink: /home/vvoxel/ros2_ws_mgr/install/ros_gz_interfaces/include/ros_gz_interfaces/ros_gz_interfaces/msg/detail/world_control__type_support.hpp
[2.835s] -- Up-to-date symlink: /home/vvoxel/ros2_ws_mgr/install/ros_gz_interfaces/include/ros_gz_interfaces/ros_gz_interfaces/msg/detail/world_reset__builder.hpp
[2.835s] -- Up-to-date symlink: /home/vvoxel/ros2_ws_mgr/install/ros_gz_interfaces/include/ros_gz_interfaces/ros_gz_interfaces/msg/detail/world_reset__struct.hpp
[2.835s] -- Up-to-date symlink: /home/vvoxel/ros2_ws_mgr/install/ros_gz_interfaces/include/ros_gz_interfaces/ros_gz_interfaces/msg/detail/world_reset__traits.hpp
[2.835s] -- Up-to-date symlink: /home/vvoxel/ros2_ws_mgr/install/ros_gz_interfaces/include/ros_gz_interfaces/ros_gz_interfaces/msg/detail/world_reset__type_support.hpp
[2.836s] -- Up-to-date symlink: /home/vvoxel/ros2_ws_mgr/install/ros_gz_interfaces/include/ros_gz_interfaces/ros_gz_interfaces/msg/entity.hpp
[2.836s] -- Up-to-date symlink: /home/vvoxel/ros2_ws_mgr/install/ros_gz_interfaces/include/ros_gz_interfaces/ros_gz_interfaces/msg/entity_factory.hpp
[2.836s] -- Up-to-date symlink: /home/vvoxel/ros2_ws_mgr/install/ros_gz_interfaces/include/ros_gz_interfaces/ros_gz_interfaces/msg/entity_wrench.hpp
[2.836s] -- Up-to-date symlink: /home/vvoxel/ros2_ws_mgr/install/ros_gz_interfaces/include/ros_gz_interfaces/ros_gz_interfaces/msg/float32_array.hpp
[2.836s] -- Up-to-date symlink: /home/vvoxel/ros2_ws_mgr/install/ros_gz_interfaces/include/ros_gz_interfaces/ros_gz_interfaces/msg/gui_camera.hpp
[2.837s] -- Up-to-date symlink: /home/vvoxel/ros2_ws_mgr/install/ros_gz_interfaces/include/ros_gz_interfaces/ros_gz_interfaces/msg/joint_wrench.hpp
[2.837s] -- Up-to-date symlink: /home/vvoxel/ros2_ws_mgr/install/ros_gz_interfaces/include/ros_gz_interfaces/ros_gz_interfaces/msg/light.hpp
[2.837s] -- Up-to-date symlink: /home/vvoxel/ros2_ws_mgr/install/ros_gz_interfaces/include/ros_gz_interfaces/ros_gz_interfaces/msg/logical_camera_image.hpp
[2.837s] -- Up-to-date symlink: /home/vvoxel/ros2_ws_mgr/install/ros_gz_interfaces/include/ros_gz_interfaces/ros_gz_interfaces/msg/logical_camera_image_model.hpp
[2.838s] -- Up-to-date symlink: /home/vvoxel/ros2_ws_mgr/install/ros_gz_interfaces/include/ros_gz_interfaces/ros_gz_interfaces/msg/material_color.hpp
[2.838s] -- Up-to-date symlink: /home/vvoxel/ros2_ws_mgr/install/ros_gz_interfaces/include/ros_gz_interfaces/ros_gz_interfaces/msg/param_vec.hpp
[2.838s] -- Up-to-date symlink: /home/vvoxel/ros2_ws_mgr/install/ros_gz_interfaces/include/ros_gz_interfaces/ros_gz_interfaces/msg/rosidl_generator_cpp__visibility_control.hpp
[2.838s] -- Up-to-date symlink: /home/vvoxel/ros2_ws_mgr/install/ros_gz_interfaces/include/ros_gz_interfaces/ros_gz_interfaces/msg/sensor_noise.hpp
[2.839s] -- Up-to-date symlink: /home/vvoxel/ros2_ws_mgr/install/ros_gz_interfaces/include/ros_gz_interfaces/ros_gz_interfaces/msg/string_vec.hpp
[2.839s] -- Up-to-date symlink: /home/vvoxel/ros2_ws_mgr/install/ros_gz_interfaces/include/ros_gz_interfaces/ros_gz_interfaces/msg/track_visual.hpp
[2.839s] -- Up-to-date symlink: /home/vvoxel/ros2_ws_mgr/install/ros_gz_interfaces/include/ros_gz_interfaces/ros_gz_interfaces/msg/video_record.hpp
[2.840s] -- Up-to-date symlink: /home/vvoxel/ros2_ws_mgr/install/ros_gz_interfaces/include/ros_gz_interfaces/ros_gz_interfaces/msg/world_control.hpp
[2.840s] -- Up-to-date symlink: /home/vvoxel/ros2_ws_mgr/install/ros_gz_interfaces/include/ros_gz_interfaces/ros_gz_interfaces/msg/world_reset.hpp
[2.840s] -- Up-to-date symlink: /home/vvoxel/ros2_ws_mgr/install/ros_gz_interfaces/include/ros_gz_interfaces/ros_gz_interfaces/srv/control_world.hpp
[2.840s] -- Up-to-date symlink: /home/vvoxel/ros2_ws_mgr/install/ros_gz_interfaces/include/ros_gz_interfaces/ros_gz_interfaces/srv/delete_entity.hpp
[2.841s] -- Up-to-date symlink: /home/vvoxel/ros2_ws_mgr/install/ros_gz_interfaces/include/ros_gz_interfaces/ros_gz_interfaces/srv/detail/control_world__builder.hpp
[2.841s] -- Up-to-date symlink: /home/vvoxel/ros2_ws_mgr/install/ros_gz_interfaces/include/ros_gz_interfaces/ros_gz_interfaces/srv/detail/control_world__struct.hpp
[2.841s] -- Up-to-date symlink: /home/vvoxel/ros2_ws_mgr/install/ros_gz_interfaces/include/ros_gz_interfaces/ros_gz_interfaces/srv/detail/control_world__traits.hpp
[2.841s] -- Up-to-date symlink: /home/vvoxel/ros2_ws_mgr/install/ros_gz_interfaces/include/ros_gz_interfaces/ros_gz_interfaces/srv/detail/control_world__type_support.hpp
[2.842s] -- Up-to-date symlink: /home/vvoxel/ros2_ws_mgr/install/ros_gz_interfaces/include/ros_gz_interfaces/ros_gz_interfaces/srv/detail/delete_entity__builder.hpp
[2.842s] -- Up-to-date symlink: /home/vvoxel/ros2_ws_mgr/install/ros_gz_interfaces/include/ros_gz_interfaces/ros_gz_interfaces/srv/detail/delete_entity__struct.hpp
[2.842s] -- Up-to-date symlink: /home/vvoxel/ros2_ws_mgr/install/ros_gz_interfaces/include/ros_gz_interfaces/ros_gz_interfaces/srv/detail/delete_entity__traits.hpp
[2.843s] -- Up-to-date symlink: /home/vvoxel/ros2_ws_mgr/install/ros_gz_interfaces/include/ros_gz_interfaces/ros_gz_interfaces/srv/detail/delete_entity__type_support.hpp
[2.843s] -- Up-to-date symlink: /home/vvoxel/ros2_ws_mgr/install/ros_gz_interfaces/include/ros_gz_interfaces/ros_gz_interfaces/srv/detail/set_entity_pose__builder.hpp
[2.843s] -- Up-to-date symlink: /home/vvoxel/ros2_ws_mgr/install/ros_gz_interfaces/include/ros_gz_interfaces/ros_gz_interfaces/srv/detail/set_entity_pose__struct.hpp
[2.844s] -- Up-to-date symlink: /home/vvoxel/ros2_ws_mgr/install/ros_gz_interfaces/include/ros_gz_interfaces/ros_gz_interfaces/srv/detail/set_entity_pose__traits.hpp
[2.844s] -- Up-to-date symlink: /home/vvoxel/ros2_ws_mgr/install/ros_gz_interfaces/include/ros_gz_interfaces/ros_gz_interfaces/srv/detail/set_entity_pose__type_support.hpp
[2.845s] -- Up-to-date symlink: /home/vvoxel/ros2_ws_mgr/install/ros_gz_interfaces/include/ros_gz_interfaces/ros_gz_interfaces/srv/detail/spawn_entity__builder.hpp
[2.845s] -- Up-to-date symlink: /home/vvoxel/ros2_ws_mgr/install/ros_gz_interfaces/include/ros_gz_interfaces/ros_gz_interfaces/srv/detail/spawn_entity__struct.hpp
[2.846s] -- Up-to-date symlink: /home/vvoxel/ros2_ws_mgr/install/ros_gz_interfaces/include/ros_gz_interfaces/ros_gz_interfaces/srv/detail/spawn_entity__traits.hpp
[2.846s] -- Up-to-date symlink: /home/vvoxel/ros2_ws_mgr/install/ros_gz_interfaces/include/ros_gz_interfaces/ros_gz_interfaces/srv/detail/spawn_entity__type_support.hpp
[2.846s] -- Up-to-date symlink: /home/vvoxel/ros2_ws_mgr/install/ros_gz_interfaces/include/ros_gz_interfaces/ros_gz_interfaces/srv/set_entity_pose.hpp
[2.847s] -- Up-to-date symlink: /home/vvoxel/ros2_ws_mgr/install/ros_gz_interfaces/include/ros_gz_interfaces/ros_gz_interfaces/srv/spawn_entity.hpp
[2.847s] -- Up-to-date symlink: /home/vvoxel/ros2_ws_mgr/install/ros_gz_interfaces/include/ros_gz_interfaces/ros_gz_interfaces/msg/detail/altimeter__rosidl_typesupport_fastrtps_cpp.hpp
[2.847s] -- Up-to-date symlink: /home/vvoxel/ros2_ws_mgr/install/ros_gz_interfaces/include/ros_gz_interfaces/ros_gz_interfaces/msg/detail/contact__rosidl_typesupport_fastrtps_cpp.hpp
[2.847s] -- Up-to-date symlink: /home/vvoxel/ros2_ws_mgr/install/ros_gz_interfaces/include/ros_gz_interfaces/ros_gz_interfaces/msg/detail/contacts__rosidl_typesupport_fastrtps_cpp.hpp
[2.848s] -- Up-to-date symlink: /home/vvoxel/ros2_ws_mgr/install/ros_gz_interfaces/include/ros_gz_interfaces/ros_gz_interfaces/msg/detail/dataframe__rosidl_typesupport_fastrtps_cpp.hpp
[2.848s] -- Up-to-date symlink: /home/vvoxel/ros2_ws_mgr/install/ros_gz_interfaces/include/ros_gz_interfaces/ros_gz_interfaces/msg/detail/entity__rosidl_typesupport_fastrtps_cpp.hpp
[2.848s] -- Up-to-date symlink: /home/vvoxel/ros2_ws_mgr/install/ros_gz_interfaces/include/ros_gz_interfaces/ros_gz_interfaces/msg/detail/entity_factory__rosidl_typesupport_fastrtps_cpp.hpp
[2.848s] -- Up-to-date symlink: /home/vvoxel/ros2_ws_mgr/install/ros_gz_interfaces/include/ros_gz_interfaces/ros_gz_interfaces/msg/detail/entity_wrench__rosidl_typesupport_fastrtps_cpp.hpp
[2.849s] -- Up-to-date symlink: /home/vvoxel/ros2_ws_mgr/install/ros_gz_interfaces/include/ros_gz_interfaces/ros_gz_interfaces/msg/detail/float32_array__rosidl_typesupport_fastrtps_cpp.hpp
[2.849s] -- Up-to-date symlink: /home/vvoxel/ros2_ws_mgr/install/ros_gz_interfaces/include/ros_gz_interfaces/ros_gz_interfaces/msg/detail/gui_camera__rosidl_typesupport_fastrtps_cpp.hpp
[2.849s] -- Up-to-date symlink: /home/vvoxel/ros2_ws_mgr/install/ros_gz_interfaces/include/ros_gz_interfaces/ros_gz_interfaces/msg/detail/joint_wrench__rosidl_typesupport_fastrtps_cpp.hpp
[2.850s] -- Up-to-date symlink: /home/vvoxel/ros2_ws_mgr/install/ros_gz_interfaces/include/ros_gz_interfaces/ros_gz_interfaces/msg/detail/light__rosidl_typesupport_fastrtps_cpp.hpp
[2.850s] -- Up-to-date symlink: /home/vvoxel/ros2_ws_mgr/install/ros_gz_interfaces/include/ros_gz_interfaces/ros_gz_interfaces/msg/detail/logical_camera_image__rosidl_typesupport_fastrtps_cpp.hpp
[2.850s] -- Up-to-date symlink: /home/vvoxel/ros2_ws_mgr/install/ros_gz_interfaces/include/ros_gz_interfaces/ros_gz_interfaces/msg/detail/logical_camera_image_model__rosidl_typesupport_fastrtps_cpp.hpp
[2.850s] -- Up-to-date symlink: /home/vvoxel/ros2_ws_mgr/install/ros_gz_interfaces/include/ros_gz_interfaces/ros_gz_interfaces/msg/detail/material_color__rosidl_typesupport_fastrtps_cpp.hpp
[2.851s] -- Up-to-date symlink: /home/vvoxel/ros2_ws_mgr/install/ros_gz_interfaces/include/ros_gz_interfaces/ros_gz_interfaces/msg/detail/param_vec__rosidl_typesupport_fastrtps_cpp.hpp
[2.851s] -- Up-to-date symlink: /home/vvoxel/ros2_ws_mgr/install/ros_gz_interfaces/include/ros_gz_interfaces/ros_gz_interfaces/msg/detail/sensor_noise__rosidl_typesupport_fastrtps_cpp.hpp
[2.851s] -- Up-to-date symlink: /home/vvoxel/ros2_ws_mgr/install/ros_gz_interfaces/include/ros_gz_interfaces/ros_gz_interfaces/msg/detail/string_vec__rosidl_typesupport_fastrtps_cpp.hpp
[2.851s] -- Up-to-date symlink: /home/vvoxel/ros2_ws_mgr/install/ros_gz_interfaces/include/ros_gz_interfaces/ros_gz_interfaces/msg/detail/track_visual__rosidl_typesupport_fastrtps_cpp.hpp
[2.852s] -- Up-to-date symlink: /home/vvoxel/ros2_ws_mgr/install/ros_gz_interfaces/include/ros_gz_interfaces/ros_gz_interfaces/msg/detail/video_record__rosidl_typesupport_fastrtps_cpp.hpp
[2.852s] -- Up-to-date symlink: /home/vvoxel/ros2_ws_mgr/install/ros_gz_interfaces/include/ros_gz_interfaces/ros_gz_interfaces/msg/detail/world_control__rosidl_typesupport_fastrtps_cpp.hpp
[2.852s] -- Up-to-date symlink: /home/vvoxel/ros2_ws_mgr/install/ros_gz_interfaces/include/ros_gz_interfaces/ros_gz_interfaces/msg/detail/world_reset__rosidl_typesupport_fastrtps_cpp.hpp
[2.853s] -- Up-to-date symlink: /home/vvoxel/ros2_ws_mgr/install/ros_gz_interfaces/include/ros_gz_interfaces/ros_gz_interfaces/msg/rosidl_typesupport_fastrtps_cpp__visibility_control.h
[2.853s] -- Up-to-date symlink: /home/vvoxel/ros2_ws_mgr/install/ros_gz_interfaces/include/ros_gz_interfaces/ros_gz_interfaces/srv/detail/control_world__rosidl_typesupport_fastrtps_cpp.hpp
[2.853s] -- Up-to-date symlink: /home/vvoxel/ros2_ws_mgr/install/ros_gz_interfaces/include/ros_gz_interfaces/ros_gz_interfaces/srv/detail/delete_entity__rosidl_typesupport_fastrtps_cpp.hpp
[2.854s] -- Up-to-date symlink: /home/vvoxel/ros2_ws_mgr/install/ros_gz_interfaces/include/ros_gz_interfaces/ros_gz_interfaces/srv/detail/set_entity_pose__rosidl_typesupport_fastrtps_cpp.hpp
[2.854s] -- Up-to-date symlink: /home/vvoxel/ros2_ws_mgr/install/ros_gz_interfaces/include/ros_gz_interfaces/ros_gz_interfaces/srv/detail/spawn_entity__rosidl_typesupport_fastrtps_cpp.hpp
[2.854s] -- Up-to-date symlink: /home/vvoxel/ros2_ws_mgr/install/ros_gz_interfaces/include/ros_gz_interfaces/ros_gz_interfaces/msg/detail/altimeter__rosidl_typesupport_introspection_c.h
[2.854s] -- Up-to-date symlink: /home/vvoxel/ros2_ws_mgr/install/ros_gz_interfaces/include/ros_gz_interfaces/ros_gz_interfaces/msg/detail/contact__rosidl_typesupport_introspection_c.h
[2.855s] -- Up-to-date symlink: /home/vvoxel/ros2_ws_mgr/install/ros_gz_interfaces/include/ros_gz_interfaces/ros_gz_interfaces/msg/detail/contacts__rosidl_typesupport_introspection_c.h
[2.855s] -- Up-to-date symlink: /home/vvoxel/ros2_ws_mgr/install/ros_gz_interfaces/include/ros_gz_interfaces/ros_gz_interfaces/msg/detail/dataframe__rosidl_typesupport_introspection_c.h
[2.855s] -- Up-to-date symlink: /home/vvoxel/ros2_ws_mgr/install/ros_gz_interfaces/include/ros_gz_interfaces/ros_gz_interfaces/msg/detail/entity__rosidl_typesupport_introspection_c.h
[2.856s] -- Up-to-date symlink: /home/vvoxel/ros2_ws_mgr/install/ros_gz_interfaces/include/ros_gz_interfaces/ros_gz_interfaces/msg/detail/entity_factory__rosidl_typesupport_introspection_c.h
[2.856s] -- Up-to-date symlink: /home/vvoxel/ros2_ws_mgr/install/ros_gz_interfaces/include/ros_gz_interfaces/ros_gz_interfaces/msg/detail/entity_wrench__rosidl_typesupport_introspection_c.h
[2.856s] -- Up-to-date symlink: /home/vvoxel/ros2_ws_mgr/install/ros_gz_interfaces/include/ros_gz_interfaces/ros_gz_interfaces/msg/detail/float32_array__rosidl_typesupport_introspection_c.h
[2.856s] -- Up-to-date symlink: /home/vvoxel/ros2_ws_mgr/install/ros_gz_interfaces/include/ros_gz_interfaces/ros_gz_interfaces/msg/detail/gui_camera__rosidl_typesupport_introspection_c.h
[2.857s] -- Up-to-date symlink: /home/vvoxel/ros2_ws_mgr/install/ros_gz_interfaces/include/ros_gz_interfaces/ros_gz_interfaces/msg/detail/joint_wrench__rosidl_typesupport_introspection_c.h
[2.857s] -- Up-to-date symlink: /home/vvoxel/ros2_ws_mgr/install/ros_gz_interfaces/include/ros_gz_interfaces/ros_gz_interfaces/msg/detail/light__rosidl_typesupport_introspection_c.h
[2.857s] -- Up-to-date symlink: /home/vvoxel/ros2_ws_mgr/install/ros_gz_interfaces/include/ros_gz_interfaces/ros_gz_interfaces/msg/detail/logical_camera_image__rosidl_typesupport_introspection_c.h
[2.857s] -- Up-to-date symlink: /home/vvoxel/ros2_ws_mgr/install/ros_gz_interfaces/include/ros_gz_interfaces/ros_gz_interfaces/msg/detail/logical_camera_image_model__rosidl_typesupport_introspection_c.h
[2.858s] -- Up-to-date symlink: /home/vvoxel/ros2_ws_mgr/install/ros_gz_interfaces/include/ros_gz_interfaces/ros_gz_interfaces/msg/detail/material_color__rosidl_typesupport_introspection_c.h
[2.858s] -- Up-to-date symlink: /home/vvoxel/ros2_ws_mgr/install/ros_gz_interfaces/include/ros_gz_interfaces/ros_gz_interfaces/msg/detail/param_vec__rosidl_typesupport_introspection_c.h
[2.858s] -- Up-to-date symlink: /home/vvoxel/ros2_ws_mgr/install/ros_gz_interfaces/include/ros_gz_interfaces/ros_gz_interfaces/msg/detail/sensor_noise__rosidl_typesupport_introspection_c.h
[2.858s] -- Up-to-date symlink: /home/vvoxel/ros2_ws_mgr/install/ros_gz_interfaces/include/ros_gz_interfaces/ros_gz_interfaces/msg/detail/string_vec__rosidl_typesupport_introspection_c.h
[2.859s] -- Up-to-date symlink: /home/vvoxel/ros2_ws_mgr/install/ros_gz_interfaces/include/ros_gz_interfaces/ros_gz_interfaces/msg/detail/track_visual__rosidl_typesupport_introspection_c.h
[2.859s] -- Up-to-date symlink: /home/vvoxel/ros2_ws_mgr/install/ros_gz_interfaces/include/ros_gz_interfaces/ros_gz_interfaces/msg/detail/video_record__rosidl_typesupport_introspection_c.h
[2.859s] -- Up-to-date symlink: /home/vvoxel/ros2_ws_mgr/install/ros_gz_interfaces/include/ros_gz_interfaces/ros_gz_interfaces/msg/detail/world_control__rosidl_typesupport_introspection_c.h
[2.859s] -- Up-to-date symlink: /home/vvoxel/ros2_ws_mgr/install/ros_gz_interfaces/include/ros_gz_interfaces/ros_gz_interfaces/msg/detail/world_reset__rosidl_typesupport_introspection_c.h
[2.860s] -- Up-to-date symlink: /home/vvoxel/ros2_ws_mgr/install/ros_gz_interfaces/include/ros_gz_interfaces/ros_gz_interfaces/msg/rosidl_typesupport_introspection_c__visibility_control.h
[2.860s] -- Up-to-date symlink: /home/vvoxel/ros2_ws_mgr/install/ros_gz_interfaces/include/ros_gz_interfaces/ros_gz_interfaces/srv/detail/control_world__rosidl_typesupport_introspection_c.h
[2.860s] -- Up-to-date symlink: /home/vvoxel/ros2_ws_mgr/install/ros_gz_interfaces/include/ros_gz_interfaces/ros_gz_interfaces/srv/detail/delete_entity__rosidl_typesupport_introspection_c.h
[2.860s] -- Up-to-date symlink: /home/vvoxel/ros2_ws_mgr/install/ros_gz_interfaces/include/ros_gz_interfaces/ros_gz_interfaces/srv/detail/set_entity_pose__rosidl_typesupport_introspection_c.h
[2.861s] -- Up-to-date symlink: /home/vvoxel/ros2_ws_mgr/install/ros_gz_interfaces/include/ros_gz_interfaces/ros_gz_interfaces/srv/detail/spawn_entity__rosidl_typesupport_introspection_c.h
[2.861s] -- Up-to-date symlink: /home/vvoxel/ros2_ws_mgr/install/ros_gz_interfaces/include/ros_gz_interfaces/ros_gz_interfaces/msg/detail/altimeter__rosidl_typesupport_introspection_cpp.hpp
[2.861s] -- Up-to-date symlink: /home/vvoxel/ros2_ws_mgr/install/ros_gz_interfaces/include/ros_gz_interfaces/ros_gz_interfaces/msg/detail/contact__rosidl_typesupport_introspection_cpp.hpp
[2.862s] -- Up-to-date symlink: /home/vvoxel/ros2_ws_mgr/install/ros_gz_interfaces/include/ros_gz_interfaces/ros_gz_interfaces/msg/detail/contacts__rosidl_typesupport_introspection_cpp.hpp
[2.862s] -- Up-to-date symlink: /home/vvoxel/ros2_ws_mgr/install/ros_gz_interfaces/include/ros_gz_interfaces/ros_gz_interfaces/msg/detail/dataframe__rosidl_typesupport_introspection_cpp.hpp
[2.862s] -- Up-to-date symlink: /home/vvoxel/ros2_ws_mgr/install/ros_gz_interfaces/include/ros_gz_interfaces/ros_gz_interfaces/msg/detail/entity__rosidl_typesupport_introspection_cpp.hpp
[2.863s] -- Up-to-date symlink: /home/vvoxel/ros2_ws_mgr/install/ros_gz_interfaces/include/ros_gz_interfaces/ros_gz_interfaces/msg/detail/entity_factory__rosidl_typesupport_introspection_cpp.hpp
[2.863s] -- Up-to-date symlink: /home/vvoxel/ros2_ws_mgr/install/ros_gz_interfaces/include/ros_gz_interfaces/ros_gz_interfaces/msg/detail/entity_wrench__rosidl_typesupport_introspection_cpp.hpp
[2.863s] -- Up-to-date symlink: /home/vvoxel/ros2_ws_mgr/install/ros_gz_interfaces/include/ros_gz_interfaces/ros_gz_interfaces/msg/detail/float32_array__rosidl_typesupport_introspection_cpp.hpp
[2.863s] -- Up-to-date symlink: /home/vvoxel/ros2_ws_mgr/install/ros_gz_interfaces/include/ros_gz_interfaces/ros_gz_interfaces/msg/detail/gui_camera__rosidl_typesupport_introspection_cpp.hpp
[2.863s] -- Up-to-date symlink: /home/vvoxel/ros2_ws_mgr/install/ros_gz_interfaces/include/ros_gz_interfaces/ros_gz_interfaces/msg/detail/joint_wrench__rosidl_typesupport_introspection_cpp.hpp
[2.864s] -- Up-to-date symlink: /home/vvoxel/ros2_ws_mgr/install/ros_gz_interfaces/include/ros_gz_interfaces/ros_gz_interfaces/msg/detail/light__rosidl_typesupport_introspection_cpp.hpp
[2.864s] -- Up-to-date symlink: /home/vvoxel/ros2_ws_mgr/install/ros_gz_interfaces/include/ros_gz_interfaces/ros_gz_interfaces/msg/detail/logical_camera_image__rosidl_typesupport_introspection_cpp.hpp
[2.864s] -- Up-to-date symlink: /home/vvoxel/ros2_ws_mgr/install/ros_gz_interfaces/include/ros_gz_interfaces/ros_gz_interfaces/msg/detail/logical_camera_image_model__rosidl_typesupport_introspection_cpp.hpp
[2.864s] -- Up-to-date symlink: /home/vvoxel/ros2_ws_mgr/install/ros_gz_interfaces/include/ros_gz_interfaces/ros_gz_interfaces/msg/detail/material_color__rosidl_typesupport_introspection_cpp.hpp
[2.865s] -- Up-to-date symlink: /home/vvoxel/ros2_ws_mgr/install/ros_gz_interfaces/include/ros_gz_interfaces/ros_gz_interfaces/msg/detail/param_vec__rosidl_typesupport_introspection_cpp.hpp
[2.865s] -- Up-to-date symlink: /home/vvoxel/ros2_ws_mgr/install/ros_gz_interfaces/include/ros_gz_interfaces/ros_gz_interfaces/msg/detail/sensor_noise__rosidl_typesupport_introspection_cpp.hpp
[2.865s] -- Up-to-date symlink: /home/vvoxel/ros2_ws_mgr/install/ros_gz_interfaces/include/ros_gz_interfaces/ros_gz_interfaces/msg/detail/string_vec__rosidl_typesupport_introspection_cpp.hpp
[2.866s] -- Up-to-date symlink: /home/vvoxel/ros2_ws_mgr/install/ros_gz_interfaces/include/ros_gz_interfaces/ros_gz_interfaces/msg/detail/track_visual__rosidl_typesupport_introspection_cpp.hpp
[2.866s] -- Up-to-date symlink: /home/vvoxel/ros2_ws_mgr/install/ros_gz_interfaces/include/ros_gz_interfaces/ros_gz_interfaces/msg/detail/video_record__rosidl_typesupport_introspection_cpp.hpp
[2.866s] -- Up-to-date symlink: /home/vvoxel/ros2_ws_mgr/install/ros_gz_interfaces/include/ros_gz_interfaces/ros_gz_interfaces/msg/detail/world_control__rosidl_typesupport_introspection_cpp.hpp
[2.866s] -- Up-to-date symlink: /home/vvoxel/ros2_ws_mgr/install/ros_gz_interfaces/include/ros_gz_interfaces/ros_gz_interfaces/msg/detail/world_reset__rosidl_typesupport_introspection_cpp.hpp
[2.867s] -- Up-to-date symlink: /home/vvoxel/ros2_ws_mgr/install/ros_gz_interfaces/include/ros_gz_interfaces/ros_gz_interfaces/srv/detail/control_world__rosidl_typesupport_introspection_cpp.hpp
[2.867s] -- Up-to-date symlink: /home/vvoxel/ros2_ws_mgr/install/ros_gz_interfaces/include/ros_gz_interfaces/ros_gz_interfaces/srv/detail/delete_entity__rosidl_typesupport_introspection_cpp.hpp
[2.868s] -- Up-to-date symlink: /home/vvoxel/ros2_ws_mgr/install/ros_gz_interfaces/include/ros_gz_interfaces/ros_gz_interfaces/srv/detail/set_entity_pose__rosidl_typesupport_introspection_cpp.hpp
[2.868s] -- Up-to-date symlink: /home/vvoxel/ros2_ws_mgr/install/ros_gz_interfaces/include/ros_gz_interfaces/ros_gz_interfaces/srv/detail/spawn_entity__rosidl_typesupport_introspection_cpp.hpp
[2.868s] -- Up-to-date symlink: /home/vvoxel/ros2_ws_mgr/install/ros_gz_interfaces/share/ros_gz_interfaces/environment/pythonpath.sh
[2.868s] -- Up-to-date symlink: /home/vvoxel/ros2_ws_mgr/install/ros_gz_interfaces/share/ros_gz_interfaces/environment/pythonpath.dsv
[2.869s] -- Up-to-date symlink: /home/vvoxel/ros2_ws_mgr/install/ros_gz_interfaces/lib/python3.12/site-packages/ros_gz_interfaces-1.0.11-py3.12.egg-info/PKG-INFO
[2.869s] -- Up-to-date symlink: /home/vvoxel/ros2_ws_mgr/install/ros_gz_interfaces/lib/python3.12/site-packages/ros_gz_interfaces-1.0.11-py3.12.egg-info/SOURCES.txt
[2.869s] -- Up-to-date symlink: /home/vvoxel/ros2_ws_mgr/install/ros_gz_interfaces/lib/python3.12/site-packages/ros_gz_interfaces-1.0.11-py3.12.egg-info/dependency_links.txt
[2.869s] -- Up-to-date symlink: /home/vvoxel/ros2_ws_mgr/install/ros_gz_interfaces/lib/python3.12/site-packages/ros_gz_interfaces-1.0.11-py3.12.egg-info/top_level.txt
[2.870s] -- Up-to-date symlink: /home/vvoxel/ros2_ws_mgr/install/ros_gz_interfaces/lib/python3.12/site-packages/ros_gz_interfaces/__init__.py
[2.870s] -- Up-to-date symlink: /home/vvoxel/ros2_ws_mgr/install/ros_gz_interfaces/lib/python3.12/site-packages/ros_gz_interfaces/_ros_gz_interfaces_s.ep.rosidl_typesupport_c.c
[2.870s] -- Up-to-date symlink: /home/vvoxel/ros2_ws_mgr/install/ros_gz_interfaces/lib/python3.12/site-packages/ros_gz_interfaces/_ros_gz_interfaces_s.ep.rosidl_typesupport_fastrtps_c.c
[2.871s] -- Up-to-date symlink: /home/vvoxel/ros2_ws_mgr/install/ros_gz_interfaces/lib/python3.12/site-packages/ros_gz_interfaces/_ros_gz_interfaces_s.ep.rosidl_typesupport_introspection_c.c
[2.871s] -- Up-to-date symlink: /home/vvoxel/ros2_ws_mgr/install/ros_gz_interfaces/lib/python3.12/site-packages/ros_gz_interfaces/msg/__init__.py
[2.871s] -- Up-to-date symlink: /home/vvoxel/ros2_ws_mgr/install/ros_gz_interfaces/lib/python3.12/site-packages/ros_gz_interfaces/msg/_altimeter.py
[2.871s] -- Up-to-date symlink: /home/vvoxel/ros2_ws_mgr/install/ros_gz_interfaces/lib/python3.12/site-packages/ros_gz_interfaces/msg/_altimeter_s.c
[2.872s] -- Up-to-date symlink: /home/vvoxel/ros2_ws_mgr/install/ros_gz_interfaces/lib/python3.12/site-packages/ros_gz_interfaces/msg/_contact.py
[2.872s] -- Up-to-date symlink: /home/vvoxel/ros2_ws_mgr/install/ros_gz_interfaces/lib/python3.12/site-packages/ros_gz_interfaces/msg/_contact_s.c
[2.872s] -- Up-to-date symlink: /home/vvoxel/ros2_ws_mgr/install/ros_gz_interfaces/lib/python3.12/site-packages/ros_gz_interfaces/msg/_contacts.py
[2.872s] -- Up-to-date symlink: /home/vvoxel/ros2_ws_mgr/install/ros_gz_interfaces/lib/python3.12/site-packages/ros_gz_interfaces/msg/_contacts_s.c
[2.873s] -- Up-to-date symlink: /home/vvoxel/ros2_ws_mgr/install/ros_gz_interfaces/lib/python3.12/site-packages/ros_gz_interfaces/msg/_dataframe.py
[2.873s] -- Up-to-date symlink: /home/vvoxel/ros2_ws_mgr/install/ros_gz_interfaces/lib/python3.12/site-packages/ros_gz_interfaces/msg/_dataframe_s.c
[2.873s] -- Up-to-date symlink: /home/vvoxel/ros2_ws_mgr/install/ros_gz_interfaces/lib/python3.12/site-packages/ros_gz_interfaces/msg/_entity.py
[2.873s] -- Up-to-date symlink: /home/vvoxel/ros2_ws_mgr/install/ros_gz_interfaces/lib/python3.12/site-packages/ros_gz_interfaces/msg/_entity_factory.py
[2.874s] -- Up-to-date symlink: /home/vvoxel/ros2_ws_mgr/install/ros_gz_interfaces/lib/python3.12/site-packages/ros_gz_interfaces/msg/_entity_factory_s.c
[2.874s] -- Up-to-date symlink: /home/vvoxel/ros2_ws_mgr/install/ros_gz_interfaces/lib/python3.12/site-packages/ros_gz_interfaces/msg/_entity_s.c
[2.874s] -- Up-to-date symlink: /home/vvoxel/ros2_ws_mgr/install/ros_gz_interfaces/lib/python3.12/site-packages/ros_gz_interfaces/msg/_entity_wrench.py
[2.875s] -- Up-to-date symlink: /home/vvoxel/ros2_ws_mgr/install/ros_gz_interfaces/lib/python3.12/site-packages/ros_gz_interfaces/msg/_entity_wrench_s.c
[2.875s] -- Up-to-date symlink: /home/vvoxel/ros2_ws_mgr/install/ros_gz_interfaces/lib/python3.12/site-packages/ros_gz_interfaces/msg/_float32_array.py
[2.875s] -- Up-to-date symlink: /home/vvoxel/ros2_ws_mgr/install/ros_gz_interfaces/lib/python3.12/site-packages/ros_gz_interfaces/msg/_float32_array_s.c
[2.876s] -- Up-to-date symlink: /home/vvoxel/ros2_ws_mgr/install/ros_gz_interfaces/lib/python3.12/site-packages/ros_gz_interfaces/msg/_gui_camera.py
[2.876s] -- Up-to-date symlink: /home/vvoxel/ros2_ws_mgr/install/ros_gz_interfaces/lib/python3.12/site-packages/ros_gz_interfaces/msg/_gui_camera_s.c
[2.876s] -- Up-to-date symlink: /home/vvoxel/ros2_ws_mgr/install/ros_gz_interfaces/lib/python3.12/site-packages/ros_gz_interfaces/msg/_joint_wrench.py
[2.876s] -- Up-to-date symlink: /home/vvoxel/ros2_ws_mgr/install/ros_gz_interfaces/lib/python3.12/site-packages/ros_gz_interfaces/msg/_joint_wrench_s.c
[2.877s] -- Up-to-date symlink: /home/vvoxel/ros2_ws_mgr/install/ros_gz_interfaces/lib/python3.12/site-packages/ros_gz_interfaces/msg/_light.py
[2.877s] -- Up-to-date symlink: /home/vvoxel/ros2_ws_mgr/install/ros_gz_interfaces/lib/python3.12/site-packages/ros_gz_interfaces/msg/_light_s.c
[2.877s] -- Up-to-date symlink: /home/vvoxel/ros2_ws_mgr/install/ros_gz_interfaces/lib/python3.12/site-packages/ros_gz_interfaces/msg/_logical_camera_image.py
[2.877s] -- Up-to-date symlink: /home/vvoxel/ros2_ws_mgr/install/ros_gz_interfaces/lib/python3.12/site-packages/ros_gz_interfaces/msg/_logical_camera_image_model.py
[2.878s] -- Up-to-date symlink: /home/vvoxel/ros2_ws_mgr/install/ros_gz_interfaces/lib/python3.12/site-packages/ros_gz_interfaces/msg/_logical_camera_image_model_s.c
[2.878s] -- Up-to-date symlink: /home/vvoxel/ros2_ws_mgr/install/ros_gz_interfaces/lib/python3.12/site-packages/ros_gz_interfaces/msg/_logical_camera_image_s.c
[2.878s] -- Up-to-date symlink: /home/vvoxel/ros2_ws_mgr/install/ros_gz_interfaces/lib/python3.12/site-packages/ros_gz_interfaces/msg/_material_color.py
[2.878s] -- Up-to-date symlink: /home/vvoxel/ros2_ws_mgr/install/ros_gz_interfaces/lib/python3.12/site-packages/ros_gz_interfaces/msg/_material_color_s.c
[2.878s] -- Up-to-date symlink: /home/vvoxel/ros2_ws_mgr/install/ros_gz_interfaces/lib/python3.12/site-packages/ros_gz_interfaces/msg/_param_vec.py
[2.879s] -- Up-to-date symlink: /home/vvoxel/ros2_ws_mgr/install/ros_gz_interfaces/lib/python3.12/site-packages/ros_gz_interfaces/msg/_param_vec_s.c
[2.879s] -- Up-to-date symlink: /home/vvoxel/ros2_ws_mgr/install/ros_gz_interfaces/lib/python3.12/site-packages/ros_gz_interfaces/msg/_sensor_noise.py
[2.879s] -- Up-to-date symlink: /home/vvoxel/ros2_ws_mgr/install/ros_gz_interfaces/lib/python3.12/site-packages/ros_gz_interfaces/msg/_sensor_noise_s.c
[2.879s] -- Up-to-date symlink: /home/vvoxel/ros2_ws_mgr/install/ros_gz_interfaces/lib/python3.12/site-packages/ros_gz_interfaces/msg/_string_vec.py
[2.880s] -- Up-to-date symlink: /home/vvoxel/ros2_ws_mgr/install/ros_gz_interfaces/lib/python3.12/site-packages/ros_gz_interfaces/msg/_string_vec_s.c
[2.880s] -- Up-to-date symlink: /home/vvoxel/ros2_ws_mgr/install/ros_gz_interfaces/lib/python3.12/site-packages/ros_gz_interfaces/msg/_track_visual.py
[2.880s] -- Up-to-date symlink: /home/vvoxel/ros2_ws_mgr/install/ros_gz_interfaces/lib/python3.12/site-packages/ros_gz_interfaces/msg/_track_visual_s.c
[2.880s] -- Up-to-date symlink: /home/vvoxel/ros2_ws_mgr/install/ros_gz_interfaces/lib/python3.12/site-packages/ros_gz_interfaces/msg/_video_record.py
[2.881s] -- Up-to-date symlink: /home/vvoxel/ros2_ws_mgr/install/ros_gz_interfaces/lib/python3.12/site-packages/ros_gz_interfaces/msg/_video_record_s.c
[2.881s] -- Up-to-date symlink: /home/vvoxel/ros2_ws_mgr/install/ros_gz_interfaces/lib/python3.12/site-packages/ros_gz_interfaces/msg/_world_control.py
[2.882s] -- Up-to-date symlink: /home/vvoxel/ros2_ws_mgr/install/ros_gz_interfaces/lib/python3.12/site-packages/ros_gz_interfaces/msg/_world_control_s.c
[2.882s] -- Up-to-date symlink: /home/vvoxel/ros2_ws_mgr/install/ros_gz_interfaces/lib/python3.12/site-packages/ros_gz_interfaces/msg/_world_reset.py
[2.882s] -- Up-to-date symlink: /home/vvoxel/ros2_ws_mgr/install/ros_gz_interfaces/lib/python3.12/site-packages/ros_gz_interfaces/msg/_world_reset_s.c
[2.883s] -- Up-to-date symlink: /home/vvoxel/ros2_ws_mgr/install/ros_gz_interfaces/lib/python3.12/site-packages/ros_gz_interfaces/ros_gz_interfaces_s__rosidl_typesupport_c.so
[2.883s] -- Up-to-date symlink: /home/vvoxel/ros2_ws_mgr/install/ros_gz_interfaces/lib/python3.12/site-packages/ros_gz_interfaces/ros_gz_interfaces_s__rosidl_typesupport_fastrtps_c.so
[2.883s] -- Up-to-date symlink: /home/vvoxel/ros2_ws_mgr/install/ros_gz_interfaces/lib/python3.12/site-packages/ros_gz_interfaces/ros_gz_interfaces_s__rosidl_typesupport_introspection_c.so
[2.884s] -- Up-to-date symlink: /home/vvoxel/ros2_ws_mgr/install/ros_gz_interfaces/lib/python3.12/site-packages/ros_gz_interfaces/srv/__init__.py
[2.884s] -- Up-to-date symlink: /home/vvoxel/ros2_ws_mgr/install/ros_gz_interfaces/lib/python3.12/site-packages/ros_gz_interfaces/srv/_control_world.py
[2.884s] -- Up-to-date symlink: /home/vvoxel/ros2_ws_mgr/install/ros_gz_interfaces/lib/python3.12/site-packages/ros_gz_interfaces/srv/_control_world_s.c
[2.884s] -- Up-to-date symlink: /home/vvoxel/ros2_ws_mgr/install/ros_gz_interfaces/lib/python3.12/site-packages/ros_gz_interfaces/srv/_delete_entity.py
[2.885s] -- Up-to-date symlink: /home/vvoxel/ros2_ws_mgr/install/ros_gz_interfaces/lib/python3.12/site-packages/ros_gz_interfaces/srv/_delete_entity_s.c
[2.885s] -- Up-to-date symlink: /home/vvoxel/ros2_ws_mgr/install/ros_gz_interfaces/lib/python3.12/site-packages/ros_gz_interfaces/srv/_set_entity_pose.py
[2.885s] -- Up-to-date symlink: /home/vvoxel/ros2_ws_mgr/install/ros_gz_interfaces/lib/python3.12/site-packages/ros_gz_interfaces/srv/_set_entity_pose_s.c
[2.886s] -- Up-to-date symlink: /home/vvoxel/ros2_ws_mgr/install/ros_gz_interfaces/lib/python3.12/site-packages/ros_gz_interfaces/srv/_spawn_entity.py
[2.886s] -- Up-to-date symlink: /home/vvoxel/ros2_ws_mgr/install/ros_gz_interfaces/lib/python3.12/site-packages/ros_gz_interfaces/srv/_spawn_entity_s.c
[2.886s] -- Up-to-date symlink: /home/vvoxel/ros2_ws_mgr/install/ros_gz_interfaces/lib/python3.12/site-packages/ros_gz_interfaces/ros_gz_interfaces_s__rosidl_typesupport_fastrtps_c.so
[2.887s] -- Up-to-date symlink: /home/vvoxel/ros2_ws_mgr/install/ros_gz_interfaces/lib/python3.12/site-packages/ros_gz_interfaces/ros_gz_interfaces_s__rosidl_typesupport_introspection_c.so
[2.887s] -- Up-to-date symlink: /home/vvoxel/ros2_ws_mgr/install/ros_gz_interfaces/lib/python3.12/site-packages/ros_gz_interfaces/ros_gz_interfaces_s__rosidl_typesupport_c.so
[2.887s] -- Up-to-date symlink: /home/vvoxel/ros2_ws_mgr/install/ros_gz_interfaces/share/ros_gz_interfaces/msg/Altimeter.idl
[2.888s] -- Up-to-date symlink: /home/vvoxel/ros2_ws_mgr/install/ros_gz_interfaces/share/ros_gz_interfaces/msg/Contact.idl
[2.888s] -- Up-to-date symlink: /home/vvoxel/ros2_ws_mgr/install/ros_gz_interfaces/share/ros_gz_interfaces/msg/Contacts.idl
[2.888s] -- Up-to-date symlink: /home/vvoxel/ros2_ws_mgr/install/ros_gz_interfaces/share/ros_gz_interfaces/msg/Dataframe.idl
[2.888s] -- Up-to-date symlink: /home/vvoxel/ros2_ws_mgr/install/ros_gz_interfaces/share/ros_gz_interfaces/msg/Entity.idl
[2.889s] -- Up-to-date symlink: /home/vvoxel/ros2_ws_mgr/install/ros_gz_interfaces/share/ros_gz_interfaces/msg/EntityFactory.idl
[2.889s] -- Up-to-date symlink: /home/vvoxel/ros2_ws_mgr/install/ros_gz_interfaces/share/ros_gz_interfaces/msg/EntityWrench.idl
[2.889s] -- Up-to-date symlink: /home/vvoxel/ros2_ws_mgr/install/ros_gz_interfaces/share/ros_gz_interfaces/msg/Float32Array.idl
[2.890s] -- Up-to-date symlink: /home/vvoxel/ros2_ws_mgr/install/ros_gz_interfaces/share/ros_gz_interfaces/msg/GuiCamera.idl
[2.890s] -- Up-to-date symlink: /home/vvoxel/ros2_ws_mgr/install/ros_gz_interfaces/share/ros_gz_interfaces/msg/JointWrench.idl
[2.890s] -- Up-to-date symlink: /home/vvoxel/ros2_ws_mgr/install/ros_gz_interfaces/share/ros_gz_interfaces/msg/Light.idl
[2.891s] -- Up-to-date symlink: /home/vvoxel/ros2_ws_mgr/install/ros_gz_interfaces/share/ros_gz_interfaces/msg/LogicalCameraImage.idl
[2.891s] -- Up-to-date symlink: /home/vvoxel/ros2_ws_mgr/install/ros_gz_interfaces/share/ros_gz_interfaces/msg/LogicalCameraImageModel.idl
[2.891s] -- Up-to-date symlink: /home/vvoxel/ros2_ws_mgr/install/ros_gz_interfaces/share/ros_gz_interfaces/msg/MaterialColor.idl
[2.891s] -- Up-to-date symlink: /home/vvoxel/ros2_ws_mgr/install/ros_gz_interfaces/share/ros_gz_interfaces/msg/ParamVec.idl
[2.892s] -- Up-to-date symlink: /home/vvoxel/ros2_ws_mgr/install/ros_gz_interfaces/share/ros_gz_interfaces/msg/SensorNoise.idl
[2.892s] -- Up-to-date symlink: /home/vvoxel/ros2_ws_mgr/install/ros_gz_interfaces/share/ros_gz_interfaces/msg/StringVec.idl
[2.892s] -- Up-to-date symlink: /home/vvoxel/ros2_ws_mgr/install/ros_gz_interfaces/share/ros_gz_interfaces/msg/TrackVisual.idl
[2.893s] -- Up-to-date symlink: /home/vvoxel/ros2_ws_mgr/install/ros_gz_interfaces/share/ros_gz_interfaces/msg/VideoRecord.idl
[2.893s] -- Up-to-date symlink: /home/vvoxel/ros2_ws_mgr/install/ros_gz_interfaces/share/ros_gz_interfaces/msg/WorldControl.idl
[2.893s] -- Up-to-date symlink: /home/vvoxel/ros2_ws_mgr/install/ros_gz_interfaces/share/ros_gz_interfaces/msg/WorldReset.idl
[2.894s] -- Up-to-date symlink: /home/vvoxel/ros2_ws_mgr/install/ros_gz_interfaces/share/ros_gz_interfaces/srv/ControlWorld.idl
[2.894s] -- Up-to-date symlink: /home/vvoxel/ros2_ws_mgr/install/ros_gz_interfaces/share/ros_gz_interfaces/srv/DeleteEntity.idl
[2.894s] -- Up-to-date symlink: /home/vvoxel/ros2_ws_mgr/install/ros_gz_interfaces/share/ros_gz_interfaces/srv/SetEntityPose.idl
[2.894s] -- Up-to-date symlink: /home/vvoxel/ros2_ws_mgr/install/ros_gz_interfaces/share/ros_gz_interfaces/srv/SpawnEntity.idl
[2.895s] -- Up-to-date symlink: /home/vvoxel/ros2_ws_mgr/install/ros_gz_interfaces/share/ros_gz_interfaces/msg/Altimeter.msg
[2.895s] -- Up-to-date symlink: /home/vvoxel/ros2_ws_mgr/install/ros_gz_interfaces/share/ros_gz_interfaces/msg/Contact.msg
[2.896s] -- Up-to-date symlink: /home/vvoxel/ros2_ws_mgr/install/ros_gz_interfaces/share/ros_gz_interfaces/msg/Contacts.msg
[2.896s] -- Up-to-date symlink: /home/vvoxel/ros2_ws_mgr/install/ros_gz_interfaces/share/ros_gz_interfaces/msg/Dataframe.msg
[2.897s] -- Up-to-date symlink: /home/vvoxel/ros2_ws_mgr/install/ros_gz_interfaces/share/ros_gz_interfaces/msg/Entity.msg
[2.897s] -- Up-to-date symlink: /home/vvoxel/ros2_ws_mgr/install/ros_gz_interfaces/share/ros_gz_interfaces/msg/EntityFactory.msg
[2.897s] -- Up-to-date symlink: /home/vvoxel/ros2_ws_mgr/install/ros_gz_interfaces/share/ros_gz_interfaces/msg/EntityWrench.msg
[2.898s] -- Up-to-date symlink: /home/vvoxel/ros2_ws_mgr/install/ros_gz_interfaces/share/ros_gz_interfaces/msg/Float32Array.msg
[2.898s] -- Up-to-date symlink: /home/vvoxel/ros2_ws_mgr/install/ros_gz_interfaces/share/ros_gz_interfaces/msg/GuiCamera.msg
[2.898s] -- Up-to-date symlink: /home/vvoxel/ros2_ws_mgr/install/ros_gz_interfaces/share/ros_gz_interfaces/msg/JointWrench.msg
[2.898s] -- Up-to-date symlink: /home/vvoxel/ros2_ws_mgr/install/ros_gz_interfaces/share/ros_gz_interfaces/msg/Light.msg
[2.899s] -- Up-to-date symlink: /home/vvoxel/ros2_ws_mgr/install/ros_gz_interfaces/share/ros_gz_interfaces/msg/LogicalCameraImage.msg
[2.899s] -- Up-to-date symlink: /home/vvoxel/ros2_ws_mgr/install/ros_gz_interfaces/share/ros_gz_interfaces/msg/LogicalCameraImageModel.msg
[2.899s] -- Up-to-date symlink: /home/vvoxel/ros2_ws_mgr/install/ros_gz_interfaces/share/ros_gz_interfaces/msg/MaterialColor.msg
[2.900s] -- Up-to-date symlink: /home/vvoxel/ros2_ws_mgr/install/ros_gz_interfaces/share/ros_gz_interfaces/msg/ParamVec.msg
[2.900s] -- Up-to-date symlink: /home/vvoxel/ros2_ws_mgr/install/ros_gz_interfaces/share/ros_gz_interfaces/msg/SensorNoise.msg
[2.900s] -- Up-to-date symlink: /home/vvoxel/ros2_ws_mgr/install/ros_gz_interfaces/share/ros_gz_interfaces/msg/StringVec.msg
[2.901s] -- Up-to-date symlink: /home/vvoxel/ros2_ws_mgr/install/ros_gz_interfaces/share/ros_gz_interfaces/msg/TrackVisual.msg
[2.901s] -- Up-to-date symlink: /home/vvoxel/ros2_ws_mgr/install/ros_gz_interfaces/share/ros_gz_interfaces/msg/VideoRecord.msg
[2.901s] -- Up-to-date symlink: /home/vvoxel/ros2_ws_mgr/install/ros_gz_interfaces/share/ros_gz_interfaces/msg/WorldControl.msg
[2.901s] -- Up-to-date symlink: /home/vvoxel/ros2_ws_mgr/install/ros_gz_interfaces/share/ros_gz_interfaces/msg/WorldReset.msg
[2.901s] -- Up-to-date symlink: /home/vvoxel/ros2_ws_mgr/install/ros_gz_interfaces/share/ros_gz_interfaces/srv/ControlWorld.srv
[2.901s] -- Up-to-date symlink: /home/vvoxel/ros2_ws_mgr/install/ros_gz_interfaces/share/ros_gz_interfaces/srv/DeleteEntity.srv
[2.901s] -- Up-to-date symlink: /home/vvoxel/ros2_ws_mgr/install/ros_gz_interfaces/share/ros_gz_interfaces/srv/SetEntityPose.srv
[2.902s] -- Up-to-date symlink: /home/vvoxel/ros2_ws_mgr/install/ros_gz_interfaces/share/ros_gz_interfaces/srv/SpawnEntity.srv
[2.902s] -- Up-to-date symlink: /home/vvoxel/ros2_ws_mgr/install/ros_gz_interfaces/share/ament_index/resource_index/package_run_dependencies/ros_gz_interfaces
[2.903s] -- Up-to-date symlink: /home/vvoxel/ros2_ws_mgr/install/ros_gz_interfaces/share/ament_index/resource_index/parent_prefix_path/ros_gz_interfaces
[2.903s] -- Up-to-date symlink: /home/vvoxel/ros2_ws_mgr/install/ros_gz_interfaces/share/ros_gz_interfaces/environment/ament_prefix_path.sh
[2.903s] -- Up-to-date symlink: /home/vvoxel/ros2_ws_mgr/install/ros_gz_interfaces/share/ros_gz_interfaces/environment/ament_prefix_path.dsv
[2.903s] -- Up-to-date symlink: /home/vvoxel/ros2_ws_mgr/install/ros_gz_interfaces/share/ros_gz_interfaces/environment/path.sh
[2.903s] -- Up-to-date symlink: /home/vvoxel/ros2_ws_mgr/install/ros_gz_interfaces/share/ros_gz_interfaces/environment/path.dsv
[2.903s] -- Up-to-date symlink: /home/vvoxel/ros2_ws_mgr/install/ros_gz_interfaces/share/ros_gz_interfaces/local_setup.bash
[2.903s] -- Up-to-date symlink: /home/vvoxel/ros2_ws_mgr/install/ros_gz_interfaces/share/ros_gz_interfaces/local_setup.sh
[2.903s] -- Up-to-date symlink: /home/vvoxel/ros2_ws_mgr/install/ros_gz_interfaces/share/ros_gz_interfaces/local_setup.zsh
[2.904s] -- Up-to-date symlink: /home/vvoxel/ros2_ws_mgr/install/ros_gz_interfaces/share/ros_gz_interfaces/local_setup.dsv
[2.904s] -- Symlinking: /home/vvoxel/ros2_ws_mgr/install/ros_gz_interfaces/share/ros_gz_interfaces/package.dsv
[2.917s] -- Up-to-date symlink: /home/vvoxel/ros2_ws_mgr/install/ros_gz_interfaces/share/ament_index/resource_index/packages/ros_gz_interfaces
[2.918s] -- Up-to-date symlink: /home/vvoxel/ros2_ws_mgr/install/ros_gz_interfaces/share/ros_gz_interfaces/cmake/rosidl_cmake-extras.cmake
[2.918s] -- Up-to-date symlink: /home/vvoxel/ros2_ws_mgr/install/ros_gz_interfaces/share/ros_gz_interfaces/cmake/ament_cmake_export_dependencies-extras.cmake
[2.918s] -- Up-to-date symlink: /home/vvoxel/ros2_ws_mgr/install/ros_gz_interfaces/share/ros_gz_interfaces/cmake/ament_cmake_export_include_directories-extras.cmake
[2.919s] -- Up-to-date symlink: /home/vvoxel/ros2_ws_mgr/install/ros_gz_interfaces/share/ros_gz_interfaces/cmake/ament_cmake_export_libraries-extras.cmake
[2.919s] -- Up-to-date symlink: /home/vvoxel/ros2_ws_mgr/install/ros_gz_interfaces/share/ros_gz_interfaces/cmake/ament_cmake_export_targets-extras.cmake
[2.920s] -- Up-to-date symlink: /home/vvoxel/ros2_ws_mgr/install/ros_gz_interfaces/share/ros_gz_interfaces/cmake/rosidl_cmake_export_typesupport_targets-extras.cmake
[2.920s] -- Up-to-date symlink: /home/vvoxel/ros2_ws_mgr/install/ros_gz_interfaces/share/ros_gz_interfaces/cmake/rosidl_cmake_export_typesupport_libraries-extras.cmake
[2.921s] -- Up-to-date symlink: /home/vvoxel/ros2_ws_mgr/install/ros_gz_interfaces/share/ros_gz_interfaces/cmake/ros_gz_interfacesConfig.cmake
[2.921s] -- Up-to-date symlink: /home/vvoxel/ros2_ws_mgr/install/ros_gz_interfaces/share/ros_gz_interfaces/cmake/ros_gz_interfacesConfig-version.cmake
[2.921s] -- Up-to-date symlink: /home/vvoxel/ros2_ws_mgr/install/ros_gz_interfaces/share/ros_gz_interfaces/package.xml
[2.922s] -- Up-to-date: /home/vvoxel/ros2_ws_mgr/install/ros_gz_interfaces/lib/libros_gz_interfaces__rosidl_generator_c.so
[2.923s] -- Up-to-date: /home/vvoxel/ros2_ws_mgr/install/ros_gz_interfaces/lib/libros_gz_interfaces__rosidl_typesupport_fastrtps_c.so
[2.923s] -- Up-to-date: /home/vvoxel/ros2_ws_mgr/install/ros_gz_interfaces/lib/libros_gz_interfaces__rosidl_typesupport_fastrtps_cpp.so
[2.924s] -- Up-to-date: /home/vvoxel/ros2_ws_mgr/install/ros_gz_interfaces/lib/libros_gz_interfaces__rosidl_typesupport_introspection_c.so
[2.924s] -- Up-to-date: /home/vvoxel/ros2_ws_mgr/install/ros_gz_interfaces/lib/libros_gz_interfaces__rosidl_typesupport_c.so
[2.925s] -- Up-to-date: /home/vvoxel/ros2_ws_mgr/install/ros_gz_interfaces/lib/libros_gz_interfaces__rosidl_typesupport_introspection_cpp.so
[2.926s] -- Up-to-date: /home/vvoxel/ros2_ws_mgr/install/ros_gz_interfaces/lib/libros_gz_interfaces__rosidl_typesupport_cpp.so
[3.003s] Listing '/home/vvoxel/ros2_ws_mgr/install/ros_gz_interfaces/lib/python3.12/site-packages/ros_gz_interfaces'...
[3.004s] Listing '/home/vvoxel/ros2_ws_mgr/install/ros_gz_interfaces/lib/python3.12/site-packages/ros_gz_interfaces/msg'...
[3.004s] Listing '/home/vvoxel/ros2_ws_mgr/install/ros_gz_interfaces/lib/python3.12/site-packages/ros_gz_interfaces/srv'...
[3.014s] -- Up-to-date: /home/vvoxel/ros2_ws_mgr/install/ros_gz_interfaces/lib/libros_gz_interfaces__rosidl_generator_py.so
[3.015s] -- Up-to-date: /home/vvoxel/ros2_ws_mgr/install/ros_gz_interfaces/share/ros_gz_interfaces/cmake/export_ros_gz_interfaces__rosidl_generator_cExport.cmake
[3.015s] -- Up-to-date: /home/vvoxel/ros2_ws_mgr/install/ros_gz_interfaces/share/ros_gz_interfaces/cmake/export_ros_gz_interfaces__rosidl_generator_cExport-noconfig.cmake
[3.016s] -- Up-to-date: /home/vvoxel/ros2_ws_mgr/install/ros_gz_interfaces/share/ros_gz_interfaces/cmake/export_ros_gz_interfaces__rosidl_typesupport_fastrtps_cExport.cmake
[3.016s] -- Up-to-date: /home/vvoxel/ros2_ws_mgr/install/ros_gz_interfaces/share/ros_gz_interfaces/cmake/export_ros_gz_interfaces__rosidl_typesupport_fastrtps_cExport-noconfig.cmake
[3.016s] -- Up-to-date: /home/vvoxel/ros2_ws_mgr/install/ros_gz_interfaces/share/ros_gz_interfaces/cmake/export_ros_gz_interfaces__rosidl_generator_cppExport.cmake
[3.017s] -- Up-to-date: /home/vvoxel/ros2_ws_mgr/install/ros_gz_interfaces/share/ros_gz_interfaces/cmake/export_ros_gz_interfaces__rosidl_typesupport_fastrtps_cppExport.cmake
[3.017s] -- Up-to-date: /home/vvoxel/ros2_ws_mgr/install/ros_gz_interfaces/share/ros_gz_interfaces/cmake/export_ros_gz_interfaces__rosidl_typesupport_fastrtps_cppExport-noconfig.cmake
[3.017s] -- Up-to-date: /home/vvoxel/ros2_ws_mgr/install/ros_gz_interfaces/share/ros_gz_interfaces/cmake/ros_gz_interfaces__rosidl_typesupport_introspection_cExport.cmake
[3.018s] -- Up-to-date: /home/vvoxel/ros2_ws_mgr/install/ros_gz_interfaces/share/ros_gz_interfaces/cmake/ros_gz_interfaces__rosidl_typesupport_introspection_cExport-noconfig.cmake
[3.018s] -- Up-to-date: /home/vvoxel/ros2_ws_mgr/install/ros_gz_interfaces/share/ros_gz_interfaces/cmake/ros_gz_interfaces__rosidl_typesupport_cExport.cmake
[3.018s] -- Up-to-date: /home/vvoxel/ros2_ws_mgr/install/ros_gz_interfaces/share/ros_gz_interfaces/cmake/ros_gz_interfaces__rosidl_typesupport_cExport-noconfig.cmake
[3.018s] -- Up-to-date: /home/vvoxel/ros2_ws_mgr/install/ros_gz_interfaces/share/ros_gz_interfaces/cmake/ros_gz_interfaces__rosidl_typesupport_introspection_cppExport.cmake
[3.019s] -- Up-to-date: /home/vvoxel/ros2_ws_mgr/install/ros_gz_interfaces/share/ros_gz_interfaces/cmake/ros_gz_interfaces__rosidl_typesupport_introspection_cppExport-noconfig.cmake
[3.019s] -- Up-to-date: /home/vvoxel/ros2_ws_mgr/install/ros_gz_interfaces/share/ros_gz_interfaces/cmake/ros_gz_interfaces__rosidl_typesupport_cppExport.cmake
[3.019s] -- Up-to-date: /home/vvoxel/ros2_ws_mgr/install/ros_gz_interfaces/share/ros_gz_interfaces/cmake/ros_gz_interfaces__rosidl_typesupport_cppExport-noconfig.cmake
[3.019s] -- Up-to-date: /home/vvoxel/ros2_ws_mgr/install/ros_gz_interfaces/share/ros_gz_interfaces/cmake/export_ros_gz_interfaces__rosidl_generator_pyExport.cmake
[3.020s] -- Up-to-date: /home/vvoxel/ros2_ws_mgr/install/ros_gz_interfaces/share/ros_gz_interfaces/cmake/export_ros_gz_interfaces__rosidl_generator_pyExport-noconfig.cmake
[3.342s] Invoked command in '/home/vvoxel/ros2_ws_mgr/build/ros_gz_interfaces' returned '0': CMAKE_PREFIX_PATH=/home/vvoxel/ros2_ws_mgr/install/sim_launcher:/opt/ros/jazzy:${CMAKE_PREFIX_PATH} DEBUGINFOD_URLS=https://debuginfod.ubuntu.com /usr/bin/cmake --install /home/vvoxel/ros2_ws_mgr/build/ros_gz_interfaces
