[0.056s] Invoking command in '/home/vvoxel/ros2_ws_mgr/build/ros_gz_sim': CMAKE_PREFIX_PATH=${CMAKE_PREFIX_PATH}:/opt/ros/jazzy DEBUGINFOD_URLS=https://debuginfod.ubuntu.com /usr/bin/cmake /home/vvoxel/ros2_ws_mgr/src/ros_gz/ros_gz_sim -DCMAKE_INSTALL_PREFIX=/home/vvoxel/ros2_ws_mgr/install/ros_gz_sim
[0.102s] -- Found ament_cmake: 2.5.3 (/opt/ros/jazzy/share/ament_cmake/cmake)
[0.975s] -- Override CMake install command with custom implementation using symlinks instead of copying resources
[1.006s] -- Found rclcpp: 28.1.6 (/opt/ros/jazzy/share/rclcpp/cmake)
[1.188s] -- Found rosidl_generator_c: 4.6.5 (/opt/ros/jazzy/share/rosidl_generator_c/cmake)
[1.259s] -- Found rosidl_generator_cpp: 4.6.5 (/opt/ros/jazzy/share/rosidl_generator_cpp/cmake)
[1.332s] -- Using all available rosidl_typesupport_c: rosidl_typesupport_fastrtps_c;rosidl_typesupport_introspection_c
[1.395s] -- Using all available rosidl_typesupport_cpp: rosidl_typesupport_fastrtps_cpp;rosidl_typesupport_introspection_cpp
[1.692s] -- Found rmw_implementation_cmake: 7.3.1 (/opt/ros/jazzy/share/rmw_implementation_cmake/cmake)
[1.698s] -- Found rmw_fastrtps_cpp: 8.4.1 (/opt/ros/jazzy/share/rmw_fastrtps_cpp/cmake)
[1.921s] -- Using RMW implementation 'rmw_fastrtps_cpp' as default
[2.135s] -- Found rclcpp_components: 28.1.6 (/opt/ros/jazzy/share/rclcpp_components/cmake)
[2.213s] -- Found std_msgs: 5.3.5 (/opt/ros/jazzy/share/std_msgs/cmake)
[2.242s] -- Found gz_math_vendor: 0.0.8 (/opt/ros/jazzy/share/gz_math_vendor/cmake)
[2.247s] -- Looking for gz-math7 -- found version 7.5.2
[2.258s] -- Searching for dependencies of gz-math7
[2.258s] -- Looking for gz-utils2 -- found version 2.2.1
[2.259s] -- Searching for dependencies of gz-utils2
[2.261s] -- Found gz_transport_vendor: 0.0.6 (/opt/ros/jazzy/share/gz_transport_vendor/cmake)
[2.268s] -- Looking for gz-transport13 -- found version 13.4.1
[2.268s] -- Searching for dependencies of gz-transport13
[2.335s] -- Config-file not installed for ZeroMQ -- checking for pkg-config
[2.343s] -- Checking for module 'libzmq >= 4'
[2.372s] --   Found libzmq, version 4.3.5
[2.467s] -- Checking for module 'uuid'
[2.516s] --   Found uuid, version 2.39.3
[2.590s] -- Looking for gz-utils2 -- found version 2.2.1
[2.591s] -- Searching for dependencies of gz-utils2
[2.591s] -- Searching for <gz-utils2> component [cli]
[2.592s] -- Looking for gz-utils2-cli -- found version 2.2.1
[2.592s] -- Searching for dependencies of gz-utils2-cli
[2.593s] -- Looking for gz-msgs10 -- found version 10.3.2
[2.594s] -- Searching for dependencies of gz-msgs10
[2.657s] -- Looking for gz-utils2 -- found version 2.2.1
[2.658s] -- Looking for gz-math7 -- found version 7.5.2
[2.672s] -- Checking for module 'tinyxml2'
[2.708s] --   Found tinyxml2, version 10.0.0
[2.782s] -- Looking for gz-msgs10 -- found version 10.3.2
[2.783s] -- Found gz_sim_vendor: 0.0.8 (/opt/ros/jazzy/share/gz_sim_vendor/cmake)
[2.824s] -- Looking for gz-sim8 -- found version 8.9.0
[2.825s] -- Searching for dependencies of gz-sim8
[2.827s] -- Looking for sdformat14 -- found version 14.7.0
[2.827s] -- Searching for dependencies of sdformat14
[2.842s] -- Looking for gz-math7 -- found version 7.5.2
[2.843s] -- Looking for gz-utils2 -- found version 2.2.1
[2.847s] -- Looking for gz-plugin2 -- found version 2.0.4
[2.847s] -- Searching for dependencies of gz-plugin2
[2.848s] -- Looking for gz-utils2 -- found version 2.2.1
[2.849s] -- Searching for <gz-plugin2> component [loader]
[2.851s] -- Looking for gz-plugin2-loader -- found version 2.0.4
[2.851s] -- Searching for dependencies of gz-plugin2-loader
[2.853s] -- Searching for <gz-plugin2> component [register]
[2.855s] -- Looking for gz-plugin2-register -- found version 2.0.4
[2.855s] -- Searching for dependencies of gz-plugin2-register
[2.858s] -- Looking for gz-transport13 -- found version 13.4.1
[2.859s] -- Searching for dependencies of gz-transport13
[2.951s] -- Config-file not installed for ZeroMQ -- checking for pkg-config
[2.960s] -- Checking for module 'libzmq >= 4'
[3.001s] --   Found libzmq, version 4.3.5
[3.098s] -- Looking for gz-utils2 -- found version 2.2.1
[3.099s] -- Looking for gz-msgs10 -- found version 10.3.2
[3.099s] -- Searching for <gz-transport13> component [log]
[3.101s] -- Looking for gz-transport13-log -- found version 13.4.1
[3.101s] -- Searching for dependencies of gz-transport13-log
[3.103s] -- Searching for <gz-transport13> component [parameters]
[3.104s] -- Looking for gz-transport13-parameters -- found version 13.4.1
[3.104s] -- Searching for dependencies of gz-transport13-parameters
[3.107s] -- Looking for gz-msgs10 -- found version 10.3.2
[3.108s] -- Looking for gz-common5 -- found version 5.7.1
[3.108s] -- Searching for dependencies of gz-common5
[3.109s] -- Looking for gz-utils2 -- found version 2.2.1
[3.110s] -- Looking for dlfcn.h - found
[3.110s] -- Looking for libdl - found
[3.129s] -- Searching for <gz-common5> component [av]
[3.130s] -- Looking for gz-common5-av -- found version 5.7.1
[3.131s] -- Searching for dependencies of gz-common5-av
[3.144s] -- Checking for module 'libswscale'
[3.187s] --   Found libswscale, version 7.5.100
[3.264s] -- Checking for module 'libavdevice >= 56.4.100'
[3.297s] --   Found libavdevice, version 60.3.100
[3.405s] -- Checking for module 'libavformat'
[3.447s] --   Found libavformat, version 60.16.100
[3.539s] -- Checking for module 'libavcodec'
[3.571s] --   Found libavcodec, version 60.31.102
[3.649s] -- Checking for module 'libavutil'
[3.681s] --   Found libavutil, version 58.29.100
[3.746s] -- Searching for <gz-common5> component [events]
[3.748s] -- Looking for gz-common5-events -- found version 5.7.1
[3.748s] -- Searching for dependencies of gz-common5-events
[3.749s] -- Looking for gz-math7 -- found version 7.5.2
[3.750s] -- Searching for <gz-common5> component [graphics]
[3.751s] -- Looking for gz-common5-graphics -- found version 5.7.1
[3.752s] -- Searching for dependencies of gz-common5-graphics
[3.752s] -- Looking for gz-math7 -- found version 7.5.2
[3.759s] -- Searching for <gz-common5> component [io]
[3.760s] -- Looking for gz-common5-io -- found version 5.7.1
[3.760s] -- Searching for dependencies of gz-common5-io
[3.762s] -- Searching for <gz-common5> component [profiler]
[3.763s] -- Looking for gz-common5-profiler -- found version 5.7.1
[3.763s] -- Searching for dependencies of gz-common5-profiler
[3.766s] -- Looking for gz-fuel_tools9 -- found version 9.1.1
[3.767s] -- Searching for dependencies of gz-fuel_tools9
[3.853s] -- Checking for module 'jsoncpp'
[3.885s] --   Found jsoncpp, version 1.9.5
[4.011s] -- Checking for module 'yaml-0.1'
[4.045s] --   Found yaml-0.1, version 0.2.5
[4.124s] -- Checking for module 'libzip'
[4.158s] --   Found libzip, version 1.7.3
[4.225s] -- Looking for gz-utils2 -- found version 2.2.1
[4.226s] -- Looking for gz-common5 -- found version 5.7.1
[4.227s] -- Searching for dependencies of gz-common5
[4.228s] -- Looking for gz-utils2 -- found version 2.2.1
[4.229s] -- Looking for dlfcn.h - found
[4.229s] -- Looking for libdl - found
[4.245s] -- Searching for <gz-common5> component [testing]
[4.247s] -- Looking for gz-common5-testing -- found version 5.7.1
[4.247s] -- Searching for dependencies of gz-common5-testing
[4.250s] -- Looking for gz-math7 -- found version 7.5.2
[4.251s] -- Looking for gz-msgs10 -- found version 10.3.2
[4.254s] -- Looking for gz-gui8 -- found version 8.4.0
[4.254s] -- Searching for dependencies of gz-gui8
[4.309s] -- Looking for gz-utils2 -- found version 2.2.1
[4.310s] -- Looking for gz-math7 -- found version 7.5.2
[4.311s] -- Looking for gz-common5 -- found version 5.7.1
[4.312s] -- Looking for gz-plugin2 -- found version 2.0.4
[4.313s] -- Looking for gz-transport13 -- found version 13.4.1
[4.314s] -- Looking for gz-rendering8 -- found version 8.2.2
[4.315s] -- Searching for dependencies of gz-rendering8
[4.316s] -- Looking for gz-math7 -- found version 7.5.2
[4.316s] -- Searching for dependencies of gz-math7
[4.318s] -- Looking for gz-utils2 -- found version 2.2.1
[4.318s] -- Searching for <gz-math7> component [eigen3]
[4.319s] -- Looking for gz-math7-eigen3 -- found version 7.5.2
[4.320s] -- Searching for dependencies of gz-math7-eigen3
[4.324s] -- Looking for gz-common5 -- found version 5.7.1
[4.325s] -- Searching for dependencies of gz-common5
[4.326s] -- Looking for gz-utils2 -- found version 2.2.1
[4.326s] -- Looking for dlfcn.h - found
[4.326s] -- Looking for libdl - found
[4.342s] -- Searching for <gz-common5> component [graphics]
[4.343s] -- Searching for <gz-common5> component [events]
[4.343s] -- Searching for <gz-common5> component [geospatial]
[4.344s] -- Looking for gz-common5-geospatial -- found version 5.7.1
[4.344s] -- Searching for dependencies of gz-common5-geospatial
[4.345s] -- Looking for gz-math7 -- found version 7.5.2
[4.346s] -- Looking for gz-common5 -- found version 5.7.1
[4.349s] -- Looking for gz-plugin2 -- found version 2.0.4
[4.349s] -- Searching for dependencies of gz-plugin2
[4.350s] -- Looking for gz-utils2 -- found version 2.2.1
[4.351s] -- Searching for <gz-plugin2> component [all]
[4.352s] -- Looking for all libraries of gz-plugin2 -- found version 2.0.4
[4.354s] -- Looking for gz-plugin2 -- found version 2.0.4
[4.356s] -- Looking for gz-utils2 -- found version 2.2.1
[4.365s] -- Looking for gz-msgs10 -- found version 10.3.2
[4.422s] -- Looking for gz-physics7 -- found version 7.5.0
[4.423s] -- Searching for dependencies of gz-physics7
[4.424s] -- Looking for gz-common5 -- found version 5.7.1
[4.425s] -- Looking for gz-math7 -- found version 7.5.2
[4.426s] -- Looking for gz-plugin2 -- found version 2.0.4
[4.428s] -- Looking for gz-utils2 -- found version 2.2.1
[4.432s] -- Searching for <gz-physics7> component [heightmap]
[4.433s] -- Looking for gz-physics7-heightmap -- found version 7.5.0
[4.434s] -- Searching for dependencies of gz-physics7-heightmap
[4.435s] -- Looking for gz-common5 -- found version 5.7.1
[4.437s] -- Searching for <gz-physics7> component [mesh]
[4.438s] -- Looking for gz-physics7-mesh -- found version 7.5.0
[4.439s] -- Searching for dependencies of gz-physics7-mesh
[4.440s] -- Looking for gz-common5 -- found version 5.7.1
[4.443s] -- Searching for <gz-physics7> component [sdf]
[4.444s] -- Looking for gz-physics7-sdf -- found version 7.5.0
[4.445s] -- Searching for dependencies of gz-physics7-sdf
[4.446s] -- Looking for sdformat14 -- found version 14.7.0
[4.454s] -- Looking for gz-sensors8 -- found version 8.2.2
[4.455s] -- Searching for dependencies of gz-sensors8
[4.518s] -- Looking for gz-math7 -- found version 7.5.2
[4.519s] -- Looking for gz-common5 -- found version 5.7.1
[4.519s] -- Looking for gz-transport13 -- found version 13.4.1
[4.522s] -- Looking for gz-rendering8 -- found version 8.2.2
[4.524s] -- Looking for gz-msgs10 -- found version 10.3.2
[4.532s] -- Looking for sdformat14 -- found version 14.7.0
[4.536s] -- Searching for <gz-sensors8> component [air_pressure]
[4.539s] -- Looking for gz-sensors8-air_pressure -- found version 8.2.2
[4.541s] -- Searching for dependencies of gz-sensors8-air_pressure
[4.545s] -- Searching for <gz-sensors8> component [air_speed]
[4.550s] -- Looking for gz-sensors8-air_speed -- found version 8.2.2
[4.550s] -- Searching for dependencies of gz-sensors8-air_speed
[4.552s] -- Searching for <gz-sensors8> component [altimeter]
[4.558s] -- Looking for gz-sensors8-altimeter -- found version 8.2.2
[4.561s] -- Searching for dependencies of gz-sensors8-altimeter
[4.561s] -- Searching for <gz-sensors8> component [imu]
[4.565s] -- Looking for gz-sensors8-imu -- found version 8.2.2
[4.565s] -- Searching for dependencies of gz-sensors8-imu
[4.570s] -- Searching for <gz-sensors8> component [force_torque]
[4.575s] -- Looking for gz-sensors8-force_torque -- found version 8.2.2
[4.576s] -- Searching for dependencies of gz-sensors8-force_torque
[4.578s] -- Searching for <gz-sensors8> component [logical_camera]
[4.580s] -- Looking for gz-sensors8-logical_camera -- found version 8.2.2
[4.581s] -- Searching for dependencies of gz-sensors8-logical_camera
[4.584s] -- Searching for <gz-sensors8> component [magnetometer]
[4.587s] -- Looking for gz-sensors8-magnetometer -- found version 8.2.2
[4.587s] -- Searching for dependencies of gz-sensors8-magnetometer
[4.588s] -- Searching for <gz-sensors8> component [navsat]
[4.590s] -- Looking for gz-sensors8-navsat -- found version 8.2.2
[4.590s] -- Searching for dependencies of gz-sensors8-navsat
[4.592s] -- Searching for <gz-sensors8> component [dvl]
[4.598s] -- Looking for gz-sensors8-dvl -- found version 8.2.2
[4.598s] -- Searching for dependencies of gz-sensors8-dvl
[4.598s] -- Looking for gz-sensors8 -- found version 8.2.2
[4.598s] -- Searching for dependencies of gz-sensors8
[4.662s] -- Looking for gz-math7 -- found version 7.5.2
[4.663s] -- Looking for gz-common5 -- found version 5.7.1
[4.665s] -- Looking for gz-transport13 -- found version 13.4.1
[4.667s] -- Looking for gz-rendering8 -- found version 8.2.2
[4.668s] -- Looking for gz-msgs10 -- found version 10.3.2
[4.669s] -- Looking for sdformat14 -- found version 14.7.0
[4.670s] -- Searching for <gz-sensors8> component [rendering]
[4.672s] -- Looking for gz-sensors8-rendering -- found version 8.2.2
[4.672s] -- Searching for dependencies of gz-sensors8-rendering
[4.677s] -- Searching for <gz-sensors8> component [rendering]
[4.677s] -- Searching for <gz-sensors8> component [lidar]
[4.679s] -- Looking for gz-sensors8-lidar -- found version 8.2.2
[4.679s] -- Searching for dependencies of gz-sensors8-lidar
[4.681s] -- Looking for gz-sensors8 -- found version 8.2.2
[4.683s] -- Searching for <gz-sensors8> component [gpu_lidar]
[4.685s] -- Looking for gz-sensors8-gpu_lidar -- found version 8.2.2
[4.685s] -- Searching for dependencies of gz-sensors8-gpu_lidar
[4.687s] -- Looking for gz-sensors8 -- found version 8.2.2
[4.689s] -- Searching for <gz-sensors8> component [camera]
[4.691s] -- Looking for gz-sensors8-camera -- found version 8.2.2
[4.692s] -- Searching for dependencies of gz-sensors8-camera
[4.693s] -- Looking for gz-sensors8 -- found version 8.2.2
[4.696s] -- Searching for <gz-sensors8> component [boundingbox_camera]
[4.698s] -- Looking for gz-sensors8-boundingbox_camera -- found version 8.2.2
[4.698s] -- Searching for dependencies of gz-sensors8-boundingbox_camera
[4.701s] -- Searching for <gz-sensors8> component [segmentation_camera]
[4.703s] -- Looking for gz-sensors8-segmentation_camera -- found version 8.2.2
[4.704s] -- Searching for dependencies of gz-sensors8-segmentation_camera
[4.706s] -- Searching for <gz-sensors8> component [depth_camera]
[4.709s] -- Looking for gz-sensors8-depth_camera -- found version 8.2.2
[4.709s] -- Searching for dependencies of gz-sensors8-depth_camera
[4.711s] -- Looking for gz-sensors8 -- found version 8.2.2
[4.713s] -- Searching for <gz-sensors8> component [rgbd_camera]
[4.715s] -- Looking for gz-sensors8-rgbd_camera -- found version 8.2.2
[4.716s] -- Searching for dependencies of gz-sensors8-rgbd_camera
[4.717s] -- Looking for gz-sensors8 -- found version 8.2.2
[4.721s] -- Searching for <gz-sensors8> component [thermal_camera]
[4.721s] -- Looking for gz-sensors8-thermal_camera -- found version 8.2.2
[4.722s] -- Searching for dependencies of gz-sensors8-thermal_camera
[4.724s] -- Looking for gz-sensors8 -- found version 8.2.2
[4.725s] -- Searching for <gz-sensors8> component [wide_angle_camera]
[4.727s] -- Looking for gz-sensors8-wide_angle_camera -- found version 8.2.2
[4.727s] -- Searching for dependencies of gz-sensors8-wide_angle_camera
[4.730s] -- Looking for gz-rendering8 -- found version 8.2.2
[4.731s] -- Looking for gz-math7 -- found version 7.5.2
[4.732s] -- Looking for gz-utils2 -- found version 2.2.1
[4.803s] -- Looking for gflags - found
[4.803s] 
[5.100s] -- Found ament_lint_auto: 0.17.1 (/opt/ros/jazzy/share/ament_lint_auto/cmake)
[5.320s] -- Found python_cmake_module: 0.11.1 (/opt/ros/jazzy/share/python_cmake_module/cmake)
[5.787s] -- Found ament_cmake_gtest: 2.5.3 (/opt/ros/jazzy/share/ament_cmake_gtest/cmake)
[5.790s] -- Found gtest sources under '/opt/ros/jazzy/src/gtest_vendor': C++ tests using 'Google Test' will be built
[5.826s] -- Added test 'copyright' to check source files copyright and LICENSE
[5.834s] -- Added test 'cppcheck' to perform static code analysis on C / C++ code
[5.835s] -- Configured cppcheck include dirs: $<BUILD_INTERFACE:/home/vvoxel/ros2_ws_mgr/src/ros_gz/ros_gz_sim/include>
[5.836s] -- Configured cppcheck exclude dirs and/or files: 
[5.843s] -- Added test 'cpplint' to check C / C++ code against the Google style
[5.843s] -- Configured cpplint exclude dirs and/or files: 
[5.843s] -- Added test 'flake8' to check Python code syntax and style conventions
[5.844s] -- Configured 'flake8' exclude dirs and/or files: 
[5.844s] -- Added test 'lint_cmake' to check CMake code style
[5.845s] -- Added test 'pep257' to check Python code against some of the docstring style conventions in PEP 257
[5.850s] -- Added test 'uncrustify' to check C / C++ code style
[5.850s] -- Configured uncrustify additional arguments: 
[5.851s] -- Added test 'xmllint' to check XML markup files
[5.856s] -- Configuring done (5.8s)
[5.976s] -- Generating done (0.1s)
[6.008s] -- Build files have been written to: /home/vvoxel/ros2_ws_mgr/build/ros_gz_sim
[6.043s] Invoked command in '/home/vvoxel/ros2_ws_mgr/build/ros_gz_sim' returned '0': CMAKE_PREFIX_PATH=${CMAKE_PREFIX_PATH}:/opt/ros/jazzy DEBUGINFOD_URLS=https://debuginfod.ubuntu.com /usr/bin/cmake /home/vvoxel/ros2_ws_mgr/src/ros_gz/ros_gz_sim -DCMAKE_INSTALL_PREFIX=/home/vvoxel/ros2_ws_mgr/install/ros_gz_sim
[6.047s] Invoking command in '/home/vvoxel/ros2_ws_mgr/build/ros_gz_sim': CMAKE_PREFIX_PATH=${CMAKE_PREFIX_PATH}:/opt/ros/jazzy DEBUGINFOD_URLS=https://debuginfod.ubuntu.com /usr/bin/cmake --build /home/vvoxel/ros2_ws_mgr/build/ros_gz_sim -- -j8 -l8
[6.238s] [ 10%] Built target remove
[6.243s] [ 20%] Built target ros_gz_sim
[6.250s] [ 20%] Built target ament_cmake_python_symlink_ros_gz_sim
[6.251s] [ 30%] Built target gtest_main
[6.254s] [ 40%] Built target gzserver_component
[6.257s] [ 40%] Built target ament_cmake_python_symlink_ros_gz_sim_setup
[6.267s] [ 50%] Built target create
[6.268s] [ 60%] Built target gzserver
[6.301s] [ 70%] Built target gtest
[6.373s] [ 80%] Built target test_remove
[6.375s] [ 90%] Built target test_create
[6.384s] [100%] Built target test_stopwatch
[6.836s] running egg_info
[6.885s] writing ros_gz_sim.egg-info/PKG-INFO
[6.885s] writing dependency_links to ros_gz_sim.egg-info/dependency_links.txt
[6.885s] writing entry points to ros_gz_sim.egg-info/entry_points.txt
[6.886s] writing top-level names to ros_gz_sim.egg-info/top_level.txt
[7.029s] reading manifest file 'ros_gz_sim.egg-info/SOURCES.txt'
[7.030s] writing manifest file 'ros_gz_sim.egg-info/SOURCES.txt'
[7.090s] [100%] Built target ament_cmake_python_build_ros_gz_sim_egg
[7.113s] Invoked command in '/home/vvoxel/ros2_ws_mgr/build/ros_gz_sim' returned '0': CMAKE_PREFIX_PATH=${CMAKE_PREFIX_PATH}:/opt/ros/jazzy DEBUGINFOD_URLS=https://debuginfod.ubuntu.com /usr/bin/cmake --build /home/vvoxel/ros2_ws_mgr/build/ros_gz_sim -- -j8 -l8
[7.116s] Invoking command in '/home/vvoxel/ros2_ws_mgr/build/ros_gz_sim': CMAKE_PREFIX_PATH=${CMAKE_PREFIX_PATH}:/opt/ros/jazzy DEBUGINFOD_URLS=https://debuginfod.ubuntu.com /usr/bin/cmake --install /home/vvoxel/ros2_ws_mgr/build/ros_gz_sim
[7.132s] -- Install configuration: ""
[7.133s] -- Execute custom install script
[7.134s] -- Up-to-date symlink: /home/vvoxel/ros2_ws_mgr/install/ros_gz_sim/share/ros_gz_sim/environment/pythonpath.sh
[7.134s] -- Up-to-date symlink: /home/vvoxel/ros2_ws_mgr/install/ros_gz_sim/share/ros_gz_sim/environment/pythonpath.dsv
[7.135s] -- Up-to-date symlink: /home/vvoxel/ros2_ws_mgr/install/ros_gz_sim/lib/python3.12/site-packages/ros_gz_sim-1.0.11-py3.12.egg-info/PKG-INFO
[7.135s] -- Up-to-date symlink: /home/vvoxel/ros2_ws_mgr/install/ros_gz_sim/lib/python3.12/site-packages/ros_gz_sim-1.0.11-py3.12.egg-info/SOURCES.txt
[7.135s] -- Up-to-date symlink: /home/vvoxel/ros2_ws_mgr/install/ros_gz_sim/lib/python3.12/site-packages/ros_gz_sim-1.0.11-py3.12.egg-info/dependency_links.txt
[7.135s] -- Up-to-date symlink: /home/vvoxel/ros2_ws_mgr/install/ros_gz_sim/lib/python3.12/site-packages/ros_gz_sim-1.0.11-py3.12.egg-info/entry_points.txt
[7.136s] -- Up-to-date symlink: /home/vvoxel/ros2_ws_mgr/install/ros_gz_sim/lib/python3.12/site-packages/ros_gz_sim-1.0.11-py3.12.egg-info/top_level.txt
[7.137s] -- Up-to-date symlink: /home/vvoxel/ros2_ws_mgr/install/ros_gz_sim/lib/python3.12/site-packages/ros_gz_sim/__init__.py
[7.138s] -- Up-to-date symlink: /home/vvoxel/ros2_ws_mgr/install/ros_gz_sim/lib/python3.12/site-packages/ros_gz_sim/actions/__init__.py
[7.138s] -- Up-to-date symlink: /home/vvoxel/ros2_ws_mgr/install/ros_gz_sim/lib/python3.12/site-packages/ros_gz_sim/actions/gz_spawn_model.py
[7.138s] -- Up-to-date symlink: /home/vvoxel/ros2_ws_mgr/install/ros_gz_sim/lib/python3.12/site-packages/ros_gz_sim/actions/gzserver.py
[7.139s] -- Up-to-date symlink: /home/vvoxel/ros2_ws_mgr/install/ros_gz_sim/include/ros_gz_sim/Stopwatch.hpp
[7.139s] -- Up-to-date symlink: /home/vvoxel/ros2_ws_mgr/install/ros_gz_sim/lib/ros_gz_sim/gzserver
[7.139s] -- Up-to-date symlink: /home/vvoxel/ros2_ws_mgr/install/ros_gz_sim/share/ros_gz_sim/launch/gz_sim.launch.py
[7.140s] -- Up-to-date symlink: /home/vvoxel/ros2_ws_mgr/install/ros_gz_sim/share/ros_gz_sim/launch/gz_server.launch
[7.140s] -- Up-to-date symlink: /home/vvoxel/ros2_ws_mgr/install/ros_gz_sim/share/ros_gz_sim/launch/gz_server.launch.py
[7.140s] -- Up-to-date symlink: /home/vvoxel/ros2_ws_mgr/install/ros_gz_sim/share/ros_gz_sim/launch/gz_spawn_model.launch
[7.141s] -- Up-to-date symlink: /home/vvoxel/ros2_ws_mgr/install/ros_gz_sim/share/ros_gz_sim/launch/gz_spawn_model.launch.py
[7.141s] -- Up-to-date symlink: /home/vvoxel/ros2_ws_mgr/install/ros_gz_sim/share/ros_gz_sim/launch/ros_gz_sim.launch
[7.141s] -- Up-to-date symlink: /home/vvoxel/ros2_ws_mgr/install/ros_gz_sim/share/ros_gz_sim/launch/ros_gz_sim.launch.py
[7.141s] -- Up-to-date symlink: /home/vvoxel/ros2_ws_mgr/install/ros_gz_sim/share/ros_gz_sim/launch/ros_gz_spawn_model.launch.py
[7.142s] -- Up-to-date symlink: /home/vvoxel/ros2_ws_mgr/install/ros_gz_sim/share/ros_gz_sim/launch/gz_remove_model.launch.py
[7.142s] -- Up-to-date symlink: /home/vvoxel/ros2_ws_mgr/install/ros_gz_sim/lib/ros_gz_sim/create
[7.142s] -- Up-to-date symlink: /home/vvoxel/ros2_ws_mgr/install/ros_gz_sim/lib/ros_gz_sim/remove
[7.143s] -- Up-to-date symlink: /home/vvoxel/ros2_ws_mgr/install/ros_gz_sim/lib/ros_gz_sim/gzserver
[7.143s] -- Up-to-date symlink: /home/vvoxel/ros2_ws_mgr/install/ros_gz_sim/lib/ros_gz_sim/test_stopwatch
[7.144s] -- Up-to-date symlink: /home/vvoxel/ros2_ws_mgr/install/ros_gz_sim/lib/ros_gz_sim/test_create
[7.144s] -- Up-to-date symlink: /home/vvoxel/ros2_ws_mgr/install/ros_gz_sim/lib/ros_gz_sim/test_remove
[7.144s] -- Up-to-date symlink: /home/vvoxel/ros2_ws_mgr/install/ros_gz_sim/share/ament_index/resource_index/package_run_dependencies/ros_gz_sim
[7.145s] -- Up-to-date symlink: /home/vvoxel/ros2_ws_mgr/install/ros_gz_sim/share/ament_index/resource_index/parent_prefix_path/ros_gz_sim
[7.145s] -- Up-to-date symlink: /home/vvoxel/ros2_ws_mgr/install/ros_gz_sim/share/ros_gz_sim/environment/ament_prefix_path.sh
[7.145s] -- Up-to-date symlink: /home/vvoxel/ros2_ws_mgr/install/ros_gz_sim/share/ros_gz_sim/environment/ament_prefix_path.dsv
[7.146s] -- Up-to-date symlink: /home/vvoxel/ros2_ws_mgr/install/ros_gz_sim/share/ros_gz_sim/environment/path.sh
[7.147s] -- Up-to-date symlink: /home/vvoxel/ros2_ws_mgr/install/ros_gz_sim/share/ros_gz_sim/environment/path.dsv
[7.147s] -- Up-to-date symlink: /home/vvoxel/ros2_ws_mgr/install/ros_gz_sim/share/ros_gz_sim/local_setup.bash
[7.147s] -- Up-to-date symlink: /home/vvoxel/ros2_ws_mgr/install/ros_gz_sim/share/ros_gz_sim/local_setup.sh
[7.148s] -- Up-to-date symlink: /home/vvoxel/ros2_ws_mgr/install/ros_gz_sim/share/ros_gz_sim/local_setup.zsh
[7.148s] -- Up-to-date symlink: /home/vvoxel/ros2_ws_mgr/install/ros_gz_sim/share/ros_gz_sim/local_setup.dsv
[7.148s] -- Symlinking: /home/vvoxel/ros2_ws_mgr/install/ros_gz_sim/share/ros_gz_sim/package.dsv
[7.165s] -- Up-to-date symlink: /home/vvoxel/ros2_ws_mgr/install/ros_gz_sim/share/ament_index/resource_index/packages/ros_gz_sim
[7.165s] -- Up-to-date symlink: /home/vvoxel/ros2_ws_mgr/install/ros_gz_sim/share/ament_index/resource_index/rclcpp_components/ros_gz_sim
[7.166s] -- Up-to-date symlink: /home/vvoxel/ros2_ws_mgr/install/ros_gz_sim/share/ros_gz_sim/cmake/ament_cmake_export_targets-extras.cmake
[7.166s] -- Up-to-date symlink: /home/vvoxel/ros2_ws_mgr/install/ros_gz_sim/share/ros_gz_sim/cmake/ament_cmake_export_dependencies-extras.cmake
[7.167s] -- Up-to-date symlink: /home/vvoxel/ros2_ws_mgr/install/ros_gz_sim/share/ros_gz_sim/cmake/ros_gz_simConfig.cmake
[7.167s] -- Up-to-date symlink: /home/vvoxel/ros2_ws_mgr/install/ros_gz_sim/share/ros_gz_sim/cmake/ros_gz_simConfig-version.cmake
[7.167s] -- Up-to-date symlink: /home/vvoxel/ros2_ws_mgr/install/ros_gz_sim/share/ros_gz_sim/package.xml
[7.242s] Listing '/home/vvoxel/ros2_ws_mgr/install/ros_gz_sim/lib/python3.12/site-packages/ros_gz_sim'...
[7.242s] Listing '/home/vvoxel/ros2_ws_mgr/install/ros_gz_sim/lib/python3.12/site-packages/ros_gz_sim/actions'...
[7.253s] -- Up-to-date: /home/vvoxel/ros2_ws_mgr/install/ros_gz_sim/lib/libgzserver_component.so
[7.253s] -- Up-to-date: /home/vvoxel/ros2_ws_mgr/install/ros_gz_sim/lib/libros_gz_sim.so
[7.254s] -- Up-to-date: /home/vvoxel/ros2_ws_mgr/install/ros_gz_sim/share/ros_gz_sim/cmake/export_gzserver_componentExport.cmake
[7.254s] -- Up-to-date: /home/vvoxel/ros2_ws_mgr/install/ros_gz_sim/share/ros_gz_sim/cmake/export_gzserver_componentExport-noconfig.cmake
[7.254s] -- Up-to-date: /home/vvoxel/ros2_ws_mgr/install/ros_gz_sim/share/ros_gz_sim/cmake/ros_gz_simExport.cmake
[7.254s] -- Up-to-date: /home/vvoxel/ros2_ws_mgr/install/ros_gz_sim/share/ros_gz_sim/cmake/ros_gz_simExport-noconfig.cmake
[7.258s] Invoked command in '/home/vvoxel/ros2_ws_mgr/build/ros_gz_sim' returned '0': CMAKE_PREFIX_PATH=${CMAKE_PREFIX_PATH}:/opt/ros/jazzy DEBUGINFOD_URLS=https://debuginfod.ubuntu.com /usr/bin/cmake --install /home/vvoxel/ros2_ws_mgr/build/ros_gz_sim
