[  1%] Built target opengl_helper
[  2%] Built target freeglut_minimal
[  3%] Built target parser_library
[  6%] Built target stuff
[  7%] Built target interface_library
[  8%] Built target csparse_extension
[  8%] Built target logging_application
[ 16%] Built target core
[ 17%] Built target solver_pcg
[ 19%] Built target g2o_cli_library
[ 20%] Built target solver_dense
[ 20%] Built target solver_eigen
[ 21%] Built target solver_csparse
[ 22%] Built target solver_structure_only
[ 25%] Built target g2o_hierarchical_library
[ 26%] Built target solver_cholmod
[ 26%] Built target g2o_cli_application
[ 32%] Built target types_slam3d
[ 33%] Built target curve_fit
[ 34%] Built target circle_fit
[ 39%] Built target types_slam2d
[ 40%] Built target polynomial_fit
[ 45%] Built target viewer_library
[ 45%] Built target static_dynamic_function_fit
[ 46%] Built target static_target
[ 46%] Built target bal_example
[ 49%] Built target tutorial_slam2d_library
[ 49%] Built target constant_velocity_target
[ 49%] Built target simple_optimize
[ 50%] Built target create_sphere
[ 51%] Built target g2o_anonymize_observations_application
[ 52%] Built target g2o_interactive_library
[ 52%] Built target g2o_hierarchical_application
[ 52%] Built target g2o_viewer
[ 54%] Built target slam2d_g2o
[ 58%] Built target types_slam2d_addons
[ 62%] Built target types_slam3d_addons
[ 65%] Built target types_data
[ 67%] Built target types_sclam2d
[ 68%] Built target solver_slam2d_linear
[ 69%] Built target tutorial_slam2d
[ 70%] Built target g2o_incremental_library
[ 71%] Built target g2o_online_application
[ 72%] Built target simulator_3d_line
[ 73%] Built target convertSegmentLine_application
[ 74%] Built target simulator_3d_plane
[ 81%] Built target types_sba
[ 81%] Built target g2o_incremental_application
[ 83%] Built target calibration_odom_laser_library
[ 90%] Built target g2o_simulator_library
[ 91%] Built target ba_demo
[ 91%] Built target ba_anchored_inverse_depth_demo
[ 92%] Built target sclam_odom_laser
[ 93%] Built target convert_sba_slam3d
[ 94%] Built target types_sim3
[ 95%] Built target sclam_pure_calibration
[ 95%] Built target types_icp
[ 95%] Built target g2o_simulator3d_application
[ 95%] Built target sclam_laser_calib
[ 96%] Built target g2o_simulator2d_application
[ 97%] Built target gicp_sba_demo
[ 98%] Built target optimize_sphere_by_sim3
[ 99%] Built target gicp_demo
[100%] Built target sba_demo
-- Install configuration: "Release"
-- Installing: /home/vvoxel/ros2_ws_mgr/install/g2o/include/g2o/config.h
-- Installing: /home/vvoxel/ros2_ws_mgr/install/g2o/lib/cmake/g2o/g2oConfig.cmake
-- Installing: /home/vvoxel/ros2_ws_mgr/install/g2o/lib/cmake/g2o/g2oConfigVersion.cmake
-- Installing: /home/vvoxel/ros2_ws_mgr/install/g2o/lib/cmake/g2o/g2oTargets.cmake
-- Installing: /home/vvoxel/ros2_ws_mgr/install/g2o/lib/cmake/g2o/g2oTargets-release.cmake
-- Installing: /home/vvoxel/ros2_ws_mgr/install/g2o/lib/libg2o_ext_freeglut_minimal.so.0.2.0
-- Installing: /home/vvoxel/ros2_ws_mgr/install/g2o/lib/libg2o_ext_freeglut_minimal.so.0.2
-- Installing: /home/vvoxel/ros2_ws_mgr/install/g2o/lib/libg2o_ext_freeglut_minimal.so
-- Installing: /home/vvoxel/ros2_ws_mgr/install/g2o/include/g2o/EXTERNAL/freeglut/freeglut_minimal.h
-- Installing: /home/vvoxel/ros2_ws_mgr/install/g2o/include/g2o/autodiff/array_selector.h
-- Installing: /home/vvoxel/ros2_ws_mgr/install/g2o/include/g2o/autodiff/autodiff.h
-- Installing: /home/vvoxel/ros2_ws_mgr/install/g2o/include/g2o/autodiff/disable_warnings.h
-- Installing: /home/vvoxel/ros2_ws_mgr/install/g2o/include/g2o/autodiff/eigen.h
-- Installing: /home/vvoxel/ros2_ws_mgr/install/g2o/include/g2o/autodiff/fixed_array.h
-- Installing: /home/vvoxel/ros2_ws_mgr/install/g2o/include/g2o/autodiff/integer_sequence_algorithm.h
-- Installing: /home/vvoxel/ros2_ws_mgr/install/g2o/include/g2o/autodiff/jet.h
-- Installing: /home/vvoxel/ros2_ws_mgr/install/g2o/include/g2o/autodiff/memory.h
-- Installing: /home/vvoxel/ros2_ws_mgr/install/g2o/include/g2o/autodiff/parameter_dims.h
-- Installing: /home/vvoxel/ros2_ws_mgr/install/g2o/include/g2o/autodiff/reenable_warnings.h
-- Installing: /home/vvoxel/ros2_ws_mgr/install/g2o/include/g2o/autodiff/types.h
-- Installing: /home/vvoxel/ros2_ws_mgr/install/g2o/include/g2o/autodiff/variadic_evaluate.h
-- Installing: /home/vvoxel/ros2_ws_mgr/install/g2o/include/g2o/autodiff/LICENSE
-- Installing: /home/vvoxel/ros2_ws_mgr/install/g2o/lib/libg2o_stuff.so.0.2.0
-- Installing: /home/vvoxel/ros2_ws_mgr/install/g2o/lib/libg2o_stuff.so.0.2
-- Installing: /home/vvoxel/ros2_ws_mgr/install/g2o/lib/libg2o_stuff.so
-- Installing: /home/vvoxel/ros2_ws_mgr/install/g2o/lib/libg2o_opengl_helper.so.0.2.0
-- Installing: /home/vvoxel/ros2_ws_mgr/install/g2o/lib/libg2o_opengl_helper.so.0.2
-- Installing: /home/vvoxel/ros2_ws_mgr/install/g2o/lib/libg2o_opengl_helper.so
-- Installing: /home/vvoxel/ros2_ws_mgr/install/g2o/include/g2o/stuff/color_macros.h
-- Installing: /home/vvoxel/ros2_ws_mgr/install/g2o/include/g2o/stuff/command_args.h
-- Installing: /home/vvoxel/ros2_ws_mgr/install/g2o/include/g2o/stuff/filesys_tools.h
-- Installing: /home/vvoxel/ros2_ws_mgr/install/g2o/include/g2o/stuff/g2o_stuff_api.h
-- Installing: /home/vvoxel/ros2_ws_mgr/install/g2o/include/g2o/stuff/logger.h
-- Installing: /home/vvoxel/ros2_ws_mgr/install/g2o/include/g2o/stuff/logger_format.h
-- Installing: /home/vvoxel/ros2_ws_mgr/install/g2o/include/g2o/stuff/macros.h
-- Installing: /home/vvoxel/ros2_ws_mgr/install/g2o/include/g2o/stuff/misc.h
-- Installing: /home/vvoxel/ros2_ws_mgr/install/g2o/include/g2o/stuff/opengl_primitives.h
-- Installing: /home/vvoxel/ros2_ws_mgr/install/g2o/include/g2o/stuff/opengl_wrapper.h
-- Installing: /home/vvoxel/ros2_ws_mgr/install/g2o/include/g2o/stuff/property.h
-- Installing: /home/vvoxel/ros2_ws_mgr/install/g2o/include/g2o/stuff/sampler.h
-- Installing: /home/vvoxel/ros2_ws_mgr/install/g2o/include/g2o/stuff/sparse_helper.h
-- Installing: /home/vvoxel/ros2_ws_mgr/install/g2o/include/g2o/stuff/string_tools.h
-- Installing: /home/vvoxel/ros2_ws_mgr/install/g2o/include/g2o/stuff/tictoc.h
-- Installing: /home/vvoxel/ros2_ws_mgr/install/g2o/include/g2o/stuff/timeutil.h
-- Installing: /home/vvoxel/ros2_ws_mgr/install/g2o/include/g2o/stuff/tuple_tools.h
-- Installing: /home/vvoxel/ros2_ws_mgr/install/g2o/include/g2o/stuff/unscented.h
-- Installing: /home/vvoxel/ros2_ws_mgr/install/g2o/lib/libg2o_core.so.0.2.0
-- Installing: /home/vvoxel/ros2_ws_mgr/install/g2o/lib/libg2o_core.so.0.2
-- Set non-toolchain portion of runtime path of "/home/vvoxel/ros2_ws_mgr/install/g2o/lib/libg2o_core.so.0.2.0" to ""
-- Installing: /home/vvoxel/ros2_ws_mgr/install/g2o/lib/libg2o_core.so
-- Installing: /home/vvoxel/ros2_ws_mgr/install/g2o/include/g2o/core/auto_differentiation.h
-- Installing: /home/vvoxel/ros2_ws_mgr/install/g2o/include/g2o/core/base_binary_edge.h
-- Installing: /home/vvoxel/ros2_ws_mgr/install/g2o/include/g2o/core/base_dynamic_vertex.h
-- Installing: /home/vvoxel/ros2_ws_mgr/install/g2o/include/g2o/core/base_edge.h
-- Installing: /home/vvoxel/ros2_ws_mgr/install/g2o/include/g2o/core/base_fixed_sized_edge.h
-- Installing: /home/vvoxel/ros2_ws_mgr/install/g2o/include/g2o/core/base_fixed_sized_edge.hpp
-- Installing: /home/vvoxel/ros2_ws_mgr/install/g2o/include/g2o/core/base_multi_edge.h
-- Installing: /home/vvoxel/ros2_ws_mgr/install/g2o/include/g2o/core/base_unary_edge.h
-- Installing: /home/vvoxel/ros2_ws_mgr/install/g2o/include/g2o/core/base_variable_sized_edge.h
-- Installing: /home/vvoxel/ros2_ws_mgr/install/g2o/include/g2o/core/base_variable_sized_edge.hpp
-- Installing: /home/vvoxel/ros2_ws_mgr/install/g2o/include/g2o/core/base_vertex.h
-- Installing: /home/vvoxel/ros2_ws_mgr/install/g2o/include/g2o/core/base_vertex.hpp
-- Installing: /home/vvoxel/ros2_ws_mgr/install/g2o/include/g2o/core/batch_stats.h
-- Installing: /home/vvoxel/ros2_ws_mgr/install/g2o/include/g2o/core/block_solver.h
-- Installing: /home/vvoxel/ros2_ws_mgr/install/g2o/include/g2o/core/block_solver.hpp
-- Installing: /home/vvoxel/ros2_ws_mgr/install/g2o/include/g2o/core/cache.h
-- Installing: /home/vvoxel/ros2_ws_mgr/install/g2o/include/g2o/core/creators.h
-- Installing: /home/vvoxel/ros2_ws_mgr/install/g2o/include/g2o/core/dynamic_aligned_buffer.hpp
-- Installing: /home/vvoxel/ros2_ws_mgr/install/g2o/include/g2o/core/eigen_types.h
-- Installing: /home/vvoxel/ros2_ws_mgr/install/g2o/include/g2o/core/estimate_propagator.h
-- Installing: /home/vvoxel/ros2_ws_mgr/install/g2o/include/g2o/core/factory.h
-- Installing: /home/vvoxel/ros2_ws_mgr/install/g2o/include/g2o/core/g2o_core_api.h
-- Installing: /home/vvoxel/ros2_ws_mgr/install/g2o/include/g2o/core/hyper_dijkstra.h
-- Installing: /home/vvoxel/ros2_ws_mgr/install/g2o/include/g2o/core/hyper_graph.h
-- Installing: /home/vvoxel/ros2_ws_mgr/install/g2o/include/g2o/core/hyper_graph_action.h
-- Installing: /home/vvoxel/ros2_ws_mgr/install/g2o/include/g2o/core/io_helper.h
-- Installing: /home/vvoxel/ros2_ws_mgr/install/g2o/include/g2o/core/jacobian_workspace.h
-- Installing: /home/vvoxel/ros2_ws_mgr/install/g2o/include/g2o/core/linear_solver.h
-- Installing: /home/vvoxel/ros2_ws_mgr/install/g2o/include/g2o/core/marginal_covariance_cholesky.h
-- Installing: /home/vvoxel/ros2_ws_mgr/install/g2o/include/g2o/core/matrix_operations.h
-- Installing: /home/vvoxel/ros2_ws_mgr/install/g2o/include/g2o/core/matrix_structure.h
-- Installing: /home/vvoxel/ros2_ws_mgr/install/g2o/include/g2o/core/openmp_mutex.h
-- Installing: /home/vvoxel/ros2_ws_mgr/install/g2o/include/g2o/core/optimizable_graph.h
-- Installing: /home/vvoxel/ros2_ws_mgr/install/g2o/include/g2o/core/optimization_algorithm.h
-- Installing: /home/vvoxel/ros2_ws_mgr/install/g2o/include/g2o/core/optimization_algorithm_dogleg.h
-- Installing: /home/vvoxel/ros2_ws_mgr/install/g2o/include/g2o/core/optimization_algorithm_factory.h
-- Installing: /home/vvoxel/ros2_ws_mgr/install/g2o/include/g2o/core/optimization_algorithm_gauss_newton.h
-- Installing: /home/vvoxel/ros2_ws_mgr/install/g2o/include/g2o/core/optimization_algorithm_levenberg.h
-- Installing: /home/vvoxel/ros2_ws_mgr/install/g2o/include/g2o/core/optimization_algorithm_property.h
-- Installing: /home/vvoxel/ros2_ws_mgr/install/g2o/include/g2o/core/optimization_algorithm_with_hessian.h
-- Installing: /home/vvoxel/ros2_ws_mgr/install/g2o/include/g2o/core/ownership.h
-- Installing: /home/vvoxel/ros2_ws_mgr/install/g2o/include/g2o/core/parameter.h
-- Installing: /home/vvoxel/ros2_ws_mgr/install/g2o/include/g2o/core/parameter_container.h
-- Installing: /home/vvoxel/ros2_ws_mgr/install/g2o/include/g2o/core/robust_kernel.h
-- Installing: /home/vvoxel/ros2_ws_mgr/install/g2o/include/g2o/core/robust_kernel_factory.h
-- Installing: /home/vvoxel/ros2_ws_mgr/install/g2o/include/g2o/core/robust_kernel_impl.h
-- Installing: /home/vvoxel/ros2_ws_mgr/install/g2o/include/g2o/core/solver.h
-- Installing: /home/vvoxel/ros2_ws_mgr/install/g2o/include/g2o/core/sparse_block_matrix.h
-- Installing: /home/vvoxel/ros2_ws_mgr/install/g2o/include/g2o/core/sparse_block_matrix.hpp
-- Installing: /home/vvoxel/ros2_ws_mgr/install/g2o/include/g2o/core/sparse_block_matrix_ccs.h
-- Installing: /home/vvoxel/ros2_ws_mgr/install/g2o/include/g2o/core/sparse_block_matrix_diagonal.h
-- Installing: /home/vvoxel/ros2_ws_mgr/install/g2o/include/g2o/core/sparse_optimizer.h
-- Installing: /home/vvoxel/ros2_ws_mgr/install/g2o/include/g2o/core/sparse_optimizer_terminate_action.h
-- Installing: /home/vvoxel/ros2_ws_mgr/install/g2o/lib/libg2o_cli.so.0.2.0
-- Installing: /home/vvoxel/ros2_ws_mgr/install/g2o/lib/libg2o_cli.so.0.2
-- Set non-toolchain portion of runtime path of "/home/vvoxel/ros2_ws_mgr/install/g2o/lib/libg2o_cli.so.0.2.0" to ""
-- Installing: /home/vvoxel/ros2_ws_mgr/install/g2o/lib/libg2o_cli.so
-- Installing: /home/vvoxel/ros2_ws_mgr/install/g2o/bin/g2o
-- Set non-toolchain portion of runtime path of "/home/vvoxel/ros2_ws_mgr/install/g2o/bin/g2o" to ""
-- Installing: /home/vvoxel/ros2_ws_mgr/install/g2o/include/g2o/apps/g2o_cli/dl_wrapper.h
-- Installing: /home/vvoxel/ros2_ws_mgr/install/g2o/include/g2o/apps/g2o_cli/g2o_cli_api.h
-- Installing: /home/vvoxel/ros2_ws_mgr/install/g2o/include/g2o/apps/g2o_cli/g2o_common.h
-- Installing: /home/vvoxel/ros2_ws_mgr/install/g2o/include/g2o/apps/g2o_cli/output_helper.h
-- Installing: /home/vvoxel/ros2_ws_mgr/install/g2o/lib/libg2o_simulator.so.0.2.0
-- Installing: /home/vvoxel/ros2_ws_mgr/install/g2o/lib/libg2o_simulator.so.0.2
-- Set non-toolchain portion of runtime path of "/home/vvoxel/ros2_ws_mgr/install/g2o/lib/libg2o_simulator.so.0.2.0" to ""
-- Installing: /home/vvoxel/ros2_ws_mgr/install/g2o/lib/libg2o_simulator.so
-- Installing: /home/vvoxel/ros2_ws_mgr/install/g2o/bin/g2o_simulator2d
-- Set non-toolchain portion of runtime path of "/home/vvoxel/ros2_ws_mgr/install/g2o/bin/g2o_simulator2d" to ""
-- Installing: /home/vvoxel/ros2_ws_mgr/install/g2o/bin/g2o_simulator3d
-- Set non-toolchain portion of runtime path of "/home/vvoxel/ros2_ws_mgr/install/g2o/bin/g2o_simulator3d" to ""
-- Installing: /home/vvoxel/ros2_ws_mgr/install/g2o/include/g2o/apps/g2o_simulator/g2o_simulator_api.h
-- Installing: /home/vvoxel/ros2_ws_mgr/install/g2o/include/g2o/apps/g2o_simulator/pointsensorparameters.h
-- Installing: /home/vvoxel/ros2_ws_mgr/install/g2o/include/g2o/apps/g2o_simulator/sensor_line3d.h
-- Installing: /home/vvoxel/ros2_ws_mgr/install/g2o/include/g2o/apps/g2o_simulator/sensor_odometry.h
-- Installing: /home/vvoxel/ros2_ws_mgr/install/g2o/include/g2o/apps/g2o_simulator/sensor_odometry2d.h
-- Installing: /home/vvoxel/ros2_ws_mgr/install/g2o/include/g2o/apps/g2o_simulator/sensor_odometry3d.h
-- Installing: /home/vvoxel/ros2_ws_mgr/install/g2o/include/g2o/apps/g2o_simulator/sensor_pointxy.h
-- Installing: /home/vvoxel/ros2_ws_mgr/install/g2o/include/g2o/apps/g2o_simulator/sensor_pointxy_bearing.h
-- Installing: /home/vvoxel/ros2_ws_mgr/install/g2o/include/g2o/apps/g2o_simulator/sensor_pointxy_offset.h
-- Installing: /home/vvoxel/ros2_ws_mgr/install/g2o/include/g2o/apps/g2o_simulator/sensor_pointxyz.h
-- Installing: /home/vvoxel/ros2_ws_mgr/install/g2o/include/g2o/apps/g2o_simulator/sensor_pointxyz_depth.h
-- Installing: /home/vvoxel/ros2_ws_mgr/install/g2o/include/g2o/apps/g2o_simulator/sensor_pointxyz_disparity.h
-- Installing: /home/vvoxel/ros2_ws_mgr/install/g2o/include/g2o/apps/g2o_simulator/sensor_pose2d.h
-- Installing: /home/vvoxel/ros2_ws_mgr/install/g2o/include/g2o/apps/g2o_simulator/sensor_pose3d.h
-- Installing: /home/vvoxel/ros2_ws_mgr/install/g2o/include/g2o/apps/g2o_simulator/sensor_pose3d_offset.h
-- Installing: /home/vvoxel/ros2_ws_mgr/install/g2o/include/g2o/apps/g2o_simulator/sensor_se3_prior.h
-- Installing: /home/vvoxel/ros2_ws_mgr/install/g2o/include/g2o/apps/g2o_simulator/sensor_segment2d.h
-- Installing: /home/vvoxel/ros2_ws_mgr/install/g2o/include/g2o/apps/g2o_simulator/sensor_segment2d_line.h
-- Installing: /home/vvoxel/ros2_ws_mgr/install/g2o/include/g2o/apps/g2o_simulator/sensor_segment2d_pointline.h
-- Installing: /home/vvoxel/ros2_ws_mgr/install/g2o/include/g2o/apps/g2o_simulator/simulator.h
-- Installing: /home/vvoxel/ros2_ws_mgr/install/g2o/include/g2o/apps/g2o_simulator/simulator2d.h
-- Installing: /home/vvoxel/ros2_ws_mgr/install/g2o/include/g2o/apps/g2o_simulator/simulator2d_base.h
-- Installing: /home/vvoxel/ros2_ws_mgr/install/g2o/include/g2o/apps/g2o_simulator/simulator3d.h
-- Installing: /home/vvoxel/ros2_ws_mgr/install/g2o/include/g2o/apps/g2o_simulator/simulator3d_base.h
-- Installing: /home/vvoxel/ros2_ws_mgr/install/g2o/include/g2o/apps/g2o_simulator/simutils.h
-- Installing: /home/vvoxel/ros2_ws_mgr/install/g2o/lib/libg2o_viewer.so.0.2.0
-- Installing: /home/vvoxel/ros2_ws_mgr/install/g2o/lib/libg2o_viewer.so.0.2
-- Set non-toolchain portion of runtime path of "/home/vvoxel/ros2_ws_mgr/install/g2o/lib/libg2o_viewer.so.0.2.0" to ""
-- Installing: /home/vvoxel/ros2_ws_mgr/install/g2o/lib/libg2o_viewer.so
-- Installing: /home/vvoxel/ros2_ws_mgr/install/g2o/bin/g2o_viewer
-- Set non-toolchain portion of runtime path of "/home/vvoxel/ros2_ws_mgr/install/g2o/bin/g2o_viewer" to ""
-- Installing: /home/vvoxel/ros2_ws_mgr/install/g2o/include/g2o/apps/g2o_viewer/g2o_qglviewer.h
-- Installing: /home/vvoxel/ros2_ws_mgr/install/g2o/include/g2o/apps/g2o_viewer/g2o_viewer_api.h
-- Installing: /home/vvoxel/ros2_ws_mgr/install/g2o/include/g2o/apps/g2o_viewer/gui_hyper_graph_action.h
-- Installing: /home/vvoxel/ros2_ws_mgr/install/g2o/include/g2o/apps/g2o_viewer/main_window.h
-- Installing: /home/vvoxel/ros2_ws_mgr/install/g2o/include/g2o/apps/g2o_viewer/properties_widget.h
-- Installing: /home/vvoxel/ros2_ws_mgr/install/g2o/include/g2o/apps/g2o_viewer/run_g2o_viewer.h
-- Installing: /home/vvoxel/ros2_ws_mgr/install/g2o/include/g2o/apps/g2o_viewer/stream_redirect.h
-- Installing: /home/vvoxel/ros2_ws_mgr/install/g2o/include/g2o/apps/g2o_viewer/viewer_properties_widget.h
-- Installing: /home/vvoxel/ros2_ws_mgr/install/g2o/include/g2o/apps/g2o_viewer/ui_base_main_window.h
-- Installing: /home/vvoxel/ros2_ws_mgr/install/g2o/include/g2o/apps/g2o_viewer/ui_base_properties_widget.h
-- Installing: /home/vvoxel/ros2_ws_mgr/install/g2o/lib/libg2o_types_slam2d.so.0.2.0
-- Installing: /home/vvoxel/ros2_ws_mgr/install/g2o/lib/libg2o_types_slam2d.so.0.2
-- Set non-toolchain portion of runtime path of "/home/vvoxel/ros2_ws_mgr/install/g2o/lib/libg2o_types_slam2d.so.0.2.0" to ""
-- Installing: /home/vvoxel/ros2_ws_mgr/install/g2o/lib/libg2o_types_slam2d.so
-- Installing: /home/vvoxel/ros2_ws_mgr/install/g2o/include/g2o/types/slam2d/edge_pointxy.h
-- Installing: /home/vvoxel/ros2_ws_mgr/install/g2o/include/g2o/types/slam2d/edge_se2.h
-- Installing: /home/vvoxel/ros2_ws_mgr/install/g2o/include/g2o/types/slam2d/edge_se2_lotsofxy.h
-- Installing: /home/vvoxel/ros2_ws_mgr/install/g2o/include/g2o/types/slam2d/edge_se2_offset.h
-- Installing: /home/vvoxel/ros2_ws_mgr/install/g2o/include/g2o/types/slam2d/edge_se2_pointxy.h
-- Installing: /home/vvoxel/ros2_ws_mgr/install/g2o/include/g2o/types/slam2d/edge_se2_pointxy_bearing.h
-- Installing: /home/vvoxel/ros2_ws_mgr/install/g2o/include/g2o/types/slam2d/edge_se2_pointxy_calib.h
-- Installing: /home/vvoxel/ros2_ws_mgr/install/g2o/include/g2o/types/slam2d/edge_se2_pointxy_offset.h
-- Installing: /home/vvoxel/ros2_ws_mgr/install/g2o/include/g2o/types/slam2d/edge_se2_prior.h
-- Installing: /home/vvoxel/ros2_ws_mgr/install/g2o/include/g2o/types/slam2d/edge_se2_twopointsxy.h
-- Installing: /home/vvoxel/ros2_ws_mgr/install/g2o/include/g2o/types/slam2d/edge_se2_xyprior.h
-- Installing: /home/vvoxel/ros2_ws_mgr/install/g2o/include/g2o/types/slam2d/edge_xy_prior.h
-- Installing: /home/vvoxel/ros2_ws_mgr/install/g2o/include/g2o/types/slam2d/g2o_types_slam2d_api.h
-- Installing: /home/vvoxel/ros2_ws_mgr/install/g2o/include/g2o/types/slam2d/parameter_se2_offset.h
-- Installing: /home/vvoxel/ros2_ws_mgr/install/g2o/include/g2o/types/slam2d/se2.h
-- Installing: /home/vvoxel/ros2_ws_mgr/install/g2o/include/g2o/types/slam2d/types_slam2d.h
-- Installing: /home/vvoxel/ros2_ws_mgr/install/g2o/include/g2o/types/slam2d/vertex_point_xy.h
-- Installing: /home/vvoxel/ros2_ws_mgr/install/g2o/include/g2o/types/slam2d/vertex_se2.h
-- Installing: /home/vvoxel/ros2_ws_mgr/install/g2o/lib/libg2o_types_slam2d_addons.so.0.2.0
-- Installing: /home/vvoxel/ros2_ws_mgr/install/g2o/lib/libg2o_types_slam2d_addons.so.0.2
-- Set non-toolchain portion of runtime path of "/home/vvoxel/ros2_ws_mgr/install/g2o/lib/libg2o_types_slam2d_addons.so.0.2.0" to ""
-- Installing: /home/vvoxel/ros2_ws_mgr/install/g2o/lib/libg2o_types_slam2d_addons.so
-- Installing: /home/vvoxel/ros2_ws_mgr/install/g2o/include/g2o/types/slam2d_addons/edge_line2d.h
-- Installing: /home/vvoxel/ros2_ws_mgr/install/g2o/include/g2o/types/slam2d_addons/edge_line2d_pointxy.h
-- Installing: /home/vvoxel/ros2_ws_mgr/install/g2o/include/g2o/types/slam2d_addons/edge_se2_line2d.h
-- Installing: /home/vvoxel/ros2_ws_mgr/install/g2o/include/g2o/types/slam2d_addons/edge_se2_segment2d.h
-- Installing: /home/vvoxel/ros2_ws_mgr/install/g2o/include/g2o/types/slam2d_addons/edge_se2_segment2d_line.h
-- Installing: /home/vvoxel/ros2_ws_mgr/install/g2o/include/g2o/types/slam2d_addons/edge_se2_segment2d_pointLine.h
-- Installing: /home/vvoxel/ros2_ws_mgr/install/g2o/include/g2o/types/slam2d_addons/g2o_types_slam2d_addons_api.h
-- Installing: /home/vvoxel/ros2_ws_mgr/install/g2o/include/g2o/types/slam2d_addons/line_2d.h
-- Installing: /home/vvoxel/ros2_ws_mgr/install/g2o/include/g2o/types/slam2d_addons/types_slam2d_addons.h
-- Installing: /home/vvoxel/ros2_ws_mgr/install/g2o/include/g2o/types/slam2d_addons/vertex_line2d.h
-- Installing: /home/vvoxel/ros2_ws_mgr/install/g2o/include/g2o/types/slam2d_addons/vertex_segment2d.h
-- Installing: /home/vvoxel/ros2_ws_mgr/install/g2o/lib/libg2o_types_data.so.0.2.0
-- Installing: /home/vvoxel/ros2_ws_mgr/install/g2o/lib/libg2o_types_data.so.0.2
-- Set non-toolchain portion of runtime path of "/home/vvoxel/ros2_ws_mgr/install/g2o/lib/libg2o_types_data.so.0.2.0" to ""
-- Installing: /home/vvoxel/ros2_ws_mgr/install/g2o/lib/libg2o_types_data.so
-- Installing: /home/vvoxel/ros2_ws_mgr/install/g2o/include/g2o/types/data/data_queue.h
-- Installing: /home/vvoxel/ros2_ws_mgr/install/g2o/include/g2o/types/data/g2o_types_data_api.h
-- Installing: /home/vvoxel/ros2_ws_mgr/install/g2o/include/g2o/types/data/laser_parameters.h
-- Installing: /home/vvoxel/ros2_ws_mgr/install/g2o/include/g2o/types/data/raw_laser.h
-- Installing: /home/vvoxel/ros2_ws_mgr/install/g2o/include/g2o/types/data/robot_data.h
-- Installing: /home/vvoxel/ros2_ws_mgr/install/g2o/include/g2o/types/data/robot_laser.h
-- Installing: /home/vvoxel/ros2_ws_mgr/install/g2o/include/g2o/types/data/types_data.h
-- Installing: /home/vvoxel/ros2_ws_mgr/install/g2o/include/g2o/types/data/vertex_ellipse.h
-- Installing: /home/vvoxel/ros2_ws_mgr/install/g2o/include/g2o/types/data/vertex_tag.h
-- Installing: /home/vvoxel/ros2_ws_mgr/install/g2o/lib/libg2o_types_sclam2d.so.0.2.0
-- Installing: /home/vvoxel/ros2_ws_mgr/install/g2o/lib/libg2o_types_sclam2d.so.0.2
-- Set non-toolchain portion of runtime path of "/home/vvoxel/ros2_ws_mgr/install/g2o/lib/libg2o_types_sclam2d.so.0.2.0" to ""
-- Installing: /home/vvoxel/ros2_ws_mgr/install/g2o/lib/libg2o_types_sclam2d.so
-- Installing: /home/vvoxel/ros2_ws_mgr/install/g2o/include/g2o/types/sclam2d/edge_se2_odom_differential_calib.h
-- Installing: /home/vvoxel/ros2_ws_mgr/install/g2o/include/g2o/types/sclam2d/edge_se2_sensor_calib.h
-- Installing: /home/vvoxel/ros2_ws_mgr/install/g2o/include/g2o/types/sclam2d/g2o_types_sclam2d_api.h
-- Installing: /home/vvoxel/ros2_ws_mgr/install/g2o/include/g2o/types/sclam2d/odometry_measurement.h
-- Installing: /home/vvoxel/ros2_ws_mgr/install/g2o/include/g2o/types/sclam2d/types_sclam2d.h
-- Installing: /home/vvoxel/ros2_ws_mgr/install/g2o/include/g2o/types/sclam2d/vertex_odom_differential_params.h
-- Installing: /home/vvoxel/ros2_ws_mgr/install/g2o/lib/libg2o_types_slam3d.so.0.2.0
-- Installing: /home/vvoxel/ros2_ws_mgr/install/g2o/lib/libg2o_types_slam3d.so.0.2
-- Set non-toolchain portion of runtime path of "/home/vvoxel/ros2_ws_mgr/install/g2o/lib/libg2o_types_slam3d.so.0.2.0" to ""
-- Installing: /home/vvoxel/ros2_ws_mgr/install/g2o/lib/libg2o_types_slam3d.so
-- Installing: /home/vvoxel/ros2_ws_mgr/install/g2o/include/g2o/types/slam3d/dquat2mat.h
-- Installing: /home/vvoxel/ros2_ws_mgr/install/g2o/include/g2o/types/slam3d/edge_pointxyz.h
-- Installing: /home/vvoxel/ros2_ws_mgr/install/g2o/include/g2o/types/slam3d/edge_se3.h
-- Installing: /home/vvoxel/ros2_ws_mgr/install/g2o/include/g2o/types/slam3d/edge_se3_lotsofxyz.h
-- Installing: /home/vvoxel/ros2_ws_mgr/install/g2o/include/g2o/types/slam3d/edge_se3_offset.h
-- Installing: /home/vvoxel/ros2_ws_mgr/install/g2o/include/g2o/types/slam3d/edge_se3_pointxyz.h
-- Installing: /home/vvoxel/ros2_ws_mgr/install/g2o/include/g2o/types/slam3d/edge_se3_pointxyz_depth.h
-- Installing: /home/vvoxel/ros2_ws_mgr/install/g2o/include/g2o/types/slam3d/edge_se3_pointxyz_disparity.h
-- Installing: /home/vvoxel/ros2_ws_mgr/install/g2o/include/g2o/types/slam3d/edge_se3_prior.h
-- Installing: /home/vvoxel/ros2_ws_mgr/install/g2o/include/g2o/types/slam3d/edge_se3_xyzprior.h
-- Installing: /home/vvoxel/ros2_ws_mgr/install/g2o/include/g2o/types/slam3d/edge_xyz_prior.h
-- Installing: /home/vvoxel/ros2_ws_mgr/install/g2o/include/g2o/types/slam3d/g2o_types_slam3d_api.h
-- Installing: /home/vvoxel/ros2_ws_mgr/install/g2o/include/g2o/types/slam3d/isometry3d_gradients.h
-- Installing: /home/vvoxel/ros2_ws_mgr/install/g2o/include/g2o/types/slam3d/isometry3d_mappings.h
-- Installing: /home/vvoxel/ros2_ws_mgr/install/g2o/include/g2o/types/slam3d/parameter_camera.h
-- Installing: /home/vvoxel/ros2_ws_mgr/install/g2o/include/g2o/types/slam3d/parameter_se3_offset.h
-- Installing: /home/vvoxel/ros2_ws_mgr/install/g2o/include/g2o/types/slam3d/parameter_stereo_camera.h
-- Installing: /home/vvoxel/ros2_ws_mgr/install/g2o/include/g2o/types/slam3d/se3_ops.h
-- Installing: /home/vvoxel/ros2_ws_mgr/install/g2o/include/g2o/types/slam3d/se3_ops.hpp
-- Installing: /home/vvoxel/ros2_ws_mgr/install/g2o/include/g2o/types/slam3d/se3quat.h
-- Installing: /home/vvoxel/ros2_ws_mgr/install/g2o/include/g2o/types/slam3d/types_slam3d.h
-- Installing: /home/vvoxel/ros2_ws_mgr/install/g2o/include/g2o/types/slam3d/vertex_pointxyz.h
-- Installing: /home/vvoxel/ros2_ws_mgr/install/g2o/include/g2o/types/slam3d/vertex_se3.h
-- Installing: /home/vvoxel/ros2_ws_mgr/install/g2o/lib/libg2o_types_slam3d_addons.so.0.2.0
-- Installing: /home/vvoxel/ros2_ws_mgr/install/g2o/lib/libg2o_types_slam3d_addons.so.0.2
-- Set non-toolchain portion of runtime path of "/home/vvoxel/ros2_ws_mgr/install/g2o/lib/libg2o_types_slam3d_addons.so.0.2.0" to ""
-- Installing: /home/vvoxel/ros2_ws_mgr/install/g2o/lib/libg2o_types_slam3d_addons.so
-- Installing: /home/vvoxel/ros2_ws_mgr/install/g2o/include/g2o/types/slam3d_addons/edge_plane.h
-- Installing: /home/vvoxel/ros2_ws_mgr/install/g2o/include/g2o/types/slam3d_addons/edge_se3_calib.h
-- Installing: /home/vvoxel/ros2_ws_mgr/install/g2o/include/g2o/types/slam3d_addons/edge_se3_euler.h
-- Installing: /home/vvoxel/ros2_ws_mgr/install/g2o/include/g2o/types/slam3d_addons/edge_se3_line.h
-- Installing: /home/vvoxel/ros2_ws_mgr/install/g2o/include/g2o/types/slam3d_addons/edge_se3_plane_calib.h
-- Installing: /home/vvoxel/ros2_ws_mgr/install/g2o/include/g2o/types/slam3d_addons/g2o_types_slam3d_addons_api.h
-- Installing: /home/vvoxel/ros2_ws_mgr/install/g2o/include/g2o/types/slam3d_addons/line3d.h
-- Installing: /home/vvoxel/ros2_ws_mgr/install/g2o/include/g2o/types/slam3d_addons/plane3d.h
-- Installing: /home/vvoxel/ros2_ws_mgr/install/g2o/include/g2o/types/slam3d_addons/types_slam3d_addons.h
-- Installing: /home/vvoxel/ros2_ws_mgr/install/g2o/include/g2o/types/slam3d_addons/vertex_line3d.h
-- Installing: /home/vvoxel/ros2_ws_mgr/install/g2o/include/g2o/types/slam3d_addons/vertex_plane.h
-- Installing: /home/vvoxel/ros2_ws_mgr/install/g2o/include/g2o/types/slam3d_addons/vertex_se3_euler.h
-- Installing: /home/vvoxel/ros2_ws_mgr/install/g2o/lib/libg2o_types_sba.so.0.2.0
-- Installing: /home/vvoxel/ros2_ws_mgr/install/g2o/lib/libg2o_types_sba.so.0.2
-- Set non-toolchain portion of runtime path of "/home/vvoxel/ros2_ws_mgr/install/g2o/lib/libg2o_types_sba.so.0.2.0" to ""
-- Installing: /home/vvoxel/ros2_ws_mgr/install/g2o/lib/libg2o_types_sba.so
-- Installing: /home/vvoxel/ros2_ws_mgr/install/g2o/include/g2o/types/sba/edge_project_p2mc.h
-- Installing: /home/vvoxel/ros2_ws_mgr/install/g2o/include/g2o/types/sba/edge_project_p2sc.h
-- Installing: /home/vvoxel/ros2_ws_mgr/install/g2o/include/g2o/types/sba/edge_project_psi2uv.h
-- Installing: /home/vvoxel/ros2_ws_mgr/install/g2o/include/g2o/types/sba/edge_project_stereo_xyz.h
-- Installing: /home/vvoxel/ros2_ws_mgr/install/g2o/include/g2o/types/sba/edge_project_stereo_xyz_onlypose.h
-- Installing: /home/vvoxel/ros2_ws_mgr/install/g2o/include/g2o/types/sba/edge_project_xyz.h
-- Installing: /home/vvoxel/ros2_ws_mgr/install/g2o/include/g2o/types/sba/edge_project_xyz2uv.h
-- Installing: /home/vvoxel/ros2_ws_mgr/install/g2o/include/g2o/types/sba/edge_project_xyz2uvu.h
-- Installing: /home/vvoxel/ros2_ws_mgr/install/g2o/include/g2o/types/sba/edge_project_xyz_onlypose.h
-- Installing: /home/vvoxel/ros2_ws_mgr/install/g2o/include/g2o/types/sba/edge_sba_cam.h
-- Installing: /home/vvoxel/ros2_ws_mgr/install/g2o/include/g2o/types/sba/edge_sba_scale.h
-- Installing: /home/vvoxel/ros2_ws_mgr/install/g2o/include/g2o/types/sba/edge_se3_expmap.h
-- Installing: /home/vvoxel/ros2_ws_mgr/install/g2o/include/g2o/types/sba/g2o_types_sba_api.h
-- Installing: /home/vvoxel/ros2_ws_mgr/install/g2o/include/g2o/types/sba/parameter_cameraparameters.h
-- Installing: /home/vvoxel/ros2_ws_mgr/install/g2o/include/g2o/types/sba/sba_utils.h
-- Installing: /home/vvoxel/ros2_ws_mgr/install/g2o/include/g2o/types/sba/sbacam.h
-- Installing: /home/vvoxel/ros2_ws_mgr/install/g2o/include/g2o/types/sba/types_sba.h
-- Installing: /home/vvoxel/ros2_ws_mgr/install/g2o/include/g2o/types/sba/types_six_dof_expmap.h
-- Installing: /home/vvoxel/ros2_ws_mgr/install/g2o/include/g2o/types/sba/vertex_cam.h
-- Installing: /home/vvoxel/ros2_ws_mgr/install/g2o/include/g2o/types/sba/vertex_intrinsics.h
-- Installing: /home/vvoxel/ros2_ws_mgr/install/g2o/include/g2o/types/sba/vertex_se3_expmap.h
-- Installing: /home/vvoxel/ros2_ws_mgr/install/g2o/lib/libg2o_types_icp.so.0.2.0
-- Installing: /home/vvoxel/ros2_ws_mgr/install/g2o/lib/libg2o_types_icp.so.0.2
-- Set non-toolchain portion of runtime path of "/home/vvoxel/ros2_ws_mgr/install/g2o/lib/libg2o_types_icp.so.0.2.0" to ""
-- Installing: /home/vvoxel/ros2_ws_mgr/install/g2o/lib/libg2o_types_icp.so
-- Installing: /home/vvoxel/ros2_ws_mgr/install/g2o/include/g2o/types/icp/g2o_types_icp_api.h
-- Installing: /home/vvoxel/ros2_ws_mgr/install/g2o/include/g2o/types/icp/types_icp.h
-- Installing: /home/vvoxel/ros2_ws_mgr/install/g2o/lib/libg2o_types_sim3.so.0.2.0
-- Installing: /home/vvoxel/ros2_ws_mgr/install/g2o/lib/libg2o_types_sim3.so.0.2
-- Set non-toolchain portion of runtime path of "/home/vvoxel/ros2_ws_mgr/install/g2o/lib/libg2o_types_sim3.so.0.2.0" to ""
-- Installing: /home/vvoxel/ros2_ws_mgr/install/g2o/lib/libg2o_types_sim3.so
-- Installing: /home/vvoxel/ros2_ws_mgr/install/g2o/include/g2o/types/sim3/sim3.h
-- Installing: /home/vvoxel/ros2_ws_mgr/install/g2o/include/g2o/types/sim3/types_seven_dof_expmap.h
-- Installing: /home/vvoxel/ros2_ws_mgr/install/g2o/lib/libg2o_solver_pcg.so.0.2.0
-- Installing: /home/vvoxel/ros2_ws_mgr/install/g2o/lib/libg2o_solver_pcg.so.0.2
-- Set non-toolchain portion of runtime path of "/home/vvoxel/ros2_ws_mgr/install/g2o/lib/libg2o_solver_pcg.so.0.2.0" to ""
-- Installing: /home/vvoxel/ros2_ws_mgr/install/g2o/lib/libg2o_solver_pcg.so
-- Installing: /home/vvoxel/ros2_ws_mgr/install/g2o/include/g2o/solvers/pcg/linear_solver_pcg.h
-- Installing: /home/vvoxel/ros2_ws_mgr/install/g2o/include/g2o/solvers/pcg/linear_solver_pcg.hpp
-- Installing: /home/vvoxel/ros2_ws_mgr/install/g2o/lib/libg2o_solver_dense.so.0.2.0
-- Installing: /home/vvoxel/ros2_ws_mgr/install/g2o/lib/libg2o_solver_dense.so.0.2
-- Set non-toolchain portion of runtime path of "/home/vvoxel/ros2_ws_mgr/install/g2o/lib/libg2o_solver_dense.so.0.2.0" to ""
-- Installing: /home/vvoxel/ros2_ws_mgr/install/g2o/lib/libg2o_solver_dense.so
-- Installing: /home/vvoxel/ros2_ws_mgr/install/g2o/include/g2o/solvers/dense/linear_solver_dense.h
-- Installing: /home/vvoxel/ros2_ws_mgr/install/g2o/lib/libg2o_solver_slam2d_linear.so.0.2.0
-- Installing: /home/vvoxel/ros2_ws_mgr/install/g2o/lib/libg2o_solver_slam2d_linear.so.0.2
-- Set non-toolchain portion of runtime path of "/home/vvoxel/ros2_ws_mgr/install/g2o/lib/libg2o_solver_slam2d_linear.so.0.2.0" to ""
-- Installing: /home/vvoxel/ros2_ws_mgr/install/g2o/lib/libg2o_solver_slam2d_linear.so
-- Installing: /home/vvoxel/ros2_ws_mgr/install/g2o/include/g2o/solvers/slam2d_linear/g2o_slam2d_linear_api.h
-- Installing: /home/vvoxel/ros2_ws_mgr/install/g2o/include/g2o/solvers/slam2d_linear/solver_slam2d_linear.h
-- Installing: /home/vvoxel/ros2_ws_mgr/install/g2o/lib/libg2o_solver_structure_only.so.0.2.0
-- Installing: /home/vvoxel/ros2_ws_mgr/install/g2o/lib/libg2o_solver_structure_only.so.0.2
-- Set non-toolchain portion of runtime path of "/home/vvoxel/ros2_ws_mgr/install/g2o/lib/libg2o_solver_structure_only.so.0.2.0" to ""
-- Installing: /home/vvoxel/ros2_ws_mgr/install/g2o/lib/libg2o_solver_structure_only.so
-- Installing: /home/vvoxel/ros2_ws_mgr/install/g2o/include/g2o/solvers/structure_only/structure_only_solver.h
-- Installing: /home/vvoxel/ros2_ws_mgr/install/g2o/lib/libg2o_solver_csparse.so.0.2.0
-- Installing: /home/vvoxel/ros2_ws_mgr/install/g2o/lib/libg2o_solver_csparse.so.0.2
-- Set non-toolchain portion of runtime path of "/home/vvoxel/ros2_ws_mgr/install/g2o/lib/libg2o_solver_csparse.so.0.2.0" to ""
-- Installing: /home/vvoxel/ros2_ws_mgr/install/g2o/lib/libg2o_solver_csparse.so
-- Installing: /home/vvoxel/ros2_ws_mgr/install/g2o/lib/libg2o_csparse_extension.so.0.2.0
-- Installing: /home/vvoxel/ros2_ws_mgr/install/g2o/lib/libg2o_csparse_extension.so.0.2
-- Set non-toolchain portion of runtime path of "/home/vvoxel/ros2_ws_mgr/install/g2o/lib/libg2o_csparse_extension.so.0.2.0" to ""
-- Installing: /home/vvoxel/ros2_ws_mgr/install/g2o/lib/libg2o_csparse_extension.so
-- Installing: /home/vvoxel/ros2_ws_mgr/install/g2o/include/g2o/solvers/csparse/csparse_extension.h
-- Installing: /home/vvoxel/ros2_ws_mgr/install/g2o/include/g2o/solvers/csparse/csparse_helper.h
-- Installing: /home/vvoxel/ros2_ws_mgr/install/g2o/include/g2o/solvers/csparse/csparse_wrapper.h
-- Installing: /home/vvoxel/ros2_ws_mgr/install/g2o/include/g2o/solvers/csparse/g2o_csparse_api.h
-- Installing: /home/vvoxel/ros2_ws_mgr/install/g2o/include/g2o/solvers/csparse/g2o_csparse_extension_api.h
-- Installing: /home/vvoxel/ros2_ws_mgr/install/g2o/include/g2o/solvers/csparse/linear_solver_csparse.h
-- Installing: /home/vvoxel/ros2_ws_mgr/install/g2o/lib/libg2o_solver_cholmod.so.0.2.0
-- Installing: /home/vvoxel/ros2_ws_mgr/install/g2o/lib/libg2o_solver_cholmod.so.0.2
-- Set non-toolchain portion of runtime path of "/home/vvoxel/ros2_ws_mgr/install/g2o/lib/libg2o_solver_cholmod.so.0.2.0" to ""
-- Installing: /home/vvoxel/ros2_ws_mgr/install/g2o/lib/libg2o_solver_cholmod.so
-- Installing: /home/vvoxel/ros2_ws_mgr/install/g2o/include/g2o/solvers/cholmod/linear_solver_cholmod.h
-- Installing: /home/vvoxel/ros2_ws_mgr/install/g2o/include/g2o/solvers/cholmod/cholmod_wrapper.h
-- Installing: /home/vvoxel/ros2_ws_mgr/install/g2o/lib/libg2o_solver_eigen.so.0.2.0
-- Installing: /home/vvoxel/ros2_ws_mgr/install/g2o/lib/libg2o_solver_eigen.so.0.2
-- Set non-toolchain portion of runtime path of "/home/vvoxel/ros2_ws_mgr/install/g2o/lib/libg2o_solver_eigen.so.0.2.0" to ""
-- Installing: /home/vvoxel/ros2_ws_mgr/install/g2o/lib/libg2o_solver_eigen.so
-- Installing: /home/vvoxel/ros2_ws_mgr/install/g2o/include/g2o/solvers/eigen/linear_solver_eigen.h
-- Installing: /home/vvoxel/ros2_ws_mgr/install/g2o/lib/libg2o_parser.so.0.2.0
-- Installing: /home/vvoxel/ros2_ws_mgr/install/g2o/lib/libg2o_parser.so.0.2
-- Installing: /home/vvoxel/ros2_ws_mgr/install/g2o/lib/libg2o_parser.so
-- Installing: /home/vvoxel/ros2_ws_mgr/install/g2o/include/g2o/examples/interactive_slam/slam_parser/parser/FlexLexer.h
-- Installing: /home/vvoxel/ros2_ws_mgr/install/g2o/include/g2o/examples/interactive_slam/slam_parser/parser/bison_parser.h
-- Installing: /home/vvoxel/ros2_ws_mgr/install/g2o/include/g2o/examples/interactive_slam/slam_parser/parser/commands.h
-- Installing: /home/vvoxel/ros2_ws_mgr/install/g2o/include/g2o/examples/interactive_slam/slam_parser/parser/driver.h
-- Installing: /home/vvoxel/ros2_ws_mgr/install/g2o/include/g2o/examples/interactive_slam/slam_parser/parser/location.hh
-- Installing: /home/vvoxel/ros2_ws_mgr/install/g2o/include/g2o/examples/interactive_slam/slam_parser/parser/position.hh
-- Installing: /home/vvoxel/ros2_ws_mgr/install/g2o/include/g2o/examples/interactive_slam/slam_parser/parser/scanner.h
-- Installing: /home/vvoxel/ros2_ws_mgr/install/g2o/include/g2o/examples/interactive_slam/slam_parser/parser/slam_context.h
-- Installing: /home/vvoxel/ros2_ws_mgr/install/g2o/lib/libg2o_interface.so.0.2.0
-- Installing: /home/vvoxel/ros2_ws_mgr/install/g2o/lib/libg2o_interface.so.0.2
-- Set non-toolchain portion of runtime path of "/home/vvoxel/ros2_ws_mgr/install/g2o/lib/libg2o_interface.so.0.2.0" to ""
-- Installing: /home/vvoxel/ros2_ws_mgr/install/g2o/lib/libg2o_interface.so
-- Installing: /home/vvoxel/ros2_ws_mgr/install/g2o/include/g2o/examples/interactive_slam/slam_parser/interface/abstract_slam_interface.h
-- Installing: /home/vvoxel/ros2_ws_mgr/install/g2o/include/g2o/examples/interactive_slam/slam_parser/interface/parser_interface.h
-- Installing: /home/vvoxel/ros2_ws_mgr/install/g2o/include/g2o/examples/interactive_slam/slam_parser/interface/slam_context_interface.h
-- Installing: /home/vvoxel/ros2_ws_mgr/install/g2o/lib/libg2o_interactive.so.0.2.0
-- Installing: /home/vvoxel/ros2_ws_mgr/install/g2o/lib/libg2o_interactive.so.0.2
-- Set non-toolchain portion of runtime path of "/home/vvoxel/ros2_ws_mgr/install/g2o/lib/libg2o_interactive.so.0.2.0" to ""
-- Installing: /home/vvoxel/ros2_ws_mgr/install/g2o/lib/libg2o_interactive.so
-- Installing: /home/vvoxel/ros2_ws_mgr/install/g2o/bin/g2o_online
-- Set non-toolchain portion of runtime path of "/home/vvoxel/ros2_ws_mgr/install/g2o/bin/g2o_online" to ""
-- Installing: /home/vvoxel/ros2_ws_mgr/install/g2o/include/g2o/examples/interactive_slam/g2o_interactive/fast_output.h
-- Installing: /home/vvoxel/ros2_ws_mgr/install/g2o/include/g2o/examples/interactive_slam/g2o_interactive/g2o_interactive_api.h
-- Installing: /home/vvoxel/ros2_ws_mgr/install/g2o/include/g2o/examples/interactive_slam/g2o_interactive/g2o_slam_interface.h
-- Installing: /home/vvoxel/ros2_ws_mgr/install/g2o/include/g2o/examples/interactive_slam/g2o_interactive/graph_optimizer_sparse_online.h
-- Installing: /home/vvoxel/ros2_ws_mgr/install/g2o/include/g2o/examples/interactive_slam/g2o_interactive/types_slam2d_online.h
-- Installing: /home/vvoxel/ros2_ws_mgr/install/g2o/include/g2o/examples/interactive_slam/g2o_interactive/types_slam3d_online.h
-- Installing: /home/vvoxel/ros2_ws_mgr/install/g2o/lib/libg2o_incremental.so.0.2.0
-- Installing: /home/vvoxel/ros2_ws_mgr/install/g2o/lib/libg2o_incremental.so.0.2
-- Set non-toolchain portion of runtime path of "/home/vvoxel/ros2_ws_mgr/install/g2o/lib/libg2o_incremental.so.0.2.0" to ""
-- Installing: /home/vvoxel/ros2_ws_mgr/install/g2o/lib/libg2o_incremental.so
-- Installing: /home/vvoxel/ros2_ws_mgr/install/g2o/bin/g2o_incremental
-- Set non-toolchain portion of runtime path of "/home/vvoxel/ros2_ws_mgr/install/g2o/bin/g2o_incremental" to ""
-- Installing: /home/vvoxel/ros2_ws_mgr/install/g2o/include/g2o/examples/interactive_slam/g2o_incremental/g2o_incremental_api.h
-- Installing: /home/vvoxel/ros2_ws_mgr/install/g2o/include/g2o/examples/interactive_slam/g2o_incremental/graph_optimizer_sparse_incremental.h
-- Installing: /home/vvoxel/ros2_ws_mgr/install/g2o/include/g2o/examples/interactive_slam/g2o_incremental/linear_solver_cholmod_online.h
-- Installing: /home/vvoxel/ros2_ws_mgr/install/g2o/lib/libg2o_hierarchical.so.0.2.0
-- Installing: /home/vvoxel/ros2_ws_mgr/install/g2o/lib/libg2o_hierarchical.so.0.2
-- Set non-toolchain portion of runtime path of "/home/vvoxel/ros2_ws_mgr/install/g2o/lib/libg2o_hierarchical.so.0.2.0" to ""
-- Installing: /home/vvoxel/ros2_ws_mgr/install/g2o/lib/libg2o_hierarchical.so
-- Installing: /home/vvoxel/ros2_ws_mgr/install/g2o/include/g2o/apps/g2o_hierarchical/backbone_tree_action.h
-- Installing: /home/vvoxel/ros2_ws_mgr/install/g2o/include/g2o/apps/g2o_hierarchical/edge_creator.h
-- Installing: /home/vvoxel/ros2_ws_mgr/install/g2o/include/g2o/apps/g2o_hierarchical/edge_labeler.h
-- Installing: /home/vvoxel/ros2_ws_mgr/install/g2o/include/g2o/apps/g2o_hierarchical/edge_types_cost_function.h
-- Installing: /home/vvoxel/ros2_ws_mgr/install/g2o/include/g2o/apps/g2o_hierarchical/g2o_hierarchical_api.h
-- Installing: /home/vvoxel/ros2_ws_mgr/install/g2o/include/g2o/apps/g2o_hierarchical/simple_star_ops.h
-- Installing: /home/vvoxel/ros2_ws_mgr/install/g2o/include/g2o/apps/g2o_hierarchical/star.h
