-- Found ament_cmake: 2.5.3 (/opt/ros/jazzy/share/ament_cmake/cmake)
-- Override CMake install command with custom implementation using symlinks instead of copying resources
-- Found rclcpp: 28.1.6 (/opt/ros/jazzy/share/rclcpp/cmake)
-- Found rosidl_generator_c: 4.6.5 (/opt/ros/jazzy/share/rosidl_generator_c/cmake)
-- Found rosidl_generator_cpp: 4.6.5 (/opt/ros/jazzy/share/rosidl_generator_cpp/cmake)
-- Using all available rosidl_typesupport_c: rosidl_typesupport_fastrtps_c;rosidl_typesupport_introspection_c
-- Using all available rosidl_typesupport_cpp: rosidl_typesupport_fastrtps_cpp;rosidl_typesupport_introspection_cpp
-- Found rmw_implementation_cmake: 7.3.1 (/opt/ros/jazzy/share/rmw_implementation_cmake/cmake)
-- Found rmw_fastrtps_cpp: 8.4.1 (/opt/ros/jazzy/share/rmw_fastrtps_cpp/cmake)
-- Using RMW implementation 'rmw_fastrtps_cpp' as default
-- Found rclcpp_components: 28.1.6 (/opt/ros/jazzy/share/rclcpp_components/cmake)
-- Found yaml_cpp_vendor: 9.0.1 (/opt/ros/jazzy/share/yaml_cpp_vendor/cmake)
-- Setting yaml-cpp_DIR to: '/opt/ros/jazzy/share/yaml_cpp_vendor/cmake/../../../opt/yaml_cpp_vendor/share/cmake/yaml-cpp'
-- Found gz_transport_vendor: 0.0.6 (/opt/ros/jazzy/share/gz_transport_vendor/cmake)
-- Looking for gz-transport13 -- found version 13.4.1
-- Searching for dependencies of gz-transport13
-- Config-file not installed for ZeroMQ -- checking for pkg-config
-- Checking for module 'libzmq >= 4'
--   Found libzmq, version 4.3.5
-- Checking for module 'uuid'
--   Found uuid, version 2.39.3
-- Looking for gz-utils2 -- found version 2.2.1
-- Searching for dependencies of gz-utils2
-- Searching for <gz-utils2> component [cli]
-- Looking for gz-utils2-cli -- found version 2.2.1
-- Searching for dependencies of gz-utils2-cli
-- Looking for gz-msgs10 -- found version 10.3.2
-- Searching for dependencies of gz-msgs10
-- Looking for gz-utils2 -- found version 2.2.1
-- Looking for gz-math7 -- found version 7.5.2
-- Searching for dependencies of gz-math7
-- Looking for gz-utils2 -- found version 2.2.1
-- Checking for module 'tinyxml2'
--   Found tinyxml2, version 10.0.0
-- Looking for gz-msgs10 -- found version 10.3.2
-- Found builtin_interfaces: 2.0.2 (/opt/ros/jazzy/share/builtin_interfaces/cmake)
-- Found actuator_msgs: 0.0.1 (/opt/ros/jazzy/share/actuator_msgs/cmake)
-- Found geometry_msgs: 5.3.5 (/opt/ros/jazzy/share/geometry_msgs/cmake)
-- Found gps_msgs: 2.0.4 (/opt/ros/jazzy/share/gps_msgs/cmake)
-- Found nav_msgs: 5.3.5 (/opt/ros/jazzy/share/nav_msgs/cmake)
-- Found rcl_interfaces: 2.0.2 (/opt/ros/jazzy/share/rcl_interfaces/cmake)
-- Found ros_gz_interfaces: 1.0.11 (/home/vvoxel/ros2_ws_mgr/install/ros_gz_interfaces/share/ros_gz_interfaces/cmake)
-- Found rosgraph_msgs: 2.0.2 (/opt/ros/jazzy/share/rosgraph_msgs/cmake)
-- Found sensor_msgs: 5.3.5 (/opt/ros/jazzy/share/sensor_msgs/cmake)
-- Found std_msgs: 5.3.5 (/opt/ros/jazzy/share/std_msgs/cmake)
-- Found tf2_msgs: 0.36.8 (/opt/ros/jazzy/share/tf2_msgs/cmake)
-- Found trajectory_msgs: 5.3.5 (/opt/ros/jazzy/share/trajectory_msgs/cmake)
-- Found vision_msgs: 4.1.1 (/opt/ros/jazzy/share/vision_msgs/cmake)
-- Found ament_lint_auto: 0.17.1 (/opt/ros/jazzy/share/ament_lint_auto/cmake)
-- Found python_cmake_module: 0.11.1 (/opt/ros/jazzy/share/python_cmake_module/cmake)
-- Found gtest sources under '/opt/ros/jazzy/src/gtest_vendor': C++ tests using 'Google Test' will be built
-- Added test 'copyright' to check source files copyright and LICENSE
-- Added test 'cppcheck' to perform static code analysis on C / C++ code
-- Configured cppcheck include dirs: $<BUILD_INTERFACE:/home/vvoxel/ros2_ws_mgr/src/ros_gz/ros_gz_bridge/include>;$<BUILD_INTERFACE:/home/vvoxel/ros2_ws_mgr/src/ros_gz/ros_gz_bridge/src>;/home/vvoxel/ros2_ws_mgr/src/ros_gz/ros_gz_bridge/include;/home/vvoxel/ros2_ws_mgr/src/ros_gz/ros_gz_bridge/test;/home/vvoxel/ros2_ws_mgr/src/ros_gz/ros_gz_bridge/test/subscribers;/home/vvoxel/ros2_ws_mgr/src/ros_gz/ros_gz_bridge/src
-- Configured cppcheck exclude dirs and/or files: 
-- Added test 'cpplint' to check C / C++ code against the Google style
-- Configured cpplint exclude dirs and/or files: 
-- Added test 'flake8' to check Python code syntax and style conventions
-- Configured 'flake8' exclude dirs and/or files: 
-- Added test 'lint_cmake' to check CMake code style
-- Added test 'pep257' to check Python code against some of the docstring style conventions in PEP 257
-- Added test 'uncrustify' to check C / C++ code style
-- Configured uncrustify additional arguments: 
-- Added test 'xmllint' to check XML markup files
-- Configuring done (3.2s)
-- Generating done (0.2s)
-- Build files have been written to: /home/vvoxel/ros2_ws_mgr/build/ros_gz_bridge
[  2%] Built target gtest_main
[  4%] Built target gtest
[  4%] Built target ament_cmake_python_symlink_ros_gz_bridge_setup
[  5%] Built target ament_cmake_python_symlink_ros_gz_bridge
[  6%] Built target bridge_node
[  9%] Built target test_rcl_interfaces
[ 13%] Built target test_utils
[ 15%] Built target test_gz_server
[ 17%] Built target test_ros_client
[ 24%] Built target test_ros_publisher
[ 24%] Built target test_gz_subscriber
[ 27%] Built target test_gz_publisher
[ 70%] Built target ros_gz_bridge
[ 74%] Built target ros_gz_bridge_bridge_config
[ 74%] Built target bridge_types
[ 76%] Built target parameter_bridge
[ 79%] Built target static_bridge
[ 96%] Built target test_ros_subscriber
[100%] Built target test_ros_gz_interfaces
running egg_info
writing ros_gz_bridge.egg-info/PKG-INFO
writing dependency_links to ros_gz_bridge.egg-info/dependency_links.txt
writing entry points to ros_gz_bridge.egg-info/entry_points.txt
writing top-level names to ros_gz_bridge.egg-info/top_level.txt
reading manifest file 'ros_gz_bridge.egg-info/SOURCES.txt'
writing manifest file 'ros_gz_bridge.egg-info/SOURCES.txt'
[100%] Built target ament_cmake_python_build_ros_gz_bridge_egg
-- Install configuration: ""
-- Execute custom install script
-- Up-to-date symlink: /home/vvoxel/ros2_ws_mgr/install/ros_gz_bridge/share/ros_gz_bridge/environment/pythonpath.sh
-- Up-to-date symlink: /home/vvoxel/ros2_ws_mgr/install/ros_gz_bridge/share/ros_gz_bridge/environment/pythonpath.dsv
-- Up-to-date symlink: /home/vvoxel/ros2_ws_mgr/install/ros_gz_bridge/lib/python3.12/site-packages/ros_gz_bridge-1.0.11-py3.12.egg-info/PKG-INFO
-- Up-to-date symlink: /home/vvoxel/ros2_ws_mgr/install/ros_gz_bridge/lib/python3.12/site-packages/ros_gz_bridge-1.0.11-py3.12.egg-info/SOURCES.txt
-- Up-to-date symlink: /home/vvoxel/ros2_ws_mgr/install/ros_gz_bridge/lib/python3.12/site-packages/ros_gz_bridge-1.0.11-py3.12.egg-info/dependency_links.txt
-- Up-to-date symlink: /home/vvoxel/ros2_ws_mgr/install/ros_gz_bridge/lib/python3.12/site-packages/ros_gz_bridge-1.0.11-py3.12.egg-info/entry_points.txt
-- Up-to-date symlink: /home/vvoxel/ros2_ws_mgr/install/ros_gz_bridge/lib/python3.12/site-packages/ros_gz_bridge-1.0.11-py3.12.egg-info/top_level.txt
-- Up-to-date symlink: /home/vvoxel/ros2_ws_mgr/install/ros_gz_bridge/lib/python3.12/site-packages/ros_gz_bridge/__init__.py
-- Up-to-date symlink: /home/vvoxel/ros2_ws_mgr/install/ros_gz_bridge/lib/python3.12/site-packages/ros_gz_bridge/actions/__init__.py
-- Up-to-date symlink: /home/vvoxel/ros2_ws_mgr/install/ros_gz_bridge/lib/python3.12/site-packages/ros_gz_bridge/actions/ros_gz_bridge.py
-- Up-to-date symlink: /home/vvoxel/ros2_ws_mgr/install/ros_gz_bridge/lib/python3.12/site-packages/ros_gz_bridge/mappings.py
-- Up-to-date symlink: /home/vvoxel/ros2_ws_mgr/install/ros_gz_bridge/lib/ros_gz_bridge/bridge_node
-- Up-to-date symlink: /home/vvoxel/ros2_ws_mgr/install/ros_gz_bridge/include/ros_gz_bridge/ros_gz_bridge/bridge_config.hpp
-- Up-to-date symlink: /home/vvoxel/ros2_ws_mgr/install/ros_gz_bridge/include/ros_gz_bridge/ros_gz_bridge/convert.hpp
-- Up-to-date symlink: /home/vvoxel/ros2_ws_mgr/install/ros_gz_bridge/include/ros_gz_bridge/ros_gz_bridge/convert/actuator_msgs.hpp
-- Up-to-date symlink: /home/vvoxel/ros2_ws_mgr/install/ros_gz_bridge/include/ros_gz_bridge/ros_gz_bridge/convert/builtin_interfaces.hpp
-- Up-to-date symlink: /home/vvoxel/ros2_ws_mgr/install/ros_gz_bridge/include/ros_gz_bridge/ros_gz_bridge/convert/geometry_msgs.hpp
-- Up-to-date symlink: /home/vvoxel/ros2_ws_mgr/install/ros_gz_bridge/include/ros_gz_bridge/ros_gz_bridge/convert/gps_msgs.hpp
-- Up-to-date symlink: /home/vvoxel/ros2_ws_mgr/install/ros_gz_bridge/include/ros_gz_bridge/ros_gz_bridge/convert/nav_msgs.hpp
-- Up-to-date symlink: /home/vvoxel/ros2_ws_mgr/install/ros_gz_bridge/include/ros_gz_bridge/ros_gz_bridge/convert/rcl_interfaces.hpp
-- Up-to-date symlink: /home/vvoxel/ros2_ws_mgr/install/ros_gz_bridge/include/ros_gz_bridge/ros_gz_bridge/convert/ros_gz_interfaces.hpp
-- Up-to-date symlink: /home/vvoxel/ros2_ws_mgr/install/ros_gz_bridge/include/ros_gz_bridge/ros_gz_bridge/convert/rosgraph_msgs.hpp
-- Up-to-date symlink: /home/vvoxel/ros2_ws_mgr/install/ros_gz_bridge/include/ros_gz_bridge/ros_gz_bridge/convert/sensor_msgs.hpp
-- Up-to-date symlink: /home/vvoxel/ros2_ws_mgr/install/ros_gz_bridge/include/ros_gz_bridge/ros_gz_bridge/convert/std_msgs.hpp
-- Up-to-date symlink: /home/vvoxel/ros2_ws_mgr/install/ros_gz_bridge/include/ros_gz_bridge/ros_gz_bridge/convert/tf2_msgs.hpp
-- Up-to-date symlink: /home/vvoxel/ros2_ws_mgr/install/ros_gz_bridge/include/ros_gz_bridge/ros_gz_bridge/convert/trajectory_msgs.hpp
-- Up-to-date symlink: /home/vvoxel/ros2_ws_mgr/install/ros_gz_bridge/include/ros_gz_bridge/ros_gz_bridge/convert/vision_msgs.hpp
-- Up-to-date symlink: /home/vvoxel/ros2_ws_mgr/install/ros_gz_bridge/include/ros_gz_bridge/ros_gz_bridge/convert_decl.hpp
-- Up-to-date symlink: /home/vvoxel/ros2_ws_mgr/install/ros_gz_bridge/include/ros_gz_bridge/ros_gz_bridge/ros_gz_bridge.hpp
-- Up-to-date symlink: /home/vvoxel/ros2_ws_mgr/install/ros_gz_bridge/share/ros_gz_bridge/launch/ros_gz_bridge.launch
-- Up-to-date symlink: /home/vvoxel/ros2_ws_mgr/install/ros_gz_bridge/share/ros_gz_bridge/launch/ros_gz_bridge.launch.py
-- Up-to-date symlink: /home/vvoxel/ros2_ws_mgr/install/ros_gz_bridge/lib/ros_gz_bridge/parameter_bridge
-- Up-to-date symlink: /home/vvoxel/ros2_ws_mgr/install/ros_gz_bridge/lib/ros_gz_bridge/static_bridge
-- Up-to-date symlink: /home/vvoxel/ros2_ws_mgr/install/ros_gz_bridge/lib/ros_gz_bridge/bridge_types
-- Up-to-date symlink: /home/vvoxel/ros2_ws_mgr/install/ros_gz_bridge/lib/ros_gz_bridge/test_ros_publisher
-- Up-to-date symlink: /home/vvoxel/ros2_ws_mgr/install/ros_gz_bridge/lib/ros_gz_bridge/test_ros_subscriber
-- Up-to-date symlink: /home/vvoxel/ros2_ws_mgr/install/ros_gz_bridge/lib/ros_gz_bridge/test_gz_publisher
-- Up-to-date symlink: /home/vvoxel/ros2_ws_mgr/install/ros_gz_bridge/lib/ros_gz_bridge/test_gz_subscriber
-- Up-to-date symlink: /home/vvoxel/ros2_ws_mgr/install/ros_gz_bridge/lib/ros_gz_bridge/test_gz_server
-- Up-to-date symlink: /home/vvoxel/ros2_ws_mgr/install/ros_gz_bridge/lib/ros_gz_bridge/test_ros_client
-- Up-to-date symlink: /home/vvoxel/ros2_ws_mgr/install/ros_gz_bridge/share/ros_gz_bridge/environment/library_path.sh
-- Up-to-date symlink: /home/vvoxel/ros2_ws_mgr/install/ros_gz_bridge/share/ros_gz_bridge/environment/library_path.dsv
-- Up-to-date symlink: /home/vvoxel/ros2_ws_mgr/install/ros_gz_bridge/share/ament_index/resource_index/package_run_dependencies/ros_gz_bridge
-- Up-to-date symlink: /home/vvoxel/ros2_ws_mgr/install/ros_gz_bridge/share/ament_index/resource_index/parent_prefix_path/ros_gz_bridge
-- Up-to-date symlink: /home/vvoxel/ros2_ws_mgr/install/ros_gz_bridge/share/ros_gz_bridge/environment/ament_prefix_path.sh
-- Up-to-date symlink: /home/vvoxel/ros2_ws_mgr/install/ros_gz_bridge/share/ros_gz_bridge/environment/ament_prefix_path.dsv
-- Up-to-date symlink: /home/vvoxel/ros2_ws_mgr/install/ros_gz_bridge/share/ros_gz_bridge/environment/path.sh
-- Up-to-date symlink: /home/vvoxel/ros2_ws_mgr/install/ros_gz_bridge/share/ros_gz_bridge/environment/path.dsv
-- Up-to-date symlink: /home/vvoxel/ros2_ws_mgr/install/ros_gz_bridge/share/ros_gz_bridge/local_setup.bash
-- Up-to-date symlink: /home/vvoxel/ros2_ws_mgr/install/ros_gz_bridge/share/ros_gz_bridge/local_setup.sh
-- Up-to-date symlink: /home/vvoxel/ros2_ws_mgr/install/ros_gz_bridge/share/ros_gz_bridge/local_setup.zsh
-- Up-to-date symlink: /home/vvoxel/ros2_ws_mgr/install/ros_gz_bridge/share/ros_gz_bridge/local_setup.dsv
-- Symlinking: /home/vvoxel/ros2_ws_mgr/install/ros_gz_bridge/share/ros_gz_bridge/package.dsv
-- Up-to-date symlink: /home/vvoxel/ros2_ws_mgr/install/ros_gz_bridge/share/ament_index/resource_index/packages/ros_gz_bridge
-- Up-to-date symlink: /home/vvoxel/ros2_ws_mgr/install/ros_gz_bridge/share/ament_index/resource_index/rclcpp_components/ros_gz_bridge
-- Up-to-date symlink: /home/vvoxel/ros2_ws_mgr/install/ros_gz_bridge/share/ros_gz_bridge/cmake/ament_cmake_export_include_directories-extras.cmake
-- Up-to-date symlink: /home/vvoxel/ros2_ws_mgr/install/ros_gz_bridge/share/ros_gz_bridge/cmake/ament_cmake_export_libraries-extras.cmake
-- Up-to-date symlink: /home/vvoxel/ros2_ws_mgr/install/ros_gz_bridge/share/ros_gz_bridge/cmake/ament_cmake_export_targets-extras.cmake
-- Up-to-date symlink: /home/vvoxel/ros2_ws_mgr/install/ros_gz_bridge/share/ros_gz_bridge/cmake/ament_cmake_export_dependencies-extras.cmake
-- Up-to-date symlink: /home/vvoxel/ros2_ws_mgr/install/ros_gz_bridge/share/ros_gz_bridge/cmake/ros_gz_bridgeConfig.cmake
-- Up-to-date symlink: /home/vvoxel/ros2_ws_mgr/install/ros_gz_bridge/share/ros_gz_bridge/cmake/ros_gz_bridgeConfig-version.cmake
-- Up-to-date symlink: /home/vvoxel/ros2_ws_mgr/install/ros_gz_bridge/share/ros_gz_bridge/package.xml
Listing '/home/vvoxel/ros2_ws_mgr/install/ros_gz_bridge/lib/python3.12/site-packages/ros_gz_bridge'...
Listing '/home/vvoxel/ros2_ws_mgr/install/ros_gz_bridge/lib/python3.12/site-packages/ros_gz_bridge/actions'...
-- Up-to-date: /home/vvoxel/ros2_ws_mgr/install/ros_gz_bridge/lib/libros_gz_bridge.so
-- Up-to-date: /home/vvoxel/ros2_ws_mgr/install/ros_gz_bridge/share/ros_gz_bridge/cmake/export_ros_gz_bridgeExport.cmake
-- Up-to-date: /home/vvoxel/ros2_ws_mgr/install/ros_gz_bridge/share/ros_gz_bridge/cmake/export_ros_gz_bridgeExport-noconfig.cmake
