[0.048s] Invoking command in '/home/vvoxel/ros2_ws_mgr/build/apriltag': CMAKE_PREFIX_PATH=${CMAKE_PREFIX_PATH}:/home/vvoxel/ros2_ws_mgr/install/sim_launcher:/opt/ros/jazzy DEBUGINFOD_URLS=https://debuginfod.ubuntu.com /usr/bin/cmake --build /home/vvoxel/ros2_ws_mgr/build/apriltag -- -j8 -l8
[0.168s] [  2%] [34m[1mGenerating apriltag_detect_docstring.h, apriltag_detect_docstring.cxx[0m
[0.221s] [  4%] [34m[1mGenerating apriltag_py_type_docstring.h, apriltag_py_type_docstring.cxx[0m
[0.253s] [ 85%] Built target apriltag
[0.376s] [ 90%] Built target apriltag_demo
[0.458s] [ 90%] Built target apriltag_py_docstrings
[0.482s] [ 95%] Built target opencv_demo
[0.672s] [ 97%] [32mBuilding C object CMakeFiles/apriltag.cpython-312-x86_64-linux-gnu.dir/apriltag_pywrap.c.o[0m
[1.504s] [100%] [32m[1mLinking C shared module apriltag.cpython-312-x86_64-linux-gnu.so[0m
[1.582s] [100%] Built target apriltag.cpython-312-x86_64-linux-gnu
[1.608s] Invoked command in '/home/vvoxel/ros2_ws_mgr/build/apriltag' returned '0': CMAKE_PREFIX_PATH=${CMAKE_PREFIX_PATH}:/home/vvoxel/ros2_ws_mgr/install/sim_launcher:/opt/ros/jazzy DEBUGINFOD_URLS=https://debuginfod.ubuntu.com /usr/bin/cmake --build /home/vvoxel/ros2_ws_mgr/build/apriltag -- -j8 -l8
[1.684s] Invoking command in '/home/vvoxel/ros2_ws_mgr/build/apriltag': CMAKE_PREFIX_PATH=${CMAKE_PREFIX_PATH}:/home/vvoxel/ros2_ws_mgr/install/sim_launcher:/opt/ros/jazzy DEBUGINFOD_URLS=https://debuginfod.ubuntu.com /usr/bin/cmake --install /home/vvoxel/ros2_ws_mgr/build/apriltag
[1.735s] -- Install configuration: "Release"
[1.735s] -- Up-to-date: /home/vvoxel/ros2_ws_mgr/install/apriltag/include/apriltag/apriltag.h
[1.736s] -- Up-to-date: /home/vvoxel/ros2_ws_mgr/install/apriltag/include/apriltag/apriltag_math.h
[1.736s] -- Up-to-date: /home/vvoxel/ros2_ws_mgr/install/apriltag/include/apriltag/apriltag_pose.h
[1.736s] -- Up-to-date: /home/vvoxel/ros2_ws_mgr/install/apriltag/include/apriltag/common/debug_print.h
[1.737s] -- Up-to-date: /home/vvoxel/ros2_ws_mgr/install/apriltag/include/apriltag/common/doubles.h
[1.737s] -- Up-to-date: /home/vvoxel/ros2_ws_mgr/install/apriltag/include/apriltag/common/doubles_floats_impl.h
[1.737s] -- Up-to-date: /home/vvoxel/ros2_ws_mgr/install/apriltag/include/apriltag/common/floats.h
[1.738s] -- Up-to-date: /home/vvoxel/ros2_ws_mgr/install/apriltag/include/apriltag/common/g2d.h
[1.738s] -- Up-to-date: /home/vvoxel/ros2_ws_mgr/install/apriltag/include/apriltag/common/getopt.h
[1.739s] -- Up-to-date: /home/vvoxel/ros2_ws_mgr/install/apriltag/include/apriltag/common/homography.h
[1.739s] -- Up-to-date: /home/vvoxel/ros2_ws_mgr/install/apriltag/include/apriltag/common/image_types.h
[1.740s] -- Up-to-date: /home/vvoxel/ros2_ws_mgr/install/apriltag/include/apriltag/common/image_u8.h
[1.740s] -- Up-to-date: /home/vvoxel/ros2_ws_mgr/install/apriltag/include/apriltag/common/image_u8x3.h
[1.740s] -- Up-to-date: /home/vvoxel/ros2_ws_mgr/install/apriltag/include/apriltag/common/image_u8x4.h
[1.740s] -- Up-to-date: /home/vvoxel/ros2_ws_mgr/install/apriltag/include/apriltag/common/matd.h
[1.741s] -- Up-to-date: /home/vvoxel/ros2_ws_mgr/install/apriltag/include/apriltag/common/math_util.h
[1.741s] -- Up-to-date: /home/vvoxel/ros2_ws_mgr/install/apriltag/include/apriltag/common/pam.h
[1.742s] -- Up-to-date: /home/vvoxel/ros2_ws_mgr/install/apriltag/include/apriltag/common/pjpeg.h
[1.742s] -- Up-to-date: /home/vvoxel/ros2_ws_mgr/install/apriltag/include/apriltag/common/pnm.h
[1.742s] -- Up-to-date: /home/vvoxel/ros2_ws_mgr/install/apriltag/include/apriltag/common/postscript_utils.h
[1.742s] -- Up-to-date: /home/vvoxel/ros2_ws_mgr/install/apriltag/include/apriltag/common/pthreads_cross.h
[1.743s] -- Up-to-date: /home/vvoxel/ros2_ws_mgr/install/apriltag/include/apriltag/common/string_util.h
[1.743s] -- Up-to-date: /home/vvoxel/ros2_ws_mgr/install/apriltag/include/apriltag/common/svd22.h
[1.743s] -- Up-to-date: /home/vvoxel/ros2_ws_mgr/install/apriltag/include/apriltag/common/time_util.h
[1.743s] -- Up-to-date: /home/vvoxel/ros2_ws_mgr/install/apriltag/include/apriltag/common/timeprofile.h
[1.744s] -- Up-to-date: /home/vvoxel/ros2_ws_mgr/install/apriltag/include/apriltag/common/unionfind.h
[1.744s] -- Up-to-date: /home/vvoxel/ros2_ws_mgr/install/apriltag/include/apriltag/common/workerpool.h
[1.745s] -- Up-to-date: /home/vvoxel/ros2_ws_mgr/install/apriltag/include/apriltag/common/zarray.h
[1.745s] -- Up-to-date: /home/vvoxel/ros2_ws_mgr/install/apriltag/include/apriltag/common/zhash.h
[1.745s] -- Up-to-date: /home/vvoxel/ros2_ws_mgr/install/apriltag/include/apriltag/common/zmaxheap.h
[1.746s] -- Up-to-date: /home/vvoxel/ros2_ws_mgr/install/apriltag/include/apriltag/tag16h5.h
[1.746s] -- Up-to-date: /home/vvoxel/ros2_ws_mgr/install/apriltag/include/apriltag/tag25h9.h
[1.746s] -- Up-to-date: /home/vvoxel/ros2_ws_mgr/install/apriltag/include/apriltag/tag36h10.h
[1.747s] -- Up-to-date: /home/vvoxel/ros2_ws_mgr/install/apriltag/include/apriltag/tag36h11.h
[1.747s] -- Up-to-date: /home/vvoxel/ros2_ws_mgr/install/apriltag/include/apriltag/tagCircle21h7.h
[1.747s] -- Up-to-date: /home/vvoxel/ros2_ws_mgr/install/apriltag/include/apriltag/tagCircle49h12.h
[1.747s] -- Up-to-date: /home/vvoxel/ros2_ws_mgr/install/apriltag/include/apriltag/tagCustom48h12.h
[1.748s] -- Up-to-date: /home/vvoxel/ros2_ws_mgr/install/apriltag/include/apriltag/tagStandard41h12.h
[1.748s] -- Up-to-date: /home/vvoxel/ros2_ws_mgr/install/apriltag/include/apriltag/tagStandard52h13.h
[1.748s] -- Up-to-date: /home/vvoxel/ros2_ws_mgr/install/apriltag/lib/libapriltag.so.3.4.2
[1.748s] -- Up-to-date: /home/vvoxel/ros2_ws_mgr/install/apriltag/lib/libapriltag.so.3
[1.749s] -- Up-to-date: /home/vvoxel/ros2_ws_mgr/install/apriltag/lib/libapriltag.so
[1.749s] -- Up-to-date: /home/vvoxel/ros2_ws_mgr/install/apriltag/share/apriltag/cmake/apriltagTargets.cmake
[1.749s] -- Up-to-date: /home/vvoxel/ros2_ws_mgr/install/apriltag/share/apriltag/cmake/apriltagTargets-release.cmake
[1.750s] -- Up-to-date: /home/vvoxel/ros2_ws_mgr/install/apriltag/share/apriltag/cmake/apriltagConfig.cmake
[1.750s] -- Up-to-date: /home/vvoxel/ros2_ws_mgr/install/apriltag/share/apriltag/cmake/apriltagConfigVersion.cmake
[1.750s] -- Up-to-date: /home/vvoxel/ros2_ws_mgr/install/apriltag/lib/pkgconfig/apriltag.pc
[1.750s] -- Installing: /home/vvoxel/ros2_ws_mgr/install/apriltag/lib/python3.12/site-packages/apriltag.cpython-312-x86_64-linux-gnu.so
[1.750s] -- Set non-toolchain portion of runtime path of "/home/vvoxel/ros2_ws_mgr/install/apriltag/lib/python3.12/site-packages/apriltag.cpython-312-x86_64-linux-gnu.so" to ""
[1.751s] -- Up-to-date: /home/vvoxel/ros2_ws_mgr/install/apriltag/bin/opencv_demo
[1.751s] -- Up-to-date: /home/vvoxel/ros2_ws_mgr/install/apriltag/bin/apriltag_demo
[1.773s] Invoked command in '/home/vvoxel/ros2_ws_mgr/build/apriltag' returned '0': CMAKE_PREFIX_PATH=${CMAKE_PREFIX_PATH}:/home/vvoxel/ros2_ws_mgr/install/sim_launcher:/opt/ros/jazzy DEBUGINFOD_URLS=https://debuginfod.ubuntu.com /usr/bin/cmake --install /home/vvoxel/ros2_ws_mgr/build/apriltag
