running egg_info
creating ../../build/sim_launcher/sim_launcher.egg-info
writing ../../build/sim_launcher/sim_launcher.egg-info/PKG-INFO
writing dependency_links to ../../build/sim_launcher/sim_launcher.egg-info/dependency_links.txt
writing requirements to ../../build/sim_launcher/sim_launcher.egg-info/requires.txt
writing top-level names to ../../build/sim_launcher/sim_launcher.egg-info/top_level.txt
writing manifest file '../../build/sim_launcher/sim_launcher.egg-info/SOURCES.txt'
reading manifest file '../../build/sim_launcher/sim_launcher.egg-info/SOURCES.txt'
writing manifest file '../../build/sim_launcher/sim_launcher.egg-info/SOURCES.txt'
running build
running build_py
creating /home/vvoxel/ros2_ws_mgr/build/sim_launcher/build
creating /home/vvoxel/ros2_ws_mgr/build/sim_launcher/build/lib
creating /home/vvoxel/ros2_ws_mgr/build/sim_launcher/build/lib/sim_launcher
copying sim_launcher/__init__.py -> /home/vvoxel/ros2_ws_mgr/build/sim_launcher/build/lib/sim_launcher
running install
running install_lib
creating /home/vvoxel/ros2_ws_mgr/install/sim_launcher/lib/python3.12/site-packages/sim_launcher
copying /home/vvoxel/ros2_ws_mgr/build/sim_launcher/build/lib/sim_launcher/__init__.py -> /home/vvoxel/ros2_ws_mgr/install/sim_launcher/lib/python3.12/site-packages/sim_launcher
byte-compiling /home/vvoxel/ros2_ws_mgr/install/sim_launcher/lib/python3.12/site-packages/sim_launcher/__init__.py to __init__.cpython-312.pyc
running install_data
creating /home/vvoxel/ros2_ws_mgr/install/sim_launcher/share/ament_index
creating /home/vvoxel/ros2_ws_mgr/install/sim_launcher/share/ament_index/resource_index
creating /home/vvoxel/ros2_ws_mgr/install/sim_launcher/share/ament_index/resource_index/packages
copying resource/sim_launcher -> /home/vvoxel/ros2_ws_mgr/install/sim_launcher/share/ament_index/resource_index/packages
copying package.xml -> /home/vvoxel/ros2_ws_mgr/install/sim_launcher/share/sim_launcher
running install_egg_info
Copying ../../build/sim_launcher/sim_launcher.egg-info to /home/vvoxel/ros2_ws_mgr/install/sim_launcher/lib/python3.12/site-packages/sim_launcher-0.0.0-py3.12.egg-info
running install_scripts
writing list of installed files to '/home/vvoxel/ros2_ws_mgr/build/sim_launcher/install.log'
