[1.645s] Invoking command in '/home/vvoxel/ros2_ws_mgr/src/sim_launcher': DEBUGINFOD_URLS=https://debuginfod.ubuntu.com PYTHONPATH=/home/vvoxel/ros2_ws_mgr/build/sim_launcher/prefix_override:/usr/lib/python3/dist-packages/colcon_core/task/python/colcon_distutils_commands:/home/vvoxel/ros2_ws_mgr/install/sim_launcher/lib/python3.12/site-packages:${PYTHONPATH} /usr/bin/python3 -W ignore:setup.py install is deprecated -W ignore:easy_install command is deprecated setup.py egg_info --egg-base ../../build/sim_launcher build --build-base /home/vvoxel/ros2_ws_mgr/build/sim_launcher/build install --record /home/vvoxel/ros2_ws_mgr/build/sim_launcher/install.log --single-version-externally-managed install_data
[2.195s] running egg_info
[2.195s] creating ../../build/sim_launcher/sim_launcher.egg-info
[2.225s] writing ../../build/sim_launcher/sim_launcher.egg-info/PKG-INFO
[2.225s] writing dependency_links to ../../build/sim_launcher/sim_launcher.egg-info/dependency_links.txt
[2.225s] writing requirements to ../../build/sim_launcher/sim_launcher.egg-info/requires.txt
[2.225s] writing top-level names to ../../build/sim_launcher/sim_launcher.egg-info/top_level.txt
[2.226s] writing manifest file '../../build/sim_launcher/sim_launcher.egg-info/SOURCES.txt'
[2.292s] reading manifest file '../../build/sim_launcher/sim_launcher.egg-info/SOURCES.txt'
[2.294s] writing manifest file '../../build/sim_launcher/sim_launcher.egg-info/SOURCES.txt'
[2.294s] running build
[2.294s] running build_py
[2.294s] creating /home/vvoxel/ros2_ws_mgr/build/sim_launcher/build
[2.294s] creating /home/vvoxel/ros2_ws_mgr/build/sim_launcher/build/lib
[2.294s] creating /home/vvoxel/ros2_ws_mgr/build/sim_launcher/build/lib/sim_launcher
[2.295s] copying sim_launcher/__init__.py -> /home/vvoxel/ros2_ws_mgr/build/sim_launcher/build/lib/sim_launcher
[2.295s] running install
[2.308s] running install_lib
[2.350s] creating /home/vvoxel/ros2_ws_mgr/install/sim_launcher/lib/python3.12/site-packages/sim_launcher
[2.350s] copying /home/vvoxel/ros2_ws_mgr/build/sim_launcher/build/lib/sim_launcher/__init__.py -> /home/vvoxel/ros2_ws_mgr/install/sim_launcher/lib/python3.12/site-packages/sim_launcher
[2.351s] byte-compiling /home/vvoxel/ros2_ws_mgr/install/sim_launcher/lib/python3.12/site-packages/sim_launcher/__init__.py to __init__.cpython-312.pyc
[2.351s] running install_data
[2.351s] creating /home/vvoxel/ros2_ws_mgr/install/sim_launcher/share/ament_index
[2.351s] creating /home/vvoxel/ros2_ws_mgr/install/sim_launcher/share/ament_index/resource_index
[2.352s] creating /home/vvoxel/ros2_ws_mgr/install/sim_launcher/share/ament_index/resource_index/packages
[2.352s] copying resource/sim_launcher -> /home/vvoxel/ros2_ws_mgr/install/sim_launcher/share/ament_index/resource_index/packages
[2.352s] copying package.xml -> /home/vvoxel/ros2_ws_mgr/install/sim_launcher/share/sim_launcher
[2.352s] running install_egg_info
[2.385s] Copying ../../build/sim_launcher/sim_launcher.egg-info to /home/vvoxel/ros2_ws_mgr/install/sim_launcher/lib/python3.12/site-packages/sim_launcher-0.0.0-py3.12.egg-info
[2.386s] running install_scripts
[2.575s] writing list of installed files to '/home/vvoxel/ros2_ws_mgr/build/sim_launcher/install.log'
[2.628s] Invoked command in '/home/vvoxel/ros2_ws_mgr/src/sim_launcher' returned '0': DEBUGINFOD_URLS=https://debuginfod.ubuntu.com PYTHONPATH=/home/vvoxel/ros2_ws_mgr/build/sim_launcher/prefix_override:/usr/lib/python3/dist-packages/colcon_core/task/python/colcon_distutils_commands:/home/vvoxel/ros2_ws_mgr/install/sim_launcher/lib/python3.12/site-packages:${PYTHONPATH} /usr/bin/python3 -W ignore:setup.py install is deprecated -W ignore:easy_install command is deprecated setup.py egg_info --egg-base ../../build/sim_launcher build --build-base /home/vvoxel/ros2_ws_mgr/build/sim_launcher/build install --record /home/vvoxel/ros2_ws_mgr/build/sim_launcher/install.log --single-version-externally-managed install_data
