[0.119s] Invoking command in '/home/vvoxel/ros2_ws_mgr/build/mtracker': CMAKE_PREFIX_PATH=/home/vvoxel/ros2_ws_mgr/install/test_ros_gz_bridge:/home/vvoxel/ros2_ws_mgr/install/sim_launcher:/opt/ros/jazzy:/home/vvoxel/ros2_ws_mgr/install/slam:/home/vvoxel/ros2_ws_mgr/install/ros_gz:/home/vvoxel/ros2_ws_mgr/install/ros_gz_sim_demos:/home/vvoxel/ros2_ws_mgr/install/ros_gz_sim:/home/vvoxel/ros2_ws_mgr/install/ros_gz_image:/home/vvoxel/ros2_ws_mgr/install/ros_gz_bridge:/home/vvoxel/ros2_ws_mgr/install/ros_gz_interfaces:/home/vvoxel/ros2_ws_mgr/install/realsense2_description:/home/vvoxel/ros2_ws_mgr/install/realsense2_camera:/home/vvoxel/ros2_ws_mgr/install/realsense2_camera_msgs:/home/vvoxel/ros2_ws_mgr/install/mtracker:/home/vvoxel/ros2_ws_mgr/install/g2o:/home/vvoxel/ros2_ws_mgr/install/apriltag_ros:/home/vvoxel/ros2_ws_mgr/install/apriltag_msgs:/home/vvoxel/ros2_ws_mgr/install/apriltag:/home/vvoxel/ros2_ws_mgr/install/anglecalc:/opt/ros/jazzy/opt/gz_sim_vendor:/opt/ros/jazzy/opt/gz_sensors_vendor:/opt/ros/jazzy/opt/gz_physics_vendor:/opt/ros/jazzy/opt/sdformat_vendor:/opt/ros/jazzy/opt/gz_gui_vendor:/opt/ros/jazzy/opt/gz_transport_vendor:/opt/ros/jazzy/opt/gz_rendering_vendor:/opt/ros/jazzy/opt/gz_plugin_vendor:/opt/ros/jazzy/opt/gz_fuel_tools_vendor:/opt/ros/jazzy/opt/gz_msgs_vendor:/opt/ros/jazzy/opt/gz_common_vendor:/opt/ros/jazzy/opt/gz_math_vendor:/opt/ros/jazzy/opt/gz_utils_vendor:/opt/ros/jazzy/opt/gz_tools_vendor:/opt/ros/jazzy/opt/gz_ogre_next_vendor:/opt/ros/jazzy/opt/gz_dartsim_vendor:/opt/ros/jazzy/opt/gz_cmake_vendor DEBUGINFOD_URLS=https://debuginfod.ubuntu.com /usr/bin/cmake --build /home/vvoxel/ros2_ws_mgr/build/mtracker -- -j8 -l8
[2.715s] [  2%] Built target mtracker__rosidl_generator_type_description
[2.716s] [  7%] Built target mtracker_joy
[2.716s] [ 12%] Built target controller
[2.716s] [ 12%] Built target ament_cmake_python_symlink_mtracker
[2.716s] [ 14%] Built target mtracker__cpp
[2.717s] [ 26%] Built target mtracker__rosidl_generator_c
[2.717s] [ 34%] Built target mtracker__rosidl_typesupport_fastrtps_c
[2.717s] [ 41%] Built target mtracker__rosidl_typesupport_fastrtps_cpp
[2.718s] [ 48%] Built target mtracker__rosidl_typesupport_cpp
[2.718s] [ 56%] Built target mtracker__rosidl_typesupport_introspection_cpp
[2.731s] [ 63%] Built target mtracker__rosidl_typesupport_c
[2.731s] [ 70%] Built target mtracker__rosidl_typesupport_introspection_c
[2.731s] [ 78%] Built target mtracker_drv
[2.732s] [ 78%] Built target mtracker
[2.732s] [ 80%] Built target mtracker__py
[2.736s] [ 85%] Built target mtracker__rosidl_generator_py
[2.737s] [ 90%] Built target mtracker_s__rosidl_typesupport_c
[2.737s] [ 95%] Built target mtracker_s__rosidl_typesupport_fastrtps_c
[2.737s] [100%] Built target mtracker_s__rosidl_typesupport_introspection_c
[2.773s] running egg_info
[2.990s] writing mtracker.egg-info/PKG-INFO
[2.991s] writing dependency_links to mtracker.egg-info/dependency_links.txt
[2.991s] writing top-level names to mtracker.egg-info/top_level.txt
[3.354s] reading manifest file 'mtracker.egg-info/SOURCES.txt'
[3.355s] writing manifest file 'mtracker.egg-info/SOURCES.txt'
[3.479s] [100%] Built target ament_cmake_python_build_mtracker_egg
[4.147s] Invoked command in '/home/vvoxel/ros2_ws_mgr/build/mtracker' returned '0': CMAKE_PREFIX_PATH=/home/vvoxel/ros2_ws_mgr/install/test_ros_gz_bridge:/home/vvoxel/ros2_ws_mgr/install/sim_launcher:/opt/ros/jazzy:/home/vvoxel/ros2_ws_mgr/install/slam:/home/vvoxel/ros2_ws_mgr/install/ros_gz:/home/vvoxel/ros2_ws_mgr/install/ros_gz_sim_demos:/home/vvoxel/ros2_ws_mgr/install/ros_gz_sim:/home/vvoxel/ros2_ws_mgr/install/ros_gz_image:/home/vvoxel/ros2_ws_mgr/install/ros_gz_bridge:/home/vvoxel/ros2_ws_mgr/install/ros_gz_interfaces:/home/vvoxel/ros2_ws_mgr/install/realsense2_description:/home/vvoxel/ros2_ws_mgr/install/realsense2_camera:/home/vvoxel/ros2_ws_mgr/install/realsense2_camera_msgs:/home/vvoxel/ros2_ws_mgr/install/mtracker:/home/vvoxel/ros2_ws_mgr/install/g2o:/home/vvoxel/ros2_ws_mgr/install/apriltag_ros:/home/vvoxel/ros2_ws_mgr/install/apriltag_msgs:/home/vvoxel/ros2_ws_mgr/install/apriltag:/home/vvoxel/ros2_ws_mgr/install/anglecalc:/opt/ros/jazzy/opt/gz_sim_vendor:/opt/ros/jazzy/opt/gz_sensors_vendor:/opt/ros/jazzy/opt/gz_physics_vendor:/opt/ros/jazzy/opt/sdformat_vendor:/opt/ros/jazzy/opt/gz_gui_vendor:/opt/ros/jazzy/opt/gz_transport_vendor:/opt/ros/jazzy/opt/gz_rendering_vendor:/opt/ros/jazzy/opt/gz_plugin_vendor:/opt/ros/jazzy/opt/gz_fuel_tools_vendor:/opt/ros/jazzy/opt/gz_msgs_vendor:/opt/ros/jazzy/opt/gz_common_vendor:/opt/ros/jazzy/opt/gz_math_vendor:/opt/ros/jazzy/opt/gz_utils_vendor:/opt/ros/jazzy/opt/gz_tools_vendor:/opt/ros/jazzy/opt/gz_ogre_next_vendor:/opt/ros/jazzy/opt/gz_dartsim_vendor:/opt/ros/jazzy/opt/gz_cmake_vendor DEBUGINFOD_URLS=https://debuginfod.ubuntu.com /usr/bin/cmake --build /home/vvoxel/ros2_ws_mgr/build/mtracker -- -j8 -l8
[4.150s] Invoking command in '/home/vvoxel/ros2_ws_mgr/build/mtracker': CMAKE_PREFIX_PATH=/home/vvoxel/ros2_ws_mgr/install/test_ros_gz_bridge:/home/vvoxel/ros2_ws_mgr/install/sim_launcher:/opt/ros/jazzy:/home/vvoxel/ros2_ws_mgr/install/slam:/home/vvoxel/ros2_ws_mgr/install/ros_gz:/home/vvoxel/ros2_ws_mgr/install/ros_gz_sim_demos:/home/vvoxel/ros2_ws_mgr/install/ros_gz_sim:/home/vvoxel/ros2_ws_mgr/install/ros_gz_image:/home/vvoxel/ros2_ws_mgr/install/ros_gz_bridge:/home/vvoxel/ros2_ws_mgr/install/ros_gz_interfaces:/home/vvoxel/ros2_ws_mgr/install/realsense2_description:/home/vvoxel/ros2_ws_mgr/install/realsense2_camera:/home/vvoxel/ros2_ws_mgr/install/realsense2_camera_msgs:/home/vvoxel/ros2_ws_mgr/install/mtracker:/home/vvoxel/ros2_ws_mgr/install/g2o:/home/vvoxel/ros2_ws_mgr/install/apriltag_ros:/home/vvoxel/ros2_ws_mgr/install/apriltag_msgs:/home/vvoxel/ros2_ws_mgr/install/apriltag:/home/vvoxel/ros2_ws_mgr/install/anglecalc:/opt/ros/jazzy/opt/gz_sim_vendor:/opt/ros/jazzy/opt/gz_sensors_vendor:/opt/ros/jazzy/opt/gz_physics_vendor:/opt/ros/jazzy/opt/sdformat_vendor:/opt/ros/jazzy/opt/gz_gui_vendor:/opt/ros/jazzy/opt/gz_transport_vendor:/opt/ros/jazzy/opt/gz_rendering_vendor:/opt/ros/jazzy/opt/gz_plugin_vendor:/opt/ros/jazzy/opt/gz_fuel_tools_vendor:/opt/ros/jazzy/opt/gz_msgs_vendor:/opt/ros/jazzy/opt/gz_common_vendor:/opt/ros/jazzy/opt/gz_math_vendor:/opt/ros/jazzy/opt/gz_utils_vendor:/opt/ros/jazzy/opt/gz_tools_vendor:/opt/ros/jazzy/opt/gz_ogre_next_vendor:/opt/ros/jazzy/opt/gz_dartsim_vendor:/opt/ros/jazzy/opt/gz_cmake_vendor DEBUGINFOD_URLS=https://debuginfod.ubuntu.com /usr/bin/cmake --install /home/vvoxel/ros2_ws_mgr/build/mtracker
[4.282s] -- Install configuration: ""
[4.283s] -- Execute custom install script
[4.286s] -- Up-to-date symlink: /home/vvoxel/ros2_ws_mgr/install/mtracker/share/mtracker//launch/mtracker_master.launch.py
[4.287s] -- Up-to-date symlink: /home/vvoxel/ros2_ws_mgr/install/mtracker/share/mtracker//launch/mtracker_remote.launch
[4.287s] -- Up-to-date symlink: /home/vvoxel/ros2_ws_mgr/install/mtracker/share/ament_index/resource_index/rosidl_interfaces/mtracker
[4.288s] -- Up-to-date symlink: /home/vvoxel/ros2_ws_mgr/install/mtracker/share/mtracker/srv/Trigger.json
[4.289s] -- Up-to-date symlink: /home/vvoxel/ros2_ws_mgr/install/mtracker/include/mtracker/mtracker/msg/rosidl_generator_c__visibility_control.h
[4.290s] -- Up-to-date symlink: /home/vvoxel/ros2_ws_mgr/install/mtracker/include/mtracker/mtracker/srv/detail/trigger__functions.h
[4.290s] -- Up-to-date symlink: /home/vvoxel/ros2_ws_mgr/install/mtracker/include/mtracker/mtracker/srv/detail/trigger__struct.h
[4.290s] -- Up-to-date symlink: /home/vvoxel/ros2_ws_mgr/install/mtracker/include/mtracker/mtracker/srv/detail/trigger__type_support.h
[4.290s] -- Up-to-date symlink: /home/vvoxel/ros2_ws_mgr/install/mtracker/include/mtracker/mtracker/srv/trigger.h
[4.291s] -- Up-to-date symlink: /home/vvoxel/ros2_ws_mgr/install/mtracker/share/mtracker/environment/library_path.sh
[4.293s] -- Up-to-date symlink: /home/vvoxel/ros2_ws_mgr/install/mtracker/share/mtracker/environment/library_path.dsv
[4.293s] -- Up-to-date symlink: /home/vvoxel/ros2_ws_mgr/install/mtracker/include/mtracker/mtracker/msg/rosidl_typesupport_fastrtps_c__visibility_control.h
[4.294s] -- Up-to-date symlink: /home/vvoxel/ros2_ws_mgr/install/mtracker/include/mtracker/mtracker/srv/detail/trigger__rosidl_typesupport_fastrtps_c.h
[4.295s] -- Up-to-date symlink: /home/vvoxel/ros2_ws_mgr/install/mtracker/include/mtracker/mtracker/msg/rosidl_generator_cpp__visibility_control.hpp
[4.296s] -- Up-to-date symlink: /home/vvoxel/ros2_ws_mgr/install/mtracker/include/mtracker/mtracker/srv/detail/trigger__builder.hpp
[4.296s] -- Up-to-date symlink: /home/vvoxel/ros2_ws_mgr/install/mtracker/include/mtracker/mtracker/srv/detail/trigger__struct.hpp
[4.296s] -- Up-to-date symlink: /home/vvoxel/ros2_ws_mgr/install/mtracker/include/mtracker/mtracker/srv/detail/trigger__traits.hpp
[4.296s] -- Up-to-date symlink: /home/vvoxel/ros2_ws_mgr/install/mtracker/include/mtracker/mtracker/srv/detail/trigger__type_support.hpp
[4.297s] -- Up-to-date symlink: /home/vvoxel/ros2_ws_mgr/install/mtracker/include/mtracker/mtracker/srv/trigger.hpp
[4.298s] -- Up-to-date symlink: /home/vvoxel/ros2_ws_mgr/install/mtracker/include/mtracker/mtracker/msg/rosidl_typesupport_fastrtps_cpp__visibility_control.h
[4.299s] -- Up-to-date symlink: /home/vvoxel/ros2_ws_mgr/install/mtracker/include/mtracker/mtracker/srv/detail/trigger__rosidl_typesupport_fastrtps_cpp.hpp
[4.299s] -- Up-to-date symlink: /home/vvoxel/ros2_ws_mgr/install/mtracker/include/mtracker/mtracker/msg/rosidl_typesupport_introspection_c__visibility_control.h
[4.299s] -- Up-to-date symlink: /home/vvoxel/ros2_ws_mgr/install/mtracker/include/mtracker/mtracker/srv/detail/trigger__rosidl_typesupport_introspection_c.h
[4.300s] -- Up-to-date symlink: /home/vvoxel/ros2_ws_mgr/install/mtracker/include/mtracker/mtracker/srv/detail/trigger__rosidl_typesupport_introspection_cpp.hpp
[4.300s] -- Up-to-date symlink: /home/vvoxel/ros2_ws_mgr/install/mtracker/share/mtracker/environment/pythonpath.sh
[4.300s] -- Up-to-date symlink: /home/vvoxel/ros2_ws_mgr/install/mtracker/share/mtracker/environment/pythonpath.dsv
[4.300s] -- Up-to-date symlink: /home/vvoxel/ros2_ws_mgr/install/mtracker/lib/python3.12/site-packages/mtracker-0.0.0-py3.12.egg-info/PKG-INFO
[4.301s] -- Up-to-date symlink: /home/vvoxel/ros2_ws_mgr/install/mtracker/lib/python3.12/site-packages/mtracker-0.0.0-py3.12.egg-info/SOURCES.txt
[4.301s] -- Up-to-date symlink: /home/vvoxel/ros2_ws_mgr/install/mtracker/lib/python3.12/site-packages/mtracker-0.0.0-py3.12.egg-info/dependency_links.txt
[4.301s] -- Up-to-date symlink: /home/vvoxel/ros2_ws_mgr/install/mtracker/lib/python3.12/site-packages/mtracker-0.0.0-py3.12.egg-info/top_level.txt
[4.302s] -- Up-to-date symlink: /home/vvoxel/ros2_ws_mgr/install/mtracker/lib/python3.12/site-packages/mtracker/__init__.py
[4.318s] -- Up-to-date symlink: /home/vvoxel/ros2_ws_mgr/install/mtracker/lib/python3.12/site-packages/mtracker/_mtracker_s.ep.rosidl_typesupport_c.c
[4.318s] -- Up-to-date symlink: /home/vvoxel/ros2_ws_mgr/install/mtracker/lib/python3.12/site-packages/mtracker/_mtracker_s.ep.rosidl_typesupport_fastrtps_c.c
[4.318s] -- Up-to-date symlink: /home/vvoxel/ros2_ws_mgr/install/mtracker/lib/python3.12/site-packages/mtracker/_mtracker_s.ep.rosidl_typesupport_introspection_c.c
[4.318s] -- Up-to-date symlink: /home/vvoxel/ros2_ws_mgr/install/mtracker/lib/python3.12/site-packages/mtracker/mtracker_s__rosidl_typesupport_c.so
[4.318s] -- Up-to-date symlink: /home/vvoxel/ros2_ws_mgr/install/mtracker/lib/python3.12/site-packages/mtracker/mtracker_s__rosidl_typesupport_fastrtps_c.so
[4.319s] -- Up-to-date symlink: /home/vvoxel/ros2_ws_mgr/install/mtracker/lib/python3.12/site-packages/mtracker/mtracker_s__rosidl_typesupport_introspection_c.so
[4.319s] -- Up-to-date symlink: /home/vvoxel/ros2_ws_mgr/install/mtracker/lib/python3.12/site-packages/mtracker/srv/__init__.py
[4.319s] -- Up-to-date symlink: /home/vvoxel/ros2_ws_mgr/install/mtracker/lib/python3.12/site-packages/mtracker/srv/_trigger.py
[4.319s] -- Up-to-date symlink: /home/vvoxel/ros2_ws_mgr/install/mtracker/lib/python3.12/site-packages/mtracker/srv/_trigger_s.c
[4.319s] -- Up-to-date symlink: /home/vvoxel/ros2_ws_mgr/install/mtracker/lib/python3.12/site-packages/mtracker/mtracker_s__rosidl_typesupport_fastrtps_c.so
[4.319s] -- Up-to-date symlink: /home/vvoxel/ros2_ws_mgr/install/mtracker/lib/python3.12/site-packages/mtracker/mtracker_s__rosidl_typesupport_introspection_c.so
[4.320s] -- Up-to-date symlink: /home/vvoxel/ros2_ws_mgr/install/mtracker/lib/python3.12/site-packages/mtracker/mtracker_s__rosidl_typesupport_c.so
[4.320s] -- Up-to-date symlink: /home/vvoxel/ros2_ws_mgr/install/mtracker/share/mtracker/srv/Trigger.idl
[4.320s] -- Up-to-date symlink: /home/vvoxel/ros2_ws_mgr/install/mtracker/share/mtracker/srv/Trigger.srv
[4.320s] -- Up-to-date symlink: /home/vvoxel/ros2_ws_mgr/install/mtracker/lib/mtracker/mtracker_drv
[4.320s] -- Up-to-date symlink: /home/vvoxel/ros2_ws_mgr/install/mtracker/lib/mtracker/controller
[4.320s] -- Up-to-date symlink: /home/vvoxel/ros2_ws_mgr/install/mtracker/lib/mtracker/mtracker_joy
[4.320s] -- Up-to-date symlink: /home/vvoxel/ros2_ws_mgr/install/mtracker/share/ament_index/resource_index/package_run_dependencies/mtracker
[4.321s] -- Up-to-date symlink: /home/vvoxel/ros2_ws_mgr/install/mtracker/share/ament_index/resource_index/parent_prefix_path/mtracker
[4.321s] -- Up-to-date symlink: /home/vvoxel/ros2_ws_mgr/install/mtracker/share/mtracker/environment/ament_prefix_path.sh
[4.321s] -- Up-to-date symlink: /home/vvoxel/ros2_ws_mgr/install/mtracker/share/mtracker/environment/ament_prefix_path.dsv
[4.321s] -- Up-to-date symlink: /home/vvoxel/ros2_ws_mgr/install/mtracker/share/mtracker/environment/path.sh
[4.321s] -- Up-to-date symlink: /home/vvoxel/ros2_ws_mgr/install/mtracker/share/mtracker/environment/path.dsv
[4.321s] -- Up-to-date symlink: /home/vvoxel/ros2_ws_mgr/install/mtracker/share/mtracker/local_setup.bash
[4.321s] -- Up-to-date symlink: /home/vvoxel/ros2_ws_mgr/install/mtracker/share/mtracker/local_setup.sh
[4.322s] -- Up-to-date symlink: /home/vvoxel/ros2_ws_mgr/install/mtracker/share/mtracker/local_setup.zsh
[4.322s] -- Up-to-date symlink: /home/vvoxel/ros2_ws_mgr/install/mtracker/share/mtracker/local_setup.dsv
[4.322s] -- Symlinking: /home/vvoxel/ros2_ws_mgr/install/mtracker/share/mtracker/package.dsv
[4.322s] -- Up-to-date symlink: /home/vvoxel/ros2_ws_mgr/install/mtracker/share/ament_index/resource_index/packages/mtracker
[4.322s] -- Up-to-date symlink: /home/vvoxel/ros2_ws_mgr/install/mtracker/share/mtracker/cmake/rosidl_cmake-extras.cmake
[4.322s] -- Up-to-date symlink: /home/vvoxel/ros2_ws_mgr/install/mtracker/share/mtracker/cmake/ament_cmake_export_dependencies-extras.cmake
[4.322s] -- Up-to-date symlink: /home/vvoxel/ros2_ws_mgr/install/mtracker/share/mtracker/cmake/ament_cmake_export_include_directories-extras.cmake
[4.323s] -- Up-to-date symlink: /home/vvoxel/ros2_ws_mgr/install/mtracker/share/mtracker/cmake/ament_cmake_export_libraries-extras.cmake
[4.323s] -- Up-to-date symlink: /home/vvoxel/ros2_ws_mgr/install/mtracker/share/mtracker/cmake/ament_cmake_export_targets-extras.cmake
[4.323s] -- Up-to-date symlink: /home/vvoxel/ros2_ws_mgr/install/mtracker/share/mtracker/cmake/rosidl_cmake_export_typesupport_targets-extras.cmake
[4.323s] -- Up-to-date symlink: /home/vvoxel/ros2_ws_mgr/install/mtracker/share/mtracker/cmake/rosidl_cmake_export_typesupport_libraries-extras.cmake
[4.323s] -- Up-to-date symlink: /home/vvoxel/ros2_ws_mgr/install/mtracker/share/mtracker/cmake/mtrackerConfig.cmake
[4.323s] -- Up-to-date symlink: /home/vvoxel/ros2_ws_mgr/install/mtracker/share/mtracker/cmake/mtrackerConfig-version.cmake
[4.323s] -- Up-to-date symlink: /home/vvoxel/ros2_ws_mgr/install/mtracker/share/mtracker/package.xml
[4.324s] -- Up-to-date: /home/vvoxel/ros2_ws_mgr/install/mtracker/lib/libmtracker__rosidl_generator_c.so
[4.324s] -- Up-to-date: /home/vvoxel/ros2_ws_mgr/install/mtracker/lib/libmtracker__rosidl_typesupport_fastrtps_c.so
[4.324s] -- Up-to-date: /home/vvoxel/ros2_ws_mgr/install/mtracker/lib/libmtracker__rosidl_typesupport_fastrtps_cpp.so
[4.324s] -- Up-to-date: /home/vvoxel/ros2_ws_mgr/install/mtracker/lib/libmtracker__rosidl_typesupport_introspection_c.so
[4.324s] -- Up-to-date: /home/vvoxel/ros2_ws_mgr/install/mtracker/lib/libmtracker__rosidl_typesupport_c.so
[4.324s] -- Up-to-date: /home/vvoxel/ros2_ws_mgr/install/mtracker/lib/libmtracker__rosidl_typesupport_introspection_cpp.so
[4.325s] -- Up-to-date: /home/vvoxel/ros2_ws_mgr/install/mtracker/lib/libmtracker__rosidl_typesupport_cpp.so
[4.388s] Listing '/home/vvoxel/ros2_ws_mgr/install/mtracker/lib/python3.12/site-packages/mtracker'...
[4.388s] Listing '/home/vvoxel/ros2_ws_mgr/install/mtracker/lib/python3.12/site-packages/mtracker/srv'...
[4.391s] -- Up-to-date: /home/vvoxel/ros2_ws_mgr/install/mtracker/lib/libmtracker__rosidl_generator_py.so
[4.391s] -- Up-to-date: /home/vvoxel/ros2_ws_mgr/install/mtracker/share/mtracker/cmake/export_mtracker__rosidl_generator_cExport.cmake
[4.391s] -- Up-to-date: /home/vvoxel/ros2_ws_mgr/install/mtracker/share/mtracker/cmake/export_mtracker__rosidl_generator_cExport-noconfig.cmake
[4.392s] -- Up-to-date: /home/vvoxel/ros2_ws_mgr/install/mtracker/share/mtracker/cmake/export_mtracker__rosidl_typesupport_fastrtps_cExport.cmake
[4.392s] -- Up-to-date: /home/vvoxel/ros2_ws_mgr/install/mtracker/share/mtracker/cmake/export_mtracker__rosidl_typesupport_fastrtps_cExport-noconfig.cmake
[4.392s] -- Up-to-date: /home/vvoxel/ros2_ws_mgr/install/mtracker/share/mtracker/cmake/export_mtracker__rosidl_generator_cppExport.cmake
[4.393s] -- Up-to-date: /home/vvoxel/ros2_ws_mgr/install/mtracker/share/mtracker/cmake/export_mtracker__rosidl_typesupport_fastrtps_cppExport.cmake
[4.393s] -- Up-to-date: /home/vvoxel/ros2_ws_mgr/install/mtracker/share/mtracker/cmake/export_mtracker__rosidl_typesupport_fastrtps_cppExport-noconfig.cmake
[4.393s] -- Up-to-date: /home/vvoxel/ros2_ws_mgr/install/mtracker/share/mtracker/cmake/mtracker__rosidl_typesupport_introspection_cExport.cmake
[4.393s] -- Up-to-date: /home/vvoxel/ros2_ws_mgr/install/mtracker/share/mtracker/cmake/mtracker__rosidl_typesupport_introspection_cExport-noconfig.cmake
[4.394s] -- Up-to-date: /home/vvoxel/ros2_ws_mgr/install/mtracker/share/mtracker/cmake/mtracker__rosidl_typesupport_cExport.cmake
[4.394s] -- Up-to-date: /home/vvoxel/ros2_ws_mgr/install/mtracker/share/mtracker/cmake/mtracker__rosidl_typesupport_cExport-noconfig.cmake
[4.394s] -- Up-to-date: /home/vvoxel/ros2_ws_mgr/install/mtracker/share/mtracker/cmake/mtracker__rosidl_typesupport_introspection_cppExport.cmake
[4.394s] -- Up-to-date: /home/vvoxel/ros2_ws_mgr/install/mtracker/share/mtracker/cmake/mtracker__rosidl_typesupport_introspection_cppExport-noconfig.cmake
[4.395s] -- Up-to-date: /home/vvoxel/ros2_ws_mgr/install/mtracker/share/mtracker/cmake/mtracker__rosidl_typesupport_cppExport.cmake
[4.395s] -- Up-to-date: /home/vvoxel/ros2_ws_mgr/install/mtracker/share/mtracker/cmake/mtracker__rosidl_typesupport_cppExport-noconfig.cmake
[4.395s] -- Up-to-date: /home/vvoxel/ros2_ws_mgr/install/mtracker/share/mtracker/cmake/export_mtracker__rosidl_generator_pyExport.cmake
[4.396s] -- Up-to-date: /home/vvoxel/ros2_ws_mgr/install/mtracker/share/mtracker/cmake/export_mtracker__rosidl_generator_pyExport-noconfig.cmake
[4.485s] Invoked command in '/home/vvoxel/ros2_ws_mgr/build/mtracker' returned '0': CMAKE_PREFIX_PATH=/home/vvoxel/ros2_ws_mgr/install/test_ros_gz_bridge:/home/vvoxel/ros2_ws_mgr/install/sim_launcher:/opt/ros/jazzy:/home/vvoxel/ros2_ws_mgr/install/slam:/home/vvoxel/ros2_ws_mgr/install/ros_gz:/home/vvoxel/ros2_ws_mgr/install/ros_gz_sim_demos:/home/vvoxel/ros2_ws_mgr/install/ros_gz_sim:/home/vvoxel/ros2_ws_mgr/install/ros_gz_image:/home/vvoxel/ros2_ws_mgr/install/ros_gz_bridge:/home/vvoxel/ros2_ws_mgr/install/ros_gz_interfaces:/home/vvoxel/ros2_ws_mgr/install/realsense2_description:/home/vvoxel/ros2_ws_mgr/install/realsense2_camera:/home/vvoxel/ros2_ws_mgr/install/realsense2_camera_msgs:/home/vvoxel/ros2_ws_mgr/install/mtracker:/home/vvoxel/ros2_ws_mgr/install/g2o:/home/vvoxel/ros2_ws_mgr/install/apriltag_ros:/home/vvoxel/ros2_ws_mgr/install/apriltag_msgs:/home/vvoxel/ros2_ws_mgr/install/apriltag:/home/vvoxel/ros2_ws_mgr/install/anglecalc:/opt/ros/jazzy/opt/gz_sim_vendor:/opt/ros/jazzy/opt/gz_sensors_vendor:/opt/ros/jazzy/opt/gz_physics_vendor:/opt/ros/jazzy/opt/sdformat_vendor:/opt/ros/jazzy/opt/gz_gui_vendor:/opt/ros/jazzy/opt/gz_transport_vendor:/opt/ros/jazzy/opt/gz_rendering_vendor:/opt/ros/jazzy/opt/gz_plugin_vendor:/opt/ros/jazzy/opt/gz_fuel_tools_vendor:/opt/ros/jazzy/opt/gz_msgs_vendor:/opt/ros/jazzy/opt/gz_common_vendor:/opt/ros/jazzy/opt/gz_math_vendor:/opt/ros/jazzy/opt/gz_utils_vendor:/opt/ros/jazzy/opt/gz_tools_vendor:/opt/ros/jazzy/opt/gz_ogre_next_vendor:/opt/ros/jazzy/opt/gz_dartsim_vendor:/opt/ros/jazzy/opt/gz_cmake_vendor DEBUGINFOD_URLS=https://debuginfod.ubuntu.com /usr/bin/cmake --install /home/vvoxel/ros2_ws_mgr/build/mtracker
