[0.052s] Invoking command in '/home/vvoxel/ros2_ws_mgr/build/apriltag_msgs': CMAKE_PREFIX_PATH=/home/vvoxel/ros2_ws_mgr/install/g2o_driver:/home/vvoxel/ros2_ws_mgr/install/test_ros_gz_bridge:/home/vvoxel/ros2_ws_mgr/install/sim_launcher:/opt/ros/jazzy:/home/vvoxel/ros2_ws_mgr/install/slam:/home/vvoxel/ros2_ws_mgr/install/ros_gz:/home/vvoxel/ros2_ws_mgr/install/ros_gz_sim_demos:/home/vvoxel/ros2_ws_mgr/install/ros_gz_sim:/home/vvoxel/ros2_ws_mgr/install/ros_gz_image:/home/vvoxel/ros2_ws_mgr/install/ros_gz_bridge:/home/vvoxel/ros2_ws_mgr/install/ros_gz_interfaces:/home/vvoxel/ros2_ws_mgr/install/realsense2_description:/home/vvoxel/ros2_ws_mgr/install/realsense2_camera:/home/vvoxel/ros2_ws_mgr/install/realsense2_camera_msgs:/home/vvoxel/ros2_ws_mgr/install/mtracker:/home/vvoxel/ros2_ws_mgr/install/g2o:/home/vvoxel/ros2_ws_mgr/install/apriltag_ros:/home/vvoxel/ros2_ws_mgr/install/apriltag_msgs:/home/vvoxel/ros2_ws_mgr/install/apriltag:/home/vvoxel/ros2_ws_mgr/install/anglecalc:/opt/ros/jazzy/opt/gz_sim_vendor:/opt/ros/jazzy/opt/gz_sensors_vendor:/opt/ros/jazzy/opt/gz_physics_vendor:/opt/ros/jazzy/opt/sdformat_vendor:/opt/ros/jazzy/opt/gz_gui_vendor:/opt/ros/jazzy/opt/gz_transport_vendor:/opt/ros/jazzy/opt/gz_rendering_vendor:/opt/ros/jazzy/opt/gz_plugin_vendor:/opt/ros/jazzy/opt/gz_fuel_tools_vendor:/opt/ros/jazzy/opt/gz_msgs_vendor:/opt/ros/jazzy/opt/gz_common_vendor:/opt/ros/jazzy/opt/gz_math_vendor:/opt/ros/jazzy/opt/gz_utils_vendor:/opt/ros/jazzy/opt/gz_tools_vendor:/opt/ros/jazzy/opt/gz_ogre_next_vendor:/opt/ros/jazzy/opt/gz_dartsim_vendor:/opt/ros/jazzy/opt/gz_cmake_vendor DEBUGINFOD_URLS=https://debuginfod.ubuntu.com /usr/bin/cmake --build /home/vvoxel/ros2_ws_mgr/build/apriltag_msgs -- -j8 -l8
[0.163s] [  1%] Built target apriltag_msgs__rosidl_generator_type_description
[0.245s] [  1%] Built target ament_cmake_python_symlink_apriltag_msgs
[0.297s] [  3%] Built target apriltag_msgs__cpp
[0.322s] [ 24%] Built target apriltag_msgs__rosidl_generator_c
[0.444s] [ 33%] Built target apriltag_msgs__rosidl_typesupport_fastrtps_cpp
[0.475s] [ 42%] Built target apriltag_msgs__rosidl_typesupport_c
[0.493s] [ 51%] Built target apriltag_msgs__rosidl_typesupport_introspection_cpp
[0.498s] [ 61%] Built target apriltag_msgs__rosidl_typesupport_fastrtps_c
[0.499s] [ 70%] Built target apriltag_msgs__rosidl_typesupport_cpp
[0.509s] [ 79%] Built target apriltag_msgs__rosidl_typesupport_introspection_c
[0.639s] [ 79%] Built target apriltag_msgs
[0.722s] [ 81%] Built target apriltag_msgs__py
[0.825s] [ 88%] Built target apriltag_msgs__rosidl_generator_py
[0.923s] [ 92%] Built target apriltag_msgs_s__rosidl_typesupport_fastrtps_c
[0.946s] [ 96%] Built target apriltag_msgs_s__rosidl_typesupport_introspection_c
[0.972s] [100%] Built target apriltag_msgs_s__rosidl_typesupport_c
[1.019s] running egg_info
[1.079s] writing apriltag_msgs.egg-info/PKG-INFO
[1.079s] writing dependency_links to apriltag_msgs.egg-info/dependency_links.txt
[1.080s] writing top-level names to apriltag_msgs.egg-info/top_level.txt
[1.238s] reading manifest file 'apriltag_msgs.egg-info/SOURCES.txt'
[1.240s] writing manifest file 'apriltag_msgs.egg-info/SOURCES.txt'
[1.325s] [100%] Built target ament_cmake_python_build_apriltag_msgs_egg
