[  1%] Built target freeglut_minimal
[  4%] Built target stuff
[  5%] Built target parser_library
[  6%] Built target opengl_helper
[  6%] Built target logging_application
[  7%] Built target interface_library
[  8%] Built target csparse_extension
[ 16%] Built target core
[ 17%] Built target solver_pcg
[ 17%] Built target solver_eigen
[ 18%] Built target solver_csparse
[ 20%] Built target g2o_cli_library
[ 21%] Built target solver_structure_only
[ 22%] Built target solver_dense
[ 27%] Built target types_slam2d
[ 33%] Built target types_slam3d
[ 36%] Built target g2o_hierarchical_library
[ 37%] Built target solver_cholmod
[ 37%] Built target g2o_cli_application
[ 38%] Built target polynomial_fit
[ 38%] Built target static_dynamic_function_fit
[ 38%] Built target constant_velocity_target
[ 43%] Built target viewer_library
[ 44%] Built target static_target
[ 45%] Built target create_sphere
[ 48%] Built target tutorial_slam2d_library
[ 49%] Built target g2o_anonymize_observations_application
[ 49%] Built target simple_optimize
[ 50%] Built target g2o_interactive_library
[ 50%] Built target g2o_hierarchical_application
[ 52%] Built target slam2d_g2o
[ 56%] Built target types_slam3d_addons
[ 56%] Built target g2o_viewer
[ 60%] Built target types_slam2d_addons
[ 63%] Built target types_data
[ 65%] Built target types_sclam2d
[ 66%] Built target circle_fit
[ 67%] Built target solver_slam2d_linear
[ 68%] Built target curve_fit
[ 75%] Built target types_sba
[ 76%] Built target simulator_3d_line
[ 76%] Built target bal_example
[ 77%] Built target g2o_online_application
[ 79%] Built target g2o_incremental_library
[ 78%] Built target tutorial_slam2d
[ 80%] Built target simulator_3d_plane
[ 81%] Built target convertSegmentLine_application
[ 81%] Built target types_icp
[ 83%] Built target calibration_odom_laser_library
[ 84%] Built target types_sim3
[ 84%] Built target ba_anchored_inverse_depth_demo
[ 85%] Built target ba_demo
[ 93%] Built target convert_sba_slam3d
[ 92%] Built target g2o_simulator_library
[ 93%] Built target g2o_incremental_application
[ 94%] Built target gicp_sba_demo
[ 95%] Built target gicp_demo
[ 96%] Built target optimize_sphere_by_sim3
[ 96%] Built target g2o_simulator3d_application
[ 97%] Built target sba_demo
[ 98%] Built target sclam_odom_laser
[ 99%] Built target g2o_simulator2d_application
[100%] Built target sclam_pure_calibration
[100%] Built target sclam_laser_calib
