[0.049s] Invoking command in '/home/vvoxel/ros2_ws_mgr/build/g2o': DEBUGINFOD_URLS=https://debuginfod.ubuntu.com /usr/bin/cmake --build /home/vvoxel/ros2_ws_mgr/build/g2o -- -j8 -l8
[0.303s] [  1%] Built target freeglut_minimal
[0.303s] [  4%] Built target stuff
[0.304s] [  5%] Built target parser_library
[0.304s] [  6%] Built target opengl_helper
[0.398s] [  6%] Built target logging_application
[0.418s] [  7%] Built target interface_library
[0.438s] [  8%] Built target csparse_extension
[0.513s] [ 16%] Built target core
[0.645s] [ 17%] Built target solver_pcg
[0.648s] [ 17%] Built target solver_eigen
[0.649s] [ 18%] Built target solver_csparse
[0.656s] [ 20%] Built target g2o_cli_library
[0.670s] [ 21%] Built target solver_structure_only
[0.675s] [ 22%] Built target solver_dense
[0.711s] [ 27%] Built target types_slam2d
[0.724s] [ 33%] Built target types_slam3d
[0.733s] [ 36%] Built target g2o_hierarchical_library
[0.762s] [ 37%] Built target solver_cholmod
[0.776s] [ 37%] Built target g2o_cli_application
[0.800s] [ 38%] Built target polynomial_fit
[0.802s] [ 38%] Built target static_dynamic_function_fit
[0.827s] [ 38%] Built target constant_velocity_target
[0.852s] [ 43%] Built target viewer_library
[0.876s] [ 44%] Built target static_target
[0.877s] [ 45%] Built target create_sphere
[0.894s] [ 48%] Built target tutorial_slam2d_library
[0.897s] [ 49%] Built target g2o_anonymize_observations_application
[0.933s] [ 49%] Built target simple_optimize
[0.939s] [ 50%] Built target g2o_interactive_library
[0.968s] [ 50%] Built target g2o_hierarchical_application
[1.000s] [ 52%] Built target slam2d_g2o
[1.004s] [ 56%] Built target types_slam3d_addons
[1.021s] [ 56%] Built target g2o_viewer
[1.034s] [ 60%] Built target types_slam2d_addons
[1.053s] [ 63%] Built target types_data
[1.061s] [ 65%] Built target types_sclam2d
[1.085s] [ 66%] Built target circle_fit
[1.092s] [ 67%] Built target solver_slam2d_linear
[1.106s] [ 68%] Built target curve_fit
[1.107s] [ 75%] Built target types_sba
[1.155s] [ 76%] Built target simulator_3d_line
[1.157s] [ 76%] Built target bal_example
[1.176s] [ 77%] Built target g2o_online_application
[1.177s] [ 79%] Built target g2o_incremental_library
[1.182s] [ 78%] Built target tutorial_slam2d
[1.186s] [ 80%] Built target simulator_3d_plane
[1.205s] [ 81%] Built target convertSegmentLine_application
[1.258s] [ 81%] Built target types_icp
[1.270s] [ 83%] Built target calibration_odom_laser_library
[1.271s] [ 84%] Built target types_sim3
[1.273s] [ 84%] Built target ba_anchored_inverse_depth_demo
[1.283s] [ 85%] Built target ba_demo
[1.285s] [ 93%] Built target convert_sba_slam3d
[1.286s] [ 92%] Built target g2o_simulator_library
[1.339s] [ 93%] Built target g2o_incremental_application
[1.356s] [ 94%] Built target gicp_sba_demo
[1.356s] [ 95%] Built target gicp_demo
[1.371s] [ 96%] Built target optimize_sphere_by_sim3
[1.376s] [ 96%] Built target g2o_simulator3d_application
[1.384s] [ 97%] Built target sba_demo
[1.386s] [ 98%] Built target sclam_odom_laser
[1.389s] [ 99%] Built target g2o_simulator2d_application
[1.405s] [100%] Built target sclam_pure_calibration
[1.414s] [100%] Built target sclam_laser_calib
