[0.112s] Invoking command in '/home/vvoxel/ros2_ws_mgr/src/build/g2o': DEBUGINFOD_URLS=https://debuginfod.ubuntu.com /usr/bin/cmake --build /home/vvoxel/ros2_ws_mgr/src/build/g2o -- -j8 -l8
[0.650s] [  1%] Built target freeglut_minimal
[0.656s] [  2%] Built target parser_library
[0.706s] [  3%] Built target opengl_helper
[0.762s] [  6%] Built target stuff
[0.954s] [  7%] Built target interface_library
[1.025s] [  8%] Built target csparse_extension
[1.137s] [  8%] Built target logging_application
[1.208s] [ 16%] Built target core
[1.712s] [ 18%] Built target g2o_cli_library
[1.788s] [ 19%] Built target solver_structure_only
[1.788s] [ 20%] Built target solver_eigen
[1.788s] [ 20%] Built target solver_pcg
[1.794s] [ 21%] Built target solver_dense
[1.852s] [ 22%] Built target solver_csparse
[1.853s] [ 28%] Built target types_slam3d
[1.885s] [ 33%] Built target types_slam2d
[2.079s] [ 34%] Built target static_target
[2.085s] [ 34%] Built target static_dynamic_function_fit
[2.100s] [ 35%] Built target solver_cholmod
[2.128s] [ 35%] Built target g2o_cli_application
[2.129s] [ 36%] Built target polynomial_fit
[2.137s] [ 36%] Built target constant_velocity_target
[2.167s] [ 39%] Built target g2o_hierarchical_library
[2.241s] [ 44%] Built target viewer_library
[2.298s] [ 45%] Built target create_sphere
[2.309s] [ 46%] Built target g2o_anonymize_observations_application
[2.325s] [ 47%] Built target g2o_interactive_library
[2.342s] [ 47%] Built target simple_optimize
[2.362s] [ 50%] Built target tutorial_slam2d_library
[2.540s] [ 52%] Built target slam2d_g2o
[2.559s] [ 52%] Built target g2o_viewer
[2.563s] [ 56%] Built target types_slam3d_addons
[2.565s] [ 60%] Built target types_slam2d_addons
[2.595s] [ 62%] Built target types_sclam2d
[2.608s] [ 65%] Built target types_data
[2.662s] [ 66%] Built target solver_slam2d_linear
[2.728s] [ 67%] Built target curve_fit
[2.733s] [ 68%] Built target tutorial_slam2d
[2.783s] [ 69%] Built target circle_fit
[2.794s] [ 76%] Built target types_sba
[2.819s] [ 78%] Built target simulator_3d_plane
[2.820s] [ 78%] Built target simulator_3d_line
[2.849s] [ 78%] Built target bal_example
[2.929s] [ 79%] Built target g2o_incremental_library
[2.947s] [ 79%] Built target g2o_hierarchical_application
[2.999s] [ 80%] Built target g2o_online_application
[2.999s] [ 81%] Built target types_sim3
[3.007s] [ 81%] Built target types_icp
[3.029s] [ 82%] Built target convertSegmentLine_application
[3.036s] [ 84%] Built target calibration_odom_laser_library
[3.089s] [ 85%] Built target ba_demo
[3.138s] [ 92%] Built target g2o_simulator_library
[3.177s] [ 92%] Built target g2o_incremental_application
[3.197s] [ 92%] Built target ba_anchored_inverse_depth_demo
[3.212s] [ 93%] Built target convert_sba_slam3d
[3.223s] [ 94%] Built target gicp_demo
[3.234s] [ 95%] Built target gicp_sba_demo
[3.240s] [ 96%] Built target optimize_sphere_by_sim3
[3.309s] [ 97%] Built target sba_demo
[3.353s] [ 97%] Built target g2o_simulator3d_application
[3.356s] [ 98%] Built target sclam_odom_laser
[3.379s] [ 99%] Built target sclam_pure_calibration
[3.384s] [100%] Built target g2o_simulator2d_application
[3.407s] [100%] Built target sclam_laser_calib
[3.537s] Invoked command in '/home/vvoxel/ros2_ws_mgr/src/build/g2o' returned '0': DEBUGINFOD_URLS=https://debuginfod.ubuntu.com /usr/bin/cmake --build /home/vvoxel/ros2_ws_mgr/src/build/g2o -- -j8 -l8
[3.543s] Invoking command in '/home/vvoxel/ros2_ws_mgr/src/build/g2o': DEBUGINFOD_URLS=https://debuginfod.ubuntu.com /usr/bin/cmake --install /home/vvoxel/ros2_ws_mgr/src/build/g2o
[3.761s] -- Install configuration: "Release"
[3.761s] -- Up-to-date: /home/vvoxel/ros2_ws_mgr/src/install/g2o/include/g2o/config.h
[3.761s] -- Up-to-date: /home/vvoxel/ros2_ws_mgr/src/install/g2o/lib/cmake/g2o/g2oConfig.cmake
[3.761s] -- Up-to-date: /home/vvoxel/ros2_ws_mgr/src/install/g2o/lib/cmake/g2o/g2oConfigVersion.cmake
[3.762s] -- Up-to-date: /home/vvoxel/ros2_ws_mgr/src/install/g2o/lib/cmake/g2o/g2oTargets.cmake
[3.762s] -- Up-to-date: /home/vvoxel/ros2_ws_mgr/src/install/g2o/lib/cmake/g2o/g2oTargets-release.cmake
[3.762s] -- Up-to-date: /home/vvoxel/ros2_ws_mgr/src/install/g2o/lib/libg2o_ext_freeglut_minimal.so.0.2.0
[3.762s] -- Up-to-date: /home/vvoxel/ros2_ws_mgr/src/install/g2o/lib/libg2o_ext_freeglut_minimal.so.0.2
[3.763s] -- Up-to-date: /home/vvoxel/ros2_ws_mgr/src/install/g2o/lib/libg2o_ext_freeglut_minimal.so
[3.763s] -- Up-to-date: /home/vvoxel/ros2_ws_mgr/src/install/g2o/include/g2o/EXTERNAL/freeglut/freeglut_minimal.h
[3.763s] -- Up-to-date: /home/vvoxel/ros2_ws_mgr/src/install/g2o/include/g2o/autodiff/array_selector.h
[3.763s] -- Up-to-date: /home/vvoxel/ros2_ws_mgr/src/install/g2o/include/g2o/autodiff/autodiff.h
[3.765s] -- Up-to-date: /home/vvoxel/ros2_ws_mgr/src/install/g2o/include/g2o/autodiff/disable_warnings.h
[3.766s] -- Up-to-date: /home/vvoxel/ros2_ws_mgr/src/install/g2o/include/g2o/autodiff/eigen.h
[3.766s] -- Up-to-date: /home/vvoxel/ros2_ws_mgr/src/install/g2o/include/g2o/autodiff/fixed_array.h
[3.766s] -- Up-to-date: /home/vvoxel/ros2_ws_mgr/src/install/g2o/include/g2o/autodiff/integer_sequence_algorithm.h
[3.766s] -- Up-to-date: /home/vvoxel/ros2_ws_mgr/src/install/g2o/include/g2o/autodiff/jet.h
[3.766s] -- Up-to-date: /home/vvoxel/ros2_ws_mgr/src/install/g2o/include/g2o/autodiff/memory.h
[3.767s] -- Up-to-date: /home/vvoxel/ros2_ws_mgr/src/install/g2o/include/g2o/autodiff/parameter_dims.h
[3.767s] -- Up-to-date: /home/vvoxel/ros2_ws_mgr/src/install/g2o/include/g2o/autodiff/reenable_warnings.h
[3.767s] -- Up-to-date: /home/vvoxel/ros2_ws_mgr/src/install/g2o/include/g2o/autodiff/types.h
[3.767s] -- Up-to-date: /home/vvoxel/ros2_ws_mgr/src/install/g2o/include/g2o/autodiff/variadic_evaluate.h
[3.767s] -- Up-to-date: /home/vvoxel/ros2_ws_mgr/src/install/g2o/include/g2o/autodiff/LICENSE
[3.772s] -- Up-to-date: /home/vvoxel/ros2_ws_mgr/src/install/g2o/lib/libg2o_stuff.so.0.2.0
[3.772s] -- Up-to-date: /home/vvoxel/ros2_ws_mgr/src/install/g2o/lib/libg2o_stuff.so.0.2
[3.780s] -- Up-to-date: /home/vvoxel/ros2_ws_mgr/src/install/g2o/lib/libg2o_stuff.so
[3.780s] -- Up-to-date: /home/vvoxel/ros2_ws_mgr/src/install/g2o/lib/libg2o_opengl_helper.so.0.2.0
[3.792s] -- Up-to-date: /home/vvoxel/ros2_ws_mgr/src/install/g2o/lib/libg2o_opengl_helper.so.0.2
[3.793s] -- Up-to-date: /home/vvoxel/ros2_ws_mgr/src/install/g2o/lib/libg2o_opengl_helper.so
[3.793s] -- Up-to-date: /home/vvoxel/ros2_ws_mgr/src/install/g2o/include/g2o/stuff/color_macros.h
[3.793s] -- Up-to-date: /home/vvoxel/ros2_ws_mgr/src/install/g2o/include/g2o/stuff/command_args.h
[3.793s] -- Up-to-date: /home/vvoxel/ros2_ws_mgr/src/install/g2o/include/g2o/stuff/filesys_tools.h
[3.794s] -- Up-to-date: /home/vvoxel/ros2_ws_mgr/src/install/g2o/include/g2o/stuff/g2o_stuff_api.h
[3.794s] -- Up-to-date: /home/vvoxel/ros2_ws_mgr/src/install/g2o/include/g2o/stuff/logger.h
[3.794s] -- Up-to-date: /home/vvoxel/ros2_ws_mgr/src/install/g2o/include/g2o/stuff/logger_format.h
[3.794s] -- Up-to-date: /home/vvoxel/ros2_ws_mgr/src/install/g2o/include/g2o/stuff/macros.h
[3.795s] -- Up-to-date: /home/vvoxel/ros2_ws_mgr/src/install/g2o/include/g2o/stuff/misc.h
[3.795s] -- Up-to-date: /home/vvoxel/ros2_ws_mgr/src/install/g2o/include/g2o/stuff/opengl_primitives.h
[3.801s] -- Up-to-date: /home/vvoxel/ros2_ws_mgr/src/install/g2o/include/g2o/stuff/opengl_wrapper.h
[3.802s] -- Up-to-date: /home/vvoxel/ros2_ws_mgr/src/install/g2o/include/g2o/stuff/property.h
[3.802s] -- Up-to-date: /home/vvoxel/ros2_ws_mgr/src/install/g2o/include/g2o/stuff/sampler.h
[3.802s] -- Up-to-date: /home/vvoxel/ros2_ws_mgr/src/install/g2o/include/g2o/stuff/sparse_helper.h
[3.805s] -- Up-to-date: /home/vvoxel/ros2_ws_mgr/src/install/g2o/include/g2o/stuff/string_tools.h
[3.806s] -- Up-to-date: /home/vvoxel/ros2_ws_mgr/src/install/g2o/include/g2o/stuff/tictoc.h
[3.806s] -- Up-to-date: /home/vvoxel/ros2_ws_mgr/src/install/g2o/include/g2o/stuff/timeutil.h
[3.807s] -- Up-to-date: /home/vvoxel/ros2_ws_mgr/src/install/g2o/include/g2o/stuff/tuple_tools.h
[3.807s] -- Up-to-date: /home/vvoxel/ros2_ws_mgr/src/install/g2o/include/g2o/stuff/unscented.h
[3.807s] -- Up-to-date: /home/vvoxel/ros2_ws_mgr/src/install/g2o/lib/libg2o_core.so.0.2.0
[3.807s] -- Up-to-date: /home/vvoxel/ros2_ws_mgr/src/install/g2o/lib/libg2o_core.so.0.2
[3.808s] -- Up-to-date: /home/vvoxel/ros2_ws_mgr/src/install/g2o/lib/libg2o_core.so
[3.808s] -- Up-to-date: /home/vvoxel/ros2_ws_mgr/src/install/g2o/include/g2o/core/auto_differentiation.h
[3.817s] -- Up-to-date: /home/vvoxel/ros2_ws_mgr/src/install/g2o/include/g2o/core/base_binary_edge.h
[3.818s] -- Up-to-date: /home/vvoxel/ros2_ws_mgr/src/install/g2o/include/g2o/core/base_dynamic_vertex.h
[3.818s] -- Up-to-date: /home/vvoxel/ros2_ws_mgr/src/install/g2o/include/g2o/core/base_edge.h
[3.820s] -- Up-to-date: /home/vvoxel/ros2_ws_mgr/src/install/g2o/include/g2o/core/base_fixed_sized_edge.h
[3.822s] -- Up-to-date: /home/vvoxel/ros2_ws_mgr/src/install/g2o/include/g2o/core/base_fixed_sized_edge.hpp
[3.822s] -- Up-to-date: /home/vvoxel/ros2_ws_mgr/src/install/g2o/include/g2o/core/base_multi_edge.h
[3.823s] -- Up-to-date: /home/vvoxel/ros2_ws_mgr/src/install/g2o/include/g2o/core/base_unary_edge.h
[3.826s] -- Up-to-date: /home/vvoxel/ros2_ws_mgr/src/install/g2o/include/g2o/core/base_variable_sized_edge.h
[3.826s] -- Up-to-date: /home/vvoxel/ros2_ws_mgr/src/install/g2o/include/g2o/core/base_variable_sized_edge.hpp
[3.827s] -- Up-to-date: /home/vvoxel/ros2_ws_mgr/src/install/g2o/include/g2o/core/base_vertex.h
[3.829s] -- Up-to-date: /home/vvoxel/ros2_ws_mgr/src/install/g2o/include/g2o/core/base_vertex.hpp
[3.829s] -- Up-to-date: /home/vvoxel/ros2_ws_mgr/src/install/g2o/include/g2o/core/batch_stats.h
[3.829s] -- Up-to-date: /home/vvoxel/ros2_ws_mgr/src/install/g2o/include/g2o/core/block_solver.h
[3.829s] -- Up-to-date: /home/vvoxel/ros2_ws_mgr/src/install/g2o/include/g2o/core/block_solver.hpp
[3.830s] -- Up-to-date: /home/vvoxel/ros2_ws_mgr/src/install/g2o/include/g2o/core/cache.h
[3.830s] -- Up-to-date: /home/vvoxel/ros2_ws_mgr/src/install/g2o/include/g2o/core/creators.h
[3.830s] -- Up-to-date: /home/vvoxel/ros2_ws_mgr/src/install/g2o/include/g2o/core/dynamic_aligned_buffer.hpp
[3.830s] -- Up-to-date: /home/vvoxel/ros2_ws_mgr/src/install/g2o/include/g2o/core/eigen_types.h
[3.830s] -- Up-to-date: /home/vvoxel/ros2_ws_mgr/src/install/g2o/include/g2o/core/estimate_propagator.h
[3.831s] -- Up-to-date: /home/vvoxel/ros2_ws_mgr/src/install/g2o/include/g2o/core/factory.h
[3.831s] -- Up-to-date: /home/vvoxel/ros2_ws_mgr/src/install/g2o/include/g2o/core/g2o_core_api.h
[3.831s] -- Up-to-date: /home/vvoxel/ros2_ws_mgr/src/install/g2o/include/g2o/core/hyper_dijkstra.h
[3.831s] -- Up-to-date: /home/vvoxel/ros2_ws_mgr/src/install/g2o/include/g2o/core/hyper_graph.h
[3.831s] -- Up-to-date: /home/vvoxel/ros2_ws_mgr/src/install/g2o/include/g2o/core/hyper_graph_action.h
[3.832s] -- Up-to-date: /home/vvoxel/ros2_ws_mgr/src/install/g2o/include/g2o/core/io_helper.h
[3.832s] -- Up-to-date: /home/vvoxel/ros2_ws_mgr/src/install/g2o/include/g2o/core/jacobian_workspace.h
[3.832s] -- Up-to-date: /home/vvoxel/ros2_ws_mgr/src/install/g2o/include/g2o/core/linear_solver.h
[3.832s] -- Up-to-date: /home/vvoxel/ros2_ws_mgr/src/install/g2o/include/g2o/core/marginal_covariance_cholesky.h
[3.833s] -- Up-to-date: /home/vvoxel/ros2_ws_mgr/src/install/g2o/include/g2o/core/matrix_operations.h
[3.834s] -- Up-to-date: /home/vvoxel/ros2_ws_mgr/src/install/g2o/include/g2o/core/matrix_structure.h
[3.835s] -- Up-to-date: /home/vvoxel/ros2_ws_mgr/src/install/g2o/include/g2o/core/openmp_mutex.h
[3.835s] -- Up-to-date: /home/vvoxel/ros2_ws_mgr/src/install/g2o/include/g2o/core/optimizable_graph.h
[3.836s] -- Up-to-date: /home/vvoxel/ros2_ws_mgr/src/install/g2o/include/g2o/core/optimization_algorithm.h
[3.836s] -- Up-to-date: /home/vvoxel/ros2_ws_mgr/src/install/g2o/include/g2o/core/optimization_algorithm_dogleg.h
[3.836s] -- Up-to-date: /home/vvoxel/ros2_ws_mgr/src/install/g2o/include/g2o/core/optimization_algorithm_factory.h
[3.836s] -- Up-to-date: /home/vvoxel/ros2_ws_mgr/src/install/g2o/include/g2o/core/optimization_algorithm_gauss_newton.h
[3.837s] -- Up-to-date: /home/vvoxel/ros2_ws_mgr/src/install/g2o/include/g2o/core/optimization_algorithm_levenberg.h
[3.837s] -- Up-to-date: /home/vvoxel/ros2_ws_mgr/src/install/g2o/include/g2o/core/optimization_algorithm_property.h
[3.837s] -- Up-to-date: /home/vvoxel/ros2_ws_mgr/src/install/g2o/include/g2o/core/optimization_algorithm_with_hessian.h
[3.838s] -- Up-to-date: /home/vvoxel/ros2_ws_mgr/src/install/g2o/include/g2o/core/ownership.h
[3.839s] -- Up-to-date: /home/vvoxel/ros2_ws_mgr/src/install/g2o/include/g2o/core/parameter.h
[3.843s] -- Up-to-date: /home/vvoxel/ros2_ws_mgr/src/install/g2o/include/g2o/core/parameter_container.h
[3.844s] -- Up-to-date: /home/vvoxel/ros2_ws_mgr/src/install/g2o/include/g2o/core/robust_kernel.h
[3.844s] -- Up-to-date: /home/vvoxel/ros2_ws_mgr/src/install/g2o/include/g2o/core/robust_kernel_factory.h
[3.849s] -- Up-to-date: /home/vvoxel/ros2_ws_mgr/src/install/g2o/include/g2o/core/robust_kernel_impl.h
[3.849s] -- Up-to-date: /home/vvoxel/ros2_ws_mgr/src/install/g2o/include/g2o/core/solver.h
[3.849s] -- Up-to-date: /home/vvoxel/ros2_ws_mgr/src/install/g2o/include/g2o/core/sparse_block_matrix.h
[3.849s] -- Up-to-date: /home/vvoxel/ros2_ws_mgr/src/install/g2o/include/g2o/core/sparse_block_matrix.hpp
[3.849s] -- Up-to-date: /home/vvoxel/ros2_ws_mgr/src/install/g2o/include/g2o/core/sparse_block_matrix_ccs.h
[3.850s] -- Up-to-date: /home/vvoxel/ros2_ws_mgr/src/install/g2o/include/g2o/core/sparse_block_matrix_diagonal.h
[3.850s] -- Up-to-date: /home/vvoxel/ros2_ws_mgr/src/install/g2o/include/g2o/core/sparse_optimizer.h
[3.850s] -- Up-to-date: /home/vvoxel/ros2_ws_mgr/src/install/g2o/include/g2o/core/sparse_optimizer_terminate_action.h
[3.850s] -- Up-to-date: /home/vvoxel/ros2_ws_mgr/src/install/g2o/lib/libg2o_cli.so.0.2.0
[3.851s] -- Up-to-date: /home/vvoxel/ros2_ws_mgr/src/install/g2o/lib/libg2o_cli.so.0.2
[3.851s] -- Up-to-date: /home/vvoxel/ros2_ws_mgr/src/install/g2o/lib/libg2o_cli.so
[3.851s] -- Up-to-date: /home/vvoxel/ros2_ws_mgr/src/install/g2o/bin/g2o
[3.851s] -- Up-to-date: /home/vvoxel/ros2_ws_mgr/src/install/g2o/include/g2o/apps/g2o_cli/dl_wrapper.h
[3.857s] -- Up-to-date: /home/vvoxel/ros2_ws_mgr/src/install/g2o/include/g2o/apps/g2o_cli/g2o_cli_api.h
[3.862s] -- Up-to-date: /home/vvoxel/ros2_ws_mgr/src/install/g2o/include/g2o/apps/g2o_cli/g2o_common.h
[3.863s] -- Up-to-date: /home/vvoxel/ros2_ws_mgr/src/install/g2o/include/g2o/apps/g2o_cli/output_helper.h
[3.863s] -- Up-to-date: /home/vvoxel/ros2_ws_mgr/src/install/g2o/lib/libg2o_simulator.so.0.2.0
[3.863s] -- Up-to-date: /home/vvoxel/ros2_ws_mgr/src/install/g2o/lib/libg2o_simulator.so.0.2
[3.863s] -- Up-to-date: /home/vvoxel/ros2_ws_mgr/src/install/g2o/lib/libg2o_simulator.so
[3.864s] -- Up-to-date: /home/vvoxel/ros2_ws_mgr/src/install/g2o/bin/g2o_simulator2d
[3.864s] -- Up-to-date: /home/vvoxel/ros2_ws_mgr/src/install/g2o/bin/g2o_simulator3d
[3.864s] -- Up-to-date: /home/vvoxel/ros2_ws_mgr/src/install/g2o/include/g2o/apps/g2o_simulator/g2o_simulator_api.h
[3.864s] -- Up-to-date: /home/vvoxel/ros2_ws_mgr/src/install/g2o/include/g2o/apps/g2o_simulator/pointsensorparameters.h
[3.865s] -- Up-to-date: /home/vvoxel/ros2_ws_mgr/src/install/g2o/include/g2o/apps/g2o_simulator/sensor_line3d.h
[3.865s] -- Up-to-date: /home/vvoxel/ros2_ws_mgr/src/install/g2o/include/g2o/apps/g2o_simulator/sensor_odometry.h
[3.866s] -- Up-to-date: /home/vvoxel/ros2_ws_mgr/src/install/g2o/include/g2o/apps/g2o_simulator/sensor_odometry2d.h
[3.868s] -- Up-to-date: /home/vvoxel/ros2_ws_mgr/src/install/g2o/include/g2o/apps/g2o_simulator/sensor_odometry3d.h
[3.869s] -- Up-to-date: /home/vvoxel/ros2_ws_mgr/src/install/g2o/include/g2o/apps/g2o_simulator/sensor_pointxy.h
[3.871s] -- Up-to-date: /home/vvoxel/ros2_ws_mgr/src/install/g2o/include/g2o/apps/g2o_simulator/sensor_pointxy_bearing.h
[3.871s] -- Up-to-date: /home/vvoxel/ros2_ws_mgr/src/install/g2o/include/g2o/apps/g2o_simulator/sensor_pointxy_offset.h
[3.882s] -- Up-to-date: /home/vvoxel/ros2_ws_mgr/src/install/g2o/include/g2o/apps/g2o_simulator/sensor_pointxyz.h
[3.883s] -- Up-to-date: /home/vvoxel/ros2_ws_mgr/src/install/g2o/include/g2o/apps/g2o_simulator/sensor_pointxyz_depth.h
[3.884s] -- Up-to-date: /home/vvoxel/ros2_ws_mgr/src/install/g2o/include/g2o/apps/g2o_simulator/sensor_pointxyz_disparity.h
[3.886s] -- Up-to-date: /home/vvoxel/ros2_ws_mgr/src/install/g2o/include/g2o/apps/g2o_simulator/sensor_pose2d.h
[3.890s] -- Up-to-date: /home/vvoxel/ros2_ws_mgr/src/install/g2o/include/g2o/apps/g2o_simulator/sensor_pose3d.h
[3.891s] -- Up-to-date: /home/vvoxel/ros2_ws_mgr/src/install/g2o/include/g2o/apps/g2o_simulator/sensor_pose3d_offset.h
[3.892s] -- Up-to-date: /home/vvoxel/ros2_ws_mgr/src/install/g2o/include/g2o/apps/g2o_simulator/sensor_se3_prior.h
[3.892s] -- Up-to-date: /home/vvoxel/ros2_ws_mgr/src/install/g2o/include/g2o/apps/g2o_simulator/sensor_segment2d.h
[3.895s] -- Up-to-date: /home/vvoxel/ros2_ws_mgr/src/install/g2o/include/g2o/apps/g2o_simulator/sensor_segment2d_line.h
[3.896s] -- Up-to-date: /home/vvoxel/ros2_ws_mgr/src/install/g2o/include/g2o/apps/g2o_simulator/sensor_segment2d_pointline.h
[3.899s] -- Up-to-date: /home/vvoxel/ros2_ws_mgr/src/install/g2o/include/g2o/apps/g2o_simulator/simulator.h
[3.900s] -- Up-to-date: /home/vvoxel/ros2_ws_mgr/src/install/g2o/include/g2o/apps/g2o_simulator/simulator2d.h
[3.900s] -- Up-to-date: /home/vvoxel/ros2_ws_mgr/src/install/g2o/include/g2o/apps/g2o_simulator/simulator2d_base.h
[3.905s] -- Up-to-date: /home/vvoxel/ros2_ws_mgr/src/install/g2o/include/g2o/apps/g2o_simulator/simulator3d.h
[3.906s] -- Up-to-date: /home/vvoxel/ros2_ws_mgr/src/install/g2o/include/g2o/apps/g2o_simulator/simulator3d_base.h
[3.906s] -- Up-to-date: /home/vvoxel/ros2_ws_mgr/src/install/g2o/include/g2o/apps/g2o_simulator/simutils.h
[3.909s] -- Up-to-date: /home/vvoxel/ros2_ws_mgr/src/install/g2o/lib/libg2o_viewer.so.0.2.0
[3.910s] -- Up-to-date: /home/vvoxel/ros2_ws_mgr/src/install/g2o/lib/libg2o_viewer.so.0.2
[3.910s] -- Up-to-date: /home/vvoxel/ros2_ws_mgr/src/install/g2o/lib/libg2o_viewer.so
[3.910s] -- Up-to-date: /home/vvoxel/ros2_ws_mgr/src/install/g2o/bin/g2o_viewer
[3.913s] -- Up-to-date: /home/vvoxel/ros2_ws_mgr/src/install/g2o/include/g2o/apps/g2o_viewer/g2o_qglviewer.h
[3.914s] -- Up-to-date: /home/vvoxel/ros2_ws_mgr/src/install/g2o/include/g2o/apps/g2o_viewer/g2o_viewer_api.h
[3.915s] -- Up-to-date: /home/vvoxel/ros2_ws_mgr/src/install/g2o/include/g2o/apps/g2o_viewer/gui_hyper_graph_action.h
[3.915s] -- Up-to-date: /home/vvoxel/ros2_ws_mgr/src/install/g2o/include/g2o/apps/g2o_viewer/main_window.h
[3.920s] -- Up-to-date: /home/vvoxel/ros2_ws_mgr/src/install/g2o/include/g2o/apps/g2o_viewer/properties_widget.h
[3.920s] -- Up-to-date: /home/vvoxel/ros2_ws_mgr/src/install/g2o/include/g2o/apps/g2o_viewer/run_g2o_viewer.h
[3.921s] -- Up-to-date: /home/vvoxel/ros2_ws_mgr/src/install/g2o/include/g2o/apps/g2o_viewer/stream_redirect.h
[3.921s] -- Up-to-date: /home/vvoxel/ros2_ws_mgr/src/install/g2o/include/g2o/apps/g2o_viewer/viewer_properties_widget.h
[3.922s] -- Up-to-date: /home/vvoxel/ros2_ws_mgr/src/install/g2o/include/g2o/apps/g2o_viewer/ui_base_main_window.h
[3.922s] -- Up-to-date: /home/vvoxel/ros2_ws_mgr/src/install/g2o/include/g2o/apps/g2o_viewer/ui_base_properties_widget.h
[3.923s] -- Up-to-date: /home/vvoxel/ros2_ws_mgr/src/install/g2o/lib/libg2o_types_slam2d.so.0.2.0
[3.923s] -- Up-to-date: /home/vvoxel/ros2_ws_mgr/src/install/g2o/lib/libg2o_types_slam2d.so.0.2
[3.923s] -- Up-to-date: /home/vvoxel/ros2_ws_mgr/src/install/g2o/lib/libg2o_types_slam2d.so
[3.924s] -- Up-to-date: /home/vvoxel/ros2_ws_mgr/src/install/g2o/include/g2o/types/slam2d/edge_pointxy.h
[3.924s] -- Up-to-date: /home/vvoxel/ros2_ws_mgr/src/install/g2o/include/g2o/types/slam2d/edge_se2.h
[3.924s] -- Up-to-date: /home/vvoxel/ros2_ws_mgr/src/install/g2o/include/g2o/types/slam2d/edge_se2_lotsofxy.h
[3.924s] -- Up-to-date: /home/vvoxel/ros2_ws_mgr/src/install/g2o/include/g2o/types/slam2d/edge_se2_offset.h
[3.925s] -- Up-to-date: /home/vvoxel/ros2_ws_mgr/src/install/g2o/include/g2o/types/slam2d/edge_se2_pointxy.h
[3.926s] -- Up-to-date: /home/vvoxel/ros2_ws_mgr/src/install/g2o/include/g2o/types/slam2d/edge_se2_pointxy_bearing.h
[3.930s] -- Up-to-date: /home/vvoxel/ros2_ws_mgr/src/install/g2o/include/g2o/types/slam2d/edge_se2_pointxy_calib.h
[3.932s] -- Up-to-date: /home/vvoxel/ros2_ws_mgr/src/install/g2o/include/g2o/types/slam2d/edge_se2_pointxy_offset.h
[3.933s] -- Up-to-date: /home/vvoxel/ros2_ws_mgr/src/install/g2o/include/g2o/types/slam2d/edge_se2_prior.h
[3.933s] -- Up-to-date: /home/vvoxel/ros2_ws_mgr/src/install/g2o/include/g2o/types/slam2d/edge_se2_twopointsxy.h
[3.939s] -- Up-to-date: /home/vvoxel/ros2_ws_mgr/src/install/g2o/include/g2o/types/slam2d/edge_se2_xyprior.h
[3.939s] -- Up-to-date: /home/vvoxel/ros2_ws_mgr/src/install/g2o/include/g2o/types/slam2d/edge_xy_prior.h
[3.940s] -- Up-to-date: /home/vvoxel/ros2_ws_mgr/src/install/g2o/include/g2o/types/slam2d/g2o_types_slam2d_api.h
[3.947s] -- Up-to-date: /home/vvoxel/ros2_ws_mgr/src/install/g2o/include/g2o/types/slam2d/parameter_se2_offset.h
[3.949s] -- Up-to-date: /home/vvoxel/ros2_ws_mgr/src/install/g2o/include/g2o/types/slam2d/se2.h
[3.949s] -- Up-to-date: /home/vvoxel/ros2_ws_mgr/src/install/g2o/include/g2o/types/slam2d/types_slam2d.h
[3.949s] -- Up-to-date: /home/vvoxel/ros2_ws_mgr/src/install/g2o/include/g2o/types/slam2d/vertex_point_xy.h
[3.949s] -- Up-to-date: /home/vvoxel/ros2_ws_mgr/src/install/g2o/include/g2o/types/slam2d/vertex_se2.h
[3.949s] -- Up-to-date: /home/vvoxel/ros2_ws_mgr/src/install/g2o/lib/libg2o_types_slam2d_addons.so.0.2.0
[3.950s] -- Up-to-date: /home/vvoxel/ros2_ws_mgr/src/install/g2o/lib/libg2o_types_slam2d_addons.so.0.2
[3.950s] -- Up-to-date: /home/vvoxel/ros2_ws_mgr/src/install/g2o/lib/libg2o_types_slam2d_addons.so
[3.950s] -- Up-to-date: /home/vvoxel/ros2_ws_mgr/src/install/g2o/include/g2o/types/slam2d_addons/edge_line2d.h
[3.950s] -- Up-to-date: /home/vvoxel/ros2_ws_mgr/src/install/g2o/include/g2o/types/slam2d_addons/edge_line2d_pointxy.h
[3.950s] -- Up-to-date: /home/vvoxel/ros2_ws_mgr/src/install/g2o/include/g2o/types/slam2d_addons/edge_se2_line2d.h
[3.950s] -- Up-to-date: /home/vvoxel/ros2_ws_mgr/src/install/g2o/include/g2o/types/slam2d_addons/edge_se2_segment2d.h
[3.950s] -- Up-to-date: /home/vvoxel/ros2_ws_mgr/src/install/g2o/include/g2o/types/slam2d_addons/edge_se2_segment2d_line.h
[3.951s] -- Up-to-date: /home/vvoxel/ros2_ws_mgr/src/install/g2o/include/g2o/types/slam2d_addons/edge_se2_segment2d_pointLine.h
[3.951s] -- Up-to-date: /home/vvoxel/ros2_ws_mgr/src/install/g2o/include/g2o/types/slam2d_addons/g2o_types_slam2d_addons_api.h
[3.951s] -- Up-to-date: /home/vvoxel/ros2_ws_mgr/src/install/g2o/include/g2o/types/slam2d_addons/line_2d.h
[3.951s] -- Up-to-date: /home/vvoxel/ros2_ws_mgr/src/install/g2o/include/g2o/types/slam2d_addons/types_slam2d_addons.h
[3.951s] -- Up-to-date: /home/vvoxel/ros2_ws_mgr/src/install/g2o/include/g2o/types/slam2d_addons/vertex_line2d.h
[3.951s] -- Up-to-date: /home/vvoxel/ros2_ws_mgr/src/install/g2o/include/g2o/types/slam2d_addons/vertex_segment2d.h
[3.951s] -- Up-to-date: /home/vvoxel/ros2_ws_mgr/src/install/g2o/lib/libg2o_types_data.so.0.2.0
[3.952s] -- Up-to-date: /home/vvoxel/ros2_ws_mgr/src/install/g2o/lib/libg2o_types_data.so.0.2
[3.952s] -- Up-to-date: /home/vvoxel/ros2_ws_mgr/src/install/g2o/lib/libg2o_types_data.so
[3.952s] -- Up-to-date: /home/vvoxel/ros2_ws_mgr/src/install/g2o/include/g2o/types/data/data_queue.h
[3.952s] -- Up-to-date: /home/vvoxel/ros2_ws_mgr/src/install/g2o/include/g2o/types/data/g2o_types_data_api.h
[3.952s] -- Up-to-date: /home/vvoxel/ros2_ws_mgr/src/install/g2o/include/g2o/types/data/laser_parameters.h
[3.952s] -- Up-to-date: /home/vvoxel/ros2_ws_mgr/src/install/g2o/include/g2o/types/data/raw_laser.h
[3.952s] -- Up-to-date: /home/vvoxel/ros2_ws_mgr/src/install/g2o/include/g2o/types/data/robot_data.h
[3.953s] -- Up-to-date: /home/vvoxel/ros2_ws_mgr/src/install/g2o/include/g2o/types/data/robot_laser.h
[3.953s] -- Up-to-date: /home/vvoxel/ros2_ws_mgr/src/install/g2o/include/g2o/types/data/types_data.h
[3.953s] -- Up-to-date: /home/vvoxel/ros2_ws_mgr/src/install/g2o/include/g2o/types/data/vertex_ellipse.h
[3.953s] -- Up-to-date: /home/vvoxel/ros2_ws_mgr/src/install/g2o/include/g2o/types/data/vertex_tag.h
[3.956s] -- Up-to-date: /home/vvoxel/ros2_ws_mgr/src/install/g2o/lib/libg2o_types_sclam2d.so.0.2.0
[3.960s] -- Up-to-date: /home/vvoxel/ros2_ws_mgr/src/install/g2o/lib/libg2o_types_sclam2d.so.0.2
[3.960s] -- Up-to-date: /home/vvoxel/ros2_ws_mgr/src/install/g2o/lib/libg2o_types_sclam2d.so
[3.960s] -- Up-to-date: /home/vvoxel/ros2_ws_mgr/src/install/g2o/include/g2o/types/sclam2d/edge_se2_odom_differential_calib.h
[3.961s] -- Up-to-date: /home/vvoxel/ros2_ws_mgr/src/install/g2o/include/g2o/types/sclam2d/edge_se2_sensor_calib.h
[3.961s] -- Up-to-date: /home/vvoxel/ros2_ws_mgr/src/install/g2o/include/g2o/types/sclam2d/g2o_types_sclam2d_api.h
[3.961s] -- Up-to-date: /home/vvoxel/ros2_ws_mgr/src/install/g2o/include/g2o/types/sclam2d/odometry_measurement.h
[3.961s] -- Up-to-date: /home/vvoxel/ros2_ws_mgr/src/install/g2o/include/g2o/types/sclam2d/types_sclam2d.h
[3.963s] -- Up-to-date: /home/vvoxel/ros2_ws_mgr/src/install/g2o/include/g2o/types/sclam2d/vertex_odom_differential_params.h
[3.964s] -- Up-to-date: /home/vvoxel/ros2_ws_mgr/src/install/g2o/lib/libg2o_types_slam3d.so.0.2.0
[3.964s] -- Up-to-date: /home/vvoxel/ros2_ws_mgr/src/install/g2o/lib/libg2o_types_slam3d.so.0.2
[3.964s] -- Up-to-date: /home/vvoxel/ros2_ws_mgr/src/install/g2o/lib/libg2o_types_slam3d.so
[3.964s] -- Up-to-date: /home/vvoxel/ros2_ws_mgr/src/install/g2o/include/g2o/types/slam3d/dquat2mat.h
[3.965s] -- Up-to-date: /home/vvoxel/ros2_ws_mgr/src/install/g2o/include/g2o/types/slam3d/edge_pointxyz.h
[3.965s] -- Up-to-date: /home/vvoxel/ros2_ws_mgr/src/install/g2o/include/g2o/types/slam3d/edge_se3.h
[3.965s] -- Up-to-date: /home/vvoxel/ros2_ws_mgr/src/install/g2o/include/g2o/types/slam3d/edge_se3_lotsofxyz.h
[3.965s] -- Up-to-date: /home/vvoxel/ros2_ws_mgr/src/install/g2o/include/g2o/types/slam3d/edge_se3_offset.h
[3.965s] -- Up-to-date: /home/vvoxel/ros2_ws_mgr/src/install/g2o/include/g2o/types/slam3d/edge_se3_pointxyz.h
[3.966s] -- Up-to-date: /home/vvoxel/ros2_ws_mgr/src/install/g2o/include/g2o/types/slam3d/edge_se3_pointxyz_depth.h
[3.966s] -- Up-to-date: /home/vvoxel/ros2_ws_mgr/src/install/g2o/include/g2o/types/slam3d/edge_se3_pointxyz_disparity.h
[3.966s] -- Up-to-date: /home/vvoxel/ros2_ws_mgr/src/install/g2o/include/g2o/types/slam3d/edge_se3_prior.h
[3.967s] -- Up-to-date: /home/vvoxel/ros2_ws_mgr/src/install/g2o/include/g2o/types/slam3d/edge_se3_xyzprior.h
[3.967s] -- Up-to-date: /home/vvoxel/ros2_ws_mgr/src/install/g2o/include/g2o/types/slam3d/edge_xyz_prior.h
[3.967s] -- Up-to-date: /home/vvoxel/ros2_ws_mgr/src/install/g2o/include/g2o/types/slam3d/g2o_types_slam3d_api.h
[3.967s] -- Up-to-date: /home/vvoxel/ros2_ws_mgr/src/install/g2o/include/g2o/types/slam3d/isometry3d_gradients.h
[3.968s] -- Up-to-date: /home/vvoxel/ros2_ws_mgr/src/install/g2o/include/g2o/types/slam3d/isometry3d_mappings.h
[3.968s] -- Up-to-date: /home/vvoxel/ros2_ws_mgr/src/install/g2o/include/g2o/types/slam3d/parameter_camera.h
[3.968s] -- Up-to-date: /home/vvoxel/ros2_ws_mgr/src/install/g2o/include/g2o/types/slam3d/parameter_se3_offset.h
[3.968s] -- Up-to-date: /home/vvoxel/ros2_ws_mgr/src/install/g2o/include/g2o/types/slam3d/parameter_stereo_camera.h
[3.969s] -- Up-to-date: /home/vvoxel/ros2_ws_mgr/src/install/g2o/include/g2o/types/slam3d/se3_ops.h
[3.970s] -- Up-to-date: /home/vvoxel/ros2_ws_mgr/src/install/g2o/include/g2o/types/slam3d/se3_ops.hpp
[3.971s] -- Up-to-date: /home/vvoxel/ros2_ws_mgr/src/install/g2o/include/g2o/types/slam3d/se3quat.h
[3.972s] -- Up-to-date: /home/vvoxel/ros2_ws_mgr/src/install/g2o/include/g2o/types/slam3d/types_slam3d.h
[3.973s] -- Up-to-date: /home/vvoxel/ros2_ws_mgr/src/install/g2o/include/g2o/types/slam3d/vertex_pointxyz.h
[3.979s] -- Up-to-date: /home/vvoxel/ros2_ws_mgr/src/install/g2o/include/g2o/types/slam3d/vertex_se3.h
[3.979s] -- Up-to-date: /home/vvoxel/ros2_ws_mgr/src/install/g2o/lib/libg2o_types_slam3d_addons.so.0.2.0
[3.980s] -- Up-to-date: /home/vvoxel/ros2_ws_mgr/src/install/g2o/lib/libg2o_types_slam3d_addons.so.0.2
[3.980s] -- Up-to-date: /home/vvoxel/ros2_ws_mgr/src/install/g2o/lib/libg2o_types_slam3d_addons.so
[3.980s] -- Up-to-date: /home/vvoxel/ros2_ws_mgr/src/install/g2o/include/g2o/types/slam3d_addons/edge_plane.h
[3.981s] -- Up-to-date: /home/vvoxel/ros2_ws_mgr/src/install/g2o/include/g2o/types/slam3d_addons/edge_se3_calib.h
[3.981s] -- Up-to-date: /home/vvoxel/ros2_ws_mgr/src/install/g2o/include/g2o/types/slam3d_addons/edge_se3_euler.h
[3.982s] -- Up-to-date: /home/vvoxel/ros2_ws_mgr/src/install/g2o/include/g2o/types/slam3d_addons/edge_se3_line.h
[3.982s] -- Up-to-date: /home/vvoxel/ros2_ws_mgr/src/install/g2o/include/g2o/types/slam3d_addons/edge_se3_plane_calib.h
[3.982s] -- Up-to-date: /home/vvoxel/ros2_ws_mgr/src/install/g2o/include/g2o/types/slam3d_addons/g2o_types_slam3d_addons_api.h
[3.984s] -- Up-to-date: /home/vvoxel/ros2_ws_mgr/src/install/g2o/include/g2o/types/slam3d_addons/line3d.h
[3.984s] -- Up-to-date: /home/vvoxel/ros2_ws_mgr/src/install/g2o/include/g2o/types/slam3d_addons/plane3d.h
[3.985s] -- Up-to-date: /home/vvoxel/ros2_ws_mgr/src/install/g2o/include/g2o/types/slam3d_addons/types_slam3d_addons.h
[3.985s] -- Up-to-date: /home/vvoxel/ros2_ws_mgr/src/install/g2o/include/g2o/types/slam3d_addons/vertex_line3d.h
[3.985s] -- Up-to-date: /home/vvoxel/ros2_ws_mgr/src/install/g2o/include/g2o/types/slam3d_addons/vertex_plane.h
[3.985s] -- Up-to-date: /home/vvoxel/ros2_ws_mgr/src/install/g2o/include/g2o/types/slam3d_addons/vertex_se3_euler.h
[3.985s] -- Up-to-date: /home/vvoxel/ros2_ws_mgr/src/install/g2o/lib/libg2o_types_sba.so.0.2.0
[3.986s] -- Up-to-date: /home/vvoxel/ros2_ws_mgr/src/install/g2o/lib/libg2o_types_sba.so.0.2
[3.986s] -- Up-to-date: /home/vvoxel/ros2_ws_mgr/src/install/g2o/lib/libg2o_types_sba.so
[3.986s] -- Up-to-date: /home/vvoxel/ros2_ws_mgr/src/install/g2o/include/g2o/types/sba/edge_project_p2mc.h
[3.986s] -- Up-to-date: /home/vvoxel/ros2_ws_mgr/src/install/g2o/include/g2o/types/sba/edge_project_p2sc.h
[3.986s] -- Up-to-date: /home/vvoxel/ros2_ws_mgr/src/install/g2o/include/g2o/types/sba/edge_project_psi2uv.h
[3.987s] -- Up-to-date: /home/vvoxel/ros2_ws_mgr/src/install/g2o/include/g2o/types/sba/edge_project_stereo_xyz.h
[3.987s] -- Up-to-date: /home/vvoxel/ros2_ws_mgr/src/install/g2o/include/g2o/types/sba/edge_project_stereo_xyz_onlypose.h
[3.988s] -- Up-to-date: /home/vvoxel/ros2_ws_mgr/src/install/g2o/include/g2o/types/sba/edge_project_xyz.h
[3.989s] -- Up-to-date: /home/vvoxel/ros2_ws_mgr/src/install/g2o/include/g2o/types/sba/edge_project_xyz2uv.h
[3.989s] -- Up-to-date: /home/vvoxel/ros2_ws_mgr/src/install/g2o/include/g2o/types/sba/edge_project_xyz2uvu.h
[3.990s] -- Up-to-date: /home/vvoxel/ros2_ws_mgr/src/install/g2o/include/g2o/types/sba/edge_project_xyz_onlypose.h
[3.990s] -- Up-to-date: /home/vvoxel/ros2_ws_mgr/src/install/g2o/include/g2o/types/sba/edge_sba_cam.h
[3.990s] -- Up-to-date: /home/vvoxel/ros2_ws_mgr/src/install/g2o/include/g2o/types/sba/edge_sba_scale.h
[3.994s] -- Up-to-date: /home/vvoxel/ros2_ws_mgr/src/install/g2o/include/g2o/types/sba/edge_se3_expmap.h
[3.997s] -- Up-to-date: /home/vvoxel/ros2_ws_mgr/src/install/g2o/include/g2o/types/sba/g2o_types_sba_api.h
[3.998s] -- Up-to-date: /home/vvoxel/ros2_ws_mgr/src/install/g2o/include/g2o/types/sba/parameter_cameraparameters.h
[3.998s] -- Up-to-date: /home/vvoxel/ros2_ws_mgr/src/install/g2o/include/g2o/types/sba/sba_utils.h
[3.998s] -- Up-to-date: /home/vvoxel/ros2_ws_mgr/src/install/g2o/include/g2o/types/sba/sbacam.h
[3.998s] -- Up-to-date: /home/vvoxel/ros2_ws_mgr/src/install/g2o/include/g2o/types/sba/types_sba.h
[3.998s] -- Up-to-date: /home/vvoxel/ros2_ws_mgr/src/install/g2o/include/g2o/types/sba/types_six_dof_expmap.h
[3.999s] -- Up-to-date: /home/vvoxel/ros2_ws_mgr/src/install/g2o/include/g2o/types/sba/vertex_cam.h
[3.999s] -- Up-to-date: /home/vvoxel/ros2_ws_mgr/src/install/g2o/include/g2o/types/sba/vertex_intrinsics.h
[3.999s] -- Up-to-date: /home/vvoxel/ros2_ws_mgr/src/install/g2o/include/g2o/types/sba/vertex_se3_expmap.h
[4.000s] -- Up-to-date: /home/vvoxel/ros2_ws_mgr/src/install/g2o/lib/libg2o_types_icp.so.0.2.0
[4.002s] -- Up-to-date: /home/vvoxel/ros2_ws_mgr/src/install/g2o/lib/libg2o_types_icp.so.0.2
[4.004s] -- Up-to-date: /home/vvoxel/ros2_ws_mgr/src/install/g2o/lib/libg2o_types_icp.so
[4.005s] -- Up-to-date: /home/vvoxel/ros2_ws_mgr/src/install/g2o/include/g2o/types/icp/g2o_types_icp_api.h
[4.006s] -- Up-to-date: /home/vvoxel/ros2_ws_mgr/src/install/g2o/include/g2o/types/icp/types_icp.h
[4.007s] -- Up-to-date: /home/vvoxel/ros2_ws_mgr/src/install/g2o/lib/libg2o_types_sim3.so.0.2.0
[4.007s] -- Up-to-date: /home/vvoxel/ros2_ws_mgr/src/install/g2o/lib/libg2o_types_sim3.so.0.2
[4.007s] -- Up-to-date: /home/vvoxel/ros2_ws_mgr/src/install/g2o/lib/libg2o_types_sim3.so
[4.008s] -- Up-to-date: /home/vvoxel/ros2_ws_mgr/src/install/g2o/include/g2o/types/sim3/sim3.h
[4.008s] -- Up-to-date: /home/vvoxel/ros2_ws_mgr/src/install/g2o/include/g2o/types/sim3/types_seven_dof_expmap.h
[4.008s] -- Up-to-date: /home/vvoxel/ros2_ws_mgr/src/install/g2o/lib/libg2o_solver_pcg.so.0.2.0
[4.010s] -- Up-to-date: /home/vvoxel/ros2_ws_mgr/src/install/g2o/lib/libg2o_solver_pcg.so.0.2
[4.010s] -- Up-to-date: /home/vvoxel/ros2_ws_mgr/src/install/g2o/lib/libg2o_solver_pcg.so
[4.011s] -- Up-to-date: /home/vvoxel/ros2_ws_mgr/src/install/g2o/include/g2o/solvers/pcg/linear_solver_pcg.h
[4.011s] -- Up-to-date: /home/vvoxel/ros2_ws_mgr/src/install/g2o/include/g2o/solvers/pcg/linear_solver_pcg.hpp
[4.011s] -- Up-to-date: /home/vvoxel/ros2_ws_mgr/src/install/g2o/lib/libg2o_solver_dense.so.0.2.0
[4.011s] -- Up-to-date: /home/vvoxel/ros2_ws_mgr/src/install/g2o/lib/libg2o_solver_dense.so.0.2
[4.012s] -- Up-to-date: /home/vvoxel/ros2_ws_mgr/src/install/g2o/lib/libg2o_solver_dense.so
[4.012s] -- Up-to-date: /home/vvoxel/ros2_ws_mgr/src/install/g2o/include/g2o/solvers/dense/linear_solver_dense.h
[4.012s] -- Up-to-date: /home/vvoxel/ros2_ws_mgr/src/install/g2o/lib/libg2o_solver_slam2d_linear.so.0.2.0
[4.012s] -- Up-to-date: /home/vvoxel/ros2_ws_mgr/src/install/g2o/lib/libg2o_solver_slam2d_linear.so.0.2
[4.012s] -- Up-to-date: /home/vvoxel/ros2_ws_mgr/src/install/g2o/lib/libg2o_solver_slam2d_linear.so
[4.014s] -- Up-to-date: /home/vvoxel/ros2_ws_mgr/src/install/g2o/include/g2o/solvers/slam2d_linear/g2o_slam2d_linear_api.h
[4.016s] -- Up-to-date: /home/vvoxel/ros2_ws_mgr/src/install/g2o/include/g2o/solvers/slam2d_linear/solver_slam2d_linear.h
[4.016s] -- Up-to-date: /home/vvoxel/ros2_ws_mgr/src/install/g2o/lib/libg2o_solver_structure_only.so.0.2.0
[4.016s] -- Up-to-date: /home/vvoxel/ros2_ws_mgr/src/install/g2o/lib/libg2o_solver_structure_only.so.0.2
[4.017s] -- Up-to-date: /home/vvoxel/ros2_ws_mgr/src/install/g2o/lib/libg2o_solver_structure_only.so
[4.017s] -- Up-to-date: /home/vvoxel/ros2_ws_mgr/src/install/g2o/include/g2o/solvers/structure_only/structure_only_solver.h
[4.017s] -- Up-to-date: /home/vvoxel/ros2_ws_mgr/src/install/g2o/lib/libg2o_solver_csparse.so.0.2.0
[4.021s] -- Up-to-date: /home/vvoxel/ros2_ws_mgr/src/install/g2o/lib/libg2o_solver_csparse.so.0.2
[4.022s] -- Up-to-date: /home/vvoxel/ros2_ws_mgr/src/install/g2o/lib/libg2o_solver_csparse.so
[4.022s] -- Up-to-date: /home/vvoxel/ros2_ws_mgr/src/install/g2o/lib/libg2o_csparse_extension.so.0.2.0
[4.024s] -- Up-to-date: /home/vvoxel/ros2_ws_mgr/src/install/g2o/lib/libg2o_csparse_extension.so.0.2
[4.024s] -- Up-to-date: /home/vvoxel/ros2_ws_mgr/src/install/g2o/lib/libg2o_csparse_extension.so
[4.024s] -- Up-to-date: /home/vvoxel/ros2_ws_mgr/src/install/g2o/include/g2o/solvers/csparse/csparse_extension.h
[4.025s] -- Up-to-date: /home/vvoxel/ros2_ws_mgr/src/install/g2o/include/g2o/solvers/csparse/csparse_helper.h
[4.025s] -- Up-to-date: /home/vvoxel/ros2_ws_mgr/src/install/g2o/include/g2o/solvers/csparse/csparse_wrapper.h
[4.025s] -- Up-to-date: /home/vvoxel/ros2_ws_mgr/src/install/g2o/include/g2o/solvers/csparse/g2o_csparse_api.h
[4.025s] -- Up-to-date: /home/vvoxel/ros2_ws_mgr/src/install/g2o/include/g2o/solvers/csparse/g2o_csparse_extension_api.h
[4.026s] -- Up-to-date: /home/vvoxel/ros2_ws_mgr/src/install/g2o/include/g2o/solvers/csparse/linear_solver_csparse.h
[4.026s] -- Up-to-date: /home/vvoxel/ros2_ws_mgr/src/install/g2o/lib/libg2o_solver_cholmod.so.0.2.0
[4.026s] -- Up-to-date: /home/vvoxel/ros2_ws_mgr/src/install/g2o/lib/libg2o_solver_cholmod.so.0.2
[4.027s] -- Up-to-date: /home/vvoxel/ros2_ws_mgr/src/install/g2o/lib/libg2o_solver_cholmod.so
[4.028s] -- Up-to-date: /home/vvoxel/ros2_ws_mgr/src/install/g2o/include/g2o/solvers/cholmod/linear_solver_cholmod.h
[4.029s] -- Up-to-date: /home/vvoxel/ros2_ws_mgr/src/install/g2o/include/g2o/solvers/cholmod/cholmod_wrapper.h
[4.030s] -- Up-to-date: /home/vvoxel/ros2_ws_mgr/src/install/g2o/lib/libg2o_solver_eigen.so.0.2.0
[4.031s] -- Up-to-date: /home/vvoxel/ros2_ws_mgr/src/install/g2o/lib/libg2o_solver_eigen.so.0.2
[4.031s] -- Up-to-date: /home/vvoxel/ros2_ws_mgr/src/install/g2o/lib/libg2o_solver_eigen.so
[4.036s] -- Up-to-date: /home/vvoxel/ros2_ws_mgr/src/install/g2o/include/g2o/solvers/eigen/linear_solver_eigen.h
[4.037s] -- Up-to-date: /home/vvoxel/ros2_ws_mgr/src/install/g2o/lib/libg2o_parser.so.0.2.0
[4.037s] -- Up-to-date: /home/vvoxel/ros2_ws_mgr/src/install/g2o/lib/libg2o_parser.so.0.2
[4.039s] -- Up-to-date: /home/vvoxel/ros2_ws_mgr/src/install/g2o/lib/libg2o_parser.so
[4.039s] -- Up-to-date: /home/vvoxel/ros2_ws_mgr/src/install/g2o/include/g2o/examples/interactive_slam/slam_parser/parser/FlexLexer.h
[4.040s] -- Up-to-date: /home/vvoxel/ros2_ws_mgr/src/install/g2o/include/g2o/examples/interactive_slam/slam_parser/parser/bison_parser.h
[4.044s] -- Up-to-date: /home/vvoxel/ros2_ws_mgr/src/install/g2o/include/g2o/examples/interactive_slam/slam_parser/parser/commands.h
[4.045s] -- Up-to-date: /home/vvoxel/ros2_ws_mgr/src/install/g2o/include/g2o/examples/interactive_slam/slam_parser/parser/driver.h
[4.046s] -- Up-to-date: /home/vvoxel/ros2_ws_mgr/src/install/g2o/include/g2o/examples/interactive_slam/slam_parser/parser/location.hh
[4.046s] -- Up-to-date: /home/vvoxel/ros2_ws_mgr/src/install/g2o/include/g2o/examples/interactive_slam/slam_parser/parser/position.hh
[4.046s] -- Up-to-date: /home/vvoxel/ros2_ws_mgr/src/install/g2o/include/g2o/examples/interactive_slam/slam_parser/parser/scanner.h
[4.048s] -- Up-to-date: /home/vvoxel/ros2_ws_mgr/src/install/g2o/include/g2o/examples/interactive_slam/slam_parser/parser/slam_context.h
[4.048s] -- Up-to-date: /home/vvoxel/ros2_ws_mgr/src/install/g2o/lib/libg2o_interface.so.0.2.0
[4.048s] -- Up-to-date: /home/vvoxel/ros2_ws_mgr/src/install/g2o/lib/libg2o_interface.so.0.2
[4.048s] -- Up-to-date: /home/vvoxel/ros2_ws_mgr/src/install/g2o/lib/libg2o_interface.so
[4.049s] -- Up-to-date: /home/vvoxel/ros2_ws_mgr/src/install/g2o/include/g2o/examples/interactive_slam/slam_parser/interface/abstract_slam_interface.h
[4.049s] -- Up-to-date: /home/vvoxel/ros2_ws_mgr/src/install/g2o/include/g2o/examples/interactive_slam/slam_parser/interface/parser_interface.h
[4.049s] -- Up-to-date: /home/vvoxel/ros2_ws_mgr/src/install/g2o/include/g2o/examples/interactive_slam/slam_parser/interface/slam_context_interface.h
[4.049s] -- Up-to-date: /home/vvoxel/ros2_ws_mgr/src/install/g2o/lib/libg2o_interactive.so.0.2.0
[4.051s] -- Up-to-date: /home/vvoxel/ros2_ws_mgr/src/install/g2o/lib/libg2o_interactive.so.0.2
[4.052s] -- Up-to-date: /home/vvoxel/ros2_ws_mgr/src/install/g2o/lib/libg2o_interactive.so
[4.053s] -- Up-to-date: /home/vvoxel/ros2_ws_mgr/src/install/g2o/bin/g2o_online
[4.057s] -- Up-to-date: /home/vvoxel/ros2_ws_mgr/src/install/g2o/include/g2o/examples/interactive_slam/g2o_interactive/fast_output.h
[4.058s] -- Up-to-date: /home/vvoxel/ros2_ws_mgr/src/install/g2o/include/g2o/examples/interactive_slam/g2o_interactive/g2o_interactive_api.h
[4.058s] -- Up-to-date: /home/vvoxel/ros2_ws_mgr/src/install/g2o/include/g2o/examples/interactive_slam/g2o_interactive/g2o_slam_interface.h
[4.058s] -- Up-to-date: /home/vvoxel/ros2_ws_mgr/src/install/g2o/include/g2o/examples/interactive_slam/g2o_interactive/graph_optimizer_sparse_online.h
[4.058s] -- Up-to-date: /home/vvoxel/ros2_ws_mgr/src/install/g2o/include/g2o/examples/interactive_slam/g2o_interactive/types_slam2d_online.h
[4.062s] -- Up-to-date: /home/vvoxel/ros2_ws_mgr/src/install/g2o/include/g2o/examples/interactive_slam/g2o_interactive/types_slam3d_online.h
[4.066s] -- Up-to-date: /home/vvoxel/ros2_ws_mgr/src/install/g2o/lib/libg2o_incremental.so.0.2.0
[4.066s] -- Up-to-date: /home/vvoxel/ros2_ws_mgr/src/install/g2o/lib/libg2o_incremental.so.0.2
[4.067s] -- Up-to-date: /home/vvoxel/ros2_ws_mgr/src/install/g2o/lib/libg2o_incremental.so
[4.067s] -- Up-to-date: /home/vvoxel/ros2_ws_mgr/src/install/g2o/bin/g2o_incremental
[4.067s] -- Up-to-date: /home/vvoxel/ros2_ws_mgr/src/install/g2o/include/g2o/examples/interactive_slam/g2o_incremental/g2o_incremental_api.h
[4.067s] -- Up-to-date: /home/vvoxel/ros2_ws_mgr/src/install/g2o/include/g2o/examples/interactive_slam/g2o_incremental/graph_optimizer_sparse_incremental.h
[4.067s] -- Up-to-date: /home/vvoxel/ros2_ws_mgr/src/install/g2o/include/g2o/examples/interactive_slam/g2o_incremental/linear_solver_cholmod_online.h
[4.068s] -- Up-to-date: /home/vvoxel/ros2_ws_mgr/src/install/g2o/lib/libg2o_hierarchical.so.0.2.0
[4.068s] -- Up-to-date: /home/vvoxel/ros2_ws_mgr/src/install/g2o/lib/libg2o_hierarchical.so.0.2
[4.068s] -- Up-to-date: /home/vvoxel/ros2_ws_mgr/src/install/g2o/lib/libg2o_hierarchical.so
[4.068s] -- Up-to-date: /home/vvoxel/ros2_ws_mgr/src/install/g2o/include/g2o/apps/g2o_hierarchical/backbone_tree_action.h
[4.072s] -- Up-to-date: /home/vvoxel/ros2_ws_mgr/src/install/g2o/include/g2o/apps/g2o_hierarchical/edge_creator.h
[4.073s] -- Up-to-date: /home/vvoxel/ros2_ws_mgr/src/install/g2o/include/g2o/apps/g2o_hierarchical/edge_labeler.h
[4.074s] -- Up-to-date: /home/vvoxel/ros2_ws_mgr/src/install/g2o/include/g2o/apps/g2o_hierarchical/edge_types_cost_function.h
[4.078s] -- Up-to-date: /home/vvoxel/ros2_ws_mgr/src/install/g2o/include/g2o/apps/g2o_hierarchical/g2o_hierarchical_api.h
[4.079s] -- Up-to-date: /home/vvoxel/ros2_ws_mgr/src/install/g2o/include/g2o/apps/g2o_hierarchical/simple_star_ops.h
[4.079s] -- Up-to-date: /home/vvoxel/ros2_ws_mgr/src/install/g2o/include/g2o/apps/g2o_hierarchical/star.h
[4.213s] Invoked command in '/home/vvoxel/ros2_ws_mgr/src/build/g2o' returned '0': DEBUGINFOD_URLS=https://debuginfod.ubuntu.com /usr/bin/cmake --install /home/vvoxel/ros2_ws_mgr/src/build/g2o
