[0.088s] Invoking command in '/home/vvoxel/ros2_ws_mgr/build/anglecalc': CMAKE_PREFIX_PATH=/home/vvoxel/ros2_ws_mgr/install/sim_launcher:/opt/ros/jazzy:${CMAKE_PREFIX_PATH} DEBUGINFOD_URLS=https://debuginfod.ubuntu.com /usr/bin/cmake --build /home/vvoxel/ros2_ws_mgr/build/anglecalc -- -j8 -l8
[0.252s] [100%] Built target angle
[0.290s] Invoked command in '/home/vvoxel/ros2_ws_mgr/build/anglecalc' returned '0': CMAKE_PREFIX_PATH=/home/vvoxel/ros2_ws_mgr/install/sim_launcher:/opt/ros/jazzy:${CMAKE_PREFIX_PATH} DEBUGINFOD_URLS=https://debuginfod.ubuntu.com /usr/bin/cmake --build /home/vvoxel/ros2_ws_mgr/build/anglecalc -- -j8 -l8
[0.313s] Invoking command in '/home/vvoxel/ros2_ws_mgr/build/anglecalc': CMAKE_PREFIX_PATH=/home/vvoxel/ros2_ws_mgr/install/sim_launcher:/opt/ros/jazzy:${CMAKE_PREFIX_PATH} DEBUGINFOD_URLS=https://debuginfod.ubuntu.com /usr/bin/cmake --install /home/vvoxel/ros2_ws_mgr/build/anglecalc
[2.186s] -- Install configuration: ""
[2.188s] -- Execute custom install script
[2.188s] -- Up-to-date symlink: /home/vvoxel/ros2_ws_mgr/install/anglecalc/lib/anglecalc/angle
[2.188s] -- Up-to-date symlink: /home/vvoxel/ros2_ws_mgr/install/anglecalc/share/ament_index/resource_index/package_run_dependencies/anglecalc
[2.188s] -- Up-to-date symlink: /home/vvoxel/ros2_ws_mgr/install/anglecalc/share/ament_index/resource_index/parent_prefix_path/anglecalc
[2.189s] -- Up-to-date symlink: /home/vvoxel/ros2_ws_mgr/install/anglecalc/share/anglecalc/environment/ament_prefix_path.sh
[2.192s] -- Up-to-date symlink: /home/vvoxel/ros2_ws_mgr/install/anglecalc/share/anglecalc/environment/ament_prefix_path.dsv
[2.193s] -- Up-to-date symlink: /home/vvoxel/ros2_ws_mgr/install/anglecalc/share/anglecalc/environment/path.sh
[2.193s] -- Up-to-date symlink: /home/vvoxel/ros2_ws_mgr/install/anglecalc/share/anglecalc/environment/path.dsv
[2.193s] -- Up-to-date symlink: /home/vvoxel/ros2_ws_mgr/install/anglecalc/share/anglecalc/local_setup.bash
[2.193s] -- Up-to-date symlink: /home/vvoxel/ros2_ws_mgr/install/anglecalc/share/anglecalc/local_setup.sh
[2.194s] -- Up-to-date symlink: /home/vvoxel/ros2_ws_mgr/install/anglecalc/share/anglecalc/local_setup.zsh
[2.194s] -- Up-to-date symlink: /home/vvoxel/ros2_ws_mgr/install/anglecalc/share/anglecalc/local_setup.dsv
[2.194s] -- Symlinking: /home/vvoxel/ros2_ws_mgr/install/anglecalc/share/anglecalc/package.dsv
[2.194s] -- Up-to-date symlink: /home/vvoxel/ros2_ws_mgr/install/anglecalc/share/ament_index/resource_index/packages/anglecalc
[2.195s] -- Up-to-date symlink: /home/vvoxel/ros2_ws_mgr/install/anglecalc/share/anglecalc/cmake/anglecalcConfig.cmake
[2.195s] -- Up-to-date symlink: /home/vvoxel/ros2_ws_mgr/install/anglecalc/share/anglecalc/cmake/anglecalcConfig-version.cmake
[2.195s] -- Up-to-date symlink: /home/vvoxel/ros2_ws_mgr/install/anglecalc/share/anglecalc/package.xml
[2.211s] Invoked command in '/home/vvoxel/ros2_ws_mgr/build/anglecalc' returned '0': CMAKE_PREFIX_PATH=/home/vvoxel/ros2_ws_mgr/install/sim_launcher:/opt/ros/jazzy:${CMAKE_PREFIX_PATH} DEBUGINFOD_URLS=https://debuginfod.ubuntu.com /usr/bin/cmake --install /home/vvoxel/ros2_ws_mgr/build/anglecalc
