-- The C compiler identification is GNU 13.3.0
-- The CXX compiler identification is GNU 13.3.0
-- Detecting C compiler ABI info
-- Detecting C compiler ABI info - done
-- Check for working C compiler: /usr/bin/cc - skipped
-- Detecting C compile features
-- Detecting C compile features - done
-- Detecting CXX compiler ABI info
-- Detecting CXX compiler ABI info - done
-- Check for working CXX compiler: /usr/bin/c++ - skipped
-- Detecting CXX compile features
-- Detecting CXX compile features - done
-- Found rclcpp: 28.1.6 (/opt/ros/jazzy/share/rclcpp/cmake)
-- Found Python3: /usr/bin/python3 (found version "3.12.3") found components: Interpreter 
-- Found rosidl_generator_c: 4.6.5 (/opt/ros/jazzy/share/rosidl_generator_c/cmake)
-- Found rosidl_generator_cpp: 4.6.5 (/opt/ros/jazzy/share/rosidl_generator_cpp/cmake)
-- Using all available rosidl_typesupport_c: rosidl_typesupport_fastrtps_c;rosidl_typesupport_introspection_c
-- Using all available rosidl_typesupport_cpp: rosidl_typesupport_fastrtps_cpp;rosidl_typesupport_introspection_cpp
-- Found rmw_implementation_cmake: 7.3.1 (/opt/ros/jazzy/share/rmw_implementation_cmake/cmake)
-- Found rmw_fastrtps_cpp: 8.4.1 (/opt/ros/jazzy/share/rmw_fastrtps_cpp/cmake)
-- Found OpenSSL: /usr/lib/x86_64-linux-gnu/libcrypto.so (found version "3.0.13")  
-- Found FastRTPS: /opt/ros/jazzy/include (Required is at least version "2.13") 
-- Using RMW implementation 'rmw_fastrtps_cpp' as default
-- Found rclcpp_components: 28.1.6 (/opt/ros/jazzy/share/rclcpp_components/cmake)
-- Found sensor_msgs: 5.3.5 (/opt/ros/jazzy/share/sensor_msgs/cmake)
-- Found apriltag_msgs: 2.0.1 (/home/vvoxel/ros2_ws_mgr/src/install/apriltag_msgs/share/apriltag_msgs/cmake)
-- Found tf2_ros: 0.36.8 (/opt/ros/jazzy/share/tf2_ros/cmake)
-- Found image_transport: 5.1.5 (/opt/ros/jazzy/share/image_transport/cmake)
-- Found cv_bridge: 4.1.0 (/opt/ros/jazzy/share/cv_bridge/cmake)
-- Performing Test CMAKE_HAVE_LIBC_PTHREAD
-- Performing Test CMAKE_HAVE_LIBC_PTHREAD - Success
-- Found Threads: TRUE  
-- Found OpenCV: /usr (found version "4.6.0") found components: core calib3d 
-- Found ament_lint_auto: 0.17.1 (/opt/ros/jazzy/share/ament_lint_auto/cmake)
-- Added test 'cppcheck' to perform static code analysis on C / C++ code
-- Configured cppcheck include dirs: 
-- Configured cppcheck exclude dirs and/or files: 
-- Configuring done (5.8s)
-- Generating done (0.1s)
-- Build files have been written to: /home/vvoxel/ros2_ws_mgr/src/build/apriltag_ros
[ 10%] [32mBuilding CXX object CMakeFiles/tags.dir/src/tag_functions.cpp.o[0m
[ 20%] [32m[1mLinking CXX static library libtags.a[0m
[ 20%] Built target tags
[ 30%] [32mBuilding CXX object CMakeFiles/apriltag_node.dir/rclcpp_components/node_main_apriltag_node.cpp.o[0m
[ 40%] [32m[1mLinking CXX executable apriltag_node[0m
[ 40%] Built target apriltag_node
[ 50%] [32mBuilding CXX object CMakeFiles/conversion.dir/src/conversion.cpp.o[0m
[ 60%] [32m[1mLinking CXX static library libconversion.a[0m
[ 60%] Built target conversion
[ 70%] [32mBuilding CXX object CMakeFiles/pose_estimation.dir/src/pose_estimation.cpp.o[0m
[ 80%] [32m[1mLinking CXX static library libpose_estimation.a[0m
[ 80%] Built target pose_estimation
[ 90%] [32mBuilding CXX object CMakeFiles/AprilTagNode.dir/src/AprilTagNode.cpp.o[0m
[100%] [32m[1mLinking CXX shared library libAprilTagNode.so[0m
[100%] Built target AprilTagNode
-- Install configuration: ""
-- Installing: /home/vvoxel/ros2_ws_mgr/src/install/apriltag_ros/lib/apriltag_ros/apriltag_node
-- Set non-toolchain portion of runtime path of "/home/vvoxel/ros2_ws_mgr/src/install/apriltag_ros/lib/apriltag_ros/apriltag_node" to ""
-- Installing: /home/vvoxel/ros2_ws_mgr/src/install/apriltag_ros/share/apriltag_ros/environment/library_path.sh
-- Installing: /home/vvoxel/ros2_ws_mgr/src/install/apriltag_ros/share/apriltag_ros/environment/library_path.dsv
-- Installing: /home/vvoxel/ros2_ws_mgr/src/install/apriltag_ros/lib/libAprilTagNode.so
-- Set non-toolchain portion of runtime path of "/home/vvoxel/ros2_ws_mgr/src/install/apriltag_ros/lib/libAprilTagNode.so" to ""
-- Installing: /home/vvoxel/ros2_ws_mgr/src/install/apriltag_ros/share/apriltag_ros/cfg
-- Installing: /home/vvoxel/ros2_ws_mgr/src/install/apriltag_ros/share/apriltag_ros/cfg/tags_36h11.yaml
-- Installing: /home/vvoxel/ros2_ws_mgr/src/install/apriltag_ros/share/apriltag_ros/launch
-- Installing: /home/vvoxel/ros2_ws_mgr/src/install/apriltag_ros/share/apriltag_ros/launch/camera_36h11.launch.yml
-- Installing: /home/vvoxel/ros2_ws_mgr/src/install/apriltag_ros/share/ament_index/resource_index/package_run_dependencies/apriltag_ros
-- Installing: /home/vvoxel/ros2_ws_mgr/src/install/apriltag_ros/share/ament_index/resource_index/parent_prefix_path/apriltag_ros
-- Installing: /home/vvoxel/ros2_ws_mgr/src/install/apriltag_ros/share/apriltag_ros/environment/ament_prefix_path.sh
-- Installing: /home/vvoxel/ros2_ws_mgr/src/install/apriltag_ros/share/apriltag_ros/environment/ament_prefix_path.dsv
-- Installing: /home/vvoxel/ros2_ws_mgr/src/install/apriltag_ros/share/apriltag_ros/environment/path.sh
-- Installing: /home/vvoxel/ros2_ws_mgr/src/install/apriltag_ros/share/apriltag_ros/environment/path.dsv
-- Installing: /home/vvoxel/ros2_ws_mgr/src/install/apriltag_ros/share/apriltag_ros/local_setup.bash
-- Installing: /home/vvoxel/ros2_ws_mgr/src/install/apriltag_ros/share/apriltag_ros/local_setup.sh
-- Installing: /home/vvoxel/ros2_ws_mgr/src/install/apriltag_ros/share/apriltag_ros/local_setup.zsh
-- Installing: /home/vvoxel/ros2_ws_mgr/src/install/apriltag_ros/share/apriltag_ros/local_setup.dsv
-- Installing: /home/vvoxel/ros2_ws_mgr/src/install/apriltag_ros/share/apriltag_ros/package.dsv
-- Installing: /home/vvoxel/ros2_ws_mgr/src/install/apriltag_ros/share/ament_index/resource_index/packages/apriltag_ros
-- Installing: /home/vvoxel/ros2_ws_mgr/src/install/apriltag_ros/share/ament_index/resource_index/rclcpp_components/apriltag_ros
-- Installing: /home/vvoxel/ros2_ws_mgr/src/install/apriltag_ros/share/apriltag_ros/cmake/apriltag_rosConfig.cmake
-- Installing: /home/vvoxel/ros2_ws_mgr/src/install/apriltag_ros/share/apriltag_ros/cmake/apriltag_rosConfig-version.cmake
-- Installing: /home/vvoxel/ros2_ws_mgr/src/install/apriltag_ros/share/apriltag_ros/package.xml
