[0.085s] Invoking command in '/home/vvoxel/ros2_ws_mgr/build/anglecalc': CMAKE_PREFIX_PATH=/home/vvoxel/ros2_ws_mgr/install/sim_launcher:/opt/ros/jazzy:${CMAKE_PREFIX_PATH} DEBUGINFOD_URLS=https://debuginfod.ubuntu.com /usr/bin/cmake --build /home/vvoxel/ros2_ws_mgr/build/anglecalc -- -j8 -l8
[0.380s] [100%] Built target angle
[0.490s] Invoked command in '/home/vvoxel/ros2_ws_mgr/build/anglecalc' returned '0': CMAKE_PREFIX_PATH=/home/vvoxel/ros2_ws_mgr/install/sim_launcher:/opt/ros/jazzy:${CMAKE_PREFIX_PATH} DEBUGINFOD_URLS=https://debuginfod.ubuntu.com /usr/bin/cmake --build /home/vvoxel/ros2_ws_mgr/build/anglecalc -- -j8 -l8
[0.605s] Invoking command in '/home/vvoxel/ros2_ws_mgr/build/anglecalc': CMAKE_PREFIX_PATH=/home/vvoxel/ros2_ws_mgr/install/sim_launcher:/opt/ros/jazzy:${CMAKE_PREFIX_PATH} DEBUGINFOD_URLS=https://debuginfod.ubuntu.com /usr/bin/cmake --install /home/vvoxel/ros2_ws_mgr/build/anglecalc
[2.428s] -- Install configuration: ""
[2.429s] -- Execute custom install script
[2.429s] -- Up-to-date symlink: /home/vvoxel/ros2_ws_mgr/install/anglecalc/lib/anglecalc/angle
[2.429s] -- Up-to-date symlink: /home/vvoxel/ros2_ws_mgr/install/anglecalc/share/ament_index/resource_index/package_run_dependencies/anglecalc
[2.430s] -- Up-to-date symlink: /home/vvoxel/ros2_ws_mgr/install/anglecalc/share/ament_index/resource_index/parent_prefix_path/anglecalc
[2.430s] -- Up-to-date symlink: /home/vvoxel/ros2_ws_mgr/install/anglecalc/share/anglecalc/environment/ament_prefix_path.sh
[2.430s] -- Up-to-date symlink: /home/vvoxel/ros2_ws_mgr/install/anglecalc/share/anglecalc/environment/ament_prefix_path.dsv
[2.430s] -- Up-to-date symlink: /home/vvoxel/ros2_ws_mgr/install/anglecalc/share/anglecalc/environment/path.sh
[2.431s] -- Up-to-date symlink: /home/vvoxel/ros2_ws_mgr/install/anglecalc/share/anglecalc/environment/path.dsv
[2.431s] -- Up-to-date symlink: /home/vvoxel/ros2_ws_mgr/install/anglecalc/share/anglecalc/local_setup.bash
[2.431s] -- Up-to-date symlink: /home/vvoxel/ros2_ws_mgr/install/anglecalc/share/anglecalc/local_setup.sh
[2.432s] -- Up-to-date symlink: /home/vvoxel/ros2_ws_mgr/install/anglecalc/share/anglecalc/local_setup.zsh
[2.434s] -- Up-to-date symlink: /home/vvoxel/ros2_ws_mgr/install/anglecalc/share/anglecalc/local_setup.dsv
[2.434s] -- Symlinking: /home/vvoxel/ros2_ws_mgr/install/anglecalc/share/anglecalc/package.dsv
[2.435s] -- Up-to-date symlink: /home/vvoxel/ros2_ws_mgr/install/anglecalc/share/ament_index/resource_index/packages/anglecalc
[2.435s] -- Up-to-date symlink: /home/vvoxel/ros2_ws_mgr/install/anglecalc/share/anglecalc/cmake/anglecalcConfig.cmake
[2.435s] -- Up-to-date symlink: /home/vvoxel/ros2_ws_mgr/install/anglecalc/share/anglecalc/cmake/anglecalcConfig-version.cmake
[2.435s] -- Up-to-date symlink: /home/vvoxel/ros2_ws_mgr/install/anglecalc/share/anglecalc/package.xml
[2.501s] Invoked command in '/home/vvoxel/ros2_ws_mgr/build/anglecalc' returned '0': CMAKE_PREFIX_PATH=/home/vvoxel/ros2_ws_mgr/install/sim_launcher:/opt/ros/jazzy:${CMAKE_PREFIX_PATH} DEBUGINFOD_URLS=https://debuginfod.ubuntu.com /usr/bin/cmake --install /home/vvoxel/ros2_ws_mgr/build/anglecalc
