[0.087s] Invoking command in '/home/vvoxel/ros2_ws_mgr/build/realsense2_camera_msgs': CMAKE_PREFIX_PATH=/home/vvoxel/ros2_ws_mgr/install/sim_launcher:/opt/ros/jazzy:${CMAKE_PREFIX_PATH} DEBUGINFOD_URLS=https://debuginfod.ubuntu.com /usr/bin/cmake --build /home/vvoxel/ros2_ws_mgr/build/realsense2_camera_msgs -- -j8 -l8
[0.338s] [  1%] Built target realsense2_camera_msgs__rosidl_generator_type_description
[0.421s] [  1%] Built target ament_cmake_python_symlink_realsense2_camera_msgs
[0.589s] [  2%] Built target realsense2_camera_msgs__cpp
[0.630s] [ 25%] Built target realsense2_camera_msgs__rosidl_generator_c
[0.848s] [ 35%] Built target realsense2_camera_msgs__rosidl_typesupport_c
[0.909s] [ 54%] Built target realsense2_camera_msgs__rosidl_typesupport_fastrtps_cpp
[0.909s] [ 54%] Built target realsense2_camera_msgs__rosidl_typesupport_introspection_c
[0.942s] [ 63%] Built target realsense2_camera_msgs__rosidl_typesupport_fastrtps_c
[0.947s] [ 72%] Built target realsense2_camera_msgs__rosidl_typesupport_cpp
[0.976s] [ 82%] Built target realsense2_camera_msgs__rosidl_typesupport_introspection_cpp
[1.172s] [ 82%] Built target realsense2_camera_msgs
[1.318s] [ 83%] Built target realsense2_camera_msgs__py
[1.441s] [ 91%] Built target realsense2_camera_msgs__rosidl_generator_py
[1.611s] [ 94%] Built target realsense2_camera_msgs_s__rosidl_typesupport_introspection_c
[1.614s] [ 97%] Built target realsense2_camera_msgs_s__rosidl_typesupport_fastrtps_c
[1.670s] [100%] Built target realsense2_camera_msgs_s__rosidl_typesupport_c
[2.433s] running egg_info
[2.587s] writing realsense2_camera_msgs.egg-info/PKG-INFO
[2.587s] writing dependency_links to realsense2_camera_msgs.egg-info/dependency_links.txt
[2.588s] writing top-level names to realsense2_camera_msgs.egg-info/top_level.txt
[2.786s] reading manifest file 'realsense2_camera_msgs.egg-info/SOURCES.txt'
[2.786s] writing manifest file 'realsense2_camera_msgs.egg-info/SOURCES.txt'
[2.813s] [100%] Built target ament_cmake_python_build_realsense2_camera_msgs_egg
[3.416s] Invoked command in '/home/vvoxel/ros2_ws_mgr/build/realsense2_camera_msgs' returned '0': CMAKE_PREFIX_PATH=/home/vvoxel/ros2_ws_mgr/install/sim_launcher:/opt/ros/jazzy:${CMAKE_PREFIX_PATH} DEBUGINFOD_URLS=https://debuginfod.ubuntu.com /usr/bin/cmake --build /home/vvoxel/ros2_ws_mgr/build/realsense2_camera_msgs -- -j8 -l8
[3.419s] Invoking command in '/home/vvoxel/ros2_ws_mgr/build/realsense2_camera_msgs': CMAKE_PREFIX_PATH=/home/vvoxel/ros2_ws_mgr/install/sim_launcher:/opt/ros/jazzy:${CMAKE_PREFIX_PATH} DEBUGINFOD_URLS=https://debuginfod.ubuntu.com /usr/bin/cmake --install /home/vvoxel/ros2_ws_mgr/build/realsense2_camera_msgs
[3.472s] -- Install configuration: ""
[3.473s] -- Execute custom install script
[3.473s] -- Up-to-date symlink: /home/vvoxel/ros2_ws_mgr/install/realsense2_camera_msgs/share/ament_index/resource_index/rosidl_interfaces/realsense2_camera_msgs
[3.473s] -- Up-to-date symlink: /home/vvoxel/ros2_ws_mgr/install/realsense2_camera_msgs/share/realsense2_camera_msgs/msg/IMUInfo.json
[3.473s] -- Up-to-date symlink: /home/vvoxel/ros2_ws_mgr/install/realsense2_camera_msgs/share/realsense2_camera_msgs/msg/Extrinsics.json
[3.475s] -- Up-to-date symlink: /home/vvoxel/ros2_ws_mgr/install/realsense2_camera_msgs/share/realsense2_camera_msgs/msg/Metadata.json
[3.475s] -- Up-to-date symlink: /home/vvoxel/ros2_ws_mgr/install/realsense2_camera_msgs/share/realsense2_camera_msgs/msg/RGBD.json
[3.475s] -- Up-to-date symlink: /home/vvoxel/ros2_ws_mgr/install/realsense2_camera_msgs/share/realsense2_camera_msgs/srv/DeviceInfo.json
[3.476s] -- Up-to-date symlink: /home/vvoxel/ros2_ws_mgr/install/realsense2_camera_msgs/include/realsense2_camera_msgs/realsense2_camera_msgs/msg/detail/extrinsics__functions.h
[3.477s] -- Up-to-date symlink: /home/vvoxel/ros2_ws_mgr/install/realsense2_camera_msgs/include/realsense2_camera_msgs/realsense2_camera_msgs/msg/detail/extrinsics__struct.h
[3.477s] -- Up-to-date symlink: /home/vvoxel/ros2_ws_mgr/install/realsense2_camera_msgs/include/realsense2_camera_msgs/realsense2_camera_msgs/msg/detail/extrinsics__type_support.h
[3.477s] -- Up-to-date symlink: /home/vvoxel/ros2_ws_mgr/install/realsense2_camera_msgs/include/realsense2_camera_msgs/realsense2_camera_msgs/msg/detail/imu_info__functions.h
[3.477s] -- Up-to-date symlink: /home/vvoxel/ros2_ws_mgr/install/realsense2_camera_msgs/include/realsense2_camera_msgs/realsense2_camera_msgs/msg/detail/imu_info__struct.h
[3.478s] -- Up-to-date symlink: /home/vvoxel/ros2_ws_mgr/install/realsense2_camera_msgs/include/realsense2_camera_msgs/realsense2_camera_msgs/msg/detail/imu_info__type_support.h
[3.478s] -- Up-to-date symlink: /home/vvoxel/ros2_ws_mgr/install/realsense2_camera_msgs/include/realsense2_camera_msgs/realsense2_camera_msgs/msg/detail/metadata__functions.h
[3.478s] -- Up-to-date symlink: /home/vvoxel/ros2_ws_mgr/install/realsense2_camera_msgs/include/realsense2_camera_msgs/realsense2_camera_msgs/msg/detail/metadata__struct.h
[3.478s] -- Up-to-date symlink: /home/vvoxel/ros2_ws_mgr/install/realsense2_camera_msgs/include/realsense2_camera_msgs/realsense2_camera_msgs/msg/detail/metadata__type_support.h
[3.478s] -- Up-to-date symlink: /home/vvoxel/ros2_ws_mgr/install/realsense2_camera_msgs/include/realsense2_camera_msgs/realsense2_camera_msgs/msg/detail/rgbd__functions.h
[3.479s] -- Up-to-date symlink: /home/vvoxel/ros2_ws_mgr/install/realsense2_camera_msgs/include/realsense2_camera_msgs/realsense2_camera_msgs/msg/detail/rgbd__struct.h
[3.479s] -- Up-to-date symlink: /home/vvoxel/ros2_ws_mgr/install/realsense2_camera_msgs/include/realsense2_camera_msgs/realsense2_camera_msgs/msg/detail/rgbd__type_support.h
[3.479s] -- Up-to-date symlink: /home/vvoxel/ros2_ws_mgr/install/realsense2_camera_msgs/include/realsense2_camera_msgs/realsense2_camera_msgs/msg/extrinsics.h
[3.479s] -- Up-to-date symlink: /home/vvoxel/ros2_ws_mgr/install/realsense2_camera_msgs/include/realsense2_camera_msgs/realsense2_camera_msgs/msg/imu_info.h
[3.479s] -- Up-to-date symlink: /home/vvoxel/ros2_ws_mgr/install/realsense2_camera_msgs/include/realsense2_camera_msgs/realsense2_camera_msgs/msg/metadata.h
[3.480s] -- Up-to-date symlink: /home/vvoxel/ros2_ws_mgr/install/realsense2_camera_msgs/include/realsense2_camera_msgs/realsense2_camera_msgs/msg/rgbd.h
[3.480s] -- Up-to-date symlink: /home/vvoxel/ros2_ws_mgr/install/realsense2_camera_msgs/include/realsense2_camera_msgs/realsense2_camera_msgs/msg/rosidl_generator_c__visibility_control.h
[3.480s] -- Up-to-date symlink: /home/vvoxel/ros2_ws_mgr/install/realsense2_camera_msgs/include/realsense2_camera_msgs/realsense2_camera_msgs/srv/detail/device_info__functions.h
[3.480s] -- Up-to-date symlink: /home/vvoxel/ros2_ws_mgr/install/realsense2_camera_msgs/include/realsense2_camera_msgs/realsense2_camera_msgs/srv/detail/device_info__struct.h
[3.480s] -- Up-to-date symlink: /home/vvoxel/ros2_ws_mgr/install/realsense2_camera_msgs/include/realsense2_camera_msgs/realsense2_camera_msgs/srv/detail/device_info__type_support.h
[3.480s] -- Up-to-date symlink: /home/vvoxel/ros2_ws_mgr/install/realsense2_camera_msgs/include/realsense2_camera_msgs/realsense2_camera_msgs/srv/device_info.h
[3.481s] -- Up-to-date symlink: /home/vvoxel/ros2_ws_mgr/install/realsense2_camera_msgs/share/realsense2_camera_msgs/environment/library_path.sh
[3.481s] -- Up-to-date symlink: /home/vvoxel/ros2_ws_mgr/install/realsense2_camera_msgs/share/realsense2_camera_msgs/environment/library_path.dsv
[3.481s] -- Up-to-date symlink: /home/vvoxel/ros2_ws_mgr/install/realsense2_camera_msgs/include/realsense2_camera_msgs/realsense2_camera_msgs/msg/detail/extrinsics__rosidl_typesupport_fastrtps_c.h
[3.481s] -- Up-to-date symlink: /home/vvoxel/ros2_ws_mgr/install/realsense2_camera_msgs/include/realsense2_camera_msgs/realsense2_camera_msgs/msg/detail/imu_info__rosidl_typesupport_fastrtps_c.h
[3.481s] -- Up-to-date symlink: /home/vvoxel/ros2_ws_mgr/install/realsense2_camera_msgs/include/realsense2_camera_msgs/realsense2_camera_msgs/msg/detail/metadata__rosidl_typesupport_fastrtps_c.h
[3.481s] -- Up-to-date symlink: /home/vvoxel/ros2_ws_mgr/install/realsense2_camera_msgs/include/realsense2_camera_msgs/realsense2_camera_msgs/msg/detail/rgbd__rosidl_typesupport_fastrtps_c.h
[3.482s] -- Up-to-date symlink: /home/vvoxel/ros2_ws_mgr/install/realsense2_camera_msgs/include/realsense2_camera_msgs/realsense2_camera_msgs/msg/rosidl_typesupport_fastrtps_c__visibility_control.h
[3.482s] -- Up-to-date symlink: /home/vvoxel/ros2_ws_mgr/install/realsense2_camera_msgs/include/realsense2_camera_msgs/realsense2_camera_msgs/srv/detail/device_info__rosidl_typesupport_fastrtps_c.h
[3.482s] -- Up-to-date symlink: /home/vvoxel/ros2_ws_mgr/install/realsense2_camera_msgs/include/realsense2_camera_msgs/realsense2_camera_msgs/msg/detail/extrinsics__rosidl_typesupport_introspection_c.h
[3.482s] -- Up-to-date symlink: /home/vvoxel/ros2_ws_mgr/install/realsense2_camera_msgs/include/realsense2_camera_msgs/realsense2_camera_msgs/msg/detail/imu_info__rosidl_typesupport_introspection_c.h
[3.482s] -- Up-to-date symlink: /home/vvoxel/ros2_ws_mgr/install/realsense2_camera_msgs/include/realsense2_camera_msgs/realsense2_camera_msgs/msg/detail/metadata__rosidl_typesupport_introspection_c.h
[3.482s] -- Up-to-date symlink: /home/vvoxel/ros2_ws_mgr/install/realsense2_camera_msgs/include/realsense2_camera_msgs/realsense2_camera_msgs/msg/detail/rgbd__rosidl_typesupport_introspection_c.h
[3.483s] -- Up-to-date symlink: /home/vvoxel/ros2_ws_mgr/install/realsense2_camera_msgs/include/realsense2_camera_msgs/realsense2_camera_msgs/msg/rosidl_typesupport_introspection_c__visibility_control.h
[3.483s] -- Up-to-date symlink: /home/vvoxel/ros2_ws_mgr/install/realsense2_camera_msgs/include/realsense2_camera_msgs/realsense2_camera_msgs/srv/detail/device_info__rosidl_typesupport_introspection_c.h
[3.483s] -- Up-to-date symlink: /home/vvoxel/ros2_ws_mgr/install/realsense2_camera_msgs/include/realsense2_camera_msgs/realsense2_camera_msgs/msg/detail/extrinsics__builder.hpp
[3.483s] -- Up-to-date symlink: /home/vvoxel/ros2_ws_mgr/install/realsense2_camera_msgs/include/realsense2_camera_msgs/realsense2_camera_msgs/msg/detail/extrinsics__struct.hpp
[3.483s] -- Up-to-date symlink: /home/vvoxel/ros2_ws_mgr/install/realsense2_camera_msgs/include/realsense2_camera_msgs/realsense2_camera_msgs/msg/detail/extrinsics__traits.hpp
[3.484s] -- Up-to-date symlink: /home/vvoxel/ros2_ws_mgr/install/realsense2_camera_msgs/include/realsense2_camera_msgs/realsense2_camera_msgs/msg/detail/extrinsics__type_support.hpp
[3.484s] -- Up-to-date symlink: /home/vvoxel/ros2_ws_mgr/install/realsense2_camera_msgs/include/realsense2_camera_msgs/realsense2_camera_msgs/msg/detail/imu_info__builder.hpp
[3.484s] -- Up-to-date symlink: /home/vvoxel/ros2_ws_mgr/install/realsense2_camera_msgs/include/realsense2_camera_msgs/realsense2_camera_msgs/msg/detail/imu_info__struct.hpp
[3.484s] -- Up-to-date symlink: /home/vvoxel/ros2_ws_mgr/install/realsense2_camera_msgs/include/realsense2_camera_msgs/realsense2_camera_msgs/msg/detail/imu_info__traits.hpp
[3.484s] -- Up-to-date symlink: /home/vvoxel/ros2_ws_mgr/install/realsense2_camera_msgs/include/realsense2_camera_msgs/realsense2_camera_msgs/msg/detail/imu_info__type_support.hpp
[3.484s] -- Up-to-date symlink: /home/vvoxel/ros2_ws_mgr/install/realsense2_camera_msgs/include/realsense2_camera_msgs/realsense2_camera_msgs/msg/detail/metadata__builder.hpp
[3.485s] -- Up-to-date symlink: /home/vvoxel/ros2_ws_mgr/install/realsense2_camera_msgs/include/realsense2_camera_msgs/realsense2_camera_msgs/msg/detail/metadata__struct.hpp
[3.485s] -- Up-to-date symlink: /home/vvoxel/ros2_ws_mgr/install/realsense2_camera_msgs/include/realsense2_camera_msgs/realsense2_camera_msgs/msg/detail/metadata__traits.hpp
[3.485s] -- Up-to-date symlink: /home/vvoxel/ros2_ws_mgr/install/realsense2_camera_msgs/include/realsense2_camera_msgs/realsense2_camera_msgs/msg/detail/metadata__type_support.hpp
[3.485s] -- Up-to-date symlink: /home/vvoxel/ros2_ws_mgr/install/realsense2_camera_msgs/include/realsense2_camera_msgs/realsense2_camera_msgs/msg/detail/rgbd__builder.hpp
[3.485s] -- Up-to-date symlink: /home/vvoxel/ros2_ws_mgr/install/realsense2_camera_msgs/include/realsense2_camera_msgs/realsense2_camera_msgs/msg/detail/rgbd__struct.hpp
[3.486s] -- Up-to-date symlink: /home/vvoxel/ros2_ws_mgr/install/realsense2_camera_msgs/include/realsense2_camera_msgs/realsense2_camera_msgs/msg/detail/rgbd__traits.hpp
[3.486s] -- Up-to-date symlink: /home/vvoxel/ros2_ws_mgr/install/realsense2_camera_msgs/include/realsense2_camera_msgs/realsense2_camera_msgs/msg/detail/rgbd__type_support.hpp
[3.486s] -- Up-to-date symlink: /home/vvoxel/ros2_ws_mgr/install/realsense2_camera_msgs/include/realsense2_camera_msgs/realsense2_camera_msgs/msg/extrinsics.hpp
[3.486s] -- Up-to-date symlink: /home/vvoxel/ros2_ws_mgr/install/realsense2_camera_msgs/include/realsense2_camera_msgs/realsense2_camera_msgs/msg/imu_info.hpp
[3.486s] -- Up-to-date symlink: /home/vvoxel/ros2_ws_mgr/install/realsense2_camera_msgs/include/realsense2_camera_msgs/realsense2_camera_msgs/msg/metadata.hpp
[3.487s] -- Up-to-date symlink: /home/vvoxel/ros2_ws_mgr/install/realsense2_camera_msgs/include/realsense2_camera_msgs/realsense2_camera_msgs/msg/rgbd.hpp
[3.487s] -- Up-to-date symlink: /home/vvoxel/ros2_ws_mgr/install/realsense2_camera_msgs/include/realsense2_camera_msgs/realsense2_camera_msgs/msg/rosidl_generator_cpp__visibility_control.hpp
[3.487s] -- Up-to-date symlink: /home/vvoxel/ros2_ws_mgr/install/realsense2_camera_msgs/include/realsense2_camera_msgs/realsense2_camera_msgs/srv/detail/device_info__builder.hpp
[3.487s] -- Up-to-date symlink: /home/vvoxel/ros2_ws_mgr/install/realsense2_camera_msgs/include/realsense2_camera_msgs/realsense2_camera_msgs/srv/detail/device_info__struct.hpp
[3.487s] -- Up-to-date symlink: /home/vvoxel/ros2_ws_mgr/install/realsense2_camera_msgs/include/realsense2_camera_msgs/realsense2_camera_msgs/srv/detail/device_info__traits.hpp
[3.487s] -- Up-to-date symlink: /home/vvoxel/ros2_ws_mgr/install/realsense2_camera_msgs/include/realsense2_camera_msgs/realsense2_camera_msgs/srv/detail/device_info__type_support.hpp
[3.487s] -- Up-to-date symlink: /home/vvoxel/ros2_ws_mgr/install/realsense2_camera_msgs/include/realsense2_camera_msgs/realsense2_camera_msgs/srv/device_info.hpp
[3.488s] -- Up-to-date symlink: /home/vvoxel/ros2_ws_mgr/install/realsense2_camera_msgs/include/realsense2_camera_msgs/realsense2_camera_msgs/msg/detail/extrinsics__rosidl_typesupport_fastrtps_cpp.hpp
[3.488s] -- Up-to-date symlink: /home/vvoxel/ros2_ws_mgr/install/realsense2_camera_msgs/include/realsense2_camera_msgs/realsense2_camera_msgs/msg/detail/imu_info__rosidl_typesupport_fastrtps_cpp.hpp
[3.488s] -- Up-to-date symlink: /home/vvoxel/ros2_ws_mgr/install/realsense2_camera_msgs/include/realsense2_camera_msgs/realsense2_camera_msgs/msg/detail/metadata__rosidl_typesupport_fastrtps_cpp.hpp
[3.488s] -- Up-to-date symlink: /home/vvoxel/ros2_ws_mgr/install/realsense2_camera_msgs/include/realsense2_camera_msgs/realsense2_camera_msgs/msg/detail/rgbd__rosidl_typesupport_fastrtps_cpp.hpp
[3.488s] -- Up-to-date symlink: /home/vvoxel/ros2_ws_mgr/install/realsense2_camera_msgs/include/realsense2_camera_msgs/realsense2_camera_msgs/msg/rosidl_typesupport_fastrtps_cpp__visibility_control.h
[3.488s] -- Up-to-date symlink: /home/vvoxel/ros2_ws_mgr/install/realsense2_camera_msgs/include/realsense2_camera_msgs/realsense2_camera_msgs/srv/detail/device_info__rosidl_typesupport_fastrtps_cpp.hpp
[3.488s] -- Up-to-date symlink: /home/vvoxel/ros2_ws_mgr/install/realsense2_camera_msgs/include/realsense2_camera_msgs/realsense2_camera_msgs/msg/detail/extrinsics__rosidl_typesupport_introspection_cpp.hpp
[3.489s] -- Up-to-date symlink: /home/vvoxel/ros2_ws_mgr/install/realsense2_camera_msgs/include/realsense2_camera_msgs/realsense2_camera_msgs/msg/detail/imu_info__rosidl_typesupport_introspection_cpp.hpp
[3.489s] -- Up-to-date symlink: /home/vvoxel/ros2_ws_mgr/install/realsense2_camera_msgs/include/realsense2_camera_msgs/realsense2_camera_msgs/msg/detail/metadata__rosidl_typesupport_introspection_cpp.hpp
[3.489s] -- Up-to-date symlink: /home/vvoxel/ros2_ws_mgr/install/realsense2_camera_msgs/include/realsense2_camera_msgs/realsense2_camera_msgs/msg/detail/rgbd__rosidl_typesupport_introspection_cpp.hpp
[3.489s] -- Up-to-date symlink: /home/vvoxel/ros2_ws_mgr/install/realsense2_camera_msgs/include/realsense2_camera_msgs/realsense2_camera_msgs/srv/detail/device_info__rosidl_typesupport_introspection_cpp.hpp
[3.489s] -- Up-to-date symlink: /home/vvoxel/ros2_ws_mgr/install/realsense2_camera_msgs/share/realsense2_camera_msgs/environment/pythonpath.sh
[3.489s] -- Up-to-date symlink: /home/vvoxel/ros2_ws_mgr/install/realsense2_camera_msgs/share/realsense2_camera_msgs/environment/pythonpath.dsv
[3.490s] -- Up-to-date symlink: /home/vvoxel/ros2_ws_mgr/install/realsense2_camera_msgs/lib/python3.12/site-packages/realsense2_camera_msgs-4.55.1-py3.12.egg-info/PKG-INFO
[3.490s] -- Up-to-date symlink: /home/vvoxel/ros2_ws_mgr/install/realsense2_camera_msgs/lib/python3.12/site-packages/realsense2_camera_msgs-4.55.1-py3.12.egg-info/SOURCES.txt
[3.490s] -- Up-to-date symlink: /home/vvoxel/ros2_ws_mgr/install/realsense2_camera_msgs/lib/python3.12/site-packages/realsense2_camera_msgs-4.55.1-py3.12.egg-info/dependency_links.txt
[3.490s] -- Up-to-date symlink: /home/vvoxel/ros2_ws_mgr/install/realsense2_camera_msgs/lib/python3.12/site-packages/realsense2_camera_msgs-4.55.1-py3.12.egg-info/top_level.txt
[3.490s] -- Up-to-date symlink: /home/vvoxel/ros2_ws_mgr/install/realsense2_camera_msgs/lib/python3.12/site-packages/realsense2_camera_msgs/__init__.py
[3.490s] -- Up-to-date symlink: /home/vvoxel/ros2_ws_mgr/install/realsense2_camera_msgs/lib/python3.12/site-packages/realsense2_camera_msgs/_realsense2_camera_msgs_s.ep.rosidl_typesupport_c.c
[3.490s] -- Up-to-date symlink: /home/vvoxel/ros2_ws_mgr/install/realsense2_camera_msgs/lib/python3.12/site-packages/realsense2_camera_msgs/_realsense2_camera_msgs_s.ep.rosidl_typesupport_fastrtps_c.c
[3.491s] -- Up-to-date symlink: /home/vvoxel/ros2_ws_mgr/install/realsense2_camera_msgs/lib/python3.12/site-packages/realsense2_camera_msgs/_realsense2_camera_msgs_s.ep.rosidl_typesupport_introspection_c.c
[3.491s] -- Up-to-date symlink: /home/vvoxel/ros2_ws_mgr/install/realsense2_camera_msgs/lib/python3.12/site-packages/realsense2_camera_msgs/msg/__init__.py
[3.491s] -- Up-to-date symlink: /home/vvoxel/ros2_ws_mgr/install/realsense2_camera_msgs/lib/python3.12/site-packages/realsense2_camera_msgs/msg/_extrinsics.py
[3.491s] -- Up-to-date symlink: /home/vvoxel/ros2_ws_mgr/install/realsense2_camera_msgs/lib/python3.12/site-packages/realsense2_camera_msgs/msg/_extrinsics_s.c
[3.491s] -- Up-to-date symlink: /home/vvoxel/ros2_ws_mgr/install/realsense2_camera_msgs/lib/python3.12/site-packages/realsense2_camera_msgs/msg/_imu_info.py
[3.491s] -- Up-to-date symlink: /home/vvoxel/ros2_ws_mgr/install/realsense2_camera_msgs/lib/python3.12/site-packages/realsense2_camera_msgs/msg/_imu_info_s.c
[3.491s] -- Up-to-date symlink: /home/vvoxel/ros2_ws_mgr/install/realsense2_camera_msgs/lib/python3.12/site-packages/realsense2_camera_msgs/msg/_metadata.py
[3.492s] -- Up-to-date symlink: /home/vvoxel/ros2_ws_mgr/install/realsense2_camera_msgs/lib/python3.12/site-packages/realsense2_camera_msgs/msg/_metadata_s.c
[3.492s] -- Up-to-date symlink: /home/vvoxel/ros2_ws_mgr/install/realsense2_camera_msgs/lib/python3.12/site-packages/realsense2_camera_msgs/msg/_rgbd.py
[3.492s] -- Up-to-date symlink: /home/vvoxel/ros2_ws_mgr/install/realsense2_camera_msgs/lib/python3.12/site-packages/realsense2_camera_msgs/msg/_rgbd_s.c
[3.492s] -- Up-to-date symlink: /home/vvoxel/ros2_ws_mgr/install/realsense2_camera_msgs/lib/python3.12/site-packages/realsense2_camera_msgs/realsense2_camera_msgs_s__rosidl_typesupport_c.so
[3.492s] -- Up-to-date symlink: /home/vvoxel/ros2_ws_mgr/install/realsense2_camera_msgs/lib/python3.12/site-packages/realsense2_camera_msgs/realsense2_camera_msgs_s__rosidl_typesupport_fastrtps_c.so
[3.492s] -- Up-to-date symlink: /home/vvoxel/ros2_ws_mgr/install/realsense2_camera_msgs/lib/python3.12/site-packages/realsense2_camera_msgs/realsense2_camera_msgs_s__rosidl_typesupport_introspection_c.so
[3.492s] -- Up-to-date symlink: /home/vvoxel/ros2_ws_mgr/install/realsense2_camera_msgs/lib/python3.12/site-packages/realsense2_camera_msgs/srv/__init__.py
[3.493s] -- Up-to-date symlink: /home/vvoxel/ros2_ws_mgr/install/realsense2_camera_msgs/lib/python3.12/site-packages/realsense2_camera_msgs/srv/_device_info.py
[3.493s] -- Up-to-date symlink: /home/vvoxel/ros2_ws_mgr/install/realsense2_camera_msgs/lib/python3.12/site-packages/realsense2_camera_msgs/srv/_device_info_s.c
[3.493s] -- Up-to-date symlink: /home/vvoxel/ros2_ws_mgr/install/realsense2_camera_msgs/lib/python3.12/site-packages/realsense2_camera_msgs/realsense2_camera_msgs_s__rosidl_typesupport_fastrtps_c.so
[3.493s] -- Up-to-date symlink: /home/vvoxel/ros2_ws_mgr/install/realsense2_camera_msgs/lib/python3.12/site-packages/realsense2_camera_msgs/realsense2_camera_msgs_s__rosidl_typesupport_introspection_c.so
[3.493s] -- Up-to-date symlink: /home/vvoxel/ros2_ws_mgr/install/realsense2_camera_msgs/lib/python3.12/site-packages/realsense2_camera_msgs/realsense2_camera_msgs_s__rosidl_typesupport_c.so
[3.494s] -- Up-to-date symlink: /home/vvoxel/ros2_ws_mgr/install/realsense2_camera_msgs/share/realsense2_camera_msgs/msg/IMUInfo.idl
[3.494s] -- Up-to-date symlink: /home/vvoxel/ros2_ws_mgr/install/realsense2_camera_msgs/share/realsense2_camera_msgs/msg/Extrinsics.idl
[3.494s] -- Up-to-date symlink: /home/vvoxel/ros2_ws_mgr/install/realsense2_camera_msgs/share/realsense2_camera_msgs/msg/Metadata.idl
[3.494s] -- Up-to-date symlink: /home/vvoxel/ros2_ws_mgr/install/realsense2_camera_msgs/share/realsense2_camera_msgs/msg/RGBD.idl
[3.495s] -- Up-to-date symlink: /home/vvoxel/ros2_ws_mgr/install/realsense2_camera_msgs/share/realsense2_camera_msgs/srv/DeviceInfo.idl
[3.495s] -- Up-to-date symlink: /home/vvoxel/ros2_ws_mgr/install/realsense2_camera_msgs/share/realsense2_camera_msgs/msg/IMUInfo.msg
[3.495s] -- Up-to-date symlink: /home/vvoxel/ros2_ws_mgr/install/realsense2_camera_msgs/share/realsense2_camera_msgs/msg/Extrinsics.msg
[3.495s] -- Up-to-date symlink: /home/vvoxel/ros2_ws_mgr/install/realsense2_camera_msgs/share/realsense2_camera_msgs/msg/Metadata.msg
[3.495s] -- Up-to-date symlink: /home/vvoxel/ros2_ws_mgr/install/realsense2_camera_msgs/share/realsense2_camera_msgs/msg/RGBD.msg
[3.496s] -- Up-to-date symlink: /home/vvoxel/ros2_ws_mgr/install/realsense2_camera_msgs/share/realsense2_camera_msgs/srv/DeviceInfo.srv
[3.496s] -- Up-to-date symlink: /home/vvoxel/ros2_ws_mgr/install/realsense2_camera_msgs/share/ament_index/resource_index/package_run_dependencies/realsense2_camera_msgs
[3.496s] -- Up-to-date symlink: /home/vvoxel/ros2_ws_mgr/install/realsense2_camera_msgs/share/ament_index/resource_index/parent_prefix_path/realsense2_camera_msgs
[3.497s] -- Up-to-date symlink: /home/vvoxel/ros2_ws_mgr/install/realsense2_camera_msgs/share/realsense2_camera_msgs/environment/ament_prefix_path.sh
[3.497s] -- Up-to-date symlink: /home/vvoxel/ros2_ws_mgr/install/realsense2_camera_msgs/share/realsense2_camera_msgs/environment/ament_prefix_path.dsv
[3.497s] -- Up-to-date symlink: /home/vvoxel/ros2_ws_mgr/install/realsense2_camera_msgs/share/realsense2_camera_msgs/environment/path.sh
[3.497s] -- Up-to-date symlink: /home/vvoxel/ros2_ws_mgr/install/realsense2_camera_msgs/share/realsense2_camera_msgs/environment/path.dsv
[3.498s] -- Up-to-date symlink: /home/vvoxel/ros2_ws_mgr/install/realsense2_camera_msgs/share/realsense2_camera_msgs/local_setup.bash
[3.498s] -- Up-to-date symlink: /home/vvoxel/ros2_ws_mgr/install/realsense2_camera_msgs/share/realsense2_camera_msgs/local_setup.sh
[3.498s] -- Up-to-date symlink: /home/vvoxel/ros2_ws_mgr/install/realsense2_camera_msgs/share/realsense2_camera_msgs/local_setup.zsh
[3.499s] -- Up-to-date symlink: /home/vvoxel/ros2_ws_mgr/install/realsense2_camera_msgs/share/realsense2_camera_msgs/local_setup.dsv
[3.499s] -- Symlinking: /home/vvoxel/ros2_ws_mgr/install/realsense2_camera_msgs/share/realsense2_camera_msgs/package.dsv
[3.517s] -- Up-to-date symlink: /home/vvoxel/ros2_ws_mgr/install/realsense2_camera_msgs/share/ament_index/resource_index/packages/realsense2_camera_msgs
[3.517s] -- Up-to-date symlink: /home/vvoxel/ros2_ws_mgr/install/realsense2_camera_msgs/share/realsense2_camera_msgs/cmake/rosidl_cmake-extras.cmake
[3.517s] -- Up-to-date symlink: /home/vvoxel/ros2_ws_mgr/install/realsense2_camera_msgs/share/realsense2_camera_msgs/cmake/ament_cmake_export_dependencies-extras.cmake
[3.518s] -- Up-to-date symlink: /home/vvoxel/ros2_ws_mgr/install/realsense2_camera_msgs/share/realsense2_camera_msgs/cmake/ament_cmake_export_include_directories-extras.cmake
[3.518s] -- Up-to-date symlink: /home/vvoxel/ros2_ws_mgr/install/realsense2_camera_msgs/share/realsense2_camera_msgs/cmake/ament_cmake_export_libraries-extras.cmake
[3.519s] -- Up-to-date symlink: /home/vvoxel/ros2_ws_mgr/install/realsense2_camera_msgs/share/realsense2_camera_msgs/cmake/ament_cmake_export_targets-extras.cmake
[3.519s] -- Up-to-date symlink: /home/vvoxel/ros2_ws_mgr/install/realsense2_camera_msgs/share/realsense2_camera_msgs/cmake/rosidl_cmake_export_typesupport_targets-extras.cmake
[3.519s] -- Up-to-date symlink: /home/vvoxel/ros2_ws_mgr/install/realsense2_camera_msgs/share/realsense2_camera_msgs/cmake/rosidl_cmake_export_typesupport_libraries-extras.cmake
[3.519s] -- Up-to-date symlink: /home/vvoxel/ros2_ws_mgr/install/realsense2_camera_msgs/share/realsense2_camera_msgs/cmake/realsense2_camera_msgsConfig.cmake
[3.520s] -- Up-to-date symlink: /home/vvoxel/ros2_ws_mgr/install/realsense2_camera_msgs/share/realsense2_camera_msgs/cmake/realsense2_camera_msgsConfig-version.cmake
[3.520s] -- Up-to-date symlink: /home/vvoxel/ros2_ws_mgr/install/realsense2_camera_msgs/share/realsense2_camera_msgs/package.xml
[3.520s] -- Up-to-date: /home/vvoxel/ros2_ws_mgr/install/realsense2_camera_msgs/lib/librealsense2_camera_msgs__rosidl_generator_c.so
[3.521s] -- Up-to-date: /home/vvoxel/ros2_ws_mgr/install/realsense2_camera_msgs/lib/librealsense2_camera_msgs__rosidl_typesupport_fastrtps_c.so
[3.522s] -- Up-to-date: /home/vvoxel/ros2_ws_mgr/install/realsense2_camera_msgs/lib/librealsense2_camera_msgs__rosidl_typesupport_introspection_c.so
[3.522s] -- Up-to-date: /home/vvoxel/ros2_ws_mgr/install/realsense2_camera_msgs/lib/librealsense2_camera_msgs__rosidl_typesupport_c.so
[3.522s] -- Up-to-date: /home/vvoxel/ros2_ws_mgr/install/realsense2_camera_msgs/lib/librealsense2_camera_msgs__rosidl_typesupport_fastrtps_cpp.so
[3.522s] -- Up-to-date: /home/vvoxel/ros2_ws_mgr/install/realsense2_camera_msgs/lib/librealsense2_camera_msgs__rosidl_typesupport_introspection_cpp.so
[3.523s] -- Up-to-date: /home/vvoxel/ros2_ws_mgr/install/realsense2_camera_msgs/lib/librealsense2_camera_msgs__rosidl_typesupport_cpp.so
[3.610s] Listing '/home/vvoxel/ros2_ws_mgr/install/realsense2_camera_msgs/lib/python3.12/site-packages/realsense2_camera_msgs'...
[3.611s] Listing '/home/vvoxel/ros2_ws_mgr/install/realsense2_camera_msgs/lib/python3.12/site-packages/realsense2_camera_msgs/msg'...
[3.611s] Listing '/home/vvoxel/ros2_ws_mgr/install/realsense2_camera_msgs/lib/python3.12/site-packages/realsense2_camera_msgs/srv'...
[3.626s] -- Up-to-date: /home/vvoxel/ros2_ws_mgr/install/realsense2_camera_msgs/lib/librealsense2_camera_msgs__rosidl_generator_py.so
[3.627s] -- Up-to-date: /home/vvoxel/ros2_ws_mgr/install/realsense2_camera_msgs/share/realsense2_camera_msgs/cmake/export_realsense2_camera_msgs__rosidl_generator_cExport.cmake
[3.627s] -- Up-to-date: /home/vvoxel/ros2_ws_mgr/install/realsense2_camera_msgs/share/realsense2_camera_msgs/cmake/export_realsense2_camera_msgs__rosidl_generator_cExport-noconfig.cmake
[3.628s] -- Up-to-date: /home/vvoxel/ros2_ws_mgr/install/realsense2_camera_msgs/share/realsense2_camera_msgs/cmake/export_realsense2_camera_msgs__rosidl_typesupport_fastrtps_cExport.cmake
[3.628s] -- Up-to-date: /home/vvoxel/ros2_ws_mgr/install/realsense2_camera_msgs/share/realsense2_camera_msgs/cmake/export_realsense2_camera_msgs__rosidl_typesupport_fastrtps_cExport-noconfig.cmake
[3.629s] -- Up-to-date: /home/vvoxel/ros2_ws_mgr/install/realsense2_camera_msgs/share/realsense2_camera_msgs/cmake/realsense2_camera_msgs__rosidl_typesupport_introspection_cExport.cmake
[3.629s] -- Up-to-date: /home/vvoxel/ros2_ws_mgr/install/realsense2_camera_msgs/share/realsense2_camera_msgs/cmake/realsense2_camera_msgs__rosidl_typesupport_introspection_cExport-noconfig.cmake
[3.629s] -- Up-to-date: /home/vvoxel/ros2_ws_mgr/install/realsense2_camera_msgs/share/realsense2_camera_msgs/cmake/realsense2_camera_msgs__rosidl_typesupport_cExport.cmake
[3.630s] -- Up-to-date: /home/vvoxel/ros2_ws_mgr/install/realsense2_camera_msgs/share/realsense2_camera_msgs/cmake/realsense2_camera_msgs__rosidl_typesupport_cExport-noconfig.cmake
[3.630s] -- Up-to-date: /home/vvoxel/ros2_ws_mgr/install/realsense2_camera_msgs/share/realsense2_camera_msgs/cmake/export_realsense2_camera_msgs__rosidl_generator_cppExport.cmake
[3.630s] -- Up-to-date: /home/vvoxel/ros2_ws_mgr/install/realsense2_camera_msgs/share/realsense2_camera_msgs/cmake/export_realsense2_camera_msgs__rosidl_typesupport_fastrtps_cppExport.cmake
[3.630s] -- Up-to-date: /home/vvoxel/ros2_ws_mgr/install/realsense2_camera_msgs/share/realsense2_camera_msgs/cmake/export_realsense2_camera_msgs__rosidl_typesupport_fastrtps_cppExport-noconfig.cmake
[3.630s] -- Up-to-date: /home/vvoxel/ros2_ws_mgr/install/realsense2_camera_msgs/share/realsense2_camera_msgs/cmake/realsense2_camera_msgs__rosidl_typesupport_introspection_cppExport.cmake
[3.630s] -- Up-to-date: /home/vvoxel/ros2_ws_mgr/install/realsense2_camera_msgs/share/realsense2_camera_msgs/cmake/realsense2_camera_msgs__rosidl_typesupport_introspection_cppExport-noconfig.cmake
[3.631s] -- Up-to-date: /home/vvoxel/ros2_ws_mgr/install/realsense2_camera_msgs/share/realsense2_camera_msgs/cmake/realsense2_camera_msgs__rosidl_typesupport_cppExport.cmake
[3.631s] -- Up-to-date: /home/vvoxel/ros2_ws_mgr/install/realsense2_camera_msgs/share/realsense2_camera_msgs/cmake/realsense2_camera_msgs__rosidl_typesupport_cppExport-noconfig.cmake
[3.631s] -- Up-to-date: /home/vvoxel/ros2_ws_mgr/install/realsense2_camera_msgs/share/realsense2_camera_msgs/cmake/export_realsense2_camera_msgs__rosidl_generator_pyExport.cmake
[3.632s] -- Up-to-date: /home/vvoxel/ros2_ws_mgr/install/realsense2_camera_msgs/share/realsense2_camera_msgs/cmake/export_realsense2_camera_msgs__rosidl_generator_pyExport-noconfig.cmake
[3.673s] Invoked command in '/home/vvoxel/ros2_ws_mgr/build/realsense2_camera_msgs' returned '0': CMAKE_PREFIX_PATH=/home/vvoxel/ros2_ws_mgr/install/sim_launcher:/opt/ros/jazzy:${CMAKE_PREFIX_PATH} DEBUGINFOD_URLS=https://debuginfod.ubuntu.com /usr/bin/cmake --install /home/vvoxel/ros2_ws_mgr/build/realsense2_camera_msgs
