[0.083s] Invoking command in '/home/vvoxel/ros2_ws_mgr/build/ros_gz_sim': CMAKE_PREFIX_PATH=/home/vvoxel/ros2_ws_mgr/install/sim_launcher:/opt/ros/jazzy:${CMAKE_PREFIX_PATH} DEBUGINFOD_URLS=https://debuginfod.ubuntu.com /usr/bin/cmake /home/vvoxel/ros2_ws_mgr/src/ros_gz/ros_gz_sim -DCMAKE_INSTALL_PREFIX=/home/vvoxel/ros2_ws_mgr/install/ros_gz_sim
[0.139s] -- Found ament_cmake: 2.5.3 (/opt/ros/jazzy/share/ament_cmake/cmake)
[1.103s] -- Override CMake install command with custom implementation using symlinks instead of copying resources
[1.149s] -- Found rclcpp: 28.1.8 (/opt/ros/jazzy/share/rclcpp/cmake)
[1.337s] -- Found rosidl_generator_c: 4.6.5 (/opt/ros/jazzy/share/rosidl_generator_c/cmake)
[1.386s] -- Found rosidl_generator_cpp: 4.6.5 (/opt/ros/jazzy/share/rosidl_generator_cpp/cmake)
[1.433s] -- Using all available rosidl_typesupport_c: rosidl_typesupport_fastrtps_c;rosidl_typesupport_introspection_c
[1.531s] -- Using all available rosidl_typesupport_cpp: rosidl_typesupport_fastrtps_cpp;rosidl_typesupport_introspection_cpp
[1.902s] -- Found rmw_implementation_cmake: 7.3.2 (/opt/ros/jazzy/share/rmw_implementation_cmake/cmake)
[1.908s] -- Found rmw_fastrtps_cpp: 8.4.2 (/opt/ros/jazzy/share/rmw_fastrtps_cpp/cmake)
[2.176s] -- Using RMW implementation 'rmw_fastrtps_cpp' as default
[2.422s] -- Found rclcpp_components: 28.1.8 (/opt/ros/jazzy/share/rclcpp_components/cmake)
[2.527s] -- Found std_msgs: 5.3.6 (/opt/ros/jazzy/share/std_msgs/cmake)
[2.561s] -- Found gz_math_vendor: 0.0.8 (/opt/ros/jazzy/share/gz_math_vendor/cmake)
[2.566s] -- Looking for gz-math7 -- found version 7.5.2
[2.576s] -- Searching for dependencies of gz-math7
[2.577s] -- Looking for gz-utils2 -- found version 2.2.1
[2.577s] -- Searching for dependencies of gz-utils2
[2.579s] -- Found gz_transport_vendor: 0.0.6 (/opt/ros/jazzy/share/gz_transport_vendor/cmake)
[2.586s] -- Looking for gz-transport13 -- found version 13.4.1
[2.586s] -- Searching for dependencies of gz-transport13
[2.660s] -- Config-file not installed for ZeroMQ -- checking for pkg-config
[2.666s] -- Checking for module 'libzmq >= 4'
[2.702s] --   Found libzmq, version 4.3.5
[2.814s] -- Checking for module 'uuid'
[2.855s] --   Found uuid, version 2.39.3
[2.933s] -- Looking for gz-utils2 -- found version 2.2.1
[2.934s] -- Searching for dependencies of gz-utils2
[2.934s] -- Searching for <gz-utils2> component [cli]
[2.935s] -- Looking for gz-utils2-cli -- found version 2.2.1
[2.936s] -- Searching for dependencies of gz-utils2-cli
[2.938s] -- Looking for gz-msgs10 -- found version 10.3.2
[2.938s] -- Searching for dependencies of gz-msgs10
[2.982s] -- Looking for gz-utils2 -- found version 2.2.1
[2.984s] -- Looking for gz-math7 -- found version 7.5.2
[2.999s] -- Checking for module 'tinyxml2'
[3.040s] --   Found tinyxml2, version 10.0.0
[3.220s] -- Looking for gz-msgs10 -- found version 10.3.2
[3.225s] -- Found gz_sim_vendor: 0.0.8 (/opt/ros/jazzy/share/gz_sim_vendor/cmake)
[3.247s] -- Looking for gz-sim8 -- found version 8.9.0
[3.247s] -- Searching for dependencies of gz-sim8
[3.247s] -- Looking for sdformat14 -- found version 14.7.0
[3.247s] -- Searching for dependencies of sdformat14
[3.248s] -- Looking for gz-math7 -- found version 7.5.2
[3.248s] -- Looking for gz-utils2 -- found version 2.2.1
[3.248s] -- Looking for gz-plugin2 -- found version 2.0.4
[3.248s] -- Searching for dependencies of gz-plugin2
[3.249s] -- Looking for gz-utils2 -- found version 2.2.1
[3.249s] -- Searching for <gz-plugin2> component [loader]
[3.249s] -- Looking for gz-plugin2-loader -- found version 2.0.4
[3.249s] -- Searching for dependencies of gz-plugin2-loader
[3.250s] -- Searching for <gz-plugin2> component [register]
[3.250s] -- Looking for gz-plugin2-register -- found version 2.0.4
[3.250s] -- Searching for dependencies of gz-plugin2-register
[3.251s] -- Looking for gz-transport13 -- found version 13.4.1
[3.251s] -- Searching for dependencies of gz-transport13
[3.309s] -- Config-file not installed for ZeroMQ -- checking for pkg-config
[3.315s] -- Checking for module 'libzmq >= 4'
[3.353s] --   Found libzmq, version 4.3.5
[3.458s] -- Looking for gz-utils2 -- found version 2.2.1
[3.458s] -- Looking for gz-msgs10 -- found version 10.3.2
[3.459s] -- Searching for <gz-transport13> component [log]
[3.460s] -- Looking for gz-transport13-log -- found version 13.4.1
[3.461s] -- Searching for dependencies of gz-transport13-log
[3.463s] -- Searching for <gz-transport13> component [parameters]
[3.464s] -- Looking for gz-transport13-parameters -- found version 13.4.1
[3.465s] -- Searching for dependencies of gz-transport13-parameters
[3.468s] -- Looking for gz-msgs10 -- found version 10.3.2
[3.469s] -- Looking for gz-common5 -- found version 5.7.1
[3.470s] -- Searching for dependencies of gz-common5
[3.471s] -- Looking for gz-utils2 -- found version 2.2.1
[3.472s] -- Looking for dlfcn.h - found
[3.472s] -- Looking for libdl - found
[3.497s] -- Searching for <gz-common5> component [av]
[3.499s] -- Looking for gz-common5-av -- found version 5.7.1
[3.499s] -- Searching for dependencies of gz-common5-av
[3.514s] -- Checking for module 'libswscale'
[3.564s] --   Found libswscale, version 7.5.100
[3.658s] -- Checking for module 'libavdevice >= 56.4.100'
[3.705s] --   Found libavdevice, version 60.3.100
[3.831s] -- Checking for module 'libavformat'
[3.882s] --   Found libavformat, version 60.16.100
[3.996s] -- Checking for module 'libavcodec'
[4.046s] --   Found libavcodec, version 60.31.102
[4.158s] -- Checking for module 'libavutil'
[4.197s] --   Found libavutil, version 58.29.100
[4.263s] -- Searching for <gz-common5> component [events]
[4.264s] -- Looking for gz-common5-events -- found version 5.7.1
[4.264s] -- Searching for dependencies of gz-common5-events
[4.265s] -- Looking for gz-math7 -- found version 7.5.2
[4.267s] -- Searching for <gz-common5> component [graphics]
[4.268s] -- Looking for gz-common5-graphics -- found version 5.7.1
[4.268s] -- Searching for dependencies of gz-common5-graphics
[4.269s] -- Looking for gz-math7 -- found version 7.5.2
[4.275s] -- Searching for <gz-common5> component [io]
[4.277s] -- Looking for gz-common5-io -- found version 5.7.1
[4.277s] -- Searching for dependencies of gz-common5-io
[4.279s] -- Searching for <gz-common5> component [profiler]
[4.280s] -- Looking for gz-common5-profiler -- found version 5.7.1
[4.280s] -- Searching for dependencies of gz-common5-profiler
[4.283s] -- Looking for gz-fuel_tools9 -- found version 9.1.1
[4.283s] -- Searching for dependencies of gz-fuel_tools9
[4.374s] -- Checking for module 'jsoncpp'
[4.411s] --   Found jsoncpp, version 1.9.5
[4.563s] -- Checking for module 'yaml-0.1'
[4.611s] --   Found yaml-0.1, version 0.2.5
[4.784s] -- Checking for module 'libzip'
[4.839s] --   Found libzip, version 1.7.3
[4.937s] -- Looking for gz-utils2 -- found version 2.2.1
[4.939s] -- Looking for gz-common5 -- found version 5.7.1
[4.939s] -- Searching for dependencies of gz-common5
[4.940s] -- Looking for gz-utils2 -- found version 2.2.1
[4.941s] -- Looking for dlfcn.h - found
[4.941s] -- Looking for libdl - found
[4.964s] -- Searching for <gz-common5> component [testing]
[4.966s] -- Looking for gz-common5-testing -- found version 5.7.1
[4.967s] -- Searching for dependencies of gz-common5-testing
[4.972s] -- Looking for gz-math7 -- found version 7.5.2
[4.972s] -- Looking for gz-msgs10 -- found version 10.3.2
[4.981s] -- Looking for gz-gui8 -- found version 8.4.0
[4.981s] -- Searching for dependencies of gz-gui8
[5.081s] -- Looking for gz-utils2 -- found version 2.2.1
[5.082s] -- Looking for gz-math7 -- found version 7.5.2
[5.083s] -- Looking for gz-common5 -- found version 5.7.1
[5.085s] -- Looking for gz-plugin2 -- found version 2.0.4
[5.086s] -- Looking for gz-transport13 -- found version 13.4.1
[5.088s] -- Looking for gz-rendering8 -- found version 8.2.2
[5.088s] -- Searching for dependencies of gz-rendering8
[5.090s] -- Looking for gz-math7 -- found version 7.5.2
[5.090s] -- Searching for dependencies of gz-math7
[5.091s] -- Looking for gz-utils2 -- found version 2.2.1
[5.092s] -- Searching for <gz-math7> component [eigen3]
[5.094s] -- Looking for gz-math7-eigen3 -- found version 7.5.2
[5.094s] -- Searching for dependencies of gz-math7-eigen3
[5.104s] -- Looking for gz-common5 -- found version 5.7.1
[5.104s] -- Searching for dependencies of gz-common5
[5.105s] -- Looking for gz-utils2 -- found version 2.2.1
[5.105s] -- Looking for dlfcn.h - found
[5.105s] -- Looking for libdl - found
[5.128s] -- Searching for <gz-common5> component [graphics]
[5.128s] -- Searching for <gz-common5> component [events]
[5.128s] -- Searching for <gz-common5> component [geospatial]
[5.129s] -- Looking for gz-common5-geospatial -- found version 5.7.1
[5.130s] -- Searching for dependencies of gz-common5-geospatial
[5.131s] -- Looking for gz-math7 -- found version 7.5.2
[5.132s] -- Looking for gz-common5 -- found version 5.7.1
[5.136s] -- Looking for gz-plugin2 -- found version 2.0.4
[5.136s] -- Searching for dependencies of gz-plugin2
[5.138s] -- Looking for gz-utils2 -- found version 2.2.1
[5.138s] -- Searching for <gz-plugin2> component [all]
[5.140s] -- Looking for all libraries of gz-plugin2 -- found version 2.0.4
[5.142s] -- Looking for gz-plugin2 -- found version 2.0.4
[5.145s] -- Looking for gz-utils2 -- found version 2.2.1
[5.158s] -- Looking for gz-msgs10 -- found version 10.3.2
[5.231s] -- Looking for gz-physics7 -- found version 7.5.0
[5.231s] -- Searching for dependencies of gz-physics7
[5.232s] -- Looking for gz-common5 -- found version 5.7.1
[5.234s] -- Looking for gz-math7 -- found version 7.5.2
[5.235s] -- Looking for gz-plugin2 -- found version 2.0.4
[5.237s] -- Looking for gz-utils2 -- found version 2.2.1
[5.241s] -- Searching for <gz-physics7> component [heightmap]
[5.243s] -- Looking for gz-physics7-heightmap -- found version 7.5.0
[5.243s] -- Searching for dependencies of gz-physics7-heightmap
[5.244s] -- Looking for gz-common5 -- found version 5.7.1
[5.246s] -- Searching for <gz-physics7> component [mesh]
[5.248s] -- Looking for gz-physics7-mesh -- found version 7.5.0
[5.248s] -- Searching for dependencies of gz-physics7-mesh
[5.250s] -- Looking for gz-common5 -- found version 5.7.1
[5.251s] -- Searching for <gz-physics7> component [sdf]
[5.253s] -- Looking for gz-physics7-sdf -- found version 7.5.0
[5.253s] -- Searching for dependencies of gz-physics7-sdf
[5.255s] -- Looking for sdformat14 -- found version 14.7.0
[5.258s] -- Looking for gz-sensors8 -- found version 8.2.2
[5.258s] -- Searching for dependencies of gz-sensors8
[5.324s] -- Looking for gz-math7 -- found version 7.5.2
[5.326s] -- Looking for gz-common5 -- found version 5.7.1
[5.327s] -- Looking for gz-transport13 -- found version 13.4.1
[5.329s] -- Looking for gz-rendering8 -- found version 8.2.2
[5.330s] -- Looking for gz-msgs10 -- found version 10.3.2
[5.331s] -- Looking for sdformat14 -- found version 14.7.0
[5.334s] -- Searching for <gz-sensors8> component [air_pressure]
[5.336s] -- Looking for gz-sensors8-air_pressure -- found version 8.2.2
[5.336s] -- Searching for dependencies of gz-sensors8-air_pressure
[5.338s] -- Searching for <gz-sensors8> component [air_speed]
[5.340s] -- Looking for gz-sensors8-air_speed -- found version 8.2.2
[5.340s] -- Searching for dependencies of gz-sensors8-air_speed
[5.342s] -- Searching for <gz-sensors8> component [altimeter]
[5.344s] -- Looking for gz-sensors8-altimeter -- found version 8.2.2
[5.344s] -- Searching for dependencies of gz-sensors8-altimeter
[5.346s] -- Searching for <gz-sensors8> component [imu]
[5.348s] -- Looking for gz-sensors8-imu -- found version 8.2.2
[5.349s] -- Searching for dependencies of gz-sensors8-imu
[5.351s] -- Searching for <gz-sensors8> component [force_torque]
[5.352s] -- Looking for gz-sensors8-force_torque -- found version 8.2.2
[5.353s] -- Searching for dependencies of gz-sensors8-force_torque
[5.355s] -- Searching for <gz-sensors8> component [logical_camera]
[5.357s] -- Looking for gz-sensors8-logical_camera -- found version 8.2.2
[5.357s] -- Searching for dependencies of gz-sensors8-logical_camera
[5.359s] -- Searching for <gz-sensors8> component [magnetometer]
[5.361s] -- Looking for gz-sensors8-magnetometer -- found version 8.2.2
[5.361s] -- Searching for dependencies of gz-sensors8-magnetometer
[5.363s] -- Searching for <gz-sensors8> component [navsat]
[5.365s] -- Looking for gz-sensors8-navsat -- found version 8.2.2
[5.365s] -- Searching for dependencies of gz-sensors8-navsat
[5.367s] -- Searching for <gz-sensors8> component [dvl]
[5.369s] -- Looking for gz-sensors8-dvl -- found version 8.2.2
[5.369s] -- Searching for dependencies of gz-sensors8-dvl
[5.371s] -- Looking for gz-sensors8 -- found version 8.2.2
[5.371s] -- Searching for dependencies of gz-sensors8
[5.439s] -- Looking for gz-math7 -- found version 7.5.2
[5.439s] -- Looking for gz-common5 -- found version 5.7.1
[5.442s] -- Looking for gz-transport13 -- found version 13.4.1
[5.444s] -- Looking for gz-rendering8 -- found version 8.2.2
[5.446s] -- Looking for gz-msgs10 -- found version 10.3.2
[5.449s] -- Looking for sdformat14 -- found version 14.7.0
[5.449s] -- Searching for <gz-sensors8> component [rendering]
[5.455s] -- Looking for gz-sensors8-rendering -- found version 8.2.2
[5.456s] -- Searching for dependencies of gz-sensors8-rendering
[5.465s] -- Searching for <gz-sensors8> component [rendering]
[5.466s] -- Searching for <gz-sensors8> component [lidar]
[5.469s] -- Looking for gz-sensors8-lidar -- found version 8.2.2
[5.469s] -- Searching for dependencies of gz-sensors8-lidar
[5.469s] -- Looking for gz-sensors8 -- found version 8.2.2
[5.472s] -- Searching for <gz-sensors8> component [gpu_lidar]
[5.483s] -- Looking for gz-sensors8-gpu_lidar -- found version 8.2.2
[5.483s] -- Searching for dependencies of gz-sensors8-gpu_lidar
[5.483s] -- Looking for gz-sensors8 -- found version 8.2.2
[5.490s] -- Searching for <gz-sensors8> component [camera]
[5.491s] -- Looking for gz-sensors8-camera -- found version 8.2.2
[5.495s] -- Searching for dependencies of gz-sensors8-camera
[5.499s] -- Looking for gz-sensors8 -- found version 8.2.2
[5.502s] -- Searching for <gz-sensors8> component [boundingbox_camera]
[5.507s] -- Looking for gz-sensors8-boundingbox_camera -- found version 8.2.2
[5.507s] -- Searching for dependencies of gz-sensors8-boundingbox_camera
[5.516s] -- Searching for <gz-sensors8> component [segmentation_camera]
[5.517s] -- Looking for gz-sensors8-segmentation_camera -- found version 8.2.2
[5.522s] -- Searching for dependencies of gz-sensors8-segmentation_camera
[5.522s] -- Searching for <gz-sensors8> component [depth_camera]
[5.523s] -- Looking for gz-sensors8-depth_camera -- found version 8.2.2
[5.523s] -- Searching for dependencies of gz-sensors8-depth_camera
[5.526s] -- Looking for gz-sensors8 -- found version 8.2.2
[5.527s] -- Searching for <gz-sensors8> component [rgbd_camera]
[5.529s] -- Looking for gz-sensors8-rgbd_camera -- found version 8.2.2
[5.529s] -- Searching for dependencies of gz-sensors8-rgbd_camera
[5.531s] -- Looking for gz-sensors8 -- found version 8.2.2
[5.537s] -- Searching for <gz-sensors8> component [thermal_camera]
[5.537s] -- Looking for gz-sensors8-thermal_camera -- found version 8.2.2
[5.537s] -- Searching for dependencies of gz-sensors8-thermal_camera
[5.538s] -- Looking for gz-sensors8 -- found version 8.2.2
[5.540s] -- Searching for <gz-sensors8> component [wide_angle_camera]
[5.543s] -- Looking for gz-sensors8-wide_angle_camera -- found version 8.2.2
[5.543s] -- Searching for dependencies of gz-sensors8-wide_angle_camera
[5.547s] -- Looking for gz-rendering8 -- found version 8.2.2
[5.547s] -- Looking for gz-math7 -- found version 7.5.2
[5.549s] -- Looking for gz-utils2 -- found version 2.2.1
[5.633s] -- Looking for gflags - found
[5.633s] 
[5.992s] -- Found ament_lint_auto: 0.17.2 (/opt/ros/jazzy/share/ament_lint_auto/cmake)
[6.325s] -- Found python_cmake_module: 0.11.1 (/opt/ros/jazzy/share/python_cmake_module/cmake)
[6.938s] -- Found ament_cmake_gtest: 2.5.3 (/opt/ros/jazzy/share/ament_cmake_gtest/cmake)
[6.948s] -- Found gtest sources under '/opt/ros/jazzy/src/gtest_vendor': C++ tests using 'Google Test' will be built
[7.011s] -- Added test 'copyright' to check source files copyright and LICENSE
[7.017s] -- Added test 'cppcheck' to perform static code analysis on C / C++ code
[7.022s] -- Configured cppcheck include dirs: $<BUILD_INTERFACE:/home/vvoxel/ros2_ws_mgr/src/ros_gz/ros_gz_sim/include>
[7.022s] -- Configured cppcheck exclude dirs and/or files: 
[7.024s] -- Added test 'cpplint' to check C / C++ code against the Google style
[7.025s] -- Configured cpplint exclude dirs and/or files: 
[7.030s] -- Added test 'flake8' to check Python code syntax and style conventions
[7.030s] -- Configured 'flake8' exclude dirs and/or files: 
[7.030s] -- Added test 'lint_cmake' to check CMake code style
[7.032s] -- Added test 'pep257' to check Python code against some of the docstring style conventions in PEP 257
[7.036s] -- Added test 'uncrustify' to check C / C++ code style
[7.037s] -- Configured uncrustify additional arguments: 
[7.038s] -- Added test 'xmllint' to check XML markup files
[7.044s] -- Configuring done (6.9s)
[7.215s] -- Generating done (0.1s)
[7.271s] -- Build files have been written to: /home/vvoxel/ros2_ws_mgr/build/ros_gz_sim
[7.310s] Invoked command in '/home/vvoxel/ros2_ws_mgr/build/ros_gz_sim' returned '0': CMAKE_PREFIX_PATH=/home/vvoxel/ros2_ws_mgr/install/sim_launcher:/opt/ros/jazzy:${CMAKE_PREFIX_PATH} DEBUGINFOD_URLS=https://debuginfod.ubuntu.com /usr/bin/cmake /home/vvoxel/ros2_ws_mgr/src/ros_gz/ros_gz_sim -DCMAKE_INSTALL_PREFIX=/home/vvoxel/ros2_ws_mgr/install/ros_gz_sim
[7.325s] Invoking command in '/home/vvoxel/ros2_ws_mgr/build/ros_gz_sim': CMAKE_PREFIX_PATH=/home/vvoxel/ros2_ws_mgr/install/sim_launcher:/opt/ros/jazzy:${CMAKE_PREFIX_PATH} DEBUGINFOD_URLS=https://debuginfod.ubuntu.com /usr/bin/cmake --build /home/vvoxel/ros2_ws_mgr/build/ros_gz_sim -- -j8 -l8
[7.550s] [  0%] Built target ament_cmake_python_symlink_ros_gz_sim_setup
[7.553s] [ 10%] Built target ros_gz_sim
[7.556s] [ 20%] Built target gtest_main
[7.566s] [ 30%] Built target remove
[7.571s] [ 30%] Built target ament_cmake_python_symlink_ros_gz_sim
[7.581s] [ 40%] Built target gzserver
[7.593s] [ 50%] Built target gzserver_component
[7.593s] [ 60%] Built target create
[7.626s] [ 70%] Built target gtest
[7.699s] [ 80%] Built target test_remove
[7.711s] [ 90%] Built target test_create
[7.717s] [100%] Built target test_stopwatch
[8.381s] running egg_info
[8.466s] writing ros_gz_sim.egg-info/PKG-INFO
[8.466s] writing dependency_links to ros_gz_sim.egg-info/dependency_links.txt
[8.467s] writing entry points to ros_gz_sim.egg-info/entry_points.txt
[8.468s] writing top-level names to ros_gz_sim.egg-info/top_level.txt
[8.712s] reading manifest file 'ros_gz_sim.egg-info/SOURCES.txt'
[8.714s] writing manifest file 'ros_gz_sim.egg-info/SOURCES.txt'
[8.797s] [100%] Built target ament_cmake_python_build_ros_gz_sim_egg
[8.831s] Invoked command in '/home/vvoxel/ros2_ws_mgr/build/ros_gz_sim' returned '0': CMAKE_PREFIX_PATH=/home/vvoxel/ros2_ws_mgr/install/sim_launcher:/opt/ros/jazzy:${CMAKE_PREFIX_PATH} DEBUGINFOD_URLS=https://debuginfod.ubuntu.com /usr/bin/cmake --build /home/vvoxel/ros2_ws_mgr/build/ros_gz_sim -- -j8 -l8
[8.835s] Invoking command in '/home/vvoxel/ros2_ws_mgr/build/ros_gz_sim': CMAKE_PREFIX_PATH=/home/vvoxel/ros2_ws_mgr/install/sim_launcher:/opt/ros/jazzy:${CMAKE_PREFIX_PATH} DEBUGINFOD_URLS=https://debuginfod.ubuntu.com /usr/bin/cmake --install /home/vvoxel/ros2_ws_mgr/build/ros_gz_sim
[8.858s] -- Install configuration: ""
[8.860s] -- Execute custom install script
[8.860s] -- Up-to-date symlink: /home/vvoxel/ros2_ws_mgr/install/ros_gz_sim/share/ros_gz_sim/environment/pythonpath.sh
[8.861s] -- Up-to-date symlink: /home/vvoxel/ros2_ws_mgr/install/ros_gz_sim/share/ros_gz_sim/environment/pythonpath.dsv
[8.862s] -- Up-to-date symlink: /home/vvoxel/ros2_ws_mgr/install/ros_gz_sim/lib/python3.12/site-packages/ros_gz_sim-1.0.11-py3.12.egg-info/PKG-INFO
[8.862s] -- Up-to-date symlink: /home/vvoxel/ros2_ws_mgr/install/ros_gz_sim/lib/python3.12/site-packages/ros_gz_sim-1.0.11-py3.12.egg-info/SOURCES.txt
[8.863s] -- Up-to-date symlink: /home/vvoxel/ros2_ws_mgr/install/ros_gz_sim/lib/python3.12/site-packages/ros_gz_sim-1.0.11-py3.12.egg-info/dependency_links.txt
[8.863s] -- Up-to-date symlink: /home/vvoxel/ros2_ws_mgr/install/ros_gz_sim/lib/python3.12/site-packages/ros_gz_sim-1.0.11-py3.12.egg-info/entry_points.txt
[8.863s] -- Up-to-date symlink: /home/vvoxel/ros2_ws_mgr/install/ros_gz_sim/lib/python3.12/site-packages/ros_gz_sim-1.0.11-py3.12.egg-info/top_level.txt
[8.865s] -- Up-to-date symlink: /home/vvoxel/ros2_ws_mgr/install/ros_gz_sim/lib/python3.12/site-packages/ros_gz_sim/__init__.py
[8.865s] -- Up-to-date symlink: /home/vvoxel/ros2_ws_mgr/install/ros_gz_sim/lib/python3.12/site-packages/ros_gz_sim/actions/__init__.py
[8.865s] -- Up-to-date symlink: /home/vvoxel/ros2_ws_mgr/install/ros_gz_sim/lib/python3.12/site-packages/ros_gz_sim/actions/gz_spawn_model.py
[8.866s] -- Up-to-date symlink: /home/vvoxel/ros2_ws_mgr/install/ros_gz_sim/lib/python3.12/site-packages/ros_gz_sim/actions/gzserver.py
[8.867s] -- Up-to-date symlink: /home/vvoxel/ros2_ws_mgr/install/ros_gz_sim/include/ros_gz_sim/Stopwatch.hpp
[8.867s] -- Up-to-date symlink: /home/vvoxel/ros2_ws_mgr/install/ros_gz_sim/lib/ros_gz_sim/gzserver
[8.868s] -- Up-to-date symlink: /home/vvoxel/ros2_ws_mgr/install/ros_gz_sim/share/ros_gz_sim/launch/gz_sim.launch.py
[8.868s] -- Up-to-date symlink: /home/vvoxel/ros2_ws_mgr/install/ros_gz_sim/share/ros_gz_sim/launch/gz_server.launch
[8.869s] -- Up-to-date symlink: /home/vvoxel/ros2_ws_mgr/install/ros_gz_sim/share/ros_gz_sim/launch/gz_server.launch.py
[8.869s] -- Up-to-date symlink: /home/vvoxel/ros2_ws_mgr/install/ros_gz_sim/share/ros_gz_sim/launch/gz_spawn_model.launch
[8.870s] -- Up-to-date symlink: /home/vvoxel/ros2_ws_mgr/install/ros_gz_sim/share/ros_gz_sim/launch/gz_spawn_model.launch.py
[8.870s] -- Up-to-date symlink: /home/vvoxel/ros2_ws_mgr/install/ros_gz_sim/share/ros_gz_sim/launch/ros_gz_sim.launch
[8.870s] -- Up-to-date symlink: /home/vvoxel/ros2_ws_mgr/install/ros_gz_sim/share/ros_gz_sim/launch/ros_gz_sim.launch.py
[8.871s] -- Up-to-date symlink: /home/vvoxel/ros2_ws_mgr/install/ros_gz_sim/share/ros_gz_sim/launch/ros_gz_spawn_model.launch.py
[8.871s] -- Up-to-date symlink: /home/vvoxel/ros2_ws_mgr/install/ros_gz_sim/share/ros_gz_sim/launch/gz_remove_model.launch.py
[8.872s] -- Up-to-date symlink: /home/vvoxel/ros2_ws_mgr/install/ros_gz_sim/lib/ros_gz_sim/create
[8.872s] -- Up-to-date symlink: /home/vvoxel/ros2_ws_mgr/install/ros_gz_sim/lib/ros_gz_sim/remove
[8.874s] -- Up-to-date symlink: /home/vvoxel/ros2_ws_mgr/install/ros_gz_sim/lib/ros_gz_sim/gzserver
[8.875s] -- Up-to-date symlink: /home/vvoxel/ros2_ws_mgr/install/ros_gz_sim/lib/ros_gz_sim/test_stopwatch
[8.875s] -- Up-to-date symlink: /home/vvoxel/ros2_ws_mgr/install/ros_gz_sim/lib/ros_gz_sim/test_create
[8.876s] -- Up-to-date symlink: /home/vvoxel/ros2_ws_mgr/install/ros_gz_sim/lib/ros_gz_sim/test_remove
[8.876s] -- Up-to-date symlink: /home/vvoxel/ros2_ws_mgr/install/ros_gz_sim/share/ament_index/resource_index/package_run_dependencies/ros_gz_sim
[8.877s] -- Up-to-date symlink: /home/vvoxel/ros2_ws_mgr/install/ros_gz_sim/share/ament_index/resource_index/parent_prefix_path/ros_gz_sim
[8.877s] -- Up-to-date symlink: /home/vvoxel/ros2_ws_mgr/install/ros_gz_sim/share/ros_gz_sim/environment/ament_prefix_path.sh
[8.877s] -- Up-to-date symlink: /home/vvoxel/ros2_ws_mgr/install/ros_gz_sim/share/ros_gz_sim/environment/ament_prefix_path.dsv
[8.878s] -- Up-to-date symlink: /home/vvoxel/ros2_ws_mgr/install/ros_gz_sim/share/ros_gz_sim/environment/path.sh
[8.878s] -- Up-to-date symlink: /home/vvoxel/ros2_ws_mgr/install/ros_gz_sim/share/ros_gz_sim/environment/path.dsv
[8.879s] -- Up-to-date symlink: /home/vvoxel/ros2_ws_mgr/install/ros_gz_sim/share/ros_gz_sim/local_setup.bash
[8.879s] -- Up-to-date symlink: /home/vvoxel/ros2_ws_mgr/install/ros_gz_sim/share/ros_gz_sim/local_setup.sh
[8.880s] -- Up-to-date symlink: /home/vvoxel/ros2_ws_mgr/install/ros_gz_sim/share/ros_gz_sim/local_setup.zsh
[8.880s] -- Up-to-date symlink: /home/vvoxel/ros2_ws_mgr/install/ros_gz_sim/share/ros_gz_sim/local_setup.dsv
[8.881s] -- Symlinking: /home/vvoxel/ros2_ws_mgr/install/ros_gz_sim/share/ros_gz_sim/package.dsv
[8.908s] -- Up-to-date symlink: /home/vvoxel/ros2_ws_mgr/install/ros_gz_sim/share/ament_index/resource_index/packages/ros_gz_sim
[8.909s] -- Up-to-date symlink: /home/vvoxel/ros2_ws_mgr/install/ros_gz_sim/share/ament_index/resource_index/rclcpp_components/ros_gz_sim
[8.912s] -- Up-to-date symlink: /home/vvoxel/ros2_ws_mgr/install/ros_gz_sim/share/ros_gz_sim/cmake/ament_cmake_export_targets-extras.cmake
[8.912s] -- Up-to-date symlink: /home/vvoxel/ros2_ws_mgr/install/ros_gz_sim/share/ros_gz_sim/cmake/ament_cmake_export_dependencies-extras.cmake
[8.912s] -- Up-to-date symlink: /home/vvoxel/ros2_ws_mgr/install/ros_gz_sim/share/ros_gz_sim/cmake/ros_gz_simConfig.cmake
[8.913s] -- Up-to-date symlink: /home/vvoxel/ros2_ws_mgr/install/ros_gz_sim/share/ros_gz_sim/cmake/ros_gz_simConfig-version.cmake
[8.913s] -- Up-to-date symlink: /home/vvoxel/ros2_ws_mgr/install/ros_gz_sim/share/ros_gz_sim/package.xml
[9.030s] Listing '/home/vvoxel/ros2_ws_mgr/install/ros_gz_sim/lib/python3.12/site-packages/ros_gz_sim'...
[9.030s] Listing '/home/vvoxel/ros2_ws_mgr/install/ros_gz_sim/lib/python3.12/site-packages/ros_gz_sim/actions'...
[9.046s] -- Up-to-date: /home/vvoxel/ros2_ws_mgr/install/ros_gz_sim/lib/libgzserver_component.so
[9.047s] -- Up-to-date: /home/vvoxel/ros2_ws_mgr/install/ros_gz_sim/lib/libros_gz_sim.so
[9.048s] -- Up-to-date: /home/vvoxel/ros2_ws_mgr/install/ros_gz_sim/share/ros_gz_sim/cmake/export_gzserver_componentExport.cmake
[9.048s] -- Up-to-date: /home/vvoxel/ros2_ws_mgr/install/ros_gz_sim/share/ros_gz_sim/cmake/export_gzserver_componentExport-noconfig.cmake
[9.048s] -- Up-to-date: /home/vvoxel/ros2_ws_mgr/install/ros_gz_sim/share/ros_gz_sim/cmake/ros_gz_simExport.cmake
[9.049s] -- Up-to-date: /home/vvoxel/ros2_ws_mgr/install/ros_gz_sim/share/ros_gz_sim/cmake/ros_gz_simExport-noconfig.cmake
[9.054s] Invoked command in '/home/vvoxel/ros2_ws_mgr/build/ros_gz_sim' returned '0': CMAKE_PREFIX_PATH=/home/vvoxel/ros2_ws_mgr/install/sim_launcher:/opt/ros/jazzy:${CMAKE_PREFIX_PATH} DEBUGINFOD_URLS=https://debuginfod.ubuntu.com /usr/bin/cmake --install /home/vvoxel/ros2_ws_mgr/build/ros_gz_sim
