[0.094s] Invoking command in '/home/vvoxel/ros2_ws_mgr/build/ros_gz_sim': CMAKE_PREFIX_PATH=${CMAKE_PREFIX_PATH}:/home/vvoxel/ros2_ws_mgr/install/sim_launcher:/opt/ros/jazzy DEBUGINFOD_URLS=https://debuginfod.ubuntu.com /usr/bin/cmake --build /home/vvoxel/ros2_ws_mgr/build/ros_gz_sim -- -j8 -l8
[0.379s] [  0%] Built target ament_cmake_python_copy_ros_gz_sim_setup
[0.441s] [ 10%] Built target remove
[0.451s] [ 10%] Built target ament_cmake_python_copy_ros_gz_sim
[0.476s] [ 20%] Built target ros_gz_sim
[0.496s] [ 30%] Built target create
[0.543s] [ 40%] Built target gzserver
[0.574s] [ 50%] Built target gtest_main
[0.579s] [ 60%] Built target gzserver_component
[0.611s] [ 70%] Built target gtest
[0.955s] [ 80%] Built target test_create
[0.961s] [ 90%] Built target test_remove
[0.983s] [100%] Built target test_stopwatch
[2.336s] running egg_info
[2.490s] writing ros_gz_sim.egg-info/PKG-INFO
[2.490s] writing dependency_links to ros_gz_sim.egg-info/dependency_links.txt
[2.490s] writing entry points to ros_gz_sim.egg-info/entry_points.txt
[2.491s] writing top-level names to ros_gz_sim.egg-info/top_level.txt
[2.792s] reading manifest file 'ros_gz_sim.egg-info/SOURCES.txt'
[2.792s] writing manifest file 'ros_gz_sim.egg-info/SOURCES.txt'
[2.856s] [100%] Built target ament_cmake_python_build_ros_gz_sim_egg
[3.282s] Invoked command in '/home/vvoxel/ros2_ws_mgr/build/ros_gz_sim' returned '0': CMAKE_PREFIX_PATH=${CMAKE_PREFIX_PATH}:/home/vvoxel/ros2_ws_mgr/install/sim_launcher:/opt/ros/jazzy DEBUGINFOD_URLS=https://debuginfod.ubuntu.com /usr/bin/cmake --build /home/vvoxel/ros2_ws_mgr/build/ros_gz_sim -- -j8 -l8
[3.286s] Invoking command in '/home/vvoxel/ros2_ws_mgr/build/ros_gz_sim': CMAKE_PREFIX_PATH=${CMAKE_PREFIX_PATH}:/home/vvoxel/ros2_ws_mgr/install/sim_launcher:/opt/ros/jazzy DEBUGINFOD_URLS=https://debuginfod.ubuntu.com /usr/bin/cmake --install /home/vvoxel/ros2_ws_mgr/build/ros_gz_sim
[3.340s] -- Install configuration: ""
[3.340s] -- Up-to-date: /home/vvoxel/ros2_ws_mgr/install/ros_gz_sim/share/ros_gz_sim/environment/pythonpath.sh
[3.340s] -- Up-to-date: /home/vvoxel/ros2_ws_mgr/install/ros_gz_sim/share/ros_gz_sim/environment/pythonpath.dsv
[3.340s] -- Up-to-date: /home/vvoxel/ros2_ws_mgr/install/ros_gz_sim/lib/python3.12/site-packages/ros_gz_sim-1.0.11-py3.12.egg-info
[3.340s] -- Installing: /home/vvoxel/ros2_ws_mgr/install/ros_gz_sim/lib/python3.12/site-packages/ros_gz_sim-1.0.11-py3.12.egg-info/dependency_links.txt
[3.346s] -- Installing: /home/vvoxel/ros2_ws_mgr/install/ros_gz_sim/lib/python3.12/site-packages/ros_gz_sim-1.0.11-py3.12.egg-info/entry_points.txt
[3.347s] -- Installing: /home/vvoxel/ros2_ws_mgr/install/ros_gz_sim/lib/python3.12/site-packages/ros_gz_sim-1.0.11-py3.12.egg-info/top_level.txt
[3.347s] -- Installing: /home/vvoxel/ros2_ws_mgr/install/ros_gz_sim/lib/python3.12/site-packages/ros_gz_sim-1.0.11-py3.12.egg-info/SOURCES.txt
[3.347s] -- Installing: /home/vvoxel/ros2_ws_mgr/install/ros_gz_sim/lib/python3.12/site-packages/ros_gz_sim-1.0.11-py3.12.egg-info/PKG-INFO
[3.347s] -- Up-to-date: /home/vvoxel/ros2_ws_mgr/install/ros_gz_sim/lib/python3.12/site-packages/ros_gz_sim
[3.347s] -- Up-to-date: /home/vvoxel/ros2_ws_mgr/install/ros_gz_sim/lib/python3.12/site-packages/ros_gz_sim/__init__.py
[3.348s] -- Up-to-date: /home/vvoxel/ros2_ws_mgr/install/ros_gz_sim/lib/python3.12/site-packages/ros_gz_sim/actions
[3.348s] -- Up-to-date: /home/vvoxel/ros2_ws_mgr/install/ros_gz_sim/lib/python3.12/site-packages/ros_gz_sim/actions/gz_spawn_model.py
[3.348s] -- Up-to-date: /home/vvoxel/ros2_ws_mgr/install/ros_gz_sim/lib/python3.12/site-packages/ros_gz_sim/actions/__init__.py
[3.348s] -- Up-to-date: /home/vvoxel/ros2_ws_mgr/install/ros_gz_sim/lib/python3.12/site-packages/ros_gz_sim/actions/gzserver.py
[3.473s] Listing '/home/vvoxel/ros2_ws_mgr/install/ros_gz_sim/lib/python3.12/site-packages/ros_gz_sim'...
[3.473s] Listing '/home/vvoxel/ros2_ws_mgr/install/ros_gz_sim/lib/python3.12/site-packages/ros_gz_sim/actions'...
[3.473s] -- Up-to-date: /home/vvoxel/ros2_ws_mgr/install/ros_gz_sim/include/ros_gz_sim
[3.473s] -- Up-to-date: /home/vvoxel/ros2_ws_mgr/install/ros_gz_sim/include/ros_gz_sim/Stopwatch.hpp
[3.473s] -- Up-to-date: /home/vvoxel/ros2_ws_mgr/install/ros_gz_sim/lib/ros_gz_sim/gzserver
[3.474s] -- Up-to-date: /home/vvoxel/ros2_ws_mgr/install/ros_gz_sim/share/ros_gz_sim/launch/gz_sim.launch.py
[3.474s] -- Up-to-date: /home/vvoxel/ros2_ws_mgr/install/ros_gz_sim/share/ros_gz_sim/launch/gz_server.launch
[3.474s] -- Up-to-date: /home/vvoxel/ros2_ws_mgr/install/ros_gz_sim/share/ros_gz_sim/launch/gz_server.launch.py
[3.474s] -- Up-to-date: /home/vvoxel/ros2_ws_mgr/install/ros_gz_sim/share/ros_gz_sim/launch/gz_spawn_model.launch
[3.474s] -- Up-to-date: /home/vvoxel/ros2_ws_mgr/install/ros_gz_sim/share/ros_gz_sim/launch/gz_spawn_model.launch.py
[3.474s] -- Up-to-date: /home/vvoxel/ros2_ws_mgr/install/ros_gz_sim/share/ros_gz_sim/launch/ros_gz_sim.launch
[3.474s] -- Up-to-date: /home/vvoxel/ros2_ws_mgr/install/ros_gz_sim/share/ros_gz_sim/launch/ros_gz_sim.launch.py
[3.475s] -- Up-to-date: /home/vvoxel/ros2_ws_mgr/install/ros_gz_sim/share/ros_gz_sim/launch/ros_gz_spawn_model.launch.py
[3.475s] -- Up-to-date: /home/vvoxel/ros2_ws_mgr/install/ros_gz_sim/share/ros_gz_sim/launch/gz_remove_model.launch.py
[3.475s] -- Up-to-date: /home/vvoxel/ros2_ws_mgr/install/ros_gz_sim/lib/ros_gz_sim/create
[3.475s] -- Up-to-date: /home/vvoxel/ros2_ws_mgr/install/ros_gz_sim/lib/ros_gz_sim/remove
[3.475s] -- Up-to-date: /home/vvoxel/ros2_ws_mgr/install/ros_gz_sim/lib/ros_gz_sim/gzserver
[3.475s] -- Up-to-date: /home/vvoxel/ros2_ws_mgr/install/ros_gz_sim/lib/libgzserver_component.so
[3.476s] -- Up-to-date: /home/vvoxel/ros2_ws_mgr/install/ros_gz_sim/lib/libros_gz_sim.so
[3.476s] -- Up-to-date: /home/vvoxel/ros2_ws_mgr/install/ros_gz_sim/lib/ros_gz_sim/test_stopwatch
[3.476s] -- Up-to-date: /home/vvoxel/ros2_ws_mgr/install/ros_gz_sim/lib/ros_gz_sim/test_create
[3.476s] -- Up-to-date: /home/vvoxel/ros2_ws_mgr/install/ros_gz_sim/lib/ros_gz_sim/test_remove
[3.476s] -- Up-to-date: /home/vvoxel/ros2_ws_mgr/install/ros_gz_sim/share/ament_index/resource_index/package_run_dependencies/ros_gz_sim
[3.476s] -- Up-to-date: /home/vvoxel/ros2_ws_mgr/install/ros_gz_sim/share/ament_index/resource_index/parent_prefix_path/ros_gz_sim
[3.476s] -- Up-to-date: /home/vvoxel/ros2_ws_mgr/install/ros_gz_sim/share/ros_gz_sim/environment/ament_prefix_path.sh
[3.476s] -- Up-to-date: /home/vvoxel/ros2_ws_mgr/install/ros_gz_sim/share/ros_gz_sim/environment/ament_prefix_path.dsv
[3.477s] -- Up-to-date: /home/vvoxel/ros2_ws_mgr/install/ros_gz_sim/share/ros_gz_sim/environment/path.sh
[3.477s] -- Up-to-date: /home/vvoxel/ros2_ws_mgr/install/ros_gz_sim/share/ros_gz_sim/environment/path.dsv
[3.477s] -- Up-to-date: /home/vvoxel/ros2_ws_mgr/install/ros_gz_sim/share/ros_gz_sim/local_setup.bash
[3.477s] -- Up-to-date: /home/vvoxel/ros2_ws_mgr/install/ros_gz_sim/share/ros_gz_sim/local_setup.sh
[3.477s] -- Up-to-date: /home/vvoxel/ros2_ws_mgr/install/ros_gz_sim/share/ros_gz_sim/local_setup.zsh
[3.477s] -- Up-to-date: /home/vvoxel/ros2_ws_mgr/install/ros_gz_sim/share/ros_gz_sim/local_setup.dsv
[3.477s] -- Installing: /home/vvoxel/ros2_ws_mgr/install/ros_gz_sim/share/ros_gz_sim/package.dsv
[3.478s] -- Up-to-date: /home/vvoxel/ros2_ws_mgr/install/ros_gz_sim/share/ament_index/resource_index/packages/ros_gz_sim
[3.478s] -- Up-to-date: /home/vvoxel/ros2_ws_mgr/install/ros_gz_sim/share/ament_index/resource_index/rclcpp_components/ros_gz_sim
[3.479s] -- Up-to-date: /home/vvoxel/ros2_ws_mgr/install/ros_gz_sim/share/ros_gz_sim/cmake/export_gzserver_componentExport.cmake
[3.479s] -- Up-to-date: /home/vvoxel/ros2_ws_mgr/install/ros_gz_sim/share/ros_gz_sim/cmake/export_gzserver_componentExport-noconfig.cmake
[3.479s] -- Up-to-date: /home/vvoxel/ros2_ws_mgr/install/ros_gz_sim/share/ros_gz_sim/cmake/ros_gz_simExport.cmake
[3.479s] -- Up-to-date: /home/vvoxel/ros2_ws_mgr/install/ros_gz_sim/share/ros_gz_sim/cmake/ros_gz_simExport-noconfig.cmake
[3.479s] -- Up-to-date: /home/vvoxel/ros2_ws_mgr/install/ros_gz_sim/share/ros_gz_sim/cmake/ament_cmake_export_targets-extras.cmake
[3.480s] -- Up-to-date: /home/vvoxel/ros2_ws_mgr/install/ros_gz_sim/share/ros_gz_sim/cmake/ament_cmake_export_dependencies-extras.cmake
[3.480s] -- Up-to-date: /home/vvoxel/ros2_ws_mgr/install/ros_gz_sim/share/ros_gz_sim/cmake/ros_gz_simConfig.cmake
[3.480s] -- Up-to-date: /home/vvoxel/ros2_ws_mgr/install/ros_gz_sim/share/ros_gz_sim/cmake/ros_gz_simConfig-version.cmake
[3.480s] -- Up-to-date: /home/vvoxel/ros2_ws_mgr/install/ros_gz_sim/share/ros_gz_sim/package.xml
[3.489s] Invoked command in '/home/vvoxel/ros2_ws_mgr/build/ros_gz_sim' returned '0': CMAKE_PREFIX_PATH=${CMAKE_PREFIX_PATH}:/home/vvoxel/ros2_ws_mgr/install/sim_launcher:/opt/ros/jazzy DEBUGINFOD_URLS=https://debuginfod.ubuntu.com /usr/bin/cmake --install /home/vvoxel/ros2_ws_mgr/build/ros_gz_sim
