[0.834s] Invoking command in '/home/vvoxel/ros2_ws_mgr/src/sim_launcher': DEBUGINFOD_URLS=https://debuginfod.ubuntu.com PYTHONPATH=/home/vvoxel/ros2_ws_mgr/build/sim_launcher/prefix_override:/usr/lib/python3/dist-packages/colcon_core/task/python/colcon_distutils_commands:/home/vvoxel/ros2_ws_mgr/install/sim_launcher/lib/python3.12/site-packages:${PYTHONPATH} /usr/bin/python3 -W ignore:setup.py install is deprecated -W ignore:easy_install command is deprecated setup.py egg_info --egg-base ../../build/sim_launcher build --build-base /home/vvoxel/ros2_ws_mgr/build/sim_launcher/build install --record /home/vvoxel/ros2_ws_mgr/build/sim_launcher/install.log --single-version-externally-managed install_data
[1.163s] running egg_info
[1.190s] writing ../../build/sim_launcher/sim_launcher.egg-info/PKG-INFO
[1.190s] writing dependency_links to ../../build/sim_launcher/sim_launcher.egg-info/dependency_links.txt
[1.191s] writing requirements to ../../build/sim_launcher/sim_launcher.egg-info/requires.txt
[1.191s] writing top-level names to ../../build/sim_launcher/sim_launcher.egg-info/top_level.txt
[1.235s] reading manifest file '../../build/sim_launcher/sim_launcher.egg-info/SOURCES.txt'
[1.236s] writing manifest file '../../build/sim_launcher/sim_launcher.egg-info/SOURCES.txt'
[1.236s] running build
[1.236s] running build_py
[1.236s] running install
[1.243s] running install_lib
[1.265s] running install_data
[1.265s] copying launch/test.launch.py -> /home/vvoxel/ros2_ws_mgr/install/sim_launcher/share/sim_launcher/launch
[1.266s] running install_egg_info
[1.289s] removing '/home/vvoxel/ros2_ws_mgr/install/sim_launcher/lib/python3.12/site-packages/sim_launcher-0.0.0-py3.12.egg-info' (and everything under it)
[1.289s] Copying ../../build/sim_launcher/sim_launcher.egg-info to /home/vvoxel/ros2_ws_mgr/install/sim_launcher/lib/python3.12/site-packages/sim_launcher-0.0.0-py3.12.egg-info
[1.290s] running install_scripts
[1.480s] writing list of installed files to '/home/vvoxel/ros2_ws_mgr/build/sim_launcher/install.log'
[1.623s] Invoked command in '/home/vvoxel/ros2_ws_mgr/src/sim_launcher' returned '0': DEBUGINFOD_URLS=https://debuginfod.ubuntu.com PYTHONPATH=/home/vvoxel/ros2_ws_mgr/build/sim_launcher/prefix_override:/usr/lib/python3/dist-packages/colcon_core/task/python/colcon_distutils_commands:/home/vvoxel/ros2_ws_mgr/install/sim_launcher/lib/python3.12/site-packages:${PYTHONPATH} /usr/bin/python3 -W ignore:setup.py install is deprecated -W ignore:easy_install command is deprecated setup.py egg_info --egg-base ../../build/sim_launcher build --build-base /home/vvoxel/ros2_ws_mgr/build/sim_launcher/build install --record /home/vvoxel/ros2_ws_mgr/build/sim_launcher/install.log --single-version-externally-managed install_data
