[0.049s] Invoking command in '/home/vvoxel/ros2_ws_mgr/build/anglecalc': CMAKE_PREFIX_PATH=/home/vvoxel/ros2_ws_mgr/install/sim_launcher:/opt/ros/jazzy:${CMAKE_PREFIX_PATH} DEBUGINFOD_URLS=https://debuginfod.ubuntu.com /usr/bin/cmake --build /home/vvoxel/ros2_ws_mgr/build/anglecalc -- -j8 -l8
[0.162s] [100%] Built target angle
[0.187s] Invoked command in '/home/vvoxel/ros2_ws_mgr/build/anglecalc' returned '0': CMAKE_PREFIX_PATH=/home/vvoxel/ros2_ws_mgr/install/sim_launcher:/opt/ros/jazzy:${CMAKE_PREFIX_PATH} DEBUGINFOD_URLS=https://debuginfod.ubuntu.com /usr/bin/cmake --build /home/vvoxel/ros2_ws_mgr/build/anglecalc -- -j8 -l8
[0.207s] Invoking command in '/home/vvoxel/ros2_ws_mgr/build/anglecalc': CMAKE_PREFIX_PATH=/home/vvoxel/ros2_ws_mgr/install/sim_launcher:/opt/ros/jazzy:${CMAKE_PREFIX_PATH} DEBUGINFOD_URLS=https://debuginfod.ubuntu.com /usr/bin/cmake --install /home/vvoxel/ros2_ws_mgr/build/anglecalc
[1.369s] -- Install configuration: ""
[1.369s] -- Execute custom install script
[1.369s] -- Up-to-date symlink: /home/vvoxel/ros2_ws_mgr/install/anglecalc/lib/anglecalc/angle
[1.369s] -- Up-to-date symlink: /home/vvoxel/ros2_ws_mgr/install/anglecalc/share/ament_index/resource_index/package_run_dependencies/anglecalc
[1.369s] -- Up-to-date symlink: /home/vvoxel/ros2_ws_mgr/install/anglecalc/share/ament_index/resource_index/parent_prefix_path/anglecalc
[1.369s] -- Up-to-date symlink: /home/vvoxel/ros2_ws_mgr/install/anglecalc/share/anglecalc/environment/ament_prefix_path.sh
[1.369s] -- Up-to-date symlink: /home/vvoxel/ros2_ws_mgr/install/anglecalc/share/anglecalc/environment/ament_prefix_path.dsv
[1.370s] -- Up-to-date symlink: /home/vvoxel/ros2_ws_mgr/install/anglecalc/share/anglecalc/environment/path.sh
[1.370s] -- Up-to-date symlink: /home/vvoxel/ros2_ws_mgr/install/anglecalc/share/anglecalc/environment/path.dsv
[1.370s] -- Up-to-date symlink: /home/vvoxel/ros2_ws_mgr/install/anglecalc/share/anglecalc/local_setup.bash
[1.370s] -- Up-to-date symlink: /home/vvoxel/ros2_ws_mgr/install/anglecalc/share/anglecalc/local_setup.sh
[1.371s] -- Up-to-date symlink: /home/vvoxel/ros2_ws_mgr/install/anglecalc/share/anglecalc/local_setup.zsh
[1.371s] -- Up-to-date symlink: /home/vvoxel/ros2_ws_mgr/install/anglecalc/share/anglecalc/local_setup.dsv
[1.371s] -- Symlinking: /home/vvoxel/ros2_ws_mgr/install/anglecalc/share/anglecalc/package.dsv
[1.371s] -- Up-to-date symlink: /home/vvoxel/ros2_ws_mgr/install/anglecalc/share/ament_index/resource_index/packages/anglecalc
[1.371s] -- Up-to-date symlink: /home/vvoxel/ros2_ws_mgr/install/anglecalc/share/anglecalc/cmake/anglecalcConfig.cmake
[1.372s] -- Up-to-date symlink: /home/vvoxel/ros2_ws_mgr/install/anglecalc/share/anglecalc/cmake/anglecalcConfig-version.cmake
[1.372s] -- Up-to-date symlink: /home/vvoxel/ros2_ws_mgr/install/anglecalc/share/anglecalc/package.xml
[1.387s] Invoked command in '/home/vvoxel/ros2_ws_mgr/build/anglecalc' returned '0': CMAKE_PREFIX_PATH=/home/vvoxel/ros2_ws_mgr/install/sim_launcher:/opt/ros/jazzy:${CMAKE_PREFIX_PATH} DEBUGINFOD_URLS=https://debuginfod.ubuntu.com /usr/bin/cmake --install /home/vvoxel/ros2_ws_mgr/build/anglecalc
