[0.083s] Invoking command in '/home/vvoxel/ros2_ws_mgr/build/ros_gz_bridge': CMAKE_PREFIX_PATH=/home/vvoxel/ros2_ws_mgr/install/ros_gz_interfaces:/home/vvoxel/ros2_ws_mgr/install/test_ros_gz_bridge:/home/vvoxel/ros2_ws_mgr/install/ros_gz:/home/vvoxel/ros2_ws_mgr/install/ros_gz_sim_demos:/home/vvoxel/ros2_ws_mgr/install/ros_gz_sim:/home/vvoxel/ros2_ws_mgr/install/ros_gz_image:/home/vvoxel/ros2_ws_mgr/install/ros_gz_bridge:/home/vvoxel/ros2_ws_mgr/install/realsense2_description:/home/vvoxel/ros2_ws_mgr/install/realsense2_camera:/home/vvoxel/ros2_ws_mgr/install/realsense2_camera_msgs:/home/vvoxel/ros2_ws_mgr/install/mtracker:/home/vvoxel/ros2_ws_mgr/install/g2o:/home/vvoxel/ros2_ws_mgr/install/apriltag_ros:/home/vvoxel/ros2_ws_mgr/install/apriltag_msgs:/home/vvoxel/ros2_ws_mgr/install/apriltag:/home/vvoxel/ros2_ws_mgr/install/anglecalc:/opt/ros/jazzy/opt/gz_sim_vendor:/opt/ros/jazzy/opt/gz_sensors_vendor:/opt/ros/jazzy/opt/gz_physics_vendor:/opt/ros/jazzy/opt/sdformat_vendor:/opt/ros/jazzy/opt/gz_gui_vendor:/opt/ros/jazzy/opt/gz_transport_vendor:/opt/ros/jazzy/opt/gz_rendering_vendor:/opt/ros/jazzy/opt/gz_plugin_vendor:/opt/ros/jazzy/opt/gz_fuel_tools_vendor:/opt/ros/jazzy/opt/gz_msgs_vendor:/opt/ros/jazzy/opt/gz_common_vendor:/opt/ros/jazzy/opt/gz_math_vendor:/opt/ros/jazzy/opt/gz_utils_vendor:/opt/ros/jazzy/opt/gz_tools_vendor:/opt/ros/jazzy/opt/gz_ogre_next_vendor:/opt/ros/jazzy/opt/gz_dartsim_vendor:/opt/ros/jazzy/opt/gz_cmake_vendor:/home/vvoxel/ros2_ws_mgr/install/sim_launcher:/opt/ros/jazzy DEBUGINFOD_URLS=https://debuginfod.ubuntu.com LD_LIBRARY_PATH=/home/vvoxel/ros2_ws_mgr/install/ros_gz_interfaces/lib:/opt/ros/jazzy/lib/x86_64-linux-gnu:/home/vvoxel/ros2_ws_mgr/install/ros_gz_sim/lib:/home/vvoxel/ros2_ws_mgr/install/ros_gz_bridge/lib:/home/vvoxel/ros2_ws_mgr/install/realsense2_camera/lib:/home/vvoxel/ros2_ws_mgr/install/realsense2_camera_msgs/lib:/home/vvoxel/ros2_ws_mgr/install/mtracker/lib:/home/vvoxel/ros2_ws_mgr/install/g2o/lib:/home/vvoxel/ros2_ws_mgr/install/apriltag_ros/lib:/home/vvoxel/ros2_ws_mgr/install/apriltag_msgs/lib:/home/vvoxel/ros2_ws_mgr/install/apriltag/lib:/opt/ros/jazzy/opt/gz_sim_vendor/lib:/opt/ros/jazzy/opt/gz_sensors_vendor/lib:/opt/ros/jazzy/opt/gz_physics_vendor/lib:/opt/ros/jazzy/opt/sdformat_vendor/lib:/opt/ros/jazzy/opt/rviz_ogre_vendor/lib:/opt/ros/jazzy/lib/x86_64-linux-gnu:/opt/ros/jazzy/opt/gz_gui_vendor/lib:/opt/ros/jazzy/opt/gz_transport_vendor/lib:/opt/ros/jazzy/opt/gz_rendering_vendor/lib:/opt/ros/jazzy/opt/gz_plugin_vendor/lib:/opt/ros/jazzy/opt/gz_fuel_tools_vendor/lib:/opt/ros/jazzy/opt/gz_msgs_vendor/lib:/opt/ros/jazzy/opt/gz_common_vendor/lib:/opt/ros/jazzy/opt/gz_math_vendor/lib:/opt/ros/jazzy/opt/gz_utils_vendor/lib:/opt/ros/jazzy/opt/gz_tools_vendor/lib:/opt/ros/jazzy/opt/gz_ogre_next_vendor/lib:/opt/ros/jazzy/opt/gz_dartsim_vendor/lib:/opt/ros/jazzy/opt/gz_cmake_vendor/lib:/opt/ros/jazzy/lib PYTHONPATH=/home/vvoxel/ros2_ws_mgr/install/ros_gz_interfaces/lib/python3.12/site-packages:/home/vvoxel/ros2_ws_mgr/install/sim_launcher/lib/python3.12/site-packages:/home/vvoxel/ros2_ws_mgr/install/ros_gz_sim/lib/python3.12/site-packages:/home/vvoxel/ros2_ws_mgr/install/ros_gz_bridge/lib/python3.12/site-packages:/home/vvoxel/ros2_ws_mgr/install/realsense2_camera_msgs/lib/python3.12/site-packages:/home/vvoxel/ros2_ws_mgr/install/mtracker/lib/python3.12/site-packages:/home/vvoxel/ros2_ws_mgr/install/apriltag_msgs/lib/python3.12/site-packages:/home/vvoxel/ros2_ws_mgr/install/apriltag/lib/python3.12/site-packages:/opt/ros/jazzy/lib/python3.12/site-packages /usr/bin/cmake --build /home/vvoxel/ros2_ws_mgr/build/ros_gz_bridge -- -j8 -l8
[0.284s] [  2%] Built target gtest
[0.285s] [  2%] Built target ament_cmake_python_copy_ros_gz_bridge_setup
[0.291s] [  4%] Built target bridge_node
[0.308s] [  4%] Built target ament_cmake_python_copy_ros_gz_bridge
[0.330s] [  6%] Built target gtest_main
[0.377s] [  9%] Built target test_rcl_interfaces
[0.406s] [ 13%] Built target test_utils
[0.452s] [ 56%] Built target ros_gz_bridge
[0.588s] [ 59%] Built target test_ros_publisher
[0.591s] [ 62%] Built target test_gz_subscriber
[0.591s] [ 68%] Built target test_gz_server
[0.591s] [ 68%] Built target test_gz_publisher
[0.592s] [ 70%] Built target test_ros_client
[0.592s] [ 72%] Built target parameter_bridge
[0.634s] [ 74%] Built target static_bridge
[0.634s] [ 76%] Built target bridge_types
[0.644s] [ 79%] Built target ros_gz_bridge_bridge_config
[0.644s] [ 96%] Built target test_ros_subscriber
[0.653s] [100%] Built target test_ros_gz_interfaces
[0.929s] running egg_info
[0.974s] writing ros_gz_bridge.egg-info/PKG-INFO
[0.974s] writing dependency_links to ros_gz_bridge.egg-info/dependency_links.txt
[0.975s] writing entry points to ros_gz_bridge.egg-info/entry_points.txt
[0.975s] writing top-level names to ros_gz_bridge.egg-info/top_level.txt
[1.114s] reading manifest file 'ros_gz_bridge.egg-info/SOURCES.txt'
[1.115s] writing manifest file 'ros_gz_bridge.egg-info/SOURCES.txt'
[1.174s] [100%] Built target ament_cmake_python_build_ros_gz_bridge_egg
[1.196s] Invoked command in '/home/vvoxel/ros2_ws_mgr/build/ros_gz_bridge' returned '0': CMAKE_PREFIX_PATH=/home/vvoxel/ros2_ws_mgr/install/ros_gz_interfaces:/home/vvoxel/ros2_ws_mgr/install/test_ros_gz_bridge:/home/vvoxel/ros2_ws_mgr/install/ros_gz:/home/vvoxel/ros2_ws_mgr/install/ros_gz_sim_demos:/home/vvoxel/ros2_ws_mgr/install/ros_gz_sim:/home/vvoxel/ros2_ws_mgr/install/ros_gz_image:/home/vvoxel/ros2_ws_mgr/install/ros_gz_bridge:/home/vvoxel/ros2_ws_mgr/install/realsense2_description:/home/vvoxel/ros2_ws_mgr/install/realsense2_camera:/home/vvoxel/ros2_ws_mgr/install/realsense2_camera_msgs:/home/vvoxel/ros2_ws_mgr/install/mtracker:/home/vvoxel/ros2_ws_mgr/install/g2o:/home/vvoxel/ros2_ws_mgr/install/apriltag_ros:/home/vvoxel/ros2_ws_mgr/install/apriltag_msgs:/home/vvoxel/ros2_ws_mgr/install/apriltag:/home/vvoxel/ros2_ws_mgr/install/anglecalc:/opt/ros/jazzy/opt/gz_sim_vendor:/opt/ros/jazzy/opt/gz_sensors_vendor:/opt/ros/jazzy/opt/gz_physics_vendor:/opt/ros/jazzy/opt/sdformat_vendor:/opt/ros/jazzy/opt/gz_gui_vendor:/opt/ros/jazzy/opt/gz_transport_vendor:/opt/ros/jazzy/opt/gz_rendering_vendor:/opt/ros/jazzy/opt/gz_plugin_vendor:/opt/ros/jazzy/opt/gz_fuel_tools_vendor:/opt/ros/jazzy/opt/gz_msgs_vendor:/opt/ros/jazzy/opt/gz_common_vendor:/opt/ros/jazzy/opt/gz_math_vendor:/opt/ros/jazzy/opt/gz_utils_vendor:/opt/ros/jazzy/opt/gz_tools_vendor:/opt/ros/jazzy/opt/gz_ogre_next_vendor:/opt/ros/jazzy/opt/gz_dartsim_vendor:/opt/ros/jazzy/opt/gz_cmake_vendor:/home/vvoxel/ros2_ws_mgr/install/sim_launcher:/opt/ros/jazzy DEBUGINFOD_URLS=https://debuginfod.ubuntu.com LD_LIBRARY_PATH=/home/vvoxel/ros2_ws_mgr/install/ros_gz_interfaces/lib:/opt/ros/jazzy/lib/x86_64-linux-gnu:/home/vvoxel/ros2_ws_mgr/install/ros_gz_sim/lib:/home/vvoxel/ros2_ws_mgr/install/ros_gz_bridge/lib:/home/vvoxel/ros2_ws_mgr/install/realsense2_camera/lib:/home/vvoxel/ros2_ws_mgr/install/realsense2_camera_msgs/lib:/home/vvoxel/ros2_ws_mgr/install/mtracker/lib:/home/vvoxel/ros2_ws_mgr/install/g2o/lib:/home/vvoxel/ros2_ws_mgr/install/apriltag_ros/lib:/home/vvoxel/ros2_ws_mgr/install/apriltag_msgs/lib:/home/vvoxel/ros2_ws_mgr/install/apriltag/lib:/opt/ros/jazzy/opt/gz_sim_vendor/lib:/opt/ros/jazzy/opt/gz_sensors_vendor/lib:/opt/ros/jazzy/opt/gz_physics_vendor/lib:/opt/ros/jazzy/opt/sdformat_vendor/lib:/opt/ros/jazzy/opt/rviz_ogre_vendor/lib:/opt/ros/jazzy/lib/x86_64-linux-gnu:/opt/ros/jazzy/opt/gz_gui_vendor/lib:/opt/ros/jazzy/opt/gz_transport_vendor/lib:/opt/ros/jazzy/opt/gz_rendering_vendor/lib:/opt/ros/jazzy/opt/gz_plugin_vendor/lib:/opt/ros/jazzy/opt/gz_fuel_tools_vendor/lib:/opt/ros/jazzy/opt/gz_msgs_vendor/lib:/opt/ros/jazzy/opt/gz_common_vendor/lib:/opt/ros/jazzy/opt/gz_math_vendor/lib:/opt/ros/jazzy/opt/gz_utils_vendor/lib:/opt/ros/jazzy/opt/gz_tools_vendor/lib:/opt/ros/jazzy/opt/gz_ogre_next_vendor/lib:/opt/ros/jazzy/opt/gz_dartsim_vendor/lib:/opt/ros/jazzy/opt/gz_cmake_vendor/lib:/opt/ros/jazzy/lib PYTHONPATH=/home/vvoxel/ros2_ws_mgr/install/ros_gz_interfaces/lib/python3.12/site-packages:/home/vvoxel/ros2_ws_mgr/install/sim_launcher/lib/python3.12/site-packages:/home/vvoxel/ros2_ws_mgr/install/ros_gz_sim/lib/python3.12/site-packages:/home/vvoxel/ros2_ws_mgr/install/ros_gz_bridge/lib/python3.12/site-packages:/home/vvoxel/ros2_ws_mgr/install/realsense2_camera_msgs/lib/python3.12/site-packages:/home/vvoxel/ros2_ws_mgr/install/mtracker/lib/python3.12/site-packages:/home/vvoxel/ros2_ws_mgr/install/apriltag_msgs/lib/python3.12/site-packages:/home/vvoxel/ros2_ws_mgr/install/apriltag/lib/python3.12/site-packages:/opt/ros/jazzy/lib/python3.12/site-packages /usr/bin/cmake --build /home/vvoxel/ros2_ws_mgr/build/ros_gz_bridge -- -j8 -l8
[1.198s] Invoking command in '/home/vvoxel/ros2_ws_mgr/build/ros_gz_bridge': CMAKE_PREFIX_PATH=/home/vvoxel/ros2_ws_mgr/install/ros_gz_interfaces:/home/vvoxel/ros2_ws_mgr/install/test_ros_gz_bridge:/home/vvoxel/ros2_ws_mgr/install/ros_gz:/home/vvoxel/ros2_ws_mgr/install/ros_gz_sim_demos:/home/vvoxel/ros2_ws_mgr/install/ros_gz_sim:/home/vvoxel/ros2_ws_mgr/install/ros_gz_image:/home/vvoxel/ros2_ws_mgr/install/ros_gz_bridge:/home/vvoxel/ros2_ws_mgr/install/realsense2_description:/home/vvoxel/ros2_ws_mgr/install/realsense2_camera:/home/vvoxel/ros2_ws_mgr/install/realsense2_camera_msgs:/home/vvoxel/ros2_ws_mgr/install/mtracker:/home/vvoxel/ros2_ws_mgr/install/g2o:/home/vvoxel/ros2_ws_mgr/install/apriltag_ros:/home/vvoxel/ros2_ws_mgr/install/apriltag_msgs:/home/vvoxel/ros2_ws_mgr/install/apriltag:/home/vvoxel/ros2_ws_mgr/install/anglecalc:/opt/ros/jazzy/opt/gz_sim_vendor:/opt/ros/jazzy/opt/gz_sensors_vendor:/opt/ros/jazzy/opt/gz_physics_vendor:/opt/ros/jazzy/opt/sdformat_vendor:/opt/ros/jazzy/opt/gz_gui_vendor:/opt/ros/jazzy/opt/gz_transport_vendor:/opt/ros/jazzy/opt/gz_rendering_vendor:/opt/ros/jazzy/opt/gz_plugin_vendor:/opt/ros/jazzy/opt/gz_fuel_tools_vendor:/opt/ros/jazzy/opt/gz_msgs_vendor:/opt/ros/jazzy/opt/gz_common_vendor:/opt/ros/jazzy/opt/gz_math_vendor:/opt/ros/jazzy/opt/gz_utils_vendor:/opt/ros/jazzy/opt/gz_tools_vendor:/opt/ros/jazzy/opt/gz_ogre_next_vendor:/opt/ros/jazzy/opt/gz_dartsim_vendor:/opt/ros/jazzy/opt/gz_cmake_vendor:/home/vvoxel/ros2_ws_mgr/install/sim_launcher:/opt/ros/jazzy DEBUGINFOD_URLS=https://debuginfod.ubuntu.com LD_LIBRARY_PATH=/home/vvoxel/ros2_ws_mgr/install/ros_gz_interfaces/lib:/opt/ros/jazzy/lib/x86_64-linux-gnu:/home/vvoxel/ros2_ws_mgr/install/ros_gz_sim/lib:/home/vvoxel/ros2_ws_mgr/install/ros_gz_bridge/lib:/home/vvoxel/ros2_ws_mgr/install/realsense2_camera/lib:/home/vvoxel/ros2_ws_mgr/install/realsense2_camera_msgs/lib:/home/vvoxel/ros2_ws_mgr/install/mtracker/lib:/home/vvoxel/ros2_ws_mgr/install/g2o/lib:/home/vvoxel/ros2_ws_mgr/install/apriltag_ros/lib:/home/vvoxel/ros2_ws_mgr/install/apriltag_msgs/lib:/home/vvoxel/ros2_ws_mgr/install/apriltag/lib:/opt/ros/jazzy/opt/gz_sim_vendor/lib:/opt/ros/jazzy/opt/gz_sensors_vendor/lib:/opt/ros/jazzy/opt/gz_physics_vendor/lib:/opt/ros/jazzy/opt/sdformat_vendor/lib:/opt/ros/jazzy/opt/rviz_ogre_vendor/lib:/opt/ros/jazzy/lib/x86_64-linux-gnu:/opt/ros/jazzy/opt/gz_gui_vendor/lib:/opt/ros/jazzy/opt/gz_transport_vendor/lib:/opt/ros/jazzy/opt/gz_rendering_vendor/lib:/opt/ros/jazzy/opt/gz_plugin_vendor/lib:/opt/ros/jazzy/opt/gz_fuel_tools_vendor/lib:/opt/ros/jazzy/opt/gz_msgs_vendor/lib:/opt/ros/jazzy/opt/gz_common_vendor/lib:/opt/ros/jazzy/opt/gz_math_vendor/lib:/opt/ros/jazzy/opt/gz_utils_vendor/lib:/opt/ros/jazzy/opt/gz_tools_vendor/lib:/opt/ros/jazzy/opt/gz_ogre_next_vendor/lib:/opt/ros/jazzy/opt/gz_dartsim_vendor/lib:/opt/ros/jazzy/opt/gz_cmake_vendor/lib:/opt/ros/jazzy/lib PYTHONPATH=/home/vvoxel/ros2_ws_mgr/install/ros_gz_interfaces/lib/python3.12/site-packages:/home/vvoxel/ros2_ws_mgr/install/sim_launcher/lib/python3.12/site-packages:/home/vvoxel/ros2_ws_mgr/install/ros_gz_sim/lib/python3.12/site-packages:/home/vvoxel/ros2_ws_mgr/install/ros_gz_bridge/lib/python3.12/site-packages:/home/vvoxel/ros2_ws_mgr/install/realsense2_camera_msgs/lib/python3.12/site-packages:/home/vvoxel/ros2_ws_mgr/install/mtracker/lib/python3.12/site-packages:/home/vvoxel/ros2_ws_mgr/install/apriltag_msgs/lib/python3.12/site-packages:/home/vvoxel/ros2_ws_mgr/install/apriltag/lib/python3.12/site-packages:/opt/ros/jazzy/lib/python3.12/site-packages /usr/bin/cmake --install /home/vvoxel/ros2_ws_mgr/build/ros_gz_bridge
[1.214s] -- Install configuration: ""
[1.214s] -- Up-to-date: /home/vvoxel/ros2_ws_mgr/install/ros_gz_bridge/share/ros_gz_bridge/environment/pythonpath.sh
[1.214s] -- Up-to-date: /home/vvoxel/ros2_ws_mgr/install/ros_gz_bridge/share/ros_gz_bridge/environment/pythonpath.dsv
[1.215s] -- Up-to-date: /home/vvoxel/ros2_ws_mgr/install/ros_gz_bridge/lib/python3.12/site-packages/ros_gz_bridge-1.0.11-py3.12.egg-info
[1.215s] -- Installing: /home/vvoxel/ros2_ws_mgr/install/ros_gz_bridge/lib/python3.12/site-packages/ros_gz_bridge-1.0.11-py3.12.egg-info/dependency_links.txt
[1.215s] -- Installing: /home/vvoxel/ros2_ws_mgr/install/ros_gz_bridge/lib/python3.12/site-packages/ros_gz_bridge-1.0.11-py3.12.egg-info/entry_points.txt
[1.215s] -- Installing: /home/vvoxel/ros2_ws_mgr/install/ros_gz_bridge/lib/python3.12/site-packages/ros_gz_bridge-1.0.11-py3.12.egg-info/top_level.txt
[1.215s] -- Installing: /home/vvoxel/ros2_ws_mgr/install/ros_gz_bridge/lib/python3.12/site-packages/ros_gz_bridge-1.0.11-py3.12.egg-info/SOURCES.txt
[1.216s] -- Installing: /home/vvoxel/ros2_ws_mgr/install/ros_gz_bridge/lib/python3.12/site-packages/ros_gz_bridge-1.0.11-py3.12.egg-info/PKG-INFO
[1.216s] -- Up-to-date: /home/vvoxel/ros2_ws_mgr/install/ros_gz_bridge/lib/python3.12/site-packages/ros_gz_bridge
[1.216s] -- Up-to-date: /home/vvoxel/ros2_ws_mgr/install/ros_gz_bridge/lib/python3.12/site-packages/ros_gz_bridge/__init__.py
[1.216s] -- Up-to-date: /home/vvoxel/ros2_ws_mgr/install/ros_gz_bridge/lib/python3.12/site-packages/ros_gz_bridge/actions
[1.216s] -- Up-to-date: /home/vvoxel/ros2_ws_mgr/install/ros_gz_bridge/lib/python3.12/site-packages/ros_gz_bridge/actions/__init__.py
[1.216s] -- Up-to-date: /home/vvoxel/ros2_ws_mgr/install/ros_gz_bridge/lib/python3.12/site-packages/ros_gz_bridge/actions/ros_gz_bridge.py
[1.216s] -- Up-to-date: /home/vvoxel/ros2_ws_mgr/install/ros_gz_bridge/lib/python3.12/site-packages/ros_gz_bridge/mappings.py
[1.288s] Listing '/home/vvoxel/ros2_ws_mgr/install/ros_gz_bridge/lib/python3.12/site-packages/ros_gz_bridge'...
[1.288s] Listing '/home/vvoxel/ros2_ws_mgr/install/ros_gz_bridge/lib/python3.12/site-packages/ros_gz_bridge/actions'...
[1.299s] -- Up-to-date: /home/vvoxel/ros2_ws_mgr/install/ros_gz_bridge/lib/ros_gz_bridge/bridge_node
[1.299s] -- Up-to-date: /home/vvoxel/ros2_ws_mgr/install/ros_gz_bridge/lib/libros_gz_bridge.so
[1.300s] -- Up-to-date: /home/vvoxel/ros2_ws_mgr/install/ros_gz_bridge/include/ros_gz_bridge
[1.300s] -- Up-to-date: /home/vvoxel/ros2_ws_mgr/install/ros_gz_bridge/include/ros_gz_bridge/ros_gz_bridge
[1.300s] -- Up-to-date: /home/vvoxel/ros2_ws_mgr/install/ros_gz_bridge/include/ros_gz_bridge/ros_gz_bridge/ros_gz_bridge.hpp
[1.301s] -- Up-to-date: /home/vvoxel/ros2_ws_mgr/install/ros_gz_bridge/include/ros_gz_bridge/ros_gz_bridge/convert_decl.hpp
[1.301s] -- Up-to-date: /home/vvoxel/ros2_ws_mgr/install/ros_gz_bridge/include/ros_gz_bridge/ros_gz_bridge/convert
[1.301s] -- Up-to-date: /home/vvoxel/ros2_ws_mgr/install/ros_gz_bridge/include/ros_gz_bridge/ros_gz_bridge/convert/trajectory_msgs.hpp
[1.302s] -- Up-to-date: /home/vvoxel/ros2_ws_mgr/install/ros_gz_bridge/include/ros_gz_bridge/ros_gz_bridge/convert/rosgraph_msgs.hpp
[1.302s] -- Up-to-date: /home/vvoxel/ros2_ws_mgr/install/ros_gz_bridge/include/ros_gz_bridge/ros_gz_bridge/convert/gps_msgs.hpp
[1.302s] -- Up-to-date: /home/vvoxel/ros2_ws_mgr/install/ros_gz_bridge/include/ros_gz_bridge/ros_gz_bridge/convert/vision_msgs.hpp
[1.303s] -- Up-to-date: /home/vvoxel/ros2_ws_mgr/install/ros_gz_bridge/include/ros_gz_bridge/ros_gz_bridge/convert/ros_gz_interfaces.hpp
[1.303s] -- Up-to-date: /home/vvoxel/ros2_ws_mgr/install/ros_gz_bridge/include/ros_gz_bridge/ros_gz_bridge/convert/rcl_interfaces.hpp
[1.303s] -- Up-to-date: /home/vvoxel/ros2_ws_mgr/install/ros_gz_bridge/include/ros_gz_bridge/ros_gz_bridge/convert/actuator_msgs.hpp
[1.303s] -- Up-to-date: /home/vvoxel/ros2_ws_mgr/install/ros_gz_bridge/include/ros_gz_bridge/ros_gz_bridge/convert/nav_msgs.hpp
[1.304s] -- Up-to-date: /home/vvoxel/ros2_ws_mgr/install/ros_gz_bridge/include/ros_gz_bridge/ros_gz_bridge/convert/std_msgs.hpp
[1.304s] -- Up-to-date: /home/vvoxel/ros2_ws_mgr/install/ros_gz_bridge/include/ros_gz_bridge/ros_gz_bridge/convert/sensor_msgs.hpp
[1.304s] -- Up-to-date: /home/vvoxel/ros2_ws_mgr/install/ros_gz_bridge/include/ros_gz_bridge/ros_gz_bridge/convert/tf2_msgs.hpp
[1.304s] -- Up-to-date: /home/vvoxel/ros2_ws_mgr/install/ros_gz_bridge/include/ros_gz_bridge/ros_gz_bridge/convert/builtin_interfaces.hpp
[1.305s] -- Up-to-date: /home/vvoxel/ros2_ws_mgr/install/ros_gz_bridge/include/ros_gz_bridge/ros_gz_bridge/convert/geometry_msgs.hpp
[1.305s] -- Up-to-date: /home/vvoxel/ros2_ws_mgr/install/ros_gz_bridge/include/ros_gz_bridge/ros_gz_bridge/convert.hpp
[1.305s] -- Up-to-date: /home/vvoxel/ros2_ws_mgr/install/ros_gz_bridge/include/ros_gz_bridge/ros_gz_bridge/bridge_config.hpp
[1.306s] -- Up-to-date: /home/vvoxel/ros2_ws_mgr/install/ros_gz_bridge/share/ros_gz_bridge/launch
[1.306s] -- Up-to-date: /home/vvoxel/ros2_ws_mgr/install/ros_gz_bridge/share/ros_gz_bridge/launch/ros_gz_bridge.launch.py
[1.306s] -- Up-to-date: /home/vvoxel/ros2_ws_mgr/install/ros_gz_bridge/share/ros_gz_bridge/launch/ros_gz_bridge.launch
[1.306s] -- Up-to-date: /home/vvoxel/ros2_ws_mgr/install/ros_gz_bridge/lib/ros_gz_bridge/parameter_bridge
[1.307s] -- Up-to-date: /home/vvoxel/ros2_ws_mgr/install/ros_gz_bridge/lib/ros_gz_bridge/static_bridge
[1.307s] -- Up-to-date: /home/vvoxel/ros2_ws_mgr/install/ros_gz_bridge/lib/ros_gz_bridge/bridge_types
[1.307s] -- Up-to-date: /home/vvoxel/ros2_ws_mgr/install/ros_gz_bridge/lib/ros_gz_bridge/test_ros_publisher
[1.308s] -- Up-to-date: /home/vvoxel/ros2_ws_mgr/install/ros_gz_bridge/lib/ros_gz_bridge/test_ros_subscriber
[1.308s] -- Up-to-date: /home/vvoxel/ros2_ws_mgr/install/ros_gz_bridge/lib/ros_gz_bridge/test_gz_publisher
[1.308s] -- Up-to-date: /home/vvoxel/ros2_ws_mgr/install/ros_gz_bridge/lib/ros_gz_bridge/test_gz_subscriber
[1.308s] -- Up-to-date: /home/vvoxel/ros2_ws_mgr/install/ros_gz_bridge/lib/ros_gz_bridge/test_gz_server
[1.309s] -- Up-to-date: /home/vvoxel/ros2_ws_mgr/install/ros_gz_bridge/lib/ros_gz_bridge/test_ros_client
[1.309s] -- Up-to-date: /home/vvoxel/ros2_ws_mgr/install/ros_gz_bridge/share/ros_gz_bridge/environment/library_path.sh
[1.309s] -- Up-to-date: /home/vvoxel/ros2_ws_mgr/install/ros_gz_bridge/share/ros_gz_bridge/environment/library_path.dsv
[1.310s] -- Up-to-date: /home/vvoxel/ros2_ws_mgr/install/ros_gz_bridge/share/ament_index/resource_index/package_run_dependencies/ros_gz_bridge
[1.310s] -- Up-to-date: /home/vvoxel/ros2_ws_mgr/install/ros_gz_bridge/share/ament_index/resource_index/parent_prefix_path/ros_gz_bridge
[1.310s] -- Up-to-date: /home/vvoxel/ros2_ws_mgr/install/ros_gz_bridge/share/ros_gz_bridge/environment/ament_prefix_path.sh
[1.311s] -- Up-to-date: /home/vvoxel/ros2_ws_mgr/install/ros_gz_bridge/share/ros_gz_bridge/environment/ament_prefix_path.dsv
[1.311s] -- Up-to-date: /home/vvoxel/ros2_ws_mgr/install/ros_gz_bridge/share/ros_gz_bridge/environment/path.sh
[1.311s] -- Up-to-date: /home/vvoxel/ros2_ws_mgr/install/ros_gz_bridge/share/ros_gz_bridge/environment/path.dsv
[1.311s] -- Up-to-date: /home/vvoxel/ros2_ws_mgr/install/ros_gz_bridge/share/ros_gz_bridge/local_setup.bash
[1.312s] -- Up-to-date: /home/vvoxel/ros2_ws_mgr/install/ros_gz_bridge/share/ros_gz_bridge/local_setup.sh
[1.312s] -- Up-to-date: /home/vvoxel/ros2_ws_mgr/install/ros_gz_bridge/share/ros_gz_bridge/local_setup.zsh
[1.312s] -- Up-to-date: /home/vvoxel/ros2_ws_mgr/install/ros_gz_bridge/share/ros_gz_bridge/local_setup.dsv
[1.312s] -- Installing: /home/vvoxel/ros2_ws_mgr/install/ros_gz_bridge/share/ros_gz_bridge/package.dsv
[1.313s] -- Up-to-date: /home/vvoxel/ros2_ws_mgr/install/ros_gz_bridge/share/ament_index/resource_index/packages/ros_gz_bridge
[1.313s] -- Up-to-date: /home/vvoxel/ros2_ws_mgr/install/ros_gz_bridge/share/ament_index/resource_index/rclcpp_components/ros_gz_bridge
[1.313s] -- Up-to-date: /home/vvoxel/ros2_ws_mgr/install/ros_gz_bridge/share/ros_gz_bridge/cmake/export_ros_gz_bridgeExport.cmake
[1.313s] -- Up-to-date: /home/vvoxel/ros2_ws_mgr/install/ros_gz_bridge/share/ros_gz_bridge/cmake/export_ros_gz_bridgeExport-noconfig.cmake
[1.314s] -- Up-to-date: /home/vvoxel/ros2_ws_mgr/install/ros_gz_bridge/share/ros_gz_bridge/cmake/ament_cmake_export_include_directories-extras.cmake
[1.314s] -- Up-to-date: /home/vvoxel/ros2_ws_mgr/install/ros_gz_bridge/share/ros_gz_bridge/cmake/ament_cmake_export_libraries-extras.cmake
[1.314s] -- Up-to-date: /home/vvoxel/ros2_ws_mgr/install/ros_gz_bridge/share/ros_gz_bridge/cmake/ament_cmake_export_targets-extras.cmake
[1.314s] -- Up-to-date: /home/vvoxel/ros2_ws_mgr/install/ros_gz_bridge/share/ros_gz_bridge/cmake/ament_cmake_export_dependencies-extras.cmake
[1.314s] -- Up-to-date: /home/vvoxel/ros2_ws_mgr/install/ros_gz_bridge/share/ros_gz_bridge/cmake/ros_gz_bridgeConfig.cmake
[1.315s] -- Up-to-date: /home/vvoxel/ros2_ws_mgr/install/ros_gz_bridge/share/ros_gz_bridge/cmake/ros_gz_bridgeConfig-version.cmake
[1.315s] -- Up-to-date: /home/vvoxel/ros2_ws_mgr/install/ros_gz_bridge/share/ros_gz_bridge/package.xml
[1.317s] Invoked command in '/home/vvoxel/ros2_ws_mgr/build/ros_gz_bridge' returned '0': CMAKE_PREFIX_PATH=/home/vvoxel/ros2_ws_mgr/install/ros_gz_interfaces:/home/vvoxel/ros2_ws_mgr/install/test_ros_gz_bridge:/home/vvoxel/ros2_ws_mgr/install/ros_gz:/home/vvoxel/ros2_ws_mgr/install/ros_gz_sim_demos:/home/vvoxel/ros2_ws_mgr/install/ros_gz_sim:/home/vvoxel/ros2_ws_mgr/install/ros_gz_image:/home/vvoxel/ros2_ws_mgr/install/ros_gz_bridge:/home/vvoxel/ros2_ws_mgr/install/realsense2_description:/home/vvoxel/ros2_ws_mgr/install/realsense2_camera:/home/vvoxel/ros2_ws_mgr/install/realsense2_camera_msgs:/home/vvoxel/ros2_ws_mgr/install/mtracker:/home/vvoxel/ros2_ws_mgr/install/g2o:/home/vvoxel/ros2_ws_mgr/install/apriltag_ros:/home/vvoxel/ros2_ws_mgr/install/apriltag_msgs:/home/vvoxel/ros2_ws_mgr/install/apriltag:/home/vvoxel/ros2_ws_mgr/install/anglecalc:/opt/ros/jazzy/opt/gz_sim_vendor:/opt/ros/jazzy/opt/gz_sensors_vendor:/opt/ros/jazzy/opt/gz_physics_vendor:/opt/ros/jazzy/opt/sdformat_vendor:/opt/ros/jazzy/opt/gz_gui_vendor:/opt/ros/jazzy/opt/gz_transport_vendor:/opt/ros/jazzy/opt/gz_rendering_vendor:/opt/ros/jazzy/opt/gz_plugin_vendor:/opt/ros/jazzy/opt/gz_fuel_tools_vendor:/opt/ros/jazzy/opt/gz_msgs_vendor:/opt/ros/jazzy/opt/gz_common_vendor:/opt/ros/jazzy/opt/gz_math_vendor:/opt/ros/jazzy/opt/gz_utils_vendor:/opt/ros/jazzy/opt/gz_tools_vendor:/opt/ros/jazzy/opt/gz_ogre_next_vendor:/opt/ros/jazzy/opt/gz_dartsim_vendor:/opt/ros/jazzy/opt/gz_cmake_vendor:/home/vvoxel/ros2_ws_mgr/install/sim_launcher:/opt/ros/jazzy DEBUGINFOD_URLS=https://debuginfod.ubuntu.com LD_LIBRARY_PATH=/home/vvoxel/ros2_ws_mgr/install/ros_gz_interfaces/lib:/opt/ros/jazzy/lib/x86_64-linux-gnu:/home/vvoxel/ros2_ws_mgr/install/ros_gz_sim/lib:/home/vvoxel/ros2_ws_mgr/install/ros_gz_bridge/lib:/home/vvoxel/ros2_ws_mgr/install/realsense2_camera/lib:/home/vvoxel/ros2_ws_mgr/install/realsense2_camera_msgs/lib:/home/vvoxel/ros2_ws_mgr/install/mtracker/lib:/home/vvoxel/ros2_ws_mgr/install/g2o/lib:/home/vvoxel/ros2_ws_mgr/install/apriltag_ros/lib:/home/vvoxel/ros2_ws_mgr/install/apriltag_msgs/lib:/home/vvoxel/ros2_ws_mgr/install/apriltag/lib:/opt/ros/jazzy/opt/gz_sim_vendor/lib:/opt/ros/jazzy/opt/gz_sensors_vendor/lib:/opt/ros/jazzy/opt/gz_physics_vendor/lib:/opt/ros/jazzy/opt/sdformat_vendor/lib:/opt/ros/jazzy/opt/rviz_ogre_vendor/lib:/opt/ros/jazzy/lib/x86_64-linux-gnu:/opt/ros/jazzy/opt/gz_gui_vendor/lib:/opt/ros/jazzy/opt/gz_transport_vendor/lib:/opt/ros/jazzy/opt/gz_rendering_vendor/lib:/opt/ros/jazzy/opt/gz_plugin_vendor/lib:/opt/ros/jazzy/opt/gz_fuel_tools_vendor/lib:/opt/ros/jazzy/opt/gz_msgs_vendor/lib:/opt/ros/jazzy/opt/gz_common_vendor/lib:/opt/ros/jazzy/opt/gz_math_vendor/lib:/opt/ros/jazzy/opt/gz_utils_vendor/lib:/opt/ros/jazzy/opt/gz_tools_vendor/lib:/opt/ros/jazzy/opt/gz_ogre_next_vendor/lib:/opt/ros/jazzy/opt/gz_dartsim_vendor/lib:/opt/ros/jazzy/opt/gz_cmake_vendor/lib:/opt/ros/jazzy/lib PYTHONPATH=/home/vvoxel/ros2_ws_mgr/install/ros_gz_interfaces/lib/python3.12/site-packages:/home/vvoxel/ros2_ws_mgr/install/sim_launcher/lib/python3.12/site-packages:/home/vvoxel/ros2_ws_mgr/install/ros_gz_sim/lib/python3.12/site-packages:/home/vvoxel/ros2_ws_mgr/install/ros_gz_bridge/lib/python3.12/site-packages:/home/vvoxel/ros2_ws_mgr/install/realsense2_camera_msgs/lib/python3.12/site-packages:/home/vvoxel/ros2_ws_mgr/install/mtracker/lib/python3.12/site-packages:/home/vvoxel/ros2_ws_mgr/install/apriltag_msgs/lib/python3.12/site-packages:/home/vvoxel/ros2_ws_mgr/install/apriltag/lib/python3.12/site-packages:/opt/ros/jazzy/lib/python3.12/site-packages /usr/bin/cmake --install /home/vvoxel/ros2_ws_mgr/build/ros_gz_bridge
