[  0%] Built target ros_gz_interfaces__rosidl_generator_type_description
[  0%] Built target ament_cmake_python_symlink_ros_gz_interfaces
[  0%] Built target ros_gz_interfaces__cpp
[ 28%] Built target ros_gz_interfaces__rosidl_generator_c
[ 38%] Built target ros_gz_interfaces__rosidl_typesupport_c
[ 48%] Built target ros_gz_interfaces__rosidl_typesupport_cpp
[ 57%] Built target ros_gz_interfaces__rosidl_typesupport_introspection_c
[ 67%] Built target ros_gz_interfaces__rosidl_typesupport_introspection_cpp
[ 77%] Built target ros_gz_interfaces__rosidl_typesupport_fastrtps_cpp
[ 87%] Built target ros_gz_interfaces__rosidl_typesupport_fastrtps_c
[ 87%] Built target ros_gz_interfaces
[ 87%] Built target ros_gz_interfaces__py
[ 97%] Built target ros_gz_interfaces__rosidl_generator_py
[ 98%] Built target ros_gz_interfaces_s__rosidl_typesupport_fastrtps_c
[ 99%] Built target ros_gz_interfaces_s__rosidl_typesupport_c
[100%] Built target ros_gz_interfaces_s__rosidl_typesupport_introspection_c
running egg_info
writing ros_gz_interfaces.egg-info/PKG-INFO
writing dependency_links to ros_gz_interfaces.egg-info/dependency_links.txt
writing top-level names to ros_gz_interfaces.egg-info/top_level.txt
reading manifest file 'ros_gz_interfaces.egg-info/SOURCES.txt'
writing manifest file 'ros_gz_interfaces.egg-info/SOURCES.txt'
[100%] Built target ament_cmake_python_build_ros_gz_interfaces_egg
