[0.063s] Invoking command in '/home/vvoxel/ros2_ws_mgr/build/ros_gz_interfaces': CMAKE_PREFIX_PATH=/home/vvoxel/ros2_ws_mgr/install/g2o_driver:/home/vvoxel/ros2_ws_mgr/install/test_ros_gz_bridge:/home/vvoxel/ros2_ws_mgr/install/sim_launcher:/opt/ros/jazzy:/home/vvoxel/ros2_ws_mgr/install/slam:/home/vvoxel/ros2_ws_mgr/install/ros_gz:/home/vvoxel/ros2_ws_mgr/install/ros_gz_sim_demos:/home/vvoxel/ros2_ws_mgr/install/ros_gz_sim:/home/vvoxel/ros2_ws_mgr/install/ros_gz_image:/home/vvoxel/ros2_ws_mgr/install/ros_gz_bridge:/home/vvoxel/ros2_ws_mgr/install/ros_gz_interfaces:/home/vvoxel/ros2_ws_mgr/install/realsense2_description:/home/vvoxel/ros2_ws_mgr/install/realsense2_camera:/home/vvoxel/ros2_ws_mgr/install/realsense2_camera_msgs:/home/vvoxel/ros2_ws_mgr/install/mtracker:/home/vvoxel/ros2_ws_mgr/install/g2o:/home/vvoxel/ros2_ws_mgr/install/apriltag_ros:/home/vvoxel/ros2_ws_mgr/install/apriltag_msgs:/home/vvoxel/ros2_ws_mgr/install/apriltag:/home/vvoxel/ros2_ws_mgr/install/anglecalc:/opt/ros/jazzy/opt/gz_sim_vendor:/opt/ros/jazzy/opt/gz_sensors_vendor:/opt/ros/jazzy/opt/gz_physics_vendor:/opt/ros/jazzy/opt/sdformat_vendor:/opt/ros/jazzy/opt/gz_gui_vendor:/opt/ros/jazzy/opt/gz_transport_vendor:/opt/ros/jazzy/opt/gz_rendering_vendor:/opt/ros/jazzy/opt/gz_plugin_vendor:/opt/ros/jazzy/opt/gz_fuel_tools_vendor:/opt/ros/jazzy/opt/gz_msgs_vendor:/opt/ros/jazzy/opt/gz_common_vendor:/opt/ros/jazzy/opt/gz_math_vendor:/opt/ros/jazzy/opt/gz_utils_vendor:/opt/ros/jazzy/opt/gz_tools_vendor:/opt/ros/jazzy/opt/gz_ogre_next_vendor:/opt/ros/jazzy/opt/gz_dartsim_vendor:/opt/ros/jazzy/opt/gz_cmake_vendor DEBUGINFOD_URLS=https://debuginfod.ubuntu.com /usr/bin/cmake --build /home/vvoxel/ros2_ws_mgr/build/ros_gz_interfaces -- -j8 -l8
[0.264s] [  0%] Built target ros_gz_interfaces__rosidl_generator_type_description
[0.329s] [  0%] Built target ament_cmake_python_symlink_ros_gz_interfaces
[0.425s] [  0%] Built target ros_gz_interfaces__cpp
[0.464s] [ 28%] Built target ros_gz_interfaces__rosidl_generator_c
[0.660s] [ 38%] Built target ros_gz_interfaces__rosidl_typesupport_c
[0.670s] [ 48%] Built target ros_gz_interfaces__rosidl_typesupport_cpp
[0.680s] [ 57%] Built target ros_gz_interfaces__rosidl_typesupport_introspection_c
[0.683s] [ 67%] Built target ros_gz_interfaces__rosidl_typesupport_introspection_cpp
[0.711s] [ 77%] Built target ros_gz_interfaces__rosidl_typesupport_fastrtps_cpp
[0.725s] [ 87%] Built target ros_gz_interfaces__rosidl_typesupport_fastrtps_c
[0.835s] [ 87%] Built target ros_gz_interfaces
[0.919s] [ 87%] Built target ros_gz_interfaces__py
[1.045s] [ 97%] Built target ros_gz_interfaces__rosidl_generator_py
[1.119s] [ 98%] Built target ros_gz_interfaces_s__rosidl_typesupport_fastrtps_c
[1.137s] [ 99%] Built target ros_gz_interfaces_s__rosidl_typesupport_c
[1.140s] [100%] Built target ros_gz_interfaces_s__rosidl_typesupport_introspection_c
[1.311s] running egg_info
[1.382s] writing ros_gz_interfaces.egg-info/PKG-INFO
[1.382s] writing dependency_links to ros_gz_interfaces.egg-info/dependency_links.txt
[1.383s] writing top-level names to ros_gz_interfaces.egg-info/top_level.txt
[1.490s] reading manifest file 'ros_gz_interfaces.egg-info/SOURCES.txt'
[1.491s] writing manifest file 'ros_gz_interfaces.egg-info/SOURCES.txt'
[1.553s] [100%] Built target ament_cmake_python_build_ros_gz_interfaces_egg
