[0.021s] Invoking command in '/home/vvoxel/ros2_ws_mgr/build/ros_gz_image': CMAKE_PREFIX_PATH=/home/vvoxel/ros2_ws_mgr/install/ros_gz_bridge:/home/vvoxel/ros2_ws_mgr/install/ros_gz_interfaces:/home/vvoxel/ros2_ws_mgr/install/test_ros_gz_bridge:/home/vvoxel/ros2_ws_mgr/install/ros_gz:/home/vvoxel/ros2_ws_mgr/install/ros_gz_sim_demos:/home/vvoxel/ros2_ws_mgr/install/ros_gz_sim:/home/vvoxel/ros2_ws_mgr/install/ros_gz_image:/home/vvoxel/ros2_ws_mgr/install/realsense2_description:/home/vvoxel/ros2_ws_mgr/install/realsense2_camera:/home/vvoxel/ros2_ws_mgr/install/realsense2_camera_msgs:/home/vvoxel/ros2_ws_mgr/install/mtracker:/home/vvoxel/ros2_ws_mgr/install/g2o:/home/vvoxel/ros2_ws_mgr/install/apriltag:/home/vvoxel/ros2_ws_mgr/install/anglecalc:/opt/ros/jazzy/opt/gz_sim_vendor:/opt/ros/jazzy/opt/gz_sensors_vendor:/opt/ros/jazzy/opt/gz_physics_vendor:/opt/ros/jazzy/opt/sdformat_vendor:/opt/ros/jazzy/opt/gz_gui_vendor:/opt/ros/jazzy/opt/gz_transport_vendor:/opt/ros/jazzy/opt/gz_rendering_vendor:/opt/ros/jazzy/opt/gz_plugin_vendor:/opt/ros/jazzy/opt/gz_fuel_tools_vendor:/opt/ros/jazzy/opt/gz_msgs_vendor:/opt/ros/jazzy/opt/gz_common_vendor:/opt/ros/jazzy/opt/gz_math_vendor:/opt/ros/jazzy/opt/gz_utils_vendor:/opt/ros/jazzy/opt/gz_tools_vendor:/opt/ros/jazzy/opt/gz_ogre_next_vendor:/opt/ros/jazzy/opt/gz_dartsim_vendor:/opt/ros/jazzy/opt/gz_cmake_vendor:/opt/ros/jazzy DEBUGINFOD_URLS=https://debuginfod.ubuntu.com LD_LIBRARY_PATH=/home/vvoxel/ros2_ws_mgr/install/ros_gz_bridge/lib:/home/vvoxel/ros2_ws_mgr/install/ros_gz_interfaces/lib:/home/vvoxel/ros2_ws_mgr/install/ros_gz_sim/lib:/opt/ros/jazzy/lib/x86_64-linux-gnu:/home/vvoxel/ros2_ws_mgr/install/realsense2_camera/lib:/home/vvoxel/ros2_ws_mgr/install/realsense2_camera_msgs/lib:/home/vvoxel/ros2_ws_mgr/install/mtracker/lib:/home/vvoxel/ros2_ws_mgr/install/g2o/lib:/home/vvoxel/ros2_ws_mgr/install/apriltag/lib:/opt/ros/jazzy/opt/gz_sim_vendor/lib:/opt/ros/jazzy/opt/gz_sensors_vendor/lib:/opt/ros/jazzy/opt/gz_physics_vendor/lib:/opt/ros/jazzy/opt/sdformat_vendor/lib:/opt/ros/jazzy/opt/rviz_ogre_vendor/lib:/opt/ros/jazzy/lib/x86_64-linux-gnu:/opt/ros/jazzy/opt/gz_gui_vendor/lib:/opt/ros/jazzy/opt/gz_transport_vendor/lib:/opt/ros/jazzy/opt/gz_rendering_vendor/lib:/opt/ros/jazzy/opt/gz_plugin_vendor/lib:/opt/ros/jazzy/opt/gz_fuel_tools_vendor/lib:/opt/ros/jazzy/opt/gz_msgs_vendor/lib:/opt/ros/jazzy/opt/gz_common_vendor/lib:/opt/ros/jazzy/opt/gz_math_vendor/lib:/opt/ros/jazzy/opt/gz_utils_vendor/lib:/opt/ros/jazzy/opt/gz_tools_vendor/lib:/opt/ros/jazzy/opt/gz_ogre_next_vendor/lib:/opt/ros/jazzy/opt/gz_dartsim_vendor/lib:/opt/ros/jazzy/opt/gz_cmake_vendor/lib:/opt/ros/jazzy/lib PYTHONPATH=/home/vvoxel/ros2_ws_mgr/install/ros_gz_bridge/lib/python3.12/site-packages:/home/vvoxel/ros2_ws_mgr/install/ros_gz_interfaces/lib/python3.12/site-packages:/home/vvoxel/ros2_ws_mgr/install/ros_gz_sim/lib/python3.12/site-packages:/home/vvoxel/ros2_ws_mgr/install/realsense2_camera_msgs/lib/python3.12/site-packages:/home/vvoxel/ros2_ws_mgr/install/mtracker/lib/python3.12/site-packages:/home/vvoxel/ros2_ws_mgr/install/apriltag/lib/python3.12/site-packages:/opt/ros/jazzy/lib/python3.12/site-packages /usr/bin/cmake /home/vvoxel/ros2_ws_mgr/src/ros_gz/ros_gz_image -DAMENT_CMAKE_SYMLINK_INSTALL=1 -DCMAKE_INSTALL_PREFIX=/home/vvoxel/ros2_ws_mgr/install/ros_gz_image
[0.119s] -- The C compiler identification is GNU 13.3.0
[0.183s] -- The CXX compiler identification is GNU 13.3.0
[0.204s] -- Detecting C compiler ABI info
[0.308s] -- Detecting C compiler ABI info - done
[0.330s] -- Check for working C compiler: /usr/bin/cc - skipped
[0.330s] -- Detecting C compile features
[0.331s] -- Detecting C compile features - done
[0.345s] -- Detecting CXX compiler ABI info
[0.462s] -- Detecting CXX compiler ABI info - done
[0.474s] -- Check for working CXX compiler: /usr/bin/c++ - skipped
[0.475s] -- Detecting CXX compile features
[0.475s] -- Detecting CXX compile features - done
[0.488s] -- Found ament_cmake: 2.5.3 (/opt/ros/jazzy/share/ament_cmake/cmake)
[0.708s] -- Found Python3: /usr/bin/python3 (found version "3.12.3") found components: Interpreter 
[0.822s] -- Override CMake install command with custom implementation using symlinks instead of copying resources
[0.905s] -- Found image_transport: 5.1.5 (/opt/ros/jazzy/share/image_transport/cmake)
[0.998s] -- Found rosidl_generator_c: 4.6.5 (/opt/ros/jazzy/share/rosidl_generator_c/cmake)
[1.025s] -- Found rosidl_generator_cpp: 4.6.5 (/opt/ros/jazzy/share/rosidl_generator_cpp/cmake)
[1.058s] -- Using all available rosidl_typesupport_c: rosidl_typesupport_fastrtps_c;rosidl_typesupport_introspection_c
[1.092s] -- Using all available rosidl_typesupport_cpp: rosidl_typesupport_fastrtps_cpp;rosidl_typesupport_introspection_cpp
[1.236s] -- Found rmw_implementation_cmake: 7.3.1 (/opt/ros/jazzy/share/rmw_implementation_cmake/cmake)
[1.243s] -- Found rmw_fastrtps_cpp: 8.4.1 (/opt/ros/jazzy/share/rmw_fastrtps_cpp/cmake)
[1.378s] -- Found OpenSSL: /usr/lib/x86_64-linux-gnu/libcrypto.so (found version "3.0.13")  
[1.408s] -- Found FastRTPS: /opt/ros/jazzy/include (Required is at least version "2.13") 
[1.442s] -- Using RMW implementation 'rmw_fastrtps_cpp' as default
[1.742s] -- Found ros_gz_bridge: 1.0.11 (/home/vvoxel/ros2_ws_mgr/install/ros_gz_bridge/share/ros_gz_bridge/cmake)
[1.823s] -- Looking for gz-msgs10 -- found version 10.3.2
[1.839s] -- Searching for dependencies of gz-msgs10
[1.993s] -- Found Protobuf: /usr/lib/x86_64-linux-gnu/libprotobuf.so (found version "3.21.12") 
[1.997s] -- Looking for gz-utils2 -- found version 2.2.1
[1.997s] -- Searching for dependencies of gz-utils2
[2.001s] -- Looking for gz-math7 -- found version 7.5.2
[2.001s] -- Searching for dependencies of gz-math7
[2.002s] -- Looking for gz-utils2 -- found version 2.2.1
[2.010s] -- Checking for module 'tinyxml2'
[2.031s] --   Found tinyxml2, version 10.0.0
[2.083s] -- Looking for gz-transport13 -- found version 13.4.1
[2.083s] -- Searching for dependencies of gz-transport13
[2.126s] -- Config-file not installed for ZeroMQ -- checking for pkg-config
[2.132s] -- Checking for module 'libzmq >= 4'
[2.154s] --   Found libzmq, version 4.3.5
[2.206s] -- Found ZeroMQ: TRUE (Required is at least version "4") 
[2.214s] -- Checking for module 'uuid'
[2.235s] --   Found uuid, version 2.39.3
[2.276s] -- Found UUID: TRUE  
[2.276s] -- Looking for gz-utils2 -- found version 2.2.1
[2.276s] -- Searching for dependencies of gz-utils2
[2.277s] -- Searching for <gz-utils2> component [cli]
[2.280s] -- Looking for gz-utils2-cli -- found version 2.2.1
[2.280s] -- Searching for dependencies of gz-utils2-cli
[2.281s] -- Looking for gz-msgs10 -- found version 10.3.2
[2.637s] -- Looking for gz-transport13 -- found version 13.4.1
[2.638s] -- Looking for gz-msgs10 -- found version 10.3.2
[2.646s] -- Found ament_lint_auto: 0.17.1 (/opt/ros/jazzy/share/ament_lint_auto/cmake)
[2.844s] -- Added test 'copyright' to check source files copyright and LICENSE
[2.846s] -- Added test 'cppcheck' to perform static code analysis on C / C++ code
[2.847s] -- Configured cppcheck include dirs: /home/vvoxel/ros2_ws_mgr/src/ros_gz/ros_gz_image/include
[2.847s] -- Configured cppcheck exclude dirs and/or files: 
[2.849s] -- Added test 'cpplint' to check C / C++ code against the Google style
[2.849s] -- Configured cpplint exclude dirs and/or files: 
[2.852s] -- Added test 'lint_cmake' to check CMake code style
[2.854s] -- Added test 'uncrustify' to check C / C++ code style
[2.854s] -- Configured uncrustify additional arguments: 
[2.856s] -- Added test 'xmllint' to check XML markup files
[2.860s] -- Configuring done (2.8s)
[2.893s] -- Generating done (0.0s)
[2.901s] -- Build files have been written to: /home/vvoxel/ros2_ws_mgr/build/ros_gz_image
[2.921s] Invoked command in '/home/vvoxel/ros2_ws_mgr/build/ros_gz_image' returned '0': CMAKE_PREFIX_PATH=/home/vvoxel/ros2_ws_mgr/install/ros_gz_bridge:/home/vvoxel/ros2_ws_mgr/install/ros_gz_interfaces:/home/vvoxel/ros2_ws_mgr/install/test_ros_gz_bridge:/home/vvoxel/ros2_ws_mgr/install/ros_gz:/home/vvoxel/ros2_ws_mgr/install/ros_gz_sim_demos:/home/vvoxel/ros2_ws_mgr/install/ros_gz_sim:/home/vvoxel/ros2_ws_mgr/install/ros_gz_image:/home/vvoxel/ros2_ws_mgr/install/realsense2_description:/home/vvoxel/ros2_ws_mgr/install/realsense2_camera:/home/vvoxel/ros2_ws_mgr/install/realsense2_camera_msgs:/home/vvoxel/ros2_ws_mgr/install/mtracker:/home/vvoxel/ros2_ws_mgr/install/g2o:/home/vvoxel/ros2_ws_mgr/install/apriltag:/home/vvoxel/ros2_ws_mgr/install/anglecalc:/opt/ros/jazzy/opt/gz_sim_vendor:/opt/ros/jazzy/opt/gz_sensors_vendor:/opt/ros/jazzy/opt/gz_physics_vendor:/opt/ros/jazzy/opt/sdformat_vendor:/opt/ros/jazzy/opt/gz_gui_vendor:/opt/ros/jazzy/opt/gz_transport_vendor:/opt/ros/jazzy/opt/gz_rendering_vendor:/opt/ros/jazzy/opt/gz_plugin_vendor:/opt/ros/jazzy/opt/gz_fuel_tools_vendor:/opt/ros/jazzy/opt/gz_msgs_vendor:/opt/ros/jazzy/opt/gz_common_vendor:/opt/ros/jazzy/opt/gz_math_vendor:/opt/ros/jazzy/opt/gz_utils_vendor:/opt/ros/jazzy/opt/gz_tools_vendor:/opt/ros/jazzy/opt/gz_ogre_next_vendor:/opt/ros/jazzy/opt/gz_dartsim_vendor:/opt/ros/jazzy/opt/gz_cmake_vendor:/opt/ros/jazzy DEBUGINFOD_URLS=https://debuginfod.ubuntu.com LD_LIBRARY_PATH=/home/vvoxel/ros2_ws_mgr/install/ros_gz_bridge/lib:/home/vvoxel/ros2_ws_mgr/install/ros_gz_interfaces/lib:/home/vvoxel/ros2_ws_mgr/install/ros_gz_sim/lib:/opt/ros/jazzy/lib/x86_64-linux-gnu:/home/vvoxel/ros2_ws_mgr/install/realsense2_camera/lib:/home/vvoxel/ros2_ws_mgr/install/realsense2_camera_msgs/lib:/home/vvoxel/ros2_ws_mgr/install/mtracker/lib:/home/vvoxel/ros2_ws_mgr/install/g2o/lib:/home/vvoxel/ros2_ws_mgr/install/apriltag/lib:/opt/ros/jazzy/opt/gz_sim_vendor/lib:/opt/ros/jazzy/opt/gz_sensors_vendor/lib:/opt/ros/jazzy/opt/gz_physics_vendor/lib:/opt/ros/jazzy/opt/sdformat_vendor/lib:/opt/ros/jazzy/opt/rviz_ogre_vendor/lib:/opt/ros/jazzy/lib/x86_64-linux-gnu:/opt/ros/jazzy/opt/gz_gui_vendor/lib:/opt/ros/jazzy/opt/gz_transport_vendor/lib:/opt/ros/jazzy/opt/gz_rendering_vendor/lib:/opt/ros/jazzy/opt/gz_plugin_vendor/lib:/opt/ros/jazzy/opt/gz_fuel_tools_vendor/lib:/opt/ros/jazzy/opt/gz_msgs_vendor/lib:/opt/ros/jazzy/opt/gz_common_vendor/lib:/opt/ros/jazzy/opt/gz_math_vendor/lib:/opt/ros/jazzy/opt/gz_utils_vendor/lib:/opt/ros/jazzy/opt/gz_tools_vendor/lib:/opt/ros/jazzy/opt/gz_ogre_next_vendor/lib:/opt/ros/jazzy/opt/gz_dartsim_vendor/lib:/opt/ros/jazzy/opt/gz_cmake_vendor/lib:/opt/ros/jazzy/lib PYTHONPATH=/home/vvoxel/ros2_ws_mgr/install/ros_gz_bridge/lib/python3.12/site-packages:/home/vvoxel/ros2_ws_mgr/install/ros_gz_interfaces/lib/python3.12/site-packages:/home/vvoxel/ros2_ws_mgr/install/ros_gz_sim/lib/python3.12/site-packages:/home/vvoxel/ros2_ws_mgr/install/realsense2_camera_msgs/lib/python3.12/site-packages:/home/vvoxel/ros2_ws_mgr/install/mtracker/lib/python3.12/site-packages:/home/vvoxel/ros2_ws_mgr/install/apriltag/lib/python3.12/site-packages:/opt/ros/jazzy/lib/python3.12/site-packages /usr/bin/cmake /home/vvoxel/ros2_ws_mgr/src/ros_gz/ros_gz_image -DAMENT_CMAKE_SYMLINK_INSTALL=1 -DCMAKE_INSTALL_PREFIX=/home/vvoxel/ros2_ws_mgr/install/ros_gz_image
[2.923s] Invoking command in '/home/vvoxel/ros2_ws_mgr/build/ros_gz_image': CMAKE_PREFIX_PATH=/home/vvoxel/ros2_ws_mgr/install/ros_gz_bridge:/home/vvoxel/ros2_ws_mgr/install/ros_gz_interfaces:/home/vvoxel/ros2_ws_mgr/install/test_ros_gz_bridge:/home/vvoxel/ros2_ws_mgr/install/ros_gz:/home/vvoxel/ros2_ws_mgr/install/ros_gz_sim_demos:/home/vvoxel/ros2_ws_mgr/install/ros_gz_sim:/home/vvoxel/ros2_ws_mgr/install/ros_gz_image:/home/vvoxel/ros2_ws_mgr/install/realsense2_description:/home/vvoxel/ros2_ws_mgr/install/realsense2_camera:/home/vvoxel/ros2_ws_mgr/install/realsense2_camera_msgs:/home/vvoxel/ros2_ws_mgr/install/mtracker:/home/vvoxel/ros2_ws_mgr/install/g2o:/home/vvoxel/ros2_ws_mgr/install/apriltag:/home/vvoxel/ros2_ws_mgr/install/anglecalc:/opt/ros/jazzy/opt/gz_sim_vendor:/opt/ros/jazzy/opt/gz_sensors_vendor:/opt/ros/jazzy/opt/gz_physics_vendor:/opt/ros/jazzy/opt/sdformat_vendor:/opt/ros/jazzy/opt/gz_gui_vendor:/opt/ros/jazzy/opt/gz_transport_vendor:/opt/ros/jazzy/opt/gz_rendering_vendor:/opt/ros/jazzy/opt/gz_plugin_vendor:/opt/ros/jazzy/opt/gz_fuel_tools_vendor:/opt/ros/jazzy/opt/gz_msgs_vendor:/opt/ros/jazzy/opt/gz_common_vendor:/opt/ros/jazzy/opt/gz_math_vendor:/opt/ros/jazzy/opt/gz_utils_vendor:/opt/ros/jazzy/opt/gz_tools_vendor:/opt/ros/jazzy/opt/gz_ogre_next_vendor:/opt/ros/jazzy/opt/gz_dartsim_vendor:/opt/ros/jazzy/opt/gz_cmake_vendor:/opt/ros/jazzy DEBUGINFOD_URLS=https://debuginfod.ubuntu.com LD_LIBRARY_PATH=/home/vvoxel/ros2_ws_mgr/install/ros_gz_bridge/lib:/home/vvoxel/ros2_ws_mgr/install/ros_gz_interfaces/lib:/home/vvoxel/ros2_ws_mgr/install/ros_gz_sim/lib:/opt/ros/jazzy/lib/x86_64-linux-gnu:/home/vvoxel/ros2_ws_mgr/install/realsense2_camera/lib:/home/vvoxel/ros2_ws_mgr/install/realsense2_camera_msgs/lib:/home/vvoxel/ros2_ws_mgr/install/mtracker/lib:/home/vvoxel/ros2_ws_mgr/install/g2o/lib:/home/vvoxel/ros2_ws_mgr/install/apriltag/lib:/opt/ros/jazzy/opt/gz_sim_vendor/lib:/opt/ros/jazzy/opt/gz_sensors_vendor/lib:/opt/ros/jazzy/opt/gz_physics_vendor/lib:/opt/ros/jazzy/opt/sdformat_vendor/lib:/opt/ros/jazzy/opt/rviz_ogre_vendor/lib:/opt/ros/jazzy/lib/x86_64-linux-gnu:/opt/ros/jazzy/opt/gz_gui_vendor/lib:/opt/ros/jazzy/opt/gz_transport_vendor/lib:/opt/ros/jazzy/opt/gz_rendering_vendor/lib:/opt/ros/jazzy/opt/gz_plugin_vendor/lib:/opt/ros/jazzy/opt/gz_fuel_tools_vendor/lib:/opt/ros/jazzy/opt/gz_msgs_vendor/lib:/opt/ros/jazzy/opt/gz_common_vendor/lib:/opt/ros/jazzy/opt/gz_math_vendor/lib:/opt/ros/jazzy/opt/gz_utils_vendor/lib:/opt/ros/jazzy/opt/gz_tools_vendor/lib:/opt/ros/jazzy/opt/gz_ogre_next_vendor/lib:/opt/ros/jazzy/opt/gz_dartsim_vendor/lib:/opt/ros/jazzy/opt/gz_cmake_vendor/lib:/opt/ros/jazzy/lib PYTHONPATH=/home/vvoxel/ros2_ws_mgr/install/ros_gz_bridge/lib/python3.12/site-packages:/home/vvoxel/ros2_ws_mgr/install/ros_gz_interfaces/lib/python3.12/site-packages:/home/vvoxel/ros2_ws_mgr/install/ros_gz_sim/lib/python3.12/site-packages:/home/vvoxel/ros2_ws_mgr/install/realsense2_camera_msgs/lib/python3.12/site-packages:/home/vvoxel/ros2_ws_mgr/install/mtracker/lib/python3.12/site-packages:/home/vvoxel/ros2_ws_mgr/install/apriltag/lib/python3.12/site-packages:/opt/ros/jazzy/lib/python3.12/site-packages /usr/bin/cmake --build /home/vvoxel/ros2_ws_mgr/build/ros_gz_image -- -j8 -l8
[2.990s] [ 50%] [32mBuilding CXX object CMakeFiles/image_bridge.dir/src/image_bridge.cpp.o[0m
[10.823s] [100%] [32m[1mLinking CXX executable image_bridge[0m
[28.026s] [100%] Built target image_bridge
[28.042s] Invoked command in '/home/vvoxel/ros2_ws_mgr/build/ros_gz_image' returned '0': CMAKE_PREFIX_PATH=/home/vvoxel/ros2_ws_mgr/install/ros_gz_bridge:/home/vvoxel/ros2_ws_mgr/install/ros_gz_interfaces:/home/vvoxel/ros2_ws_mgr/install/test_ros_gz_bridge:/home/vvoxel/ros2_ws_mgr/install/ros_gz:/home/vvoxel/ros2_ws_mgr/install/ros_gz_sim_demos:/home/vvoxel/ros2_ws_mgr/install/ros_gz_sim:/home/vvoxel/ros2_ws_mgr/install/ros_gz_image:/home/vvoxel/ros2_ws_mgr/install/realsense2_description:/home/vvoxel/ros2_ws_mgr/install/realsense2_camera:/home/vvoxel/ros2_ws_mgr/install/realsense2_camera_msgs:/home/vvoxel/ros2_ws_mgr/install/mtracker:/home/vvoxel/ros2_ws_mgr/install/g2o:/home/vvoxel/ros2_ws_mgr/install/apriltag:/home/vvoxel/ros2_ws_mgr/install/anglecalc:/opt/ros/jazzy/opt/gz_sim_vendor:/opt/ros/jazzy/opt/gz_sensors_vendor:/opt/ros/jazzy/opt/gz_physics_vendor:/opt/ros/jazzy/opt/sdformat_vendor:/opt/ros/jazzy/opt/gz_gui_vendor:/opt/ros/jazzy/opt/gz_transport_vendor:/opt/ros/jazzy/opt/gz_rendering_vendor:/opt/ros/jazzy/opt/gz_plugin_vendor:/opt/ros/jazzy/opt/gz_fuel_tools_vendor:/opt/ros/jazzy/opt/gz_msgs_vendor:/opt/ros/jazzy/opt/gz_common_vendor:/opt/ros/jazzy/opt/gz_math_vendor:/opt/ros/jazzy/opt/gz_utils_vendor:/opt/ros/jazzy/opt/gz_tools_vendor:/opt/ros/jazzy/opt/gz_ogre_next_vendor:/opt/ros/jazzy/opt/gz_dartsim_vendor:/opt/ros/jazzy/opt/gz_cmake_vendor:/opt/ros/jazzy DEBUGINFOD_URLS=https://debuginfod.ubuntu.com LD_LIBRARY_PATH=/home/vvoxel/ros2_ws_mgr/install/ros_gz_bridge/lib:/home/vvoxel/ros2_ws_mgr/install/ros_gz_interfaces/lib:/home/vvoxel/ros2_ws_mgr/install/ros_gz_sim/lib:/opt/ros/jazzy/lib/x86_64-linux-gnu:/home/vvoxel/ros2_ws_mgr/install/realsense2_camera/lib:/home/vvoxel/ros2_ws_mgr/install/realsense2_camera_msgs/lib:/home/vvoxel/ros2_ws_mgr/install/mtracker/lib:/home/vvoxel/ros2_ws_mgr/install/g2o/lib:/home/vvoxel/ros2_ws_mgr/install/apriltag/lib:/opt/ros/jazzy/opt/gz_sim_vendor/lib:/opt/ros/jazzy/opt/gz_sensors_vendor/lib:/opt/ros/jazzy/opt/gz_physics_vendor/lib:/opt/ros/jazzy/opt/sdformat_vendor/lib:/opt/ros/jazzy/opt/rviz_ogre_vendor/lib:/opt/ros/jazzy/lib/x86_64-linux-gnu:/opt/ros/jazzy/opt/gz_gui_vendor/lib:/opt/ros/jazzy/opt/gz_transport_vendor/lib:/opt/ros/jazzy/opt/gz_rendering_vendor/lib:/opt/ros/jazzy/opt/gz_plugin_vendor/lib:/opt/ros/jazzy/opt/gz_fuel_tools_vendor/lib:/opt/ros/jazzy/opt/gz_msgs_vendor/lib:/opt/ros/jazzy/opt/gz_common_vendor/lib:/opt/ros/jazzy/opt/gz_math_vendor/lib:/opt/ros/jazzy/opt/gz_utils_vendor/lib:/opt/ros/jazzy/opt/gz_tools_vendor/lib:/opt/ros/jazzy/opt/gz_ogre_next_vendor/lib:/opt/ros/jazzy/opt/gz_dartsim_vendor/lib:/opt/ros/jazzy/opt/gz_cmake_vendor/lib:/opt/ros/jazzy/lib PYTHONPATH=/home/vvoxel/ros2_ws_mgr/install/ros_gz_bridge/lib/python3.12/site-packages:/home/vvoxel/ros2_ws_mgr/install/ros_gz_interfaces/lib/python3.12/site-packages:/home/vvoxel/ros2_ws_mgr/install/ros_gz_sim/lib/python3.12/site-packages:/home/vvoxel/ros2_ws_mgr/install/realsense2_camera_msgs/lib/python3.12/site-packages:/home/vvoxel/ros2_ws_mgr/install/mtracker/lib/python3.12/site-packages:/home/vvoxel/ros2_ws_mgr/install/apriltag/lib/python3.12/site-packages:/opt/ros/jazzy/lib/python3.12/site-packages /usr/bin/cmake --build /home/vvoxel/ros2_ws_mgr/build/ros_gz_image -- -j8 -l8
[28.044s] Invoking command in '/home/vvoxel/ros2_ws_mgr/build/ros_gz_image': CMAKE_PREFIX_PATH=/home/vvoxel/ros2_ws_mgr/install/ros_gz_bridge:/home/vvoxel/ros2_ws_mgr/install/ros_gz_interfaces:/home/vvoxel/ros2_ws_mgr/install/test_ros_gz_bridge:/home/vvoxel/ros2_ws_mgr/install/ros_gz:/home/vvoxel/ros2_ws_mgr/install/ros_gz_sim_demos:/home/vvoxel/ros2_ws_mgr/install/ros_gz_sim:/home/vvoxel/ros2_ws_mgr/install/ros_gz_image:/home/vvoxel/ros2_ws_mgr/install/realsense2_description:/home/vvoxel/ros2_ws_mgr/install/realsense2_camera:/home/vvoxel/ros2_ws_mgr/install/realsense2_camera_msgs:/home/vvoxel/ros2_ws_mgr/install/mtracker:/home/vvoxel/ros2_ws_mgr/install/g2o:/home/vvoxel/ros2_ws_mgr/install/apriltag:/home/vvoxel/ros2_ws_mgr/install/anglecalc:/opt/ros/jazzy/opt/gz_sim_vendor:/opt/ros/jazzy/opt/gz_sensors_vendor:/opt/ros/jazzy/opt/gz_physics_vendor:/opt/ros/jazzy/opt/sdformat_vendor:/opt/ros/jazzy/opt/gz_gui_vendor:/opt/ros/jazzy/opt/gz_transport_vendor:/opt/ros/jazzy/opt/gz_rendering_vendor:/opt/ros/jazzy/opt/gz_plugin_vendor:/opt/ros/jazzy/opt/gz_fuel_tools_vendor:/opt/ros/jazzy/opt/gz_msgs_vendor:/opt/ros/jazzy/opt/gz_common_vendor:/opt/ros/jazzy/opt/gz_math_vendor:/opt/ros/jazzy/opt/gz_utils_vendor:/opt/ros/jazzy/opt/gz_tools_vendor:/opt/ros/jazzy/opt/gz_ogre_next_vendor:/opt/ros/jazzy/opt/gz_dartsim_vendor:/opt/ros/jazzy/opt/gz_cmake_vendor:/opt/ros/jazzy DEBUGINFOD_URLS=https://debuginfod.ubuntu.com LD_LIBRARY_PATH=/home/vvoxel/ros2_ws_mgr/install/ros_gz_bridge/lib:/home/vvoxel/ros2_ws_mgr/install/ros_gz_interfaces/lib:/home/vvoxel/ros2_ws_mgr/install/ros_gz_sim/lib:/opt/ros/jazzy/lib/x86_64-linux-gnu:/home/vvoxel/ros2_ws_mgr/install/realsense2_camera/lib:/home/vvoxel/ros2_ws_mgr/install/realsense2_camera_msgs/lib:/home/vvoxel/ros2_ws_mgr/install/mtracker/lib:/home/vvoxel/ros2_ws_mgr/install/g2o/lib:/home/vvoxel/ros2_ws_mgr/install/apriltag/lib:/opt/ros/jazzy/opt/gz_sim_vendor/lib:/opt/ros/jazzy/opt/gz_sensors_vendor/lib:/opt/ros/jazzy/opt/gz_physics_vendor/lib:/opt/ros/jazzy/opt/sdformat_vendor/lib:/opt/ros/jazzy/opt/rviz_ogre_vendor/lib:/opt/ros/jazzy/lib/x86_64-linux-gnu:/opt/ros/jazzy/opt/gz_gui_vendor/lib:/opt/ros/jazzy/opt/gz_transport_vendor/lib:/opt/ros/jazzy/opt/gz_rendering_vendor/lib:/opt/ros/jazzy/opt/gz_plugin_vendor/lib:/opt/ros/jazzy/opt/gz_fuel_tools_vendor/lib:/opt/ros/jazzy/opt/gz_msgs_vendor/lib:/opt/ros/jazzy/opt/gz_common_vendor/lib:/opt/ros/jazzy/opt/gz_math_vendor/lib:/opt/ros/jazzy/opt/gz_utils_vendor/lib:/opt/ros/jazzy/opt/gz_tools_vendor/lib:/opt/ros/jazzy/opt/gz_ogre_next_vendor/lib:/opt/ros/jazzy/opt/gz_dartsim_vendor/lib:/opt/ros/jazzy/opt/gz_cmake_vendor/lib:/opt/ros/jazzy/lib PYTHONPATH=/home/vvoxel/ros2_ws_mgr/install/ros_gz_bridge/lib/python3.12/site-packages:/home/vvoxel/ros2_ws_mgr/install/ros_gz_interfaces/lib/python3.12/site-packages:/home/vvoxel/ros2_ws_mgr/install/ros_gz_sim/lib/python3.12/site-packages:/home/vvoxel/ros2_ws_mgr/install/realsense2_camera_msgs/lib/python3.12/site-packages:/home/vvoxel/ros2_ws_mgr/install/mtracker/lib/python3.12/site-packages:/home/vvoxel/ros2_ws_mgr/install/apriltag/lib/python3.12/site-packages:/opt/ros/jazzy/lib/python3.12/site-packages /usr/bin/cmake --install /home/vvoxel/ros2_ws_mgr/build/ros_gz_image
[28.054s] -- Install configuration: ""
[28.054s] -- Execute custom install script
[28.055s] -- Symlinking: /home/vvoxel/ros2_ws_mgr/install/ros_gz_image/lib/ros_gz_image/image_bridge
[28.067s] -- Symlinking: /home/vvoxel/ros2_ws_mgr/install/ros_gz_image/share/ament_index/resource_index/package_run_dependencies/ros_gz_image
[28.080s] -- Symlinking: /home/vvoxel/ros2_ws_mgr/install/ros_gz_image/share/ament_index/resource_index/parent_prefix_path/ros_gz_image
[28.095s] -- Symlinking: /home/vvoxel/ros2_ws_mgr/install/ros_gz_image/share/ros_gz_image/environment/ament_prefix_path.sh
[28.108s] -- Symlinking: /home/vvoxel/ros2_ws_mgr/install/ros_gz_image/share/ros_gz_image/environment/ament_prefix_path.dsv
[28.122s] -- Symlinking: /home/vvoxel/ros2_ws_mgr/install/ros_gz_image/share/ros_gz_image/environment/path.sh
[28.134s] -- Symlinking: /home/vvoxel/ros2_ws_mgr/install/ros_gz_image/share/ros_gz_image/environment/path.dsv
[28.146s] -- Symlinking: /home/vvoxel/ros2_ws_mgr/install/ros_gz_image/share/ros_gz_image/local_setup.bash
[28.161s] -- Symlinking: /home/vvoxel/ros2_ws_mgr/install/ros_gz_image/share/ros_gz_image/local_setup.sh
[28.175s] -- Symlinking: /home/vvoxel/ros2_ws_mgr/install/ros_gz_image/share/ros_gz_image/local_setup.zsh
[28.187s] -- Symlinking: /home/vvoxel/ros2_ws_mgr/install/ros_gz_image/share/ros_gz_image/local_setup.dsv
[28.199s] -- Symlinking: /home/vvoxel/ros2_ws_mgr/install/ros_gz_image/share/ros_gz_image/package.dsv
[28.211s] -- Symlinking: /home/vvoxel/ros2_ws_mgr/install/ros_gz_image/share/ament_index/resource_index/packages/ros_gz_image
[28.227s] -- Symlinking: /home/vvoxel/ros2_ws_mgr/install/ros_gz_image/share/ros_gz_image/cmake/ros_gz_imageConfig.cmake
[28.242s] -- Symlinking: /home/vvoxel/ros2_ws_mgr/install/ros_gz_image/share/ros_gz_image/cmake/ros_gz_imageConfig-version.cmake
[28.254s] -- Symlinking: /home/vvoxel/ros2_ws_mgr/install/ros_gz_image/share/ros_gz_image/package.xml
[28.268s] Invoked command in '/home/vvoxel/ros2_ws_mgr/build/ros_gz_image' returned '0': CMAKE_PREFIX_PATH=/home/vvoxel/ros2_ws_mgr/install/ros_gz_bridge:/home/vvoxel/ros2_ws_mgr/install/ros_gz_interfaces:/home/vvoxel/ros2_ws_mgr/install/test_ros_gz_bridge:/home/vvoxel/ros2_ws_mgr/install/ros_gz:/home/vvoxel/ros2_ws_mgr/install/ros_gz_sim_demos:/home/vvoxel/ros2_ws_mgr/install/ros_gz_sim:/home/vvoxel/ros2_ws_mgr/install/ros_gz_image:/home/vvoxel/ros2_ws_mgr/install/realsense2_description:/home/vvoxel/ros2_ws_mgr/install/realsense2_camera:/home/vvoxel/ros2_ws_mgr/install/realsense2_camera_msgs:/home/vvoxel/ros2_ws_mgr/install/mtracker:/home/vvoxel/ros2_ws_mgr/install/g2o:/home/vvoxel/ros2_ws_mgr/install/apriltag:/home/vvoxel/ros2_ws_mgr/install/anglecalc:/opt/ros/jazzy/opt/gz_sim_vendor:/opt/ros/jazzy/opt/gz_sensors_vendor:/opt/ros/jazzy/opt/gz_physics_vendor:/opt/ros/jazzy/opt/sdformat_vendor:/opt/ros/jazzy/opt/gz_gui_vendor:/opt/ros/jazzy/opt/gz_transport_vendor:/opt/ros/jazzy/opt/gz_rendering_vendor:/opt/ros/jazzy/opt/gz_plugin_vendor:/opt/ros/jazzy/opt/gz_fuel_tools_vendor:/opt/ros/jazzy/opt/gz_msgs_vendor:/opt/ros/jazzy/opt/gz_common_vendor:/opt/ros/jazzy/opt/gz_math_vendor:/opt/ros/jazzy/opt/gz_utils_vendor:/opt/ros/jazzy/opt/gz_tools_vendor:/opt/ros/jazzy/opt/gz_ogre_next_vendor:/opt/ros/jazzy/opt/gz_dartsim_vendor:/opt/ros/jazzy/opt/gz_cmake_vendor:/opt/ros/jazzy DEBUGINFOD_URLS=https://debuginfod.ubuntu.com LD_LIBRARY_PATH=/home/vvoxel/ros2_ws_mgr/install/ros_gz_bridge/lib:/home/vvoxel/ros2_ws_mgr/install/ros_gz_interfaces/lib:/home/vvoxel/ros2_ws_mgr/install/ros_gz_sim/lib:/opt/ros/jazzy/lib/x86_64-linux-gnu:/home/vvoxel/ros2_ws_mgr/install/realsense2_camera/lib:/home/vvoxel/ros2_ws_mgr/install/realsense2_camera_msgs/lib:/home/vvoxel/ros2_ws_mgr/install/mtracker/lib:/home/vvoxel/ros2_ws_mgr/install/g2o/lib:/home/vvoxel/ros2_ws_mgr/install/apriltag/lib:/opt/ros/jazzy/opt/gz_sim_vendor/lib:/opt/ros/jazzy/opt/gz_sensors_vendor/lib:/opt/ros/jazzy/opt/gz_physics_vendor/lib:/opt/ros/jazzy/opt/sdformat_vendor/lib:/opt/ros/jazzy/opt/rviz_ogre_vendor/lib:/opt/ros/jazzy/lib/x86_64-linux-gnu:/opt/ros/jazzy/opt/gz_gui_vendor/lib:/opt/ros/jazzy/opt/gz_transport_vendor/lib:/opt/ros/jazzy/opt/gz_rendering_vendor/lib:/opt/ros/jazzy/opt/gz_plugin_vendor/lib:/opt/ros/jazzy/opt/gz_fuel_tools_vendor/lib:/opt/ros/jazzy/opt/gz_msgs_vendor/lib:/opt/ros/jazzy/opt/gz_common_vendor/lib:/opt/ros/jazzy/opt/gz_math_vendor/lib:/opt/ros/jazzy/opt/gz_utils_vendor/lib:/opt/ros/jazzy/opt/gz_tools_vendor/lib:/opt/ros/jazzy/opt/gz_ogre_next_vendor/lib:/opt/ros/jazzy/opt/gz_dartsim_vendor/lib:/opt/ros/jazzy/opt/gz_cmake_vendor/lib:/opt/ros/jazzy/lib PYTHONPATH=/home/vvoxel/ros2_ws_mgr/install/ros_gz_bridge/lib/python3.12/site-packages:/home/vvoxel/ros2_ws_mgr/install/ros_gz_interfaces/lib/python3.12/site-packages:/home/vvoxel/ros2_ws_mgr/install/ros_gz_sim/lib/python3.12/site-packages:/home/vvoxel/ros2_ws_mgr/install/realsense2_camera_msgs/lib/python3.12/site-packages:/home/vvoxel/ros2_ws_mgr/install/mtracker/lib/python3.12/site-packages:/home/vvoxel/ros2_ws_mgr/install/apriltag/lib/python3.12/site-packages:/opt/ros/jazzy/lib/python3.12/site-packages /usr/bin/cmake --install /home/vvoxel/ros2_ws_mgr/build/ros_gz_image
