[0.119s] Invoking command in '/home/vvoxel/ros2_ws_mgr/src/build/apriltag_msgs': CMAKE_PREFIX_PATH=${CMAKE_PREFIX_PATH}:/opt/ros/jazzy DEBUGINFOD_URLS=https://debuginfod.ubuntu.com /usr/bin/cmake --build /home/vvoxel/ros2_ws_mgr/src/build/apriltag_msgs -- -j8 -l8
[0.357s] [  1%] Built target apriltag_msgs__rosidl_generator_type_description
[0.529s] [  1%] Built target ament_cmake_python_copy_apriltag_msgs
[0.632s] [  3%] Built target apriltag_msgs__cpp
[0.741s] [ 24%] Built target apriltag_msgs__rosidl_generator_c
[1.000s] [ 33%] Built target apriltag_msgs__rosidl_typesupport_c
[1.106s] [ 50%] Built target apriltag_msgs__rosidl_typesupport_cpp
[1.107s] [ 51%] Built target apriltag_msgs__rosidl_typesupport_introspection_cpp
[1.148s] [ 61%] Built target apriltag_msgs__rosidl_typesupport_introspection_c
[1.149s] [ 70%] Built target apriltag_msgs__rosidl_typesupport_fastrtps_cpp
[1.173s] [ 79%] Built target apriltag_msgs__rosidl_typesupport_fastrtps_c
[1.371s] [ 79%] Built target apriltag_msgs
[1.549s] [ 81%] Built target apriltag_msgs__py
[1.760s] [ 88%] Built target apriltag_msgs__rosidl_generator_py
[2.071s] [ 92%] Built target apriltag_msgs_s__rosidl_typesupport_introspection_c
[2.102s] [ 96%] Built target apriltag_msgs_s__rosidl_typesupport_fastrtps_c
[2.106s] [100%] Built target apriltag_msgs_s__rosidl_typesupport_c
[3.393s] running egg_info
[3.575s] writing apriltag_msgs.egg-info/PKG-INFO
[3.577s] writing dependency_links to apriltag_msgs.egg-info/dependency_links.txt
[3.578s] writing top-level names to apriltag_msgs.egg-info/top_level.txt
[3.939s] reading manifest file 'apriltag_msgs.egg-info/SOURCES.txt'
[3.939s] writing manifest file 'apriltag_msgs.egg-info/SOURCES.txt'
[4.372s] [100%] Built target ament_cmake_python_build_apriltag_msgs_egg
[4.634s] Invoked command in '/home/vvoxel/ros2_ws_mgr/src/build/apriltag_msgs' returned '0': CMAKE_PREFIX_PATH=${CMAKE_PREFIX_PATH}:/opt/ros/jazzy DEBUGINFOD_URLS=https://debuginfod.ubuntu.com /usr/bin/cmake --build /home/vvoxel/ros2_ws_mgr/src/build/apriltag_msgs -- -j8 -l8
[4.636s] Invoking command in '/home/vvoxel/ros2_ws_mgr/src/build/apriltag_msgs': CMAKE_PREFIX_PATH=${CMAKE_PREFIX_PATH}:/opt/ros/jazzy DEBUGINFOD_URLS=https://debuginfod.ubuntu.com /usr/bin/cmake --install /home/vvoxel/ros2_ws_mgr/src/build/apriltag_msgs
[4.778s] -- Install configuration: ""
[4.781s] -- Up-to-date: /home/vvoxel/ros2_ws_mgr/src/install/apriltag_msgs/share/ament_index/resource_index/rosidl_interfaces/apriltag_msgs
[4.783s] -- Up-to-date: /home/vvoxel/ros2_ws_mgr/src/install/apriltag_msgs/share/apriltag_msgs/msg/Point.json
[4.785s] -- Up-to-date: /home/vvoxel/ros2_ws_mgr/src/install/apriltag_msgs/share/apriltag_msgs/msg/AprilTagDetection.json
[4.787s] -- Up-to-date: /home/vvoxel/ros2_ws_mgr/src/install/apriltag_msgs/share/apriltag_msgs/msg/AprilTagDetectionArray.json
[4.788s] -- Up-to-date: /home/vvoxel/ros2_ws_mgr/src/install/apriltag_msgs/include/apriltag_msgs/apriltag_msgs
[4.789s] -- Up-to-date: /home/vvoxel/ros2_ws_mgr/src/install/apriltag_msgs/include/apriltag_msgs/apriltag_msgs/msg
[4.790s] -- Up-to-date: /home/vvoxel/ros2_ws_mgr/src/install/apriltag_msgs/include/apriltag_msgs/apriltag_msgs/msg/april_tag_detection_array.h
[4.790s] -- Up-to-date: /home/vvoxel/ros2_ws_mgr/src/install/apriltag_msgs/include/apriltag_msgs/apriltag_msgs/msg/rosidl_generator_c__visibility_control.h
[4.790s] -- Up-to-date: /home/vvoxel/ros2_ws_mgr/src/install/apriltag_msgs/include/apriltag_msgs/apriltag_msgs/msg/detail
[4.791s] -- Up-to-date: /home/vvoxel/ros2_ws_mgr/src/install/apriltag_msgs/include/apriltag_msgs/apriltag_msgs/msg/detail/april_tag_detection__description.c
[4.791s] -- Up-to-date: /home/vvoxel/ros2_ws_mgr/src/install/apriltag_msgs/include/apriltag_msgs/apriltag_msgs/msg/detail/april_tag_detection__struct.h
[4.791s] -- Up-to-date: /home/vvoxel/ros2_ws_mgr/src/install/apriltag_msgs/include/apriltag_msgs/apriltag_msgs/msg/detail/april_tag_detection_array__description.c
[4.792s] -- Up-to-date: /home/vvoxel/ros2_ws_mgr/src/install/apriltag_msgs/include/apriltag_msgs/apriltag_msgs/msg/detail/april_tag_detection_array__type_support.h
[4.792s] -- Up-to-date: /home/vvoxel/ros2_ws_mgr/src/install/apriltag_msgs/include/apriltag_msgs/apriltag_msgs/msg/detail/april_tag_detection_array__struct.h
[4.792s] -- Up-to-date: /home/vvoxel/ros2_ws_mgr/src/install/apriltag_msgs/include/apriltag_msgs/apriltag_msgs/msg/detail/point__functions.c
[4.792s] -- Up-to-date: /home/vvoxel/ros2_ws_mgr/src/install/apriltag_msgs/include/apriltag_msgs/apriltag_msgs/msg/detail/point__type_support.h
[4.793s] -- Up-to-date: /home/vvoxel/ros2_ws_mgr/src/install/apriltag_msgs/include/apriltag_msgs/apriltag_msgs/msg/detail/april_tag_detection_array__functions.c
[4.793s] -- Installing: /home/vvoxel/ros2_ws_mgr/src/install/apriltag_msgs/include/apriltag_msgs/apriltag_msgs/msg/detail/point__type_support.c
[4.793s] -- Up-to-date: /home/vvoxel/ros2_ws_mgr/src/install/apriltag_msgs/include/apriltag_msgs/apriltag_msgs/msg/detail/point__description.c
[4.793s] -- Up-to-date: /home/vvoxel/ros2_ws_mgr/src/install/apriltag_msgs/include/apriltag_msgs/apriltag_msgs/msg/detail/april_tag_detection__functions.h
[4.794s] -- Up-to-date: /home/vvoxel/ros2_ws_mgr/src/install/apriltag_msgs/include/apriltag_msgs/apriltag_msgs/msg/detail/april_tag_detection__type_support.h
[4.794s] -- Up-to-date: /home/vvoxel/ros2_ws_mgr/src/install/apriltag_msgs/include/apriltag_msgs/apriltag_msgs/msg/detail/point__struct.h
[4.794s] -- Up-to-date: /home/vvoxel/ros2_ws_mgr/src/install/apriltag_msgs/include/apriltag_msgs/apriltag_msgs/msg/detail/april_tag_detection__functions.c
[4.794s] -- Up-to-date: /home/vvoxel/ros2_ws_mgr/src/install/apriltag_msgs/include/apriltag_msgs/apriltag_msgs/msg/detail/april_tag_detection_array__functions.h
[4.795s] -- Installing: /home/vvoxel/ros2_ws_mgr/src/install/apriltag_msgs/include/apriltag_msgs/apriltag_msgs/msg/detail/april_tag_detection__type_support.c
[4.795s] -- Up-to-date: /home/vvoxel/ros2_ws_mgr/src/install/apriltag_msgs/include/apriltag_msgs/apriltag_msgs/msg/detail/point__functions.h
[4.795s] -- Installing: /home/vvoxel/ros2_ws_mgr/src/install/apriltag_msgs/include/apriltag_msgs/apriltag_msgs/msg/detail/april_tag_detection_array__type_support.c
[4.795s] -- Up-to-date: /home/vvoxel/ros2_ws_mgr/src/install/apriltag_msgs/include/apriltag_msgs/apriltag_msgs/msg/point.h
[4.796s] -- Up-to-date: /home/vvoxel/ros2_ws_mgr/src/install/apriltag_msgs/include/apriltag_msgs/apriltag_msgs/msg/april_tag_detection.h
[4.798s] -- Up-to-date: /home/vvoxel/ros2_ws_mgr/src/install/apriltag_msgs/share/apriltag_msgs/environment/library_path.sh
[4.834s] -- Up-to-date: /home/vvoxel/ros2_ws_mgr/src/install/apriltag_msgs/share/apriltag_msgs/environment/library_path.dsv
[4.834s] -- Up-to-date: /home/vvoxel/ros2_ws_mgr/src/install/apriltag_msgs/lib/libapriltag_msgs__rosidl_generator_c.so
[4.835s] -- Up-to-date: /home/vvoxel/ros2_ws_mgr/src/install/apriltag_msgs/include/apriltag_msgs/apriltag_msgs
[4.835s] -- Up-to-date: /home/vvoxel/ros2_ws_mgr/src/install/apriltag_msgs/include/apriltag_msgs/apriltag_msgs/msg
[4.836s] -- Up-to-date: /home/vvoxel/ros2_ws_mgr/src/install/apriltag_msgs/include/apriltag_msgs/apriltag_msgs/msg/rosidl_typesupport_fastrtps_c__visibility_control.h
[4.836s] -- Up-to-date: /home/vvoxel/ros2_ws_mgr/src/install/apriltag_msgs/include/apriltag_msgs/apriltag_msgs/msg/detail
[4.837s] -- Up-to-date: /home/vvoxel/ros2_ws_mgr/src/install/apriltag_msgs/include/apriltag_msgs/apriltag_msgs/msg/detail/april_tag_detection__rosidl_typesupport_fastrtps_c.h
[4.837s] -- Up-to-date: /home/vvoxel/ros2_ws_mgr/src/install/apriltag_msgs/include/apriltag_msgs/apriltag_msgs/msg/detail/point__rosidl_typesupport_fastrtps_c.h
[4.837s] -- Up-to-date: /home/vvoxel/ros2_ws_mgr/src/install/apriltag_msgs/include/apriltag_msgs/apriltag_msgs/msg/detail/april_tag_detection_array__rosidl_typesupport_fastrtps_c.h
[4.837s] -- Up-to-date: /home/vvoxel/ros2_ws_mgr/src/install/apriltag_msgs/lib/libapriltag_msgs__rosidl_typesupport_fastrtps_c.so
[4.838s] -- Up-to-date: /home/vvoxel/ros2_ws_mgr/src/install/apriltag_msgs/include/apriltag_msgs/apriltag_msgs
[4.838s] -- Up-to-date: /home/vvoxel/ros2_ws_mgr/src/install/apriltag_msgs/include/apriltag_msgs/apriltag_msgs/msg
[4.838s] -- Up-to-date: /home/vvoxel/ros2_ws_mgr/src/install/apriltag_msgs/include/apriltag_msgs/apriltag_msgs/msg/rosidl_typesupport_introspection_c__visibility_control.h
[4.839s] -- Up-to-date: /home/vvoxel/ros2_ws_mgr/src/install/apriltag_msgs/include/apriltag_msgs/apriltag_msgs/msg/detail
[4.839s] -- Up-to-date: /home/vvoxel/ros2_ws_mgr/src/install/apriltag_msgs/include/apriltag_msgs/apriltag_msgs/msg/detail/april_tag_detection__rosidl_typesupport_introspection_c.h
[4.839s] -- Installing: /home/vvoxel/ros2_ws_mgr/src/install/apriltag_msgs/include/apriltag_msgs/apriltag_msgs/msg/detail/point__type_support.c
[4.839s] -- Installing: /home/vvoxel/ros2_ws_mgr/src/install/apriltag_msgs/include/apriltag_msgs/apriltag_msgs/msg/detail/april_tag_detection__type_support.c
[4.840s] -- Up-to-date: /home/vvoxel/ros2_ws_mgr/src/install/apriltag_msgs/include/apriltag_msgs/apriltag_msgs/msg/detail/april_tag_detection_array__rosidl_typesupport_introspection_c.h
[4.840s] -- Up-to-date: /home/vvoxel/ros2_ws_mgr/src/install/apriltag_msgs/include/apriltag_msgs/apriltag_msgs/msg/detail/point__rosidl_typesupport_introspection_c.h
[4.840s] -- Installing: /home/vvoxel/ros2_ws_mgr/src/install/apriltag_msgs/include/apriltag_msgs/apriltag_msgs/msg/detail/april_tag_detection_array__type_support.c
[4.841s] -- Up-to-date: /home/vvoxel/ros2_ws_mgr/src/install/apriltag_msgs/lib/libapriltag_msgs__rosidl_typesupport_introspection_c.so
[4.842s] -- Up-to-date: /home/vvoxel/ros2_ws_mgr/src/install/apriltag_msgs/lib/libapriltag_msgs__rosidl_typesupport_c.so
[4.843s] -- Up-to-date: /home/vvoxel/ros2_ws_mgr/src/install/apriltag_msgs/include/apriltag_msgs/apriltag_msgs
[4.845s] -- Up-to-date: /home/vvoxel/ros2_ws_mgr/src/install/apriltag_msgs/include/apriltag_msgs/apriltag_msgs/msg
[4.846s] -- Up-to-date: /home/vvoxel/ros2_ws_mgr/src/install/apriltag_msgs/include/apriltag_msgs/apriltag_msgs/msg/april_tag_detection.hpp
[4.847s] -- Up-to-date: /home/vvoxel/ros2_ws_mgr/src/install/apriltag_msgs/include/apriltag_msgs/apriltag_msgs/msg/april_tag_detection_array.hpp
[4.847s] -- Up-to-date: /home/vvoxel/ros2_ws_mgr/src/install/apriltag_msgs/include/apriltag_msgs/apriltag_msgs/msg/point.hpp
[4.848s] -- Up-to-date: /home/vvoxel/ros2_ws_mgr/src/install/apriltag_msgs/include/apriltag_msgs/apriltag_msgs/msg/detail
[4.849s] -- Up-to-date: /home/vvoxel/ros2_ws_mgr/src/install/apriltag_msgs/include/apriltag_msgs/apriltag_msgs/msg/detail/point__traits.hpp
[4.849s] -- Up-to-date: /home/vvoxel/ros2_ws_mgr/src/install/apriltag_msgs/include/apriltag_msgs/apriltag_msgs/msg/detail/point__builder.hpp
[4.849s] -- Up-to-date: /home/vvoxel/ros2_ws_mgr/src/install/apriltag_msgs/include/apriltag_msgs/apriltag_msgs/msg/detail/point__type_support.hpp
[4.850s] -- Up-to-date: /home/vvoxel/ros2_ws_mgr/src/install/apriltag_msgs/include/apriltag_msgs/apriltag_msgs/msg/detail/april_tag_detection_array__struct.hpp
[4.850s] -- Up-to-date: /home/vvoxel/ros2_ws_mgr/src/install/apriltag_msgs/include/apriltag_msgs/apriltag_msgs/msg/detail/april_tag_detection__type_support.hpp
[4.850s] -- Up-to-date: /home/vvoxel/ros2_ws_mgr/src/install/apriltag_msgs/include/apriltag_msgs/apriltag_msgs/msg/detail/point__struct.hpp
[4.851s] -- Up-to-date: /home/vvoxel/ros2_ws_mgr/src/install/apriltag_msgs/include/apriltag_msgs/apriltag_msgs/msg/detail/april_tag_detection__builder.hpp
[4.851s] -- Up-to-date: /home/vvoxel/ros2_ws_mgr/src/install/apriltag_msgs/include/apriltag_msgs/apriltag_msgs/msg/detail/april_tag_detection__struct.hpp
[4.851s] -- Up-to-date: /home/vvoxel/ros2_ws_mgr/src/install/apriltag_msgs/include/apriltag_msgs/apriltag_msgs/msg/detail/april_tag_detection_array__builder.hpp
[4.852s] -- Up-to-date: /home/vvoxel/ros2_ws_mgr/src/install/apriltag_msgs/include/apriltag_msgs/apriltag_msgs/msg/detail/april_tag_detection__traits.hpp
[4.852s] -- Up-to-date: /home/vvoxel/ros2_ws_mgr/src/install/apriltag_msgs/include/apriltag_msgs/apriltag_msgs/msg/detail/april_tag_detection_array__type_support.hpp
[4.852s] -- Up-to-date: /home/vvoxel/ros2_ws_mgr/src/install/apriltag_msgs/include/apriltag_msgs/apriltag_msgs/msg/detail/april_tag_detection_array__traits.hpp
[4.854s] -- Up-to-date: /home/vvoxel/ros2_ws_mgr/src/install/apriltag_msgs/include/apriltag_msgs/apriltag_msgs/msg/rosidl_generator_cpp__visibility_control.hpp
[4.854s] -- Up-to-date: /home/vvoxel/ros2_ws_mgr/src/install/apriltag_msgs/include/apriltag_msgs/apriltag_msgs
[4.855s] -- Up-to-date: /home/vvoxel/ros2_ws_mgr/src/install/apriltag_msgs/include/apriltag_msgs/apriltag_msgs/msg
[4.855s] -- Up-to-date: /home/vvoxel/ros2_ws_mgr/src/install/apriltag_msgs/include/apriltag_msgs/apriltag_msgs/msg/detail
[4.855s] -- Up-to-date: /home/vvoxel/ros2_ws_mgr/src/install/apriltag_msgs/include/apriltag_msgs/apriltag_msgs/msg/detail/april_tag_detection__rosidl_typesupport_fastrtps_cpp.hpp
[4.856s] -- Up-to-date: /home/vvoxel/ros2_ws_mgr/src/install/apriltag_msgs/include/apriltag_msgs/apriltag_msgs/msg/detail/april_tag_detection_array__rosidl_typesupport_fastrtps_cpp.hpp
[4.856s] -- Up-to-date: /home/vvoxel/ros2_ws_mgr/src/install/apriltag_msgs/include/apriltag_msgs/apriltag_msgs/msg/detail/dds_fastrtps
[4.858s] -- Up-to-date: /home/vvoxel/ros2_ws_mgr/src/install/apriltag_msgs/include/apriltag_msgs/apriltag_msgs/msg/detail/point__rosidl_typesupport_fastrtps_cpp.hpp
[4.860s] -- Up-to-date: /home/vvoxel/ros2_ws_mgr/src/install/apriltag_msgs/include/apriltag_msgs/apriltag_msgs/msg/rosidl_typesupport_fastrtps_cpp__visibility_control.h
[4.863s] -- Up-to-date: /home/vvoxel/ros2_ws_mgr/src/install/apriltag_msgs/lib/libapriltag_msgs__rosidl_typesupport_fastrtps_cpp.so
[4.864s] -- Up-to-date: /home/vvoxel/ros2_ws_mgr/src/install/apriltag_msgs/include/apriltag_msgs/apriltag_msgs
[4.864s] -- Up-to-date: /home/vvoxel/ros2_ws_mgr/src/install/apriltag_msgs/include/apriltag_msgs/apriltag_msgs/msg
[4.865s] -- Up-to-date: /home/vvoxel/ros2_ws_mgr/src/install/apriltag_msgs/include/apriltag_msgs/apriltag_msgs/msg/detail
[4.865s] -- Up-to-date: /home/vvoxel/ros2_ws_mgr/src/install/apriltag_msgs/include/apriltag_msgs/apriltag_msgs/msg/detail/april_tag_detection__rosidl_typesupport_introspection_cpp.hpp
[4.866s] -- Up-to-date: /home/vvoxel/ros2_ws_mgr/src/install/apriltag_msgs/include/apriltag_msgs/apriltag_msgs/msg/detail/point__rosidl_typesupport_introspection_cpp.hpp
[4.867s] -- Up-to-date: /home/vvoxel/ros2_ws_mgr/src/install/apriltag_msgs/include/apriltag_msgs/apriltag_msgs/msg/detail/april_tag_detection_array__type_support.cpp
[4.868s] -- Up-to-date: /home/vvoxel/ros2_ws_mgr/src/install/apriltag_msgs/include/apriltag_msgs/apriltag_msgs/msg/detail/april_tag_detection__type_support.cpp
[4.868s] -- Up-to-date: /home/vvoxel/ros2_ws_mgr/src/install/apriltag_msgs/include/apriltag_msgs/apriltag_msgs/msg/detail/april_tag_detection_array__rosidl_typesupport_introspection_cpp.hpp
[4.869s] -- Up-to-date: /home/vvoxel/ros2_ws_mgr/src/install/apriltag_msgs/include/apriltag_msgs/apriltag_msgs/msg/detail/point__type_support.cpp
[4.870s] -- Up-to-date: /home/vvoxel/ros2_ws_mgr/src/install/apriltag_msgs/lib/libapriltag_msgs__rosidl_typesupport_introspection_cpp.so
[4.870s] -- Up-to-date: /home/vvoxel/ros2_ws_mgr/src/install/apriltag_msgs/lib/libapriltag_msgs__rosidl_typesupport_cpp.so
[4.870s] -- Up-to-date: /home/vvoxel/ros2_ws_mgr/src/install/apriltag_msgs/share/apriltag_msgs/environment/pythonpath.sh
[4.870s] -- Up-to-date: /home/vvoxel/ros2_ws_mgr/src/install/apriltag_msgs/share/apriltag_msgs/environment/pythonpath.dsv
[4.870s] -- Up-to-date: /home/vvoxel/ros2_ws_mgr/src/install/apriltag_msgs/lib/python3.12/site-packages/apriltag_msgs-2.0.1-py3.12.egg-info
[4.871s] -- Installing: /home/vvoxel/ros2_ws_mgr/src/install/apriltag_msgs/lib/python3.12/site-packages/apriltag_msgs-2.0.1-py3.12.egg-info/dependency_links.txt
[4.871s] -- Installing: /home/vvoxel/ros2_ws_mgr/src/install/apriltag_msgs/lib/python3.12/site-packages/apriltag_msgs-2.0.1-py3.12.egg-info/top_level.txt
[4.871s] -- Installing: /home/vvoxel/ros2_ws_mgr/src/install/apriltag_msgs/lib/python3.12/site-packages/apriltag_msgs-2.0.1-py3.12.egg-info/SOURCES.txt
[4.871s] -- Installing: /home/vvoxel/ros2_ws_mgr/src/install/apriltag_msgs/lib/python3.12/site-packages/apriltag_msgs-2.0.1-py3.12.egg-info/PKG-INFO
[4.872s] -- Up-to-date: /home/vvoxel/ros2_ws_mgr/src/install/apriltag_msgs/lib/python3.12/site-packages/apriltag_msgs
[4.872s] -- Up-to-date: /home/vvoxel/ros2_ws_mgr/src/install/apriltag_msgs/lib/python3.12/site-packages/apriltag_msgs/_apriltag_msgs_s.ep.rosidl_typesupport_introspection_c.c
[4.872s] -- Up-to-date: /home/vvoxel/ros2_ws_mgr/src/install/apriltag_msgs/lib/python3.12/site-packages/apriltag_msgs/__init__.py
[4.872s] -- Up-to-date: /home/vvoxel/ros2_ws_mgr/src/install/apriltag_msgs/lib/python3.12/site-packages/apriltag_msgs/_apriltag_msgs_s.ep.rosidl_typesupport_fastrtps_c.c
[4.872s] -- Up-to-date: /home/vvoxel/ros2_ws_mgr/src/install/apriltag_msgs/lib/python3.12/site-packages/apriltag_msgs/apriltag_msgs_s__rosidl_typesupport_introspection_c.so
[4.873s] -- Up-to-date: /home/vvoxel/ros2_ws_mgr/src/install/apriltag_msgs/lib/python3.12/site-packages/apriltag_msgs/_apriltag_msgs_s.ep.rosidl_typesupport_c.c
[4.873s] -- Up-to-date: /home/vvoxel/ros2_ws_mgr/src/install/apriltag_msgs/lib/python3.12/site-packages/apriltag_msgs/apriltag_msgs_s__rosidl_typesupport_c.so
[4.875s] -- Up-to-date: /home/vvoxel/ros2_ws_mgr/src/install/apriltag_msgs/lib/python3.12/site-packages/apriltag_msgs/msg
[4.875s] -- Up-to-date: /home/vvoxel/ros2_ws_mgr/src/install/apriltag_msgs/lib/python3.12/site-packages/apriltag_msgs/msg/_april_tag_detection_array.py
[4.875s] -- Up-to-date: /home/vvoxel/ros2_ws_mgr/src/install/apriltag_msgs/lib/python3.12/site-packages/apriltag_msgs/msg/_april_tag_detection_array_s.c
[4.876s] -- Up-to-date: /home/vvoxel/ros2_ws_mgr/src/install/apriltag_msgs/lib/python3.12/site-packages/apriltag_msgs/msg/__init__.py
[4.877s] -- Up-to-date: /home/vvoxel/ros2_ws_mgr/src/install/apriltag_msgs/lib/python3.12/site-packages/apriltag_msgs/msg/_point_s.c
[4.879s] -- Up-to-date: /home/vvoxel/ros2_ws_mgr/src/install/apriltag_msgs/lib/python3.12/site-packages/apriltag_msgs/msg/_april_tag_detection_s.c
[4.885s] -- Up-to-date: /home/vvoxel/ros2_ws_mgr/src/install/apriltag_msgs/lib/python3.12/site-packages/apriltag_msgs/msg/_april_tag_detection.py
[4.885s] -- Up-to-date: /home/vvoxel/ros2_ws_mgr/src/install/apriltag_msgs/lib/python3.12/site-packages/apriltag_msgs/msg/_point.py
[4.885s] -- Up-to-date: /home/vvoxel/ros2_ws_mgr/src/install/apriltag_msgs/lib/python3.12/site-packages/apriltag_msgs/apriltag_msgs_s__rosidl_typesupport_fastrtps_c.so
[4.889s] Listing '/home/vvoxel/ros2_ws_mgr/src/install/apriltag_msgs/lib/python3.12/site-packages/apriltag_msgs'...
[4.890s] Listing '/home/vvoxel/ros2_ws_mgr/src/install/apriltag_msgs/lib/python3.12/site-packages/apriltag_msgs/msg'...
[4.895s] -- Up-to-date: /home/vvoxel/ros2_ws_mgr/src/install/apriltag_msgs/lib/python3.12/site-packages/apriltag_msgs/apriltag_msgs_s__rosidl_typesupport_fastrtps_c.so
[4.902s] -- Up-to-date: /home/vvoxel/ros2_ws_mgr/src/install/apriltag_msgs/lib/python3.12/site-packages/apriltag_msgs/apriltag_msgs_s__rosidl_typesupport_introspection_c.so
[4.903s] -- Up-to-date: /home/vvoxel/ros2_ws_mgr/src/install/apriltag_msgs/lib/python3.12/site-packages/apriltag_msgs/apriltag_msgs_s__rosidl_typesupport_c.so
[4.904s] -- Up-to-date: /home/vvoxel/ros2_ws_mgr/src/install/apriltag_msgs/lib/libapriltag_msgs__rosidl_generator_py.so
[4.905s] -- Up-to-date: /home/vvoxel/ros2_ws_mgr/src/install/apriltag_msgs/share/apriltag_msgs/msg/Point.idl
[4.905s] -- Up-to-date: /home/vvoxel/ros2_ws_mgr/src/install/apriltag_msgs/share/apriltag_msgs/msg/AprilTagDetection.idl
[4.905s] -- Up-to-date: /home/vvoxel/ros2_ws_mgr/src/install/apriltag_msgs/share/apriltag_msgs/msg/AprilTagDetectionArray.idl
[4.905s] -- Up-to-date: /home/vvoxel/ros2_ws_mgr/src/install/apriltag_msgs/share/apriltag_msgs/msg/Point.msg
[4.906s] -- Up-to-date: /home/vvoxel/ros2_ws_mgr/src/install/apriltag_msgs/share/apriltag_msgs/msg/AprilTagDetection.msg
[4.906s] -- Up-to-date: /home/vvoxel/ros2_ws_mgr/src/install/apriltag_msgs/share/apriltag_msgs/msg/AprilTagDetectionArray.msg
[4.907s] -- Up-to-date: /home/vvoxel/ros2_ws_mgr/src/install/apriltag_msgs/share/ament_index/resource_index/package_run_dependencies/apriltag_msgs
[4.908s] -- Up-to-date: /home/vvoxel/ros2_ws_mgr/src/install/apriltag_msgs/share/ament_index/resource_index/parent_prefix_path/apriltag_msgs
[4.908s] -- Up-to-date: /home/vvoxel/ros2_ws_mgr/src/install/apriltag_msgs/share/apriltag_msgs/environment/ament_prefix_path.sh
[4.908s] -- Up-to-date: /home/vvoxel/ros2_ws_mgr/src/install/apriltag_msgs/share/apriltag_msgs/environment/ament_prefix_path.dsv
[4.908s] -- Up-to-date: /home/vvoxel/ros2_ws_mgr/src/install/apriltag_msgs/share/apriltag_msgs/environment/path.sh
[4.909s] -- Up-to-date: /home/vvoxel/ros2_ws_mgr/src/install/apriltag_msgs/share/apriltag_msgs/environment/path.dsv
[4.916s] -- Up-to-date: /home/vvoxel/ros2_ws_mgr/src/install/apriltag_msgs/share/apriltag_msgs/local_setup.bash
[4.916s] -- Up-to-date: /home/vvoxel/ros2_ws_mgr/src/install/apriltag_msgs/share/apriltag_msgs/local_setup.sh
[4.917s] -- Up-to-date: /home/vvoxel/ros2_ws_mgr/src/install/apriltag_msgs/share/apriltag_msgs/local_setup.zsh
[4.917s] -- Up-to-date: /home/vvoxel/ros2_ws_mgr/src/install/apriltag_msgs/share/apriltag_msgs/local_setup.dsv
[4.917s] -- Installing: /home/vvoxel/ros2_ws_mgr/src/install/apriltag_msgs/share/apriltag_msgs/package.dsv
[4.917s] -- Up-to-date: /home/vvoxel/ros2_ws_mgr/src/install/apriltag_msgs/share/ament_index/resource_index/packages/apriltag_msgs
[4.918s] -- Up-to-date: /home/vvoxel/ros2_ws_mgr/src/install/apriltag_msgs/share/apriltag_msgs/cmake/export_apriltag_msgs__rosidl_generator_cExport.cmake
[4.918s] -- Up-to-date: /home/vvoxel/ros2_ws_mgr/src/install/apriltag_msgs/share/apriltag_msgs/cmake/export_apriltag_msgs__rosidl_generator_cExport-noconfig.cmake
[4.918s] -- Up-to-date: /home/vvoxel/ros2_ws_mgr/src/install/apriltag_msgs/share/apriltag_msgs/cmake/export_apriltag_msgs__rosidl_typesupport_fastrtps_cExport.cmake
[4.918s] -- Up-to-date: /home/vvoxel/ros2_ws_mgr/src/install/apriltag_msgs/share/apriltag_msgs/cmake/export_apriltag_msgs__rosidl_typesupport_fastrtps_cExport-noconfig.cmake
[4.918s] -- Up-to-date: /home/vvoxel/ros2_ws_mgr/src/install/apriltag_msgs/share/apriltag_msgs/cmake/apriltag_msgs__rosidl_typesupport_introspection_cExport.cmake
[4.927s] -- Up-to-date: /home/vvoxel/ros2_ws_mgr/src/install/apriltag_msgs/share/apriltag_msgs/cmake/apriltag_msgs__rosidl_typesupport_introspection_cExport-noconfig.cmake
[4.928s] -- Up-to-date: /home/vvoxel/ros2_ws_mgr/src/install/apriltag_msgs/share/apriltag_msgs/cmake/apriltag_msgs__rosidl_typesupport_cExport.cmake
[4.929s] -- Up-to-date: /home/vvoxel/ros2_ws_mgr/src/install/apriltag_msgs/share/apriltag_msgs/cmake/apriltag_msgs__rosidl_typesupport_cExport-noconfig.cmake
[4.930s] -- Up-to-date: /home/vvoxel/ros2_ws_mgr/src/install/apriltag_msgs/share/apriltag_msgs/cmake/export_apriltag_msgs__rosidl_generator_cppExport.cmake
[4.930s] -- Up-to-date: /home/vvoxel/ros2_ws_mgr/src/install/apriltag_msgs/share/apriltag_msgs/cmake/export_apriltag_msgs__rosidl_typesupport_fastrtps_cppExport.cmake
[4.930s] -- Up-to-date: /home/vvoxel/ros2_ws_mgr/src/install/apriltag_msgs/share/apriltag_msgs/cmake/export_apriltag_msgs__rosidl_typesupport_fastrtps_cppExport-noconfig.cmake
[4.930s] -- Up-to-date: /home/vvoxel/ros2_ws_mgr/src/install/apriltag_msgs/share/apriltag_msgs/cmake/apriltag_msgs__rosidl_typesupport_introspection_cppExport.cmake
[4.932s] -- Up-to-date: /home/vvoxel/ros2_ws_mgr/src/install/apriltag_msgs/share/apriltag_msgs/cmake/apriltag_msgs__rosidl_typesupport_introspection_cppExport-noconfig.cmake
[4.932s] -- Up-to-date: /home/vvoxel/ros2_ws_mgr/src/install/apriltag_msgs/share/apriltag_msgs/cmake/apriltag_msgs__rosidl_typesupport_cppExport.cmake
[4.941s] -- Up-to-date: /home/vvoxel/ros2_ws_mgr/src/install/apriltag_msgs/share/apriltag_msgs/cmake/apriltag_msgs__rosidl_typesupport_cppExport-noconfig.cmake
[4.941s] -- Up-to-date: /home/vvoxel/ros2_ws_mgr/src/install/apriltag_msgs/share/apriltag_msgs/cmake/export_apriltag_msgs__rosidl_generator_pyExport.cmake
[4.941s] -- Up-to-date: /home/vvoxel/ros2_ws_mgr/src/install/apriltag_msgs/share/apriltag_msgs/cmake/export_apriltag_msgs__rosidl_generator_pyExport-noconfig.cmake
[4.942s] -- Up-to-date: /home/vvoxel/ros2_ws_mgr/src/install/apriltag_msgs/share/apriltag_msgs/cmake/rosidl_cmake-extras.cmake
[4.942s] -- Up-to-date: /home/vvoxel/ros2_ws_mgr/src/install/apriltag_msgs/share/apriltag_msgs/cmake/ament_cmake_export_dependencies-extras.cmake
[4.943s] -- Up-to-date: /home/vvoxel/ros2_ws_mgr/src/install/apriltag_msgs/share/apriltag_msgs/cmake/ament_cmake_export_include_directories-extras.cmake
[4.944s] -- Up-to-date: /home/vvoxel/ros2_ws_mgr/src/install/apriltag_msgs/share/apriltag_msgs/cmake/ament_cmake_export_libraries-extras.cmake
[4.945s] -- Up-to-date: /home/vvoxel/ros2_ws_mgr/src/install/apriltag_msgs/share/apriltag_msgs/cmake/ament_cmake_export_targets-extras.cmake
[4.945s] -- Up-to-date: /home/vvoxel/ros2_ws_mgr/src/install/apriltag_msgs/share/apriltag_msgs/cmake/rosidl_cmake_export_typesupport_targets-extras.cmake
[4.945s] -- Up-to-date: /home/vvoxel/ros2_ws_mgr/src/install/apriltag_msgs/share/apriltag_msgs/cmake/rosidl_cmake_export_typesupport_libraries-extras.cmake
[4.945s] -- Up-to-date: /home/vvoxel/ros2_ws_mgr/src/install/apriltag_msgs/share/apriltag_msgs/cmake/apriltag_msgsConfig.cmake
[4.945s] -- Up-to-date: /home/vvoxel/ros2_ws_mgr/src/install/apriltag_msgs/share/apriltag_msgs/cmake/apriltag_msgsConfig-version.cmake
[4.945s] -- Up-to-date: /home/vvoxel/ros2_ws_mgr/src/install/apriltag_msgs/share/apriltag_msgs/package.xml
[5.042s] Invoked command in '/home/vvoxel/ros2_ws_mgr/src/build/apriltag_msgs' returned '0': CMAKE_PREFIX_PATH=${CMAKE_PREFIX_PATH}:/opt/ros/jazzy DEBUGINFOD_URLS=https://debuginfod.ubuntu.com /usr/bin/cmake --install /home/vvoxel/ros2_ws_mgr/src/build/apriltag_msgs
