[ 50%] [32mBuilding CXX object CMakeFiles/slam_node.dir/src/slam_node.cpp.o[0m
[32m[1mLinking CXX executable slam_node[0m
Built target slam_node
-- Install configuration: ""
-- Installing: /home/vvoxel/ros2_ws_mgr/install/slam/lib/slam/slam_node
-- Set non-toolchain portion of runtime path of "/home/vvoxel/ros2_ws_mgr/install/slam/lib/slam/slam_node" to ""
-- Up-to-date: /home/vvoxel/ros2_ws_mgr/install/slam/share/ament_index/resource_index/package_run_dependencies/slam
-- Up-to-date: /home/vvoxel/ros2_ws_mgr/install/slam/share/ament_index/resource_index/parent_prefix_path/slam
-- Up-to-date: /home/vvoxel/ros2_ws_mgr/install/slam/share/slam/environment/ament_prefix_path.sh
-- Up-to-date: /home/vvoxel/ros2_ws_mgr/install/slam/share/slam/environment/ament_prefix_path.dsv
-- Up-to-date: /home/vvoxel/ros2_ws_mgr/install/slam/share/slam/environment/path.sh
-- Up-to-date: /home/vvoxel/ros2_ws_mgr/install/slam/share/slam/environment/path.dsv
-- Up-to-date: /home/vvoxel/ros2_ws_mgr/install/slam/share/slam/local_setup.bash
-- Up-to-date: /home/vvoxel/ros2_ws_mgr/install/slam/share/slam/local_setup.sh
-- Up-to-date: /home/vvoxel/ros2_ws_mgr/install/slam/share/slam/local_setup.zsh
-- Up-to-date: /home/vvoxel/ros2_ws_mgr/install/slam/share/slam/local_setup.dsv
-- Installing: /home/vvoxel/ros2_ws_mgr/install/slam/share/slam/package.dsv
-- Up-to-date: /home/vvoxel/ros2_ws_mgr/install/slam/share/ament_index/resource_index/packages/slam
-- Up-to-date: /home/vvoxel/ros2_ws_mgr/install/slam/share/slam/cmake/slamConfig.cmake
-- Up-to-date: /home/vvoxel/ros2_ws_mgr/install/slam/share/slam/cmake/slamConfig-version.cmake
-- Up-to-date: /home/vvoxel/ros2_ws_mgr/install/slam/share/slam/package.xml
