[0.119s] Invoking command in '/home/vvoxel/ros2_ws_mgr/build/ros_gz_interfaces': CMAKE_PREFIX_PATH=/home/vvoxel/ros2_ws_mgr/install/sim_launcher:/opt/ros/jazzy:${CMAKE_PREFIX_PATH} DEBUGINFOD_URLS=https://debuginfod.ubuntu.com /usr/bin/cmake --build /home/vvoxel/ros2_ws_mgr/build/ros_gz_interfaces -- -j8 -l8
[0.417s] [  0%] Built target ros_gz_interfaces__rosidl_generator_type_description
[0.546s] [  0%] Built target ament_cmake_python_symlink_ros_gz_interfaces
[0.592s] [  0%] Built target ros_gz_interfaces__cpp
[0.886s] [ 28%] Built target ros_gz_interfaces__rosidl_generator_c
[1.197s] [ 38%] Built target ros_gz_interfaces__rosidl_typesupport_c
[1.238s] [ 48%] Built target ros_gz_interfaces__rosidl_typesupport_fastrtps_c
[1.243s] [ 57%] Built target ros_gz_interfaces__rosidl_typesupport_introspection_c
[1.277s] [ 70%] Built target ros_gz_interfaces__rosidl_typesupport_cpp
[1.277s] [ 77%] Built target ros_gz_interfaces__rosidl_typesupport_fastrtps_cpp
[1.332s] [ 87%] Built target ros_gz_interfaces__rosidl_typesupport_introspection_cpp
[1.526s] [ 87%] Built target ros_gz_interfaces
[1.737s] [ 87%] Built target ros_gz_interfaces__py
[1.988s] [ 97%] Built target ros_gz_interfaces__rosidl_generator_py
[2.167s] [ 98%] Built target ros_gz_interfaces_s__rosidl_typesupport_introspection_c
[2.167s] [ 99%] Built target ros_gz_interfaces_s__rosidl_typesupport_fastrtps_c
[2.178s] [100%] Built target ros_gz_interfaces_s__rosidl_typesupport_c
[2.314s] running egg_info
[2.398s] writing ros_gz_interfaces.egg-info/PKG-INFO
[2.401s] writing dependency_links to ros_gz_interfaces.egg-info/dependency_links.txt
[2.401s] writing top-level names to ros_gz_interfaces.egg-info/top_level.txt
[2.610s] reading manifest file 'ros_gz_interfaces.egg-info/SOURCES.txt'
[2.610s] writing manifest file 'ros_gz_interfaces.egg-info/SOURCES.txt'
[2.698s] [100%] Built target ament_cmake_python_build_ros_gz_interfaces_egg
[3.240s] Invoked command in '/home/vvoxel/ros2_ws_mgr/build/ros_gz_interfaces' returned '0': CMAKE_PREFIX_PATH=/home/vvoxel/ros2_ws_mgr/install/sim_launcher:/opt/ros/jazzy:${CMAKE_PREFIX_PATH} DEBUGINFOD_URLS=https://debuginfod.ubuntu.com /usr/bin/cmake --build /home/vvoxel/ros2_ws_mgr/build/ros_gz_interfaces -- -j8 -l8
[3.242s] Invoking command in '/home/vvoxel/ros2_ws_mgr/build/ros_gz_interfaces': CMAKE_PREFIX_PATH=/home/vvoxel/ros2_ws_mgr/install/sim_launcher:/opt/ros/jazzy:${CMAKE_PREFIX_PATH} DEBUGINFOD_URLS=https://debuginfod.ubuntu.com /usr/bin/cmake --install /home/vvoxel/ros2_ws_mgr/build/ros_gz_interfaces
[3.307s] -- Install configuration: ""
[3.308s] -- Execute custom install script
[3.308s] -- Up-to-date symlink: /home/vvoxel/ros2_ws_mgr/install/ros_gz_interfaces/share/ament_index/resource_index/rosidl_interfaces/ros_gz_interfaces
[3.308s] -- Up-to-date symlink: /home/vvoxel/ros2_ws_mgr/install/ros_gz_interfaces/share/ros_gz_interfaces/msg/Altimeter.json
[3.309s] -- Up-to-date symlink: /home/vvoxel/ros2_ws_mgr/install/ros_gz_interfaces/share/ros_gz_interfaces/msg/Contact.json
[3.309s] -- Up-to-date symlink: /home/vvoxel/ros2_ws_mgr/install/ros_gz_interfaces/share/ros_gz_interfaces/msg/Contacts.json
[3.310s] -- Up-to-date symlink: /home/vvoxel/ros2_ws_mgr/install/ros_gz_interfaces/share/ros_gz_interfaces/msg/Dataframe.json
[3.310s] -- Up-to-date symlink: /home/vvoxel/ros2_ws_mgr/install/ros_gz_interfaces/share/ros_gz_interfaces/msg/Entity.json
[3.310s] -- Up-to-date symlink: /home/vvoxel/ros2_ws_mgr/install/ros_gz_interfaces/share/ros_gz_interfaces/msg/EntityFactory.json
[3.310s] -- Up-to-date symlink: /home/vvoxel/ros2_ws_mgr/install/ros_gz_interfaces/share/ros_gz_interfaces/msg/EntityWrench.json
[3.310s] -- Up-to-date symlink: /home/vvoxel/ros2_ws_mgr/install/ros_gz_interfaces/share/ros_gz_interfaces/msg/Float32Array.json
[3.310s] -- Up-to-date symlink: /home/vvoxel/ros2_ws_mgr/install/ros_gz_interfaces/share/ros_gz_interfaces/msg/GuiCamera.json
[3.311s] -- Up-to-date symlink: /home/vvoxel/ros2_ws_mgr/install/ros_gz_interfaces/share/ros_gz_interfaces/msg/JointWrench.json
[3.311s] -- Up-to-date symlink: /home/vvoxel/ros2_ws_mgr/install/ros_gz_interfaces/share/ros_gz_interfaces/msg/Light.json
[3.312s] -- Up-to-date symlink: /home/vvoxel/ros2_ws_mgr/install/ros_gz_interfaces/share/ros_gz_interfaces/msg/LogicalCameraImage.json
[3.312s] -- Up-to-date symlink: /home/vvoxel/ros2_ws_mgr/install/ros_gz_interfaces/share/ros_gz_interfaces/msg/LogicalCameraImageModel.json
[3.312s] -- Up-to-date symlink: /home/vvoxel/ros2_ws_mgr/install/ros_gz_interfaces/share/ros_gz_interfaces/msg/MaterialColor.json
[3.312s] -- Up-to-date symlink: /home/vvoxel/ros2_ws_mgr/install/ros_gz_interfaces/share/ros_gz_interfaces/msg/ParamVec.json
[3.312s] -- Up-to-date symlink: /home/vvoxel/ros2_ws_mgr/install/ros_gz_interfaces/share/ros_gz_interfaces/msg/SensorNoise.json
[3.313s] -- Up-to-date symlink: /home/vvoxel/ros2_ws_mgr/install/ros_gz_interfaces/share/ros_gz_interfaces/msg/StringVec.json
[3.313s] -- Up-to-date symlink: /home/vvoxel/ros2_ws_mgr/install/ros_gz_interfaces/share/ros_gz_interfaces/msg/TrackVisual.json
[3.313s] -- Up-to-date symlink: /home/vvoxel/ros2_ws_mgr/install/ros_gz_interfaces/share/ros_gz_interfaces/msg/VideoRecord.json
[3.313s] -- Up-to-date symlink: /home/vvoxel/ros2_ws_mgr/install/ros_gz_interfaces/share/ros_gz_interfaces/msg/WorldControl.json
[3.314s] -- Up-to-date symlink: /home/vvoxel/ros2_ws_mgr/install/ros_gz_interfaces/share/ros_gz_interfaces/msg/WorldReset.json
[3.315s] -- Up-to-date symlink: /home/vvoxel/ros2_ws_mgr/install/ros_gz_interfaces/share/ros_gz_interfaces/srv/ControlWorld.json
[3.315s] -- Up-to-date symlink: /home/vvoxel/ros2_ws_mgr/install/ros_gz_interfaces/share/ros_gz_interfaces/srv/DeleteEntity.json
[3.315s] -- Up-to-date symlink: /home/vvoxel/ros2_ws_mgr/install/ros_gz_interfaces/share/ros_gz_interfaces/srv/SetEntityPose.json
[3.315s] -- Up-to-date symlink: /home/vvoxel/ros2_ws_mgr/install/ros_gz_interfaces/share/ros_gz_interfaces/srv/SpawnEntity.json
[3.315s] -- Up-to-date symlink: /home/vvoxel/ros2_ws_mgr/install/ros_gz_interfaces/include/ros_gz_interfaces/ros_gz_interfaces/msg/altimeter.h
[3.316s] -- Up-to-date symlink: /home/vvoxel/ros2_ws_mgr/install/ros_gz_interfaces/include/ros_gz_interfaces/ros_gz_interfaces/msg/contact.h
[3.316s] -- Up-to-date symlink: /home/vvoxel/ros2_ws_mgr/install/ros_gz_interfaces/include/ros_gz_interfaces/ros_gz_interfaces/msg/contacts.h
[3.316s] -- Up-to-date symlink: /home/vvoxel/ros2_ws_mgr/install/ros_gz_interfaces/include/ros_gz_interfaces/ros_gz_interfaces/msg/dataframe.h
[3.316s] -- Up-to-date symlink: /home/vvoxel/ros2_ws_mgr/install/ros_gz_interfaces/include/ros_gz_interfaces/ros_gz_interfaces/msg/detail/altimeter__functions.h
[3.316s] -- Up-to-date symlink: /home/vvoxel/ros2_ws_mgr/install/ros_gz_interfaces/include/ros_gz_interfaces/ros_gz_interfaces/msg/detail/altimeter__struct.h
[3.316s] -- Up-to-date symlink: /home/vvoxel/ros2_ws_mgr/install/ros_gz_interfaces/include/ros_gz_interfaces/ros_gz_interfaces/msg/detail/altimeter__type_support.h
[3.317s] -- Up-to-date symlink: /home/vvoxel/ros2_ws_mgr/install/ros_gz_interfaces/include/ros_gz_interfaces/ros_gz_interfaces/msg/detail/contact__functions.h
[3.317s] -- Up-to-date symlink: /home/vvoxel/ros2_ws_mgr/install/ros_gz_interfaces/include/ros_gz_interfaces/ros_gz_interfaces/msg/detail/contact__struct.h
[3.317s] -- Up-to-date symlink: /home/vvoxel/ros2_ws_mgr/install/ros_gz_interfaces/include/ros_gz_interfaces/ros_gz_interfaces/msg/detail/contact__type_support.h
[3.317s] -- Up-to-date symlink: /home/vvoxel/ros2_ws_mgr/install/ros_gz_interfaces/include/ros_gz_interfaces/ros_gz_interfaces/msg/detail/contacts__functions.h
[3.317s] -- Up-to-date symlink: /home/vvoxel/ros2_ws_mgr/install/ros_gz_interfaces/include/ros_gz_interfaces/ros_gz_interfaces/msg/detail/contacts__struct.h
[3.317s] -- Up-to-date symlink: /home/vvoxel/ros2_ws_mgr/install/ros_gz_interfaces/include/ros_gz_interfaces/ros_gz_interfaces/msg/detail/contacts__type_support.h
[3.317s] -- Up-to-date symlink: /home/vvoxel/ros2_ws_mgr/install/ros_gz_interfaces/include/ros_gz_interfaces/ros_gz_interfaces/msg/detail/dataframe__functions.h
[3.318s] -- Up-to-date symlink: /home/vvoxel/ros2_ws_mgr/install/ros_gz_interfaces/include/ros_gz_interfaces/ros_gz_interfaces/msg/detail/dataframe__struct.h
[3.318s] -- Up-to-date symlink: /home/vvoxel/ros2_ws_mgr/install/ros_gz_interfaces/include/ros_gz_interfaces/ros_gz_interfaces/msg/detail/dataframe__type_support.h
[3.318s] -- Up-to-date symlink: /home/vvoxel/ros2_ws_mgr/install/ros_gz_interfaces/include/ros_gz_interfaces/ros_gz_interfaces/msg/detail/entity__functions.h
[3.318s] -- Up-to-date symlink: /home/vvoxel/ros2_ws_mgr/install/ros_gz_interfaces/include/ros_gz_interfaces/ros_gz_interfaces/msg/detail/entity__struct.h
[3.319s] -- Up-to-date symlink: /home/vvoxel/ros2_ws_mgr/install/ros_gz_interfaces/include/ros_gz_interfaces/ros_gz_interfaces/msg/detail/entity__type_support.h
[3.319s] -- Up-to-date symlink: /home/vvoxel/ros2_ws_mgr/install/ros_gz_interfaces/include/ros_gz_interfaces/ros_gz_interfaces/msg/detail/entity_factory__functions.h
[3.319s] -- Up-to-date symlink: /home/vvoxel/ros2_ws_mgr/install/ros_gz_interfaces/include/ros_gz_interfaces/ros_gz_interfaces/msg/detail/entity_factory__struct.h
[3.319s] -- Up-to-date symlink: /home/vvoxel/ros2_ws_mgr/install/ros_gz_interfaces/include/ros_gz_interfaces/ros_gz_interfaces/msg/detail/entity_factory__type_support.h
[3.319s] -- Up-to-date symlink: /home/vvoxel/ros2_ws_mgr/install/ros_gz_interfaces/include/ros_gz_interfaces/ros_gz_interfaces/msg/detail/entity_wrench__functions.h
[3.319s] -- Up-to-date symlink: /home/vvoxel/ros2_ws_mgr/install/ros_gz_interfaces/include/ros_gz_interfaces/ros_gz_interfaces/msg/detail/entity_wrench__struct.h
[3.321s] -- Up-to-date symlink: /home/vvoxel/ros2_ws_mgr/install/ros_gz_interfaces/include/ros_gz_interfaces/ros_gz_interfaces/msg/detail/entity_wrench__type_support.h
[3.322s] -- Up-to-date symlink: /home/vvoxel/ros2_ws_mgr/install/ros_gz_interfaces/include/ros_gz_interfaces/ros_gz_interfaces/msg/detail/float32_array__functions.h
[3.322s] -- Up-to-date symlink: /home/vvoxel/ros2_ws_mgr/install/ros_gz_interfaces/include/ros_gz_interfaces/ros_gz_interfaces/msg/detail/float32_array__struct.h
[3.322s] -- Up-to-date symlink: /home/vvoxel/ros2_ws_mgr/install/ros_gz_interfaces/include/ros_gz_interfaces/ros_gz_interfaces/msg/detail/float32_array__type_support.h
[3.323s] -- Up-to-date symlink: /home/vvoxel/ros2_ws_mgr/install/ros_gz_interfaces/include/ros_gz_interfaces/ros_gz_interfaces/msg/detail/gui_camera__functions.h
[3.323s] -- Up-to-date symlink: /home/vvoxel/ros2_ws_mgr/install/ros_gz_interfaces/include/ros_gz_interfaces/ros_gz_interfaces/msg/detail/gui_camera__struct.h
[3.323s] -- Up-to-date symlink: /home/vvoxel/ros2_ws_mgr/install/ros_gz_interfaces/include/ros_gz_interfaces/ros_gz_interfaces/msg/detail/gui_camera__type_support.h
[3.323s] -- Up-to-date symlink: /home/vvoxel/ros2_ws_mgr/install/ros_gz_interfaces/include/ros_gz_interfaces/ros_gz_interfaces/msg/detail/joint_wrench__functions.h
[3.323s] -- Up-to-date symlink: /home/vvoxel/ros2_ws_mgr/install/ros_gz_interfaces/include/ros_gz_interfaces/ros_gz_interfaces/msg/detail/joint_wrench__struct.h
[3.324s] -- Up-to-date symlink: /home/vvoxel/ros2_ws_mgr/install/ros_gz_interfaces/include/ros_gz_interfaces/ros_gz_interfaces/msg/detail/joint_wrench__type_support.h
[3.324s] -- Up-to-date symlink: /home/vvoxel/ros2_ws_mgr/install/ros_gz_interfaces/include/ros_gz_interfaces/ros_gz_interfaces/msg/detail/light__functions.h
[3.324s] -- Up-to-date symlink: /home/vvoxel/ros2_ws_mgr/install/ros_gz_interfaces/include/ros_gz_interfaces/ros_gz_interfaces/msg/detail/light__struct.h
[3.324s] -- Up-to-date symlink: /home/vvoxel/ros2_ws_mgr/install/ros_gz_interfaces/include/ros_gz_interfaces/ros_gz_interfaces/msg/detail/light__type_support.h
[3.324s] -- Up-to-date symlink: /home/vvoxel/ros2_ws_mgr/install/ros_gz_interfaces/include/ros_gz_interfaces/ros_gz_interfaces/msg/detail/logical_camera_image__functions.h
[3.324s] -- Up-to-date symlink: /home/vvoxel/ros2_ws_mgr/install/ros_gz_interfaces/include/ros_gz_interfaces/ros_gz_interfaces/msg/detail/logical_camera_image__struct.h
[3.324s] -- Up-to-date symlink: /home/vvoxel/ros2_ws_mgr/install/ros_gz_interfaces/include/ros_gz_interfaces/ros_gz_interfaces/msg/detail/logical_camera_image__type_support.h
[3.325s] -- Up-to-date symlink: /home/vvoxel/ros2_ws_mgr/install/ros_gz_interfaces/include/ros_gz_interfaces/ros_gz_interfaces/msg/detail/logical_camera_image_model__functions.h
[3.325s] -- Up-to-date symlink: /home/vvoxel/ros2_ws_mgr/install/ros_gz_interfaces/include/ros_gz_interfaces/ros_gz_interfaces/msg/detail/logical_camera_image_model__struct.h
[3.325s] -- Up-to-date symlink: /home/vvoxel/ros2_ws_mgr/install/ros_gz_interfaces/include/ros_gz_interfaces/ros_gz_interfaces/msg/detail/logical_camera_image_model__type_support.h
[3.325s] -- Up-to-date symlink: /home/vvoxel/ros2_ws_mgr/install/ros_gz_interfaces/include/ros_gz_interfaces/ros_gz_interfaces/msg/detail/material_color__functions.h
[3.325s] -- Up-to-date symlink: /home/vvoxel/ros2_ws_mgr/install/ros_gz_interfaces/include/ros_gz_interfaces/ros_gz_interfaces/msg/detail/material_color__struct.h
[3.325s] -- Up-to-date symlink: /home/vvoxel/ros2_ws_mgr/install/ros_gz_interfaces/include/ros_gz_interfaces/ros_gz_interfaces/msg/detail/material_color__type_support.h
[3.326s] -- Up-to-date symlink: /home/vvoxel/ros2_ws_mgr/install/ros_gz_interfaces/include/ros_gz_interfaces/ros_gz_interfaces/msg/detail/param_vec__functions.h
[3.326s] -- Up-to-date symlink: /home/vvoxel/ros2_ws_mgr/install/ros_gz_interfaces/include/ros_gz_interfaces/ros_gz_interfaces/msg/detail/param_vec__struct.h
[3.326s] -- Up-to-date symlink: /home/vvoxel/ros2_ws_mgr/install/ros_gz_interfaces/include/ros_gz_interfaces/ros_gz_interfaces/msg/detail/param_vec__type_support.h
[3.326s] -- Up-to-date symlink: /home/vvoxel/ros2_ws_mgr/install/ros_gz_interfaces/include/ros_gz_interfaces/ros_gz_interfaces/msg/detail/sensor_noise__functions.h
[3.327s] -- Up-to-date symlink: /home/vvoxel/ros2_ws_mgr/install/ros_gz_interfaces/include/ros_gz_interfaces/ros_gz_interfaces/msg/detail/sensor_noise__struct.h
[3.327s] -- Up-to-date symlink: /home/vvoxel/ros2_ws_mgr/install/ros_gz_interfaces/include/ros_gz_interfaces/ros_gz_interfaces/msg/detail/sensor_noise__type_support.h
[3.327s] -- Up-to-date symlink: /home/vvoxel/ros2_ws_mgr/install/ros_gz_interfaces/include/ros_gz_interfaces/ros_gz_interfaces/msg/detail/string_vec__functions.h
[3.327s] -- Up-to-date symlink: /home/vvoxel/ros2_ws_mgr/install/ros_gz_interfaces/include/ros_gz_interfaces/ros_gz_interfaces/msg/detail/string_vec__struct.h
[3.327s] -- Up-to-date symlink: /home/vvoxel/ros2_ws_mgr/install/ros_gz_interfaces/include/ros_gz_interfaces/ros_gz_interfaces/msg/detail/string_vec__type_support.h
[3.327s] -- Up-to-date symlink: /home/vvoxel/ros2_ws_mgr/install/ros_gz_interfaces/include/ros_gz_interfaces/ros_gz_interfaces/msg/detail/track_visual__functions.h
[3.328s] -- Up-to-date symlink: /home/vvoxel/ros2_ws_mgr/install/ros_gz_interfaces/include/ros_gz_interfaces/ros_gz_interfaces/msg/detail/track_visual__struct.h
[3.328s] -- Up-to-date symlink: /home/vvoxel/ros2_ws_mgr/install/ros_gz_interfaces/include/ros_gz_interfaces/ros_gz_interfaces/msg/detail/track_visual__type_support.h
[3.328s] -- Up-to-date symlink: /home/vvoxel/ros2_ws_mgr/install/ros_gz_interfaces/include/ros_gz_interfaces/ros_gz_interfaces/msg/detail/video_record__functions.h
[3.328s] -- Up-to-date symlink: /home/vvoxel/ros2_ws_mgr/install/ros_gz_interfaces/include/ros_gz_interfaces/ros_gz_interfaces/msg/detail/video_record__struct.h
[3.329s] -- Up-to-date symlink: /home/vvoxel/ros2_ws_mgr/install/ros_gz_interfaces/include/ros_gz_interfaces/ros_gz_interfaces/msg/detail/video_record__type_support.h
[3.329s] -- Up-to-date symlink: /home/vvoxel/ros2_ws_mgr/install/ros_gz_interfaces/include/ros_gz_interfaces/ros_gz_interfaces/msg/detail/world_control__functions.h
[3.329s] -- Up-to-date symlink: /home/vvoxel/ros2_ws_mgr/install/ros_gz_interfaces/include/ros_gz_interfaces/ros_gz_interfaces/msg/detail/world_control__struct.h
[3.329s] -- Up-to-date symlink: /home/vvoxel/ros2_ws_mgr/install/ros_gz_interfaces/include/ros_gz_interfaces/ros_gz_interfaces/msg/detail/world_control__type_support.h
[3.329s] -- Up-to-date symlink: /home/vvoxel/ros2_ws_mgr/install/ros_gz_interfaces/include/ros_gz_interfaces/ros_gz_interfaces/msg/detail/world_reset__functions.h
[3.330s] -- Up-to-date symlink: /home/vvoxel/ros2_ws_mgr/install/ros_gz_interfaces/include/ros_gz_interfaces/ros_gz_interfaces/msg/detail/world_reset__struct.h
[3.330s] -- Up-to-date symlink: /home/vvoxel/ros2_ws_mgr/install/ros_gz_interfaces/include/ros_gz_interfaces/ros_gz_interfaces/msg/detail/world_reset__type_support.h
[3.330s] -- Up-to-date symlink: /home/vvoxel/ros2_ws_mgr/install/ros_gz_interfaces/include/ros_gz_interfaces/ros_gz_interfaces/msg/entity.h
[3.330s] -- Up-to-date symlink: /home/vvoxel/ros2_ws_mgr/install/ros_gz_interfaces/include/ros_gz_interfaces/ros_gz_interfaces/msg/entity_factory.h
[3.330s] -- Up-to-date symlink: /home/vvoxel/ros2_ws_mgr/install/ros_gz_interfaces/include/ros_gz_interfaces/ros_gz_interfaces/msg/entity_wrench.h
[3.330s] -- Up-to-date symlink: /home/vvoxel/ros2_ws_mgr/install/ros_gz_interfaces/include/ros_gz_interfaces/ros_gz_interfaces/msg/float32_array.h
[3.330s] -- Up-to-date symlink: /home/vvoxel/ros2_ws_mgr/install/ros_gz_interfaces/include/ros_gz_interfaces/ros_gz_interfaces/msg/gui_camera.h
[3.331s] -- Up-to-date symlink: /home/vvoxel/ros2_ws_mgr/install/ros_gz_interfaces/include/ros_gz_interfaces/ros_gz_interfaces/msg/joint_wrench.h
[3.331s] -- Up-to-date symlink: /home/vvoxel/ros2_ws_mgr/install/ros_gz_interfaces/include/ros_gz_interfaces/ros_gz_interfaces/msg/light.h
[3.331s] -- Up-to-date symlink: /home/vvoxel/ros2_ws_mgr/install/ros_gz_interfaces/include/ros_gz_interfaces/ros_gz_interfaces/msg/logical_camera_image.h
[3.331s] -- Up-to-date symlink: /home/vvoxel/ros2_ws_mgr/install/ros_gz_interfaces/include/ros_gz_interfaces/ros_gz_interfaces/msg/logical_camera_image_model.h
[3.332s] -- Up-to-date symlink: /home/vvoxel/ros2_ws_mgr/install/ros_gz_interfaces/include/ros_gz_interfaces/ros_gz_interfaces/msg/material_color.h
[3.332s] -- Up-to-date symlink: /home/vvoxel/ros2_ws_mgr/install/ros_gz_interfaces/include/ros_gz_interfaces/ros_gz_interfaces/msg/param_vec.h
[3.332s] -- Up-to-date symlink: /home/vvoxel/ros2_ws_mgr/install/ros_gz_interfaces/include/ros_gz_interfaces/ros_gz_interfaces/msg/rosidl_generator_c__visibility_control.h
[3.332s] -- Up-to-date symlink: /home/vvoxel/ros2_ws_mgr/install/ros_gz_interfaces/include/ros_gz_interfaces/ros_gz_interfaces/msg/sensor_noise.h
[3.332s] -- Up-to-date symlink: /home/vvoxel/ros2_ws_mgr/install/ros_gz_interfaces/include/ros_gz_interfaces/ros_gz_interfaces/msg/string_vec.h
[3.332s] -- Up-to-date symlink: /home/vvoxel/ros2_ws_mgr/install/ros_gz_interfaces/include/ros_gz_interfaces/ros_gz_interfaces/msg/track_visual.h
[3.332s] -- Up-to-date symlink: /home/vvoxel/ros2_ws_mgr/install/ros_gz_interfaces/include/ros_gz_interfaces/ros_gz_interfaces/msg/video_record.h
[3.333s] -- Up-to-date symlink: /home/vvoxel/ros2_ws_mgr/install/ros_gz_interfaces/include/ros_gz_interfaces/ros_gz_interfaces/msg/world_control.h
[3.333s] -- Up-to-date symlink: /home/vvoxel/ros2_ws_mgr/install/ros_gz_interfaces/include/ros_gz_interfaces/ros_gz_interfaces/msg/world_reset.h
[3.333s] -- Up-to-date symlink: /home/vvoxel/ros2_ws_mgr/install/ros_gz_interfaces/include/ros_gz_interfaces/ros_gz_interfaces/srv/control_world.h
[3.333s] -- Up-to-date symlink: /home/vvoxel/ros2_ws_mgr/install/ros_gz_interfaces/include/ros_gz_interfaces/ros_gz_interfaces/srv/delete_entity.h
[3.352s] -- Up-to-date symlink: /home/vvoxel/ros2_ws_mgr/install/ros_gz_interfaces/include/ros_gz_interfaces/ros_gz_interfaces/srv/detail/control_world__functions.h
[3.353s] -- Up-to-date symlink: /home/vvoxel/ros2_ws_mgr/install/ros_gz_interfaces/include/ros_gz_interfaces/ros_gz_interfaces/srv/detail/control_world__struct.h
[3.353s] -- Up-to-date symlink: /home/vvoxel/ros2_ws_mgr/install/ros_gz_interfaces/include/ros_gz_interfaces/ros_gz_interfaces/srv/detail/control_world__type_support.h
[3.353s] -- Up-to-date symlink: /home/vvoxel/ros2_ws_mgr/install/ros_gz_interfaces/include/ros_gz_interfaces/ros_gz_interfaces/srv/detail/delete_entity__functions.h
[3.353s] -- Up-to-date symlink: /home/vvoxel/ros2_ws_mgr/install/ros_gz_interfaces/include/ros_gz_interfaces/ros_gz_interfaces/srv/detail/delete_entity__struct.h
[3.354s] -- Up-to-date symlink: /home/vvoxel/ros2_ws_mgr/install/ros_gz_interfaces/include/ros_gz_interfaces/ros_gz_interfaces/srv/detail/delete_entity__type_support.h
[3.355s] -- Up-to-date symlink: /home/vvoxel/ros2_ws_mgr/install/ros_gz_interfaces/include/ros_gz_interfaces/ros_gz_interfaces/srv/detail/set_entity_pose__functions.h
[3.356s] -- Up-to-date symlink: /home/vvoxel/ros2_ws_mgr/install/ros_gz_interfaces/include/ros_gz_interfaces/ros_gz_interfaces/srv/detail/set_entity_pose__struct.h
[3.356s] -- Up-to-date symlink: /home/vvoxel/ros2_ws_mgr/install/ros_gz_interfaces/include/ros_gz_interfaces/ros_gz_interfaces/srv/detail/set_entity_pose__type_support.h
[3.356s] -- Up-to-date symlink: /home/vvoxel/ros2_ws_mgr/install/ros_gz_interfaces/include/ros_gz_interfaces/ros_gz_interfaces/srv/detail/spawn_entity__functions.h
[3.357s] -- Up-to-date symlink: /home/vvoxel/ros2_ws_mgr/install/ros_gz_interfaces/include/ros_gz_interfaces/ros_gz_interfaces/srv/detail/spawn_entity__struct.h
[3.359s] -- Up-to-date symlink: /home/vvoxel/ros2_ws_mgr/install/ros_gz_interfaces/include/ros_gz_interfaces/ros_gz_interfaces/srv/detail/spawn_entity__type_support.h
[3.359s] -- Up-to-date symlink: /home/vvoxel/ros2_ws_mgr/install/ros_gz_interfaces/include/ros_gz_interfaces/ros_gz_interfaces/srv/set_entity_pose.h
[3.359s] -- Up-to-date symlink: /home/vvoxel/ros2_ws_mgr/install/ros_gz_interfaces/include/ros_gz_interfaces/ros_gz_interfaces/srv/spawn_entity.h
[3.360s] -- Up-to-date symlink: /home/vvoxel/ros2_ws_mgr/install/ros_gz_interfaces/share/ros_gz_interfaces/environment/library_path.sh
[3.360s] -- Up-to-date symlink: /home/vvoxel/ros2_ws_mgr/install/ros_gz_interfaces/share/ros_gz_interfaces/environment/library_path.dsv
[3.377s] -- Up-to-date symlink: /home/vvoxel/ros2_ws_mgr/install/ros_gz_interfaces/include/ros_gz_interfaces/ros_gz_interfaces/msg/detail/altimeter__rosidl_typesupport_fastrtps_c.h
[3.377s] -- Up-to-date symlink: /home/vvoxel/ros2_ws_mgr/install/ros_gz_interfaces/include/ros_gz_interfaces/ros_gz_interfaces/msg/detail/contact__rosidl_typesupport_fastrtps_c.h
[3.378s] -- Up-to-date symlink: /home/vvoxel/ros2_ws_mgr/install/ros_gz_interfaces/include/ros_gz_interfaces/ros_gz_interfaces/msg/detail/contacts__rosidl_typesupport_fastrtps_c.h
[3.378s] -- Up-to-date symlink: /home/vvoxel/ros2_ws_mgr/install/ros_gz_interfaces/include/ros_gz_interfaces/ros_gz_interfaces/msg/detail/dataframe__rosidl_typesupport_fastrtps_c.h
[3.378s] -- Up-to-date symlink: /home/vvoxel/ros2_ws_mgr/install/ros_gz_interfaces/include/ros_gz_interfaces/ros_gz_interfaces/msg/detail/entity__rosidl_typesupport_fastrtps_c.h
[3.379s] -- Up-to-date symlink: /home/vvoxel/ros2_ws_mgr/install/ros_gz_interfaces/include/ros_gz_interfaces/ros_gz_interfaces/msg/detail/entity_factory__rosidl_typesupport_fastrtps_c.h
[3.379s] -- Up-to-date symlink: /home/vvoxel/ros2_ws_mgr/install/ros_gz_interfaces/include/ros_gz_interfaces/ros_gz_interfaces/msg/detail/entity_wrench__rosidl_typesupport_fastrtps_c.h
[3.379s] -- Up-to-date symlink: /home/vvoxel/ros2_ws_mgr/install/ros_gz_interfaces/include/ros_gz_interfaces/ros_gz_interfaces/msg/detail/float32_array__rosidl_typesupport_fastrtps_c.h
[3.379s] -- Up-to-date symlink: /home/vvoxel/ros2_ws_mgr/install/ros_gz_interfaces/include/ros_gz_interfaces/ros_gz_interfaces/msg/detail/gui_camera__rosidl_typesupport_fastrtps_c.h
[3.379s] -- Up-to-date symlink: /home/vvoxel/ros2_ws_mgr/install/ros_gz_interfaces/include/ros_gz_interfaces/ros_gz_interfaces/msg/detail/joint_wrench__rosidl_typesupport_fastrtps_c.h
[3.380s] -- Up-to-date symlink: /home/vvoxel/ros2_ws_mgr/install/ros_gz_interfaces/include/ros_gz_interfaces/ros_gz_interfaces/msg/detail/light__rosidl_typesupport_fastrtps_c.h
[3.381s] -- Up-to-date symlink: /home/vvoxel/ros2_ws_mgr/install/ros_gz_interfaces/include/ros_gz_interfaces/ros_gz_interfaces/msg/detail/logical_camera_image__rosidl_typesupport_fastrtps_c.h
[3.382s] -- Up-to-date symlink: /home/vvoxel/ros2_ws_mgr/install/ros_gz_interfaces/include/ros_gz_interfaces/ros_gz_interfaces/msg/detail/logical_camera_image_model__rosidl_typesupport_fastrtps_c.h
[3.382s] -- Up-to-date symlink: /home/vvoxel/ros2_ws_mgr/install/ros_gz_interfaces/include/ros_gz_interfaces/ros_gz_interfaces/msg/detail/material_color__rosidl_typesupport_fastrtps_c.h
[3.382s] -- Up-to-date symlink: /home/vvoxel/ros2_ws_mgr/install/ros_gz_interfaces/include/ros_gz_interfaces/ros_gz_interfaces/msg/detail/param_vec__rosidl_typesupport_fastrtps_c.h
[3.382s] -- Up-to-date symlink: /home/vvoxel/ros2_ws_mgr/install/ros_gz_interfaces/include/ros_gz_interfaces/ros_gz_interfaces/msg/detail/sensor_noise__rosidl_typesupport_fastrtps_c.h
[3.382s] -- Up-to-date symlink: /home/vvoxel/ros2_ws_mgr/install/ros_gz_interfaces/include/ros_gz_interfaces/ros_gz_interfaces/msg/detail/string_vec__rosidl_typesupport_fastrtps_c.h
[3.383s] -- Up-to-date symlink: /home/vvoxel/ros2_ws_mgr/install/ros_gz_interfaces/include/ros_gz_interfaces/ros_gz_interfaces/msg/detail/track_visual__rosidl_typesupport_fastrtps_c.h
[3.383s] -- Up-to-date symlink: /home/vvoxel/ros2_ws_mgr/install/ros_gz_interfaces/include/ros_gz_interfaces/ros_gz_interfaces/msg/detail/video_record__rosidl_typesupport_fastrtps_c.h
[3.384s] -- Up-to-date symlink: /home/vvoxel/ros2_ws_mgr/install/ros_gz_interfaces/include/ros_gz_interfaces/ros_gz_interfaces/msg/detail/world_control__rosidl_typesupport_fastrtps_c.h
[3.385s] -- Up-to-date symlink: /home/vvoxel/ros2_ws_mgr/install/ros_gz_interfaces/include/ros_gz_interfaces/ros_gz_interfaces/msg/detail/world_reset__rosidl_typesupport_fastrtps_c.h
[3.385s] -- Up-to-date symlink: /home/vvoxel/ros2_ws_mgr/install/ros_gz_interfaces/include/ros_gz_interfaces/ros_gz_interfaces/msg/rosidl_typesupport_fastrtps_c__visibility_control.h
[3.385s] -- Up-to-date symlink: /home/vvoxel/ros2_ws_mgr/install/ros_gz_interfaces/include/ros_gz_interfaces/ros_gz_interfaces/srv/detail/control_world__rosidl_typesupport_fastrtps_c.h
[3.385s] -- Up-to-date symlink: /home/vvoxel/ros2_ws_mgr/install/ros_gz_interfaces/include/ros_gz_interfaces/ros_gz_interfaces/srv/detail/delete_entity__rosidl_typesupport_fastrtps_c.h
[3.386s] -- Up-to-date symlink: /home/vvoxel/ros2_ws_mgr/install/ros_gz_interfaces/include/ros_gz_interfaces/ros_gz_interfaces/srv/detail/set_entity_pose__rosidl_typesupport_fastrtps_c.h
[3.386s] -- Up-to-date symlink: /home/vvoxel/ros2_ws_mgr/install/ros_gz_interfaces/include/ros_gz_interfaces/ros_gz_interfaces/srv/detail/spawn_entity__rosidl_typesupport_fastrtps_c.h
[3.388s] -- Up-to-date symlink: /home/vvoxel/ros2_ws_mgr/install/ros_gz_interfaces/include/ros_gz_interfaces/ros_gz_interfaces/msg/altimeter.hpp
[3.388s] -- Up-to-date symlink: /home/vvoxel/ros2_ws_mgr/install/ros_gz_interfaces/include/ros_gz_interfaces/ros_gz_interfaces/msg/contact.hpp
[3.389s] -- Up-to-date symlink: /home/vvoxel/ros2_ws_mgr/install/ros_gz_interfaces/include/ros_gz_interfaces/ros_gz_interfaces/msg/contacts.hpp
[3.389s] -- Up-to-date symlink: /home/vvoxel/ros2_ws_mgr/install/ros_gz_interfaces/include/ros_gz_interfaces/ros_gz_interfaces/msg/dataframe.hpp
[3.389s] -- Up-to-date symlink: /home/vvoxel/ros2_ws_mgr/install/ros_gz_interfaces/include/ros_gz_interfaces/ros_gz_interfaces/msg/detail/altimeter__builder.hpp
[3.389s] -- Up-to-date symlink: /home/vvoxel/ros2_ws_mgr/install/ros_gz_interfaces/include/ros_gz_interfaces/ros_gz_interfaces/msg/detail/altimeter__struct.hpp
[3.390s] -- Up-to-date symlink: /home/vvoxel/ros2_ws_mgr/install/ros_gz_interfaces/include/ros_gz_interfaces/ros_gz_interfaces/msg/detail/altimeter__traits.hpp
[3.390s] -- Up-to-date symlink: /home/vvoxel/ros2_ws_mgr/install/ros_gz_interfaces/include/ros_gz_interfaces/ros_gz_interfaces/msg/detail/altimeter__type_support.hpp
[3.390s] -- Up-to-date symlink: /home/vvoxel/ros2_ws_mgr/install/ros_gz_interfaces/include/ros_gz_interfaces/ros_gz_interfaces/msg/detail/contact__builder.hpp
[3.390s] -- Up-to-date symlink: /home/vvoxel/ros2_ws_mgr/install/ros_gz_interfaces/include/ros_gz_interfaces/ros_gz_interfaces/msg/detail/contact__struct.hpp
[3.391s] -- Up-to-date symlink: /home/vvoxel/ros2_ws_mgr/install/ros_gz_interfaces/include/ros_gz_interfaces/ros_gz_interfaces/msg/detail/contact__traits.hpp
[3.391s] -- Up-to-date symlink: /home/vvoxel/ros2_ws_mgr/install/ros_gz_interfaces/include/ros_gz_interfaces/ros_gz_interfaces/msg/detail/contact__type_support.hpp
[3.392s] -- Up-to-date symlink: /home/vvoxel/ros2_ws_mgr/install/ros_gz_interfaces/include/ros_gz_interfaces/ros_gz_interfaces/msg/detail/contacts__builder.hpp
[3.393s] -- Up-to-date symlink: /home/vvoxel/ros2_ws_mgr/install/ros_gz_interfaces/include/ros_gz_interfaces/ros_gz_interfaces/msg/detail/contacts__struct.hpp
[3.393s] -- Up-to-date symlink: /home/vvoxel/ros2_ws_mgr/install/ros_gz_interfaces/include/ros_gz_interfaces/ros_gz_interfaces/msg/detail/contacts__traits.hpp
[3.393s] -- Up-to-date symlink: /home/vvoxel/ros2_ws_mgr/install/ros_gz_interfaces/include/ros_gz_interfaces/ros_gz_interfaces/msg/detail/contacts__type_support.hpp
[3.394s] -- Up-to-date symlink: /home/vvoxel/ros2_ws_mgr/install/ros_gz_interfaces/include/ros_gz_interfaces/ros_gz_interfaces/msg/detail/dataframe__builder.hpp
[3.394s] -- Up-to-date symlink: /home/vvoxel/ros2_ws_mgr/install/ros_gz_interfaces/include/ros_gz_interfaces/ros_gz_interfaces/msg/detail/dataframe__struct.hpp
[3.394s] -- Up-to-date symlink: /home/vvoxel/ros2_ws_mgr/install/ros_gz_interfaces/include/ros_gz_interfaces/ros_gz_interfaces/msg/detail/dataframe__traits.hpp
[3.394s] -- Up-to-date symlink: /home/vvoxel/ros2_ws_mgr/install/ros_gz_interfaces/include/ros_gz_interfaces/ros_gz_interfaces/msg/detail/dataframe__type_support.hpp
[3.395s] -- Up-to-date symlink: /home/vvoxel/ros2_ws_mgr/install/ros_gz_interfaces/include/ros_gz_interfaces/ros_gz_interfaces/msg/detail/entity__builder.hpp
[3.395s] -- Up-to-date symlink: /home/vvoxel/ros2_ws_mgr/install/ros_gz_interfaces/include/ros_gz_interfaces/ros_gz_interfaces/msg/detail/entity__struct.hpp
[3.395s] -- Up-to-date symlink: /home/vvoxel/ros2_ws_mgr/install/ros_gz_interfaces/include/ros_gz_interfaces/ros_gz_interfaces/msg/detail/entity__traits.hpp
[3.396s] -- Up-to-date symlink: /home/vvoxel/ros2_ws_mgr/install/ros_gz_interfaces/include/ros_gz_interfaces/ros_gz_interfaces/msg/detail/entity__type_support.hpp
[3.396s] -- Up-to-date symlink: /home/vvoxel/ros2_ws_mgr/install/ros_gz_interfaces/include/ros_gz_interfaces/ros_gz_interfaces/msg/detail/entity_factory__builder.hpp
[3.396s] -- Up-to-date symlink: /home/vvoxel/ros2_ws_mgr/install/ros_gz_interfaces/include/ros_gz_interfaces/ros_gz_interfaces/msg/detail/entity_factory__struct.hpp
[3.396s] -- Up-to-date symlink: /home/vvoxel/ros2_ws_mgr/install/ros_gz_interfaces/include/ros_gz_interfaces/ros_gz_interfaces/msg/detail/entity_factory__traits.hpp
[3.397s] -- Up-to-date symlink: /home/vvoxel/ros2_ws_mgr/install/ros_gz_interfaces/include/ros_gz_interfaces/ros_gz_interfaces/msg/detail/entity_factory__type_support.hpp
[3.397s] -- Up-to-date symlink: /home/vvoxel/ros2_ws_mgr/install/ros_gz_interfaces/include/ros_gz_interfaces/ros_gz_interfaces/msg/detail/entity_wrench__builder.hpp
[3.397s] -- Up-to-date symlink: /home/vvoxel/ros2_ws_mgr/install/ros_gz_interfaces/include/ros_gz_interfaces/ros_gz_interfaces/msg/detail/entity_wrench__struct.hpp
[3.398s] -- Up-to-date symlink: /home/vvoxel/ros2_ws_mgr/install/ros_gz_interfaces/include/ros_gz_interfaces/ros_gz_interfaces/msg/detail/entity_wrench__traits.hpp
[3.398s] -- Up-to-date symlink: /home/vvoxel/ros2_ws_mgr/install/ros_gz_interfaces/include/ros_gz_interfaces/ros_gz_interfaces/msg/detail/entity_wrench__type_support.hpp
[3.399s] -- Up-to-date symlink: /home/vvoxel/ros2_ws_mgr/install/ros_gz_interfaces/include/ros_gz_interfaces/ros_gz_interfaces/msg/detail/float32_array__builder.hpp
[3.399s] -- Up-to-date symlink: /home/vvoxel/ros2_ws_mgr/install/ros_gz_interfaces/include/ros_gz_interfaces/ros_gz_interfaces/msg/detail/float32_array__struct.hpp
[3.399s] -- Up-to-date symlink: /home/vvoxel/ros2_ws_mgr/install/ros_gz_interfaces/include/ros_gz_interfaces/ros_gz_interfaces/msg/detail/float32_array__traits.hpp
[3.399s] -- Up-to-date symlink: /home/vvoxel/ros2_ws_mgr/install/ros_gz_interfaces/include/ros_gz_interfaces/ros_gz_interfaces/msg/detail/float32_array__type_support.hpp
[3.400s] -- Up-to-date symlink: /home/vvoxel/ros2_ws_mgr/install/ros_gz_interfaces/include/ros_gz_interfaces/ros_gz_interfaces/msg/detail/gui_camera__builder.hpp
[3.400s] -- Up-to-date symlink: /home/vvoxel/ros2_ws_mgr/install/ros_gz_interfaces/include/ros_gz_interfaces/ros_gz_interfaces/msg/detail/gui_camera__struct.hpp
[3.400s] -- Up-to-date symlink: /home/vvoxel/ros2_ws_mgr/install/ros_gz_interfaces/include/ros_gz_interfaces/ros_gz_interfaces/msg/detail/gui_camera__traits.hpp
[3.401s] -- Up-to-date symlink: /home/vvoxel/ros2_ws_mgr/install/ros_gz_interfaces/include/ros_gz_interfaces/ros_gz_interfaces/msg/detail/gui_camera__type_support.hpp
[3.401s] -- Up-to-date symlink: /home/vvoxel/ros2_ws_mgr/install/ros_gz_interfaces/include/ros_gz_interfaces/ros_gz_interfaces/msg/detail/joint_wrench__builder.hpp
[3.401s] -- Up-to-date symlink: /home/vvoxel/ros2_ws_mgr/install/ros_gz_interfaces/include/ros_gz_interfaces/ros_gz_interfaces/msg/detail/joint_wrench__struct.hpp
[3.401s] -- Up-to-date symlink: /home/vvoxel/ros2_ws_mgr/install/ros_gz_interfaces/include/ros_gz_interfaces/ros_gz_interfaces/msg/detail/joint_wrench__traits.hpp
[3.402s] -- Up-to-date symlink: /home/vvoxel/ros2_ws_mgr/install/ros_gz_interfaces/include/ros_gz_interfaces/ros_gz_interfaces/msg/detail/joint_wrench__type_support.hpp
[3.402s] -- Up-to-date symlink: /home/vvoxel/ros2_ws_mgr/install/ros_gz_interfaces/include/ros_gz_interfaces/ros_gz_interfaces/msg/detail/light__builder.hpp
[3.402s] -- Up-to-date symlink: /home/vvoxel/ros2_ws_mgr/install/ros_gz_interfaces/include/ros_gz_interfaces/ros_gz_interfaces/msg/detail/light__struct.hpp
[3.403s] -- Up-to-date symlink: /home/vvoxel/ros2_ws_mgr/install/ros_gz_interfaces/include/ros_gz_interfaces/ros_gz_interfaces/msg/detail/light__traits.hpp
[3.403s] -- Up-to-date symlink: /home/vvoxel/ros2_ws_mgr/install/ros_gz_interfaces/include/ros_gz_interfaces/ros_gz_interfaces/msg/detail/light__type_support.hpp
[3.403s] -- Up-to-date symlink: /home/vvoxel/ros2_ws_mgr/install/ros_gz_interfaces/include/ros_gz_interfaces/ros_gz_interfaces/msg/detail/logical_camera_image__builder.hpp
[3.403s] -- Up-to-date symlink: /home/vvoxel/ros2_ws_mgr/install/ros_gz_interfaces/include/ros_gz_interfaces/ros_gz_interfaces/msg/detail/logical_camera_image__struct.hpp
[3.404s] -- Up-to-date symlink: /home/vvoxel/ros2_ws_mgr/install/ros_gz_interfaces/include/ros_gz_interfaces/ros_gz_interfaces/msg/detail/logical_camera_image__traits.hpp
[3.404s] -- Up-to-date symlink: /home/vvoxel/ros2_ws_mgr/install/ros_gz_interfaces/include/ros_gz_interfaces/ros_gz_interfaces/msg/detail/logical_camera_image__type_support.hpp
[3.405s] -- Up-to-date symlink: /home/vvoxel/ros2_ws_mgr/install/ros_gz_interfaces/include/ros_gz_interfaces/ros_gz_interfaces/msg/detail/logical_camera_image_model__builder.hpp
[3.405s] -- Up-to-date symlink: /home/vvoxel/ros2_ws_mgr/install/ros_gz_interfaces/include/ros_gz_interfaces/ros_gz_interfaces/msg/detail/logical_camera_image_model__struct.hpp
[3.405s] -- Up-to-date symlink: /home/vvoxel/ros2_ws_mgr/install/ros_gz_interfaces/include/ros_gz_interfaces/ros_gz_interfaces/msg/detail/logical_camera_image_model__traits.hpp
[3.406s] -- Up-to-date symlink: /home/vvoxel/ros2_ws_mgr/install/ros_gz_interfaces/include/ros_gz_interfaces/ros_gz_interfaces/msg/detail/logical_camera_image_model__type_support.hpp
[3.406s] -- Up-to-date symlink: /home/vvoxel/ros2_ws_mgr/install/ros_gz_interfaces/include/ros_gz_interfaces/ros_gz_interfaces/msg/detail/material_color__builder.hpp
[3.406s] -- Up-to-date symlink: /home/vvoxel/ros2_ws_mgr/install/ros_gz_interfaces/include/ros_gz_interfaces/ros_gz_interfaces/msg/detail/material_color__struct.hpp
[3.407s] -- Up-to-date symlink: /home/vvoxel/ros2_ws_mgr/install/ros_gz_interfaces/include/ros_gz_interfaces/ros_gz_interfaces/msg/detail/material_color__traits.hpp
[3.407s] -- Up-to-date symlink: /home/vvoxel/ros2_ws_mgr/install/ros_gz_interfaces/include/ros_gz_interfaces/ros_gz_interfaces/msg/detail/material_color__type_support.hpp
[3.407s] -- Up-to-date symlink: /home/vvoxel/ros2_ws_mgr/install/ros_gz_interfaces/include/ros_gz_interfaces/ros_gz_interfaces/msg/detail/param_vec__builder.hpp
[3.408s] -- Up-to-date symlink: /home/vvoxel/ros2_ws_mgr/install/ros_gz_interfaces/include/ros_gz_interfaces/ros_gz_interfaces/msg/detail/param_vec__struct.hpp
[3.408s] -- Up-to-date symlink: /home/vvoxel/ros2_ws_mgr/install/ros_gz_interfaces/include/ros_gz_interfaces/ros_gz_interfaces/msg/detail/param_vec__traits.hpp
[3.408s] -- Up-to-date symlink: /home/vvoxel/ros2_ws_mgr/install/ros_gz_interfaces/include/ros_gz_interfaces/ros_gz_interfaces/msg/detail/param_vec__type_support.hpp
[3.408s] -- Up-to-date symlink: /home/vvoxel/ros2_ws_mgr/install/ros_gz_interfaces/include/ros_gz_interfaces/ros_gz_interfaces/msg/detail/sensor_noise__builder.hpp
[3.409s] -- Up-to-date symlink: /home/vvoxel/ros2_ws_mgr/install/ros_gz_interfaces/include/ros_gz_interfaces/ros_gz_interfaces/msg/detail/sensor_noise__struct.hpp
[3.409s] -- Up-to-date symlink: /home/vvoxel/ros2_ws_mgr/install/ros_gz_interfaces/include/ros_gz_interfaces/ros_gz_interfaces/msg/detail/sensor_noise__traits.hpp
[3.409s] -- Up-to-date symlink: /home/vvoxel/ros2_ws_mgr/install/ros_gz_interfaces/include/ros_gz_interfaces/ros_gz_interfaces/msg/detail/sensor_noise__type_support.hpp
[3.410s] -- Up-to-date symlink: /home/vvoxel/ros2_ws_mgr/install/ros_gz_interfaces/include/ros_gz_interfaces/ros_gz_interfaces/msg/detail/string_vec__builder.hpp
[3.410s] -- Up-to-date symlink: /home/vvoxel/ros2_ws_mgr/install/ros_gz_interfaces/include/ros_gz_interfaces/ros_gz_interfaces/msg/detail/string_vec__struct.hpp
[3.410s] -- Up-to-date symlink: /home/vvoxel/ros2_ws_mgr/install/ros_gz_interfaces/include/ros_gz_interfaces/ros_gz_interfaces/msg/detail/string_vec__traits.hpp
[3.411s] -- Up-to-date symlink: /home/vvoxel/ros2_ws_mgr/install/ros_gz_interfaces/include/ros_gz_interfaces/ros_gz_interfaces/msg/detail/string_vec__type_support.hpp
[3.415s] -- Up-to-date symlink: /home/vvoxel/ros2_ws_mgr/install/ros_gz_interfaces/include/ros_gz_interfaces/ros_gz_interfaces/msg/detail/track_visual__builder.hpp
[3.415s] -- Up-to-date symlink: /home/vvoxel/ros2_ws_mgr/install/ros_gz_interfaces/include/ros_gz_interfaces/ros_gz_interfaces/msg/detail/track_visual__struct.hpp
[3.416s] -- Up-to-date symlink: /home/vvoxel/ros2_ws_mgr/install/ros_gz_interfaces/include/ros_gz_interfaces/ros_gz_interfaces/msg/detail/track_visual__traits.hpp
[3.416s] -- Up-to-date symlink: /home/vvoxel/ros2_ws_mgr/install/ros_gz_interfaces/include/ros_gz_interfaces/ros_gz_interfaces/msg/detail/track_visual__type_support.hpp
[3.416s] -- Up-to-date symlink: /home/vvoxel/ros2_ws_mgr/install/ros_gz_interfaces/include/ros_gz_interfaces/ros_gz_interfaces/msg/detail/video_record__builder.hpp
[3.416s] -- Up-to-date symlink: /home/vvoxel/ros2_ws_mgr/install/ros_gz_interfaces/include/ros_gz_interfaces/ros_gz_interfaces/msg/detail/video_record__struct.hpp
[3.417s] -- Up-to-date symlink: /home/vvoxel/ros2_ws_mgr/install/ros_gz_interfaces/include/ros_gz_interfaces/ros_gz_interfaces/msg/detail/video_record__traits.hpp
[3.417s] -- Up-to-date symlink: /home/vvoxel/ros2_ws_mgr/install/ros_gz_interfaces/include/ros_gz_interfaces/ros_gz_interfaces/msg/detail/video_record__type_support.hpp
[3.419s] -- Up-to-date symlink: /home/vvoxel/ros2_ws_mgr/install/ros_gz_interfaces/include/ros_gz_interfaces/ros_gz_interfaces/msg/detail/world_control__builder.hpp
[3.421s] -- Up-to-date symlink: /home/vvoxel/ros2_ws_mgr/install/ros_gz_interfaces/include/ros_gz_interfaces/ros_gz_interfaces/msg/detail/world_control__struct.hpp
[3.421s] -- Up-to-date symlink: /home/vvoxel/ros2_ws_mgr/install/ros_gz_interfaces/include/ros_gz_interfaces/ros_gz_interfaces/msg/detail/world_control__traits.hpp
[3.422s] -- Up-to-date symlink: /home/vvoxel/ros2_ws_mgr/install/ros_gz_interfaces/include/ros_gz_interfaces/ros_gz_interfaces/msg/detail/world_control__type_support.hpp
[3.422s] -- Up-to-date symlink: /home/vvoxel/ros2_ws_mgr/install/ros_gz_interfaces/include/ros_gz_interfaces/ros_gz_interfaces/msg/detail/world_reset__builder.hpp
[3.423s] -- Up-to-date symlink: /home/vvoxel/ros2_ws_mgr/install/ros_gz_interfaces/include/ros_gz_interfaces/ros_gz_interfaces/msg/detail/world_reset__struct.hpp
[3.427s] -- Up-to-date symlink: /home/vvoxel/ros2_ws_mgr/install/ros_gz_interfaces/include/ros_gz_interfaces/ros_gz_interfaces/msg/detail/world_reset__traits.hpp
[3.427s] -- Up-to-date symlink: /home/vvoxel/ros2_ws_mgr/install/ros_gz_interfaces/include/ros_gz_interfaces/ros_gz_interfaces/msg/detail/world_reset__type_support.hpp
[3.428s] -- Up-to-date symlink: /home/vvoxel/ros2_ws_mgr/install/ros_gz_interfaces/include/ros_gz_interfaces/ros_gz_interfaces/msg/entity.hpp
[3.428s] -- Up-to-date symlink: /home/vvoxel/ros2_ws_mgr/install/ros_gz_interfaces/include/ros_gz_interfaces/ros_gz_interfaces/msg/entity_factory.hpp
[3.428s] -- Up-to-date symlink: /home/vvoxel/ros2_ws_mgr/install/ros_gz_interfaces/include/ros_gz_interfaces/ros_gz_interfaces/msg/entity_wrench.hpp
[3.429s] -- Up-to-date symlink: /home/vvoxel/ros2_ws_mgr/install/ros_gz_interfaces/include/ros_gz_interfaces/ros_gz_interfaces/msg/float32_array.hpp
[3.429s] -- Up-to-date symlink: /home/vvoxel/ros2_ws_mgr/install/ros_gz_interfaces/include/ros_gz_interfaces/ros_gz_interfaces/msg/gui_camera.hpp
[3.429s] -- Up-to-date symlink: /home/vvoxel/ros2_ws_mgr/install/ros_gz_interfaces/include/ros_gz_interfaces/ros_gz_interfaces/msg/joint_wrench.hpp
[3.430s] -- Up-to-date symlink: /home/vvoxel/ros2_ws_mgr/install/ros_gz_interfaces/include/ros_gz_interfaces/ros_gz_interfaces/msg/light.hpp
[3.430s] -- Up-to-date symlink: /home/vvoxel/ros2_ws_mgr/install/ros_gz_interfaces/include/ros_gz_interfaces/ros_gz_interfaces/msg/logical_camera_image.hpp
[3.432s] -- Up-to-date symlink: /home/vvoxel/ros2_ws_mgr/install/ros_gz_interfaces/include/ros_gz_interfaces/ros_gz_interfaces/msg/logical_camera_image_model.hpp
[3.433s] -- Up-to-date symlink: /home/vvoxel/ros2_ws_mgr/install/ros_gz_interfaces/include/ros_gz_interfaces/ros_gz_interfaces/msg/material_color.hpp
[3.433s] -- Up-to-date symlink: /home/vvoxel/ros2_ws_mgr/install/ros_gz_interfaces/include/ros_gz_interfaces/ros_gz_interfaces/msg/param_vec.hpp
[3.434s] -- Up-to-date symlink: /home/vvoxel/ros2_ws_mgr/install/ros_gz_interfaces/include/ros_gz_interfaces/ros_gz_interfaces/msg/rosidl_generator_cpp__visibility_control.hpp
[3.434s] -- Up-to-date symlink: /home/vvoxel/ros2_ws_mgr/install/ros_gz_interfaces/include/ros_gz_interfaces/ros_gz_interfaces/msg/sensor_noise.hpp
[3.434s] -- Up-to-date symlink: /home/vvoxel/ros2_ws_mgr/install/ros_gz_interfaces/include/ros_gz_interfaces/ros_gz_interfaces/msg/string_vec.hpp
[3.435s] -- Up-to-date symlink: /home/vvoxel/ros2_ws_mgr/install/ros_gz_interfaces/include/ros_gz_interfaces/ros_gz_interfaces/msg/track_visual.hpp
[3.435s] -- Up-to-date symlink: /home/vvoxel/ros2_ws_mgr/install/ros_gz_interfaces/include/ros_gz_interfaces/ros_gz_interfaces/msg/video_record.hpp
[3.435s] -- Up-to-date symlink: /home/vvoxel/ros2_ws_mgr/install/ros_gz_interfaces/include/ros_gz_interfaces/ros_gz_interfaces/msg/world_control.hpp
[3.436s] -- Up-to-date symlink: /home/vvoxel/ros2_ws_mgr/install/ros_gz_interfaces/include/ros_gz_interfaces/ros_gz_interfaces/msg/world_reset.hpp
[3.436s] -- Up-to-date symlink: /home/vvoxel/ros2_ws_mgr/install/ros_gz_interfaces/include/ros_gz_interfaces/ros_gz_interfaces/srv/control_world.hpp
[3.436s] -- Up-to-date symlink: /home/vvoxel/ros2_ws_mgr/install/ros_gz_interfaces/include/ros_gz_interfaces/ros_gz_interfaces/srv/delete_entity.hpp
[3.436s] -- Up-to-date symlink: /home/vvoxel/ros2_ws_mgr/install/ros_gz_interfaces/include/ros_gz_interfaces/ros_gz_interfaces/srv/detail/control_world__builder.hpp
[3.437s] -- Up-to-date symlink: /home/vvoxel/ros2_ws_mgr/install/ros_gz_interfaces/include/ros_gz_interfaces/ros_gz_interfaces/srv/detail/control_world__struct.hpp
[3.437s] -- Up-to-date symlink: /home/vvoxel/ros2_ws_mgr/install/ros_gz_interfaces/include/ros_gz_interfaces/ros_gz_interfaces/srv/detail/control_world__traits.hpp
[3.437s] -- Up-to-date symlink: /home/vvoxel/ros2_ws_mgr/install/ros_gz_interfaces/include/ros_gz_interfaces/ros_gz_interfaces/srv/detail/control_world__type_support.hpp
[3.438s] -- Up-to-date symlink: /home/vvoxel/ros2_ws_mgr/install/ros_gz_interfaces/include/ros_gz_interfaces/ros_gz_interfaces/srv/detail/delete_entity__builder.hpp
[3.441s] -- Up-to-date symlink: /home/vvoxel/ros2_ws_mgr/install/ros_gz_interfaces/include/ros_gz_interfaces/ros_gz_interfaces/srv/detail/delete_entity__struct.hpp
[3.442s] -- Up-to-date symlink: /home/vvoxel/ros2_ws_mgr/install/ros_gz_interfaces/include/ros_gz_interfaces/ros_gz_interfaces/srv/detail/delete_entity__traits.hpp
[3.442s] -- Up-to-date symlink: /home/vvoxel/ros2_ws_mgr/install/ros_gz_interfaces/include/ros_gz_interfaces/ros_gz_interfaces/srv/detail/delete_entity__type_support.hpp
[3.443s] -- Up-to-date symlink: /home/vvoxel/ros2_ws_mgr/install/ros_gz_interfaces/include/ros_gz_interfaces/ros_gz_interfaces/srv/detail/set_entity_pose__builder.hpp
[3.443s] -- Up-to-date symlink: /home/vvoxel/ros2_ws_mgr/install/ros_gz_interfaces/include/ros_gz_interfaces/ros_gz_interfaces/srv/detail/set_entity_pose__struct.hpp
[3.443s] -- Up-to-date symlink: /home/vvoxel/ros2_ws_mgr/install/ros_gz_interfaces/include/ros_gz_interfaces/ros_gz_interfaces/srv/detail/set_entity_pose__traits.hpp
[3.443s] -- Up-to-date symlink: /home/vvoxel/ros2_ws_mgr/install/ros_gz_interfaces/include/ros_gz_interfaces/ros_gz_interfaces/srv/detail/set_entity_pose__type_support.hpp
[3.444s] -- Up-to-date symlink: /home/vvoxel/ros2_ws_mgr/install/ros_gz_interfaces/include/ros_gz_interfaces/ros_gz_interfaces/srv/detail/spawn_entity__builder.hpp
[3.444s] -- Up-to-date symlink: /home/vvoxel/ros2_ws_mgr/install/ros_gz_interfaces/include/ros_gz_interfaces/ros_gz_interfaces/srv/detail/spawn_entity__struct.hpp
[3.445s] -- Up-to-date symlink: /home/vvoxel/ros2_ws_mgr/install/ros_gz_interfaces/include/ros_gz_interfaces/ros_gz_interfaces/srv/detail/spawn_entity__traits.hpp
[3.445s] -- Up-to-date symlink: /home/vvoxel/ros2_ws_mgr/install/ros_gz_interfaces/include/ros_gz_interfaces/ros_gz_interfaces/srv/detail/spawn_entity__type_support.hpp
[3.445s] -- Up-to-date symlink: /home/vvoxel/ros2_ws_mgr/install/ros_gz_interfaces/include/ros_gz_interfaces/ros_gz_interfaces/srv/set_entity_pose.hpp
[3.445s] -- Up-to-date symlink: /home/vvoxel/ros2_ws_mgr/install/ros_gz_interfaces/include/ros_gz_interfaces/ros_gz_interfaces/srv/spawn_entity.hpp
[3.447s] -- Up-to-date symlink: /home/vvoxel/ros2_ws_mgr/install/ros_gz_interfaces/include/ros_gz_interfaces/ros_gz_interfaces/msg/detail/altimeter__rosidl_typesupport_fastrtps_cpp.hpp
[3.447s] -- Up-to-date symlink: /home/vvoxel/ros2_ws_mgr/install/ros_gz_interfaces/include/ros_gz_interfaces/ros_gz_interfaces/msg/detail/contact__rosidl_typesupport_fastrtps_cpp.hpp
[3.447s] -- Up-to-date symlink: /home/vvoxel/ros2_ws_mgr/install/ros_gz_interfaces/include/ros_gz_interfaces/ros_gz_interfaces/msg/detail/contacts__rosidl_typesupport_fastrtps_cpp.hpp
[3.447s] -- Up-to-date symlink: /home/vvoxel/ros2_ws_mgr/install/ros_gz_interfaces/include/ros_gz_interfaces/ros_gz_interfaces/msg/detail/dataframe__rosidl_typesupport_fastrtps_cpp.hpp
[3.449s] -- Up-to-date symlink: /home/vvoxel/ros2_ws_mgr/install/ros_gz_interfaces/include/ros_gz_interfaces/ros_gz_interfaces/msg/detail/entity__rosidl_typesupport_fastrtps_cpp.hpp
[3.449s] -- Up-to-date symlink: /home/vvoxel/ros2_ws_mgr/install/ros_gz_interfaces/include/ros_gz_interfaces/ros_gz_interfaces/msg/detail/entity_factory__rosidl_typesupport_fastrtps_cpp.hpp
[3.449s] -- Up-to-date symlink: /home/vvoxel/ros2_ws_mgr/install/ros_gz_interfaces/include/ros_gz_interfaces/ros_gz_interfaces/msg/detail/entity_wrench__rosidl_typesupport_fastrtps_cpp.hpp
[3.449s] -- Up-to-date symlink: /home/vvoxel/ros2_ws_mgr/install/ros_gz_interfaces/include/ros_gz_interfaces/ros_gz_interfaces/msg/detail/float32_array__rosidl_typesupport_fastrtps_cpp.hpp
[3.450s] -- Up-to-date symlink: /home/vvoxel/ros2_ws_mgr/install/ros_gz_interfaces/include/ros_gz_interfaces/ros_gz_interfaces/msg/detail/gui_camera__rosidl_typesupport_fastrtps_cpp.hpp
[3.450s] -- Up-to-date symlink: /home/vvoxel/ros2_ws_mgr/install/ros_gz_interfaces/include/ros_gz_interfaces/ros_gz_interfaces/msg/detail/joint_wrench__rosidl_typesupport_fastrtps_cpp.hpp
[3.450s] -- Up-to-date symlink: /home/vvoxel/ros2_ws_mgr/install/ros_gz_interfaces/include/ros_gz_interfaces/ros_gz_interfaces/msg/detail/light__rosidl_typesupport_fastrtps_cpp.hpp
[3.450s] -- Up-to-date symlink: /home/vvoxel/ros2_ws_mgr/install/ros_gz_interfaces/include/ros_gz_interfaces/ros_gz_interfaces/msg/detail/logical_camera_image__rosidl_typesupport_fastrtps_cpp.hpp
[3.451s] -- Up-to-date symlink: /home/vvoxel/ros2_ws_mgr/install/ros_gz_interfaces/include/ros_gz_interfaces/ros_gz_interfaces/msg/detail/logical_camera_image_model__rosidl_typesupport_fastrtps_cpp.hpp
[3.451s] -- Up-to-date symlink: /home/vvoxel/ros2_ws_mgr/install/ros_gz_interfaces/include/ros_gz_interfaces/ros_gz_interfaces/msg/detail/material_color__rosidl_typesupport_fastrtps_cpp.hpp
[3.451s] -- Up-to-date symlink: /home/vvoxel/ros2_ws_mgr/install/ros_gz_interfaces/include/ros_gz_interfaces/ros_gz_interfaces/msg/detail/param_vec__rosidl_typesupport_fastrtps_cpp.hpp
[3.452s] -- Up-to-date symlink: /home/vvoxel/ros2_ws_mgr/install/ros_gz_interfaces/include/ros_gz_interfaces/ros_gz_interfaces/msg/detail/sensor_noise__rosidl_typesupport_fastrtps_cpp.hpp
[3.452s] -- Up-to-date symlink: /home/vvoxel/ros2_ws_mgr/install/ros_gz_interfaces/include/ros_gz_interfaces/ros_gz_interfaces/msg/detail/string_vec__rosidl_typesupport_fastrtps_cpp.hpp
[3.452s] -- Up-to-date symlink: /home/vvoxel/ros2_ws_mgr/install/ros_gz_interfaces/include/ros_gz_interfaces/ros_gz_interfaces/msg/detail/track_visual__rosidl_typesupport_fastrtps_cpp.hpp
[3.453s] -- Up-to-date symlink: /home/vvoxel/ros2_ws_mgr/install/ros_gz_interfaces/include/ros_gz_interfaces/ros_gz_interfaces/msg/detail/video_record__rosidl_typesupport_fastrtps_cpp.hpp
[3.454s] -- Up-to-date symlink: /home/vvoxel/ros2_ws_mgr/install/ros_gz_interfaces/include/ros_gz_interfaces/ros_gz_interfaces/msg/detail/world_control__rosidl_typesupport_fastrtps_cpp.hpp
[3.454s] -- Up-to-date symlink: /home/vvoxel/ros2_ws_mgr/install/ros_gz_interfaces/include/ros_gz_interfaces/ros_gz_interfaces/msg/detail/world_reset__rosidl_typesupport_fastrtps_cpp.hpp
[3.454s] -- Up-to-date symlink: /home/vvoxel/ros2_ws_mgr/install/ros_gz_interfaces/include/ros_gz_interfaces/ros_gz_interfaces/msg/rosidl_typesupport_fastrtps_cpp__visibility_control.h
[3.455s] -- Up-to-date symlink: /home/vvoxel/ros2_ws_mgr/install/ros_gz_interfaces/include/ros_gz_interfaces/ros_gz_interfaces/srv/detail/control_world__rosidl_typesupport_fastrtps_cpp.hpp
[3.455s] -- Up-to-date symlink: /home/vvoxel/ros2_ws_mgr/install/ros_gz_interfaces/include/ros_gz_interfaces/ros_gz_interfaces/srv/detail/delete_entity__rosidl_typesupport_fastrtps_cpp.hpp
[3.456s] -- Up-to-date symlink: /home/vvoxel/ros2_ws_mgr/install/ros_gz_interfaces/include/ros_gz_interfaces/ros_gz_interfaces/srv/detail/set_entity_pose__rosidl_typesupport_fastrtps_cpp.hpp
[3.456s] -- Up-to-date symlink: /home/vvoxel/ros2_ws_mgr/install/ros_gz_interfaces/include/ros_gz_interfaces/ros_gz_interfaces/srv/detail/spawn_entity__rosidl_typesupport_fastrtps_cpp.hpp
[3.457s] -- Up-to-date symlink: /home/vvoxel/ros2_ws_mgr/install/ros_gz_interfaces/include/ros_gz_interfaces/ros_gz_interfaces/msg/detail/altimeter__rosidl_typesupport_introspection_c.h
[3.458s] -- Up-to-date symlink: /home/vvoxel/ros2_ws_mgr/install/ros_gz_interfaces/include/ros_gz_interfaces/ros_gz_interfaces/msg/detail/contact__rosidl_typesupport_introspection_c.h
[3.458s] -- Up-to-date symlink: /home/vvoxel/ros2_ws_mgr/install/ros_gz_interfaces/include/ros_gz_interfaces/ros_gz_interfaces/msg/detail/contacts__rosidl_typesupport_introspection_c.h
[3.459s] -- Up-to-date symlink: /home/vvoxel/ros2_ws_mgr/install/ros_gz_interfaces/include/ros_gz_interfaces/ros_gz_interfaces/msg/detail/dataframe__rosidl_typesupport_introspection_c.h
[3.460s] -- Up-to-date symlink: /home/vvoxel/ros2_ws_mgr/install/ros_gz_interfaces/include/ros_gz_interfaces/ros_gz_interfaces/msg/detail/entity__rosidl_typesupport_introspection_c.h
[3.460s] -- Up-to-date symlink: /home/vvoxel/ros2_ws_mgr/install/ros_gz_interfaces/include/ros_gz_interfaces/ros_gz_interfaces/msg/detail/entity_factory__rosidl_typesupport_introspection_c.h
[3.461s] -- Up-to-date symlink: /home/vvoxel/ros2_ws_mgr/install/ros_gz_interfaces/include/ros_gz_interfaces/ros_gz_interfaces/msg/detail/entity_wrench__rosidl_typesupport_introspection_c.h
[3.461s] -- Up-to-date symlink: /home/vvoxel/ros2_ws_mgr/install/ros_gz_interfaces/include/ros_gz_interfaces/ros_gz_interfaces/msg/detail/float32_array__rosidl_typesupport_introspection_c.h
[3.462s] -- Up-to-date symlink: /home/vvoxel/ros2_ws_mgr/install/ros_gz_interfaces/include/ros_gz_interfaces/ros_gz_interfaces/msg/detail/gui_camera__rosidl_typesupport_introspection_c.h
[3.462s] -- Up-to-date symlink: /home/vvoxel/ros2_ws_mgr/install/ros_gz_interfaces/include/ros_gz_interfaces/ros_gz_interfaces/msg/detail/joint_wrench__rosidl_typesupport_introspection_c.h
[3.462s] -- Up-to-date symlink: /home/vvoxel/ros2_ws_mgr/install/ros_gz_interfaces/include/ros_gz_interfaces/ros_gz_interfaces/msg/detail/light__rosidl_typesupport_introspection_c.h
[3.462s] -- Up-to-date symlink: /home/vvoxel/ros2_ws_mgr/install/ros_gz_interfaces/include/ros_gz_interfaces/ros_gz_interfaces/msg/detail/logical_camera_image__rosidl_typesupport_introspection_c.h
[3.463s] -- Up-to-date symlink: /home/vvoxel/ros2_ws_mgr/install/ros_gz_interfaces/include/ros_gz_interfaces/ros_gz_interfaces/msg/detail/logical_camera_image_model__rosidl_typesupport_introspection_c.h
[3.463s] -- Up-to-date symlink: /home/vvoxel/ros2_ws_mgr/install/ros_gz_interfaces/include/ros_gz_interfaces/ros_gz_interfaces/msg/detail/material_color__rosidl_typesupport_introspection_c.h
[3.464s] -- Up-to-date symlink: /home/vvoxel/ros2_ws_mgr/install/ros_gz_interfaces/include/ros_gz_interfaces/ros_gz_interfaces/msg/detail/param_vec__rosidl_typesupport_introspection_c.h
[3.464s] -- Up-to-date symlink: /home/vvoxel/ros2_ws_mgr/install/ros_gz_interfaces/include/ros_gz_interfaces/ros_gz_interfaces/msg/detail/sensor_noise__rosidl_typesupport_introspection_c.h
[3.465s] -- Up-to-date symlink: /home/vvoxel/ros2_ws_mgr/install/ros_gz_interfaces/include/ros_gz_interfaces/ros_gz_interfaces/msg/detail/string_vec__rosidl_typesupport_introspection_c.h
[3.465s] -- Up-to-date symlink: /home/vvoxel/ros2_ws_mgr/install/ros_gz_interfaces/include/ros_gz_interfaces/ros_gz_interfaces/msg/detail/track_visual__rosidl_typesupport_introspection_c.h
[3.466s] -- Up-to-date symlink: /home/vvoxel/ros2_ws_mgr/install/ros_gz_interfaces/include/ros_gz_interfaces/ros_gz_interfaces/msg/detail/video_record__rosidl_typesupport_introspection_c.h
[3.467s] -- Up-to-date symlink: /home/vvoxel/ros2_ws_mgr/install/ros_gz_interfaces/include/ros_gz_interfaces/ros_gz_interfaces/msg/detail/world_control__rosidl_typesupport_introspection_c.h
[3.467s] -- Up-to-date symlink: /home/vvoxel/ros2_ws_mgr/install/ros_gz_interfaces/include/ros_gz_interfaces/ros_gz_interfaces/msg/detail/world_reset__rosidl_typesupport_introspection_c.h
[3.468s] -- Up-to-date symlink: /home/vvoxel/ros2_ws_mgr/install/ros_gz_interfaces/include/ros_gz_interfaces/ros_gz_interfaces/msg/rosidl_typesupport_introspection_c__visibility_control.h
[3.468s] -- Up-to-date symlink: /home/vvoxel/ros2_ws_mgr/install/ros_gz_interfaces/include/ros_gz_interfaces/ros_gz_interfaces/srv/detail/control_world__rosidl_typesupport_introspection_c.h
[3.468s] -- Up-to-date symlink: /home/vvoxel/ros2_ws_mgr/install/ros_gz_interfaces/include/ros_gz_interfaces/ros_gz_interfaces/srv/detail/delete_entity__rosidl_typesupport_introspection_c.h
[3.469s] -- Up-to-date symlink: /home/vvoxel/ros2_ws_mgr/install/ros_gz_interfaces/include/ros_gz_interfaces/ros_gz_interfaces/srv/detail/set_entity_pose__rosidl_typesupport_introspection_c.h
[3.469s] -- Up-to-date symlink: /home/vvoxel/ros2_ws_mgr/install/ros_gz_interfaces/include/ros_gz_interfaces/ros_gz_interfaces/srv/detail/spawn_entity__rosidl_typesupport_introspection_c.h
[3.470s] -- Up-to-date symlink: /home/vvoxel/ros2_ws_mgr/install/ros_gz_interfaces/include/ros_gz_interfaces/ros_gz_interfaces/msg/detail/altimeter__rosidl_typesupport_introspection_cpp.hpp
[3.471s] -- Up-to-date symlink: /home/vvoxel/ros2_ws_mgr/install/ros_gz_interfaces/include/ros_gz_interfaces/ros_gz_interfaces/msg/detail/contact__rosidl_typesupport_introspection_cpp.hpp
[3.471s] -- Up-to-date symlink: /home/vvoxel/ros2_ws_mgr/install/ros_gz_interfaces/include/ros_gz_interfaces/ros_gz_interfaces/msg/detail/contacts__rosidl_typesupport_introspection_cpp.hpp
[3.471s] -- Up-to-date symlink: /home/vvoxel/ros2_ws_mgr/install/ros_gz_interfaces/include/ros_gz_interfaces/ros_gz_interfaces/msg/detail/dataframe__rosidl_typesupport_introspection_cpp.hpp
[3.472s] -- Up-to-date symlink: /home/vvoxel/ros2_ws_mgr/install/ros_gz_interfaces/include/ros_gz_interfaces/ros_gz_interfaces/msg/detail/entity__rosidl_typesupport_introspection_cpp.hpp
[3.472s] -- Up-to-date symlink: /home/vvoxel/ros2_ws_mgr/install/ros_gz_interfaces/include/ros_gz_interfaces/ros_gz_interfaces/msg/detail/entity_factory__rosidl_typesupport_introspection_cpp.hpp
[3.473s] -- Up-to-date symlink: /home/vvoxel/ros2_ws_mgr/install/ros_gz_interfaces/include/ros_gz_interfaces/ros_gz_interfaces/msg/detail/entity_wrench__rosidl_typesupport_introspection_cpp.hpp
[3.473s] -- Up-to-date symlink: /home/vvoxel/ros2_ws_mgr/install/ros_gz_interfaces/include/ros_gz_interfaces/ros_gz_interfaces/msg/detail/float32_array__rosidl_typesupport_introspection_cpp.hpp
[3.473s] -- Up-to-date symlink: /home/vvoxel/ros2_ws_mgr/install/ros_gz_interfaces/include/ros_gz_interfaces/ros_gz_interfaces/msg/detail/gui_camera__rosidl_typesupport_introspection_cpp.hpp
[3.473s] -- Up-to-date symlink: /home/vvoxel/ros2_ws_mgr/install/ros_gz_interfaces/include/ros_gz_interfaces/ros_gz_interfaces/msg/detail/joint_wrench__rosidl_typesupport_introspection_cpp.hpp
[3.473s] -- Up-to-date symlink: /home/vvoxel/ros2_ws_mgr/install/ros_gz_interfaces/include/ros_gz_interfaces/ros_gz_interfaces/msg/detail/light__rosidl_typesupport_introspection_cpp.hpp
[3.474s] -- Up-to-date symlink: /home/vvoxel/ros2_ws_mgr/install/ros_gz_interfaces/include/ros_gz_interfaces/ros_gz_interfaces/msg/detail/logical_camera_image__rosidl_typesupport_introspection_cpp.hpp
[3.474s] -- Up-to-date symlink: /home/vvoxel/ros2_ws_mgr/install/ros_gz_interfaces/include/ros_gz_interfaces/ros_gz_interfaces/msg/detail/logical_camera_image_model__rosidl_typesupport_introspection_cpp.hpp
[3.474s] -- Up-to-date symlink: /home/vvoxel/ros2_ws_mgr/install/ros_gz_interfaces/include/ros_gz_interfaces/ros_gz_interfaces/msg/detail/material_color__rosidl_typesupport_introspection_cpp.hpp
[3.474s] -- Up-to-date symlink: /home/vvoxel/ros2_ws_mgr/install/ros_gz_interfaces/include/ros_gz_interfaces/ros_gz_interfaces/msg/detail/param_vec__rosidl_typesupport_introspection_cpp.hpp
[3.474s] -- Up-to-date symlink: /home/vvoxel/ros2_ws_mgr/install/ros_gz_interfaces/include/ros_gz_interfaces/ros_gz_interfaces/msg/detail/sensor_noise__rosidl_typesupport_introspection_cpp.hpp
[3.477s] -- Up-to-date symlink: /home/vvoxel/ros2_ws_mgr/install/ros_gz_interfaces/include/ros_gz_interfaces/ros_gz_interfaces/msg/detail/string_vec__rosidl_typesupport_introspection_cpp.hpp
[3.477s] -- Up-to-date symlink: /home/vvoxel/ros2_ws_mgr/install/ros_gz_interfaces/include/ros_gz_interfaces/ros_gz_interfaces/msg/detail/track_visual__rosidl_typesupport_introspection_cpp.hpp
[3.477s] -- Up-to-date symlink: /home/vvoxel/ros2_ws_mgr/install/ros_gz_interfaces/include/ros_gz_interfaces/ros_gz_interfaces/msg/detail/video_record__rosidl_typesupport_introspection_cpp.hpp
[3.477s] -- Up-to-date symlink: /home/vvoxel/ros2_ws_mgr/install/ros_gz_interfaces/include/ros_gz_interfaces/ros_gz_interfaces/msg/detail/world_control__rosidl_typesupport_introspection_cpp.hpp
[3.477s] -- Up-to-date symlink: /home/vvoxel/ros2_ws_mgr/install/ros_gz_interfaces/include/ros_gz_interfaces/ros_gz_interfaces/msg/detail/world_reset__rosidl_typesupport_introspection_cpp.hpp
[3.478s] -- Up-to-date symlink: /home/vvoxel/ros2_ws_mgr/install/ros_gz_interfaces/include/ros_gz_interfaces/ros_gz_interfaces/srv/detail/control_world__rosidl_typesupport_introspection_cpp.hpp
[3.478s] -- Up-to-date symlink: /home/vvoxel/ros2_ws_mgr/install/ros_gz_interfaces/include/ros_gz_interfaces/ros_gz_interfaces/srv/detail/delete_entity__rosidl_typesupport_introspection_cpp.hpp
[3.478s] -- Up-to-date symlink: /home/vvoxel/ros2_ws_mgr/install/ros_gz_interfaces/include/ros_gz_interfaces/ros_gz_interfaces/srv/detail/set_entity_pose__rosidl_typesupport_introspection_cpp.hpp
[3.478s] -- Up-to-date symlink: /home/vvoxel/ros2_ws_mgr/install/ros_gz_interfaces/include/ros_gz_interfaces/ros_gz_interfaces/srv/detail/spawn_entity__rosidl_typesupport_introspection_cpp.hpp
[3.478s] -- Up-to-date symlink: /home/vvoxel/ros2_ws_mgr/install/ros_gz_interfaces/share/ros_gz_interfaces/environment/pythonpath.sh
[3.479s] -- Up-to-date symlink: /home/vvoxel/ros2_ws_mgr/install/ros_gz_interfaces/share/ros_gz_interfaces/environment/pythonpath.dsv
[3.479s] -- Up-to-date symlink: /home/vvoxel/ros2_ws_mgr/install/ros_gz_interfaces/lib/python3.12/site-packages/ros_gz_interfaces-1.0.11-py3.12.egg-info/PKG-INFO
[3.479s] -- Up-to-date symlink: /home/vvoxel/ros2_ws_mgr/install/ros_gz_interfaces/lib/python3.12/site-packages/ros_gz_interfaces-1.0.11-py3.12.egg-info/SOURCES.txt
[3.479s] -- Up-to-date symlink: /home/vvoxel/ros2_ws_mgr/install/ros_gz_interfaces/lib/python3.12/site-packages/ros_gz_interfaces-1.0.11-py3.12.egg-info/dependency_links.txt
[3.479s] -- Up-to-date symlink: /home/vvoxel/ros2_ws_mgr/install/ros_gz_interfaces/lib/python3.12/site-packages/ros_gz_interfaces-1.0.11-py3.12.egg-info/top_level.txt
[3.482s] -- Up-to-date symlink: /home/vvoxel/ros2_ws_mgr/install/ros_gz_interfaces/lib/python3.12/site-packages/ros_gz_interfaces/__init__.py
[3.482s] -- Up-to-date symlink: /home/vvoxel/ros2_ws_mgr/install/ros_gz_interfaces/lib/python3.12/site-packages/ros_gz_interfaces/_ros_gz_interfaces_s.ep.rosidl_typesupport_c.c
[3.482s] -- Up-to-date symlink: /home/vvoxel/ros2_ws_mgr/install/ros_gz_interfaces/lib/python3.12/site-packages/ros_gz_interfaces/_ros_gz_interfaces_s.ep.rosidl_typesupport_fastrtps_c.c
[3.482s] -- Up-to-date symlink: /home/vvoxel/ros2_ws_mgr/install/ros_gz_interfaces/lib/python3.12/site-packages/ros_gz_interfaces/_ros_gz_interfaces_s.ep.rosidl_typesupport_introspection_c.c
[3.482s] -- Up-to-date symlink: /home/vvoxel/ros2_ws_mgr/install/ros_gz_interfaces/lib/python3.12/site-packages/ros_gz_interfaces/msg/__init__.py
[3.484s] -- Up-to-date symlink: /home/vvoxel/ros2_ws_mgr/install/ros_gz_interfaces/lib/python3.12/site-packages/ros_gz_interfaces/msg/_altimeter.py
[3.485s] -- Up-to-date symlink: /home/vvoxel/ros2_ws_mgr/install/ros_gz_interfaces/lib/python3.12/site-packages/ros_gz_interfaces/msg/_altimeter_s.c
[3.485s] -- Up-to-date symlink: /home/vvoxel/ros2_ws_mgr/install/ros_gz_interfaces/lib/python3.12/site-packages/ros_gz_interfaces/msg/_contact.py
[3.485s] -- Up-to-date symlink: /home/vvoxel/ros2_ws_mgr/install/ros_gz_interfaces/lib/python3.12/site-packages/ros_gz_interfaces/msg/_contact_s.c
[3.485s] -- Up-to-date symlink: /home/vvoxel/ros2_ws_mgr/install/ros_gz_interfaces/lib/python3.12/site-packages/ros_gz_interfaces/msg/_contacts.py
[3.485s] -- Up-to-date symlink: /home/vvoxel/ros2_ws_mgr/install/ros_gz_interfaces/lib/python3.12/site-packages/ros_gz_interfaces/msg/_contacts_s.c
[3.485s] -- Up-to-date symlink: /home/vvoxel/ros2_ws_mgr/install/ros_gz_interfaces/lib/python3.12/site-packages/ros_gz_interfaces/msg/_dataframe.py
[3.485s] -- Up-to-date symlink: /home/vvoxel/ros2_ws_mgr/install/ros_gz_interfaces/lib/python3.12/site-packages/ros_gz_interfaces/msg/_dataframe_s.c
[3.486s] -- Up-to-date symlink: /home/vvoxel/ros2_ws_mgr/install/ros_gz_interfaces/lib/python3.12/site-packages/ros_gz_interfaces/msg/_entity.py
[3.486s] -- Up-to-date symlink: /home/vvoxel/ros2_ws_mgr/install/ros_gz_interfaces/lib/python3.12/site-packages/ros_gz_interfaces/msg/_entity_factory.py
[3.486s] -- Up-to-date symlink: /home/vvoxel/ros2_ws_mgr/install/ros_gz_interfaces/lib/python3.12/site-packages/ros_gz_interfaces/msg/_entity_factory_s.c
[3.486s] -- Up-to-date symlink: /home/vvoxel/ros2_ws_mgr/install/ros_gz_interfaces/lib/python3.12/site-packages/ros_gz_interfaces/msg/_entity_s.c
[3.486s] -- Up-to-date symlink: /home/vvoxel/ros2_ws_mgr/install/ros_gz_interfaces/lib/python3.12/site-packages/ros_gz_interfaces/msg/_entity_wrench.py
[3.487s] -- Up-to-date symlink: /home/vvoxel/ros2_ws_mgr/install/ros_gz_interfaces/lib/python3.12/site-packages/ros_gz_interfaces/msg/_entity_wrench_s.c
[3.487s] -- Up-to-date symlink: /home/vvoxel/ros2_ws_mgr/install/ros_gz_interfaces/lib/python3.12/site-packages/ros_gz_interfaces/msg/_float32_array.py
[3.487s] -- Up-to-date symlink: /home/vvoxel/ros2_ws_mgr/install/ros_gz_interfaces/lib/python3.12/site-packages/ros_gz_interfaces/msg/_float32_array_s.c
[3.488s] -- Up-to-date symlink: /home/vvoxel/ros2_ws_mgr/install/ros_gz_interfaces/lib/python3.12/site-packages/ros_gz_interfaces/msg/_gui_camera.py
[3.488s] -- Up-to-date symlink: /home/vvoxel/ros2_ws_mgr/install/ros_gz_interfaces/lib/python3.12/site-packages/ros_gz_interfaces/msg/_gui_camera_s.c
[3.488s] -- Up-to-date symlink: /home/vvoxel/ros2_ws_mgr/install/ros_gz_interfaces/lib/python3.12/site-packages/ros_gz_interfaces/msg/_joint_wrench.py
[3.488s] -- Up-to-date symlink: /home/vvoxel/ros2_ws_mgr/install/ros_gz_interfaces/lib/python3.12/site-packages/ros_gz_interfaces/msg/_joint_wrench_s.c
[3.488s] -- Up-to-date symlink: /home/vvoxel/ros2_ws_mgr/install/ros_gz_interfaces/lib/python3.12/site-packages/ros_gz_interfaces/msg/_light.py
[3.488s] -- Up-to-date symlink: /home/vvoxel/ros2_ws_mgr/install/ros_gz_interfaces/lib/python3.12/site-packages/ros_gz_interfaces/msg/_light_s.c
[3.488s] -- Up-to-date symlink: /home/vvoxel/ros2_ws_mgr/install/ros_gz_interfaces/lib/python3.12/site-packages/ros_gz_interfaces/msg/_logical_camera_image.py
[3.490s] -- Up-to-date symlink: /home/vvoxel/ros2_ws_mgr/install/ros_gz_interfaces/lib/python3.12/site-packages/ros_gz_interfaces/msg/_logical_camera_image_model.py
[3.491s] -- Up-to-date symlink: /home/vvoxel/ros2_ws_mgr/install/ros_gz_interfaces/lib/python3.12/site-packages/ros_gz_interfaces/msg/_logical_camera_image_model_s.c
[3.491s] -- Up-to-date symlink: /home/vvoxel/ros2_ws_mgr/install/ros_gz_interfaces/lib/python3.12/site-packages/ros_gz_interfaces/msg/_logical_camera_image_s.c
[3.491s] -- Up-to-date symlink: /home/vvoxel/ros2_ws_mgr/install/ros_gz_interfaces/lib/python3.12/site-packages/ros_gz_interfaces/msg/_material_color.py
[3.491s] -- Up-to-date symlink: /home/vvoxel/ros2_ws_mgr/install/ros_gz_interfaces/lib/python3.12/site-packages/ros_gz_interfaces/msg/_material_color_s.c
[3.491s] -- Up-to-date symlink: /home/vvoxel/ros2_ws_mgr/install/ros_gz_interfaces/lib/python3.12/site-packages/ros_gz_interfaces/msg/_param_vec.py
[3.491s] -- Up-to-date symlink: /home/vvoxel/ros2_ws_mgr/install/ros_gz_interfaces/lib/python3.12/site-packages/ros_gz_interfaces/msg/_param_vec_s.c
[3.492s] -- Up-to-date symlink: /home/vvoxel/ros2_ws_mgr/install/ros_gz_interfaces/lib/python3.12/site-packages/ros_gz_interfaces/msg/_sensor_noise.py
[3.492s] -- Up-to-date symlink: /home/vvoxel/ros2_ws_mgr/install/ros_gz_interfaces/lib/python3.12/site-packages/ros_gz_interfaces/msg/_sensor_noise_s.c
[3.492s] -- Up-to-date symlink: /home/vvoxel/ros2_ws_mgr/install/ros_gz_interfaces/lib/python3.12/site-packages/ros_gz_interfaces/msg/_string_vec.py
[3.492s] -- Up-to-date symlink: /home/vvoxel/ros2_ws_mgr/install/ros_gz_interfaces/lib/python3.12/site-packages/ros_gz_interfaces/msg/_string_vec_s.c
[3.492s] -- Up-to-date symlink: /home/vvoxel/ros2_ws_mgr/install/ros_gz_interfaces/lib/python3.12/site-packages/ros_gz_interfaces/msg/_track_visual.py
[3.493s] -- Up-to-date symlink: /home/vvoxel/ros2_ws_mgr/install/ros_gz_interfaces/lib/python3.12/site-packages/ros_gz_interfaces/msg/_track_visual_s.c
[3.493s] -- Up-to-date symlink: /home/vvoxel/ros2_ws_mgr/install/ros_gz_interfaces/lib/python3.12/site-packages/ros_gz_interfaces/msg/_video_record.py
[3.493s] -- Up-to-date symlink: /home/vvoxel/ros2_ws_mgr/install/ros_gz_interfaces/lib/python3.12/site-packages/ros_gz_interfaces/msg/_video_record_s.c
[3.494s] -- Up-to-date symlink: /home/vvoxel/ros2_ws_mgr/install/ros_gz_interfaces/lib/python3.12/site-packages/ros_gz_interfaces/msg/_world_control.py
[3.494s] -- Up-to-date symlink: /home/vvoxel/ros2_ws_mgr/install/ros_gz_interfaces/lib/python3.12/site-packages/ros_gz_interfaces/msg/_world_control_s.c
[3.495s] -- Up-to-date symlink: /home/vvoxel/ros2_ws_mgr/install/ros_gz_interfaces/lib/python3.12/site-packages/ros_gz_interfaces/msg/_world_reset.py
[3.496s] -- Up-to-date symlink: /home/vvoxel/ros2_ws_mgr/install/ros_gz_interfaces/lib/python3.12/site-packages/ros_gz_interfaces/msg/_world_reset_s.c
[3.496s] -- Up-to-date symlink: /home/vvoxel/ros2_ws_mgr/install/ros_gz_interfaces/lib/python3.12/site-packages/ros_gz_interfaces/ros_gz_interfaces_s__rosidl_typesupport_c.so
[3.496s] -- Up-to-date symlink: /home/vvoxel/ros2_ws_mgr/install/ros_gz_interfaces/lib/python3.12/site-packages/ros_gz_interfaces/ros_gz_interfaces_s__rosidl_typesupport_fastrtps_c.so
[3.496s] -- Up-to-date symlink: /home/vvoxel/ros2_ws_mgr/install/ros_gz_interfaces/lib/python3.12/site-packages/ros_gz_interfaces/ros_gz_interfaces_s__rosidl_typesupport_introspection_c.so
[3.497s] -- Up-to-date symlink: /home/vvoxel/ros2_ws_mgr/install/ros_gz_interfaces/lib/python3.12/site-packages/ros_gz_interfaces/srv/__init__.py
[3.497s] -- Up-to-date symlink: /home/vvoxel/ros2_ws_mgr/install/ros_gz_interfaces/lib/python3.12/site-packages/ros_gz_interfaces/srv/_control_world.py
[3.497s] -- Up-to-date symlink: /home/vvoxel/ros2_ws_mgr/install/ros_gz_interfaces/lib/python3.12/site-packages/ros_gz_interfaces/srv/_control_world_s.c
[3.497s] -- Up-to-date symlink: /home/vvoxel/ros2_ws_mgr/install/ros_gz_interfaces/lib/python3.12/site-packages/ros_gz_interfaces/srv/_delete_entity.py
[3.497s] -- Up-to-date symlink: /home/vvoxel/ros2_ws_mgr/install/ros_gz_interfaces/lib/python3.12/site-packages/ros_gz_interfaces/srv/_delete_entity_s.c
[3.498s] -- Up-to-date symlink: /home/vvoxel/ros2_ws_mgr/install/ros_gz_interfaces/lib/python3.12/site-packages/ros_gz_interfaces/srv/_set_entity_pose.py
[3.498s] -- Up-to-date symlink: /home/vvoxel/ros2_ws_mgr/install/ros_gz_interfaces/lib/python3.12/site-packages/ros_gz_interfaces/srv/_set_entity_pose_s.c
[3.498s] -- Up-to-date symlink: /home/vvoxel/ros2_ws_mgr/install/ros_gz_interfaces/lib/python3.12/site-packages/ros_gz_interfaces/srv/_spawn_entity.py
[3.498s] -- Up-to-date symlink: /home/vvoxel/ros2_ws_mgr/install/ros_gz_interfaces/lib/python3.12/site-packages/ros_gz_interfaces/srv/_spawn_entity_s.c
[3.499s] -- Up-to-date symlink: /home/vvoxel/ros2_ws_mgr/install/ros_gz_interfaces/lib/python3.12/site-packages/ros_gz_interfaces/ros_gz_interfaces_s__rosidl_typesupport_fastrtps_c.so
[3.499s] -- Up-to-date symlink: /home/vvoxel/ros2_ws_mgr/install/ros_gz_interfaces/lib/python3.12/site-packages/ros_gz_interfaces/ros_gz_interfaces_s__rosidl_typesupport_introspection_c.so
[3.499s] -- Up-to-date symlink: /home/vvoxel/ros2_ws_mgr/install/ros_gz_interfaces/lib/python3.12/site-packages/ros_gz_interfaces/ros_gz_interfaces_s__rosidl_typesupport_c.so
[3.499s] -- Up-to-date symlink: /home/vvoxel/ros2_ws_mgr/install/ros_gz_interfaces/share/ros_gz_interfaces/msg/Altimeter.idl
[3.499s] -- Up-to-date symlink: /home/vvoxel/ros2_ws_mgr/install/ros_gz_interfaces/share/ros_gz_interfaces/msg/Contact.idl
[3.500s] -- Up-to-date symlink: /home/vvoxel/ros2_ws_mgr/install/ros_gz_interfaces/share/ros_gz_interfaces/msg/Contacts.idl
[3.500s] -- Up-to-date symlink: /home/vvoxel/ros2_ws_mgr/install/ros_gz_interfaces/share/ros_gz_interfaces/msg/Dataframe.idl
[3.500s] -- Up-to-date symlink: /home/vvoxel/ros2_ws_mgr/install/ros_gz_interfaces/share/ros_gz_interfaces/msg/Entity.idl
[3.500s] -- Up-to-date symlink: /home/vvoxel/ros2_ws_mgr/install/ros_gz_interfaces/share/ros_gz_interfaces/msg/EntityFactory.idl
[3.500s] -- Up-to-date symlink: /home/vvoxel/ros2_ws_mgr/install/ros_gz_interfaces/share/ros_gz_interfaces/msg/EntityWrench.idl
[3.500s] -- Up-to-date symlink: /home/vvoxel/ros2_ws_mgr/install/ros_gz_interfaces/share/ros_gz_interfaces/msg/Float32Array.idl
[3.501s] -- Up-to-date symlink: /home/vvoxel/ros2_ws_mgr/install/ros_gz_interfaces/share/ros_gz_interfaces/msg/GuiCamera.idl
[3.501s] -- Up-to-date symlink: /home/vvoxel/ros2_ws_mgr/install/ros_gz_interfaces/share/ros_gz_interfaces/msg/JointWrench.idl
[3.501s] -- Up-to-date symlink: /home/vvoxel/ros2_ws_mgr/install/ros_gz_interfaces/share/ros_gz_interfaces/msg/Light.idl
[3.501s] -- Up-to-date symlink: /home/vvoxel/ros2_ws_mgr/install/ros_gz_interfaces/share/ros_gz_interfaces/msg/LogicalCameraImage.idl
[3.501s] -- Up-to-date symlink: /home/vvoxel/ros2_ws_mgr/install/ros_gz_interfaces/share/ros_gz_interfaces/msg/LogicalCameraImageModel.idl
[3.502s] -- Up-to-date symlink: /home/vvoxel/ros2_ws_mgr/install/ros_gz_interfaces/share/ros_gz_interfaces/msg/MaterialColor.idl
[3.502s] -- Up-to-date symlink: /home/vvoxel/ros2_ws_mgr/install/ros_gz_interfaces/share/ros_gz_interfaces/msg/ParamVec.idl
[3.502s] -- Up-to-date symlink: /home/vvoxel/ros2_ws_mgr/install/ros_gz_interfaces/share/ros_gz_interfaces/msg/SensorNoise.idl
[3.503s] -- Up-to-date symlink: /home/vvoxel/ros2_ws_mgr/install/ros_gz_interfaces/share/ros_gz_interfaces/msg/StringVec.idl
[3.503s] -- Up-to-date symlink: /home/vvoxel/ros2_ws_mgr/install/ros_gz_interfaces/share/ros_gz_interfaces/msg/TrackVisual.idl
[3.503s] -- Up-to-date symlink: /home/vvoxel/ros2_ws_mgr/install/ros_gz_interfaces/share/ros_gz_interfaces/msg/VideoRecord.idl
[3.503s] -- Up-to-date symlink: /home/vvoxel/ros2_ws_mgr/install/ros_gz_interfaces/share/ros_gz_interfaces/msg/WorldControl.idl
[3.503s] -- Up-to-date symlink: /home/vvoxel/ros2_ws_mgr/install/ros_gz_interfaces/share/ros_gz_interfaces/msg/WorldReset.idl
[3.503s] -- Up-to-date symlink: /home/vvoxel/ros2_ws_mgr/install/ros_gz_interfaces/share/ros_gz_interfaces/srv/ControlWorld.idl
[3.503s] -- Up-to-date symlink: /home/vvoxel/ros2_ws_mgr/install/ros_gz_interfaces/share/ros_gz_interfaces/srv/DeleteEntity.idl
[3.504s] -- Up-to-date symlink: /home/vvoxel/ros2_ws_mgr/install/ros_gz_interfaces/share/ros_gz_interfaces/srv/SetEntityPose.idl
[3.504s] -- Up-to-date symlink: /home/vvoxel/ros2_ws_mgr/install/ros_gz_interfaces/share/ros_gz_interfaces/srv/SpawnEntity.idl
[3.504s] -- Up-to-date symlink: /home/vvoxel/ros2_ws_mgr/install/ros_gz_interfaces/share/ros_gz_interfaces/msg/Altimeter.msg
[3.504s] -- Up-to-date symlink: /home/vvoxel/ros2_ws_mgr/install/ros_gz_interfaces/share/ros_gz_interfaces/msg/Contact.msg
[3.504s] -- Up-to-date symlink: /home/vvoxel/ros2_ws_mgr/install/ros_gz_interfaces/share/ros_gz_interfaces/msg/Contacts.msg
[3.504s] -- Up-to-date symlink: /home/vvoxel/ros2_ws_mgr/install/ros_gz_interfaces/share/ros_gz_interfaces/msg/Dataframe.msg
[3.504s] -- Up-to-date symlink: /home/vvoxel/ros2_ws_mgr/install/ros_gz_interfaces/share/ros_gz_interfaces/msg/Entity.msg
[3.505s] -- Up-to-date symlink: /home/vvoxel/ros2_ws_mgr/install/ros_gz_interfaces/share/ros_gz_interfaces/msg/EntityFactory.msg
[3.505s] -- Up-to-date symlink: /home/vvoxel/ros2_ws_mgr/install/ros_gz_interfaces/share/ros_gz_interfaces/msg/EntityWrench.msg
[3.505s] -- Up-to-date symlink: /home/vvoxel/ros2_ws_mgr/install/ros_gz_interfaces/share/ros_gz_interfaces/msg/Float32Array.msg
[3.505s] -- Up-to-date symlink: /home/vvoxel/ros2_ws_mgr/install/ros_gz_interfaces/share/ros_gz_interfaces/msg/GuiCamera.msg
[3.505s] -- Up-to-date symlink: /home/vvoxel/ros2_ws_mgr/install/ros_gz_interfaces/share/ros_gz_interfaces/msg/JointWrench.msg
[3.505s] -- Up-to-date symlink: /home/vvoxel/ros2_ws_mgr/install/ros_gz_interfaces/share/ros_gz_interfaces/msg/Light.msg
[3.505s] -- Up-to-date symlink: /home/vvoxel/ros2_ws_mgr/install/ros_gz_interfaces/share/ros_gz_interfaces/msg/LogicalCameraImage.msg
[3.506s] -- Up-to-date symlink: /home/vvoxel/ros2_ws_mgr/install/ros_gz_interfaces/share/ros_gz_interfaces/msg/LogicalCameraImageModel.msg
[3.506s] -- Up-to-date symlink: /home/vvoxel/ros2_ws_mgr/install/ros_gz_interfaces/share/ros_gz_interfaces/msg/MaterialColor.msg
[3.506s] -- Up-to-date symlink: /home/vvoxel/ros2_ws_mgr/install/ros_gz_interfaces/share/ros_gz_interfaces/msg/ParamVec.msg
[3.506s] -- Up-to-date symlink: /home/vvoxel/ros2_ws_mgr/install/ros_gz_interfaces/share/ros_gz_interfaces/msg/SensorNoise.msg
[3.506s] -- Up-to-date symlink: /home/vvoxel/ros2_ws_mgr/install/ros_gz_interfaces/share/ros_gz_interfaces/msg/StringVec.msg
[3.506s] -- Up-to-date symlink: /home/vvoxel/ros2_ws_mgr/install/ros_gz_interfaces/share/ros_gz_interfaces/msg/TrackVisual.msg
[3.507s] -- Up-to-date symlink: /home/vvoxel/ros2_ws_mgr/install/ros_gz_interfaces/share/ros_gz_interfaces/msg/VideoRecord.msg
[3.507s] -- Up-to-date symlink: /home/vvoxel/ros2_ws_mgr/install/ros_gz_interfaces/share/ros_gz_interfaces/msg/WorldControl.msg
[3.507s] -- Up-to-date symlink: /home/vvoxel/ros2_ws_mgr/install/ros_gz_interfaces/share/ros_gz_interfaces/msg/WorldReset.msg
[3.507s] -- Up-to-date symlink: /home/vvoxel/ros2_ws_mgr/install/ros_gz_interfaces/share/ros_gz_interfaces/srv/ControlWorld.srv
[3.508s] -- Up-to-date symlink: /home/vvoxel/ros2_ws_mgr/install/ros_gz_interfaces/share/ros_gz_interfaces/srv/DeleteEntity.srv
[3.509s] -- Up-to-date symlink: /home/vvoxel/ros2_ws_mgr/install/ros_gz_interfaces/share/ros_gz_interfaces/srv/SetEntityPose.srv
[3.509s] -- Up-to-date symlink: /home/vvoxel/ros2_ws_mgr/install/ros_gz_interfaces/share/ros_gz_interfaces/srv/SpawnEntity.srv
[3.510s] -- Up-to-date symlink: /home/vvoxel/ros2_ws_mgr/install/ros_gz_interfaces/share/ament_index/resource_index/package_run_dependencies/ros_gz_interfaces
[3.510s] -- Up-to-date symlink: /home/vvoxel/ros2_ws_mgr/install/ros_gz_interfaces/share/ament_index/resource_index/parent_prefix_path/ros_gz_interfaces
[3.510s] -- Up-to-date symlink: /home/vvoxel/ros2_ws_mgr/install/ros_gz_interfaces/share/ros_gz_interfaces/environment/ament_prefix_path.sh
[3.511s] -- Up-to-date symlink: /home/vvoxel/ros2_ws_mgr/install/ros_gz_interfaces/share/ros_gz_interfaces/environment/ament_prefix_path.dsv
[3.511s] -- Up-to-date symlink: /home/vvoxel/ros2_ws_mgr/install/ros_gz_interfaces/share/ros_gz_interfaces/environment/path.sh
[3.511s] -- Up-to-date symlink: /home/vvoxel/ros2_ws_mgr/install/ros_gz_interfaces/share/ros_gz_interfaces/environment/path.dsv
[3.511s] -- Up-to-date symlink: /home/vvoxel/ros2_ws_mgr/install/ros_gz_interfaces/share/ros_gz_interfaces/local_setup.bash
[3.512s] -- Up-to-date symlink: /home/vvoxel/ros2_ws_mgr/install/ros_gz_interfaces/share/ros_gz_interfaces/local_setup.sh
[3.512s] -- Up-to-date symlink: /home/vvoxel/ros2_ws_mgr/install/ros_gz_interfaces/share/ros_gz_interfaces/local_setup.zsh
[3.512s] -- Up-to-date symlink: /home/vvoxel/ros2_ws_mgr/install/ros_gz_interfaces/share/ros_gz_interfaces/local_setup.dsv
[3.513s] -- Symlinking: /home/vvoxel/ros2_ws_mgr/install/ros_gz_interfaces/share/ros_gz_interfaces/package.dsv
[3.518s] -- Up-to-date symlink: /home/vvoxel/ros2_ws_mgr/install/ros_gz_interfaces/share/ament_index/resource_index/packages/ros_gz_interfaces
[3.518s] -- Up-to-date symlink: /home/vvoxel/ros2_ws_mgr/install/ros_gz_interfaces/share/ros_gz_interfaces/cmake/rosidl_cmake-extras.cmake
[3.518s] -- Up-to-date symlink: /home/vvoxel/ros2_ws_mgr/install/ros_gz_interfaces/share/ros_gz_interfaces/cmake/ament_cmake_export_dependencies-extras.cmake
[3.519s] -- Up-to-date symlink: /home/vvoxel/ros2_ws_mgr/install/ros_gz_interfaces/share/ros_gz_interfaces/cmake/ament_cmake_export_include_directories-extras.cmake
[3.519s] -- Up-to-date symlink: /home/vvoxel/ros2_ws_mgr/install/ros_gz_interfaces/share/ros_gz_interfaces/cmake/ament_cmake_export_libraries-extras.cmake
[3.519s] -- Up-to-date symlink: /home/vvoxel/ros2_ws_mgr/install/ros_gz_interfaces/share/ros_gz_interfaces/cmake/ament_cmake_export_targets-extras.cmake
[3.519s] -- Up-to-date symlink: /home/vvoxel/ros2_ws_mgr/install/ros_gz_interfaces/share/ros_gz_interfaces/cmake/rosidl_cmake_export_typesupport_targets-extras.cmake
[3.519s] -- Up-to-date symlink: /home/vvoxel/ros2_ws_mgr/install/ros_gz_interfaces/share/ros_gz_interfaces/cmake/rosidl_cmake_export_typesupport_libraries-extras.cmake
[3.520s] -- Up-to-date symlink: /home/vvoxel/ros2_ws_mgr/install/ros_gz_interfaces/share/ros_gz_interfaces/cmake/ros_gz_interfacesConfig.cmake
[3.520s] -- Up-to-date symlink: /home/vvoxel/ros2_ws_mgr/install/ros_gz_interfaces/share/ros_gz_interfaces/cmake/ros_gz_interfacesConfig-version.cmake
[3.520s] -- Up-to-date symlink: /home/vvoxel/ros2_ws_mgr/install/ros_gz_interfaces/share/ros_gz_interfaces/package.xml
[3.520s] -- Up-to-date: /home/vvoxel/ros2_ws_mgr/install/ros_gz_interfaces/lib/libros_gz_interfaces__rosidl_generator_c.so
[3.520s] -- Up-to-date: /home/vvoxel/ros2_ws_mgr/install/ros_gz_interfaces/lib/libros_gz_interfaces__rosidl_typesupport_fastrtps_c.so
[3.520s] -- Up-to-date: /home/vvoxel/ros2_ws_mgr/install/ros_gz_interfaces/lib/libros_gz_interfaces__rosidl_typesupport_fastrtps_cpp.so
[3.521s] -- Up-to-date: /home/vvoxel/ros2_ws_mgr/install/ros_gz_interfaces/lib/libros_gz_interfaces__rosidl_typesupport_introspection_c.so
[3.521s] -- Up-to-date: /home/vvoxel/ros2_ws_mgr/install/ros_gz_interfaces/lib/libros_gz_interfaces__rosidl_typesupport_c.so
[3.521s] -- Up-to-date: /home/vvoxel/ros2_ws_mgr/install/ros_gz_interfaces/lib/libros_gz_interfaces__rosidl_typesupport_introspection_cpp.so
[3.521s] -- Up-to-date: /home/vvoxel/ros2_ws_mgr/install/ros_gz_interfaces/lib/libros_gz_interfaces__rosidl_typesupport_cpp.so
[3.564s] Listing '/home/vvoxel/ros2_ws_mgr/install/ros_gz_interfaces/lib/python3.12/site-packages/ros_gz_interfaces'...
[3.564s] Listing '/home/vvoxel/ros2_ws_mgr/install/ros_gz_interfaces/lib/python3.12/site-packages/ros_gz_interfaces/msg'...
[3.564s] Listing '/home/vvoxel/ros2_ws_mgr/install/ros_gz_interfaces/lib/python3.12/site-packages/ros_gz_interfaces/srv'...
[3.576s] -- Up-to-date: /home/vvoxel/ros2_ws_mgr/install/ros_gz_interfaces/lib/libros_gz_interfaces__rosidl_generator_py.so
[3.577s] -- Up-to-date: /home/vvoxel/ros2_ws_mgr/install/ros_gz_interfaces/share/ros_gz_interfaces/cmake/export_ros_gz_interfaces__rosidl_generator_cExport.cmake
[3.577s] -- Up-to-date: /home/vvoxel/ros2_ws_mgr/install/ros_gz_interfaces/share/ros_gz_interfaces/cmake/export_ros_gz_interfaces__rosidl_generator_cExport-noconfig.cmake
[3.578s] -- Up-to-date: /home/vvoxel/ros2_ws_mgr/install/ros_gz_interfaces/share/ros_gz_interfaces/cmake/export_ros_gz_interfaces__rosidl_typesupport_fastrtps_cExport.cmake
[3.578s] -- Up-to-date: /home/vvoxel/ros2_ws_mgr/install/ros_gz_interfaces/share/ros_gz_interfaces/cmake/export_ros_gz_interfaces__rosidl_typesupport_fastrtps_cExport-noconfig.cmake
[3.578s] -- Up-to-date: /home/vvoxel/ros2_ws_mgr/install/ros_gz_interfaces/share/ros_gz_interfaces/cmake/export_ros_gz_interfaces__rosidl_generator_cppExport.cmake
[3.578s] -- Up-to-date: /home/vvoxel/ros2_ws_mgr/install/ros_gz_interfaces/share/ros_gz_interfaces/cmake/export_ros_gz_interfaces__rosidl_typesupport_fastrtps_cppExport.cmake
[3.578s] -- Up-to-date: /home/vvoxel/ros2_ws_mgr/install/ros_gz_interfaces/share/ros_gz_interfaces/cmake/export_ros_gz_interfaces__rosidl_typesupport_fastrtps_cppExport-noconfig.cmake
[3.578s] -- Up-to-date: /home/vvoxel/ros2_ws_mgr/install/ros_gz_interfaces/share/ros_gz_interfaces/cmake/ros_gz_interfaces__rosidl_typesupport_introspection_cExport.cmake
[3.579s] -- Up-to-date: /home/vvoxel/ros2_ws_mgr/install/ros_gz_interfaces/share/ros_gz_interfaces/cmake/ros_gz_interfaces__rosidl_typesupport_introspection_cExport-noconfig.cmake
[3.579s] -- Up-to-date: /home/vvoxel/ros2_ws_mgr/install/ros_gz_interfaces/share/ros_gz_interfaces/cmake/ros_gz_interfaces__rosidl_typesupport_cExport.cmake
[3.579s] -- Up-to-date: /home/vvoxel/ros2_ws_mgr/install/ros_gz_interfaces/share/ros_gz_interfaces/cmake/ros_gz_interfaces__rosidl_typesupport_cExport-noconfig.cmake
[3.579s] -- Up-to-date: /home/vvoxel/ros2_ws_mgr/install/ros_gz_interfaces/share/ros_gz_interfaces/cmake/ros_gz_interfaces__rosidl_typesupport_introspection_cppExport.cmake
[3.579s] -- Up-to-date: /home/vvoxel/ros2_ws_mgr/install/ros_gz_interfaces/share/ros_gz_interfaces/cmake/ros_gz_interfaces__rosidl_typesupport_introspection_cppExport-noconfig.cmake
[3.580s] -- Up-to-date: /home/vvoxel/ros2_ws_mgr/install/ros_gz_interfaces/share/ros_gz_interfaces/cmake/ros_gz_interfaces__rosidl_typesupport_cppExport.cmake
[3.580s] -- Up-to-date: /home/vvoxel/ros2_ws_mgr/install/ros_gz_interfaces/share/ros_gz_interfaces/cmake/ros_gz_interfaces__rosidl_typesupport_cppExport-noconfig.cmake
[3.580s] -- Up-to-date: /home/vvoxel/ros2_ws_mgr/install/ros_gz_interfaces/share/ros_gz_interfaces/cmake/export_ros_gz_interfaces__rosidl_generator_pyExport.cmake
[3.581s] -- Up-to-date: /home/vvoxel/ros2_ws_mgr/install/ros_gz_interfaces/share/ros_gz_interfaces/cmake/export_ros_gz_interfaces__rosidl_generator_pyExport-noconfig.cmake
[3.686s] Invoked command in '/home/vvoxel/ros2_ws_mgr/build/ros_gz_interfaces' returned '0': CMAKE_PREFIX_PATH=/home/vvoxel/ros2_ws_mgr/install/sim_launcher:/opt/ros/jazzy:${CMAKE_PREFIX_PATH} DEBUGINFOD_URLS=https://debuginfod.ubuntu.com /usr/bin/cmake --install /home/vvoxel/ros2_ws_mgr/build/ros_gz_interfaces
