[0.081s] Invoking command in '/home/vvoxel/ros2_ws_mgr/build/g2o': DEBUGINFOD_URLS=https://debuginfod.ubuntu.com /usr/bin/cmake --build /home/vvoxel/ros2_ws_mgr/build/g2o -- -j8 -l8
[2.079s] [  1%] Built target parser_library
[2.079s] [  2%] Built target freeglut_minimal
[2.079s] [  3%] Built target opengl_helper
[2.080s] [  6%] Built target stuff
[2.080s] [  7%] Built target interface_library
[2.080s] [  8%] Built target csparse_extension
[2.081s] [  7%] Built target logging_application
[2.081s] [ 16%] Built target core
[2.081s] [ 17%] Built target solver_pcg
[2.082s] [ 17%] Built target solver_eigen
[2.082s] [ 19%] Built target g2o_cli_library
[2.082s] [ 20%] Built target solver_csparse
[2.083s] [ 21%] Built target solver_structure_only
[2.083s] [ 22%] Built target solver_dense
[2.083s] [ 28%] Built target types_slam3d
[2.083s] [ 33%] Built target types_slam2d
[2.084s] [ 34%] Built target solver_cholmod
[2.084s] [ 34%] Built target g2o_cli_application
[2.084s] [ 37%] Built target g2o_hierarchical_library
[2.084s] [ 37%] Built target static_dynamic_function_fit
[2.085s] [ 38%] Built target polynomial_fit
[2.085s] [ 39%] Built target static_target
[2.085s] [ 39%] Built target constant_velocity_target
[2.086s] [ 44%] Built target viewer_library
[2.086s] [ 47%] Built target tutorial_slam2d_library
[2.086s] [ 48%] Built target create_sphere
[2.086s] [ 48%] Built target simple_optimize
[2.087s] [ 49%] Built target g2o_anonymize_observations_application
[2.087s] [ 50%] Built target g2o_interactive_library
[2.087s] [ 50%] Built target g2o_hierarchical_application
[2.088s] [ 54%] Built target types_slam3d_addons
[2.088s] [ 56%] Built target slam2d_g2o
[2.088s] [ 56%] Built target g2o_viewer
[2.088s] [ 60%] Built target types_slam2d_addons
[2.089s] [ 63%] Built target types_data
[2.089s] [ 65%] Built target types_sclam2d
[2.089s] [ 66%] Built target circle_fit
[2.089s] [ 67%] Built target curve_fit
[2.090s] [ 68%] Built target solver_slam2d_linear
[2.090s] [ 69%] Built target tutorial_slam2d
[2.090s] [ 69%] Built target bal_example
[2.090s] [ 76%] Built target types_sba
[2.091s] [ 77%] Built target simulator_3d_plane
[2.091s] [ 78%] Built target simulator_3d_line
[2.091s] [ 79%] Built target g2o_online_application
[2.091s] [ 80%] Built target g2o_incremental_library
[2.092s] [ 81%] Built target convertSegmentLine_application
[2.092s] [ 83%] Built target calibration_odom_laser_library
[2.092s] [ 83%] Built target types_icp
[2.092s] [ 84%] Built target types_sim3
[2.093s] [ 84%] Built target ba_anchored_inverse_depth_demo
[2.093s] [ 85%] Built target ba_demo
[2.093s] [ 92%] Built target g2o_simulator_library
[2.093s] [ 93%] Built target convert_sba_slam3d
[2.094s] [ 93%] Built target g2o_incremental_application
[2.094s] [ 94%] Built target sclam_odom_laser
[2.094s] [ 95%] Built target gicp_sba_demo
[2.094s] [ 96%] Built target gicp_demo
[2.095s] [ 98%] Built target optimize_sphere_by_sim3
[2.095s] [ 98%] Built target sclam_laser_calib
[2.095s] [ 97%] Built target sclam_pure_calibration
[2.095s] [ 99%] Built target sba_demo
[2.095s] [100%] Built target g2o_simulator2d_application
[2.096s] [100%] Built target g2o_simulator3d_application
[2.119s] Invoked command in '/home/vvoxel/ros2_ws_mgr/build/g2o' returned '0': DEBUGINFOD_URLS=https://debuginfod.ubuntu.com /usr/bin/cmake --build /home/vvoxel/ros2_ws_mgr/build/g2o -- -j8 -l8
[2.124s] Invoking command in '/home/vvoxel/ros2_ws_mgr/build/g2o': DEBUGINFOD_URLS=https://debuginfod.ubuntu.com /usr/bin/cmake --install /home/vvoxel/ros2_ws_mgr/build/g2o
[2.299s] -- Install configuration: "Release"
[2.300s] -- Up-to-date: /home/vvoxel/ros2_ws_mgr/install/g2o/include/g2o/config.h
[2.300s] -- Up-to-date: /home/vvoxel/ros2_ws_mgr/install/g2o/lib/cmake/g2o/g2oConfig.cmake
[2.300s] -- Up-to-date: /home/vvoxel/ros2_ws_mgr/install/g2o/lib/cmake/g2o/g2oConfigVersion.cmake
[2.300s] -- Up-to-date: /home/vvoxel/ros2_ws_mgr/install/g2o/lib/cmake/g2o/g2oTargets.cmake
[2.300s] -- Up-to-date: /home/vvoxel/ros2_ws_mgr/install/g2o/lib/cmake/g2o/g2oTargets-release.cmake
[2.301s] -- Up-to-date: /home/vvoxel/ros2_ws_mgr/install/g2o/lib/libg2o_ext_freeglut_minimal.so.0.2.0
[2.301s] -- Up-to-date: /home/vvoxel/ros2_ws_mgr/install/g2o/lib/libg2o_ext_freeglut_minimal.so.0.2
[2.301s] -- Up-to-date: /home/vvoxel/ros2_ws_mgr/install/g2o/lib/libg2o_ext_freeglut_minimal.so
[2.301s] -- Up-to-date: /home/vvoxel/ros2_ws_mgr/install/g2o/include/g2o/EXTERNAL/freeglut/freeglut_minimal.h
[2.301s] -- Up-to-date: /home/vvoxel/ros2_ws_mgr/install/g2o/include/g2o/autodiff/array_selector.h
[2.302s] -- Up-to-date: /home/vvoxel/ros2_ws_mgr/install/g2o/include/g2o/autodiff/autodiff.h
[2.302s] -- Up-to-date: /home/vvoxel/ros2_ws_mgr/install/g2o/include/g2o/autodiff/disable_warnings.h
[2.302s] -- Up-to-date: /home/vvoxel/ros2_ws_mgr/install/g2o/include/g2o/autodiff/eigen.h
[2.302s] -- Up-to-date: /home/vvoxel/ros2_ws_mgr/install/g2o/include/g2o/autodiff/fixed_array.h
[2.302s] -- Up-to-date: /home/vvoxel/ros2_ws_mgr/install/g2o/include/g2o/autodiff/integer_sequence_algorithm.h
[2.302s] -- Up-to-date: /home/vvoxel/ros2_ws_mgr/install/g2o/include/g2o/autodiff/jet.h
[2.303s] -- Up-to-date: /home/vvoxel/ros2_ws_mgr/install/g2o/include/g2o/autodiff/memory.h
[2.304s] -- Up-to-date: /home/vvoxel/ros2_ws_mgr/install/g2o/include/g2o/autodiff/parameter_dims.h
[2.304s] -- Up-to-date: /home/vvoxel/ros2_ws_mgr/install/g2o/include/g2o/autodiff/reenable_warnings.h
[2.305s] -- Up-to-date: /home/vvoxel/ros2_ws_mgr/install/g2o/include/g2o/autodiff/types.h
[2.305s] -- Up-to-date: /home/vvoxel/ros2_ws_mgr/install/g2o/include/g2o/autodiff/variadic_evaluate.h
[2.305s] -- Up-to-date: /home/vvoxel/ros2_ws_mgr/install/g2o/include/g2o/autodiff/LICENSE
[2.306s] -- Up-to-date: /home/vvoxel/ros2_ws_mgr/install/g2o/lib/libg2o_stuff.so.0.2.0
[2.306s] -- Up-to-date: /home/vvoxel/ros2_ws_mgr/install/g2o/lib/libg2o_stuff.so.0.2
[2.306s] -- Up-to-date: /home/vvoxel/ros2_ws_mgr/install/g2o/lib/libg2o_stuff.so
[2.306s] -- Up-to-date: /home/vvoxel/ros2_ws_mgr/install/g2o/lib/libg2o_opengl_helper.so.0.2.0
[2.306s] -- Up-to-date: /home/vvoxel/ros2_ws_mgr/install/g2o/lib/libg2o_opengl_helper.so.0.2
[2.306s] -- Up-to-date: /home/vvoxel/ros2_ws_mgr/install/g2o/lib/libg2o_opengl_helper.so
[2.307s] -- Up-to-date: /home/vvoxel/ros2_ws_mgr/install/g2o/include/g2o/stuff/color_macros.h
[2.307s] -- Up-to-date: /home/vvoxel/ros2_ws_mgr/install/g2o/include/g2o/stuff/command_args.h
[2.307s] -- Up-to-date: /home/vvoxel/ros2_ws_mgr/install/g2o/include/g2o/stuff/filesys_tools.h
[2.307s] -- Up-to-date: /home/vvoxel/ros2_ws_mgr/install/g2o/include/g2o/stuff/g2o_stuff_api.h
[2.307s] -- Up-to-date: /home/vvoxel/ros2_ws_mgr/install/g2o/include/g2o/stuff/logger.h
[2.308s] -- Up-to-date: /home/vvoxel/ros2_ws_mgr/install/g2o/include/g2o/stuff/logger_format.h
[2.308s] -- Up-to-date: /home/vvoxel/ros2_ws_mgr/install/g2o/include/g2o/stuff/macros.h
[2.308s] -- Up-to-date: /home/vvoxel/ros2_ws_mgr/install/g2o/include/g2o/stuff/misc.h
[2.308s] -- Up-to-date: /home/vvoxel/ros2_ws_mgr/install/g2o/include/g2o/stuff/opengl_primitives.h
[2.308s] -- Up-to-date: /home/vvoxel/ros2_ws_mgr/install/g2o/include/g2o/stuff/opengl_wrapper.h
[2.309s] -- Up-to-date: /home/vvoxel/ros2_ws_mgr/install/g2o/include/g2o/stuff/property.h
[2.309s] -- Up-to-date: /home/vvoxel/ros2_ws_mgr/install/g2o/include/g2o/stuff/sampler.h
[2.309s] -- Up-to-date: /home/vvoxel/ros2_ws_mgr/install/g2o/include/g2o/stuff/sparse_helper.h
[2.309s] -- Up-to-date: /home/vvoxel/ros2_ws_mgr/install/g2o/include/g2o/stuff/string_tools.h
[2.309s] -- Up-to-date: /home/vvoxel/ros2_ws_mgr/install/g2o/include/g2o/stuff/tictoc.h
[2.309s] -- Up-to-date: /home/vvoxel/ros2_ws_mgr/install/g2o/include/g2o/stuff/timeutil.h
[2.310s] -- Up-to-date: /home/vvoxel/ros2_ws_mgr/install/g2o/include/g2o/stuff/tuple_tools.h
[2.310s] -- Up-to-date: /home/vvoxel/ros2_ws_mgr/install/g2o/include/g2o/stuff/unscented.h
[2.310s] -- Up-to-date: /home/vvoxel/ros2_ws_mgr/install/g2o/lib/libg2o_core.so.0.2.0
[2.310s] -- Up-to-date: /home/vvoxel/ros2_ws_mgr/install/g2o/lib/libg2o_core.so.0.2
[2.310s] -- Up-to-date: /home/vvoxel/ros2_ws_mgr/install/g2o/lib/libg2o_core.so
[2.311s] -- Up-to-date: /home/vvoxel/ros2_ws_mgr/install/g2o/include/g2o/core/auto_differentiation.h
[2.311s] -- Up-to-date: /home/vvoxel/ros2_ws_mgr/install/g2o/include/g2o/core/base_binary_edge.h
[2.311s] -- Up-to-date: /home/vvoxel/ros2_ws_mgr/install/g2o/include/g2o/core/base_dynamic_vertex.h
[2.311s] -- Up-to-date: /home/vvoxel/ros2_ws_mgr/install/g2o/include/g2o/core/base_edge.h
[2.312s] -- Up-to-date: /home/vvoxel/ros2_ws_mgr/install/g2o/include/g2o/core/base_fixed_sized_edge.h
[2.312s] -- Up-to-date: /home/vvoxel/ros2_ws_mgr/install/g2o/include/g2o/core/base_fixed_sized_edge.hpp
[2.312s] -- Up-to-date: /home/vvoxel/ros2_ws_mgr/install/g2o/include/g2o/core/base_multi_edge.h
[2.312s] -- Up-to-date: /home/vvoxel/ros2_ws_mgr/install/g2o/include/g2o/core/base_unary_edge.h
[2.312s] -- Up-to-date: /home/vvoxel/ros2_ws_mgr/install/g2o/include/g2o/core/base_variable_sized_edge.h
[2.312s] -- Up-to-date: /home/vvoxel/ros2_ws_mgr/install/g2o/include/g2o/core/base_variable_sized_edge.hpp
[2.313s] -- Up-to-date: /home/vvoxel/ros2_ws_mgr/install/g2o/include/g2o/core/base_vertex.h
[2.313s] -- Up-to-date: /home/vvoxel/ros2_ws_mgr/install/g2o/include/g2o/core/base_vertex.hpp
[2.313s] -- Up-to-date: /home/vvoxel/ros2_ws_mgr/install/g2o/include/g2o/core/batch_stats.h
[2.313s] -- Up-to-date: /home/vvoxel/ros2_ws_mgr/install/g2o/include/g2o/core/block_solver.h
[2.313s] -- Up-to-date: /home/vvoxel/ros2_ws_mgr/install/g2o/include/g2o/core/block_solver.hpp
[2.313s] -- Up-to-date: /home/vvoxel/ros2_ws_mgr/install/g2o/include/g2o/core/cache.h
[2.314s] -- Up-to-date: /home/vvoxel/ros2_ws_mgr/install/g2o/include/g2o/core/creators.h
[2.314s] -- Up-to-date: /home/vvoxel/ros2_ws_mgr/install/g2o/include/g2o/core/dynamic_aligned_buffer.hpp
[2.314s] -- Up-to-date: /home/vvoxel/ros2_ws_mgr/install/g2o/include/g2o/core/eigen_types.h
[2.315s] -- Up-to-date: /home/vvoxel/ros2_ws_mgr/install/g2o/include/g2o/core/estimate_propagator.h
[2.315s] -- Up-to-date: /home/vvoxel/ros2_ws_mgr/install/g2o/include/g2o/core/factory.h
[2.315s] -- Up-to-date: /home/vvoxel/ros2_ws_mgr/install/g2o/include/g2o/core/g2o_core_api.h
[2.315s] -- Up-to-date: /home/vvoxel/ros2_ws_mgr/install/g2o/include/g2o/core/hyper_dijkstra.h
[2.315s] -- Up-to-date: /home/vvoxel/ros2_ws_mgr/install/g2o/include/g2o/core/hyper_graph.h
[2.316s] -- Up-to-date: /home/vvoxel/ros2_ws_mgr/install/g2o/include/g2o/core/hyper_graph_action.h
[2.316s] -- Up-to-date: /home/vvoxel/ros2_ws_mgr/install/g2o/include/g2o/core/io_helper.h
[2.316s] -- Up-to-date: /home/vvoxel/ros2_ws_mgr/install/g2o/include/g2o/core/jacobian_workspace.h
[2.316s] -- Up-to-date: /home/vvoxel/ros2_ws_mgr/install/g2o/include/g2o/core/linear_solver.h
[2.316s] -- Up-to-date: /home/vvoxel/ros2_ws_mgr/install/g2o/include/g2o/core/marginal_covariance_cholesky.h
[2.316s] -- Up-to-date: /home/vvoxel/ros2_ws_mgr/install/g2o/include/g2o/core/matrix_operations.h
[2.317s] -- Up-to-date: /home/vvoxel/ros2_ws_mgr/install/g2o/include/g2o/core/matrix_structure.h
[2.317s] -- Up-to-date: /home/vvoxel/ros2_ws_mgr/install/g2o/include/g2o/core/openmp_mutex.h
[2.317s] -- Up-to-date: /home/vvoxel/ros2_ws_mgr/install/g2o/include/g2o/core/optimizable_graph.h
[2.317s] -- Up-to-date: /home/vvoxel/ros2_ws_mgr/install/g2o/include/g2o/core/optimization_algorithm.h
[2.317s] -- Up-to-date: /home/vvoxel/ros2_ws_mgr/install/g2o/include/g2o/core/optimization_algorithm_dogleg.h
[2.318s] -- Up-to-date: /home/vvoxel/ros2_ws_mgr/install/g2o/include/g2o/core/optimization_algorithm_factory.h
[2.318s] -- Up-to-date: /home/vvoxel/ros2_ws_mgr/install/g2o/include/g2o/core/optimization_algorithm_gauss_newton.h
[2.318s] -- Up-to-date: /home/vvoxel/ros2_ws_mgr/install/g2o/include/g2o/core/optimization_algorithm_levenberg.h
[2.318s] -- Up-to-date: /home/vvoxel/ros2_ws_mgr/install/g2o/include/g2o/core/optimization_algorithm_property.h
[2.318s] -- Up-to-date: /home/vvoxel/ros2_ws_mgr/install/g2o/include/g2o/core/optimization_algorithm_with_hessian.h
[2.319s] -- Up-to-date: /home/vvoxel/ros2_ws_mgr/install/g2o/include/g2o/core/ownership.h
[2.319s] -- Up-to-date: /home/vvoxel/ros2_ws_mgr/install/g2o/include/g2o/core/parameter.h
[2.319s] -- Up-to-date: /home/vvoxel/ros2_ws_mgr/install/g2o/include/g2o/core/parameter_container.h
[2.319s] -- Up-to-date: /home/vvoxel/ros2_ws_mgr/install/g2o/include/g2o/core/robust_kernel.h
[2.319s] -- Up-to-date: /home/vvoxel/ros2_ws_mgr/install/g2o/include/g2o/core/robust_kernel_factory.h
[2.320s] -- Up-to-date: /home/vvoxel/ros2_ws_mgr/install/g2o/include/g2o/core/robust_kernel_impl.h
[2.320s] -- Up-to-date: /home/vvoxel/ros2_ws_mgr/install/g2o/include/g2o/core/solver.h
[2.320s] -- Up-to-date: /home/vvoxel/ros2_ws_mgr/install/g2o/include/g2o/core/sparse_block_matrix.h
[2.320s] -- Up-to-date: /home/vvoxel/ros2_ws_mgr/install/g2o/include/g2o/core/sparse_block_matrix.hpp
[2.320s] -- Up-to-date: /home/vvoxel/ros2_ws_mgr/install/g2o/include/g2o/core/sparse_block_matrix_ccs.h
[2.320s] -- Up-to-date: /home/vvoxel/ros2_ws_mgr/install/g2o/include/g2o/core/sparse_block_matrix_diagonal.h
[2.321s] -- Up-to-date: /home/vvoxel/ros2_ws_mgr/install/g2o/include/g2o/core/sparse_optimizer.h
[2.321s] -- Up-to-date: /home/vvoxel/ros2_ws_mgr/install/g2o/include/g2o/core/sparse_optimizer_terminate_action.h
[2.321s] -- Up-to-date: /home/vvoxel/ros2_ws_mgr/install/g2o/lib/libg2o_cli.so.0.2.0
[2.321s] -- Up-to-date: /home/vvoxel/ros2_ws_mgr/install/g2o/lib/libg2o_cli.so.0.2
[2.321s] -- Up-to-date: /home/vvoxel/ros2_ws_mgr/install/g2o/lib/libg2o_cli.so
[2.322s] -- Up-to-date: /home/vvoxel/ros2_ws_mgr/install/g2o/bin/g2o
[2.322s] -- Up-to-date: /home/vvoxel/ros2_ws_mgr/install/g2o/include/g2o/apps/g2o_cli/dl_wrapper.h
[2.322s] -- Up-to-date: /home/vvoxel/ros2_ws_mgr/install/g2o/include/g2o/apps/g2o_cli/g2o_cli_api.h
[2.322s] -- Up-to-date: /home/vvoxel/ros2_ws_mgr/install/g2o/include/g2o/apps/g2o_cli/g2o_common.h
[2.322s] -- Up-to-date: /home/vvoxel/ros2_ws_mgr/install/g2o/include/g2o/apps/g2o_cli/output_helper.h
[2.322s] -- Up-to-date: /home/vvoxel/ros2_ws_mgr/install/g2o/lib/libg2o_simulator.so.0.2.0
[2.323s] -- Up-to-date: /home/vvoxel/ros2_ws_mgr/install/g2o/lib/libg2o_simulator.so.0.2
[2.323s] -- Up-to-date: /home/vvoxel/ros2_ws_mgr/install/g2o/lib/libg2o_simulator.so
[2.323s] -- Up-to-date: /home/vvoxel/ros2_ws_mgr/install/g2o/bin/g2o_simulator2d
[2.324s] -- Up-to-date: /home/vvoxel/ros2_ws_mgr/install/g2o/bin/g2o_simulator3d
[2.324s] -- Up-to-date: /home/vvoxel/ros2_ws_mgr/install/g2o/include/g2o/apps/g2o_simulator/g2o_simulator_api.h
[2.324s] -- Up-to-date: /home/vvoxel/ros2_ws_mgr/install/g2o/include/g2o/apps/g2o_simulator/pointsensorparameters.h
[2.324s] -- Up-to-date: /home/vvoxel/ros2_ws_mgr/install/g2o/include/g2o/apps/g2o_simulator/sensor_line3d.h
[2.324s] -- Up-to-date: /home/vvoxel/ros2_ws_mgr/install/g2o/include/g2o/apps/g2o_simulator/sensor_odometry.h
[2.325s] -- Up-to-date: /home/vvoxel/ros2_ws_mgr/install/g2o/include/g2o/apps/g2o_simulator/sensor_odometry2d.h
[2.325s] -- Up-to-date: /home/vvoxel/ros2_ws_mgr/install/g2o/include/g2o/apps/g2o_simulator/sensor_odometry3d.h
[2.325s] -- Up-to-date: /home/vvoxel/ros2_ws_mgr/install/g2o/include/g2o/apps/g2o_simulator/sensor_pointxy.h
[2.325s] -- Up-to-date: /home/vvoxel/ros2_ws_mgr/install/g2o/include/g2o/apps/g2o_simulator/sensor_pointxy_bearing.h
[2.325s] -- Up-to-date: /home/vvoxel/ros2_ws_mgr/install/g2o/include/g2o/apps/g2o_simulator/sensor_pointxy_offset.h
[2.325s] -- Up-to-date: /home/vvoxel/ros2_ws_mgr/install/g2o/include/g2o/apps/g2o_simulator/sensor_pointxyz.h
[2.326s] -- Up-to-date: /home/vvoxel/ros2_ws_mgr/install/g2o/include/g2o/apps/g2o_simulator/sensor_pointxyz_depth.h
[2.326s] -- Up-to-date: /home/vvoxel/ros2_ws_mgr/install/g2o/include/g2o/apps/g2o_simulator/sensor_pointxyz_disparity.h
[2.326s] -- Up-to-date: /home/vvoxel/ros2_ws_mgr/install/g2o/include/g2o/apps/g2o_simulator/sensor_pose2d.h
[2.326s] -- Up-to-date: /home/vvoxel/ros2_ws_mgr/install/g2o/include/g2o/apps/g2o_simulator/sensor_pose3d.h
[2.326s] -- Up-to-date: /home/vvoxel/ros2_ws_mgr/install/g2o/include/g2o/apps/g2o_simulator/sensor_pose3d_offset.h
[2.326s] -- Up-to-date: /home/vvoxel/ros2_ws_mgr/install/g2o/include/g2o/apps/g2o_simulator/sensor_se3_prior.h
[2.327s] -- Up-to-date: /home/vvoxel/ros2_ws_mgr/install/g2o/include/g2o/apps/g2o_simulator/sensor_segment2d.h
[2.327s] -- Up-to-date: /home/vvoxel/ros2_ws_mgr/install/g2o/include/g2o/apps/g2o_simulator/sensor_segment2d_line.h
[2.327s] -- Up-to-date: /home/vvoxel/ros2_ws_mgr/install/g2o/include/g2o/apps/g2o_simulator/sensor_segment2d_pointline.h
[2.327s] -- Up-to-date: /home/vvoxel/ros2_ws_mgr/install/g2o/include/g2o/apps/g2o_simulator/simulator.h
[2.328s] -- Up-to-date: /home/vvoxel/ros2_ws_mgr/install/g2o/include/g2o/apps/g2o_simulator/simulator2d.h
[2.328s] -- Up-to-date: /home/vvoxel/ros2_ws_mgr/install/g2o/include/g2o/apps/g2o_simulator/simulator2d_base.h
[2.328s] -- Up-to-date: /home/vvoxel/ros2_ws_mgr/install/g2o/include/g2o/apps/g2o_simulator/simulator3d.h
[2.328s] -- Up-to-date: /home/vvoxel/ros2_ws_mgr/install/g2o/include/g2o/apps/g2o_simulator/simulator3d_base.h
[2.329s] -- Up-to-date: /home/vvoxel/ros2_ws_mgr/install/g2o/include/g2o/apps/g2o_simulator/simutils.h
[2.329s] -- Up-to-date: /home/vvoxel/ros2_ws_mgr/install/g2o/lib/libg2o_viewer.so.0.2.0
[2.329s] -- Up-to-date: /home/vvoxel/ros2_ws_mgr/install/g2o/lib/libg2o_viewer.so.0.2
[2.330s] -- Up-to-date: /home/vvoxel/ros2_ws_mgr/install/g2o/lib/libg2o_viewer.so
[2.330s] -- Up-to-date: /home/vvoxel/ros2_ws_mgr/install/g2o/bin/g2o_viewer
[2.331s] -- Up-to-date: /home/vvoxel/ros2_ws_mgr/install/g2o/include/g2o/apps/g2o_viewer/g2o_qglviewer.h
[2.331s] -- Up-to-date: /home/vvoxel/ros2_ws_mgr/install/g2o/include/g2o/apps/g2o_viewer/g2o_viewer_api.h
[2.331s] -- Up-to-date: /home/vvoxel/ros2_ws_mgr/install/g2o/include/g2o/apps/g2o_viewer/gui_hyper_graph_action.h
[2.331s] -- Up-to-date: /home/vvoxel/ros2_ws_mgr/install/g2o/include/g2o/apps/g2o_viewer/main_window.h
[2.332s] -- Up-to-date: /home/vvoxel/ros2_ws_mgr/install/g2o/include/g2o/apps/g2o_viewer/properties_widget.h
[2.332s] -- Up-to-date: /home/vvoxel/ros2_ws_mgr/install/g2o/include/g2o/apps/g2o_viewer/run_g2o_viewer.h
[2.332s] -- Up-to-date: /home/vvoxel/ros2_ws_mgr/install/g2o/include/g2o/apps/g2o_viewer/stream_redirect.h
[2.333s] -- Up-to-date: /home/vvoxel/ros2_ws_mgr/install/g2o/include/g2o/apps/g2o_viewer/viewer_properties_widget.h
[2.333s] -- Up-to-date: /home/vvoxel/ros2_ws_mgr/install/g2o/include/g2o/apps/g2o_viewer/ui_base_main_window.h
[2.333s] -- Up-to-date: /home/vvoxel/ros2_ws_mgr/install/g2o/include/g2o/apps/g2o_viewer/ui_base_properties_widget.h
[2.333s] -- Up-to-date: /home/vvoxel/ros2_ws_mgr/install/g2o/lib/libg2o_types_slam2d.so.0.2.0
[2.334s] -- Up-to-date: /home/vvoxel/ros2_ws_mgr/install/g2o/lib/libg2o_types_slam2d.so.0.2
[2.334s] -- Up-to-date: /home/vvoxel/ros2_ws_mgr/install/g2o/lib/libg2o_types_slam2d.so
[2.335s] -- Up-to-date: /home/vvoxel/ros2_ws_mgr/install/g2o/include/g2o/types/slam2d/edge_pointxy.h
[2.335s] -- Up-to-date: /home/vvoxel/ros2_ws_mgr/install/g2o/include/g2o/types/slam2d/edge_se2.h
[2.335s] -- Up-to-date: /home/vvoxel/ros2_ws_mgr/install/g2o/include/g2o/types/slam2d/edge_se2_lotsofxy.h
[2.335s] -- Up-to-date: /home/vvoxel/ros2_ws_mgr/install/g2o/include/g2o/types/slam2d/edge_se2_offset.h
[2.335s] -- Up-to-date: /home/vvoxel/ros2_ws_mgr/install/g2o/include/g2o/types/slam2d/edge_se2_pointxy.h
[2.336s] -- Up-to-date: /home/vvoxel/ros2_ws_mgr/install/g2o/include/g2o/types/slam2d/edge_se2_pointxy_bearing.h
[2.336s] -- Up-to-date: /home/vvoxel/ros2_ws_mgr/install/g2o/include/g2o/types/slam2d/edge_se2_pointxy_calib.h
[2.337s] -- Up-to-date: /home/vvoxel/ros2_ws_mgr/install/g2o/include/g2o/types/slam2d/edge_se2_pointxy_offset.h
[2.337s] -- Up-to-date: /home/vvoxel/ros2_ws_mgr/install/g2o/include/g2o/types/slam2d/edge_se2_prior.h
[2.337s] -- Up-to-date: /home/vvoxel/ros2_ws_mgr/install/g2o/include/g2o/types/slam2d/edge_se2_twopointsxy.h
[2.337s] -- Up-to-date: /home/vvoxel/ros2_ws_mgr/install/g2o/include/g2o/types/slam2d/edge_se2_xyprior.h
[2.338s] -- Up-to-date: /home/vvoxel/ros2_ws_mgr/install/g2o/include/g2o/types/slam2d/edge_xy_prior.h
[2.338s] -- Up-to-date: /home/vvoxel/ros2_ws_mgr/install/g2o/include/g2o/types/slam2d/g2o_types_slam2d_api.h
[2.338s] -- Up-to-date: /home/vvoxel/ros2_ws_mgr/install/g2o/include/g2o/types/slam2d/parameter_se2_offset.h
[2.339s] -- Up-to-date: /home/vvoxel/ros2_ws_mgr/install/g2o/include/g2o/types/slam2d/se2.h
[2.339s] -- Up-to-date: /home/vvoxel/ros2_ws_mgr/install/g2o/include/g2o/types/slam2d/types_slam2d.h
[2.339s] -- Up-to-date: /home/vvoxel/ros2_ws_mgr/install/g2o/include/g2o/types/slam2d/vertex_point_xy.h
[2.339s] -- Up-to-date: /home/vvoxel/ros2_ws_mgr/install/g2o/include/g2o/types/slam2d/vertex_se2.h
[2.340s] -- Up-to-date: /home/vvoxel/ros2_ws_mgr/install/g2o/lib/libg2o_types_slam2d_addons.so.0.2.0
[2.340s] -- Up-to-date: /home/vvoxel/ros2_ws_mgr/install/g2o/lib/libg2o_types_slam2d_addons.so.0.2
[2.340s] -- Up-to-date: /home/vvoxel/ros2_ws_mgr/install/g2o/lib/libg2o_types_slam2d_addons.so
[2.340s] -- Up-to-date: /home/vvoxel/ros2_ws_mgr/install/g2o/include/g2o/types/slam2d_addons/edge_line2d.h
[2.340s] -- Up-to-date: /home/vvoxel/ros2_ws_mgr/install/g2o/include/g2o/types/slam2d_addons/edge_line2d_pointxy.h
[2.341s] -- Up-to-date: /home/vvoxel/ros2_ws_mgr/install/g2o/include/g2o/types/slam2d_addons/edge_se2_line2d.h
[2.341s] -- Up-to-date: /home/vvoxel/ros2_ws_mgr/install/g2o/include/g2o/types/slam2d_addons/edge_se2_segment2d.h
[2.341s] -- Up-to-date: /home/vvoxel/ros2_ws_mgr/install/g2o/include/g2o/types/slam2d_addons/edge_se2_segment2d_line.h
[2.341s] -- Up-to-date: /home/vvoxel/ros2_ws_mgr/install/g2o/include/g2o/types/slam2d_addons/edge_se2_segment2d_pointLine.h
[2.342s] -- Up-to-date: /home/vvoxel/ros2_ws_mgr/install/g2o/include/g2o/types/slam2d_addons/g2o_types_slam2d_addons_api.h
[2.342s] -- Up-to-date: /home/vvoxel/ros2_ws_mgr/install/g2o/include/g2o/types/slam2d_addons/line_2d.h
[2.342s] -- Up-to-date: /home/vvoxel/ros2_ws_mgr/install/g2o/include/g2o/types/slam2d_addons/types_slam2d_addons.h
[2.342s] -- Up-to-date: /home/vvoxel/ros2_ws_mgr/install/g2o/include/g2o/types/slam2d_addons/vertex_line2d.h
[2.343s] -- Up-to-date: /home/vvoxel/ros2_ws_mgr/install/g2o/include/g2o/types/slam2d_addons/vertex_segment2d.h
[2.343s] -- Up-to-date: /home/vvoxel/ros2_ws_mgr/install/g2o/lib/libg2o_types_data.so.0.2.0
[2.343s] -- Up-to-date: /home/vvoxel/ros2_ws_mgr/install/g2o/lib/libg2o_types_data.so.0.2
[2.343s] -- Up-to-date: /home/vvoxel/ros2_ws_mgr/install/g2o/lib/libg2o_types_data.so
[2.343s] -- Up-to-date: /home/vvoxel/ros2_ws_mgr/install/g2o/include/g2o/types/data/data_queue.h
[2.344s] -- Up-to-date: /home/vvoxel/ros2_ws_mgr/install/g2o/include/g2o/types/data/g2o_types_data_api.h
[2.344s] -- Up-to-date: /home/vvoxel/ros2_ws_mgr/install/g2o/include/g2o/types/data/laser_parameters.h
[2.344s] -- Up-to-date: /home/vvoxel/ros2_ws_mgr/install/g2o/include/g2o/types/data/raw_laser.h
[2.344s] -- Up-to-date: /home/vvoxel/ros2_ws_mgr/install/g2o/include/g2o/types/data/robot_data.h
[2.345s] -- Up-to-date: /home/vvoxel/ros2_ws_mgr/install/g2o/include/g2o/types/data/robot_laser.h
[2.345s] -- Up-to-date: /home/vvoxel/ros2_ws_mgr/install/g2o/include/g2o/types/data/types_data.h
[2.345s] -- Up-to-date: /home/vvoxel/ros2_ws_mgr/install/g2o/include/g2o/types/data/vertex_ellipse.h
[2.345s] -- Up-to-date: /home/vvoxel/ros2_ws_mgr/install/g2o/include/g2o/types/data/vertex_tag.h
[2.345s] -- Up-to-date: /home/vvoxel/ros2_ws_mgr/install/g2o/lib/libg2o_types_sclam2d.so.0.2.0
[2.346s] -- Up-to-date: /home/vvoxel/ros2_ws_mgr/install/g2o/lib/libg2o_types_sclam2d.so.0.2
[2.346s] -- Up-to-date: /home/vvoxel/ros2_ws_mgr/install/g2o/lib/libg2o_types_sclam2d.so
[2.346s] -- Up-to-date: /home/vvoxel/ros2_ws_mgr/install/g2o/include/g2o/types/sclam2d/edge_se2_odom_differential_calib.h
[2.346s] -- Up-to-date: /home/vvoxel/ros2_ws_mgr/install/g2o/include/g2o/types/sclam2d/edge_se2_sensor_calib.h
[2.347s] -- Up-to-date: /home/vvoxel/ros2_ws_mgr/install/g2o/include/g2o/types/sclam2d/g2o_types_sclam2d_api.h
[2.347s] -- Up-to-date: /home/vvoxel/ros2_ws_mgr/install/g2o/include/g2o/types/sclam2d/odometry_measurement.h
[2.347s] -- Up-to-date: /home/vvoxel/ros2_ws_mgr/install/g2o/include/g2o/types/sclam2d/types_sclam2d.h
[2.347s] -- Up-to-date: /home/vvoxel/ros2_ws_mgr/install/g2o/include/g2o/types/sclam2d/vertex_odom_differential_params.h
[2.348s] -- Up-to-date: /home/vvoxel/ros2_ws_mgr/install/g2o/lib/libg2o_types_slam3d.so.0.2.0
[2.348s] -- Up-to-date: /home/vvoxel/ros2_ws_mgr/install/g2o/lib/libg2o_types_slam3d.so.0.2
[2.349s] -- Up-to-date: /home/vvoxel/ros2_ws_mgr/install/g2o/lib/libg2o_types_slam3d.so
[2.349s] -- Up-to-date: /home/vvoxel/ros2_ws_mgr/install/g2o/include/g2o/types/slam3d/dquat2mat.h
[2.349s] -- Up-to-date: /home/vvoxel/ros2_ws_mgr/install/g2o/include/g2o/types/slam3d/edge_pointxyz.h
[2.349s] -- Up-to-date: /home/vvoxel/ros2_ws_mgr/install/g2o/include/g2o/types/slam3d/edge_se3.h
[2.350s] -- Up-to-date: /home/vvoxel/ros2_ws_mgr/install/g2o/include/g2o/types/slam3d/edge_se3_lotsofxyz.h
[2.350s] -- Up-to-date: /home/vvoxel/ros2_ws_mgr/install/g2o/include/g2o/types/slam3d/edge_se3_offset.h
[2.350s] -- Up-to-date: /home/vvoxel/ros2_ws_mgr/install/g2o/include/g2o/types/slam3d/edge_se3_pointxyz.h
[2.350s] -- Up-to-date: /home/vvoxel/ros2_ws_mgr/install/g2o/include/g2o/types/slam3d/edge_se3_pointxyz_depth.h
[2.350s] -- Up-to-date: /home/vvoxel/ros2_ws_mgr/install/g2o/include/g2o/types/slam3d/edge_se3_pointxyz_disparity.h
[2.351s] -- Up-to-date: /home/vvoxel/ros2_ws_mgr/install/g2o/include/g2o/types/slam3d/edge_se3_prior.h
[2.351s] -- Up-to-date: /home/vvoxel/ros2_ws_mgr/install/g2o/include/g2o/types/slam3d/edge_se3_xyzprior.h
[2.351s] -- Up-to-date: /home/vvoxel/ros2_ws_mgr/install/g2o/include/g2o/types/slam3d/edge_xyz_prior.h
[2.351s] -- Up-to-date: /home/vvoxel/ros2_ws_mgr/install/g2o/include/g2o/types/slam3d/g2o_types_slam3d_api.h
[2.352s] -- Up-to-date: /home/vvoxel/ros2_ws_mgr/install/g2o/include/g2o/types/slam3d/isometry3d_gradients.h
[2.352s] -- Up-to-date: /home/vvoxel/ros2_ws_mgr/install/g2o/include/g2o/types/slam3d/isometry3d_mappings.h
[2.352s] -- Up-to-date: /home/vvoxel/ros2_ws_mgr/install/g2o/include/g2o/types/slam3d/parameter_camera.h
[2.353s] -- Up-to-date: /home/vvoxel/ros2_ws_mgr/install/g2o/include/g2o/types/slam3d/parameter_se3_offset.h
[2.353s] -- Up-to-date: /home/vvoxel/ros2_ws_mgr/install/g2o/include/g2o/types/slam3d/parameter_stereo_camera.h
[2.353s] -- Up-to-date: /home/vvoxel/ros2_ws_mgr/install/g2o/include/g2o/types/slam3d/se3_ops.h
[2.353s] -- Up-to-date: /home/vvoxel/ros2_ws_mgr/install/g2o/include/g2o/types/slam3d/se3_ops.hpp
[2.353s] -- Up-to-date: /home/vvoxel/ros2_ws_mgr/install/g2o/include/g2o/types/slam3d/se3quat.h
[2.354s] -- Up-to-date: /home/vvoxel/ros2_ws_mgr/install/g2o/include/g2o/types/slam3d/types_slam3d.h
[2.354s] -- Up-to-date: /home/vvoxel/ros2_ws_mgr/install/g2o/include/g2o/types/slam3d/vertex_pointxyz.h
[2.355s] -- Up-to-date: /home/vvoxel/ros2_ws_mgr/install/g2o/include/g2o/types/slam3d/vertex_se3.h
[2.355s] -- Up-to-date: /home/vvoxel/ros2_ws_mgr/install/g2o/lib/libg2o_types_slam3d_addons.so.0.2.0
[2.355s] -- Up-to-date: /home/vvoxel/ros2_ws_mgr/install/g2o/lib/libg2o_types_slam3d_addons.so.0.2
[2.355s] -- Up-to-date: /home/vvoxel/ros2_ws_mgr/install/g2o/lib/libg2o_types_slam3d_addons.so
[2.355s] -- Up-to-date: /home/vvoxel/ros2_ws_mgr/install/g2o/include/g2o/types/slam3d_addons/edge_plane.h
[2.356s] -- Up-to-date: /home/vvoxel/ros2_ws_mgr/install/g2o/include/g2o/types/slam3d_addons/edge_se3_calib.h
[2.357s] -- Up-to-date: /home/vvoxel/ros2_ws_mgr/install/g2o/include/g2o/types/slam3d_addons/edge_se3_euler.h
[2.357s] -- Up-to-date: /home/vvoxel/ros2_ws_mgr/install/g2o/include/g2o/types/slam3d_addons/edge_se3_line.h
[2.358s] -- Up-to-date: /home/vvoxel/ros2_ws_mgr/install/g2o/include/g2o/types/slam3d_addons/edge_se3_plane_calib.h
[2.359s] -- Up-to-date: /home/vvoxel/ros2_ws_mgr/install/g2o/include/g2o/types/slam3d_addons/g2o_types_slam3d_addons_api.h
[2.359s] -- Up-to-date: /home/vvoxel/ros2_ws_mgr/install/g2o/include/g2o/types/slam3d_addons/line3d.h
[2.359s] -- Up-to-date: /home/vvoxel/ros2_ws_mgr/install/g2o/include/g2o/types/slam3d_addons/plane3d.h
[2.359s] -- Up-to-date: /home/vvoxel/ros2_ws_mgr/install/g2o/include/g2o/types/slam3d_addons/types_slam3d_addons.h
[2.360s] -- Up-to-date: /home/vvoxel/ros2_ws_mgr/install/g2o/include/g2o/types/slam3d_addons/vertex_line3d.h
[2.360s] -- Up-to-date: /home/vvoxel/ros2_ws_mgr/install/g2o/include/g2o/types/slam3d_addons/vertex_plane.h
[2.361s] -- Up-to-date: /home/vvoxel/ros2_ws_mgr/install/g2o/include/g2o/types/slam3d_addons/vertex_se3_euler.h
[2.361s] -- Up-to-date: /home/vvoxel/ros2_ws_mgr/install/g2o/lib/libg2o_types_sba.so.0.2.0
[2.361s] -- Up-to-date: /home/vvoxel/ros2_ws_mgr/install/g2o/lib/libg2o_types_sba.so.0.2
[2.361s] -- Up-to-date: /home/vvoxel/ros2_ws_mgr/install/g2o/lib/libg2o_types_sba.so
[2.362s] -- Up-to-date: /home/vvoxel/ros2_ws_mgr/install/g2o/include/g2o/types/sba/edge_project_p2mc.h
[2.362s] -- Up-to-date: /home/vvoxel/ros2_ws_mgr/install/g2o/include/g2o/types/sba/edge_project_p2sc.h
[2.362s] -- Up-to-date: /home/vvoxel/ros2_ws_mgr/install/g2o/include/g2o/types/sba/edge_project_psi2uv.h
[2.362s] -- Up-to-date: /home/vvoxel/ros2_ws_mgr/install/g2o/include/g2o/types/sba/edge_project_stereo_xyz.h
[2.362s] -- Up-to-date: /home/vvoxel/ros2_ws_mgr/install/g2o/include/g2o/types/sba/edge_project_stereo_xyz_onlypose.h
[2.363s] -- Up-to-date: /home/vvoxel/ros2_ws_mgr/install/g2o/include/g2o/types/sba/edge_project_xyz.h
[2.363s] -- Up-to-date: /home/vvoxel/ros2_ws_mgr/install/g2o/include/g2o/types/sba/edge_project_xyz2uv.h
[2.363s] -- Up-to-date: /home/vvoxel/ros2_ws_mgr/install/g2o/include/g2o/types/sba/edge_project_xyz2uvu.h
[2.363s] -- Up-to-date: /home/vvoxel/ros2_ws_mgr/install/g2o/include/g2o/types/sba/edge_project_xyz_onlypose.h
[2.364s] -- Up-to-date: /home/vvoxel/ros2_ws_mgr/install/g2o/include/g2o/types/sba/edge_sba_cam.h
[2.364s] -- Up-to-date: /home/vvoxel/ros2_ws_mgr/install/g2o/include/g2o/types/sba/edge_sba_scale.h
[2.364s] -- Up-to-date: /home/vvoxel/ros2_ws_mgr/install/g2o/include/g2o/types/sba/edge_se3_expmap.h
[2.364s] -- Up-to-date: /home/vvoxel/ros2_ws_mgr/install/g2o/include/g2o/types/sba/g2o_types_sba_api.h
[2.364s] -- Up-to-date: /home/vvoxel/ros2_ws_mgr/install/g2o/include/g2o/types/sba/parameter_cameraparameters.h
[2.364s] -- Up-to-date: /home/vvoxel/ros2_ws_mgr/install/g2o/include/g2o/types/sba/sba_utils.h
[2.364s] -- Up-to-date: /home/vvoxel/ros2_ws_mgr/install/g2o/include/g2o/types/sba/sbacam.h
[2.365s] -- Up-to-date: /home/vvoxel/ros2_ws_mgr/install/g2o/include/g2o/types/sba/types_sba.h
[2.365s] -- Up-to-date: /home/vvoxel/ros2_ws_mgr/install/g2o/include/g2o/types/sba/types_six_dof_expmap.h
[2.365s] -- Up-to-date: /home/vvoxel/ros2_ws_mgr/install/g2o/include/g2o/types/sba/vertex_cam.h
[2.365s] -- Up-to-date: /home/vvoxel/ros2_ws_mgr/install/g2o/include/g2o/types/sba/vertex_intrinsics.h
[2.365s] -- Up-to-date: /home/vvoxel/ros2_ws_mgr/install/g2o/include/g2o/types/sba/vertex_se3_expmap.h
[2.365s] -- Up-to-date: /home/vvoxel/ros2_ws_mgr/install/g2o/lib/libg2o_types_icp.so.0.2.0
[2.365s] -- Up-to-date: /home/vvoxel/ros2_ws_mgr/install/g2o/lib/libg2o_types_icp.so.0.2
[2.365s] -- Up-to-date: /home/vvoxel/ros2_ws_mgr/install/g2o/lib/libg2o_types_icp.so
[2.366s] -- Up-to-date: /home/vvoxel/ros2_ws_mgr/install/g2o/include/g2o/types/icp/g2o_types_icp_api.h
[2.366s] -- Up-to-date: /home/vvoxel/ros2_ws_mgr/install/g2o/include/g2o/types/icp/types_icp.h
[2.366s] -- Up-to-date: /home/vvoxel/ros2_ws_mgr/install/g2o/lib/libg2o_types_sim3.so.0.2.0
[2.366s] -- Up-to-date: /home/vvoxel/ros2_ws_mgr/install/g2o/lib/libg2o_types_sim3.so.0.2
[2.366s] -- Up-to-date: /home/vvoxel/ros2_ws_mgr/install/g2o/lib/libg2o_types_sim3.so
[2.366s] -- Up-to-date: /home/vvoxel/ros2_ws_mgr/install/g2o/include/g2o/types/sim3/sim3.h
[2.366s] -- Up-to-date: /home/vvoxel/ros2_ws_mgr/install/g2o/include/g2o/types/sim3/types_seven_dof_expmap.h
[2.367s] -- Up-to-date: /home/vvoxel/ros2_ws_mgr/install/g2o/lib/libg2o_solver_pcg.so.0.2.0
[2.367s] -- Up-to-date: /home/vvoxel/ros2_ws_mgr/install/g2o/lib/libg2o_solver_pcg.so.0.2
[2.368s] -- Up-to-date: /home/vvoxel/ros2_ws_mgr/install/g2o/lib/libg2o_solver_pcg.so
[2.368s] -- Up-to-date: /home/vvoxel/ros2_ws_mgr/install/g2o/include/g2o/solvers/pcg/linear_solver_pcg.h
[2.368s] -- Up-to-date: /home/vvoxel/ros2_ws_mgr/install/g2o/include/g2o/solvers/pcg/linear_solver_pcg.hpp
[2.368s] -- Up-to-date: /home/vvoxel/ros2_ws_mgr/install/g2o/lib/libg2o_solver_dense.so.0.2.0
[2.368s] -- Up-to-date: /home/vvoxel/ros2_ws_mgr/install/g2o/lib/libg2o_solver_dense.so.0.2
[2.369s] -- Up-to-date: /home/vvoxel/ros2_ws_mgr/install/g2o/lib/libg2o_solver_dense.so
[2.369s] -- Up-to-date: /home/vvoxel/ros2_ws_mgr/install/g2o/include/g2o/solvers/dense/linear_solver_dense.h
[2.370s] -- Up-to-date: /home/vvoxel/ros2_ws_mgr/install/g2o/lib/libg2o_solver_slam2d_linear.so.0.2.0
[2.371s] -- Up-to-date: /home/vvoxel/ros2_ws_mgr/install/g2o/lib/libg2o_solver_slam2d_linear.so.0.2
[2.371s] -- Up-to-date: /home/vvoxel/ros2_ws_mgr/install/g2o/lib/libg2o_solver_slam2d_linear.so
[2.371s] -- Up-to-date: /home/vvoxel/ros2_ws_mgr/install/g2o/include/g2o/solvers/slam2d_linear/g2o_slam2d_linear_api.h
[2.371s] -- Up-to-date: /home/vvoxel/ros2_ws_mgr/install/g2o/include/g2o/solvers/slam2d_linear/solver_slam2d_linear.h
[2.372s] -- Up-to-date: /home/vvoxel/ros2_ws_mgr/install/g2o/lib/libg2o_solver_structure_only.so.0.2.0
[2.372s] -- Up-to-date: /home/vvoxel/ros2_ws_mgr/install/g2o/lib/libg2o_solver_structure_only.so.0.2
[2.372s] -- Up-to-date: /home/vvoxel/ros2_ws_mgr/install/g2o/lib/libg2o_solver_structure_only.so
[2.372s] -- Up-to-date: /home/vvoxel/ros2_ws_mgr/install/g2o/include/g2o/solvers/structure_only/structure_only_solver.h
[2.372s] -- Up-to-date: /home/vvoxel/ros2_ws_mgr/install/g2o/lib/libg2o_solver_csparse.so.0.2.0
[2.372s] -- Up-to-date: /home/vvoxel/ros2_ws_mgr/install/g2o/lib/libg2o_solver_csparse.so.0.2
[2.373s] -- Up-to-date: /home/vvoxel/ros2_ws_mgr/install/g2o/lib/libg2o_solver_csparse.so
[2.373s] -- Up-to-date: /home/vvoxel/ros2_ws_mgr/install/g2o/lib/libg2o_csparse_extension.so.0.2.0
[2.373s] -- Up-to-date: /home/vvoxel/ros2_ws_mgr/install/g2o/lib/libg2o_csparse_extension.so.0.2
[2.373s] -- Up-to-date: /home/vvoxel/ros2_ws_mgr/install/g2o/lib/libg2o_csparse_extension.so
[2.373s] -- Up-to-date: /home/vvoxel/ros2_ws_mgr/install/g2o/include/g2o/solvers/csparse/csparse_extension.h
[2.374s] -- Up-to-date: /home/vvoxel/ros2_ws_mgr/install/g2o/include/g2o/solvers/csparse/csparse_helper.h
[2.374s] -- Up-to-date: /home/vvoxel/ros2_ws_mgr/install/g2o/include/g2o/solvers/csparse/csparse_wrapper.h
[2.374s] -- Up-to-date: /home/vvoxel/ros2_ws_mgr/install/g2o/include/g2o/solvers/csparse/g2o_csparse_api.h
[2.374s] -- Up-to-date: /home/vvoxel/ros2_ws_mgr/install/g2o/include/g2o/solvers/csparse/g2o_csparse_extension_api.h
[2.374s] -- Up-to-date: /home/vvoxel/ros2_ws_mgr/install/g2o/include/g2o/solvers/csparse/linear_solver_csparse.h
[2.375s] -- Up-to-date: /home/vvoxel/ros2_ws_mgr/install/g2o/lib/libg2o_solver_cholmod.so.0.2.0
[2.375s] -- Up-to-date: /home/vvoxel/ros2_ws_mgr/install/g2o/lib/libg2o_solver_cholmod.so.0.2
[2.375s] -- Up-to-date: /home/vvoxel/ros2_ws_mgr/install/g2o/lib/libg2o_solver_cholmod.so
[2.375s] -- Up-to-date: /home/vvoxel/ros2_ws_mgr/install/g2o/include/g2o/solvers/cholmod/linear_solver_cholmod.h
[2.375s] -- Up-to-date: /home/vvoxel/ros2_ws_mgr/install/g2o/include/g2o/solvers/cholmod/cholmod_wrapper.h
[2.375s] -- Up-to-date: /home/vvoxel/ros2_ws_mgr/install/g2o/lib/libg2o_solver_eigen.so.0.2.0
[2.376s] -- Up-to-date: /home/vvoxel/ros2_ws_mgr/install/g2o/lib/libg2o_solver_eigen.so.0.2
[2.376s] -- Up-to-date: /home/vvoxel/ros2_ws_mgr/install/g2o/lib/libg2o_solver_eigen.so
[2.376s] -- Up-to-date: /home/vvoxel/ros2_ws_mgr/install/g2o/include/g2o/solvers/eigen/linear_solver_eigen.h
[2.376s] -- Up-to-date: /home/vvoxel/ros2_ws_mgr/install/g2o/lib/libg2o_parser.so.0.2.0
[2.376s] -- Up-to-date: /home/vvoxel/ros2_ws_mgr/install/g2o/lib/libg2o_parser.so.0.2
[2.377s] -- Up-to-date: /home/vvoxel/ros2_ws_mgr/install/g2o/lib/libg2o_parser.so
[2.377s] -- Up-to-date: /home/vvoxel/ros2_ws_mgr/install/g2o/include/g2o/examples/interactive_slam/slam_parser/parser/FlexLexer.h
[2.377s] -- Up-to-date: /home/vvoxel/ros2_ws_mgr/install/g2o/include/g2o/examples/interactive_slam/slam_parser/parser/bison_parser.h
[2.377s] -- Up-to-date: /home/vvoxel/ros2_ws_mgr/install/g2o/include/g2o/examples/interactive_slam/slam_parser/parser/commands.h
[2.377s] -- Up-to-date: /home/vvoxel/ros2_ws_mgr/install/g2o/include/g2o/examples/interactive_slam/slam_parser/parser/driver.h
[2.378s] -- Up-to-date: /home/vvoxel/ros2_ws_mgr/install/g2o/include/g2o/examples/interactive_slam/slam_parser/parser/location.hh
[2.378s] -- Up-to-date: /home/vvoxel/ros2_ws_mgr/install/g2o/include/g2o/examples/interactive_slam/slam_parser/parser/position.hh
[2.378s] -- Up-to-date: /home/vvoxel/ros2_ws_mgr/install/g2o/include/g2o/examples/interactive_slam/slam_parser/parser/scanner.h
[2.378s] -- Up-to-date: /home/vvoxel/ros2_ws_mgr/install/g2o/include/g2o/examples/interactive_slam/slam_parser/parser/slam_context.h
[2.378s] -- Up-to-date: /home/vvoxel/ros2_ws_mgr/install/g2o/lib/libg2o_interface.so.0.2.0
[2.379s] -- Up-to-date: /home/vvoxel/ros2_ws_mgr/install/g2o/lib/libg2o_interface.so.0.2
[2.379s] -- Up-to-date: /home/vvoxel/ros2_ws_mgr/install/g2o/lib/libg2o_interface.so
[2.379s] -- Up-to-date: /home/vvoxel/ros2_ws_mgr/install/g2o/include/g2o/examples/interactive_slam/slam_parser/interface/abstract_slam_interface.h
[2.379s] -- Up-to-date: /home/vvoxel/ros2_ws_mgr/install/g2o/include/g2o/examples/interactive_slam/slam_parser/interface/parser_interface.h
[2.379s] -- Up-to-date: /home/vvoxel/ros2_ws_mgr/install/g2o/include/g2o/examples/interactive_slam/slam_parser/interface/slam_context_interface.h
[2.379s] -- Up-to-date: /home/vvoxel/ros2_ws_mgr/install/g2o/lib/libg2o_interactive.so.0.2.0
[2.380s] -- Up-to-date: /home/vvoxel/ros2_ws_mgr/install/g2o/lib/libg2o_interactive.so.0.2
[2.380s] -- Up-to-date: /home/vvoxel/ros2_ws_mgr/install/g2o/lib/libg2o_interactive.so
[2.380s] -- Up-to-date: /home/vvoxel/ros2_ws_mgr/install/g2o/bin/g2o_online
[2.380s] -- Up-to-date: /home/vvoxel/ros2_ws_mgr/install/g2o/include/g2o/examples/interactive_slam/g2o_interactive/fast_output.h
[2.380s] -- Up-to-date: /home/vvoxel/ros2_ws_mgr/install/g2o/include/g2o/examples/interactive_slam/g2o_interactive/g2o_interactive_api.h
[2.381s] -- Up-to-date: /home/vvoxel/ros2_ws_mgr/install/g2o/include/g2o/examples/interactive_slam/g2o_interactive/g2o_slam_interface.h
[2.381s] -- Up-to-date: /home/vvoxel/ros2_ws_mgr/install/g2o/include/g2o/examples/interactive_slam/g2o_interactive/graph_optimizer_sparse_online.h
[2.381s] -- Up-to-date: /home/vvoxel/ros2_ws_mgr/install/g2o/include/g2o/examples/interactive_slam/g2o_interactive/types_slam2d_online.h
[2.381s] -- Up-to-date: /home/vvoxel/ros2_ws_mgr/install/g2o/include/g2o/examples/interactive_slam/g2o_interactive/types_slam3d_online.h
[2.381s] -- Up-to-date: /home/vvoxel/ros2_ws_mgr/install/g2o/lib/libg2o_incremental.so.0.2.0
[2.382s] -- Up-to-date: /home/vvoxel/ros2_ws_mgr/install/g2o/lib/libg2o_incremental.so.0.2
[2.382s] -- Up-to-date: /home/vvoxel/ros2_ws_mgr/install/g2o/lib/libg2o_incremental.so
[2.382s] -- Up-to-date: /home/vvoxel/ros2_ws_mgr/install/g2o/bin/g2o_incremental
[2.382s] -- Up-to-date: /home/vvoxel/ros2_ws_mgr/install/g2o/include/g2o/examples/interactive_slam/g2o_incremental/g2o_incremental_api.h
[2.382s] -- Up-to-date: /home/vvoxel/ros2_ws_mgr/install/g2o/include/g2o/examples/interactive_slam/g2o_incremental/graph_optimizer_sparse_incremental.h
[2.382s] -- Up-to-date: /home/vvoxel/ros2_ws_mgr/install/g2o/include/g2o/examples/interactive_slam/g2o_incremental/linear_solver_cholmod_online.h
[2.383s] -- Up-to-date: /home/vvoxel/ros2_ws_mgr/install/g2o/lib/libg2o_hierarchical.so.0.2.0
[2.383s] -- Up-to-date: /home/vvoxel/ros2_ws_mgr/install/g2o/lib/libg2o_hierarchical.so.0.2
[2.383s] -- Up-to-date: /home/vvoxel/ros2_ws_mgr/install/g2o/lib/libg2o_hierarchical.so
[2.383s] -- Up-to-date: /home/vvoxel/ros2_ws_mgr/install/g2o/include/g2o/apps/g2o_hierarchical/backbone_tree_action.h
[2.383s] -- Up-to-date: /home/vvoxel/ros2_ws_mgr/install/g2o/include/g2o/apps/g2o_hierarchical/edge_creator.h
[2.384s] -- Up-to-date: /home/vvoxel/ros2_ws_mgr/install/g2o/include/g2o/apps/g2o_hierarchical/edge_labeler.h
[2.384s] -- Up-to-date: /home/vvoxel/ros2_ws_mgr/install/g2o/include/g2o/apps/g2o_hierarchical/edge_types_cost_function.h
[2.384s] -- Up-to-date: /home/vvoxel/ros2_ws_mgr/install/g2o/include/g2o/apps/g2o_hierarchical/g2o_hierarchical_api.h
[2.384s] -- Up-to-date: /home/vvoxel/ros2_ws_mgr/install/g2o/include/g2o/apps/g2o_hierarchical/simple_star_ops.h
[2.384s] -- Up-to-date: /home/vvoxel/ros2_ws_mgr/install/g2o/include/g2o/apps/g2o_hierarchical/star.h
[2.517s] Invoked command in '/home/vvoxel/ros2_ws_mgr/build/g2o' returned '0': DEBUGINFOD_URLS=https://debuginfod.ubuntu.com /usr/bin/cmake --install /home/vvoxel/ros2_ws_mgr/build/g2o
