[  1%] Built target parser_library
[  2%] Built target freeglut_minimal
[  3%] Built target opengl_helper
[  6%] Built target stuff
[  7%] Built target interface_library
[  7%] Built target logging_application
[  8%] Built target csparse_extension
[ 16%] Built target core
[ 16%] Built target solver_eigen
[ 18%] Built target g2o_cli_library
[ 19%] Built target solver_dense
[ 20%] Built target solver_structure_only
[ 21%] Built target solver_pcg
[ 22%] Built target solver_csparse
[ 27%] Built target types_slam2d
[ 33%] Built target types_slam3d
[ 34%] Built target solver_cholmod
[ 35%] Built target polynomial_fit
[ 35%] Built target static_dynamic_function_fit
[ 36%] Built target static_target
[ 39%] Built target tutorial_slam2d_library
[ 42%] Built target g2o_hierarchical_library
[ 42%] Built target g2o_cli_application
[ 46%] Built target types_slam3d_addons
[ 50%] Built target types_slam2d_addons
[ 55%] Built target viewer_library
[ 58%] Built target types_data
[ 59%] Built target solver_slam2d_linear
[ 61%] Built target types_sclam2d
[ 62%] Built target circle_fit
[ 69%] Built target types_sba
[ 69%] Built target bal_example
[ 70%] Built target curve_fit
[ 70%] Built target constant_velocity_target
[ 71%] Built target tutorial_slam2d
[ 72%] Built target simulator_3d_plane
[ 73%] Built target simulator_3d_line
[ 74%] Built target create_sphere
[ 75%] Built target g2o_anonymize_observations_application
[ 76%] Built target g2o_interactive_library
[ 77%] Built target convertSegmentLine_application
[ 77%] Built target g2o_hierarchical_application
[ 77%] Built target simple_optimize
[ 79%] Built target slam2d_g2o
[ 80%] Built target types_sim3
[ 80%] Built target ba_anchored_inverse_depth_demo
[ 80%] Built target g2o_viewer
[ 80%] Built target types_icp
[ 87%] Built target g2o_simulator_library
[ 88%] Built target ba_demo
[ 90%] Built target calibration_odom_laser_library
[ 91%] Built target convert_sba_slam3d
[ 92%] Built target g2o_online_application
[ 93%] Built target optimize_sphere_by_sim3
[ 94%] Built target g2o_incremental_library
[ 95%] Built target gicp_demo
[ 95%] Built target g2o_simulator3d_application
[ 96%] Built target g2o_simulator2d_application
[ 97%] Built target gicp_sba_demo
[ 98%] Built target sba_demo
[ 99%] Built target sclam_odom_laser
[100%] Built target sclam_pure_calibration
[100%] Built target sclam_laser_calib
[100%] Built target g2o_incremental_application
