[0.039s] Invoking command in '/home/vvoxel/ros2_ws_mgr/src/build/ros_gz_sim_demos': AMENT_PREFIX_PATH=/home/vvoxel/ros2_ws_mgr/src/install/ros_gz_image:/home/vvoxel/ros2_ws_mgr/src/install/ros_gz_bridge:/home/vvoxel/ros2_ws_mgr/src/install/ros_gz_sim:/home/vvoxel/ros2_ws_mgr/src/install/ros_gz_interfaces:${AMENT_PREFIX_PATH} CMAKE_PREFIX_PATH=/home/vvoxel/ros2_ws_mgr/src/install/ros_gz_image:/home/vvoxel/ros2_ws_mgr/src/install/ros_gz_bridge:/home/vvoxel/ros2_ws_mgr/src/install/ros_gz_sim:/home/vvoxel/ros2_ws_mgr/src/install/ros_gz_interfaces:/home/vvoxel/ros2_ws_mgr/install/test_ros_gz_bridge:/home/vvoxel/ros2_ws_mgr/install/ros_gz:/home/vvoxel/ros2_ws_mgr/install/ros_gz_sim_demos:/home/vvoxel/ros2_ws_mgr/install/ros_gz_sim:/home/vvoxel/ros2_ws_mgr/install/ros_gz_image:/home/vvoxel/ros2_ws_mgr/install/ros_gz_bridge:/home/vvoxel/ros2_ws_mgr/install/ros_gz_interfaces:/home/vvoxel/ros2_ws_mgr/install/realsense2_description:/home/vvoxel/ros2_ws_mgr/install/realsense2_camera:/home/vvoxel/ros2_ws_mgr/install/realsense2_camera_msgs:/home/vvoxel/ros2_ws_mgr/install/mtracker:/home/vvoxel/ros2_ws_mgr/install/g2o:/home/vvoxel/ros2_ws_mgr/install/apriltag:/home/vvoxel/ros2_ws_mgr/install/anglecalc:/opt/ros/jazzy/opt/gz_sim_vendor:/opt/ros/jazzy/opt/gz_sensors_vendor:/opt/ros/jazzy/opt/gz_physics_vendor:/opt/ros/jazzy/opt/sdformat_vendor:/opt/ros/jazzy/opt/gz_gui_vendor:/opt/ros/jazzy/opt/gz_transport_vendor:/opt/ros/jazzy/opt/gz_rendering_vendor:/opt/ros/jazzy/opt/gz_plugin_vendor:/opt/ros/jazzy/opt/gz_fuel_tools_vendor:/opt/ros/jazzy/opt/gz_msgs_vendor:/opt/ros/jazzy/opt/gz_common_vendor:/opt/ros/jazzy/opt/gz_math_vendor:/opt/ros/jazzy/opt/gz_utils_vendor:/opt/ros/jazzy/opt/gz_tools_vendor:/opt/ros/jazzy/opt/gz_ogre_next_vendor:/opt/ros/jazzy/opt/gz_dartsim_vendor:/opt/ros/jazzy/opt/gz_cmake_vendor:/opt/ros/jazzy DEBUGINFOD_URLS=https://debuginfod.ubuntu.com LD_LIBRARY_PATH=/home/vvoxel/ros2_ws_mgr/src/install/ros_gz_bridge/lib:/home/vvoxel/ros2_ws_mgr/src/install/ros_gz_sim/lib:/home/vvoxel/ros2_ws_mgr/src/install/ros_gz_interfaces/lib:${LD_LIBRARY_PATH} PYTHONPATH=/home/vvoxel/ros2_ws_mgr/src/install/ros_gz_bridge/lib/python3.12/site-packages:/home/vvoxel/ros2_ws_mgr/src/install/ros_gz_sim/lib/python3.12/site-packages:/home/vvoxel/ros2_ws_mgr/src/install/ros_gz_interfaces/lib/python3.12/site-packages:${PYTHONPATH} /usr/bin/cmake /home/vvoxel/ros2_ws_mgr/src/ros_gz/ros_gz_sim_demos -DCMAKE_INSTALL_PREFIX=/home/vvoxel/ros2_ws_mgr/src/install/ros_gz_sim_demos
[0.172s] -- The C compiler identification is GNU 13.3.0
[0.313s] -- The CXX compiler identification is GNU 13.3.0
[0.348s] -- Detecting C compiler ABI info
[0.545s] -- Detecting C compiler ABI info - done
[0.566s] -- Check for working C compiler: /usr/bin/cc - skipped
[0.566s] -- Detecting C compile features
[0.567s] -- Detecting C compile features - done
[0.587s] -- Detecting CXX compiler ABI info
[0.814s] -- Detecting CXX compiler ABI info - done
[0.832s] -- Check for working CXX compiler: /usr/bin/c++ - skipped
[0.833s] -- Detecting CXX compile features
[0.833s] -- Detecting CXX compile features - done
[0.840s] -- Found ament_cmake: 2.5.3 (/opt/ros/jazzy/share/ament_cmake/cmake)
[1.249s] -- Found Python3: /usr/bin/python3 (found version "3.12.3") found components: Interpreter 
[1.547s] -- Found ament_lint_auto: 0.17.1 (/opt/ros/jazzy/share/ament_lint_auto/cmake)
[1.868s] -- Added test 'copyright' to check source files copyright and LICENSE
[1.878s] -- Added test 'flake8' to check Python code syntax and style conventions
[1.879s] -- Configured 'flake8' exclude dirs and/or files: 
[1.883s] -- Added test 'lint_cmake' to check CMake code style
[1.887s] -- Added test 'pep257' to check Python code against some of the docstring style conventions in PEP 257
[1.893s] -- Added test 'xmllint' to check XML markup files
[1.897s] -- Configuring done (1.8s)
[1.904s] -- Generating done (0.0s)
[1.907s] -- Build files have been written to: /home/vvoxel/ros2_ws_mgr/src/build/ros_gz_sim_demos
[1.920s] Invoked command in '/home/vvoxel/ros2_ws_mgr/src/build/ros_gz_sim_demos' returned '0': AMENT_PREFIX_PATH=/home/vvoxel/ros2_ws_mgr/src/install/ros_gz_image:/home/vvoxel/ros2_ws_mgr/src/install/ros_gz_bridge:/home/vvoxel/ros2_ws_mgr/src/install/ros_gz_sim:/home/vvoxel/ros2_ws_mgr/src/install/ros_gz_interfaces:${AMENT_PREFIX_PATH} CMAKE_PREFIX_PATH=/home/vvoxel/ros2_ws_mgr/src/install/ros_gz_image:/home/vvoxel/ros2_ws_mgr/src/install/ros_gz_bridge:/home/vvoxel/ros2_ws_mgr/src/install/ros_gz_sim:/home/vvoxel/ros2_ws_mgr/src/install/ros_gz_interfaces:/home/vvoxel/ros2_ws_mgr/install/test_ros_gz_bridge:/home/vvoxel/ros2_ws_mgr/install/ros_gz:/home/vvoxel/ros2_ws_mgr/install/ros_gz_sim_demos:/home/vvoxel/ros2_ws_mgr/install/ros_gz_sim:/home/vvoxel/ros2_ws_mgr/install/ros_gz_image:/home/vvoxel/ros2_ws_mgr/install/ros_gz_bridge:/home/vvoxel/ros2_ws_mgr/install/ros_gz_interfaces:/home/vvoxel/ros2_ws_mgr/install/realsense2_description:/home/vvoxel/ros2_ws_mgr/install/realsense2_camera:/home/vvoxel/ros2_ws_mgr/install/realsense2_camera_msgs:/home/vvoxel/ros2_ws_mgr/install/mtracker:/home/vvoxel/ros2_ws_mgr/install/g2o:/home/vvoxel/ros2_ws_mgr/install/apriltag:/home/vvoxel/ros2_ws_mgr/install/anglecalc:/opt/ros/jazzy/opt/gz_sim_vendor:/opt/ros/jazzy/opt/gz_sensors_vendor:/opt/ros/jazzy/opt/gz_physics_vendor:/opt/ros/jazzy/opt/sdformat_vendor:/opt/ros/jazzy/opt/gz_gui_vendor:/opt/ros/jazzy/opt/gz_transport_vendor:/opt/ros/jazzy/opt/gz_rendering_vendor:/opt/ros/jazzy/opt/gz_plugin_vendor:/opt/ros/jazzy/opt/gz_fuel_tools_vendor:/opt/ros/jazzy/opt/gz_msgs_vendor:/opt/ros/jazzy/opt/gz_common_vendor:/opt/ros/jazzy/opt/gz_math_vendor:/opt/ros/jazzy/opt/gz_utils_vendor:/opt/ros/jazzy/opt/gz_tools_vendor:/opt/ros/jazzy/opt/gz_ogre_next_vendor:/opt/ros/jazzy/opt/gz_dartsim_vendor:/opt/ros/jazzy/opt/gz_cmake_vendor:/opt/ros/jazzy DEBUGINFOD_URLS=https://debuginfod.ubuntu.com LD_LIBRARY_PATH=/home/vvoxel/ros2_ws_mgr/src/install/ros_gz_bridge/lib:/home/vvoxel/ros2_ws_mgr/src/install/ros_gz_sim/lib:/home/vvoxel/ros2_ws_mgr/src/install/ros_gz_interfaces/lib:${LD_LIBRARY_PATH} PYTHONPATH=/home/vvoxel/ros2_ws_mgr/src/install/ros_gz_bridge/lib/python3.12/site-packages:/home/vvoxel/ros2_ws_mgr/src/install/ros_gz_sim/lib/python3.12/site-packages:/home/vvoxel/ros2_ws_mgr/src/install/ros_gz_interfaces/lib/python3.12/site-packages:${PYTHONPATH} /usr/bin/cmake /home/vvoxel/ros2_ws_mgr/src/ros_gz/ros_gz_sim_demos -DCMAKE_INSTALL_PREFIX=/home/vvoxel/ros2_ws_mgr/src/install/ros_gz_sim_demos
[1.922s] Invoking command in '/home/vvoxel/ros2_ws_mgr/src/build/ros_gz_sim_demos': AMENT_PREFIX_PATH=/home/vvoxel/ros2_ws_mgr/src/install/ros_gz_image:/home/vvoxel/ros2_ws_mgr/src/install/ros_gz_bridge:/home/vvoxel/ros2_ws_mgr/src/install/ros_gz_sim:/home/vvoxel/ros2_ws_mgr/src/install/ros_gz_interfaces:${AMENT_PREFIX_PATH} CMAKE_PREFIX_PATH=/home/vvoxel/ros2_ws_mgr/src/install/ros_gz_image:/home/vvoxel/ros2_ws_mgr/src/install/ros_gz_bridge:/home/vvoxel/ros2_ws_mgr/src/install/ros_gz_sim:/home/vvoxel/ros2_ws_mgr/src/install/ros_gz_interfaces:/home/vvoxel/ros2_ws_mgr/install/test_ros_gz_bridge:/home/vvoxel/ros2_ws_mgr/install/ros_gz:/home/vvoxel/ros2_ws_mgr/install/ros_gz_sim_demos:/home/vvoxel/ros2_ws_mgr/install/ros_gz_sim:/home/vvoxel/ros2_ws_mgr/install/ros_gz_image:/home/vvoxel/ros2_ws_mgr/install/ros_gz_bridge:/home/vvoxel/ros2_ws_mgr/install/ros_gz_interfaces:/home/vvoxel/ros2_ws_mgr/install/realsense2_description:/home/vvoxel/ros2_ws_mgr/install/realsense2_camera:/home/vvoxel/ros2_ws_mgr/install/realsense2_camera_msgs:/home/vvoxel/ros2_ws_mgr/install/mtracker:/home/vvoxel/ros2_ws_mgr/install/g2o:/home/vvoxel/ros2_ws_mgr/install/apriltag:/home/vvoxel/ros2_ws_mgr/install/anglecalc:/opt/ros/jazzy/opt/gz_sim_vendor:/opt/ros/jazzy/opt/gz_sensors_vendor:/opt/ros/jazzy/opt/gz_physics_vendor:/opt/ros/jazzy/opt/sdformat_vendor:/opt/ros/jazzy/opt/gz_gui_vendor:/opt/ros/jazzy/opt/gz_transport_vendor:/opt/ros/jazzy/opt/gz_rendering_vendor:/opt/ros/jazzy/opt/gz_plugin_vendor:/opt/ros/jazzy/opt/gz_fuel_tools_vendor:/opt/ros/jazzy/opt/gz_msgs_vendor:/opt/ros/jazzy/opt/gz_common_vendor:/opt/ros/jazzy/opt/gz_math_vendor:/opt/ros/jazzy/opt/gz_utils_vendor:/opt/ros/jazzy/opt/gz_tools_vendor:/opt/ros/jazzy/opt/gz_ogre_next_vendor:/opt/ros/jazzy/opt/gz_dartsim_vendor:/opt/ros/jazzy/opt/gz_cmake_vendor:/opt/ros/jazzy DEBUGINFOD_URLS=https://debuginfod.ubuntu.com LD_LIBRARY_PATH=/home/vvoxel/ros2_ws_mgr/src/install/ros_gz_bridge/lib:/home/vvoxel/ros2_ws_mgr/src/install/ros_gz_sim/lib:/home/vvoxel/ros2_ws_mgr/src/install/ros_gz_interfaces/lib:${LD_LIBRARY_PATH} PYTHONPATH=/home/vvoxel/ros2_ws_mgr/src/install/ros_gz_bridge/lib/python3.12/site-packages:/home/vvoxel/ros2_ws_mgr/src/install/ros_gz_sim/lib/python3.12/site-packages:/home/vvoxel/ros2_ws_mgr/src/install/ros_gz_interfaces/lib/python3.12/site-packages:${PYTHONPATH} /usr/bin/cmake --build /home/vvoxel/ros2_ws_mgr/src/build/ros_gz_sim_demos -- -j8 -l8
[2.015s] Invoked command in '/home/vvoxel/ros2_ws_mgr/src/build/ros_gz_sim_demos' returned '0': AMENT_PREFIX_PATH=/home/vvoxel/ros2_ws_mgr/src/install/ros_gz_image:/home/vvoxel/ros2_ws_mgr/src/install/ros_gz_bridge:/home/vvoxel/ros2_ws_mgr/src/install/ros_gz_sim:/home/vvoxel/ros2_ws_mgr/src/install/ros_gz_interfaces:${AMENT_PREFIX_PATH} CMAKE_PREFIX_PATH=/home/vvoxel/ros2_ws_mgr/src/install/ros_gz_image:/home/vvoxel/ros2_ws_mgr/src/install/ros_gz_bridge:/home/vvoxel/ros2_ws_mgr/src/install/ros_gz_sim:/home/vvoxel/ros2_ws_mgr/src/install/ros_gz_interfaces:/home/vvoxel/ros2_ws_mgr/install/test_ros_gz_bridge:/home/vvoxel/ros2_ws_mgr/install/ros_gz:/home/vvoxel/ros2_ws_mgr/install/ros_gz_sim_demos:/home/vvoxel/ros2_ws_mgr/install/ros_gz_sim:/home/vvoxel/ros2_ws_mgr/install/ros_gz_image:/home/vvoxel/ros2_ws_mgr/install/ros_gz_bridge:/home/vvoxel/ros2_ws_mgr/install/ros_gz_interfaces:/home/vvoxel/ros2_ws_mgr/install/realsense2_description:/home/vvoxel/ros2_ws_mgr/install/realsense2_camera:/home/vvoxel/ros2_ws_mgr/install/realsense2_camera_msgs:/home/vvoxel/ros2_ws_mgr/install/mtracker:/home/vvoxel/ros2_ws_mgr/install/g2o:/home/vvoxel/ros2_ws_mgr/install/apriltag:/home/vvoxel/ros2_ws_mgr/install/anglecalc:/opt/ros/jazzy/opt/gz_sim_vendor:/opt/ros/jazzy/opt/gz_sensors_vendor:/opt/ros/jazzy/opt/gz_physics_vendor:/opt/ros/jazzy/opt/sdformat_vendor:/opt/ros/jazzy/opt/gz_gui_vendor:/opt/ros/jazzy/opt/gz_transport_vendor:/opt/ros/jazzy/opt/gz_rendering_vendor:/opt/ros/jazzy/opt/gz_plugin_vendor:/opt/ros/jazzy/opt/gz_fuel_tools_vendor:/opt/ros/jazzy/opt/gz_msgs_vendor:/opt/ros/jazzy/opt/gz_common_vendor:/opt/ros/jazzy/opt/gz_math_vendor:/opt/ros/jazzy/opt/gz_utils_vendor:/opt/ros/jazzy/opt/gz_tools_vendor:/opt/ros/jazzy/opt/gz_ogre_next_vendor:/opt/ros/jazzy/opt/gz_dartsim_vendor:/opt/ros/jazzy/opt/gz_cmake_vendor:/opt/ros/jazzy DEBUGINFOD_URLS=https://debuginfod.ubuntu.com LD_LIBRARY_PATH=/home/vvoxel/ros2_ws_mgr/src/install/ros_gz_bridge/lib:/home/vvoxel/ros2_ws_mgr/src/install/ros_gz_sim/lib:/home/vvoxel/ros2_ws_mgr/src/install/ros_gz_interfaces/lib:${LD_LIBRARY_PATH} PYTHONPATH=/home/vvoxel/ros2_ws_mgr/src/install/ros_gz_bridge/lib/python3.12/site-packages:/home/vvoxel/ros2_ws_mgr/src/install/ros_gz_sim/lib/python3.12/site-packages:/home/vvoxel/ros2_ws_mgr/src/install/ros_gz_interfaces/lib/python3.12/site-packages:${PYTHONPATH} /usr/bin/cmake --build /home/vvoxel/ros2_ws_mgr/src/build/ros_gz_sim_demos -- -j8 -l8
[2.016s] Invoking command in '/home/vvoxel/ros2_ws_mgr/src/build/ros_gz_sim_demos': AMENT_PREFIX_PATH=/home/vvoxel/ros2_ws_mgr/src/install/ros_gz_image:/home/vvoxel/ros2_ws_mgr/src/install/ros_gz_bridge:/home/vvoxel/ros2_ws_mgr/src/install/ros_gz_sim:/home/vvoxel/ros2_ws_mgr/src/install/ros_gz_interfaces:${AMENT_PREFIX_PATH} CMAKE_PREFIX_PATH=/home/vvoxel/ros2_ws_mgr/src/install/ros_gz_image:/home/vvoxel/ros2_ws_mgr/src/install/ros_gz_bridge:/home/vvoxel/ros2_ws_mgr/src/install/ros_gz_sim:/home/vvoxel/ros2_ws_mgr/src/install/ros_gz_interfaces:/home/vvoxel/ros2_ws_mgr/install/test_ros_gz_bridge:/home/vvoxel/ros2_ws_mgr/install/ros_gz:/home/vvoxel/ros2_ws_mgr/install/ros_gz_sim_demos:/home/vvoxel/ros2_ws_mgr/install/ros_gz_sim:/home/vvoxel/ros2_ws_mgr/install/ros_gz_image:/home/vvoxel/ros2_ws_mgr/install/ros_gz_bridge:/home/vvoxel/ros2_ws_mgr/install/ros_gz_interfaces:/home/vvoxel/ros2_ws_mgr/install/realsense2_description:/home/vvoxel/ros2_ws_mgr/install/realsense2_camera:/home/vvoxel/ros2_ws_mgr/install/realsense2_camera_msgs:/home/vvoxel/ros2_ws_mgr/install/mtracker:/home/vvoxel/ros2_ws_mgr/install/g2o:/home/vvoxel/ros2_ws_mgr/install/apriltag:/home/vvoxel/ros2_ws_mgr/install/anglecalc:/opt/ros/jazzy/opt/gz_sim_vendor:/opt/ros/jazzy/opt/gz_sensors_vendor:/opt/ros/jazzy/opt/gz_physics_vendor:/opt/ros/jazzy/opt/sdformat_vendor:/opt/ros/jazzy/opt/gz_gui_vendor:/opt/ros/jazzy/opt/gz_transport_vendor:/opt/ros/jazzy/opt/gz_rendering_vendor:/opt/ros/jazzy/opt/gz_plugin_vendor:/opt/ros/jazzy/opt/gz_fuel_tools_vendor:/opt/ros/jazzy/opt/gz_msgs_vendor:/opt/ros/jazzy/opt/gz_common_vendor:/opt/ros/jazzy/opt/gz_math_vendor:/opt/ros/jazzy/opt/gz_utils_vendor:/opt/ros/jazzy/opt/gz_tools_vendor:/opt/ros/jazzy/opt/gz_ogre_next_vendor:/opt/ros/jazzy/opt/gz_dartsim_vendor:/opt/ros/jazzy/opt/gz_cmake_vendor:/opt/ros/jazzy DEBUGINFOD_URLS=https://debuginfod.ubuntu.com LD_LIBRARY_PATH=/home/vvoxel/ros2_ws_mgr/src/install/ros_gz_bridge/lib:/home/vvoxel/ros2_ws_mgr/src/install/ros_gz_sim/lib:/home/vvoxel/ros2_ws_mgr/src/install/ros_gz_interfaces/lib:${LD_LIBRARY_PATH} PYTHONPATH=/home/vvoxel/ros2_ws_mgr/src/install/ros_gz_bridge/lib/python3.12/site-packages:/home/vvoxel/ros2_ws_mgr/src/install/ros_gz_sim/lib/python3.12/site-packages:/home/vvoxel/ros2_ws_mgr/src/install/ros_gz_interfaces/lib/python3.12/site-packages:${PYTHONPATH} /usr/bin/cmake --install /home/vvoxel/ros2_ws_mgr/src/build/ros_gz_sim_demos
[2.033s] -- Install configuration: ""
[2.033s] -- Installing: /home/vvoxel/ros2_ws_mgr/src/install/ros_gz_sim_demos/share/ros_gz_sim_demos/launch
[2.033s] -- Installing: /home/vvoxel/ros2_ws_mgr/src/install/ros_gz_sim_demos/share/ros_gz_sim_demos/launch/imu.launch.py
[2.043s] -- Installing: /home/vvoxel/ros2_ws_mgr/src/install/ros_gz_sim_demos/share/ros_gz_sim_demos/launch/triggered_camera.launch.py
[2.043s] -- Installing: /home/vvoxel/ros2_ws_mgr/src/install/ros_gz_sim_demos/share/ros_gz_sim_demos/launch/rgbd_camera_bridge.launch.py
[2.043s] -- Installing: /home/vvoxel/ros2_ws_mgr/src/install/ros_gz_sim_demos/share/ros_gz_sim_demos/launch/magnetometer.launch.py
[2.043s] -- Installing: /home/vvoxel/ros2_ws_mgr/src/install/ros_gz_sim_demos/share/ros_gz_sim_demos/launch/depth_camera.launch.py
[2.044s] -- Installing: /home/vvoxel/ros2_ws_mgr/src/install/ros_gz_sim_demos/share/ros_gz_sim_demos/launch/image_bridge.launch.py
[2.044s] -- Installing: /home/vvoxel/ros2_ws_mgr/src/install/ros_gz_sim_demos/share/ros_gz_sim_demos/launch/rgbd_camera.launch.py
[2.044s] -- Installing: /home/vvoxel/ros2_ws_mgr/src/install/ros_gz_sim_demos/share/ros_gz_sim_demos/launch/gpu_lidar.launch.py
[2.044s] -- Installing: /home/vvoxel/ros2_ws_mgr/src/install/ros_gz_sim_demos/share/ros_gz_sim_demos/launch/air_pressure.launch.py
[2.044s] -- Installing: /home/vvoxel/ros2_ws_mgr/src/install/ros_gz_sim_demos/share/ros_gz_sim_demos/launch/battery.launch.py
[2.045s] -- Installing: /home/vvoxel/ros2_ws_mgr/src/install/ros_gz_sim_demos/share/ros_gz_sim_demos/launch/sdf_parser.launch.py
[2.046s] -- Installing: /home/vvoxel/ros2_ws_mgr/src/install/ros_gz_sim_demos/share/ros_gz_sim_demos/launch/diff_drive.launch.py
[2.047s] -- Installing: /home/vvoxel/ros2_ws_mgr/src/install/ros_gz_sim_demos/share/ros_gz_sim_demos/launch/navsat_gpsfix.launch.py
[2.047s] -- Installing: /home/vvoxel/ros2_ws_mgr/src/install/ros_gz_sim_demos/share/ros_gz_sim_demos/launch/tf_bridge.launch.py
[2.047s] -- Installing: /home/vvoxel/ros2_ws_mgr/src/install/ros_gz_sim_demos/share/ros_gz_sim_demos/launch/robot_description_publisher.launch.py
[2.047s] -- Installing: /home/vvoxel/ros2_ws_mgr/src/install/ros_gz_sim_demos/share/ros_gz_sim_demos/launch/joint_states.launch.py
[2.047s] -- Installing: /home/vvoxel/ros2_ws_mgr/src/install/ros_gz_sim_demos/share/ros_gz_sim_demos/launch/gpu_lidar_bridge.launch.py
[2.047s] -- Installing: /home/vvoxel/ros2_ws_mgr/src/install/ros_gz_sim_demos/share/ros_gz_sim_demos/launch/camera.launch.py
[2.048s] -- Installing: /home/vvoxel/ros2_ws_mgr/src/install/ros_gz_sim_demos/share/ros_gz_sim_demos/launch/navsat.launch.py
[2.048s] -- Installing: /home/vvoxel/ros2_ws_mgr/src/install/ros_gz_sim_demos/share/ros_gz_sim_demos/rviz
[2.048s] -- Installing: /home/vvoxel/ros2_ws_mgr/src/install/ros_gz_sim_demos/share/ros_gz_sim_demos/rviz/depth_camera.rviz
[2.048s] -- Installing: /home/vvoxel/ros2_ws_mgr/src/install/ros_gz_sim_demos/share/ros_gz_sim_demos/rviz/vehicle.rviz
[2.048s] -- Installing: /home/vvoxel/ros2_ws_mgr/src/install/ros_gz_sim_demos/share/ros_gz_sim_demos/rviz/robot_description_publisher.rviz
[2.049s] -- Installing: /home/vvoxel/ros2_ws_mgr/src/install/ros_gz_sim_demos/share/ros_gz_sim_demos/rviz/gpu_lidar.rviz
[2.049s] -- Installing: /home/vvoxel/ros2_ws_mgr/src/install/ros_gz_sim_demos/share/ros_gz_sim_demos/rviz/diff_drive.rviz
[2.049s] -- Installing: /home/vvoxel/ros2_ws_mgr/src/install/ros_gz_sim_demos/share/ros_gz_sim_demos/rviz/imu.rviz
[2.049s] -- Installing: /home/vvoxel/ros2_ws_mgr/src/install/ros_gz_sim_demos/share/ros_gz_sim_demos/rviz/rgbd_camera_bridge.rviz
[2.050s] -- Installing: /home/vvoxel/ros2_ws_mgr/src/install/ros_gz_sim_demos/share/ros_gz_sim_demos/rviz/rgbd_camera.rviz
[2.050s] -- Installing: /home/vvoxel/ros2_ws_mgr/src/install/ros_gz_sim_demos/share/ros_gz_sim_demos/rviz/tf_bridge.rviz
[2.050s] -- Installing: /home/vvoxel/ros2_ws_mgr/src/install/ros_gz_sim_demos/share/ros_gz_sim_demos/rviz/camera.rviz
[2.050s] -- Installing: /home/vvoxel/ros2_ws_mgr/src/install/ros_gz_sim_demos/share/ros_gz_sim_demos/rviz/joint_states.rviz
[2.050s] -- Installing: /home/vvoxel/ros2_ws_mgr/src/install/ros_gz_sim_demos/share/ros_gz_sim_demos/rviz/gpu_lidar_bridge.rviz
[2.050s] -- Installing: /home/vvoxel/ros2_ws_mgr/src/install/ros_gz_sim_demos/share/ros_gz_sim_demos/models
[2.051s] -- Installing: /home/vvoxel/ros2_ws_mgr/src/install/ros_gz_sim_demos/share/ros_gz_sim_demos/models/double_pendulum_model.sdf
[2.051s] -- Installing: /home/vvoxel/ros2_ws_mgr/src/install/ros_gz_sim_demos/share/ros_gz_sim_demos/models/vehicle
[2.051s] -- Installing: /home/vvoxel/ros2_ws_mgr/src/install/ros_gz_sim_demos/share/ros_gz_sim_demos/models/vehicle/model.sdf
[2.051s] -- Installing: /home/vvoxel/ros2_ws_mgr/src/install/ros_gz_sim_demos/share/ros_gz_sim_demos/models/vehicle/model.config
[2.052s] -- Installing: /home/vvoxel/ros2_ws_mgr/src/install/ros_gz_sim_demos/share/ros_gz_sim_demos/models/rrbot.xacro
[2.052s] -- Installing: /home/vvoxel/ros2_ws_mgr/src/install/ros_gz_sim_demos/share/ros_gz_sim_demos/worlds
[2.053s] -- Installing: /home/vvoxel/ros2_ws_mgr/src/install/ros_gz_sim_demos/share/ros_gz_sim_demos/worlds/vehicle.sdf
[2.054s] -- Installing: /home/vvoxel/ros2_ws_mgr/src/install/ros_gz_sim_demos/share/ros_gz_sim_demos/environment/ros_gz_sim_demos.dsv
[2.054s] -- Installing: /home/vvoxel/ros2_ws_mgr/src/install/ros_gz_sim_demos/share/ament_index/resource_index/package_run_dependencies/ros_gz_sim_demos
[2.054s] -- Installing: /home/vvoxel/ros2_ws_mgr/src/install/ros_gz_sim_demos/share/ament_index/resource_index/parent_prefix_path/ros_gz_sim_demos
[2.054s] -- Installing: /home/vvoxel/ros2_ws_mgr/src/install/ros_gz_sim_demos/share/ros_gz_sim_demos/environment/ament_prefix_path.sh
[2.055s] -- Installing: /home/vvoxel/ros2_ws_mgr/src/install/ros_gz_sim_demos/share/ros_gz_sim_demos/environment/ament_prefix_path.dsv
[2.055s] -- Installing: /home/vvoxel/ros2_ws_mgr/src/install/ros_gz_sim_demos/share/ros_gz_sim_demos/environment/path.sh
[2.055s] -- Installing: /home/vvoxel/ros2_ws_mgr/src/install/ros_gz_sim_demos/share/ros_gz_sim_demos/environment/path.dsv
[2.055s] -- Installing: /home/vvoxel/ros2_ws_mgr/src/install/ros_gz_sim_demos/share/ros_gz_sim_demos/local_setup.bash
[2.055s] -- Installing: /home/vvoxel/ros2_ws_mgr/src/install/ros_gz_sim_demos/share/ros_gz_sim_demos/local_setup.sh
[2.056s] -- Installing: /home/vvoxel/ros2_ws_mgr/src/install/ros_gz_sim_demos/share/ros_gz_sim_demos/local_setup.zsh
[2.056s] -- Installing: /home/vvoxel/ros2_ws_mgr/src/install/ros_gz_sim_demos/share/ros_gz_sim_demos/local_setup.dsv
[2.056s] -- Installing: /home/vvoxel/ros2_ws_mgr/src/install/ros_gz_sim_demos/share/ros_gz_sim_demos/package.dsv
[2.056s] -- Installing: /home/vvoxel/ros2_ws_mgr/src/install/ros_gz_sim_demos/share/ament_index/resource_index/packages/ros_gz_sim_demos
[2.057s] -- Installing: /home/vvoxel/ros2_ws_mgr/src/install/ros_gz_sim_demos/share/ros_gz_sim_demos/cmake/ros_gz_sim_demosConfig.cmake
[2.057s] -- Installing: /home/vvoxel/ros2_ws_mgr/src/install/ros_gz_sim_demos/share/ros_gz_sim_demos/cmake/ros_gz_sim_demosConfig-version.cmake
[2.057s] -- Installing: /home/vvoxel/ros2_ws_mgr/src/install/ros_gz_sim_demos/share/ros_gz_sim_demos/package.xml
[2.061s] Invoked command in '/home/vvoxel/ros2_ws_mgr/src/build/ros_gz_sim_demos' returned '0': AMENT_PREFIX_PATH=/home/vvoxel/ros2_ws_mgr/src/install/ros_gz_image:/home/vvoxel/ros2_ws_mgr/src/install/ros_gz_bridge:/home/vvoxel/ros2_ws_mgr/src/install/ros_gz_sim:/home/vvoxel/ros2_ws_mgr/src/install/ros_gz_interfaces:${AMENT_PREFIX_PATH} CMAKE_PREFIX_PATH=/home/vvoxel/ros2_ws_mgr/src/install/ros_gz_image:/home/vvoxel/ros2_ws_mgr/src/install/ros_gz_bridge:/home/vvoxel/ros2_ws_mgr/src/install/ros_gz_sim:/home/vvoxel/ros2_ws_mgr/src/install/ros_gz_interfaces:/home/vvoxel/ros2_ws_mgr/install/test_ros_gz_bridge:/home/vvoxel/ros2_ws_mgr/install/ros_gz:/home/vvoxel/ros2_ws_mgr/install/ros_gz_sim_demos:/home/vvoxel/ros2_ws_mgr/install/ros_gz_sim:/home/vvoxel/ros2_ws_mgr/install/ros_gz_image:/home/vvoxel/ros2_ws_mgr/install/ros_gz_bridge:/home/vvoxel/ros2_ws_mgr/install/ros_gz_interfaces:/home/vvoxel/ros2_ws_mgr/install/realsense2_description:/home/vvoxel/ros2_ws_mgr/install/realsense2_camera:/home/vvoxel/ros2_ws_mgr/install/realsense2_camera_msgs:/home/vvoxel/ros2_ws_mgr/install/mtracker:/home/vvoxel/ros2_ws_mgr/install/g2o:/home/vvoxel/ros2_ws_mgr/install/apriltag:/home/vvoxel/ros2_ws_mgr/install/anglecalc:/opt/ros/jazzy/opt/gz_sim_vendor:/opt/ros/jazzy/opt/gz_sensors_vendor:/opt/ros/jazzy/opt/gz_physics_vendor:/opt/ros/jazzy/opt/sdformat_vendor:/opt/ros/jazzy/opt/gz_gui_vendor:/opt/ros/jazzy/opt/gz_transport_vendor:/opt/ros/jazzy/opt/gz_rendering_vendor:/opt/ros/jazzy/opt/gz_plugin_vendor:/opt/ros/jazzy/opt/gz_fuel_tools_vendor:/opt/ros/jazzy/opt/gz_msgs_vendor:/opt/ros/jazzy/opt/gz_common_vendor:/opt/ros/jazzy/opt/gz_math_vendor:/opt/ros/jazzy/opt/gz_utils_vendor:/opt/ros/jazzy/opt/gz_tools_vendor:/opt/ros/jazzy/opt/gz_ogre_next_vendor:/opt/ros/jazzy/opt/gz_dartsim_vendor:/opt/ros/jazzy/opt/gz_cmake_vendor:/opt/ros/jazzy DEBUGINFOD_URLS=https://debuginfod.ubuntu.com LD_LIBRARY_PATH=/home/vvoxel/ros2_ws_mgr/src/install/ros_gz_bridge/lib:/home/vvoxel/ros2_ws_mgr/src/install/ros_gz_sim/lib:/home/vvoxel/ros2_ws_mgr/src/install/ros_gz_interfaces/lib:${LD_LIBRARY_PATH} PYTHONPATH=/home/vvoxel/ros2_ws_mgr/src/install/ros_gz_bridge/lib/python3.12/site-packages:/home/vvoxel/ros2_ws_mgr/src/install/ros_gz_sim/lib/python3.12/site-packages:/home/vvoxel/ros2_ws_mgr/src/install/ros_gz_interfaces/lib/python3.12/site-packages:${PYTHONPATH} /usr/bin/cmake --install /home/vvoxel/ros2_ws_mgr/src/build/ros_gz_sim_demos
