[0.048s] Invoking command in '/home/vvoxel/ros2_ws_mgr/build/mtracker': CMAKE_PREFIX_PATH=/home/vvoxel/ros2_ws_mgr/install/test_ros_gz_bridge:/home/vvoxel/ros2_ws_mgr/install/sim_launcher:/opt/ros/jazzy:/home/vvoxel/ros2_ws_mgr/install/slam:/home/vvoxel/ros2_ws_mgr/install/ros_gz:/home/vvoxel/ros2_ws_mgr/install/ros_gz_sim_demos:/home/vvoxel/ros2_ws_mgr/install/ros_gz_sim:/home/vvoxel/ros2_ws_mgr/install/ros_gz_image:/home/vvoxel/ros2_ws_mgr/install/ros_gz_bridge:/home/vvoxel/ros2_ws_mgr/install/ros_gz_interfaces:/home/vvoxel/ros2_ws_mgr/install/realsense2_description:/home/vvoxel/ros2_ws_mgr/install/realsense2_camera:/home/vvoxel/ros2_ws_mgr/install/realsense2_camera_msgs:/home/vvoxel/ros2_ws_mgr/install/mtracker:/home/vvoxel/ros2_ws_mgr/install/g2o:/home/vvoxel/ros2_ws_mgr/install/apriltag_ros:/home/vvoxel/ros2_ws_mgr/install/apriltag_msgs:/home/vvoxel/ros2_ws_mgr/install/apriltag:/home/vvoxel/ros2_ws_mgr/install/anglecalc:/opt/ros/jazzy/opt/gz_sim_vendor:/opt/ros/jazzy/opt/gz_sensors_vendor:/opt/ros/jazzy/opt/gz_physics_vendor:/opt/ros/jazzy/opt/sdformat_vendor:/opt/ros/jazzy/opt/gz_gui_vendor:/opt/ros/jazzy/opt/gz_transport_vendor:/opt/ros/jazzy/opt/gz_rendering_vendor:/opt/ros/jazzy/opt/gz_plugin_vendor:/opt/ros/jazzy/opt/gz_fuel_tools_vendor:/opt/ros/jazzy/opt/gz_msgs_vendor:/opt/ros/jazzy/opt/gz_common_vendor:/opt/ros/jazzy/opt/gz_math_vendor:/opt/ros/jazzy/opt/gz_utils_vendor:/opt/ros/jazzy/opt/gz_tools_vendor:/opt/ros/jazzy/opt/gz_ogre_next_vendor:/opt/ros/jazzy/opt/gz_dartsim_vendor:/opt/ros/jazzy/opt/gz_cmake_vendor DEBUGINFOD_URLS=https://debuginfod.ubuntu.com /usr/bin/cmake --build /home/vvoxel/ros2_ws_mgr/build/mtracker -- -j8 -l8
[1.604s] [  2%] Built target mtracker__rosidl_generator_type_description
[1.606s] [  2%] Built target ament_cmake_python_symlink_mtracker
[1.606s] [  7%] Built target controller
[1.606s] [ 12%] Built target mtracker_joy
[1.606s] [ 14%] Built target mtracker__cpp
[1.606s] [ 26%] Built target mtracker__rosidl_generator_c
[1.606s] [ 34%] Built target mtracker__rosidl_typesupport_c
[1.606s] [ 41%] Built target mtracker__rosidl_typesupport_introspection_cpp
[1.606s] [ 48%] Built target mtracker__rosidl_typesupport_cpp
[1.606s] [ 56%] Built target mtracker__rosidl_typesupport_fastrtps_cpp
[1.606s] [ 63%] Built target mtracker__rosidl_typesupport_fastrtps_c
[1.607s] [ 70%] Built target mtracker__rosidl_typesupport_introspection_c
[1.607s] [ 70%] Built target mtracker
[1.607s] [ 78%] Built target mtracker_drv
[1.607s] [ 80%] Built target mtracker__py
[1.607s] [ 85%] Built target mtracker__rosidl_generator_py
[1.607s] [ 90%] Built target mtracker_s__rosidl_typesupport_introspection_c
[1.607s] [ 95%] Built target mtracker_s__rosidl_typesupport_c
[1.607s] running egg_info
[1.607s] [100%] Built target mtracker_s__rosidl_typesupport_fastrtps_c
[1.607s] writing mtracker.egg-info/PKG-INFO
[1.608s] writing dependency_links to mtracker.egg-info/dependency_links.txt
[1.608s] writing top-level names to mtracker.egg-info/top_level.txt
[1.608s] reading manifest file 'mtracker.egg-info/SOURCES.txt'
[1.608s] writing manifest file 'mtracker.egg-info/SOURCES.txt'
[1.608s] [100%] Built target ament_cmake_python_build_mtracker_egg
[1.613s] Invoked command in '/home/vvoxel/ros2_ws_mgr/build/mtracker' returned '0': CMAKE_PREFIX_PATH=/home/vvoxel/ros2_ws_mgr/install/test_ros_gz_bridge:/home/vvoxel/ros2_ws_mgr/install/sim_launcher:/opt/ros/jazzy:/home/vvoxel/ros2_ws_mgr/install/slam:/home/vvoxel/ros2_ws_mgr/install/ros_gz:/home/vvoxel/ros2_ws_mgr/install/ros_gz_sim_demos:/home/vvoxel/ros2_ws_mgr/install/ros_gz_sim:/home/vvoxel/ros2_ws_mgr/install/ros_gz_image:/home/vvoxel/ros2_ws_mgr/install/ros_gz_bridge:/home/vvoxel/ros2_ws_mgr/install/ros_gz_interfaces:/home/vvoxel/ros2_ws_mgr/install/realsense2_description:/home/vvoxel/ros2_ws_mgr/install/realsense2_camera:/home/vvoxel/ros2_ws_mgr/install/realsense2_camera_msgs:/home/vvoxel/ros2_ws_mgr/install/mtracker:/home/vvoxel/ros2_ws_mgr/install/g2o:/home/vvoxel/ros2_ws_mgr/install/apriltag_ros:/home/vvoxel/ros2_ws_mgr/install/apriltag_msgs:/home/vvoxel/ros2_ws_mgr/install/apriltag:/home/vvoxel/ros2_ws_mgr/install/anglecalc:/opt/ros/jazzy/opt/gz_sim_vendor:/opt/ros/jazzy/opt/gz_sensors_vendor:/opt/ros/jazzy/opt/gz_physics_vendor:/opt/ros/jazzy/opt/sdformat_vendor:/opt/ros/jazzy/opt/gz_gui_vendor:/opt/ros/jazzy/opt/gz_transport_vendor:/opt/ros/jazzy/opt/gz_rendering_vendor:/opt/ros/jazzy/opt/gz_plugin_vendor:/opt/ros/jazzy/opt/gz_fuel_tools_vendor:/opt/ros/jazzy/opt/gz_msgs_vendor:/opt/ros/jazzy/opt/gz_common_vendor:/opt/ros/jazzy/opt/gz_math_vendor:/opt/ros/jazzy/opt/gz_utils_vendor:/opt/ros/jazzy/opt/gz_tools_vendor:/opt/ros/jazzy/opt/gz_ogre_next_vendor:/opt/ros/jazzy/opt/gz_dartsim_vendor:/opt/ros/jazzy/opt/gz_cmake_vendor DEBUGINFOD_URLS=https://debuginfod.ubuntu.com /usr/bin/cmake --build /home/vvoxel/ros2_ws_mgr/build/mtracker -- -j8 -l8
[1.615s] Invoking command in '/home/vvoxel/ros2_ws_mgr/build/mtracker': CMAKE_PREFIX_PATH=/home/vvoxel/ros2_ws_mgr/install/test_ros_gz_bridge:/home/vvoxel/ros2_ws_mgr/install/sim_launcher:/opt/ros/jazzy:/home/vvoxel/ros2_ws_mgr/install/slam:/home/vvoxel/ros2_ws_mgr/install/ros_gz:/home/vvoxel/ros2_ws_mgr/install/ros_gz_sim_demos:/home/vvoxel/ros2_ws_mgr/install/ros_gz_sim:/home/vvoxel/ros2_ws_mgr/install/ros_gz_image:/home/vvoxel/ros2_ws_mgr/install/ros_gz_bridge:/home/vvoxel/ros2_ws_mgr/install/ros_gz_interfaces:/home/vvoxel/ros2_ws_mgr/install/realsense2_description:/home/vvoxel/ros2_ws_mgr/install/realsense2_camera:/home/vvoxel/ros2_ws_mgr/install/realsense2_camera_msgs:/home/vvoxel/ros2_ws_mgr/install/mtracker:/home/vvoxel/ros2_ws_mgr/install/g2o:/home/vvoxel/ros2_ws_mgr/install/apriltag_ros:/home/vvoxel/ros2_ws_mgr/install/apriltag_msgs:/home/vvoxel/ros2_ws_mgr/install/apriltag:/home/vvoxel/ros2_ws_mgr/install/anglecalc:/opt/ros/jazzy/opt/gz_sim_vendor:/opt/ros/jazzy/opt/gz_sensors_vendor:/opt/ros/jazzy/opt/gz_physics_vendor:/opt/ros/jazzy/opt/sdformat_vendor:/opt/ros/jazzy/opt/gz_gui_vendor:/opt/ros/jazzy/opt/gz_transport_vendor:/opt/ros/jazzy/opt/gz_rendering_vendor:/opt/ros/jazzy/opt/gz_plugin_vendor:/opt/ros/jazzy/opt/gz_fuel_tools_vendor:/opt/ros/jazzy/opt/gz_msgs_vendor:/opt/ros/jazzy/opt/gz_common_vendor:/opt/ros/jazzy/opt/gz_math_vendor:/opt/ros/jazzy/opt/gz_utils_vendor:/opt/ros/jazzy/opt/gz_tools_vendor:/opt/ros/jazzy/opt/gz_ogre_next_vendor:/opt/ros/jazzy/opt/gz_dartsim_vendor:/opt/ros/jazzy/opt/gz_cmake_vendor DEBUGINFOD_URLS=https://debuginfod.ubuntu.com /usr/bin/cmake --install /home/vvoxel/ros2_ws_mgr/build/mtracker
[1.650s] -- Install configuration: ""
[1.650s] -- Execute custom install script
[1.651s] -- Up-to-date symlink: /home/vvoxel/ros2_ws_mgr/install/mtracker/share/mtracker//launch/mtracker_master.launch.py
[1.651s] -- Up-to-date symlink: /home/vvoxel/ros2_ws_mgr/install/mtracker/share/mtracker//launch/mtracker_remote.launch
[1.651s] -- Up-to-date symlink: /home/vvoxel/ros2_ws_mgr/install/mtracker/share/ament_index/resource_index/rosidl_interfaces/mtracker
[1.651s] -- Up-to-date symlink: /home/vvoxel/ros2_ws_mgr/install/mtracker/share/mtracker/srv/Trigger.json
[1.651s] -- Up-to-date symlink: /home/vvoxel/ros2_ws_mgr/install/mtracker/include/mtracker/mtracker/msg/rosidl_generator_c__visibility_control.h
[1.652s] -- Up-to-date symlink: /home/vvoxel/ros2_ws_mgr/install/mtracker/include/mtracker/mtracker/srv/detail/trigger__functions.h
[1.652s] -- Up-to-date symlink: /home/vvoxel/ros2_ws_mgr/install/mtracker/include/mtracker/mtracker/srv/detail/trigger__struct.h
[1.652s] -- Up-to-date symlink: /home/vvoxel/ros2_ws_mgr/install/mtracker/include/mtracker/mtracker/srv/detail/trigger__type_support.h
[1.652s] -- Up-to-date symlink: /home/vvoxel/ros2_ws_mgr/install/mtracker/include/mtracker/mtracker/srv/trigger.h
[1.652s] -- Up-to-date symlink: /home/vvoxel/ros2_ws_mgr/install/mtracker/share/mtracker/environment/library_path.sh
[1.653s] -- Up-to-date symlink: /home/vvoxel/ros2_ws_mgr/install/mtracker/share/mtracker/environment/library_path.dsv
[1.653s] -- Up-to-date symlink: /home/vvoxel/ros2_ws_mgr/install/mtracker/include/mtracker/mtracker/msg/rosidl_typesupport_fastrtps_c__visibility_control.h
[1.653s] -- Up-to-date symlink: /home/vvoxel/ros2_ws_mgr/install/mtracker/include/mtracker/mtracker/srv/detail/trigger__rosidl_typesupport_fastrtps_c.h
[1.653s] -- Up-to-date symlink: /home/vvoxel/ros2_ws_mgr/install/mtracker/include/mtracker/mtracker/msg/rosidl_generator_cpp__visibility_control.hpp
[1.653s] -- Up-to-date symlink: /home/vvoxel/ros2_ws_mgr/install/mtracker/include/mtracker/mtracker/srv/detail/trigger__builder.hpp
[1.654s] -- Up-to-date symlink: /home/vvoxel/ros2_ws_mgr/install/mtracker/include/mtracker/mtracker/srv/detail/trigger__struct.hpp
[1.654s] -- Up-to-date symlink: /home/vvoxel/ros2_ws_mgr/install/mtracker/include/mtracker/mtracker/srv/detail/trigger__traits.hpp
[1.654s] -- Up-to-date symlink: /home/vvoxel/ros2_ws_mgr/install/mtracker/include/mtracker/mtracker/srv/detail/trigger__type_support.hpp
[1.654s] -- Up-to-date symlink: /home/vvoxel/ros2_ws_mgr/install/mtracker/include/mtracker/mtracker/srv/trigger.hpp
[1.655s] -- Up-to-date symlink: /home/vvoxel/ros2_ws_mgr/install/mtracker/include/mtracker/mtracker/msg/rosidl_typesupport_fastrtps_cpp__visibility_control.h
[1.655s] -- Up-to-date symlink: /home/vvoxel/ros2_ws_mgr/install/mtracker/include/mtracker/mtracker/srv/detail/trigger__rosidl_typesupport_fastrtps_cpp.hpp
[1.656s] -- Up-to-date symlink: /home/vvoxel/ros2_ws_mgr/install/mtracker/include/mtracker/mtracker/msg/rosidl_typesupport_introspection_c__visibility_control.h
[1.656s] -- Up-to-date symlink: /home/vvoxel/ros2_ws_mgr/install/mtracker/include/mtracker/mtracker/srv/detail/trigger__rosidl_typesupport_introspection_c.h
[1.657s] -- Up-to-date symlink: /home/vvoxel/ros2_ws_mgr/install/mtracker/include/mtracker/mtracker/srv/detail/trigger__rosidl_typesupport_introspection_cpp.hpp
[1.657s] -- Up-to-date symlink: /home/vvoxel/ros2_ws_mgr/install/mtracker/share/mtracker/environment/pythonpath.sh
[1.657s] -- Up-to-date symlink: /home/vvoxel/ros2_ws_mgr/install/mtracker/share/mtracker/environment/pythonpath.dsv
[1.658s] -- Up-to-date symlink: /home/vvoxel/ros2_ws_mgr/install/mtracker/lib/python3.12/site-packages/mtracker-0.0.0-py3.12.egg-info/PKG-INFO
[1.658s] -- Up-to-date symlink: /home/vvoxel/ros2_ws_mgr/install/mtracker/lib/python3.12/site-packages/mtracker-0.0.0-py3.12.egg-info/SOURCES.txt
[1.658s] -- Up-to-date symlink: /home/vvoxel/ros2_ws_mgr/install/mtracker/lib/python3.12/site-packages/mtracker-0.0.0-py3.12.egg-info/dependency_links.txt
[1.658s] -- Up-to-date symlink: /home/vvoxel/ros2_ws_mgr/install/mtracker/lib/python3.12/site-packages/mtracker-0.0.0-py3.12.egg-info/top_level.txt
[1.659s] -- Up-to-date symlink: /home/vvoxel/ros2_ws_mgr/install/mtracker/lib/python3.12/site-packages/mtracker/__init__.py
[1.659s] -- Up-to-date symlink: /home/vvoxel/ros2_ws_mgr/install/mtracker/lib/python3.12/site-packages/mtracker/_mtracker_s.ep.rosidl_typesupport_c.c
[1.659s] -- Up-to-date symlink: /home/vvoxel/ros2_ws_mgr/install/mtracker/lib/python3.12/site-packages/mtracker/_mtracker_s.ep.rosidl_typesupport_fastrtps_c.c
[1.659s] -- Up-to-date symlink: /home/vvoxel/ros2_ws_mgr/install/mtracker/lib/python3.12/site-packages/mtracker/_mtracker_s.ep.rosidl_typesupport_introspection_c.c
[1.659s] -- Up-to-date symlink: /home/vvoxel/ros2_ws_mgr/install/mtracker/lib/python3.12/site-packages/mtracker/mtracker_s__rosidl_typesupport_c.so
[1.660s] -- Up-to-date symlink: /home/vvoxel/ros2_ws_mgr/install/mtracker/lib/python3.12/site-packages/mtracker/mtracker_s__rosidl_typesupport_fastrtps_c.so
[1.660s] -- Up-to-date symlink: /home/vvoxel/ros2_ws_mgr/install/mtracker/lib/python3.12/site-packages/mtracker/mtracker_s__rosidl_typesupport_introspection_c.so
[1.660s] -- Up-to-date symlink: /home/vvoxel/ros2_ws_mgr/install/mtracker/lib/python3.12/site-packages/mtracker/srv/__init__.py
[1.660s] -- Up-to-date symlink: /home/vvoxel/ros2_ws_mgr/install/mtracker/lib/python3.12/site-packages/mtracker/srv/_trigger.py
[1.660s] -- Up-to-date symlink: /home/vvoxel/ros2_ws_mgr/install/mtracker/lib/python3.12/site-packages/mtracker/srv/_trigger_s.c
[1.660s] -- Up-to-date symlink: /home/vvoxel/ros2_ws_mgr/install/mtracker/lib/python3.12/site-packages/mtracker/mtracker_s__rosidl_typesupport_fastrtps_c.so
[1.661s] -- Up-to-date symlink: /home/vvoxel/ros2_ws_mgr/install/mtracker/lib/python3.12/site-packages/mtracker/mtracker_s__rosidl_typesupport_introspection_c.so
[1.661s] -- Up-to-date symlink: /home/vvoxel/ros2_ws_mgr/install/mtracker/lib/python3.12/site-packages/mtracker/mtracker_s__rosidl_typesupport_c.so
[1.661s] -- Up-to-date symlink: /home/vvoxel/ros2_ws_mgr/install/mtracker/share/mtracker/srv/Trigger.idl
[1.661s] -- Up-to-date symlink: /home/vvoxel/ros2_ws_mgr/install/mtracker/share/mtracker/srv/Trigger.srv
[1.661s] -- Up-to-date symlink: /home/vvoxel/ros2_ws_mgr/install/mtracker/lib/mtracker/mtracker_drv
[1.661s] -- Up-to-date symlink: /home/vvoxel/ros2_ws_mgr/install/mtracker/lib/mtracker/controller
[1.662s] -- Up-to-date symlink: /home/vvoxel/ros2_ws_mgr/install/mtracker/lib/mtracker/mtracker_joy
[1.662s] -- Up-to-date symlink: /home/vvoxel/ros2_ws_mgr/install/mtracker/share/ament_index/resource_index/package_run_dependencies/mtracker
[1.662s] -- Up-to-date symlink: /home/vvoxel/ros2_ws_mgr/install/mtracker/share/ament_index/resource_index/parent_prefix_path/mtracker
[1.662s] -- Up-to-date symlink: /home/vvoxel/ros2_ws_mgr/install/mtracker/share/mtracker/environment/ament_prefix_path.sh
[1.662s] -- Up-to-date symlink: /home/vvoxel/ros2_ws_mgr/install/mtracker/share/mtracker/environment/ament_prefix_path.dsv
[1.662s] -- Up-to-date symlink: /home/vvoxel/ros2_ws_mgr/install/mtracker/share/mtracker/environment/path.sh
[1.663s] -- Up-to-date symlink: /home/vvoxel/ros2_ws_mgr/install/mtracker/share/mtracker/environment/path.dsv
[1.664s] -- Up-to-date symlink: /home/vvoxel/ros2_ws_mgr/install/mtracker/share/mtracker/local_setup.bash
[1.664s] -- Up-to-date symlink: /home/vvoxel/ros2_ws_mgr/install/mtracker/share/mtracker/local_setup.sh
[1.664s] -- Up-to-date symlink: /home/vvoxel/ros2_ws_mgr/install/mtracker/share/mtracker/local_setup.zsh
[1.664s] -- Up-to-date symlink: /home/vvoxel/ros2_ws_mgr/install/mtracker/share/mtracker/local_setup.dsv
[1.665s] -- Symlinking: /home/vvoxel/ros2_ws_mgr/install/mtracker/share/mtracker/package.dsv
[1.665s] -- Up-to-date symlink: /home/vvoxel/ros2_ws_mgr/install/mtracker/share/ament_index/resource_index/packages/mtracker
[1.665s] -- Up-to-date symlink: /home/vvoxel/ros2_ws_mgr/install/mtracker/share/mtracker/cmake/rosidl_cmake-extras.cmake
[1.665s] -- Up-to-date symlink: /home/vvoxel/ros2_ws_mgr/install/mtracker/share/mtracker/cmake/ament_cmake_export_dependencies-extras.cmake
[1.665s] -- Up-to-date symlink: /home/vvoxel/ros2_ws_mgr/install/mtracker/share/mtracker/cmake/ament_cmake_export_include_directories-extras.cmake
[1.665s] -- Up-to-date symlink: /home/vvoxel/ros2_ws_mgr/install/mtracker/share/mtracker/cmake/ament_cmake_export_libraries-extras.cmake
[1.665s] -- Up-to-date symlink: /home/vvoxel/ros2_ws_mgr/install/mtracker/share/mtracker/cmake/ament_cmake_export_targets-extras.cmake
[1.665s] -- Up-to-date symlink: /home/vvoxel/ros2_ws_mgr/install/mtracker/share/mtracker/cmake/rosidl_cmake_export_typesupport_targets-extras.cmake
[1.665s] -- Up-to-date symlink: /home/vvoxel/ros2_ws_mgr/install/mtracker/share/mtracker/cmake/rosidl_cmake_export_typesupport_libraries-extras.cmake
[1.665s] -- Up-to-date symlink: /home/vvoxel/ros2_ws_mgr/install/mtracker/share/mtracker/cmake/mtrackerConfig.cmake
[1.665s] -- Up-to-date symlink: /home/vvoxel/ros2_ws_mgr/install/mtracker/share/mtracker/cmake/mtrackerConfig-version.cmake
[1.665s] -- Up-to-date symlink: /home/vvoxel/ros2_ws_mgr/install/mtracker/share/mtracker/package.xml
[1.666s] -- Up-to-date: /home/vvoxel/ros2_ws_mgr/install/mtracker/lib/libmtracker__rosidl_generator_c.so
[1.666s] -- Up-to-date: /home/vvoxel/ros2_ws_mgr/install/mtracker/lib/libmtracker__rosidl_typesupport_fastrtps_c.so
[1.666s] -- Up-to-date: /home/vvoxel/ros2_ws_mgr/install/mtracker/lib/libmtracker__rosidl_typesupport_fastrtps_cpp.so
[1.666s] -- Up-to-date: /home/vvoxel/ros2_ws_mgr/install/mtracker/lib/libmtracker__rosidl_typesupport_introspection_c.so
[1.666s] -- Up-to-date: /home/vvoxel/ros2_ws_mgr/install/mtracker/lib/libmtracker__rosidl_typesupport_c.so
[1.666s] -- Up-to-date: /home/vvoxel/ros2_ws_mgr/install/mtracker/lib/libmtracker__rosidl_typesupport_introspection_cpp.so
[1.666s] -- Up-to-date: /home/vvoxel/ros2_ws_mgr/install/mtracker/lib/libmtracker__rosidl_typesupport_cpp.so
[1.752s] Listing '/home/vvoxel/ros2_ws_mgr/install/mtracker/lib/python3.12/site-packages/mtracker'...
[1.752s] Listing '/home/vvoxel/ros2_ws_mgr/install/mtracker/lib/python3.12/site-packages/mtracker/srv'...
[1.757s] -- Up-to-date: /home/vvoxel/ros2_ws_mgr/install/mtracker/lib/libmtracker__rosidl_generator_py.so
[1.757s] -- Up-to-date: /home/vvoxel/ros2_ws_mgr/install/mtracker/share/mtracker/cmake/export_mtracker__rosidl_generator_cExport.cmake
[1.758s] -- Up-to-date: /home/vvoxel/ros2_ws_mgr/install/mtracker/share/mtracker/cmake/export_mtracker__rosidl_generator_cExport-noconfig.cmake
[1.759s] -- Up-to-date: /home/vvoxel/ros2_ws_mgr/install/mtracker/share/mtracker/cmake/export_mtracker__rosidl_typesupport_fastrtps_cExport.cmake
[1.760s] -- Up-to-date: /home/vvoxel/ros2_ws_mgr/install/mtracker/share/mtracker/cmake/export_mtracker__rosidl_typesupport_fastrtps_cExport-noconfig.cmake
[1.760s] -- Up-to-date: /home/vvoxel/ros2_ws_mgr/install/mtracker/share/mtracker/cmake/export_mtracker__rosidl_generator_cppExport.cmake
[1.760s] -- Up-to-date: /home/vvoxel/ros2_ws_mgr/install/mtracker/share/mtracker/cmake/export_mtracker__rosidl_typesupport_fastrtps_cppExport.cmake
[1.760s] -- Up-to-date: /home/vvoxel/ros2_ws_mgr/install/mtracker/share/mtracker/cmake/export_mtracker__rosidl_typesupport_fastrtps_cppExport-noconfig.cmake
[1.760s] -- Up-to-date: /home/vvoxel/ros2_ws_mgr/install/mtracker/share/mtracker/cmake/mtracker__rosidl_typesupport_introspection_cExport.cmake
[1.761s] -- Up-to-date: /home/vvoxel/ros2_ws_mgr/install/mtracker/share/mtracker/cmake/mtracker__rosidl_typesupport_introspection_cExport-noconfig.cmake
[1.761s] -- Up-to-date: /home/vvoxel/ros2_ws_mgr/install/mtracker/share/mtracker/cmake/mtracker__rosidl_typesupport_cExport.cmake
[1.762s] -- Up-to-date: /home/vvoxel/ros2_ws_mgr/install/mtracker/share/mtracker/cmake/mtracker__rosidl_typesupport_cExport-noconfig.cmake
[1.762s] -- Up-to-date: /home/vvoxel/ros2_ws_mgr/install/mtracker/share/mtracker/cmake/mtracker__rosidl_typesupport_introspection_cppExport.cmake
[1.762s] -- Up-to-date: /home/vvoxel/ros2_ws_mgr/install/mtracker/share/mtracker/cmake/mtracker__rosidl_typesupport_introspection_cppExport-noconfig.cmake
[1.762s] -- Up-to-date: /home/vvoxel/ros2_ws_mgr/install/mtracker/share/mtracker/cmake/mtracker__rosidl_typesupport_cppExport.cmake
[1.762s] -- Up-to-date: /home/vvoxel/ros2_ws_mgr/install/mtracker/share/mtracker/cmake/mtracker__rosidl_typesupport_cppExport-noconfig.cmake
[1.762s] -- Up-to-date: /home/vvoxel/ros2_ws_mgr/install/mtracker/share/mtracker/cmake/export_mtracker__rosidl_generator_pyExport.cmake
[1.764s] -- Up-to-date: /home/vvoxel/ros2_ws_mgr/install/mtracker/share/mtracker/cmake/export_mtracker__rosidl_generator_pyExport-noconfig.cmake
[2.020s] Invoked command in '/home/vvoxel/ros2_ws_mgr/build/mtracker' returned '0': CMAKE_PREFIX_PATH=/home/vvoxel/ros2_ws_mgr/install/test_ros_gz_bridge:/home/vvoxel/ros2_ws_mgr/install/sim_launcher:/opt/ros/jazzy:/home/vvoxel/ros2_ws_mgr/install/slam:/home/vvoxel/ros2_ws_mgr/install/ros_gz:/home/vvoxel/ros2_ws_mgr/install/ros_gz_sim_demos:/home/vvoxel/ros2_ws_mgr/install/ros_gz_sim:/home/vvoxel/ros2_ws_mgr/install/ros_gz_image:/home/vvoxel/ros2_ws_mgr/install/ros_gz_bridge:/home/vvoxel/ros2_ws_mgr/install/ros_gz_interfaces:/home/vvoxel/ros2_ws_mgr/install/realsense2_description:/home/vvoxel/ros2_ws_mgr/install/realsense2_camera:/home/vvoxel/ros2_ws_mgr/install/realsense2_camera_msgs:/home/vvoxel/ros2_ws_mgr/install/mtracker:/home/vvoxel/ros2_ws_mgr/install/g2o:/home/vvoxel/ros2_ws_mgr/install/apriltag_ros:/home/vvoxel/ros2_ws_mgr/install/apriltag_msgs:/home/vvoxel/ros2_ws_mgr/install/apriltag:/home/vvoxel/ros2_ws_mgr/install/anglecalc:/opt/ros/jazzy/opt/gz_sim_vendor:/opt/ros/jazzy/opt/gz_sensors_vendor:/opt/ros/jazzy/opt/gz_physics_vendor:/opt/ros/jazzy/opt/sdformat_vendor:/opt/ros/jazzy/opt/gz_gui_vendor:/opt/ros/jazzy/opt/gz_transport_vendor:/opt/ros/jazzy/opt/gz_rendering_vendor:/opt/ros/jazzy/opt/gz_plugin_vendor:/opt/ros/jazzy/opt/gz_fuel_tools_vendor:/opt/ros/jazzy/opt/gz_msgs_vendor:/opt/ros/jazzy/opt/gz_common_vendor:/opt/ros/jazzy/opt/gz_math_vendor:/opt/ros/jazzy/opt/gz_utils_vendor:/opt/ros/jazzy/opt/gz_tools_vendor:/opt/ros/jazzy/opt/gz_ogre_next_vendor:/opt/ros/jazzy/opt/gz_dartsim_vendor:/opt/ros/jazzy/opt/gz_cmake_vendor DEBUGINFOD_URLS=https://debuginfod.ubuntu.com /usr/bin/cmake --install /home/vvoxel/ros2_ws_mgr/build/mtracker
